Output template: perf,%engine%,%impl%,%name%,%prb%,%Gops%,%+ctime%,%-time%,%-Gflops%,%0time%,%0Gflops%
perf,cpu,brg_matmul:avx512_core,,--mode=P --matmul 2048x2048:2048x2048,17.1799,0.850342,2.51367,6834.57,2.55231,6731.11
tests:1 passed:1 skipped:0 mistrusted:0 unimplemented:0 invalid_arguments:0 failed:0 listed:0
total perf: min(ms):2.51367 avg(ms):2.55231
total: 3.08s; fill: 0.04s (1%);
Output template: perf,%engine%,%impl%,%name%,%prb%,%Gops%,%+ctime%,%-time%,%-Gflops%,%0time%,%0Gflops%
perf,cpu,brg_matmul:avx512_core,,--mode=P --matmul 2048x2048:2048x2048,17.1799,0.471924,2.51562,6829.26,2.56954,6685.97
tests:1 passed:1 skipped:0 mistrusted:0 unimplemented:0 invalid_arguments:0 failed:0 listed:0
total perf: min(ms):2.51562 avg(ms):2.56954
total: 3.05s; fill: 0.02s (1%);
Output template: perf,%engine%,%impl%,%name%,%prb%,%Gops%,%+ctime%,%-time%,%-Gflops%,%0time%,%0Gflops%
perf,cpu,brg_matmul:avx512_core,,--mode=P --matmul 2048x2048:2048x2048,17.1799,0.461914,2.51294,6836.56,2.56783,6690.43
tests:1 passed:1 skipped:0 mistrusted:0 unimplemented:0 invalid_arguments:0 failed:0 listed:0
total perf: min(ms):2.51294 avg(ms):2.56783
total: 3.05s; fill: 0.02s (1%);
Output template: perf,%engine%,%impl%,%name%,%prb%,%Gops%,%+ctime%,%-time%,%-Gflops%,%0time%,%0Gflops%
perf,cpu,brg_matmul:avx512_core,,--mode=P --matmul 2048x2048:2048x2048,17.1799,0.506592,2.5166,6826.61,2.56881,6687.88
tests:1 passed:1 skipped:0 mistrusted:0 unimplemented:0 invalid_arguments:0 failed:0 listed:0
total perf: min(ms):2.5166 avg(ms):2.56881
total: 3.05s; fill: 0.02s (1%);
Output template: perf,%engine%,%impl%,%name%,%prb%,%Gops%,%+ctime%,%-time%,%-Gflops%,%0time%,%0Gflops%
perf,cpu,brg_matmul:avx512_core,,--mode=P --matmul 2048x2048:2048x2048,17.1799,0.5,2.51416,6833.24,2.56823,6689.38
tests:1 passed:1 skipped:0 mistrusted:0 unimplemented:0 invalid_arguments:0 failed:0 listed:0
total perf: min(ms):2.51416 avg(ms):2.56823
total: 3.05s; fill: 0.02s (1%);
Output template: perf,%engine%,%impl%,%name%,%prb%,%Gops%,%+ctime%,%-time%,%-Gflops%,%0time%,%0Gflops%
perf,cpu,brg_matmul:avx512_core,,--mode=P --matmul 2048x2048:2048x2048,17.1799,0.460205,2.51709,6825.29,2.56927,6686.68
tests:1 passed:1 skipped:0 mistrusted:0 unimplemented:0 invalid_arguments:0 failed:0 listed:0
total perf: min(ms):2.51709 avg(ms):2.56927
total: 3.05s; fill: 0.02s (1%);
Output template: perf,%engine%,%impl%,%name%,%prb%,%Gops%,%+ctime%,%-time%,%-Gflops%,%0time%,%0Gflops%
perf,cpu,brg_matmul:avx512_core,,--mode=P --matmul 2048x2048:2048x2048,17.1799,0.501953,2.51636,6827.28,2.5707,6682.95
tests:1 passed:1 skipped:0 mistrusted:0 unimplemented:0 invalid_arguments:0 failed:0 listed:0
total perf: min(ms):2.51636 avg(ms):2.5707
total: 3.05s; fill: 0.02s (1%);
Output template: perf,%engine%,%impl%,%name%,%prb%,%Gops%,%+ctime%,%-time%,%-Gflops%,%0time%,%0Gflops%
perf,cpu,brg_matmul:avx512_core,,--mode=P --matmul 2048x2048:2048x2048,17.1799,0.473633,2.51514,6830.59,2.5704,6683.73
tests:1 passed:1 skipped:0 mistrusted:0 unimplemented:0 invalid_arguments:0 failed:0 listed:0
total perf: min(ms):2.51514 avg(ms):2.5704
total: 3.05s; fill: 0.02s (1%);
Output template: perf,%engine%,%impl%,%name%,%prb%,%Gops%,%+ctime%,%-time%,%-Gflops%,%0time%,%0Gflops%
perf,cpu,brg_matmul:avx512_core,,--mode=P --matmul 2048x2048:2048x2048,17.1799,0.496826,2.51709,6825.29,2.56838,6689
tests:1 passed:1 skipped:0 mistrusted:0 unimplemented:0 invalid_arguments:0 failed:0 listed:0
total perf: min(ms):2.51709 avg(ms):2.56838
total: 3.05s; fill: 0.02s (1%);
Output template: perf,%engine%,%impl%,%name%,%prb%,%Gops%,%+ctime%,%-time%,%-Gflops%,%0time%,%0Gflops%
perf,cpu,brg_matmul:avx512_core,,--mode=P --matmul 2048x2048:2048x2048,17.1799,0.493408,2.51587,6828.6,2.56938,6686.38
tests:1 passed:1 skipped:0 mistrusted:0 unimplemented:0 invalid_arguments:0 failed:0 listed:0
total perf: min(ms):2.51587 avg(ms):2.56938
total: 3.05s; fill: 0.02s (1%);
Output template: perf,%engine%,%impl%,%name%,%prb%,%Gops%,%+ctime%,%-time%,%-Gflops%,%0time%,%0Gflops%
perf,cpu,brg_matmul:avx512_core,,--mode=P --matmul 2048x2048:2048x2048,17.1799,0.494629,2.51587,6828.6,2.57004,6684.68
tests:1 passed:1 skipped:0 mistrusted:0 unimplemented:0 invalid_arguments:0 failed:0 listed:0
total perf: min(ms):2.51587 avg(ms):2.57004
total: 3.05s; fill: 0.02s (1%);
Output template: perf,%engine%,%impl%,%name%,%prb%,%Gops%,%+ctime%,%-time%,%-Gflops%,%0time%,%0Gflops%
perf,cpu,brg_matmul:avx512_core,,--mode=P --matmul 2048x2048:2048x2048,17.1799,0.499268,2.51733,6824.63,2.57218,6679.12
tests:1 passed:1 skipped:0 mistrusted:0 unimplemented:0 invalid_arguments:0 failed:0 listed:0
total perf: min(ms):2.51733 avg(ms):2.57218
total: 3.05s; fill: 0.02s (1%);
Output template: perf,%engine%,%impl%,%name%,%prb%,%Gops%,%+ctime%,%-time%,%-Gflops%,%0time%,%0Gflops%
perf,cpu,brg_matmul:avx512_core,,--mode=P --matmul 2048x2048:2048x2048,17.1799,0.519287,2.51562,6829.26,2.5688,6687.9
tests:1 passed:1 skipped:0 mistrusted:0 unimplemented:0 invalid_arguments:0 failed:0 listed:0
total perf: min(ms):2.51562 avg(ms):2.5688
total: 3.05s; fill: 0.02s (1%);
Output template: perf,%engine%,%impl%,%name%,%prb%,%Gops%,%+ctime%,%-time%,%-Gflops%,%0time%,%0Gflops%
perf,cpu,brg_matmul:avx512_core,,--mode=P --matmul 2048x2048:2048x2048,17.1799,0.498779,2.51782,6823.3,2.56987,6685.11
tests:1 passed:1 skipped:0 mistrusted:0 unimplemented:0 invalid_arguments:0 failed:0 listed:0
total perf: min(ms):2.51782 avg(ms):2.56987
total: 3.05s; fill: 0.02s (1%);
Output template: perf,%engine%,%impl%,%name%,%prb%,%Gops%,%+ctime%,%-time%,%-Gflops%,%0time%,%0Gflops%
perf,cpu,brg_matmul:avx512_core,,--mode=P --matmul 2048x2048:2048x2048,17.1799,0.458984,2.51538,6829.93,2.56976,6685.39
tests:1 passed:1 skipped:0 mistrusted:0 unimplemented:0 invalid_arguments:0 failed:0 listed:0
total perf: min(ms):2.51538 avg(ms):2.56976
total: 3.05s; fill: 0.02s (1%);
Output template: perf,%engine%,%impl%,%name%,%prb%,%Gops%,%+ctime%,%-time%,%-Gflops%,%0time%,%0Gflops%
perf,cpu,brg_matmul:avx512_core,,--mode=P --matmul 2048x2048:2048x2048,17.1799,0.510742,2.51733,6824.63,2.57087,6682.51
tests:1 passed:1 skipped:0 mistrusted:0 unimplemented:0 invalid_arguments:0 failed:0 listed:0
total perf: min(ms):2.51733 avg(ms):2.57087
total: 3.05s; fill: 0.02s (1%);
Output template: perf,%engine%,%impl%,%name%,%prb%,%Gops%,%+ctime%,%-time%,%-Gflops%,%0time%,%0Gflops%
perf,cpu,brg_matmul:avx512_core,,--mode=P --matmul 2048x2048:2048x2048,17.1799,0.492432,2.51611,6827.94,2.57107,6681.99
tests:1 passed:1 skipped:0 mistrusted:0 unimplemented:0 invalid_arguments:0 failed:0 listed:0
total perf: min(ms):2.51611 avg(ms):2.57107
total: 3.05s; fill: 0.02s (1%);
Output template: perf,%engine%,%impl%,%name%,%prb%,%Gops%,%+ctime%,%-time%,%-Gflops%,%0time%,%0Gflops%
perf,cpu,brg_matmul:avx512_core,,--mode=P --matmul 2048x2048:2048x2048,17.1799,0.490723,2.51538,6829.93,2.56995,6684.9
tests:1 passed:1 skipped:0 mistrusted:0 unimplemented:0 invalid_arguments:0 failed:0 listed:0
total perf: min(ms):2.51538 avg(ms):2.56995
total: 3.05s; fill: 0.02s (1%);
Output template: perf,%engine%,%impl%,%name%,%prb%,%Gops%,%+ctime%,%-time%,%-Gflops%,%0time%,%0Gflops%
perf,cpu,brg_matmul:avx512_core,,--mode=P --matmul 2048x2048:2048x2048,17.1799,0.492188,2.51514,6830.59,2.57031,6683.96
tests:1 passed:1 skipped:0 mistrusted:0 unimplemented:0 invalid_arguments:0 failed:0 listed:0
total perf: min(ms):2.51514 avg(ms):2.57031
total: 3.05s; fill: 0.02s (1%);
Output template: perf,%engine%,%impl%,%name%,%prb%,%Gops%,%+ctime%,%-time%,%-Gflops%,%0time%,%0Gflops%
perf,cpu,brg_matmul:avx512_core,,--mode=P --matmul 2048x2048:2048x2048,17.1799,0.48584,2.51587,6828.6,2.57357,6675.51
tests:1 passed:1 skipped:0 mistrusted:0 unimplemented:0 invalid_arguments:0 failed:0 listed:0
total perf: min(ms):2.51587 avg(ms):2.57357
total: 3.05s; fill: 0.02s (1%);
Output template: perf,%engine%,%impl%,%name%,%prb%,%Gops%,%+ctime%,%-time%,%-Gflops%,%0time%,%0Gflops%
perf,cpu,brg_matmul:avx512_core,,--mode=P --matmul 2048x2048:2048x2048,17.1799,0.512695,2.5144,6832.58,2.5715,6680.88
tests:1 passed:1 skipped:0 mistrusted:0 unimplemented:0 invalid_arguments:0 failed:0 listed:0
total perf: min(ms):2.5144 avg(ms):2.5715
total: 3.05s; fill: 0.02s (1%);
Output template: perf,%engine%,%impl%,%name%,%prb%,%Gops%,%+ctime%,%-time%,%-Gflops%,%0time%,%0Gflops%
perf,cpu,brg_matmul:avx512_core,,--mode=P --matmul 2048x2048:2048x2048,17.1799,0.490967,2.51611,6827.94,2.57291,6677.22
tests:1 passed:1 skipped:0 mistrusted:0 unimplemented:0 invalid_arguments:0 failed:0 listed:0
total perf: min(ms):2.51611 avg(ms):2.57291
total: 3.05s; fill: 0.02s (1%);
Output template: perf,%engine%,%impl%,%name%,%prb%,%Gops%,%+ctime%,%-time%,%-Gflops%,%0time%,%0Gflops%
perf,cpu,brg_matmul:avx512_core,,--mode=P --matmul 2048x2048:2048x2048,17.1799,0.500488,2.51709,6825.29,2.57321,6676.44
tests:1 passed:1 skipped:0 mistrusted:0 unimplemented:0 invalid_arguments:0 failed:0 listed:0
total perf: min(ms):2.51709 avg(ms):2.57321
total: 3.05s; fill: 0.02s (1%);
Output template: perf,%engine%,%impl%,%name%,%prb%,%Gops%,%+ctime%,%-time%,%-Gflops%,%0time%,%0Gflops%
perf,cpu,brg_matmul:avx512_core,,--mode=P --matmul 2048x2048:2048x2048,17.1799,0.478516,2.51514,6830.59,2.57315,6676.59
tests:1 passed:1 skipped:0 mistrusted:0 unimplemented:0 invalid_arguments:0 failed:0 listed:0
total perf: min(ms):2.51514 avg(ms):2.57315
total: 3.05s; fill: 0.02s (1%);
Output template: perf,%engine%,%impl%,%name%,%prb%,%Gops%,%+ctime%,%-time%,%-Gflops%,%0time%,%0Gflops%
perf,cpu,brg_matmul:avx512_core,,--mode=P --matmul 2048x2048:2048x2048,17.1799,0.487061,2.51758,6823.97,2.5745,6673.08
tests:1 passed:1 skipped:0 mistrusted:0 unimplemented:0 invalid_arguments:0 failed:0 listed:0
total perf: min(ms):2.51758 avg(ms):2.5745
total: 3.05s; fill: 0.02s (1%);
Output template: perf,%engine%,%impl%,%name%,%prb%,%Gops%,%+ctime%,%-time%,%-Gflops%,%0time%,%0Gflops%
perf,cpu,brg_matmul:avx512_core,,--mode=P --matmul 2048x2048:2048x2048,17.1799,0.47876,2.51685,6825.95,2.57327,6676.28
tests:1 passed:1 skipped:0 mistrusted:0 unimplemented:0 invalid_arguments:0 failed:0 listed:0
total perf: min(ms):2.51685 avg(ms):2.57327
total: 3.05s; fill: 0.02s (1%);
Output template: perf,%engine%,%impl%,%name%,%prb%,%Gops%,%+ctime%,%-time%,%-Gflops%,%0time%,%0Gflops%
perf,cpu,brg_matmul:avx512_core,,--mode=P --matmul 2048x2048:2048x2048,17.1799,0.521973,2.51538,6829.93,2.57342,6675.9
tests:1 passed:1 skipped:0 mistrusted:0 unimplemented:0 invalid_arguments:0 failed:0 listed:0
total perf: min(ms):2.51538 avg(ms):2.57342
total: 3.05s; fill: 0.02s (1%);
Output template: perf,%engine%,%impl%,%name%,%prb%,%Gops%,%+ctime%,%-time%,%-Gflops%,%0time%,%0Gflops%
perf,cpu,brg_matmul:avx512_core,,--mode=P --matmul 2048x2048:2048x2048,17.1799,0.484863,2.51733,6824.63,2.57452,6673.04
tests:1 passed:1 skipped:0 mistrusted:0 unimplemented:0 invalid_arguments:0 failed:0 listed:0
total perf: min(ms):2.51733 avg(ms):2.57452
total: 3.05s; fill: 0.02s (1%);
Output template: perf,%engine%,%impl%,%name%,%prb%,%Gops%,%+ctime%,%-time%,%-Gflops%,%0time%,%0Gflops%
perf,cpu,brg_matmul:avx512_core,,--mode=P --matmul 2048x2048:2048x2048,17.1799,0.494629,2.51758,6823.97,2.57318,6676.52
tests:1 passed:1 skipped:0 mistrusted:0 unimplemented:0 invalid_arguments:0 failed:0 listed:0
total perf: min(ms):2.51758 avg(ms):2.57318
total: 3.05s; fill: 0.02s (1%);
Output template: perf,%engine%,%impl%,%name%,%prb%,%Gops%,%+ctime%,%-time%,%-Gflops%,%0time%,%0Gflops%
perf,cpu,brg_matmul:avx512_core,,--mode=P --matmul 2048x2048:2048x2048,17.1799,0.513428,2.51709,6825.29,2.57406,6674.23
tests:1 passed:1 skipped:0 mistrusted:0 unimplemented:0 invalid_arguments:0 failed:0 listed:0
total perf: min(ms):2.51709 avg(ms):2.57406
total: 3.05s; fill: 0.02s (1%);
Output template: perf,%engine%,%impl%,%name%,%prb%,%Gops%,%+ctime%,%-time%,%-Gflops%,%0time%,%0Gflops%
perf,cpu,brg_matmul:avx512_core,,--mode=P --matmul 2048x2048:2048x2048,17.1799,0.48999,2.5144,6832.58,2.57276,6677.6
tests:1 passed:1 skipped:0 mistrusted:0 unimplemented:0 invalid_arguments:0 failed:0 listed:0
total perf: min(ms):2.5144 avg(ms):2.57276
total: 3.05s; fill: 0.02s (1%);
Output template: perf,%engine%,%impl%,%name%,%prb%,%Gops%,%+ctime%,%-time%,%-Gflops%,%0time%,%0Gflops%
perf,cpu,brg_matmul:avx512_core,,--mode=P --matmul 2048x2048:2048x2048,17.1799,0.50293,2.51807,6822.64,2.57393,6674.58
tests:1 passed:1 skipped:0 mistrusted:0 unimplemented:0 invalid_arguments:0 failed:0 listed:0
total perf: min(ms):2.51807 avg(ms):2.57393
total: 3.05s; fill: 0.02s (1%);
Output template: perf,%engine%,%impl%,%name%,%prb%,%Gops%,%+ctime%,%-time%,%-Gflops%,%0time%,%0Gflops%
perf,cpu,brg_matmul:avx512_core,,--mode=P --matmul 2048x2048:2048x2048,17.1799,0.497559,2.51562,6829.26,2.57525,6671.15
tests:1 passed:1 skipped:0 mistrusted:0 unimplemented:0 invalid_arguments:0 failed:0 listed:0
total perf: min(ms):2.51562 avg(ms):2.57525
total: 3.05s; fill: 0.02s (1%);
Output template: perf,%engine%,%impl%,%name%,%prb%,%Gops%,%+ctime%,%-time%,%-Gflops%,%0time%,%0Gflops%
perf,cpu,brg_matmul:avx512_core,,--mode=P --matmul 2048x2048:2048x2048,17.1799,0.506836,2.51685,6825.95,2.57175,6680.23
tests:1 passed:1 skipped:0 mistrusted:0 unimplemented:0 invalid_arguments:0 failed:0 listed:0
total perf: min(ms):2.51685 avg(ms):2.57175
total: 3.05s; fill: 0.02s (1%);
Output template: perf,%engine%,%impl%,%name%,%prb%,%Gops%,%+ctime%,%-time%,%-Gflops%,%0time%,%0Gflops%
perf,cpu,brg_matmul:avx512_core,,--mode=P --matmul 2048x2048:2048x2048,17.1799,0.487793,2.51855,6821.32,2.57337,6676.01
tests:1 passed:1 skipped:0 mistrusted:0 unimplemented:0 invalid_arguments:0 failed:0 listed:0
total perf: min(ms):2.51855 avg(ms):2.57337
total: 3.05s; fill: 0.02s (1%);
Output template: perf,%engine%,%impl%,%name%,%prb%,%Gops%,%+ctime%,%-time%,%-Gflops%,%0time%,%0Gflops%
perf,cpu,brg_matmul:avx512_core,,--mode=P --matmul 2048x2048:2048x2048,17.1799,0.492188,2.51465,6831.92,2.57403,6674.3
tests:1 passed:1 skipped:0 mistrusted:0 unimplemented:0 invalid_arguments:0 failed:0 listed:0
total perf: min(ms):2.51465 avg(ms):2.57403
total: 3.05s; fill: 0.02s (1%);
Output template: perf,%engine%,%impl%,%name%,%prb%,%Gops%,%+ctime%,%-time%,%-Gflops%,%0time%,%0Gflops%
perf,cpu,brg_matmul:avx512_core,,--mode=P --matmul 2048x2048:2048x2048,17.1799,0.527344,2.51636,6827.28,2.57405,6674.25
tests:1 passed:1 skipped:0 mistrusted:0 unimplemented:0 invalid_arguments:0 failed:0 listed:0
total perf: min(ms):2.51636 avg(ms):2.57405
total: 3.05s; fill: 0.02s (1%);
Output template: perf,%engine%,%impl%,%name%,%prb%,%Gops%,%+ctime%,%-time%,%-Gflops%,%0time%,%0Gflops%
perf,cpu,brg_matmul:avx512_core,,--mode=P --matmul 2048x2048:2048x2048,17.1799,0.471436,2.5166,6826.61,2.57459,6672.86
tests:1 passed:1 skipped:0 mistrusted:0 unimplemented:0 invalid_arguments:0 failed:0 listed:0
total perf: min(ms):2.5166 avg(ms):2.57459
total: 3.05s; fill: 0.02s (1%);
Output template: perf,%engine%,%impl%,%name%,%prb%,%Gops%,%+ctime%,%-time%,%-Gflops%,%0time%,%0Gflops%
perf,cpu,brg_matmul:avx512_core,,--mode=P --matmul 2048x2048:2048x2048,17.1799,0.482178,2.51465,6831.92,2.57349,6675.7
tests:1 passed:1 skipped:0 mistrusted:0 unimplemented:0 invalid_arguments:0 failed:0 listed:0
total perf: min(ms):2.51465 avg(ms):2.57349
total: 3.05s; fill: 0.02s (1%);
Output template: perf,%engine%,%impl%,%name%,%prb%,%Gops%,%+ctime%,%-time%,%-Gflops%,%0time%,%0Gflops%
perf,cpu,brg_matmul:avx512_core,,--mode=P --matmul 2048x2048:2048x2048,17.1799,0.485352,2.51807,6822.64,2.57368,6675.22
tests:1 passed:1 skipped:0 mistrusted:0 unimplemented:0 invalid_arguments:0 failed:0 listed:0
total perf: min(ms):2.51807 avg(ms):2.57368
total: 3.05s; fill: 0.02s (1%);
Output template: perf,%engine%,%impl%,%name%,%prb%,%Gops%,%+ctime%,%-time%,%-Gflops%,%0time%,%0Gflops%
perf,cpu,brg_matmul:avx512_core,,--mode=P --matmul 2048x2048:2048x2048,17.1799,0.500732,2.5188,6820.66,2.57258,6678.06
tests:1 passed:1 skipped:0 mistrusted:0 unimplemented:0 invalid_arguments:0 failed:0 listed:0
total perf: min(ms):2.5188 avg(ms):2.57258
total: 3.05s; fill: 0.03s (1%);
Output template: perf,%engine%,%impl%,%name%,%prb%,%Gops%,%+ctime%,%-time%,%-Gflops%,%0time%,%0Gflops%
perf,cpu,brg_matmul:avx512_core,,--mode=P --matmul 2048x2048:2048x2048,17.1799,0.485352,2.51782,6823.3,2.57824,6663.4
tests:1 passed:1 skipped:0 mistrusted:0 unimplemented:0 invalid_arguments:0 failed:0 listed:0
total perf: min(ms):2.51782 avg(ms):2.57824
total: 3.05s; fill: 0.03s (1%);
Output template: perf,%engine%,%impl%,%name%,%prb%,%Gops%,%+ctime%,%-time%,%-Gflops%,%0time%,%0Gflops%
perf,cpu,brg_matmul:avx512_core,,--mode=P --matmul 2048x2048:2048x2048,17.1799,0.477051,2.51611,6827.94,2.57444,6673.25
tests:1 passed:1 skipped:0 mistrusted:0 unimplemented:0 invalid_arguments:0 failed:0 listed:0
total perf: min(ms):2.51611 avg(ms):2.57444
total: 3.05s; fill: 0.02s (1%);
Output template: perf,%engine%,%impl%,%name%,%prb%,%Gops%,%+ctime%,%-time%,%-Gflops%,%0time%,%0Gflops%
perf,cpu,brg_matmul:avx512_core,,--mode=P --matmul 2048x2048:2048x2048,17.1799,0.482666,2.51587,6828.6,2.57523,6671.2
tests:1 passed:1 skipped:0 mistrusted:0 unimplemented:0 invalid_arguments:0 failed:0 listed:0
total perf: min(ms):2.51587 avg(ms):2.57523
total: 3.05s; fill: 0.02s (1%);
Output template: perf,%engine%,%impl%,%name%,%prb%,%Gops%,%+ctime%,%-time%,%-Gflops%,%0time%,%0Gflops%
perf,cpu,brg_matmul:avx512_core,,--mode=P --matmul 2048x2048:2048x2048,17.1799,0.488037,2.51758,6823.97,2.57737,6665.66
tests:1 passed:1 skipped:0 mistrusted:0 unimplemented:0 invalid_arguments:0 failed:0 listed:0
total perf: min(ms):2.51758 avg(ms):2.57737
total: 3.05s; fill: 0.02s (1%);
Output template: perf,%engine%,%impl%,%name%,%prb%,%Gops%,%+ctime%,%-time%,%-Gflops%,%0time%,%0Gflops%
perf,cpu,brg_matmul:avx512_core,,--mode=P --matmul 2048x2048:2048x2048,17.1799,0.479492,2.51733,6824.63,2.5737,6675.15
tests:1 passed:1 skipped:0 mistrusted:0 unimplemented:0 invalid_arguments:0 failed:0 listed:0
total perf: min(ms):2.51733 avg(ms):2.5737
total: 3.05s; fill: 0.02s (1%);
Output template: perf,%engine%,%impl%,%name%,%prb%,%Gops%,%+ctime%,%-time%,%-Gflops%,%0time%,%0Gflops%
perf,cpu,brg_matmul:avx512_core,,--mode=P --matmul 2048x2048:2048x2048,17.1799,0.512695,2.51636,6827.28,2.57285,6677.37
tests:1 passed:1 skipped:0 mistrusted:0 unimplemented:0 invalid_arguments:0 failed:0 listed:0
total perf: min(ms):2.51636 avg(ms):2.57285
total: 3.05s; fill: 0.03s (1%);
Output template: perf,%engine%,%impl%,%name%,%prb%,%Gops%,%+ctime%,%-time%,%-Gflops%,%0time%,%0Gflops%
perf,cpu,brg_matmul:avx512_core,,--mode=P --matmul 2048x2048:2048x2048,17.1799,0.519043,2.51489,6831.25,2.57222,6679
tests:1 passed:1 skipped:0 mistrusted:0 unimplemented:0 invalid_arguments:0 failed:0 listed:0
total perf: min(ms):2.51489 avg(ms):2.57222
total: 3.05s; fill: 0.02s (1%);
Output template: perf,%engine%,%impl%,%name%,%prb%,%Gops%,%+ctime%,%-time%,%-Gflops%,%0time%,%0Gflops%
perf,cpu,brg_matmul:avx512_core,,--mode=P --matmul 2048x2048:2048x2048,17.1799,0.508057,2.51709,6825.29,2.57388,6674.69
tests:1 passed:1 skipped:0 mistrusted:0 unimplemented:0 invalid_arguments:0 failed:0 listed:0
total perf: min(ms):2.51709 avg(ms):2.57388
total: 3.05s; fill: 0.02s (1%);
Output template: perf,%engine%,%impl%,%name%,%prb%,%Gops%,%+ctime%,%-time%,%-Gflops%,%0time%,%0Gflops%
perf,cpu,brg_matmul:avx512_core,,--mode=P --matmul 2048x2048:2048x2048,17.1799,0.512451,2.51489,6831.25,2.5726,6678.02
tests:1 passed:1 skipped:0 mistrusted:0 unimplemented:0 invalid_arguments:0 failed:0 listed:0
total perf: min(ms):2.51489 avg(ms):2.5726
total: 3.05s; fill: 0.02s (1%);
Output template: perf,%engine%,%impl%,%name%,%prb%,%Gops%,%+ctime%,%-time%,%-Gflops%,%0time%,%0Gflops%
perf,cpu,brg_matmul:avx512_core,,--mode=P --matmul 2048x2048:2048x2048,17.1799,0.469727,2.51636,6827.28,2.57334,6676.1
tests:1 passed:1 skipped:0 mistrusted:0 unimplemented:0 invalid_arguments:0 failed:0 listed:0
total perf: min(ms):2.51636 avg(ms):2.57334
total: 3.05s; fill: 0.02s (1%);
Output template: perf,%engine%,%impl%,%name%,%prb%,%Gops%,%+ctime%,%-time%,%-Gflops%,%0time%,%0Gflops%
perf,cpu,brg_matmul:avx512_core,,--mode=P --matmul 2048x2048:2048x2048,17.1799,0.499023,2.51636,6827.28,2.57544,6670.66
tests:1 passed:1 skipped:0 mistrusted:0 unimplemented:0 invalid_arguments:0 failed:0 listed:0
total perf: min(ms):2.51636 avg(ms):2.57544
total: 3.05s; fill: 0.02s (1%);
Output template: perf,%engine%,%impl%,%name%,%prb%,%Gops%,%+ctime%,%-time%,%-Gflops%,%0time%,%0Gflops%
perf,cpu,brg_matmul:avx512_core,,--mode=P --matmul 2048x2048:2048x2048,17.1799,0.483643,2.51733,6824.63,2.5768,6667.14
tests:1 passed:1 skipped:0 mistrusted:0 unimplemented:0 invalid_arguments:0 failed:0 listed:0
total perf: min(ms):2.51733 avg(ms):2.5768
total: 3.05s; fill: 0.02s (1%);
Output template: perf,%engine%,%impl%,%name%,%prb%,%Gops%,%+ctime%,%-time%,%-Gflops%,%0time%,%0Gflops%
perf,cpu,brg_matmul:avx512_core,,--mode=P --matmul 2048x2048:2048x2048,17.1799,0.524414,2.5166,6826.61,2.57478,6672.36
tests:1 passed:1 skipped:0 mistrusted:0 unimplemented:0 invalid_arguments:0 failed:0 listed:0
total perf: min(ms):2.5166 avg(ms):2.57478
total: 3.05s; fill: 0.02s (1%);
Output template: perf,%engine%,%impl%,%name%,%prb%,%Gops%,%+ctime%,%-time%,%-Gflops%,%0time%,%0Gflops%
perf,cpu,brg_matmul:avx512_core,,--mode=P --matmul 2048x2048:2048x2048,17.1799,0.519287,2.51611,6827.94,2.57424,6673.76
tests:1 passed:1 skipped:0 mistrusted:0 unimplemented:0 invalid_arguments:0 failed:0 listed:0
total perf: min(ms):2.51611 avg(ms):2.57424
total: 3.05s; fill: 0.03s (1%);
Output template: perf,%engine%,%impl%,%name%,%prb%,%Gops%,%+ctime%,%-time%,%-Gflops%,%0time%,%0Gflops%
perf,cpu,brg_matmul:avx512_core,,--mode=P --matmul 2048x2048:2048x2048,17.1799,0.495117,2.51538,6829.93,2.57615,6668.82
tests:1 passed:1 skipped:0 mistrusted:0 unimplemented:0 invalid_arguments:0 failed:0 listed:0
total perf: min(ms):2.51538 avg(ms):2.57615
total: 3.05s; fill: 0.02s (1%);
Output template: perf,%engine%,%impl%,%name%,%prb%,%Gops%,%+ctime%,%-time%,%-Gflops%,%0time%,%0Gflops%
perf,cpu,brg_matmul:avx512_core,,--mode=P --matmul 2048x2048:2048x2048,17.1799,0.49707,2.51636,6827.28,2.5743,6673.61
tests:1 passed:1 skipped:0 mistrusted:0 unimplemented:0 invalid_arguments:0 failed:0 listed:0
total perf: min(ms):2.51636 avg(ms):2.5743
total: 3.05s; fill: 0.03s (1%);
Output template: perf,%engine%,%impl%,%name%,%prb%,%Gops%,%+ctime%,%-time%,%-Gflops%,%0time%,%0Gflops%
perf,cpu,brg_matmul:avx512_core,,--mode=P --matmul 2048x2048:2048x2048,17.1799,0.484863,2.51538,6829.93,2.5737,6675.15
tests:1 passed:1 skipped:0 mistrusted:0 unimplemented:0 invalid_arguments:0 failed:0 listed:0
total perf: min(ms):2.51538 avg(ms):2.5737
total: 3.05s; fill: 0.02s (1%);
Output template: perf,%engine%,%impl%,%name%,%prb%,%Gops%,%+ctime%,%-time%,%-Gflops%,%0time%,%0Gflops%
perf,cpu,brg_matmul:avx512_core,,--mode=P --matmul 2048x2048:2048x2048,17.1799,0.496582,2.51587,6828.6,2.57344,6675.83
tests:1 passed:1 skipped:0 mistrusted:0 unimplemented:0 invalid_arguments:0 failed:0 listed:0
total perf: min(ms):2.51587 avg(ms):2.57344
total: 3.05s; fill: 0.02s (1%);
Output template: perf,%engine%,%impl%,%name%,%prb%,%Gops%,%+ctime%,%-time%,%-Gflops%,%0time%,%0Gflops%
perf,cpu,brg_matmul:avx512_core,,--mode=P --matmul 2048x2048:2048x2048,17.1799,0.490479,2.51514,6830.59,2.57438,6673.39
tests:1 passed:1 skipped:0 mistrusted:0 unimplemented:0 invalid_arguments:0 failed:0 listed:0
total perf: min(ms):2.51514 avg(ms):2.57438
total: 3.05s; fill: 0.02s (1%);
Output template: perf,%engine%,%impl%,%name%,%prb%,%Gops%,%+ctime%,%-time%,%-Gflops%,%0time%,%0Gflops%
perf,cpu,brg_matmul:avx512_core,,--mode=P --matmul 2048x2048:2048x2048,17.1799,0.490723,2.51538,6829.93,2.57232,6678.76
tests:1 passed:1 skipped:0 mistrusted:0 unimplemented:0 invalid_arguments:0 failed:0 listed:0
total perf: min(ms):2.51538 avg(ms):2.57232
total: 3.05s; fill: 0.03s (1%);
Output template: perf,%engine%,%impl%,%name%,%prb%,%Gops%,%+ctime%,%-time%,%-Gflops%,%0time%,%0Gflops%
perf,cpu,brg_matmul:avx512_core,,--mode=P --matmul 2048x2048:2048x2048,17.1799,0.48999,2.5166,6826.61,2.5741,6674.13
tests:1 passed:1 skipped:0 mistrusted:0 unimplemented:0 invalid_arguments:0 failed:0 listed:0
total perf: min(ms):2.5166 avg(ms):2.5741
total: 3.05s; fill: 0.03s (1%);
Output template: perf,%engine%,%impl%,%name%,%prb%,%Gops%,%+ctime%,%-time%,%-Gflops%,%0time%,%0Gflops%
perf,cpu,brg_matmul:avx512_core,,--mode=P --matmul 2048x2048:2048x2048,17.1799,0.493652,2.5166,6826.61,2.57508,6671.58
tests:1 passed:1 skipped:0 mistrusted:0 unimplemented:0 invalid_arguments:0 failed:0 listed:0
total perf: min(ms):2.5166 avg(ms):2.57508
total: 3.05s; fill: 0.02s (1%);
Output template: perf,%engine%,%impl%,%name%,%prb%,%Gops%,%+ctime%,%-time%,%-Gflops%,%0time%,%0Gflops%
perf,cpu,brg_matmul:avx512_core,,--mode=P --matmul 2048x2048:2048x2048,17.1799,0.46875,2.51904,6820,2.57645,6668.04
tests:1 passed:1 skipped:0 mistrusted:0 unimplemented:0 invalid_arguments:0 failed:0 listed:0
total perf: min(ms):2.51904 avg(ms):2.57645
total: 3.05s; fill: 0.02s (1%);
Output template: perf,%engine%,%impl%,%name%,%prb%,%Gops%,%+ctime%,%-time%,%-Gflops%,%0time%,%0Gflops%
perf,cpu,brg_matmul:avx512_core,,--mode=P --matmul 2048x2048:2048x2048,17.1799,0.473389,2.51758,6823.97,2.57693,6666.79
tests:1 passed:1 skipped:0 mistrusted:0 unimplemented:0 invalid_arguments:0 failed:0 listed:0
total perf: min(ms):2.51758 avg(ms):2.57693
total: 3.05s; fill: 0.02s (1%);
Output template: perf,%engine%,%impl%,%name%,%prb%,%Gops%,%+ctime%,%-time%,%-Gflops%,%0time%,%0Gflops%
perf,cpu,brg_matmul:avx512_core,,--mode=P --matmul 2048x2048:2048x2048,17.1799,0.513428,2.51758,6823.97,2.57727,6665.91
tests:1 passed:1 skipped:0 mistrusted:0 unimplemented:0 invalid_arguments:0 failed:0 listed:0
total perf: min(ms):2.51758 avg(ms):2.57727
total: 3.05s; fill: 0.02s (1%);
Output template: perf,%engine%,%impl%,%name%,%prb%,%Gops%,%+ctime%,%-time%,%-Gflops%,%0time%,%0Gflops%
perf,cpu,brg_matmul:avx512_core,,--mode=P --matmul 2048x2048:2048x2048,17.1799,0.456299,2.51733,6824.63,2.5767,6667.38
tests:1 passed:1 skipped:0 mistrusted:0 unimplemented:0 invalid_arguments:0 failed:0 listed:0
total perf: min(ms):2.51733 avg(ms):2.5767
total: 3.05s; fill: 0.02s (1%);
Output template: perf,%engine%,%impl%,%name%,%prb%,%Gops%,%+ctime%,%-time%,%-Gflops%,%0time%,%0Gflops%
perf,cpu,brg_matmul:avx512_core,,--mode=P --matmul 2048x2048:2048x2048,17.1799,0.494629,2.51562,6829.26,2.57601,6669.18
tests:1 passed:1 skipped:0 mistrusted:0 unimplemented:0 invalid_arguments:0 failed:0 listed:0
total perf: min(ms):2.51562 avg(ms):2.57601
total: 3.05s; fill: 0.02s (1%);
Output template: perf,%engine%,%impl%,%name%,%prb%,%Gops%,%+ctime%,%-time%,%-Gflops%,%0time%,%0Gflops%
perf,cpu,brg_matmul:avx512_core,,--mode=P --matmul 2048x2048:2048x2048,17.1799,0.471924,2.51636,6827.28,2.57645,6668.05
tests:1 passed:1 skipped:0 mistrusted:0 unimplemented:0 invalid_arguments:0 failed:0 listed:0
total perf: min(ms):2.51636 avg(ms):2.57645
total: 3.05s; fill: 0.02s (1%);
Output template: perf,%engine%,%impl%,%name%,%prb%,%Gops%,%+ctime%,%-time%,%-Gflops%,%0time%,%0Gflops%
perf,cpu,brg_matmul:avx512_core,,--mode=P --matmul 2048x2048:2048x2048,17.1799,0.510254,2.51685,6825.95,2.57566,6670.08
tests:1 passed:1 skipped:0 mistrusted:0 unimplemented:0 invalid_arguments:0 failed:0 listed:0
total perf: min(ms):2.51685 avg(ms):2.57566
total: 3.05s; fill: 0.03s (1%);
Output template: perf,%engine%,%impl%,%name%,%prb%,%Gops%,%+ctime%,%-time%,%-Gflops%,%0time%,%0Gflops%
perf,cpu,brg_matmul:avx512_core,,--mode=P --matmul 2048x2048:2048x2048,17.1799,0.477539,2.5188,6820.66,2.57744,6665.47
tests:1 passed:1 skipped:0 mistrusted:0 unimplemented:0 invalid_arguments:0 failed:0 listed:0
total perf: min(ms):2.5188 avg(ms):2.57744
total: 3.05s; fill: 0.02s (1%);
Output template: perf,%engine%,%impl%,%name%,%prb%,%Gops%,%+ctime%,%-time%,%-Gflops%,%0time%,%0Gflops%
perf,cpu,brg_matmul:avx512_core,,--mode=P --matmul 2048x2048:2048x2048,17.1799,0.523926,2.5166,6826.61,2.5754,6670.76
tests:1 passed:1 skipped:0 mistrusted:0 unimplemented:0 invalid_arguments:0 failed:0 listed:0
total perf: min(ms):2.5166 avg(ms):2.5754
total: 3.05s; fill: 0.02s (1%);
Output template: perf,%engine%,%impl%,%name%,%prb%,%Gops%,%+ctime%,%-time%,%-Gflops%,%0time%,%0Gflops%
perf,cpu,brg_matmul:avx512_core,,--mode=P --matmul 2048x2048:2048x2048,17.1799,0.515625,2.51733,6824.63,2.5759,6669.48
tests:1 passed:1 skipped:0 mistrusted:0 unimplemented:0 invalid_arguments:0 failed:0 listed:0
total perf: min(ms):2.51733 avg(ms):2.5759
total: 3.05s; fill: 0.02s (1%);
Output template: perf,%engine%,%impl%,%name%,%prb%,%Gops%,%+ctime%,%-time%,%-Gflops%,%0time%,%0Gflops%
perf,cpu,brg_matmul:avx512_core,,--mode=P --matmul 2048x2048:2048x2048,17.1799,0.495117,2.51489,6831.25,2.5757,6669.99
tests:1 passed:1 skipped:0 mistrusted:0 unimplemented:0 invalid_arguments:0 failed:0 listed:0
total perf: min(ms):2.51489 avg(ms):2.5757
total: 3.05s; fill: 0.02s (1%);
Output template: perf,%engine%,%impl%,%name%,%prb%,%Gops%,%+ctime%,%-time%,%-Gflops%,%0time%,%0Gflops%
perf,cpu,brg_matmul:avx512_core,,--mode=P --matmul 2048x2048:2048x2048,17.1799,0.473877,2.51636,6827.28,2.57673,6667.32
tests:1 passed:1 skipped:0 mistrusted:0 unimplemented:0 invalid_arguments:0 failed:0 listed:0
total perf: min(ms):2.51636 avg(ms):2.57673
total: 3.05s; fill: 0.02s (1%);
Output template: perf,%engine%,%impl%,%name%,%prb%,%Gops%,%+ctime%,%-time%,%-Gflops%,%0time%,%0Gflops%
perf,cpu,brg_matmul:avx512_core,,--mode=P --matmul 2048x2048:2048x2048,17.1799,0.465576,2.5127,6837.23,2.5751,6671.53
tests:1 passed:1 skipped:0 mistrusted:0 unimplemented:0 invalid_arguments:0 failed:0 listed:0
total perf: min(ms):2.5127 avg(ms):2.5751
total: 3.05s; fill: 0.02s (1%);
Output template: perf,%engine%,%impl%,%name%,%prb%,%Gops%,%+ctime%,%-time%,%-Gflops%,%0time%,%0Gflops%
perf,cpu,brg_matmul:avx512_core,,--mode=P --matmul 2048x2048:2048x2048,17.1799,0.49292,2.51538,6829.93,2.57601,6669.18
tests:1 passed:1 skipped:0 mistrusted:0 unimplemented:0 invalid_arguments:0 failed:0 listed:0
total perf: min(ms):2.51538 avg(ms):2.57601
total: 3.05s; fill: 0.02s (1%);
Output template: perf,%engine%,%impl%,%name%,%prb%,%Gops%,%+ctime%,%-time%,%-Gflops%,%0time%,%0Gflops%
perf,cpu,brg_matmul:avx512_core,,--mode=P --matmul 2048x2048:2048x2048,17.1799,0.499756,2.51636,6827.28,2.57644,6668.06
tests:1 passed:1 skipped:0 mistrusted:0 unimplemented:0 invalid_arguments:0 failed:0 listed:0
total perf: min(ms):2.51636 avg(ms):2.57644
total: 3.05s; fill: 0.02s (1%);
Output template: perf,%engine%,%impl%,%name%,%prb%,%Gops%,%+ctime%,%-time%,%-Gflops%,%0time%,%0Gflops%
perf,cpu,brg_matmul:avx512_core,,--mode=P --matmul 2048x2048:2048x2048,17.1799,0.505615,2.51562,6829.26,2.57505,6671.66
tests:1 passed:1 skipped:0 mistrusted:0 unimplemented:0 invalid_arguments:0 failed:0 listed:0
total perf: min(ms):2.51562 avg(ms):2.57505
total: 3.05s; fill: 0.02s (1%);
Output template: perf,%engine%,%impl%,%name%,%prb%,%Gops%,%+ctime%,%-time%,%-Gflops%,%0time%,%0Gflops%
perf,cpu,brg_matmul:avx512_core,,--mode=P --matmul 2048x2048:2048x2048,17.1799,0.482178,2.51709,6825.29,2.57552,6670.45
tests:1 passed:1 skipped:0 mistrusted:0 unimplemented:0 invalid_arguments:0 failed:0 listed:0
total perf: min(ms):2.51709 avg(ms):2.57552
total: 3.05s; fill: 0.02s (1%);
Output template: perf,%engine%,%impl%,%name%,%prb%,%Gops%,%+ctime%,%-time%,%-Gflops%,%0time%,%0Gflops%
perf,cpu,brg_matmul:avx512_core,,--mode=P --matmul 2048x2048:2048x2048,17.1799,0.472412,2.51782,6823.3,2.5769,6666.88
tests:1 passed:1 skipped:0 mistrusted:0 unimplemented:0 invalid_arguments:0 failed:0 listed:0
total perf: min(ms):2.51782 avg(ms):2.5769
total: 3.05s; fill: 0.02s (1%);
Output template: perf,%engine%,%impl%,%name%,%prb%,%Gops%,%+ctime%,%-time%,%-Gflops%,%0time%,%0Gflops%
perf,cpu,brg_matmul:avx512_core,,--mode=P --matmul 2048x2048:2048x2048,17.1799,0.477295,2.51416,6833.24,2.57575,6669.86
tests:1 passed:1 skipped:0 mistrusted:0 unimplemented:0 invalid_arguments:0 failed:0 listed:0
total perf: min(ms):2.51416 avg(ms):2.57575
total: 3.05s; fill: 0.02s (1%);
Output template: perf,%engine%,%impl%,%name%,%prb%,%Gops%,%+ctime%,%-time%,%-Gflops%,%0time%,%0Gflops%
perf,cpu,brg_matmul:avx512_core,,--mode=P --matmul 2048x2048:2048x2048,17.1799,0.519043,2.51514,6830.59,2.57472,6672.51
tests:1 passed:1 skipped:0 mistrusted:0 unimplemented:0 invalid_arguments:0 failed:0 listed:0
total perf: min(ms):2.51514 avg(ms):2.57472
total: 3.05s; fill: 0.02s (1%);
Output template: perf,%engine%,%impl%,%name%,%prb%,%Gops%,%+ctime%,%-time%,%-Gflops%,%0time%,%0Gflops%
perf,cpu,brg_matmul:avx512_core,,--mode=P --matmul 2048x2048:2048x2048,17.1799,0.476074,2.51538,6829.93,2.577,6666.6
tests:1 passed:1 skipped:0 mistrusted:0 unimplemented:0 invalid_arguments:0 failed:0 listed:0
total perf: min(ms):2.51538 avg(ms):2.577
total: 3.05s; fill: 0.02s (1%);
Output template: perf,%engine%,%impl%,%name%,%prb%,%Gops%,%+ctime%,%-time%,%-Gflops%,%0time%,%0Gflops%
perf,cpu,brg_matmul:avx512_core,,--mode=P --matmul 2048x2048:2048x2048,17.1799,0.513916,2.51465,6831.92,2.57537,6670.84
tests:1 passed:1 skipped:0 mistrusted:0 unimplemented:0 invalid_arguments:0 failed:0 listed:0
total perf: min(ms):2.51465 avg(ms):2.57537
total: 3.05s; fill: 0.02s (1%);
Output template: perf,%engine%,%impl%,%name%,%prb%,%Gops%,%+ctime%,%-time%,%-Gflops%,%0time%,%0Gflops%
perf,cpu,brg_matmul:avx512_core,,--mode=P --matmul 2048x2048:2048x2048,17.1799,0.484375,2.51831,6821.98,2.57704,6666.51
tests:1 passed:1 skipped:0 mistrusted:0 unimplemented:0 invalid_arguments:0 failed:0 listed:0
total perf: min(ms):2.51831 avg(ms):2.57704
total: 3.05s; fill: 0.02s (1%);
Output template: perf,%engine%,%impl%,%name%,%prb%,%Gops%,%+ctime%,%-time%,%-Gflops%,%0time%,%0Gflops%
perf,cpu,brg_matmul:avx512_core,,--mode=P --matmul 2048x2048:2048x2048,17.1799,0.446533,2.51733,6824.63,2.5779,6664.29
tests:1 passed:1 skipped:0 mistrusted:0 unimplemented:0 invalid_arguments:0 failed:0 listed:0
total perf: min(ms):2.51733 avg(ms):2.5779
total: 3.05s; fill: 0.02s (1%);
Output template: perf,%engine%,%impl%,%name%,%prb%,%Gops%,%+ctime%,%-time%,%-Gflops%,%0time%,%0Gflops%
perf,cpu,brg_matmul:avx512_core,,--mode=P --matmul 2048x2048:2048x2048,17.1799,0.513916,2.51562,6829.26,2.57489,6672.07
tests:1 passed:1 skipped:0 mistrusted:0 unimplemented:0 invalid_arguments:0 failed:0 listed:0
total perf: min(ms):2.51562 avg(ms):2.57489
total: 3.05s; fill: 0.02s (1%);
Output template: perf,%engine%,%impl%,%name%,%prb%,%Gops%,%+ctime%,%-time%,%-Gflops%,%0time%,%0Gflops%
perf,cpu,brg_matmul:avx512_core,,--mode=P --matmul 2048x2048:2048x2048,17.1799,0.472412,2.51758,6823.97,2.57582,6669.68
tests:1 passed:1 skipped:0 mistrusted:0 unimplemented:0 invalid_arguments:0 failed:0 listed:0
total perf: min(ms):2.51758 avg(ms):2.57582
total: 3.05s; fill: 0.02s (1%);
Output template: perf,%engine%,%impl%,%name%,%prb%,%Gops%,%+ctime%,%-time%,%-Gflops%,%0time%,%0Gflops%
perf,cpu,brg_matmul:avx512_core,,--mode=P --matmul 2048x2048:2048x2048,17.1799,0.496582,2.5144,6832.58,2.57631,6668.39
tests:1 passed:1 skipped:0 mistrusted:0 unimplemented:0 invalid_arguments:0 failed:0 listed:0
total perf: min(ms):2.5144 avg(ms):2.57631
total: 3.05s; fill: 0.02s (1%);
Output template: perf,%engine%,%impl%,%name%,%prb%,%Gops%,%+ctime%,%-time%,%-Gflops%,%0time%,%0Gflops%
perf,cpu,brg_matmul:avx512_core,,--mode=P --matmul 2048x2048:2048x2048,17.1799,0.501221,2.51611,6827.94,2.57615,6668.81
tests:1 passed:1 skipped:0 mistrusted:0 unimplemented:0 invalid_arguments:0 failed:0 listed:0
total perf: min(ms):2.51611 avg(ms):2.57615
total: 3.05s; fill: 0.02s (1%);
Output template: perf,%engine%,%impl%,%name%,%prb%,%Gops%,%+ctime%,%-time%,%-Gflops%,%0time%,%0Gflops%
perf,cpu,brg_matmul:avx512_core,,--mode=P --matmul 2048x2048:2048x2048,17.1799,0.495605,2.5188,6820.66,2.57768,6664.86
tests:1 passed:1 skipped:0 mistrusted:0 unimplemented:0 invalid_arguments:0 failed:0 listed:0
total perf: min(ms):2.5188 avg(ms):2.57768
total: 3.05s; fill: 0.02s (1%);
Output template: perf,%engine%,%impl%,%name%,%prb%,%Gops%,%+ctime%,%-time%,%-Gflops%,%0time%,%0Gflops%
perf,cpu,brg_matmul:avx512_core,,--mode=P --matmul 2048x2048:2048x2048,17.1799,0.489502,2.51733,6824.63,2.57532,6670.97
tests:1 passed:1 skipped:0 mistrusted:0 unimplemented:0 invalid_arguments:0 failed:0 listed:0
total perf: min(ms):2.51733 avg(ms):2.57532
total: 3.05s; fill: 0.02s (1%);
Output template: perf,%engine%,%impl%,%name%,%prb%,%Gops%,%+ctime%,%-time%,%-Gflops%,%0time%,%0Gflops%
perf,cpu,brg_matmul:avx512_core,,--mode=P --matmul 2048x2048:2048x2048,17.1799,0.49292,2.51685,6825.95,2.57673,6667.31
tests:1 passed:1 skipped:0 mistrusted:0 unimplemented:0 invalid_arguments:0 failed:0 listed:0
total perf: min(ms):2.51685 avg(ms):2.57673
total: 3.05s; fill: 0.02s (1%);
Output template: perf,%engine%,%impl%,%name%,%prb%,%Gops%,%+ctime%,%-time%,%-Gflops%,%0time%,%0Gflops%
perf,cpu,brg_matmul:avx512_core,,--mode=P --matmul 2048x2048:2048x2048,17.1799,0.445557,2.51562,6829.26,2.57785,6664.41
tests:1 passed:1 skipped:0 mistrusted:0 unimplemented:0 invalid_arguments:0 failed:0 listed:0
total perf: min(ms):2.51562 avg(ms):2.57785
total: 3.05s; fill: 0.02s (1%);
Output template: perf,%engine%,%impl%,%name%,%prb%,%Gops%,%+ctime%,%-time%,%-Gflops%,%0time%,%0Gflops%
perf,cpu,brg_matmul:avx512_core,,--mode=P --matmul 2048x2048:2048x2048,17.1799,0.479736,2.51685,6825.95,2.57646,6668
tests:1 passed:1 skipped:0 mistrusted:0 unimplemented:0 invalid_arguments:0 failed:0 listed:0
total perf: min(ms):2.51685 avg(ms):2.57646
total: 3.05s; fill: 0.02s (1%);
Output template: perf,%engine%,%impl%,%name%,%prb%,%Gops%,%+ctime%,%-time%,%-Gflops%,%0time%,%0Gflops%
perf,cpu,brg_matmul:avx512_core,,--mode=P --matmul 2048x2048:2048x2048,17.1799,0.490723,2.51562,6829.26,2.57554,6670.39
tests:1 passed:1 skipped:0 mistrusted:0 unimplemented:0 invalid_arguments:0 failed:0 listed:0
total perf: min(ms):2.51562 avg(ms):2.57554
total: 3.05s; fill: 0.02s (1%);
Output template: perf,%engine%,%impl%,%name%,%prb%,%Gops%,%+ctime%,%-time%,%-Gflops%,%0time%,%0Gflops%
perf,cpu,brg_matmul:avx512_core,,--mode=P --matmul 2048x2048:2048x2048,17.1799,0.49292,2.5144,6832.58,2.57516,6671.38
tests:1 passed:1 skipped:0 mistrusted:0 unimplemented:0 invalid_arguments:0 failed:0 listed:0
total perf: min(ms):2.5144 avg(ms):2.57516
total: 3.05s; fill: 0.02s (1%);
Output template: perf,%engine%,%impl%,%name%,%prb%,%Gops%,%+ctime%,%-time%,%-Gflops%,%0time%,%0Gflops%
perf,cpu,brg_matmul:avx512_core,,--mode=P --matmul 2048x2048:2048x2048,17.1799,0.493164,2.51538,6829.93,2.57514,6671.43
tests:1 passed:1 skipped:0 mistrusted:0 unimplemented:0 invalid_arguments:0 failed:0 listed:0
total perf: min(ms):2.51538 avg(ms):2.57514
total: 3.05s; fill: 0.02s (1%);
Output template: perf,%engine%,%impl%,%name%,%prb%,%Gops%,%+ctime%,%-time%,%-Gflops%,%0time%,%0Gflops%
perf,cpu,brg_matmul:avx512_core,,--mode=P --matmul 2048x2048:2048x2048,17.1799,0.494385,2.51587,6828.6,2.576,6669.21
tests:1 passed:1 skipped:0 mistrusted:0 unimplemented:0 invalid_arguments:0 failed:0 listed:0
total perf: min(ms):2.51587 avg(ms):2.576
total: 3.05s; fill: 0.02s (1%);
