*** input parameters ***
  einsum_str: Babcd,aij,bik,ckl,dlm,ejp,fop,gno,hmn->Befgh
  dim_sizes:  128,4,7,4,7,3,4,5,5,50,50,50,50,50,50,50,50
  cont_path:  (1,5),(4,5),(1,2),(1,2),(1,2),(1,2),(1,2),(0,1)
  backend:    torch
  dtype:      FP32
*** benchmarking opt_einsum expression ***
  #flops :          1564961200
  #bytes :          945008
  arith. intensity: 1656.03
  time (eval):      0.004320
  time (compile):   0.000239
  gflops (eval):    362.29
  gflops (total):   343.27
CSV_DATA: opt_einsum,torch,"Babcd,aij,bik,ckl,dlm,ejp,fop,gno,hmn->Befgh","128,4,7,4,7,3,4,5,5,50,50,50,50,50,50,50,50","(1,5),(4,5),(1,2),(1,2),(1,2),(1,2),(1,2),(0,1)",FP32,1564961200,1656.029578585578,0.00023937225341796875,0.004319667816162109,362.28739491140306,343.2655067987031
*** input parameters ***
  einsum_str: Babcd,aij,bik,ckl,dlm,ejp,fop,gno,hmn->Befgh
  dim_sizes:  128,4,7,4,7,3,4,5,5,50,50,50,50,50,50,50,50
  cont_path:  (1,5),(4,5),(1,2),(1,2),(1,2),(1,2),(1,2),(0,1)
  backend:    torch
  dtype:      FP32
*** benchmarking opt_einsum expression ***
  #flops :          1564961200
  #bytes :          945008
  arith. intensity: 1656.03
  time (eval):      0.004263
  time (compile):   0.000244
  gflops (eval):    367.13
  gflops (total):   347.24
CSV_DATA: opt_einsum,torch,"Babcd,aij,bik,ckl,dlm,ejp,fop,gno,hmn->Befgh","128,4,7,4,7,3,4,5,5,50,50,50,50,50,50,50,50","(1,5),(4,5),(1,2),(1,2),(1,2),(1,2),(1,2),(0,1)",FP32,1564961200,1656.029578585578,0.000244140625,0.004262685775756836,367.13032166255385,347.24239649816434
*** input parameters ***
  einsum_str: Babcd,aij,bik,ckl,dlm,ejp,fop,gno,hmn->Befgh
  dim_sizes:  128,4,7,4,7,3,4,5,5,50,50,50,50,50,50,50,50
  cont_path:  (1,5),(4,5),(1,2),(1,2),(1,2),(1,2),(1,2),(0,1)
  backend:    torch
  dtype:      FP32
*** benchmarking opt_einsum expression ***
  #flops :          1564961200
  #bytes :          945008
  arith. intensity: 1656.03
  time (eval):      0.004223
  time (compile):   0.000239
  gflops (eval):    370.57
  gflops (total):   350.75
CSV_DATA: opt_einsum,torch,"Babcd,aij,bik,ckl,dlm,ejp,fop,gno,hmn->Befgh","128,4,7,4,7,3,4,5,5,50,50,50,50,50,50,50,50","(1,5),(4,5),(1,2),(1,2),(1,2),(1,2),(1,2),(0,1)",FP32,1564961200,1656.029578585578,0.00023865699768066406,0.0042231082916259766,370.57093778607805,350.7493331732821
*** input parameters ***
  einsum_str: Babcd,aij,bik,ckl,dlm,ejp,fop,gno,hmn->Befgh
  dim_sizes:  128,4,7,4,7,3,4,5,5,50,50,50,50,50,50,50,50
  cont_path:  (1,5),(4,5),(1,2),(1,2),(1,2),(1,2),(1,2),(0,1)
  backend:    torch
  dtype:      FP32
*** benchmarking opt_einsum expression ***
  #flops :          1564961200
  #bytes :          945008
  arith. intensity: 1656.03
  time (eval):      0.004564
  time (compile):   0.000240
  gflops (eval):    342.92
  gflops (total):   325.82
CSV_DATA: opt_einsum,torch,"Babcd,aij,bik,ckl,dlm,ejp,fop,gno,hmn->Befgh","128,4,7,4,7,3,4,5,5,50,50,50,50,50,50,50,50","(1,5),(4,5),(1,2),(1,2),(1,2),(1,2),(1,2),(0,1)",FP32,1564961200,1656.029578585578,0.0002396106719970703,0.004563570022583008,342.9247699182279,325.81768197184556
*** input parameters ***
  einsum_str: Babcd,aij,bik,ckl,dlm,ejp,fop,gno,hmn->Befgh
  dim_sizes:  128,4,7,4,7,3,4,5,5,50,50,50,50,50,50,50,50
  cont_path:  (1,5),(4,5),(1,2),(1,2),(1,2),(1,2),(1,2),(0,1)
  backend:    torch
  dtype:      FP32
*** benchmarking opt_einsum expression ***
  #flops :          1564961200
  #bytes :          945008
  arith. intensity: 1656.03
  time (eval):      0.004014
  time (compile):   0.000239
  gflops (eval):    389.92
  gflops (total):   368.04
CSV_DATA: opt_einsum,torch,"Babcd,aij,bik,ckl,dlm,ejp,fop,gno,hmn->Befgh","128,4,7,4,7,3,4,5,5,50,50,50,50,50,50,50,50","(1,5),(4,5),(1,2),(1,2),(1,2),(1,2),(1,2),(0,1)",FP32,1564961200,1656.029578585578,0.00023865699768066406,0.004013538360595703,389.92057865063566,368.0360538830838
*** input parameters ***
  einsum_str: Babcd,aij,bik,ckl,dlm,ejp,fop,gno,hmn->Befgh
  dim_sizes:  128,4,7,4,7,3,4,5,5,50,50,50,50,50,50,50,50
  cont_path:  (1,5),(4,5),(1,2),(1,2),(1,2),(1,2),(1,2),(0,1)
  backend:    torch
  dtype:      FP32
*** benchmarking opt_einsum expression ***
  #flops :          1564961200
  #bytes :          945008
  arith. intensity: 1656.03
  time (eval):      0.004605
  time (compile):   0.000254
  gflops (eval):    339.82
  gflops (total):   322.08
CSV_DATA: opt_einsum,torch,"Babcd,aij,bik,ckl,dlm,ejp,fop,gno,hmn->Befgh","128,4,7,4,7,3,4,5,5,50,50,50,50,50,50,50,50","(1,5),(4,5),(1,2),(1,2),(1,2),(1,2),(1,2),(0,1)",FP32,1564961200,1656.029578585578,0.0002536773681640625,0.004605293273925781,339.8179240528474,322.0766938667714
*** input parameters ***
  einsum_str: Babcd,aij,bik,ckl,dlm,ejp,fop,gno,hmn->Befgh
  dim_sizes:  128,4,7,4,7,3,4,5,5,50,50,50,50,50,50,50,50
  cont_path:  (1,5),(4,5),(1,2),(1,2),(1,2),(1,2),(1,2),(0,1)
  backend:    torch
  dtype:      FP32
*** benchmarking opt_einsum expression ***
  #flops :          1564961200
  #bytes :          945008
  arith. intensity: 1656.03
  time (eval):      0.003978
  time (compile):   0.000236
  gflops (eval):    393.43
  gflops (total):   371.43
CSV_DATA: opt_einsum,torch,"Babcd,aij,bik,ckl,dlm,ejp,fop,gno,hmn->Befgh","128,4,7,4,7,3,4,5,5,50,50,50,50,50,50,50,50","(1,5),(4,5),(1,2),(1,2),(1,2),(1,2),(1,2),(0,1)",FP32,1564961200,1656.029578585578,0.00023555755615234375,0.003977775573730469,393.4262179935747,371.4306824923495
*** input parameters ***
  einsum_str: Babcd,aij,bik,ckl,dlm,ejp,fop,gno,hmn->Befgh
  dim_sizes:  128,4,7,4,7,3,4,5,5,50,50,50,50,50,50,50,50
  cont_path:  (1,5),(4,5),(1,2),(1,2),(1,2),(1,2),(1,2),(0,1)
  backend:    torch
  dtype:      FP32
*** benchmarking opt_einsum expression ***
  #flops :          1564961200
  #bytes :          945008
  arith. intensity: 1656.03
  time (eval):      0.004002
  time (compile):   0.000232
  gflops (eval):    391.08
  gflops (total):   369.65
CSV_DATA: opt_einsum,torch,"Babcd,aij,bik,ckl,dlm,ejp,fop,gno,hmn->Befgh","128,4,7,4,7,3,4,5,5,50,50,50,50,50,50,50,50","(1,5),(4,5),(1,2),(1,2),(1,2),(1,2),(1,2),(0,1)",FP32,1564961200,1656.029578585578,0.0002319812774658203,0.004001617431640625,391.0821628339371,369.65270152642904
*** input parameters ***
  einsum_str: Babcd,aij,bik,ckl,dlm,ejp,fop,gno,hmn->Befgh
  dim_sizes:  128,4,7,4,7,3,4,5,5,50,50,50,50,50,50,50,50
  cont_path:  (1,5),(4,5),(1,2),(1,2),(1,2),(1,2),(1,2),(0,1)
  backend:    torch
  dtype:      FP32
*** benchmarking opt_einsum expression ***
  #flops :          1564961200
  #bytes :          945008
  arith. intensity: 1656.03
  time (eval):      0.004547
  time (compile):   0.000235
  gflops (eval):    344.18
  gflops (total):   327.26
CSV_DATA: opt_einsum,torch,"Babcd,aij,bik,ckl,dlm,ejp,fop,gno,hmn->Befgh","128,4,7,4,7,3,4,5,5,50,50,50,50,50,50,50,50","(1,5),(4,5),(1,2),(1,2),(1,2),(1,2),(1,2),(0,1)",FP32,1564961200,1656.029578585578,0.00023508071899414062,0.0045468807220458984,344.1834733891668,327.26345021712126
*** input parameters ***
  einsum_str: Babcd,aij,bik,ckl,dlm,ejp,fop,gno,hmn->Befgh
  dim_sizes:  128,4,7,4,7,3,4,5,5,50,50,50,50,50,50,50,50
  cont_path:  (1,5),(4,5),(1,2),(1,2),(1,2),(1,2),(1,2),(0,1)
  backend:    torch
  dtype:      FP32
*** benchmarking opt_einsum expression ***
  #flops :          1564961200
  #bytes :          945008
  arith. intensity: 1656.03
  time (eval):      0.004193
  time (compile):   0.000246
  gflops (eval):    373.25
  gflops (total):   352.58
CSV_DATA: opt_einsum,torch,"Babcd,aij,bik,ckl,dlm,ejp,fop,gno,hmn->Befgh","128,4,7,4,7,3,4,5,5,50,50,50,50,50,50,50,50","(1,5),(4,5),(1,2),(1,2),(1,2),(1,2),(1,2),(0,1)",FP32,1564961200,1656.029578585578,0.00024580955505371094,0.004192829132080078,373.24707272857955,352.5768395017887
*** input parameters ***
  einsum_str: Babcd,aij,bik,ckl,dlm,ejp,fop,gno,hmn->Befgh
  dim_sizes:  128,4,7,4,7,3,4,5,5,50,50,50,50,50,50,50,50
  cont_path:  (1,5),(4,5),(1,2),(1,2),(1,2),(1,2),(1,2),(0,1)
  backend:    torch
  dtype:      FP32
*** benchmarking opt_einsum expression ***
  #flops :          1564961200
  #bytes :          945008
  arith. intensity: 1656.03
  time (eval):      0.004560
  time (compile):   0.000247
  gflops (eval):    343.23
  gflops (total):   325.56
CSV_DATA: opt_einsum,torch,"Babcd,aij,bik,ckl,dlm,ejp,fop,gno,hmn->Befgh","128,4,7,4,7,3,4,5,5,50,50,50,50,50,50,50,50","(1,5),(4,5),(1,2),(1,2),(1,2),(1,2),(1,2),(0,1)",FP32,1564961200,1656.029578585578,0.0002474784851074219,0.004559516906738281,343.2296078751726,325.55912216073807
*** input parameters ***
  einsum_str: Babcd,aij,bik,ckl,dlm,ejp,fop,gno,hmn->Befgh
  dim_sizes:  128,4,7,4,7,3,4,5,5,50,50,50,50,50,50,50,50
  cont_path:  (1,5),(4,5),(1,2),(1,2),(1,2),(1,2),(1,2),(0,1)
  backend:    torch
  dtype:      FP32
*** benchmarking opt_einsum expression ***
  #flops :          1564961200
  #bytes :          945008
  arith. intensity: 1656.03
  time (eval):      0.004167
  time (compile):   0.000242
  gflops (eval):    375.60
  gflops (total):   355.00
CSV_DATA: opt_einsum,torch,"Babcd,aij,bik,ckl,dlm,ejp,fop,gno,hmn->Befgh","128,4,7,4,7,3,4,5,5,50,50,50,50,50,50,50,50","(1,5),(4,5),(1,2),(1,2),(1,2),(1,2),(1,2),(0,1)",FP32,1564961200,1656.029578585578,0.00024175643920898438,0.004166603088378906,375.5964191465324,354.99854088722554
*** input parameters ***
  einsum_str: Babcd,aij,bik,ckl,dlm,ejp,fop,gno,hmn->Befgh
  dim_sizes:  128,4,7,4,7,3,4,5,5,50,50,50,50,50,50,50,50
  cont_path:  (1,5),(4,5),(1,2),(1,2),(1,2),(1,2),(1,2),(0,1)
  backend:    torch
  dtype:      FP32
*** benchmarking opt_einsum expression ***
  #flops :          1564961200
  #bytes :          945008
  arith. intensity: 1656.03
  time (eval):      0.004512
  time (compile):   0.000233
  gflops (eval):    346.88
  gflops (total):   329.85
CSV_DATA: opt_einsum,torch,"Babcd,aij,bik,ckl,dlm,ejp,fop,gno,hmn->Befgh","128,4,7,4,7,3,4,5,5,50,50,50,50,50,50,50,50","(1,5),(4,5),(1,2),(1,2),(1,2),(1,2),(1,2),(0,1)",FP32,1564961200,1656.029578585578,0.00023293495178222656,0.004511594772338867,346.8753908473709,329.84537793993974
*** input parameters ***
  einsum_str: Babcd,aij,bik,ckl,dlm,ejp,fop,gno,hmn->Befgh
  dim_sizes:  128,4,7,4,7,3,4,5,5,50,50,50,50,50,50,50,50
  cont_path:  (1,5),(4,5),(1,2),(1,2),(1,2),(1,2),(1,2),(0,1)
  backend:    torch
  dtype:      FP32
*** benchmarking opt_einsum expression ***
  #flops :          1564961200
  #bytes :          945008
  arith. intensity: 1656.03
  time (eval):      0.004107
  time (compile):   0.000236
  gflops (eval):    381.09
  gflops (total):   360.36
CSV_DATA: opt_einsum,torch,"Babcd,aij,bik,ckl,dlm,ejp,fop,gno,hmn->Befgh","128,4,7,4,7,3,4,5,5,50,50,50,50,50,50,50,50","(1,5),(4,5),(1,2),(1,2),(1,2),(1,2),(1,2),(0,1)",FP32,1564961200,1656.029578585578,0.00023627281188964844,0.0041065216064453125,381.09167562731074,360.3581125997694
*** input parameters ***
  einsum_str: Babcd,aij,bik,ckl,dlm,ejp,fop,gno,hmn->Befgh
  dim_sizes:  128,4,7,4,7,3,4,5,5,50,50,50,50,50,50,50,50
  cont_path:  (1,5),(4,5),(1,2),(1,2),(1,2),(1,2),(1,2),(0,1)
  backend:    torch
  dtype:      FP32
*** benchmarking opt_einsum expression ***
  #flops :          1564961200
  #bytes :          945008
  arith. intensity: 1656.03
  time (eval):      0.004400
  time (compile):   0.000235
  gflops (eval):    355.69
  gflops (total):   337.65
CSV_DATA: opt_einsum,torch,"Babcd,aij,bik,ckl,dlm,ejp,fop,gno,hmn->Befgh","128,4,7,4,7,3,4,5,5,50,50,50,50,50,50,50,50","(1,5),(4,5),(1,2),(1,2),(1,2),(1,2),(1,2),(0,1)",FP32,1564961200,1656.029578585578,0.00023508071899414062,0.004399776458740234,355.6910708250136,337.65036116279833
*** input parameters ***
  einsum_str: Babcd,aij,bik,ckl,dlm,ejp,fop,gno,hmn->Befgh
  dim_sizes:  128,4,7,4,7,3,4,5,5,50,50,50,50,50,50,50,50
  cont_path:  (1,5),(4,5),(1,2),(1,2),(1,2),(1,2),(1,2),(0,1)
  backend:    torch
  dtype:      FP32
*** benchmarking opt_einsum expression ***
  #flops :          1564961200
  #bytes :          945008
  arith. intensity: 1656.03
  time (eval):      0.004173
  time (compile):   0.000231
  gflops (eval):    375.04
  gflops (total):   355.36
CSV_DATA: opt_einsum,torch,"Babcd,aij,bik,ckl,dlm,ejp,fop,gno,hmn->Befgh","128,4,7,4,7,3,4,5,5,50,50,50,50,50,50,50,50","(1,5),(4,5),(1,2),(1,2),(1,2),(1,2),(1,2),(0,1)",FP32,1564961200,1656.029578585578,0.00023102760314941406,0.004172801971435547,375.0384539483945,355.3637064048942
*** input parameters ***
  einsum_str: Babcd,aij,bik,ckl,dlm,ejp,fop,gno,hmn->Befgh
  dim_sizes:  128,4,7,4,7,3,4,5,5,50,50,50,50,50,50,50,50
  cont_path:  (1,5),(4,5),(1,2),(1,2),(1,2),(1,2),(1,2),(0,1)
  backend:    torch
  dtype:      FP32
*** benchmarking opt_einsum expression ***
  #flops :          1564961200
  #bytes :          945008
  arith. intensity: 1656.03
  time (eval):      0.003874
  time (compile):   0.000234
  gflops (eval):    404.01
  gflops (total):   380.98
CSV_DATA: opt_einsum,torch,"Babcd,aij,bik,ckl,dlm,ejp,fop,gno,hmn->Befgh","128,4,7,4,7,3,4,5,5,50,50,50,50,50,50,50,50","(1,5),(4,5),(1,2),(1,2),(1,2),(1,2),(1,2),(0,1)",FP32,1564961200,1656.029578585578,0.00023412704467773438,0.003873586654663086,404.0083105191605,380.98107963345524
*** input parameters ***
  einsum_str: Babcd,aij,bik,ckl,dlm,ejp,fop,gno,hmn->Befgh
  dim_sizes:  128,4,7,4,7,3,4,5,5,50,50,50,50,50,50,50,50
  cont_path:  (1,5),(4,5),(1,2),(1,2),(1,2),(1,2),(1,2),(0,1)
  backend:    torch
  dtype:      FP32
*** benchmarking opt_einsum expression ***
  #flops :          1564961200
  #bytes :          945008
  arith. intensity: 1656.03
  time (eval):      0.004605
  time (compile):   0.000236
  gflops (eval):    339.85
  gflops (total):   323.30
CSV_DATA: opt_einsum,torch,"Babcd,aij,bik,ckl,dlm,ejp,fop,gno,hmn->Befgh","128,4,7,4,7,3,4,5,5,50,50,50,50,50,50,50,50","(1,5),(4,5),(1,2),(1,2),(1,2),(1,2),(1,2),(0,1)",FP32,1564961200,1656.029578585578,0.0002357959747314453,0.004604816436767578,339.8531128199648,323.2981835691671
*** input parameters ***
  einsum_str: Babcd,aij,bik,ckl,dlm,ejp,fop,gno,hmn->Befgh
  dim_sizes:  128,4,7,4,7,3,4,5,5,50,50,50,50,50,50,50,50
  cont_path:  (1,5),(4,5),(1,2),(1,2),(1,2),(1,2),(1,2),(0,1)
  backend:    torch
  dtype:      FP32
*** benchmarking opt_einsum expression ***
  #flops :          1564961200
  #bytes :          945008
  arith. intensity: 1656.03
  time (eval):      0.004395
  time (compile):   0.000237
  gflops (eval):    356.04
  gflops (total):   337.82
CSV_DATA: opt_einsum,torch,"Babcd,aij,bik,ckl,dlm,ejp,fop,gno,hmn->Befgh","128,4,7,4,7,3,4,5,5,50,50,50,50,50,50,50,50","(1,5),(4,5),(1,2),(1,2),(1,2),(1,2),(1,2),(0,1)",FP32,1564961200,1656.029578585578,0.00023698806762695312,0.004395484924316406,356.03835002195706,337.82413901208446
*** input parameters ***
  einsum_str: Babcd,aij,bik,ckl,dlm,ejp,fop,gno,hmn->Befgh
  dim_sizes:  128,4,7,4,7,3,4,5,5,50,50,50,50,50,50,50,50
  cont_path:  (1,5),(4,5),(1,2),(1,2),(1,2),(1,2),(1,2),(0,1)
  backend:    torch
  dtype:      FP32
*** benchmarking opt_einsum expression ***
  #flops :          1564961200
  #bytes :          945008
  arith. intensity: 1656.03
  time (eval):      0.004380
  time (compile):   0.000230
  gflops (eval):    357.26
  gflops (total):   339.47
CSV_DATA: opt_einsum,torch,"Babcd,aij,bik,ckl,dlm,ejp,fop,gno,hmn->Befgh","128,4,7,4,7,3,4,5,5,50,50,50,50,50,50,50,50","(1,5),(4,5),(1,2),(1,2),(1,2),(1,2),(1,2),(0,1)",FP32,1564961200,1656.029578585578,0.0002295970916748047,0.004380464553833008,357.2591858164045,339.4664367503517
*** input parameters ***
  einsum_str: Babcd,aij,bik,ckl,dlm,ejp,fop,gno,hmn->Befgh
  dim_sizes:  128,4,7,4,7,3,4,5,5,50,50,50,50,50,50,50,50
  cont_path:  (1,5),(4,5),(1,2),(1,2),(1,2),(1,2),(1,2),(0,1)
  backend:    torch
  dtype:      FP32
*** benchmarking opt_einsum expression ***
  #flops :          1564961200
  #bytes :          945008
  arith. intensity: 1656.03
  time (eval):      0.004224
  time (compile):   0.000239
  gflops (eval):    370.51
  gflops (total):   350.67
CSV_DATA: opt_einsum,torch,"Babcd,aij,bik,ckl,dlm,ejp,fop,gno,hmn->Befgh","128,4,7,4,7,3,4,5,5,50,50,50,50,50,50,50,50","(1,5),(4,5),(1,2),(1,2),(1,2),(1,2),(1,2),(0,1)",FP32,1564961200,1656.029578585578,0.00023889541625976562,0.004223823547363281,370.50818587744413,350.6743787266161
*** input parameters ***
  einsum_str: Babcd,aij,bik,ckl,dlm,ejp,fop,gno,hmn->Befgh
  dim_sizes:  128,4,7,4,7,3,4,5,5,50,50,50,50,50,50,50,50
  cont_path:  (1,5),(4,5),(1,2),(1,2),(1,2),(1,2),(1,2),(0,1)
  backend:    torch
  dtype:      FP32
*** benchmarking opt_einsum expression ***
  #flops :          1564961200
  #bytes :          945008
  arith. intensity: 1656.03
  time (eval):      0.004336
  time (compile):   0.000238
  gflops (eval):    360.95
  gflops (total):   342.17
CSV_DATA: opt_einsum,torch,"Babcd,aij,bik,ckl,dlm,ejp,fop,gno,hmn->Befgh","128,4,7,4,7,3,4,5,5,50,50,50,50,50,50,50,50","(1,5),(4,5),(1,2),(1,2),(1,2),(1,2),(1,2),(0,1)",FP32,1564961200,1656.029578585578,0.00023794174194335938,0.004335641860961914,360.9525994503602,342.17395720193923
*** input parameters ***
  einsum_str: Babcd,aij,bik,ckl,dlm,ejp,fop,gno,hmn->Befgh
  dim_sizes:  128,4,7,4,7,3,4,5,5,50,50,50,50,50,50,50,50
  cont_path:  (1,5),(4,5),(1,2),(1,2),(1,2),(1,2),(1,2),(0,1)
  backend:    torch
  dtype:      FP32
*** benchmarking opt_einsum expression ***
  #flops :          1564961200
  #bytes :          945008
  arith. intensity: 1656.03
  time (eval):      0.004308
  time (compile):   0.000237
  gflops (eval):    363.27
  gflops (total):   344.29
CSV_DATA: opt_einsum,torch,"Babcd,aij,bik,ckl,dlm,ejp,fop,gno,hmn->Befgh","128,4,7,4,7,3,4,5,5,50,50,50,50,50,50,50,50","(1,5),(4,5),(1,2),(1,2),(1,2),(1,2),(1,2),(0,1)",FP32,1564961200,1656.029578585578,0.00023746490478515625,0.004307985305786133,363.26985560931985,344.2917923422397
*** input parameters ***
  einsum_str: Babcd,aij,bik,ckl,dlm,ejp,fop,gno,hmn->Befgh
  dim_sizes:  128,4,7,4,7,3,4,5,5,50,50,50,50,50,50,50,50
  cont_path:  (1,5),(4,5),(1,2),(1,2),(1,2),(1,2),(1,2),(0,1)
  backend:    torch
  dtype:      FP32
*** benchmarking opt_einsum expression ***
  #flops :          1564961200
  #bytes :          945008
  arith. intensity: 1656.03
  time (eval):      0.004283
  time (compile):   0.000235
  gflops (eval):    365.41
  gflops (total):   346.44
CSV_DATA: opt_einsum,torch,"Babcd,aij,bik,ckl,dlm,ejp,fop,gno,hmn->Befgh","128,4,7,4,7,3,4,5,5,50,50,50,50,50,50,50,50","(1,5),(4,5),(1,2),(1,2),(1,2),(1,2),(1,2),(0,1)",FP32,1564961200,1656.029578585578,0.0002346038818359375,0.004282712936401367,365.4135178424985,346.43600680871907
*** input parameters ***
  einsum_str: Babcd,aij,bik,ckl,dlm,ejp,fop,gno,hmn->Befgh
  dim_sizes:  128,4,7,4,7,3,4,5,5,50,50,50,50,50,50,50,50
  cont_path:  (1,5),(4,5),(1,2),(1,2),(1,2),(1,2),(1,2),(0,1)
  backend:    torch
  dtype:      FP32
*** benchmarking opt_einsum expression ***
  #flops :          1564961200
  #bytes :          945008
  arith. intensity: 1656.03
  time (eval):      0.004285
  time (compile):   0.000242
  gflops (eval):    365.19
  gflops (total):   345.71
CSV_DATA: opt_einsum,torch,"Babcd,aij,bik,ckl,dlm,ejp,fop,gno,hmn->Befgh","128,4,7,4,7,3,4,5,5,50,50,50,50,50,50,50,50","(1,5),(4,5),(1,2),(1,2),(1,2),(1,2),(1,2),(0,1)",FP32,1564961200,1656.029578585578,0.0002415180206298828,0.004285335540771484,365.18988655862915,345.7061684839522
*** input parameters ***
  einsum_str: Babcd,aij,bik,ckl,dlm,ejp,fop,gno,hmn->Befgh
  dim_sizes:  128,4,7,4,7,3,4,5,5,50,50,50,50,50,50,50,50
  cont_path:  (1,5),(4,5),(1,2),(1,2),(1,2),(1,2),(1,2),(0,1)
  backend:    torch
  dtype:      FP32
*** benchmarking opt_einsum expression ***
  #flops :          1564961200
  #bytes :          945008
  arith. intensity: 1656.03
  time (eval):      0.004286
  time (compile):   0.000239
  gflops (eval):    365.15
  gflops (total):   345.83
CSV_DATA: opt_einsum,torch,"Babcd,aij,bik,ckl,dlm,ejp,fop,gno,hmn->Befgh","128,4,7,4,7,3,4,5,5,50,50,50,50,50,50,50,50","(1,5),(4,5),(1,2),(1,2),(1,2),(1,2),(1,2),(0,1)",FP32,1564961200,1656.029578585578,0.00023937225341796875,0.0042858123779296875,365.1492557301291,345.83366812459434
*** input parameters ***
  einsum_str: Babcd,aij,bik,ckl,dlm,ejp,fop,gno,hmn->Befgh
  dim_sizes:  128,4,7,4,7,3,4,5,5,50,50,50,50,50,50,50,50
  cont_path:  (1,5),(4,5),(1,2),(1,2),(1,2),(1,2),(1,2),(0,1)
  backend:    torch
  dtype:      FP32
*** benchmarking opt_einsum expression ***
  #flops :          1564961200
  #bytes :          945008
  arith. intensity: 1656.03
  time (eval):      0.004422
  time (compile):   0.000234
  gflops (eval):    353.91
  gflops (total):   336.15
CSV_DATA: opt_einsum,torch,"Babcd,aij,bik,ckl,dlm,ejp,fop,gno,hmn->Befgh","128,4,7,4,7,3,4,5,5,50,50,50,50,50,50,50,50","(1,5),(4,5),(1,2),(1,2),(1,2),(1,2),(1,2),(0,1)",FP32,1564961200,1656.029578585578,0.00023365020751953125,0.00442194938659668,353.90753334797006,336.1460040459262
*** input parameters ***
  einsum_str: Babcd,aij,bik,ckl,dlm,ejp,fop,gno,hmn->Befgh
  dim_sizes:  128,4,7,4,7,3,4,5,5,50,50,50,50,50,50,50,50
  cont_path:  (1,5),(4,5),(1,2),(1,2),(1,2),(1,2),(1,2),(0,1)
  backend:    torch
  dtype:      FP32
*** benchmarking opt_einsum expression ***
  #flops :          1564961200
  #bytes :          945008
  arith. intensity: 1656.03
  time (eval):      0.004156
  time (compile):   0.000235
  gflops (eval):    376.59
  gflops (total):   356.44
CSV_DATA: opt_einsum,torch,"Babcd,aij,bik,ckl,dlm,ejp,fop,gno,hmn->Befgh","128,4,7,4,7,3,4,5,5,50,50,50,50,50,50,50,50","(1,5),(4,5),(1,2),(1,2),(1,2),(1,2),(1,2),(0,1)",FP32,1564961200,1656.029578585578,0.00023484230041503906,0.004155635833740234,376.58766615059096,356.4443671466088
*** input parameters ***
  einsum_str: Babcd,aij,bik,ckl,dlm,ejp,fop,gno,hmn->Befgh
  dim_sizes:  128,4,7,4,7,3,4,5,5,50,50,50,50,50,50,50,50
  cont_path:  (1,5),(4,5),(1,2),(1,2),(1,2),(1,2),(1,2),(0,1)
  backend:    torch
  dtype:      FP32
*** benchmarking opt_einsum expression ***
  #flops :          1564961200
  #bytes :          945008
  arith. intensity: 1656.03
  time (eval):      0.004511
  time (compile):   0.000248
  gflops (eval):    346.93
  gflops (total):   328.85
CSV_DATA: opt_einsum,torch,"Babcd,aij,bik,ckl,dlm,ejp,fop,gno,hmn->Befgh","128,4,7,4,7,3,4,5,5,50,50,50,50,50,50,50,50","(1,5),(4,5),(1,2),(1,2),(1,2),(1,2),(1,2),(0,1)",FP32,1564961200,1656.029578585578,0.000247955322265625,0.0045108795166015625,346.9303922306977,328.8538587677756
*** input parameters ***
  einsum_str: Babcd,aij,bik,ckl,dlm,ejp,fop,gno,hmn->Befgh
  dim_sizes:  128,4,7,4,7,3,4,5,5,50,50,50,50,50,50,50,50
  cont_path:  (1,5),(4,5),(1,2),(1,2),(1,2),(1,2),(1,2),(0,1)
  backend:    torch
  dtype:      FP32
*** benchmarking opt_einsum expression ***
  #flops :          1564961200
  #bytes :          945008
  arith. intensity: 1656.03
  time (eval):      0.004066
  time (compile):   0.000248
  gflops (eval):    384.94
  gflops (total):   362.81
CSV_DATA: opt_einsum,torch,"Babcd,aij,bik,ckl,dlm,ejp,fop,gno,hmn->Befgh","128,4,7,4,7,3,4,5,5,50,50,50,50,50,50,50,50","(1,5),(4,5),(1,2),(1,2),(1,2),(1,2),(1,2),(0,1)",FP32,1564961200,1656.029578585578,0.000247955322265625,0.004065513610839844,384.93566860220506,362.8080378623038
*** input parameters ***
  einsum_str: Babcd,aij,bik,ckl,dlm,ejp,fop,gno,hmn->Befgh
  dim_sizes:  128,4,7,4,7,3,4,5,5,50,50,50,50,50,50,50,50
  cont_path:  (1,5),(4,5),(1,2),(1,2),(1,2),(1,2),(1,2),(0,1)
  backend:    torch
  dtype:      FP32
*** benchmarking opt_einsum expression ***
  #flops :          1564961200
  #bytes :          945008
  arith. intensity: 1656.03
  time (eval):      0.004392
  time (compile):   0.000236
  gflops (eval):    356.31
  gflops (total):   338.14
CSV_DATA: opt_einsum,torch,"Babcd,aij,bik,ckl,dlm,ejp,fop,gno,hmn->Befgh","128,4,7,4,7,3,4,5,5,50,50,50,50,50,50,50,50","(1,5),(4,5),(1,2),(1,2),(1,2),(1,2),(1,2),(0,1)",FP32,1564961200,1656.029578585578,0.00023603439331054688,0.004392147064208984,356.30892525267615,338.1373903258191
*** input parameters ***
  einsum_str: Babcd,aij,bik,ckl,dlm,ejp,fop,gno,hmn->Befgh
  dim_sizes:  128,4,7,4,7,3,4,5,5,50,50,50,50,50,50,50,50
  cont_path:  (1,5),(4,5),(1,2),(1,2),(1,2),(1,2),(1,2),(0,1)
  backend:    torch
  dtype:      FP32
*** benchmarking opt_einsum expression ***
  #flops :          1564961200
  #bytes :          945008
  arith. intensity: 1656.03
  time (eval):      0.004536
  time (compile):   0.000226
  gflops (eval):    345.02
  gflops (total):   328.61
CSV_DATA: opt_einsum,torch,"Babcd,aij,bik,ckl,dlm,ejp,fop,gno,hmn->Befgh","128,4,7,4,7,3,4,5,5,50,50,50,50,50,50,50,50","(1,5),(4,5),(1,2),(1,2),(1,2),(1,2),(1,2),(0,1)",FP32,1564961200,1656.029578585578,0.00022649765014648438,0.0045359134674072266,345.0156647045887,328.60690968734923
*** input parameters ***
  einsum_str: Babcd,aij,bik,ckl,dlm,ejp,fop,gno,hmn->Befgh
  dim_sizes:  128,4,7,4,7,3,4,5,5,50,50,50,50,50,50,50,50
  cont_path:  (1,5),(4,5),(1,2),(1,2),(1,2),(1,2),(1,2),(0,1)
  backend:    torch
  dtype:      FP32
*** benchmarking opt_einsum expression ***
  #flops :          1564961200
  #bytes :          945008
  arith. intensity: 1656.03
  time (eval):      0.004120
  time (compile):   0.000238
  gflops (eval):    379.88
  gflops (total):   359.14
CSV_DATA: opt_einsum,torch,"Babcd,aij,bik,ckl,dlm,ejp,fop,gno,hmn->Befgh","128,4,7,4,7,3,4,5,5,50,50,50,50,50,50,50,50","(1,5),(4,5),(1,2),(1,2),(1,2),(1,2),(1,2),(0,1)",FP32,1564961200,1656.029578585578,0.00023794174194335938,0.0041196346282958984,379.8786400257423,359.1356908138535
*** input parameters ***
  einsum_str: Babcd,aij,bik,ckl,dlm,ejp,fop,gno,hmn->Befgh
  dim_sizes:  128,4,7,4,7,3,4,5,5,50,50,50,50,50,50,50,50
  cont_path:  (1,5),(4,5),(1,2),(1,2),(1,2),(1,2),(1,2),(0,1)
  backend:    torch
  dtype:      FP32
*** benchmarking opt_einsum expression ***
  #flops :          1564961200
  #bytes :          945008
  arith. intensity: 1656.03
  time (eval):      0.004504
  time (compile):   0.000234
  gflops (eval):    347.44
  gflops (total):   330.31
CSV_DATA: opt_einsum,torch,"Babcd,aij,bik,ckl,dlm,ejp,fop,gno,hmn->Befgh","128,4,7,4,7,3,4,5,5,50,50,50,50,50,50,50,50","(1,5),(4,5),(1,2),(1,2),(1,2),(1,2),(1,2),(0,1)",FP32,1564961200,1656.029578585578,0.00023365020751953125,0.004504203796386719,347.44458082811775,330.31013592012886
*** input parameters ***
  einsum_str: Babcd,aij,bik,ckl,dlm,ejp,fop,gno,hmn->Befgh
  dim_sizes:  128,4,7,4,7,3,4,5,5,50,50,50,50,50,50,50,50
  cont_path:  (1,5),(4,5),(1,2),(1,2),(1,2),(1,2),(1,2),(0,1)
  backend:    torch
  dtype:      FP32
*** benchmarking opt_einsum expression ***
  #flops :          1564961200
  #bytes :          945008
  arith. intensity: 1656.03
  time (eval):      0.004020
  time (compile):   0.000243
  gflops (eval):    389.25
  gflops (total):   367.03
CSV_DATA: opt_einsum,torch,"Babcd,aij,bik,ckl,dlm,ejp,fop,gno,hmn->Befgh","128,4,7,4,7,3,4,5,5,50,50,50,50,50,50,50,50","(1,5),(4,5),(1,2),(1,2),(1,2),(1,2),(1,2),(0,1)",FP32,1564961200,1656.029578585578,0.0002434253692626953,0.0040204524993896484,389.2500160709719,367.0276795462313
*** input parameters ***
  einsum_str: Babcd,aij,bik,ckl,dlm,ejp,fop,gno,hmn->Befgh
  dim_sizes:  128,4,7,4,7,3,4,5,5,50,50,50,50,50,50,50,50
  cont_path:  (1,5),(4,5),(1,2),(1,2),(1,2),(1,2),(1,2),(0,1)
  backend:    torch
  dtype:      FP32
*** benchmarking opt_einsum expression ***
  #flops :          1564961200
  #bytes :          945008
  arith. intensity: 1656.03
  time (eval):      0.004410
  time (compile):   0.000230
  gflops (eval):    354.90
  gflops (total):   337.30
CSV_DATA: opt_einsum,torch,"Babcd,aij,bik,ckl,dlm,ejp,fop,gno,hmn->Befgh","128,4,7,4,7,3,4,5,5,50,50,50,50,50,50,50,50","(1,5),(4,5),(1,2),(1,2),(1,2),(1,2),(1,2),(0,1)",FP32,1564961200,1656.029578585578,0.0002300739288330078,0.0044095516204833984,354.9025693973939,337.3033412643783
*** input parameters ***
  einsum_str: Babcd,aij,bik,ckl,dlm,ejp,fop,gno,hmn->Befgh
  dim_sizes:  128,4,7,4,7,3,4,5,5,50,50,50,50,50,50,50,50
  cont_path:  (1,5),(4,5),(1,2),(1,2),(1,2),(1,2),(1,2),(0,1)
  backend:    torch
  dtype:      FP32
*** benchmarking opt_einsum expression ***
  #flops :          1564961200
  #bytes :          945008
  arith. intensity: 1656.03
  time (eval):      0.004548
  time (compile):   0.000235
  gflops (eval):    344.11
  gflops (total):   327.20
CSV_DATA: opt_einsum,torch,"Babcd,aij,bik,ckl,dlm,ejp,fop,gno,hmn->Befgh","128,4,7,4,7,3,4,5,5,50,50,50,50,50,50,50,50","(1,5),(4,5),(1,2),(1,2),(1,2),(1,2),(1,2),(0,1)",FP32,1564961200,1656.029578585578,0.00023508071899414062,0.004547834396362305,344.11129861099874,327.1981965507602
*** input parameters ***
  einsum_str: Babcd,aij,bik,ckl,dlm,ejp,fop,gno,hmn->Befgh
  dim_sizes:  128,4,7,4,7,3,4,5,5,50,50,50,50,50,50,50,50
  cont_path:  (1,5),(4,5),(1,2),(1,2),(1,2),(1,2),(1,2),(0,1)
  backend:    torch
  dtype:      FP32
*** benchmarking opt_einsum expression ***
  #flops :          1564961200
  #bytes :          945008
  arith. intensity: 1656.03
  time (eval):      0.004584
  time (compile):   0.000237
  gflops (eval):    341.39
  gflops (total):   324.63
CSV_DATA: opt_einsum,torch,"Babcd,aij,bik,ckl,dlm,ejp,fop,gno,hmn->Befgh","128,4,7,4,7,3,4,5,5,50,50,50,50,50,50,50,50","(1,5),(4,5),(1,2),(1,2),(1,2),(1,2),(1,2),(0,1)",FP32,1564961200,1656.029578585578,0.00023674964904785156,0.004584074020385742,341.3909097105529,324.625273046726
*** input parameters ***
  einsum_str: Babcd,aij,bik,ckl,dlm,ejp,fop,gno,hmn->Befgh
  dim_sizes:  128,4,7,4,7,3,4,5,5,50,50,50,50,50,50,50,50
  cont_path:  (1,5),(4,5),(1,2),(1,2),(1,2),(1,2),(1,2),(0,1)
  backend:    torch
  dtype:      FP32
*** benchmarking opt_einsum expression ***
  #flops :          1564961200
  #bytes :          945008
  arith. intensity: 1656.03
  time (eval):      0.004589
  time (compile):   0.000239
  gflops (eval):    341.02
  gflops (total):   324.16
CSV_DATA: opt_einsum,torch,"Babcd,aij,bik,ckl,dlm,ejp,fop,gno,hmn->Befgh","128,4,7,4,7,3,4,5,5,50,50,50,50,50,50,50,50","(1,5),(4,5),(1,2),(1,2),(1,2),(1,2),(1,2),(0,1)",FP32,1564961200,1656.029578585578,0.00023865699768066406,0.004589080810546875,341.0184445659185,324.16035463503385
*** input parameters ***
  einsum_str: Babcd,aij,bik,ckl,dlm,ejp,fop,gno,hmn->Befgh
  dim_sizes:  128,4,7,4,7,3,4,5,5,50,50,50,50,50,50,50,50
  cont_path:  (1,5),(4,5),(1,2),(1,2),(1,2),(1,2),(1,2),(0,1)
  backend:    torch
  dtype:      FP32
*** benchmarking opt_einsum expression ***
  #flops :          1564961200
  #bytes :          945008
  arith. intensity: 1656.03
  time (eval):      0.004533
  time (compile):   0.000237
  gflops (eval):    345.27
  gflops (total):   328.15
CSV_DATA: opt_einsum,torch,"Babcd,aij,bik,ckl,dlm,ejp,fop,gno,hmn->Befgh","128,4,7,4,7,3,4,5,5,50,50,50,50,50,50,50,50","(1,5),(4,5),(1,2),(1,2),(1,2),(1,2),(1,2),(0,1)",FP32,1564961200,1656.029578585578,0.00023651123046875,0.004532575607299805,345.26973967728156,328.1469290108884
*** input parameters ***
  einsum_str: Babcd,aij,bik,ckl,dlm,ejp,fop,gno,hmn->Befgh
  dim_sizes:  128,4,7,4,7,3,4,5,5,50,50,50,50,50,50,50,50
  cont_path:  (1,5),(4,5),(1,2),(1,2),(1,2),(1,2),(1,2),(0,1)
  backend:    torch
  dtype:      FP32
*** benchmarking opt_einsum expression ***
  #flops :          1564961200
  #bytes :          945008
  arith. intensity: 1656.03
  time (eval):      0.004033
  time (compile):   0.000234
  gflops (eval):    388.03
  gflops (total):   366.72
CSV_DATA: opt_einsum,torch,"Babcd,aij,bik,ckl,dlm,ejp,fop,gno,hmn->Befgh","128,4,7,4,7,3,4,5,5,50,50,50,50,50,50,50,50","(1,5),(4,5),(1,2),(1,2),(1,2),(1,2),(1,2),(0,1)",FP32,1564961200,1656.029578585578,0.00023436546325683594,0.004033088684082031,388.03044579125094,366.720097268272
*** input parameters ***
  einsum_str: Babcd,aij,bik,ckl,dlm,ejp,fop,gno,hmn->Befgh
  dim_sizes:  128,4,7,4,7,3,4,5,5,50,50,50,50,50,50,50,50
  cont_path:  (1,5),(4,5),(1,2),(1,2),(1,2),(1,2),(1,2),(0,1)
  backend:    torch
  dtype:      FP32
*** benchmarking opt_einsum expression ***
  #flops :          1564961200
  #bytes :          945008
  arith. intensity: 1656.03
  time (eval):      0.003993
  time (compile):   0.000245
  gflops (eval):    391.90
  gflops (total):   369.28
CSV_DATA: opt_einsum,torch,"Babcd,aij,bik,ckl,dlm,ejp,fop,gno,hmn->Befgh","128,4,7,4,7,3,4,5,5,50,50,50,50,50,50,50,50","(1,5),(4,5),(1,2),(1,2),(1,2),(1,2),(1,2),(0,1)",FP32,1564961200,1656.029578585578,0.0002446174621582031,0.00399327278137207,391.89939823301694,369.278369676782
*** input parameters ***
  einsum_str: Babcd,aij,bik,ckl,dlm,ejp,fop,gno,hmn->Befgh
  dim_sizes:  128,4,7,4,7,3,4,5,5,50,50,50,50,50,50,50,50
  cont_path:  (1,5),(4,5),(1,2),(1,2),(1,2),(1,2),(1,2),(0,1)
  backend:    torch
  dtype:      FP32
*** benchmarking opt_einsum expression ***
  #flops :          1564961200
  #bytes :          945008
  arith. intensity: 1656.03
  time (eval):      0.004192
  time (compile):   0.000241
  gflops (eval):    373.35
  gflops (total):   353.03
CSV_DATA: opt_einsum,torch,"Babcd,aij,bik,ckl,dlm,ejp,fop,gno,hmn->Befgh","128,4,7,4,7,3,4,5,5,50,50,50,50,50,50,50,50","(1,5),(4,5),(1,2),(1,2),(1,2),(1,2),(1,2),(0,1)",FP32,1564961200,1656.029578585578,0.00024127960205078125,0.00419163703918457,373.3532234232865,353.03194863684183
*** input parameters ***
  einsum_str: Babcd,aij,bik,ckl,dlm,ejp,fop,gno,hmn->Befgh
  dim_sizes:  128,4,7,4,7,3,4,5,5,50,50,50,50,50,50,50,50
  cont_path:  (1,5),(4,5),(1,2),(1,2),(1,2),(1,2),(1,2),(0,1)
  backend:    torch
  dtype:      FP32
*** benchmarking opt_einsum expression ***
  #flops :          1564961200
  #bytes :          945008
  arith. intensity: 1656.03
  time (eval):      0.004205
  time (compile):   0.000246
  gflops (eval):    372.17
  gflops (total):   351.59
CSV_DATA: opt_einsum,torch,"Babcd,aij,bik,ckl,dlm,ejp,fop,gno,hmn->Befgh","128,4,7,4,7,3,4,5,5,50,50,50,50,50,50,50,50","(1,5),(4,5),(1,2),(1,2),(1,2),(1,2),(1,2),(0,1)",FP32,1564961200,1656.029578585578,0.0002460479736328125,0.004204988479614258,372.16777348782676,351.5947839201243
*** input parameters ***
  einsum_str: Babcd,aij,bik,ckl,dlm,ejp,fop,gno,hmn->Befgh
  dim_sizes:  128,4,7,4,7,3,4,5,5,50,50,50,50,50,50,50,50
  cont_path:  (1,5),(4,5),(1,2),(1,2),(1,2),(1,2),(1,2),(0,1)
  backend:    torch
  dtype:      FP32
*** benchmarking opt_einsum expression ***
  #flops :          1564961200
  #bytes :          945008
  arith. intensity: 1656.03
  time (eval):      0.004589
  time (compile):   0.000247
  gflops (eval):    341.04
  gflops (total):   323.65
CSV_DATA: opt_einsum,torch,"Babcd,aij,bik,ckl,dlm,ejp,fop,gno,hmn->Befgh","128,4,7,4,7,3,4,5,5,50,50,50,50,50,50,50,50","(1,5),(4,5),(1,2),(1,2),(1,2),(1,2),(1,2),(0,1)",FP32,1564961200,1656.029578585578,0.0002465248107910156,0.0045888423919677734,341.0361625710397,323.6488842268527
*** input parameters ***
  einsum_str: Babcd,aij,bik,ckl,dlm,ejp,fop,gno,hmn->Befgh
  dim_sizes:  128,4,7,4,7,3,4,5,5,50,50,50,50,50,50,50,50
  cont_path:  (1,5),(4,5),(1,2),(1,2),(1,2),(1,2),(1,2),(0,1)
  backend:    torch
  dtype:      FP32
*** benchmarking opt_einsum expression ***
  #flops :          1564961200
  #bytes :          945008
  arith. intensity: 1656.03
  time (eval):      0.004520
  time (compile):   0.000238
  gflops (eval):    346.22
  gflops (total):   328.89
CSV_DATA: opt_einsum,torch,"Babcd,aij,bik,ckl,dlm,ejp,fop,gno,hmn->Befgh","128,4,7,4,7,3,4,5,5,50,50,50,50,50,50,50,50","(1,5),(4,5),(1,2),(1,2),(1,2),(1,2),(1,2),(0,1)",FP32,1564961200,1656.029578585578,0.00023818016052246094,0.0045201778411865234,346.21673194814076,328.88681335829244
*** input parameters ***
  einsum_str: Babcd,aij,bik,ckl,dlm,ejp,fop,gno,hmn->Befgh
  dim_sizes:  128,4,7,4,7,3,4,5,5,50,50,50,50,50,50,50,50
  cont_path:  (1,5),(4,5),(1,2),(1,2),(1,2),(1,2),(1,2),(0,1)
  backend:    torch
  dtype:      FP32
*** benchmarking opt_einsum expression ***
  #flops :          1564961200
  #bytes :          945008
  arith. intensity: 1656.03
  time (eval):      0.004480
  time (compile):   0.000247
  gflops (eval):    349.35
  gflops (total):   331.09
CSV_DATA: opt_einsum,torch,"Babcd,aij,bik,ckl,dlm,ejp,fop,gno,hmn->Befgh","128,4,7,4,7,3,4,5,5,50,50,50,50,50,50,50,50","(1,5),(4,5),(1,2),(1,2),(1,2),(1,2),(1,2),(0,1)",FP32,1564961200,1656.029578585578,0.00024700164794921875,0.004479646682739258,349.3492480177125,331.0932166963329
*** input parameters ***
  einsum_str: Babcd,aij,bik,ckl,dlm,ejp,fop,gno,hmn->Befgh
  dim_sizes:  128,4,7,4,7,3,4,5,5,50,50,50,50,50,50,50,50
  cont_path:  (1,5),(4,5),(1,2),(1,2),(1,2),(1,2),(1,2),(0,1)
  backend:    torch
  dtype:      FP32
*** benchmarking opt_einsum expression ***
  #flops :          1564961200
  #bytes :          945008
  arith. intensity: 1656.03
  time (eval):      0.004269
  time (compile):   0.000231
  gflops (eval):    366.60
  gflops (total):   347.79
CSV_DATA: opt_einsum,torch,"Babcd,aij,bik,ckl,dlm,ejp,fop,gno,hmn->Befgh","128,4,7,4,7,3,4,5,5,50,50,50,50,50,50,50,50","(1,5),(4,5),(1,2),(1,2),(1,2),(1,2),(1,2),(0,1)",FP32,1564961200,1656.029578585578,0.0002307891845703125,0.0042688846588134766,366.5972086570679,347.7943634294919
*** input parameters ***
  einsum_str: Babcd,aij,bik,ckl,dlm,ejp,fop,gno,hmn->Befgh
  dim_sizes:  128,4,7,4,7,3,4,5,5,50,50,50,50,50,50,50,50
  cont_path:  (1,5),(4,5),(1,2),(1,2),(1,2),(1,2),(1,2),(0,1)
  backend:    torch
  dtype:      FP32
*** benchmarking opt_einsum expression ***
  #flops :          1564961200
  #bytes :          945008
  arith. intensity: 1656.03
  time (eval):      0.004219
  time (compile):   0.000236
  gflops (eval):    370.91
  gflops (total):   351.27
CSV_DATA: opt_einsum,torch,"Babcd,aij,bik,ckl,dlm,ejp,fop,gno,hmn->Befgh","128,4,7,4,7,3,4,5,5,50,50,50,50,50,50,50,50","(1,5),(4,5),(1,2),(1,2),(1,2),(1,2),(1,2),(0,1)",FP32,1564961200,1656.029578585578,0.0002357959747314453,0.0042192935943603516,370.90597395065834,351.2749128226908
*** input parameters ***
  einsum_str: Babcd,aij,bik,ckl,dlm,ejp,fop,gno,hmn->Befgh
  dim_sizes:  128,4,7,4,7,3,4,5,5,50,50,50,50,50,50,50,50
  cont_path:  (1,5),(4,5),(1,2),(1,2),(1,2),(1,2),(1,2),(0,1)
  backend:    torch
  dtype:      FP32
*** benchmarking opt_einsum expression ***
  #flops :          1564961200
  #bytes :          945008
  arith. intensity: 1656.03
  time (eval):      0.004462
  time (compile):   0.000251
  gflops (eval):    350.71
  gflops (total):   332.03
CSV_DATA: opt_einsum,torch,"Babcd,aij,bik,ckl,dlm,ejp,fop,gno,hmn->Befgh","128,4,7,4,7,3,4,5,5,50,50,50,50,50,50,50,50","(1,5),(4,5),(1,2),(1,2),(1,2),(1,2),(1,2),(0,1)",FP32,1564961200,1656.029578585578,0.0002510547637939453,0.004462242126464844,350.71185194511645,332.0311103750721
*** input parameters ***
  einsum_str: Babcd,aij,bik,ckl,dlm,ejp,fop,gno,hmn->Befgh
  dim_sizes:  128,4,7,4,7,3,4,5,5,50,50,50,50,50,50,50,50
  cont_path:  (1,5),(4,5),(1,2),(1,2),(1,2),(1,2),(1,2),(0,1)
  backend:    torch
  dtype:      FP32
*** benchmarking opt_einsum expression ***
  #flops :          1564961200
  #bytes :          945008
  arith. intensity: 1656.03
  time (eval):      0.004416
  time (compile):   0.000254
  gflops (eval):    354.39
  gflops (total):   335.13
CSV_DATA: opt_einsum,torch,"Babcd,aij,bik,ckl,dlm,ejp,fop,gno,hmn->Befgh","128,4,7,4,7,3,4,5,5,50,50,50,50,50,50,50,50","(1,5),(4,5),(1,2),(1,2),(1,2),(1,2),(1,2),(0,1)",FP32,1564961200,1656.029578585578,0.0002536773681640625,0.004415988922119141,354.3852187131411,335.13341269298485
*** input parameters ***
  einsum_str: Babcd,aij,bik,ckl,dlm,ejp,fop,gno,hmn->Befgh
  dim_sizes:  128,4,7,4,7,3,4,5,5,50,50,50,50,50,50,50,50
  cont_path:  (1,5),(4,5),(1,2),(1,2),(1,2),(1,2),(1,2),(0,1)
  backend:    torch
  dtype:      FP32
*** benchmarking opt_einsum expression ***
  #flops :          1564961200
  #bytes :          945008
  arith. intensity: 1656.03
  time (eval):      0.003968
  time (compile):   0.000237
  gflops (eval):    394.40
  gflops (total):   372.13
CSV_DATA: opt_einsum,torch,"Babcd,aij,bik,ckl,dlm,ejp,fop,gno,hmn->Befgh","128,4,7,4,7,3,4,5,5,50,50,50,50,50,50,50,50","(1,5),(4,5),(1,2),(1,2),(1,2),(1,2),(1,2),(0,1)",FP32,1564961200,1656.029578585578,0.00023746490478515625,0.003968000411987305,394.39542276060814,372.125575202948
*** input parameters ***
  einsum_str: Babcd,aij,bik,ckl,dlm,ejp,fop,gno,hmn->Befgh
  dim_sizes:  128,4,7,4,7,3,4,5,5,50,50,50,50,50,50,50,50
  cont_path:  (1,5),(4,5),(1,2),(1,2),(1,2),(1,2),(1,2),(0,1)
  backend:    torch
  dtype:      FP32
*** benchmarking opt_einsum expression ***
  #flops :          1564961200
  #bytes :          945008
  arith. intensity: 1656.03
  time (eval):      0.004234
  time (compile):   0.000234
  gflops (eval):    369.59
  gflops (total):   350.21
CSV_DATA: opt_einsum,torch,"Babcd,aij,bik,ckl,dlm,ejp,fop,gno,hmn->Befgh","128,4,7,4,7,3,4,5,5,50,50,50,50,50,50,50,50","(1,5),(4,5),(1,2),(1,2),(1,2),(1,2),(1,2),(0,1)",FP32,1564961200,1656.029578585578,0.00023436546325683594,0.00423431396484375,369.59026019171176,350.20663826520837
*** input parameters ***
  einsum_str: Babcd,aij,bik,ckl,dlm,ejp,fop,gno,hmn->Befgh
  dim_sizes:  128,4,7,4,7,3,4,5,5,50,50,50,50,50,50,50,50
  cont_path:  (1,5),(4,5),(1,2),(1,2),(1,2),(1,2),(1,2),(0,1)
  backend:    torch
  dtype:      FP32
*** benchmarking opt_einsum expression ***
  #flops :          1564961200
  #bytes :          945008
  arith. intensity: 1656.03
  time (eval):      0.004739
  time (compile):   0.000240
  gflops (eval):    330.23
  gflops (total):   314.29
CSV_DATA: opt_einsum,torch,"Babcd,aij,bik,ckl,dlm,ejp,fop,gno,hmn->Befgh","128,4,7,4,7,3,4,5,5,50,50,50,50,50,50,50,50","(1,5),(4,5),(1,2),(1,2),(1,2),(1,2),(1,2),(0,1)",FP32,1564961200,1656.029578585578,0.000240325927734375,0.004739046096801758,330.227047391699,314.2888686140675
*** input parameters ***
  einsum_str: Babcd,aij,bik,ckl,dlm,ejp,fop,gno,hmn->Befgh
  dim_sizes:  128,4,7,4,7,3,4,5,5,50,50,50,50,50,50,50,50
  cont_path:  (1,5),(4,5),(1,2),(1,2),(1,2),(1,2),(1,2),(0,1)
  backend:    torch
  dtype:      FP32
*** benchmarking opt_einsum expression ***
  #flops :          1564961200
  #bytes :          945008
  arith. intensity: 1656.03
  time (eval):      0.004681
  time (compile):   0.000235
  gflops (eval):    334.30
  gflops (total):   318.33
CSV_DATA: opt_einsum,torch,"Babcd,aij,bik,ckl,dlm,ejp,fop,gno,hmn->Befgh","128,4,7,4,7,3,4,5,5,50,50,50,50,50,50,50,50","(1,5),(4,5),(1,2),(1,2),(1,2),(1,2),(1,2),(0,1)",FP32,1564961200,1656.029578585578,0.00023484230041503906,0.00468134880065918,334.2970726256583,318.32798355988365
*** input parameters ***
  einsum_str: Babcd,aij,bik,ckl,dlm,ejp,fop,gno,hmn->Befgh
  dim_sizes:  128,4,7,4,7,3,4,5,5,50,50,50,50,50,50,50,50
  cont_path:  (1,5),(4,5),(1,2),(1,2),(1,2),(1,2),(1,2),(0,1)
  backend:    torch
  dtype:      FP32
*** benchmarking opt_einsum expression ***
  #flops :          1564961200
  #bytes :          945008
  arith. intensity: 1656.03
  time (eval):      0.004659
  time (compile):   0.000234
  gflops (eval):    335.91
  gflops (total):   319.82
CSV_DATA: opt_einsum,torch,"Babcd,aij,bik,ckl,dlm,ejp,fop,gno,hmn->Befgh","128,4,7,4,7,3,4,5,5,50,50,50,50,50,50,50,50","(1,5),(4,5),(1,2),(1,2),(1,2),(1,2),(1,2),(0,1)",FP32,1564961200,1656.029578585578,0.00023436546325683594,0.004658937454223633,335.90517481217955,319.8169470378484
*** input parameters ***
  einsum_str: Babcd,aij,bik,ckl,dlm,ejp,fop,gno,hmn->Befgh
  dim_sizes:  128,4,7,4,7,3,4,5,5,50,50,50,50,50,50,50,50
  cont_path:  (1,5),(4,5),(1,2),(1,2),(1,2),(1,2),(1,2),(0,1)
  backend:    torch
  dtype:      FP32
*** benchmarking opt_einsum expression ***
  #flops :          1564961200
  #bytes :          945008
  arith. intensity: 1656.03
  time (eval):      0.004302
  time (compile):   0.000236
  gflops (eval):    363.79
  gflops (total):   344.87
CSV_DATA: opt_einsum,torch,"Babcd,aij,bik,ckl,dlm,ejp,fop,gno,hmn->Befgh","128,4,7,4,7,3,4,5,5,50,50,50,50,50,50,50,50","(1,5),(4,5),(1,2),(1,2),(1,2),(1,2),(1,2),(0,1)",FP32,1564961200,1656.029578585578,0.00023603439331054688,0.004301786422729492,363.79332821619465,344.8706468241896
*** input parameters ***
  einsum_str: Babcd,aij,bik,ckl,dlm,ejp,fop,gno,hmn->Befgh
  dim_sizes:  128,4,7,4,7,3,4,5,5,50,50,50,50,50,50,50,50
  cont_path:  (1,5),(4,5),(1,2),(1,2),(1,2),(1,2),(1,2),(0,1)
  backend:    torch
  dtype:      FP32
*** benchmarking opt_einsum expression ***
  #flops :          1564961200
  #bytes :          945008
  arith. intensity: 1656.03
  time (eval):      0.004694
  time (compile):   0.000234
  gflops (eval):    333.41
  gflops (total):   317.60
CSV_DATA: opt_einsum,torch,"Babcd,aij,bik,ckl,dlm,ejp,fop,gno,hmn->Befgh","128,4,7,4,7,3,4,5,5,50,50,50,50,50,50,50,50","(1,5),(4,5),(1,2),(1,2),(1,2),(1,2),(1,2),(0,1)",FP32,1564961200,1656.029578585578,0.00023365020751953125,0.004693746566772461,333.41408142453395,317.60405578965504
*** input parameters ***
  einsum_str: Babcd,aij,bik,ckl,dlm,ejp,fop,gno,hmn->Befgh
  dim_sizes:  128,4,7,4,7,3,4,5,5,50,50,50,50,50,50,50,50
  cont_path:  (1,5),(4,5),(1,2),(1,2),(1,2),(1,2),(1,2),(0,1)
  backend:    torch
  dtype:      FP32
*** benchmarking opt_einsum expression ***
  #flops :          1564961200
  #bytes :          945008
  arith. intensity: 1656.03
  time (eval):      0.004462
  time (compile):   0.000236
  gflops (eval):    350.69
  gflops (total):   333.06
CSV_DATA: opt_einsum,torch,"Babcd,aij,bik,ckl,dlm,ejp,fop,gno,hmn->Befgh","128,4,7,4,7,3,4,5,5,50,50,50,50,50,50,50,50","(1,5),(4,5),(1,2),(1,2),(1,2),(1,2),(1,2),(0,1)",FP32,1564961200,1656.029578585578,0.00023627281188964844,0.004462480545043945,350.69311433481863,333.0588096714431
*** input parameters ***
  einsum_str: Babcd,aij,bik,ckl,dlm,ejp,fop,gno,hmn->Befgh
  dim_sizes:  128,4,7,4,7,3,4,5,5,50,50,50,50,50,50,50,50
  cont_path:  (1,5),(4,5),(1,2),(1,2),(1,2),(1,2),(1,2),(0,1)
  backend:    torch
  dtype:      FP32
*** benchmarking opt_einsum expression ***
  #flops :          1564961200
  #bytes :          945008
  arith. intensity: 1656.03
  time (eval):      0.004331
  time (compile):   0.000232
  gflops (eval):    361.33
  gflops (total):   342.94
CSV_DATA: opt_einsum,torch,"Babcd,aij,bik,ckl,dlm,ejp,fop,gno,hmn->Befgh","128,4,7,4,7,3,4,5,5,50,50,50,50,50,50,50,50","(1,5),(4,5),(1,2),(1,2),(1,2),(1,2),(1,2),(0,1)",FP32,1564961200,1656.029578585578,0.00023221969604492188,0.004331111907958984,361.3301233625895,342.9426865728736
*** input parameters ***
  einsum_str: Babcd,aij,bik,ckl,dlm,ejp,fop,gno,hmn->Befgh
  dim_sizes:  128,4,7,4,7,3,4,5,5,50,50,50,50,50,50,50,50
  cont_path:  (1,5),(4,5),(1,2),(1,2),(1,2),(1,2),(1,2),(0,1)
  backend:    torch
  dtype:      FP32
*** benchmarking opt_einsum expression ***
  #flops :          1564961200
  #bytes :          945008
  arith. intensity: 1656.03
  time (eval):      0.004401
  time (compile):   0.000243
  gflops (eval):    355.61
  gflops (total):   336.99
CSV_DATA: opt_einsum,torch,"Babcd,aij,bik,ckl,dlm,ejp,fop,gno,hmn->Befgh","128,4,7,4,7,3,4,5,5,50,50,50,50,50,50,50,50","(1,5),(4,5),(1,2),(1,2),(1,2),(1,2),(1,2),(0,1)",FP32,1564961200,1656.029578585578,0.00024318695068359375,0.004400730133056641,355.61398965244337,336.99163266273746
*** input parameters ***
  einsum_str: Babcd,aij,bik,ckl,dlm,ejp,fop,gno,hmn->Befgh
  dim_sizes:  128,4,7,4,7,3,4,5,5,50,50,50,50,50,50,50,50
  cont_path:  (1,5),(4,5),(1,2),(1,2),(1,2),(1,2),(1,2),(0,1)
  backend:    torch
  dtype:      FP32
*** benchmarking opt_einsum expression ***
  #flops :          1564961200
  #bytes :          945008
  arith. intensity: 1656.03
  time (eval):      0.004262
  time (compile):   0.000240
  gflops (eval):    367.17
  gflops (total):   347.61
CSV_DATA: opt_einsum,torch,"Babcd,aij,bik,ckl,dlm,ejp,fop,gno,hmn->Befgh","128,4,7,4,7,3,4,5,5,50,50,50,50,50,50,50,50","(1,5),(4,5),(1,2),(1,2),(1,2),(1,2),(1,2),(0,1)",FP32,1564961200,1656.029578585578,0.00023984909057617188,0.004262208938598633,367.1713945854898,347.61017957977015
*** input parameters ***
  einsum_str: Babcd,aij,bik,ckl,dlm,ejp,fop,gno,hmn->Befgh
  dim_sizes:  128,4,7,4,7,3,4,5,5,50,50,50,50,50,50,50,50
  cont_path:  (1,5),(4,5),(1,2),(1,2),(1,2),(1,2),(1,2),(0,1)
  backend:    torch
  dtype:      FP32
*** benchmarking opt_einsum expression ***
  #flops :          1564961200
  #bytes :          945008
  arith. intensity: 1656.03
  time (eval):      0.004578
  time (compile):   0.000231
  gflops (eval):    341.87
  gflops (total):   325.48
CSV_DATA: opt_einsum,torch,"Babcd,aij,bik,ckl,dlm,ejp,fop,gno,hmn->Befgh","128,4,7,4,7,3,4,5,5,50,50,50,50,50,50,50,50","(1,5),(4,5),(1,2),(1,2),(1,2),(1,2),(1,2),(0,1)",FP32,1564961200,1656.029578585578,0.00023055076599121094,0.00457763671875,341.87099067733334,325.4784063571577
*** input parameters ***
  einsum_str: Babcd,aij,bik,ckl,dlm,ejp,fop,gno,hmn->Befgh
  dim_sizes:  128,4,7,4,7,3,4,5,5,50,50,50,50,50,50,50,50
  cont_path:  (1,5),(4,5),(1,2),(1,2),(1,2),(1,2),(1,2),(0,1)
  backend:    torch
  dtype:      FP32
*** benchmarking opt_einsum expression ***
  #flops :          1564961200
  #bytes :          945008
  arith. intensity: 1656.03
  time (eval):      0.004560
  time (compile):   0.000255
  gflops (eval):    343.16
  gflops (total):   324.96
CSV_DATA: opt_einsum,torch,"Babcd,aij,bik,ckl,dlm,ejp,fop,gno,hmn->Befgh","128,4,7,4,7,3,4,5,5,50,50,50,50,50,50,50,50","(1,5),(4,5),(1,2),(1,2),(1,2),(1,2),(1,2),(0,1)",FP32,1564961200,1656.029578585578,0.00025534629821777344,0.0045604705810546875,343.15783254939356,324.962771474073
*** input parameters ***
  einsum_str: Babcd,aij,bik,ckl,dlm,ejp,fop,gno,hmn->Befgh
  dim_sizes:  128,4,7,4,7,3,4,5,5,50,50,50,50,50,50,50,50
  cont_path:  (1,5),(4,5),(1,2),(1,2),(1,2),(1,2),(1,2),(0,1)
  backend:    torch
  dtype:      FP32
*** benchmarking opt_einsum expression ***
  #flops :          1564961200
  #bytes :          945008
  arith. intensity: 1656.03
  time (eval):      0.004140
  time (compile):   0.000242
  gflops (eval):    378.00
  gflops (total):   357.14
CSV_DATA: opt_einsum,torch,"Babcd,aij,bik,ckl,dlm,ejp,fop,gno,hmn->Befgh","128,4,7,4,7,3,4,5,5,50,50,50,50,50,50,50,50","(1,5),(4,5),(1,2),(1,2),(1,2),(1,2),(1,2),(0,1)",FP32,1564961200,1656.029578585578,0.00024175643920898438,0.004140138626098633,377.99729461588254,357.14255514471955
*** input parameters ***
  einsum_str: Babcd,aij,bik,ckl,dlm,ejp,fop,gno,hmn->Befgh
  dim_sizes:  128,4,7,4,7,3,4,5,5,50,50,50,50,50,50,50,50
  cont_path:  (1,5),(4,5),(1,2),(1,2),(1,2),(1,2),(1,2),(0,1)
  backend:    torch
  dtype:      FP32
*** benchmarking opt_einsum expression ***
  #flops :          1564961200
  #bytes :          945008
  arith. intensity: 1656.03
  time (eval):      0.004266
  time (compile):   0.000238
  gflops (eval):    366.84
  gflops (total):   347.46
CSV_DATA: opt_einsum,torch,"Babcd,aij,bik,ckl,dlm,ejp,fop,gno,hmn->Befgh","128,4,7,4,7,3,4,5,5,50,50,50,50,50,50,50,50","(1,5),(4,5),(1,2),(1,2),(1,2),(1,2),(1,2),(0,1)",FP32,1564961200,1656.029578585578,0.00023794174194335938,0.004266023635864258,366.84306829513224,347.4629728974009
*** input parameters ***
  einsum_str: Babcd,aij,bik,ckl,dlm,ejp,fop,gno,hmn->Befgh
  dim_sizes:  128,4,7,4,7,3,4,5,5,50,50,50,50,50,50,50,50
  cont_path:  (1,5),(4,5),(1,2),(1,2),(1,2),(1,2),(1,2),(0,1)
  backend:    torch
  dtype:      FP32
*** benchmarking opt_einsum expression ***
  #flops :          1564961200
  #bytes :          945008
  arith. intensity: 1656.03
  time (eval):      0.004259
  time (compile):   0.000235
  gflops (eval):    367.48
  gflops (total):   348.29
CSV_DATA: opt_einsum,torch,"Babcd,aij,bik,ckl,dlm,ejp,fop,gno,hmn->Befgh","128,4,7,4,7,3,4,5,5,50,50,50,50,50,50,50,50","(1,5),(4,5),(1,2),(1,2),(1,2),(1,2),(1,2),(0,1)",FP32,1564961200,1656.029578585578,0.0002346038818359375,0.004258632659912109,367.47973468843355,348.29263615646823
*** input parameters ***
  einsum_str: Babcd,aij,bik,ckl,dlm,ejp,fop,gno,hmn->Befgh
  dim_sizes:  128,4,7,4,7,3,4,5,5,50,50,50,50,50,50,50,50
  cont_path:  (1,5),(4,5),(1,2),(1,2),(1,2),(1,2),(1,2),(0,1)
  backend:    torch
  dtype:      FP32
*** benchmarking opt_einsum expression ***
  #flops :          1564961200
  #bytes :          945008
  arith. intensity: 1656.03
  time (eval):      0.004540
  time (compile):   0.000233
  gflops (eval):    344.69
  gflops (total):   327.85
CSV_DATA: opt_einsum,torch,"Babcd,aij,bik,ckl,dlm,ejp,fop,gno,hmn->Befgh","128,4,7,4,7,3,4,5,5,50,50,50,50,50,50,50,50","(1,5),(4,5),(1,2),(1,2),(1,2),(1,2),(1,2),(0,1)",FP32,1564961200,1656.029578585578,0.00023317337036132812,0.004540205001831055,344.68954581761284,327.85190654836424
*** input parameters ***
  einsum_str: Babcd,aij,bik,ckl,dlm,ejp,fop,gno,hmn->Befgh
  dim_sizes:  128,4,7,4,7,3,4,5,5,50,50,50,50,50,50,50,50
  cont_path:  (1,5),(4,5),(1,2),(1,2),(1,2),(1,2),(1,2),(0,1)
  backend:    torch
  dtype:      FP32
*** benchmarking opt_einsum expression ***
  #flops :          1564961200
  #bytes :          945008
  arith. intensity: 1656.03
  time (eval):      0.004624
  time (compile):   0.000235
  gflops (eval):    338.47
  gflops (total):   322.12
CSV_DATA: opt_einsum,torch,"Babcd,aij,bik,ckl,dlm,ejp,fop,gno,hmn->Befgh","128,4,7,4,7,3,4,5,5,50,50,50,50,50,50,50,50","(1,5),(4,5),(1,2),(1,2),(1,2),(1,2),(1,2),(0,1)",FP32,1564961200,1656.029578585578,0.0002346038818359375,0.0046236515045166016,338.4686753470221,322.12411154756836
*** input parameters ***
  einsum_str: Babcd,aij,bik,ckl,dlm,ejp,fop,gno,hmn->Befgh
  dim_sizes:  128,4,7,4,7,3,4,5,5,50,50,50,50,50,50,50,50
  cont_path:  (1,5),(4,5),(1,2),(1,2),(1,2),(1,2),(1,2),(0,1)
  backend:    torch
  dtype:      FP32
*** benchmarking opt_einsum expression ***
  #flops :          1564961200
  #bytes :          945008
  arith. intensity: 1656.03
  time (eval):      0.004047
  time (compile):   0.000232
  gflops (eval):    386.70
  gflops (total):   365.78
CSV_DATA: opt_einsum,torch,"Babcd,aij,bik,ckl,dlm,ejp,fop,gno,hmn->Befgh","128,4,7,4,7,3,4,5,5,50,50,50,50,50,50,50,50","(1,5),(4,5),(1,2),(1,2),(1,2),(1,2),(1,2),(0,1)",FP32,1564961200,1656.029578585578,0.0002315044403076172,0.004046916961669922,386.70454936990694,365.78005132375597
*** input parameters ***
  einsum_str: Babcd,aij,bik,ckl,dlm,ejp,fop,gno,hmn->Befgh
  dim_sizes:  128,4,7,4,7,3,4,5,5,50,50,50,50,50,50,50,50
  cont_path:  (1,5),(4,5),(1,2),(1,2),(1,2),(1,2),(1,2),(0,1)
  backend:    torch
  dtype:      FP32
*** benchmarking opt_einsum expression ***
  #flops :          1564961200
  #bytes :          945008
  arith. intensity: 1656.03
  time (eval):      0.004269
  time (compile):   0.000237
  gflops (eval):    366.58
  gflops (total):   347.33
CSV_DATA: opt_einsum,torch,"Babcd,aij,bik,ckl,dlm,ejp,fop,gno,hmn->Befgh","128,4,7,4,7,3,4,5,5,50,50,50,50,50,50,50,50","(1,5),(4,5),(1,2),(1,2),(1,2),(1,2),(1,2),(0,1)",FP32,1564961200,1656.029578585578,0.00023651123046875,0.004269123077392578,366.5767352286831,347.33426928800935
*** input parameters ***
  einsum_str: Babcd,aij,bik,ckl,dlm,ejp,fop,gno,hmn->Befgh
  dim_sizes:  128,4,7,4,7,3,4,5,5,50,50,50,50,50,50,50,50
  cont_path:  (1,5),(4,5),(1,2),(1,2),(1,2),(1,2),(1,2),(0,1)
  backend:    torch
  dtype:      FP32
*** benchmarking opt_einsum expression ***
  #flops :          1564961200
  #bytes :          945008
  arith. intensity: 1656.03
  time (eval):      0.004247
  time (compile):   0.000238
  gflops (eval):    368.51
  gflops (total):   348.96
CSV_DATA: opt_einsum,torch,"Babcd,aij,bik,ckl,dlm,ejp,fop,gno,hmn->Befgh","128,4,7,4,7,3,4,5,5,50,50,50,50,50,50,50,50","(1,5),(4,5),(1,2),(1,2),(1,2),(1,2),(1,2),(0,1)",FP32,1564961200,1656.029578585578,0.00023794174194335938,0.004246711730957031,368.5112857065349,348.9592249338012
*** input parameters ***
  einsum_str: Babcd,aij,bik,ckl,dlm,ejp,fop,gno,hmn->Befgh
  dim_sizes:  128,4,7,4,7,3,4,5,5,50,50,50,50,50,50,50,50
  cont_path:  (1,5),(4,5),(1,2),(1,2),(1,2),(1,2),(1,2),(0,1)
  backend:    torch
  dtype:      FP32
*** benchmarking opt_einsum expression ***
  #flops :          1564961200
  #bytes :          945008
  arith. intensity: 1656.03
  time (eval):      0.004398
  time (compile):   0.000237
  gflops (eval):    355.83
  gflops (total):   337.60
CSV_DATA: opt_einsum,torch,"Babcd,aij,bik,ckl,dlm,ejp,fop,gno,hmn->Befgh","128,4,7,4,7,3,4,5,5,50,50,50,50,50,50,50,50","(1,5),(4,5),(1,2),(1,2),(1,2),(1,2),(1,2),(0,1)",FP32,1564961200,1656.029578585578,0.00023746490478515625,0.0043981075286865234,355.8260433135361,337.5982626654735
*** input parameters ***
  einsum_str: Babcd,aij,bik,ckl,dlm,ejp,fop,gno,hmn->Befgh
  dim_sizes:  128,4,7,4,7,3,4,5,5,50,50,50,50,50,50,50,50
  cont_path:  (1,5),(4,5),(1,2),(1,2),(1,2),(1,2),(1,2),(0,1)
  backend:    torch
  dtype:      FP32
*** benchmarking opt_einsum expression ***
  #flops :          1564961200
  #bytes :          945008
  arith. intensity: 1656.03
  time (eval):      0.004416
  time (compile):   0.000239
  gflops (eval):    354.42
  gflops (total):   336.23
CSV_DATA: opt_einsum,torch,"Babcd,aij,bik,ckl,dlm,ejp,fop,gno,hmn->Befgh","128,4,7,4,7,3,4,5,5,50,50,50,50,50,50,50,50","(1,5),(4,5),(1,2),(1,2),(1,2),(1,2),(1,2),(0,1)",FP32,1564961200,1656.029578585578,0.00023889541625976562,0.0044155120849609375,354.4234892551188,336.2320981971519
*** input parameters ***
  einsum_str: Babcd,aij,bik,ckl,dlm,ejp,fop,gno,hmn->Befgh
  dim_sizes:  128,4,7,4,7,3,4,5,5,50,50,50,50,50,50,50,50
  cont_path:  (1,5),(4,5),(1,2),(1,2),(1,2),(1,2),(1,2),(0,1)
  backend:    torch
  dtype:      FP32
*** benchmarking opt_einsum expression ***
  #flops :          1564961200
  #bytes :          945008
  arith. intensity: 1656.03
  time (eval):      0.004320
  time (compile):   0.000248
  gflops (eval):    362.29
  gflops (total):   342.62
CSV_DATA: opt_einsum,torch,"Babcd,aij,bik,ckl,dlm,ejp,fop,gno,hmn->Befgh","128,4,7,4,7,3,4,5,5,50,50,50,50,50,50,50,50","(1,5),(4,5),(1,2),(1,2),(1,2),(1,2),(1,2),(0,1)",FP32,1564961200,1656.029578585578,0.000247955322265625,0.004319667816162109,362.28739491140306,342.6204729619376
*** input parameters ***
  einsum_str: Babcd,aij,bik,ckl,dlm,ejp,fop,gno,hmn->Befgh
  dim_sizes:  128,4,7,4,7,3,4,5,5,50,50,50,50,50,50,50,50
  cont_path:  (1,5),(4,5),(1,2),(1,2),(1,2),(1,2),(1,2),(0,1)
  backend:    torch
  dtype:      FP32
*** benchmarking opt_einsum expression ***
  #flops :          1564961200
  #bytes :          945008
  arith. intensity: 1656.03
  time (eval):      0.004611
  time (compile):   0.000245
  gflops (eval):    339.41
  gflops (total):   322.31
CSV_DATA: opt_einsum,torch,"Babcd,aij,bik,ckl,dlm,ejp,fop,gno,hmn->Befgh","128,4,7,4,7,3,4,5,5,50,50,50,50,50,50,50,50","(1,5),(4,5),(1,2),(1,2),(1,2),(1,2),(1,2),(0,1)",FP32,1564961200,1656.029578585578,0.0002446174621582031,0.004610776901245117,339.4137763589017,322.31392197421064
*** input parameters ***
  einsum_str: Babcd,aij,bik,ckl,dlm,ejp,fop,gno,hmn->Befgh
  dim_sizes:  128,4,7,4,7,3,4,5,5,50,50,50,50,50,50,50,50
  cont_path:  (1,5),(4,5),(1,2),(1,2),(1,2),(1,2),(1,2),(0,1)
  backend:    torch
  dtype:      FP32
*** benchmarking opt_einsum expression ***
  #flops :          1564961200
  #bytes :          945008
  arith. intensity: 1656.03
  time (eval):      0.004612
  time (compile):   0.000238
  gflops (eval):    339.33
  gflops (total):   322.66
CSV_DATA: opt_einsum,torch,"Babcd,aij,bik,ckl,dlm,ejp,fop,gno,hmn->Befgh","128,4,7,4,7,3,4,5,5,50,50,50,50,50,50,50,50","(1,5),(4,5),(1,2),(1,2),(1,2),(1,2),(1,2),(0,1)",FP32,1564961200,1656.029578585578,0.00023818016052246094,0.004611968994140625,339.3260453373035,322.6624893577545
*** input parameters ***
  einsum_str: Babcd,aij,bik,ckl,dlm,ejp,fop,gno,hmn->Befgh
  dim_sizes:  128,4,7,4,7,3,4,5,5,50,50,50,50,50,50,50,50
  cont_path:  (1,5),(4,5),(1,2),(1,2),(1,2),(1,2),(1,2),(0,1)
  backend:    torch
  dtype:      FP32
*** benchmarking opt_einsum expression ***
  #flops :          1564961200
  #bytes :          945008
  arith. intensity: 1656.03
  time (eval):      0.004159
  time (compile):   0.000237
  gflops (eval):    376.29
  gflops (total):   356.00
CSV_DATA: opt_einsum,torch,"Babcd,aij,bik,ckl,dlm,ejp,fop,gno,hmn->Befgh","128,4,7,4,7,3,4,5,5,50,50,50,50,50,50,50,50","(1,5),(4,5),(1,2),(1,2),(1,2),(1,2),(1,2),(0,1)",FP32,1564961200,1656.029578585578,0.00023698806762695312,0.004158973693847656,376.2854288583353,355.9997299601259
*** input parameters ***
  einsum_str: Babcd,aij,bik,ckl,dlm,ejp,fop,gno,hmn->Befgh
  dim_sizes:  128,4,7,4,7,3,4,5,5,50,50,50,50,50,50,50,50
  cont_path:  (1,5),(4,5),(1,2),(1,2),(1,2),(1,2),(1,2),(0,1)
  backend:    torch
  dtype:      FP32
*** benchmarking opt_einsum expression ***
  #flops :          1564961200
  #bytes :          945008
  arith. intensity: 1656.03
  time (eval):      0.004693
  time (compile):   0.000247
  gflops (eval):    333.45
  gflops (total):   316.81
CSV_DATA: opt_einsum,torch,"Babcd,aij,bik,ckl,dlm,ejp,fop,gno,hmn->Befgh","128,4,7,4,7,3,4,5,5,50,50,50,50,50,50,50,50","(1,5),(4,5),(1,2),(1,2),(1,2),(1,2),(1,2),(0,1)",FP32,1564961200,1656.029578585578,0.0002465248107910156,0.004693269729614258,333.4479563629566,316.8069415032
*** input parameters ***
  einsum_str: Babcd,aij,bik,ckl,dlm,ejp,fop,gno,hmn->Befgh
  dim_sizes:  128,4,7,4,7,3,4,5,5,50,50,50,50,50,50,50,50
  cont_path:  (1,5),(4,5),(1,2),(1,2),(1,2),(1,2),(1,2),(0,1)
  backend:    torch
  dtype:      FP32
*** benchmarking opt_einsum expression ***
  #flops :          1564961200
  #bytes :          945008
  arith. intensity: 1656.03
  time (eval):      0.004152
  time (compile):   0.000234
  gflops (eval):    376.96
  gflops (total):   356.81
CSV_DATA: opt_einsum,torch,"Babcd,aij,bik,ckl,dlm,ejp,fop,gno,hmn->Befgh","128,4,7,4,7,3,4,5,5,50,50,50,50,50,50,50,50","(1,5),(4,5),(1,2),(1,2),(1,2),(1,2),(1,2),(0,1)",FP32,1564961200,1656.029578585578,0.00023436546325683594,0.004151582717895508,376.9553219436513,356.8125147317243
*** input parameters ***
  einsum_str: Babcd,aij,bik,ckl,dlm,ejp,fop,gno,hmn->Befgh
  dim_sizes:  128,4,7,4,7,3,4,5,5,50,50,50,50,50,50,50,50
  cont_path:  (1,5),(4,5),(1,2),(1,2),(1,2),(1,2),(1,2),(0,1)
  backend:    torch
  dtype:      FP32
*** benchmarking opt_einsum expression ***
  #flops :          1564961200
  #bytes :          945008
  arith. intensity: 1656.03
  time (eval):      0.004663
  time (compile):   0.000233
  gflops (eval):    335.65
  gflops (total):   319.68
CSV_DATA: opt_einsum,torch,"Babcd,aij,bik,ckl,dlm,ejp,fop,gno,hmn->Befgh","128,4,7,4,7,3,4,5,5,50,50,50,50,50,50,50,50","(1,5),(4,5),(1,2),(1,2),(1,2),(1,2),(1,2),(0,1)",FP32,1564961200,1656.029578585578,0.00023293495178222656,0.004662513732910156,335.6475261303334,319.67676525616326
*** input parameters ***
  einsum_str: Babcd,aij,bik,ckl,dlm,ejp,fop,gno,hmn->Befgh
  dim_sizes:  128,4,7,4,7,3,4,5,5,50,50,50,50,50,50,50,50
  cont_path:  (1,5),(4,5),(1,2),(1,2),(1,2),(1,2),(1,2),(0,1)
  backend:    torch
  dtype:      FP32
*** benchmarking opt_einsum expression ***
  #flops :          1564961200
  #bytes :          945008
  arith. intensity: 1656.03
  time (eval):      0.004518
  time (compile):   0.000233
  gflops (eval):    346.42
  gflops (total):   329.43
CSV_DATA: opt_einsum,torch,"Babcd,aij,bik,ckl,dlm,ejp,fop,gno,hmn->Befgh","128,4,7,4,7,3,4,5,5,50,50,50,50,50,50,50,50","(1,5),(4,5),(1,2),(1,2),(1,2),(1,2),(1,2),(0,1)",FP32,1564961200,1656.029578585578,0.00023293495178222656,0.004517555236816406,346.41772329558796,329.43151924741784
*** input parameters ***
  einsum_str: Babcd,aij,bik,ckl,dlm,ejp,fop,gno,hmn->Befgh
  dim_sizes:  128,4,7,4,7,3,4,5,5,50,50,50,50,50,50,50,50
  cont_path:  (1,5),(4,5),(1,2),(1,2),(1,2),(1,2),(1,2),(0,1)
  backend:    torch
  dtype:      FP32
*** benchmarking opt_einsum expression ***
  #flops :          1564961200
  #bytes :          945008
  arith. intensity: 1656.03
  time (eval):      0.004574
  time (compile):   0.000238
  gflops (eval):    342.16
  gflops (total):   325.20
CSV_DATA: opt_einsum,torch,"Babcd,aij,bik,ckl,dlm,ejp,fop,gno,hmn->Befgh","128,4,7,4,7,3,4,5,5,50,50,50,50,50,50,50,50","(1,5),(4,5),(1,2),(1,2),(1,2),(1,2),(1,2),(0,1)",FP32,1564961200,1656.029578585578,0.0002384185791015625,0.004573822021484375,342.15612077798164,325.20427175013873
*** input parameters ***
  einsum_str: Babcd,aij,bik,ckl,dlm,ejp,fop,gno,hmn->Befgh
  dim_sizes:  128,4,7,4,7,3,4,5,5,50,50,50,50,50,50,50,50
  cont_path:  (1,5),(4,5),(1,2),(1,2),(1,2),(1,2),(1,2),(0,1)
  backend:    torch
  dtype:      FP32
*** benchmarking opt_einsum expression ***
  #flops :          1564961200
  #bytes :          945008
  arith. intensity: 1656.03
  time (eval):      0.004605
  time (compile):   0.000234
  gflops (eval):    339.87
  gflops (total):   323.43
CSV_DATA: opt_einsum,torch,"Babcd,aij,bik,ckl,dlm,ejp,fop,gno,hmn->Befgh","128,4,7,4,7,3,4,5,5,50,50,50,50,50,50,50,50","(1,5),(4,5),(1,2),(1,2),(1,2),(1,2),(1,2),(0,1)",FP32,1564961200,1656.029578585578,0.00023412704467773438,0.0046045780181884766,339.8707099365609,323.4256231093767
*** input parameters ***
  einsum_str: Babcd,aij,bik,ckl,dlm,ejp,fop,gno,hmn->Befgh
  dim_sizes:  128,4,7,4,7,3,4,5,5,50,50,50,50,50,50,50,50
  cont_path:  (1,5),(4,5),(1,2),(1,2),(1,2),(1,2),(1,2),(0,1)
  backend:    torch
  dtype:      FP32
*** benchmarking opt_einsum expression ***
  #flops :          1564961200
  #bytes :          945008
  arith. intensity: 1656.03
  time (eval):      0.004064
  time (compile):   0.000247
  gflops (eval):    385.12
  gflops (total):   363.09
CSV_DATA: opt_einsum,torch,"Babcd,aij,bik,ckl,dlm,ejp,fop,gno,hmn->Befgh","128,4,7,4,7,3,4,5,5,50,50,50,50,50,50,50,50","(1,5),(4,5),(1,2),(1,2),(1,2),(1,2),(1,2),(0,1)",FP32,1564961200,1656.029578585578,0.0002465248107910156,0.004063606262207031,385.1163471605727,363.089004370218
*** input parameters ***
  einsum_str: Babcd,aij,bik,ckl,dlm,ejp,fop,gno,hmn->Befgh
  dim_sizes:  128,4,7,4,7,3,4,5,5,50,50,50,50,50,50,50,50
  cont_path:  (1,5),(4,5),(1,2),(1,2),(1,2),(1,2),(1,2),(0,1)
  backend:    torch
  dtype:      FP32
*** benchmarking opt_einsum expression ***
  #flops :          1564961200
  #bytes :          945008
  arith. intensity: 1656.03
  time (eval):      0.004318
  time (compile):   0.000240
  gflops (eval):    362.47
  gflops (total):   343.39
CSV_DATA: opt_einsum,torch,"Babcd,aij,bik,ckl,dlm,ejp,fop,gno,hmn->Befgh","128,4,7,4,7,3,4,5,5,50,50,50,50,50,50,50,50","(1,5),(4,5),(1,2),(1,2),(1,2),(1,2),(1,2),(0,1)",FP32,1564961200,1656.029578585578,0.00023984909057617188,0.004317522048950195,362.46744828564806,343.3912121896312
*** input parameters ***
  einsum_str: Babcd,aij,bik,ckl,dlm,ejp,fop,gno,hmn->Befgh
  dim_sizes:  128,4,7,4,7,3,4,5,5,50,50,50,50,50,50,50,50
  cont_path:  (1,5),(4,5),(1,2),(1,2),(1,2),(1,2),(1,2),(0,1)
  backend:    torch
  dtype:      FP32
*** benchmarking opt_einsum expression ***
  #flops :          1564961200
  #bytes :          945008
  arith. intensity: 1656.03
  time (eval):      0.004204
  time (compile):   0.000235
  gflops (eval):    372.29
  gflops (total):   352.58
CSV_DATA: opt_einsum,torch,"Babcd,aij,bik,ckl,dlm,ejp,fop,gno,hmn->Befgh","128,4,7,4,7,3,4,5,5,50,50,50,50,50,50,50,50","(1,5),(4,5),(1,2),(1,2),(1,2),(1,2),(1,2),(0,1)",FP32,1564961200,1656.029578585578,0.00023508071899414062,0.0042035579681396484,372.2944257844025,352.5768395017887
*** input parameters ***
  einsum_str: Babcd,aij,bik,ckl,dlm,ejp,fop,gno,hmn->Befgh
  dim_sizes:  128,4,7,4,7,3,4,5,5,50,50,50,50,50,50,50,50
  cont_path:  (1,5),(4,5),(1,2),(1,2),(1,2),(1,2),(1,2),(0,1)
  backend:    torch
  dtype:      FP32
*** benchmarking opt_einsum expression ***
  #flops :          1564961200
  #bytes :          945008
  arith. intensity: 1656.03
  time (eval):      0.004531
  time (compile):   0.000247
  gflops (eval):    345.40
  gflops (total):   327.57
CSV_DATA: opt_einsum,torch,"Babcd,aij,bik,ckl,dlm,ejp,fop,gno,hmn->Befgh","128,4,7,4,7,3,4,5,5,50,50,50,50,50,50,50,50","(1,5),(4,5),(1,2),(1,2),(1,2),(1,2),(1,2),(0,1)",FP32,1564961200,1656.029578585578,0.0002465248107910156,0.004530906677246094,345.39691754392766,327.57376090452146
*** input parameters ***
  einsum_str: Babcd,aij,bik,ckl,dlm,ejp,fop,gno,hmn->Befgh
  dim_sizes:  128,4,7,4,7,3,4,5,5,50,50,50,50,50,50,50,50
  cont_path:  (1,5),(4,5),(1,2),(1,2),(1,2),(1,2),(1,2),(0,1)
  backend:    torch
  dtype:      FP32
*** benchmarking opt_einsum expression ***
  #flops :          1564961200
  #bytes :          945008
  arith. intensity: 1656.03
  time (eval):      0.004145
  time (compile):   0.000232
  gflops (eval):    377.58
  gflops (total):   357.53
CSV_DATA: opt_einsum,torch,"Babcd,aij,bik,ckl,dlm,ejp,fop,gno,hmn->Befgh","128,4,7,4,7,3,4,5,5,50,50,50,50,50,50,50,50","(1,5),(4,5),(1,2),(1,2),(1,2),(1,2),(1,2),(0,1)",FP32,1564961200,1656.029578585578,0.00023245811462402344,0.0041446685791015625,377.58415905457895,357.5316205133613
*** input parameters ***
  einsum_str: Babcd,aij,bik,ckl,dlm,ejp,fop,gno,hmn->Befgh
  dim_sizes:  128,4,7,4,7,3,4,5,5,50,50,50,50,50,50,50,50
  cont_path:  (1,5),(4,5),(1,2),(1,2),(1,2),(1,2),(1,2),(0,1)
  backend:    torch
  dtype:      FP32
*** benchmarking opt_einsum expression ***
  #flops :          1564961200
  #bytes :          945008
  arith. intensity: 1656.03
  time (eval):      0.004385
  time (compile):   0.000236
  gflops (eval):    356.89
  gflops (total):   338.68
CSV_DATA: opt_einsum,torch,"Babcd,aij,bik,ckl,dlm,ejp,fop,gno,hmn->Befgh","128,4,7,4,7,3,4,5,5,50,50,50,50,50,50,50,50","(1,5),(4,5),(1,2),(1,2),(1,2),(1,2),(1,2),(0,1)",FP32,1564961200,1656.029578585578,0.0002357959747314453,0.0043849945068359375,356.89011640956943,338.6782426605851
*** input parameters ***
  einsum_str: Babcd,aij,bik,ckl,dlm,ejp,fop,gno,hmn->Befgh
  dim_sizes:  128,4,7,4,7,3,4,5,5,50,50,50,50,50,50,50,50
  cont_path:  (1,5),(4,5),(1,2),(1,2),(1,2),(1,2),(1,2),(0,1)
  backend:    torch
  dtype:      FP32
*** benchmarking opt_einsum expression ***
  #flops :          1564961200
  #bytes :          945008
  arith. intensity: 1656.03
  time (eval):      0.004199
  time (compile):   0.000232
  gflops (eval):    372.72
  gflops (total):   353.18
CSV_DATA: opt_einsum,torch,"Babcd,aij,bik,ckl,dlm,ejp,fop,gno,hmn->Befgh","128,4,7,4,7,3,4,5,5,50,50,50,50,50,50,50,50","(1,5),(4,5),(1,2),(1,2),(1,2),(1,2),(1,2),(0,1)",FP32,1564961200,1656.029578585578,0.00023221969604492188,0.004198789596557617,372.7172233833854,353.1839128869949
*** input parameters ***
  einsum_str: Babcd,aij,bik,ckl,dlm,ejp,fop,gno,hmn->Befgh
  dim_sizes:  128,4,7,4,7,3,4,5,5,50,50,50,50,50,50,50,50
  cont_path:  (1,5),(4,5),(1,2),(1,2),(1,2),(1,2),(1,2),(0,1)
  backend:    torch
  dtype:      FP32
*** benchmarking opt_einsum expression ***
  #flops :          1564961200
  #bytes :          945008
  arith. intensity: 1656.03
  time (eval):      0.004457
  time (compile):   0.000235
  gflops (eval):    351.09
  gflops (total):   333.53
CSV_DATA: opt_einsum,torch,"Babcd,aij,bik,ckl,dlm,ejp,fop,gno,hmn->Befgh","128,4,7,4,7,3,4,5,5,50,50,50,50,50,50,50,50","(1,5),(4,5),(1,2),(1,2),(1,2),(1,2),(1,2),(0,1)",FP32,1564961200,1656.029578585578,0.0002346038818359375,0.0044574737548828125,351.08702508583656,333.53267383154474
*** input parameters ***
  einsum_str: Babcd,aij,bik,ckl,dlm,ejp,fop,gno,hmn->Befgh
  dim_sizes:  128,4,7,4,7,3,4,5,5,50,50,50,50,50,50,50,50
  cont_path:  (1,5),(4,5),(1,2),(1,2),(1,2),(1,2),(1,2),(0,1)
  backend:    torch
  dtype:      FP32
*** benchmarking opt_einsum expression ***
  #flops :          1564961200
  #bytes :          945008
  arith. intensity: 1656.03
  time (eval):      0.004294
  time (compile):   0.000239
  gflops (eval):    364.44
  gflops (total):   345.22
CSV_DATA: opt_einsum,torch,"Babcd,aij,bik,ckl,dlm,ejp,fop,gno,hmn->Befgh","128,4,7,4,7,3,4,5,5,50,50,50,50,50,50,50,50","(1,5),(4,5),(1,2),(1,2),(1,2),(1,2),(1,2),(0,1)",FP32,1564961200,1656.029578585578,0.0002391338348388672,0.004294157028198242,364.43967691992674,345.21526354290523
*** input parameters ***
  einsum_str: Babcd,aij,bik,ckl,dlm,ejp,fop,gno,hmn->Befgh
  dim_sizes:  128,4,7,4,7,3,4,5,5,50,50,50,50,50,50,50,50
  cont_path:  (1,5),(4,5),(1,2),(1,2),(1,2),(1,2),(1,2),(0,1)
  backend:    torch
  dtype:      FP32
*** benchmarking opt_einsum expression ***
  #flops :          1564961200
  #bytes :          945008
  arith. intensity: 1656.03
  time (eval):      0.004020
  time (compile):   0.000242
  gflops (eval):    389.30
  gflops (total):   367.19
CSV_DATA: opt_einsum,torch,"Babcd,aij,bik,ckl,dlm,ejp,fop,gno,hmn->Befgh","128,4,7,4,7,3,4,5,5,50,50,50,50,50,50,50,50","(1,5),(4,5),(1,2),(1,2),(1,2),(1,2),(1,2),(0,1)",FP32,1564961200,1656.029578585578,0.00024199485778808594,0.004019975662231445,389.2961877115711,367.19193449344374
*** input parameters ***
  einsum_str: Babcd,aij,bik,ckl,dlm,ejp,fop,gno,hmn->Befgh
  dim_sizes:  128,4,7,4,7,3,4,5,5,50,50,50,50,50,50,50,50
  cont_path:  (1,5),(4,5),(1,2),(1,2),(1,2),(1,2),(1,2),(0,1)
  backend:    torch
  dtype:      FP32
*** benchmarking opt_einsum expression ***
  #flops :          1564961200
  #bytes :          945008
  arith. intensity: 1656.03
  time (eval):      0.004165
  time (compile):   0.000247
  gflops (eval):    375.70
  gflops (total):   354.71
CSV_DATA: opt_einsum,torch,"Babcd,aij,bik,ckl,dlm,ejp,fop,gno,hmn->Befgh","128,4,7,4,7,3,4,5,5,50,50,50,50,50,50,50,50","(1,5),(4,5),(1,2),(1,2),(1,2),(1,2),(1,2),(0,1)",FP32,1564961200,1656.029578585578,0.0002465248107910156,0.0041654109954833984,375.7039105377368,354.71078200512295
*** input parameters ***
  einsum_str: Babcd,aij,bik,ckl,dlm,ejp,fop,gno,hmn->Befgh
  dim_sizes:  128,4,7,4,7,3,4,5,5,50,50,50,50,50,50,50,50
  cont_path:  (1,5),(4,5),(1,2),(1,2),(1,2),(1,2),(1,2),(0,1)
  backend:    torch
  dtype:      FP32
*** benchmarking opt_einsum expression ***
  #flops :          1564961200
  #bytes :          945008
  arith. intensity: 1656.03
  time (eval):      0.004467
  time (compile):   0.000239
  gflops (eval):    350.30
  gflops (total):   332.54
CSV_DATA: opt_einsum,torch,"Babcd,aij,bik,ckl,dlm,ejp,fop,gno,hmn->Befgh","128,4,7,4,7,3,4,5,5,50,50,50,50,50,50,50,50","(1,5),(4,5),(1,2),(1,2),(1,2),(1,2),(1,2),(0,1)",FP32,1564961200,1656.029578585578,0.00023865699768066406,0.004467487335205078,350.3000865089551,332.53574248973104
*** input parameters ***
  einsum_str: Babcd,aij,bik,ckl,dlm,ejp,fop,gno,hmn->Befgh
  dim_sizes:  128,4,7,4,7,3,4,5,5,50,50,50,50,50,50,50,50
  cont_path:  (1,5),(4,5),(1,2),(1,2),(1,2),(1,2),(1,2),(0,1)
  backend:    torch
  dtype:      FP32
*** benchmarking opt_einsum expression ***
  #flops :          1564961200
  #bytes :          945008
  arith. intensity: 1656.03
  time (eval):      0.004428
  time (compile):   0.000243
  gflops (eval):    353.45
  gflops (total):   335.03
CSV_DATA: opt_einsum,torch,"Babcd,aij,bik,ckl,dlm,ejp,fop,gno,hmn->Befgh","128,4,7,4,7,3,4,5,5,50,50,50,50,50,50,50,50","(1,5),(4,5),(1,2),(1,2),(1,2),(1,2),(1,2),(0,1)",FP32,1564961200,1656.029578585578,0.0002434253692626953,0.004427671432495117,353.45016536561303,335.03077894062886
*** input parameters ***
  einsum_str: Babcd,aij,bik,ckl,dlm,ejp,fop,gno,hmn->Befgh
  dim_sizes:  128,4,7,4,7,3,4,5,5,50,50,50,50,50,50,50,50
  cont_path:  (1,5),(4,5),(1,2),(1,2),(1,2),(1,2),(1,2),(0,1)
  backend:    torch
  dtype:      FP32
*** benchmarking opt_einsum expression ***
  #flops :          1564961200
  #bytes :          945008
  arith. intensity: 1656.03
  time (eval):      0.004005
  time (compile):   0.000231
  gflops (eval):    390.73
  gflops (total):   369.47
CSV_DATA: opt_einsum,torch,"Babcd,aij,bik,ckl,dlm,ejp,fop,gno,hmn->Befgh","128,4,7,4,7,3,4,5,5,50,50,50,50,50,50,50,50","(1,5),(4,5),(1,2),(1,2),(1,2),(1,2),(1,2),(0,1)",FP32,1564961200,1656.029578585578,0.00023055076599121094,0.0040051937103271484,390.7329615456158,369.4654407860408
*** input parameters ***
  einsum_str: Babcd,aij,bik,ckl,dlm,ejp,fop,gno,hmn->Befgh
  dim_sizes:  128,4,7,4,7,3,4,5,5,50,50,50,50,50,50,50,50
  cont_path:  (1,5),(4,5),(1,2),(1,2),(1,2),(1,2),(1,2),(0,1)
  backend:    torch
  dtype:      FP32
*** benchmarking opt_einsum expression ***
  #flops :          1564961200
  #bytes :          945008
  arith. intensity: 1656.03
  time (eval):      0.004604
  time (compile):   0.000240
  gflops (eval):    339.89
  gflops (total):   323.06
CSV_DATA: opt_einsum,torch,"Babcd,aij,bik,ckl,dlm,ejp,fop,gno,hmn->Befgh","128,4,7,4,7,3,4,5,5,50,50,50,50,50,50,50,50","(1,5),(4,5),(1,2),(1,2),(1,2),(1,2),(1,2),(0,1)",FP32,1564961200,1656.029578585578,0.00023984909057617188,0.004604339599609375,339.8883088755593,323.05950492198053
*** input parameters ***
  einsum_str: Babcd,aij,bik,ckl,dlm,ejp,fop,gno,hmn->Befgh
  dim_sizes:  128,4,7,4,7,3,4,5,5,50,50,50,50,50,50,50,50
  cont_path:  (1,5),(4,5),(1,2),(1,2),(1,2),(1,2),(1,2),(0,1)
  backend:    torch
  dtype:      FP32
*** benchmarking opt_einsum expression ***
  #flops :          1564961200
  #bytes :          945008
  arith. intensity: 1656.03
  time (eval):      0.004415
  time (compile):   0.000246
  gflops (eval):    354.50
  gflops (total):   335.80
CSV_DATA: opt_einsum,torch,"Babcd,aij,bik,ckl,dlm,ejp,fop,gno,hmn->Befgh","128,4,7,4,7,3,4,5,5,50,50,50,50,50,50,50,50","(1,5),(4,5),(1,2),(1,2),(1,2),(1,2),(1,2),(0,1)",FP32,1564961200,1656.029578585578,0.00024580955505371094,0.004414558410644531,354.5000551417585,335.802067887901
