running bench_gemm!
  M:     2048
  N:     2048
  K:     2048
  LDA:   2048
  LDB:   2048
  LDC:   2048
  BENCH: sgemm
  TIME:  10

*** running SGEMM ***
  max error: 0.00012207
  #repetitions: 400
  time: 6.73495
  gflops: 1020.34
CSV_DATA: sgemm,2048,2048,2048,2048,2048,2048,6871947673600,6.73495,1020.34

finished running bench_gemm!
running bench_gemm!
  M:     2048
  N:     2048
  K:     2048
  LDA:   2048
  LDB:   2048
  LDC:   2048
  BENCH: sgemm
  TIME:  10

*** running SGEMM ***
  max error: 0.000114441
  #repetitions: 438
  time: 7.4169
  gflops: 1014.55
CSV_DATA: sgemm,2048,2048,2048,2048,2048,2048,7524782702592,7.4169,1014.55

finished running bench_gemm!
running bench_gemm!
  M:     2048
  N:     2048
  K:     2048
  LDA:   2048
  LDB:   2048
  LDC:   2048
  BENCH: sgemm
  TIME:  10

*** running SGEMM ***
  max error: 0.00012207
  #repetitions: 387
  time: 6.54927
  gflops: 1015.17
CSV_DATA: sgemm,2048,2048,2048,2048,2048,2048,6648609374208,6.54927,1015.17

finished running bench_gemm!
running bench_gemm!
  M:     2048
  N:     2048
  K:     2048
  LDA:   2048
  LDB:   2048
  LDC:   2048
  BENCH: sgemm
  TIME:  10

*** running SGEMM ***
  max error: 0.000114441
  #repetitions: 519
  time: 8.81242
  gflops: 1011.79
CSV_DATA: sgemm,2048,2048,2048,2048,2048,2048,8916352106496,8.81242,1011.79

finished running bench_gemm!
running bench_gemm!
  M:     2048
  N:     2048
  K:     2048
  LDA:   2048
  LDB:   2048
  LDC:   2048
  BENCH: sgemm
  TIME:  10

*** running SGEMM ***
  max error: 0.000137329
  #repetitions: 579
  time: 9.79997
  gflops: 1015.02
CSV_DATA: sgemm,2048,2048,2048,2048,2048,2048,9947144257536,9.79997,1015.02

finished running bench_gemm!
running bench_gemm!
  M:     2048
  N:     2048
  K:     2048
  LDA:   2048
  LDB:   2048
  LDC:   2048
  BENCH: sgemm
  TIME:  10

*** running SGEMM ***
  max error: 0.000160217
  #repetitions: 572
  time: 9.72063
  gflops: 1010.93
CSV_DATA: sgemm,2048,2048,2048,2048,2048,2048,9826885173248,9.72063,1010.93

finished running bench_gemm!
running bench_gemm!
  M:     2048
  N:     2048
  K:     2048
  LDA:   2048
  LDB:   2048
  LDC:   2048
  BENCH: sgemm
  TIME:  10

*** running SGEMM ***
  max error: 0.000106812
  #repetitions: 585
  time: 9.92661
  gflops: 1012.45
CSV_DATA: sgemm,2048,2048,2048,2048,2048,2048,10050223472640,9.92661,1012.45

finished running bench_gemm!
running bench_gemm!
  M:     2048
  N:     2048
  K:     2048
  LDA:   2048
  LDB:   2048
  LDC:   2048
  BENCH: sgemm
  TIME:  10

*** running SGEMM ***
  max error: 0.000141144
  #repetitions: 493
  time: 8.41725
  gflops: 1006.23
CSV_DATA: sgemm,2048,2048,2048,2048,2048,2048,8469675507712,8.41725,1006.23

finished running bench_gemm!
running bench_gemm!
  M:     2048
  N:     2048
  K:     2048
  LDA:   2048
  LDB:   2048
  LDC:   2048
  BENCH: sgemm
  TIME:  10

*** running SGEMM ***
  max error: 0.000109434
  #repetitions: 496
  time: 8.44104
  gflops: 1009.5
CSV_DATA: sgemm,2048,2048,2048,2048,2048,2048,8521215115264,8.44104,1009.5

finished running bench_gemm!
running bench_gemm!
  M:     2048
  N:     2048
  K:     2048
  LDA:   2048
  LDB:   2048
  LDC:   2048
  BENCH: sgemm
  TIME:  10

*** running SGEMM ***
  max error: 0.00012207
  #repetitions: 475
  time: 8.05063
  gflops: 1013.64
CSV_DATA: sgemm,2048,2048,2048,2048,2048,2048,8160437862400,8.05063,1013.64

finished running bench_gemm!
running bench_gemm!
  M:     2048
  N:     2048
  K:     2048
  LDA:   2048
  LDB:   2048
  LDC:   2048
  BENCH: sgemm
  TIME:  10

*** running SGEMM ***
  max error: 0.00012207
  #repetitions: 587
  time: 9.97374
  gflops: 1011.11
CSV_DATA: sgemm,2048,2048,2048,2048,2048,2048,10084583211008,9.97374,1011.11

finished running bench_gemm!
running bench_gemm!
  M:     2048
  N:     2048
  K:     2048
  LDA:   2048
  LDB:   2048
  LDC:   2048
  BENCH: sgemm
  TIME:  10

*** running SGEMM ***
  max error: 0.000114441
  #repetitions: 574
  time: 9.76044
  gflops: 1010.33
CSV_DATA: sgemm,2048,2048,2048,2048,2048,2048,9861244911616,9.76044,1010.33

finished running bench_gemm!
running bench_gemm!
  M:     2048
  N:     2048
  K:     2048
  LDA:   2048
  LDB:   2048
  LDC:   2048
  BENCH: sgemm
  TIME:  10

*** running SGEMM ***
  max error: 0.000106812
  #repetitions: 566
  time: 9.59609
  gflops: 1013.31
CSV_DATA: sgemm,2048,2048,2048,2048,2048,2048,9723805958144,9.59609,1013.31

finished running bench_gemm!
running bench_gemm!
  M:     2048
  N:     2048
  K:     2048
  LDA:   2048
  LDB:   2048
  LDC:   2048
  BENCH: sgemm
  TIME:  10

*** running SGEMM ***
  max error: 0.000106812
  #repetitions: 516
  time: 8.75311
  gflops: 1012.76
CSV_DATA: sgemm,2048,2048,2048,2048,2048,2048,8864812498944,8.75311,1012.76

finished running bench_gemm!
running bench_gemm!
  M:     2048
  N:     2048
  K:     2048
  LDA:   2048
  LDB:   2048
  LDC:   2048
  BENCH: sgemm
  TIME:  10

*** running SGEMM ***
  max error: 0.00012207
  #repetitions: 586
  time: 9.9615
  gflops: 1010.63
CSV_DATA: sgemm,2048,2048,2048,2048,2048,2048,10067403341824,9.9615,1010.63

finished running bench_gemm!
running bench_gemm!
  M:     2048
  N:     2048
  K:     2048
  LDA:   2048
  LDB:   2048
  LDC:   2048
  BENCH: sgemm
  TIME:  10

*** running SGEMM ***
  max error: 0.0001297
  #repetitions: 586
  time: 9.97147
  gflops: 1009.62
CSV_DATA: sgemm,2048,2048,2048,2048,2048,2048,10067403341824,9.97147,1009.62

finished running bench_gemm!
running bench_gemm!
  M:     2048
  N:     2048
  K:     2048
  LDA:   2048
  LDB:   2048
  LDC:   2048
  BENCH: sgemm
  TIME:  10

*** running SGEMM ***
  max error: 0.000137329
  #repetitions: 503
  time: 8.54176
  gflops: 1011.67
CSV_DATA: sgemm,2048,2048,2048,2048,2048,2048,8641474199552,8.54176,1011.67

finished running bench_gemm!
running bench_gemm!
  M:     2048
  N:     2048
  K:     2048
  LDA:   2048
  LDB:   2048
  LDC:   2048
  BENCH: sgemm
  TIME:  10

*** running SGEMM ***
  max error: 0.000137329
  #repetitions: 409
  time: 6.94684
  gflops: 1011.48
CSV_DATA: sgemm,2048,2048,2048,2048,2048,2048,7026566496256,6.94684,1011.48

finished running bench_gemm!
running bench_gemm!
  M:     2048
  N:     2048
  K:     2048
  LDA:   2048
  LDB:   2048
  LDC:   2048
  BENCH: sgemm
  TIME:  10

*** running SGEMM ***
  max error: 0.000106812
  #repetitions: 484
  time: 8.22976
  gflops: 1010.36
CSV_DATA: sgemm,2048,2048,2048,2048,2048,2048,8315056685056,8.22976,1010.36

finished running bench_gemm!
running bench_gemm!
  M:     2048
  N:     2048
  K:     2048
  LDA:   2048
  LDB:   2048
  LDC:   2048
  BENCH: sgemm
  TIME:  10

*** running SGEMM ***
  max error: 0.000118256
  #repetitions: 573
  time: 9.70841
  gflops: 1013.97
CSV_DATA: sgemm,2048,2048,2048,2048,2048,2048,9844065042432,9.70841,1013.97

finished running bench_gemm!
running bench_gemm!
  M:     2048
  N:     2048
  K:     2048
  LDA:   2048
  LDB:   2048
  LDC:   2048
  BENCH: sgemm
  TIME:  10

*** running SGEMM ***
  max error: 0.000114441
  #repetitions: 479
  time: 8.14261
  gflops: 1010.63
CSV_DATA: sgemm,2048,2048,2048,2048,2048,2048,8229157339136,8.14261,1010.63

finished running bench_gemm!
running bench_gemm!
  M:     2048
  N:     2048
  K:     2048
  LDA:   2048
  LDB:   2048
  LDC:   2048
  BENCH: sgemm
  TIME:  10

*** running SGEMM ***
  max error: 0.000114441
  #repetitions: 528
  time: 8.93446
  gflops: 1015.28
CSV_DATA: sgemm,2048,2048,2048,2048,2048,2048,9070970929152,8.93446,1015.28

finished running bench_gemm!
running bench_gemm!
  M:     2048
  N:     2048
  K:     2048
  LDA:   2048
  LDB:   2048
  LDC:   2048
  BENCH: sgemm
  TIME:  10

*** running SGEMM ***
  max error: 0.00012207
  #repetitions: 443
  time: 7.50382
  gflops: 1014.24
CSV_DATA: sgemm,2048,2048,2048,2048,2048,2048,7610682048512,7.50382,1014.24

finished running bench_gemm!
running bench_gemm!
  M:     2048
  N:     2048
  K:     2048
  LDA:   2048
  LDB:   2048
  LDC:   2048
  BENCH: sgemm
  TIME:  10

*** running SGEMM ***
  max error: 0.00012207
  #repetitions: 500
  time: 8.46644
  gflops: 1014.59
CSV_DATA: sgemm,2048,2048,2048,2048,2048,2048,8589934592000,8.46644,1014.59

finished running bench_gemm!
running bench_gemm!
  M:     2048
  N:     2048
  K:     2048
  LDA:   2048
  LDB:   2048
  LDC:   2048
  BENCH: sgemm
  TIME:  10

*** running SGEMM ***
  max error: 0.00012207
  #repetitions: 587
  time: 9.96141
  gflops: 1012.36
CSV_DATA: sgemm,2048,2048,2048,2048,2048,2048,10084583211008,9.96141,1012.36

finished running bench_gemm!
running bench_gemm!
  M:     2048
  N:     2048
  K:     2048
  LDA:   2048
  LDB:   2048
  LDC:   2048
  BENCH: sgemm
  TIME:  10

*** running SGEMM ***
  max error: 0.00012207
  #repetitions: 510
  time: 8.65265
  gflops: 1012.61
CSV_DATA: sgemm,2048,2048,2048,2048,2048,2048,8761733283840,8.65265,1012.61

finished running bench_gemm!
running bench_gemm!
  M:     2048
  N:     2048
  K:     2048
  LDA:   2048
  LDB:   2048
  LDC:   2048
  BENCH: sgemm
  TIME:  10

*** running SGEMM ***
  max error: 0.000113964
  #repetitions: 584
  time: 9.90608
  gflops: 1012.82
CSV_DATA: sgemm,2048,2048,2048,2048,2048,2048,10033043603456,9.90608,1012.82

finished running bench_gemm!
running bench_gemm!
  M:     2048
  N:     2048
  K:     2048
  LDA:   2048
  LDB:   2048
  LDC:   2048
  BENCH: sgemm
  TIME:  10

*** running SGEMM ***
  max error: 0.000106812
  #repetitions: 489
  time: 8.29976
  gflops: 1012.19
CSV_DATA: sgemm,2048,2048,2048,2048,2048,2048,8400956030976,8.29976,1012.19

finished running bench_gemm!
running bench_gemm!
  M:     2048
  N:     2048
  K:     2048
  LDA:   2048
  LDB:   2048
  LDC:   2048
  BENCH: sgemm
  TIME:  10

*** running SGEMM ***
  max error: 0.000106812
  #repetitions: 586
  time: 9.95405
  gflops: 1011.39
CSV_DATA: sgemm,2048,2048,2048,2048,2048,2048,10067403341824,9.95405,1011.39

finished running bench_gemm!
running bench_gemm!
  M:     2048
  N:     2048
  K:     2048
  LDA:   2048
  LDB:   2048
  LDC:   2048
  BENCH: sgemm
  TIME:  10

*** running SGEMM ***
  max error: 0.000106812
  #repetitions: 574
  time: 9.74602
  gflops: 1011.82
CSV_DATA: sgemm,2048,2048,2048,2048,2048,2048,9861244911616,9.74602,1011.82

finished running bench_gemm!
running bench_gemm!
  M:     2048
  N:     2048
  K:     2048
  LDA:   2048
  LDB:   2048
  LDC:   2048
  BENCH: sgemm
  TIME:  10

*** running SGEMM ***
  max error: 0.000106812
  #repetitions: 575
  time: 9.76221
  gflops: 1011.9
CSV_DATA: sgemm,2048,2048,2048,2048,2048,2048,9878424780800,9.76221,1011.9

finished running bench_gemm!
running bench_gemm!
  M:     2048
  N:     2048
  K:     2048
  LDA:   2048
  LDB:   2048
  LDC:   2048
  BENCH: sgemm
  TIME:  10

*** running SGEMM ***
  max error: 0.00012207
  #repetitions: 585
  time: 9.93464
  gflops: 1011.63
CSV_DATA: sgemm,2048,2048,2048,2048,2048,2048,10050223472640,9.93464,1011.63

finished running bench_gemm!
running bench_gemm!
  M:     2048
  N:     2048
  K:     2048
  LDA:   2048
  LDB:   2048
  LDC:   2048
  BENCH: sgemm
  TIME:  10

*** running SGEMM ***
  max error: 0.000114441
  #repetitions: 532
  time: 9.09958
  gflops: 1004.41
CSV_DATA: sgemm,2048,2048,2048,2048,2048,2048,9139690405888,9.09958,1004.41

finished running bench_gemm!
running bench_gemm!
  M:     2048
  N:     2048
  K:     2048
  LDA:   2048
  LDB:   2048
  LDC:   2048
  BENCH: sgemm
  TIME:  10

*** running SGEMM ***
  max error: 0.0001297
  #repetitions: 518
  time: 8.79232
  gflops: 1012.15
CSV_DATA: sgemm,2048,2048,2048,2048,2048,2048,8899172237312,8.79232,1012.15

finished running bench_gemm!
running bench_gemm!
  M:     2048
  N:     2048
  K:     2048
  LDA:   2048
  LDB:   2048
  LDC:   2048
  BENCH: sgemm
  TIME:  10

*** running SGEMM ***
  max error: 0.000118256
  #repetitions: 562
  time: 9.55597
  gflops: 1010.37
CSV_DATA: sgemm,2048,2048,2048,2048,2048,2048,9655086481408,9.55597,1010.37

finished running bench_gemm!
running bench_gemm!
  M:     2048
  N:     2048
  K:     2048
  LDA:   2048
  LDB:   2048
  LDC:   2048
  BENCH: sgemm
  TIME:  10

*** running SGEMM ***
  max error: 0.000128269
  #repetitions: 587
  time: 9.96105
  gflops: 1012.4
CSV_DATA: sgemm,2048,2048,2048,2048,2048,2048,10084583211008,9.96105,1012.4

finished running bench_gemm!
running bench_gemm!
  M:     2048
  N:     2048
  K:     2048
  LDA:   2048
  LDB:   2048
  LDC:   2048
  BENCH: sgemm
  TIME:  10

*** running SGEMM ***
  max error: 0.00012207
  #repetitions: 585
  time: 9.93232
  gflops: 1011.87
CSV_DATA: sgemm,2048,2048,2048,2048,2048,2048,10050223472640,9.93232,1011.87

finished running bench_gemm!
running bench_gemm!
  M:     2048
  N:     2048
  K:     2048
  LDA:   2048
  LDB:   2048
  LDC:   2048
  BENCH: sgemm
  TIME:  10

*** running SGEMM ***
  max error: 0.000114441
  #repetitions: 574
  time: 9.76482
  gflops: 1009.87
CSV_DATA: sgemm,2048,2048,2048,2048,2048,2048,9861244911616,9.76482,1009.87

finished running bench_gemm!
running bench_gemm!
  M:     2048
  N:     2048
  K:     2048
  LDA:   2048
  LDB:   2048
  LDC:   2048
  BENCH: sgemm
  TIME:  10

*** running SGEMM ***
  max error: 0.00012207
  #repetitions: 587
  time: 9.92201
  gflops: 1016.39
CSV_DATA: sgemm,2048,2048,2048,2048,2048,2048,10084583211008,9.92201,1016.39

finished running bench_gemm!
running bench_gemm!
  M:     2048
  N:     2048
  K:     2048
  LDA:   2048
  LDB:   2048
  LDC:   2048
  BENCH: sgemm
  TIME:  10

*** running SGEMM ***
  max error: 0.000125885
  #repetitions: 526
  time: 8.91733
  gflops: 1013.38
CSV_DATA: sgemm,2048,2048,2048,2048,2048,2048,9036611190784,8.91733,1013.38

finished running bench_gemm!
running bench_gemm!
  M:     2048
  N:     2048
  K:     2048
  LDA:   2048
  LDB:   2048
  LDC:   2048
  BENCH: sgemm
  TIME:  10

*** running SGEMM ***
  max error: 0.000109196
  #repetitions: 576
  time: 9.77017
  gflops: 1012.84
CSV_DATA: sgemm,2048,2048,2048,2048,2048,2048,9895604649984,9.77017,1012.84

finished running bench_gemm!
running bench_gemm!
  M:     2048
  N:     2048
  K:     2048
  LDA:   2048
  LDB:   2048
  LDC:   2048
  BENCH: sgemm
  TIME:  10

*** running SGEMM ***
  max error: 0.00012207
  #repetitions: 453
  time: 7.68732
  gflops: 1012.38
CSV_DATA: sgemm,2048,2048,2048,2048,2048,2048,7782480740352,7.68732,1012.38

finished running bench_gemm!
running bench_gemm!
  M:     2048
  N:     2048
  K:     2048
  LDA:   2048
  LDB:   2048
  LDC:   2048
  BENCH: sgemm
  TIME:  10

*** running SGEMM ***
  max error: 0.000106812
  #repetitions: 570
  time: 9.70995
  gflops: 1008.5
CSV_DATA: sgemm,2048,2048,2048,2048,2048,2048,9792525434880,9.70995,1008.5

finished running bench_gemm!
running bench_gemm!
  M:     2048
  N:     2048
  K:     2048
  LDA:   2048
  LDB:   2048
  LDC:   2048
  BENCH: sgemm
  TIME:  10

*** running SGEMM ***
  max error: 0.000114441
  #repetitions: 556
  time: 9.45522
  gflops: 1010.24
CSV_DATA: sgemm,2048,2048,2048,2048,2048,2048,9552007266304,9.45522,1010.24

finished running bench_gemm!
running bench_gemm!
  M:     2048
  N:     2048
  K:     2048
  LDA:   2048
  LDB:   2048
  LDC:   2048
  BENCH: sgemm
  TIME:  10

*** running SGEMM ***
  max error: 0.000137329
  #repetitions: 447
  time: 7.61459
  gflops: 1008.51
CSV_DATA: sgemm,2048,2048,2048,2048,2048,2048,7679401525248,7.61459,1008.51

finished running bench_gemm!
running bench_gemm!
  M:     2048
  N:     2048
  K:     2048
  LDA:   2048
  LDB:   2048
  LDC:   2048
  BENCH: sgemm
  TIME:  10

*** running SGEMM ***
  max error: 0.00012207
  #repetitions: 409
  time: 6.91717
  gflops: 1015.82
CSV_DATA: sgemm,2048,2048,2048,2048,2048,2048,7026566496256,6.91717,1015.82

finished running bench_gemm!
running bench_gemm!
  M:     2048
  N:     2048
  K:     2048
  LDA:   2048
  LDB:   2048
  LDC:   2048
  BENCH: sgemm
  TIME:  10

*** running SGEMM ***
  max error: 0.000110626
  #repetitions: 502
  time: 8.5186
  gflops: 1012.41
CSV_DATA: sgemm,2048,2048,2048,2048,2048,2048,8624294330368,8.5186,1012.41

finished running bench_gemm!
running bench_gemm!
  M:     2048
  N:     2048
  K:     2048
  LDA:   2048
  LDB:   2048
  LDC:   2048
  BENCH: sgemm
  TIME:  10

*** running SGEMM ***
  max error: 0.00012207
  #repetitions: 501
  time: 8.54125
  gflops: 1007.71
CSV_DATA: sgemm,2048,2048,2048,2048,2048,2048,8607114461184,8.54125,1007.71

finished running bench_gemm!
running bench_gemm!
  M:     2048
  N:     2048
  K:     2048
  LDA:   2048
  LDB:   2048
  LDC:   2048
  BENCH: sgemm
  TIME:  10

*** running SGEMM ***
  max error: 0.000137329
  #repetitions: 568
  time: 9.64335
  gflops: 1011.91
CSV_DATA: sgemm,2048,2048,2048,2048,2048,2048,9758165696512,9.64335,1011.91

finished running bench_gemm!
running bench_gemm!
  M:     2048
  N:     2048
  K:     2048
  LDA:   2048
  LDB:   2048
  LDC:   2048
  BENCH: sgemm
  TIME:  10

*** running SGEMM ***
  max error: 0.00012064
  #repetitions: 576
  time: 9.76451
  gflops: 1013.43
CSV_DATA: sgemm,2048,2048,2048,2048,2048,2048,9895604649984,9.76451,1013.43

finished running bench_gemm!
running bench_gemm!
  M:     2048
  N:     2048
  K:     2048
  LDA:   2048
  LDB:   2048
  LDC:   2048
  BENCH: sgemm
  TIME:  10

*** running SGEMM ***
  max error: 0.00012207
  #repetitions: 575
  time: 9.7815
  gflops: 1009.91
CSV_DATA: sgemm,2048,2048,2048,2048,2048,2048,9878424780800,9.7815,1009.91

finished running bench_gemm!
running bench_gemm!
  M:     2048
  N:     2048
  K:     2048
  LDA:   2048
  LDB:   2048
  LDC:   2048
  BENCH: sgemm
  TIME:  10

*** running SGEMM ***
  max error: 0.000106812
  #repetitions: 572
  time: 9.72797
  gflops: 1010.17
CSV_DATA: sgemm,2048,2048,2048,2048,2048,2048,9826885173248,9.72797,1010.17

finished running bench_gemm!
running bench_gemm!
  M:     2048
  N:     2048
  K:     2048
  LDA:   2048
  LDB:   2048
  LDC:   2048
  BENCH: sgemm
  TIME:  10

*** running SGEMM ***
  max error: 0.00012207
  #repetitions: 574
  time: 9.7693
  gflops: 1009.41
CSV_DATA: sgemm,2048,2048,2048,2048,2048,2048,9861244911616,9.7693,1009.41

finished running bench_gemm!
running bench_gemm!
  M:     2048
  N:     2048
  K:     2048
  LDA:   2048
  LDB:   2048
  LDC:   2048
  BENCH: sgemm
  TIME:  10

*** running SGEMM ***
  max error: 0.000118256
  #repetitions: 568
  time: 9.69959
  gflops: 1006.04
CSV_DATA: sgemm,2048,2048,2048,2048,2048,2048,9758165696512,9.69959,1006.04

finished running bench_gemm!
running bench_gemm!
  M:     2048
  N:     2048
  K:     2048
  LDA:   2048
  LDB:   2048
  LDC:   2048
  BENCH: sgemm
  TIME:  10

*** running SGEMM ***
  max error: 0.000114441
  #repetitions: 574
  time: 9.75824
  gflops: 1010.56
CSV_DATA: sgemm,2048,2048,2048,2048,2048,2048,9861244911616,9.75824,1010.56

finished running bench_gemm!
running bench_gemm!
  M:     2048
  N:     2048
  K:     2048
  LDA:   2048
  LDB:   2048
  LDC:   2048
  BENCH: sgemm
  TIME:  10

*** running SGEMM ***
  max error: 0.000123978
  #repetitions: 575
  time: 9.75866
  gflops: 1012.27
CSV_DATA: sgemm,2048,2048,2048,2048,2048,2048,9878424780800,9.75866,1012.27

finished running bench_gemm!
running bench_gemm!
  M:     2048
  N:     2048
  K:     2048
  LDA:   2048
  LDB:   2048
  LDC:   2048
  BENCH: sgemm
  TIME:  10

*** running SGEMM ***
  max error: 0.000116348
  #repetitions: 570
  time: 9.71736
  gflops: 1007.74
CSV_DATA: sgemm,2048,2048,2048,2048,2048,2048,9792525434880,9.71736,1007.74

finished running bench_gemm!
running bench_gemm!
  M:     2048
  N:     2048
  K:     2048
  LDA:   2048
  LDB:   2048
  LDC:   2048
  BENCH: sgemm
  TIME:  10

*** running SGEMM ***
  max error: 0.0001297
  #repetitions: 538
  time: 9.11988
  gflops: 1013.47
CSV_DATA: sgemm,2048,2048,2048,2048,2048,2048,9242769620992,9.11988,1013.47

finished running bench_gemm!
running bench_gemm!
  M:     2048
  N:     2048
  K:     2048
  LDA:   2048
  LDB:   2048
  LDC:   2048
  BENCH: sgemm
  TIME:  10

*** running SGEMM ***
  max error: 0.000133514
  #repetitions: 519
  time: 8.81276
  gflops: 1011.75
CSV_DATA: sgemm,2048,2048,2048,2048,2048,2048,8916352106496,8.81276,1011.75

finished running bench_gemm!
running bench_gemm!
  M:     2048
  N:     2048
  K:     2048
  LDA:   2048
  LDB:   2048
  LDC:   2048
  BENCH: sgemm
  TIME:  10

*** running SGEMM ***
  max error: 0.000106812
  #repetitions: 578
  time: 9.83375
  gflops: 1009.78
CSV_DATA: sgemm,2048,2048,2048,2048,2048,2048,9929964388352,9.83375,1009.78

finished running bench_gemm!
running bench_gemm!
  M:     2048
  N:     2048
  K:     2048
  LDA:   2048
  LDB:   2048
  LDC:   2048
  BENCH: sgemm
  TIME:  10

*** running SGEMM ***
  max error: 0.000106812
  #repetitions: 516
  time: 8.76913
  gflops: 1010.91
CSV_DATA: sgemm,2048,2048,2048,2048,2048,2048,8864812498944,8.76913,1010.91

finished running bench_gemm!
running bench_gemm!
  M:     2048
  N:     2048
  K:     2048
  LDA:   2048
  LDB:   2048
  LDC:   2048
  BENCH: sgemm
  TIME:  10

*** running SGEMM ***
  max error: 0.000114441
  #repetitions: 498
  time: 8.45262
  gflops: 1012.18
CSV_DATA: sgemm,2048,2048,2048,2048,2048,2048,8555574853632,8.45262,1012.18

finished running bench_gemm!
running bench_gemm!
  M:     2048
  N:     2048
  K:     2048
  LDA:   2048
  LDB:   2048
  LDC:   2048
  BENCH: sgemm
  TIME:  10

*** running SGEMM ***
  max error: 0.000106812
  #repetitions: 586
  time: 9.95263
  gflops: 1011.53
CSV_DATA: sgemm,2048,2048,2048,2048,2048,2048,10067403341824,9.95263,1011.53

finished running bench_gemm!
running bench_gemm!
  M:     2048
  N:     2048
  K:     2048
  LDA:   2048
  LDB:   2048
  LDC:   2048
  BENCH: sgemm
  TIME:  10

*** running SGEMM ***
  max error: 0.0001297
  #repetitions: 505
  time: 8.60669
  gflops: 1008.03
CSV_DATA: sgemm,2048,2048,2048,2048,2048,2048,8675833937920,8.60669,1008.03

finished running bench_gemm!
running bench_gemm!
  M:     2048
  N:     2048
  K:     2048
  LDA:   2048
  LDB:   2048
  LDC:   2048
  BENCH: sgemm
  TIME:  10

*** running SGEMM ***
  max error: 0.000141144
  #repetitions: 512
  time: 8.69902
  gflops: 1011.16
CSV_DATA: sgemm,2048,2048,2048,2048,2048,2048,8796093022208,8.69902,1011.16

finished running bench_gemm!
running bench_gemm!
  M:     2048
  N:     2048
  K:     2048
  LDA:   2048
  LDB:   2048
  LDC:   2048
  BENCH: sgemm
  TIME:  10

*** running SGEMM ***
  max error: 0.000125885
  #repetitions: 462
  time: 7.85371
  gflops: 1010.62
CSV_DATA: sgemm,2048,2048,2048,2048,2048,2048,7937099563008,7.85371,1010.62

finished running bench_gemm!
running bench_gemm!
  M:     2048
  N:     2048
  K:     2048
  LDA:   2048
  LDB:   2048
  LDC:   2048
  BENCH: sgemm
  TIME:  10

*** running SGEMM ***
  max error: 0.000114441
  #repetitions: 510
  time: 8.68696
  gflops: 1008.61
CSV_DATA: sgemm,2048,2048,2048,2048,2048,2048,8761733283840,8.68696,1008.61

finished running bench_gemm!
running bench_gemm!
  M:     2048
  N:     2048
  K:     2048
  LDA:   2048
  LDB:   2048
  LDC:   2048
  BENCH: sgemm
  TIME:  10

*** running SGEMM ***
  max error: 0.000114441
  #repetitions: 428
  time: 7.27421
  gflops: 1010.83
CSV_DATA: sgemm,2048,2048,2048,2048,2048,2048,7352984010752,7.27421,1010.83

finished running bench_gemm!
running bench_gemm!
  M:     2048
  N:     2048
  K:     2048
  LDA:   2048
  LDB:   2048
  LDC:   2048
  BENCH: sgemm
  TIME:  10

*** running SGEMM ***
  max error: 0.000137329
  #repetitions: 517
  time: 8.80763
  gflops: 1008.44
CSV_DATA: sgemm,2048,2048,2048,2048,2048,2048,8881992368128,8.80763,1008.44

finished running bench_gemm!
running bench_gemm!
  M:     2048
  N:     2048
  K:     2048
  LDA:   2048
  LDB:   2048
  LDC:   2048
  BENCH: sgemm
  TIME:  10

*** running SGEMM ***
  max error: 0.000125706
  #repetitions: 573
  time: 9.75197
  gflops: 1009.44
CSV_DATA: sgemm,2048,2048,2048,2048,2048,2048,9844065042432,9.75197,1009.44

finished running bench_gemm!
running bench_gemm!
  M:     2048
  N:     2048
  K:     2048
  LDA:   2048
  LDB:   2048
  LDC:   2048
  BENCH: sgemm
  TIME:  10

*** running SGEMM ***
  max error: 0.000106812
  #repetitions: 584
  time: 9.91824
  gflops: 1011.57
CSV_DATA: sgemm,2048,2048,2048,2048,2048,2048,10033043603456,9.91824,1011.57

finished running bench_gemm!
running bench_gemm!
  M:     2048
  N:     2048
  K:     2048
  LDA:   2048
  LDB:   2048
  LDC:   2048
  BENCH: sgemm
  TIME:  10

*** running SGEMM ***
  max error: 0.000110626
  #repetitions: 576
  time: 9.80899
  gflops: 1008.83
CSV_DATA: sgemm,2048,2048,2048,2048,2048,2048,9895604649984,9.80899,1008.83

finished running bench_gemm!
running bench_gemm!
  M:     2048
  N:     2048
  K:     2048
  LDA:   2048
  LDB:   2048
  LDC:   2048
  BENCH: sgemm
  TIME:  10

*** running SGEMM ***
  max error: 0.000114441
  #repetitions: 382
  time: 6.47958
  gflops: 1012.83
CSV_DATA: sgemm,2048,2048,2048,2048,2048,2048,6562710028288,6.47958,1012.83

finished running bench_gemm!
running bench_gemm!
  M:     2048
  N:     2048
  K:     2048
  LDA:   2048
  LDB:   2048
  LDC:   2048
  BENCH: sgemm
  TIME:  10

*** running SGEMM ***
  max error: 0.00012207
  #repetitions: 449
  time: 7.62235
  gflops: 1011.99
CSV_DATA: sgemm,2048,2048,2048,2048,2048,2048,7713761263616,7.62235,1011.99

finished running bench_gemm!
running bench_gemm!
  M:     2048
  N:     2048
  K:     2048
  LDA:   2048
  LDB:   2048
  LDC:   2048
  BENCH: sgemm
  TIME:  10

*** running SGEMM ***
  max error: 0.000112534
  #repetitions: 589
  time: 10.0088
  gflops: 1011.01
CSV_DATA: sgemm,2048,2048,2048,2048,2048,2048,10118942949376,10.0088,1011.01

finished running bench_gemm!
running bench_gemm!
  M:     2048
  N:     2048
  K:     2048
  LDA:   2048
  LDB:   2048
  LDC:   2048
  BENCH: sgemm
  TIME:  10

*** running SGEMM ***
  max error: 0.00012207
  #repetitions: 571
  time: 9.71838
  gflops: 1009.4
CSV_DATA: sgemm,2048,2048,2048,2048,2048,2048,9809705304064,9.71838,1009.4

finished running bench_gemm!
running bench_gemm!
  M:     2048
  N:     2048
  K:     2048
  LDA:   2048
  LDB:   2048
  LDC:   2048
  BENCH: sgemm
  TIME:  10

*** running SGEMM ***
  max error: 0.000109673
  #repetitions: 587
  time: 9.99141
  gflops: 1009.33
CSV_DATA: sgemm,2048,2048,2048,2048,2048,2048,10084583211008,9.99141,1009.33

finished running bench_gemm!
running bench_gemm!
  M:     2048
  N:     2048
  K:     2048
  LDA:   2048
  LDB:   2048
  LDC:   2048
  BENCH: sgemm
  TIME:  10

*** running SGEMM ***
  max error: 0.000106812
  #repetitions: 450
  time: 7.61674
  gflops: 1014.99
CSV_DATA: sgemm,2048,2048,2048,2048,2048,2048,7730941132800,7.61674,1014.99

finished running bench_gemm!
running bench_gemm!
  M:     2048
  N:     2048
  K:     2048
  LDA:   2048
  LDB:   2048
  LDC:   2048
  BENCH: sgemm
  TIME:  10

*** running SGEMM ***
  max error: 0.000106812
  #repetitions: 576
  time: 9.77625
  gflops: 1012.21
CSV_DATA: sgemm,2048,2048,2048,2048,2048,2048,9895604649984,9.77625,1012.21

finished running bench_gemm!
running bench_gemm!
  M:     2048
  N:     2048
  K:     2048
  LDA:   2048
  LDB:   2048
  LDC:   2048
  BENCH: sgemm
  TIME:  10

*** running SGEMM ***
  max error: 0.0001297
  #repetitions: 427
  time: 7.23712
  gflops: 1013.64
CSV_DATA: sgemm,2048,2048,2048,2048,2048,2048,7335804141568,7.23712,1013.64

finished running bench_gemm!
running bench_gemm!
  M:     2048
  N:     2048
  K:     2048
  LDA:   2048
  LDB:   2048
  LDC:   2048
  BENCH: sgemm
  TIME:  10

*** running SGEMM ***
  max error: 0.000152588
  #repetitions: 563
  time: 9.57633
  gflops: 1010.02
CSV_DATA: sgemm,2048,2048,2048,2048,2048,2048,9672266350592,9.57633,1010.02

finished running bench_gemm!
running bench_gemm!
  M:     2048
  N:     2048
  K:     2048
  LDA:   2048
  LDB:   2048
  LDC:   2048
  BENCH: sgemm
  TIME:  10

*** running SGEMM ***
  max error: 0.000114441
  #repetitions: 477
  time: 8.12519
  gflops: 1008.57
CSV_DATA: sgemm,2048,2048,2048,2048,2048,2048,8194797600768,8.12519,1008.57

finished running bench_gemm!
running bench_gemm!
  M:     2048
  N:     2048
  K:     2048
  LDA:   2048
  LDB:   2048
  LDC:   2048
  BENCH: sgemm
  TIME:  10

*** running SGEMM ***
  max error: 0.0001297
  #repetitions: 566
  time: 9.63099
  gflops: 1009.64
CSV_DATA: sgemm,2048,2048,2048,2048,2048,2048,9723805958144,9.63099,1009.64

finished running bench_gemm!
running bench_gemm!
  M:     2048
  N:     2048
  K:     2048
  LDA:   2048
  LDB:   2048
  LDC:   2048
  BENCH: sgemm
  TIME:  10

*** running SGEMM ***
  max error: 0.000106812
  #repetitions: 573
  time: 9.73532
  gflops: 1011.17
CSV_DATA: sgemm,2048,2048,2048,2048,2048,2048,9844065042432,9.73532,1011.17

finished running bench_gemm!
running bench_gemm!
  M:     2048
  N:     2048
  K:     2048
  LDA:   2048
  LDB:   2048
  LDC:   2048
  BENCH: sgemm
  TIME:  10

*** running SGEMM ***
  max error: 0.00012207
  #repetitions: 575
  time: 9.73753
  gflops: 1014.47
CSV_DATA: sgemm,2048,2048,2048,2048,2048,2048,9878424780800,9.73753,1014.47

finished running bench_gemm!
running bench_gemm!
  M:     2048
  N:     2048
  K:     2048
  LDA:   2048
  LDB:   2048
  LDC:   2048
  BENCH: sgemm
  TIME:  10

*** running SGEMM ***
  max error: 0.000106812
  #repetitions: 576
  time: 9.75829
  gflops: 1014.07
CSV_DATA: sgemm,2048,2048,2048,2048,2048,2048,9895604649984,9.75829,1014.07

finished running bench_gemm!
running bench_gemm!
  M:     2048
  N:     2048
  K:     2048
  LDA:   2048
  LDB:   2048
  LDC:   2048
  BENCH: sgemm
  TIME:  10

*** running SGEMM ***
  max error: 0.000114441
  #repetitions: 585
  time: 9.95792
  gflops: 1009.27
CSV_DATA: sgemm,2048,2048,2048,2048,2048,2048,10050223472640,9.95792,1009.27

finished running bench_gemm!
running bench_gemm!
  M:     2048
  N:     2048
  K:     2048
  LDA:   2048
  LDB:   2048
  LDC:   2048
  BENCH: sgemm
  TIME:  10

*** running SGEMM ***
  max error: 0.000106812
  #repetitions: 515
  time: 8.7523
  gflops: 1010.89
CSV_DATA: sgemm,2048,2048,2048,2048,2048,2048,8847632629760,8.7523,1010.89

finished running bench_gemm!
running bench_gemm!
  M:     2048
  N:     2048
  K:     2048
  LDA:   2048
  LDB:   2048
  LDC:   2048
  BENCH: sgemm
  TIME:  10

*** running SGEMM ***
  max error: 0.000106812
  #repetitions: 568
  time: 9.6428
  gflops: 1011.96
CSV_DATA: sgemm,2048,2048,2048,2048,2048,2048,9758165696512,9.6428,1011.96

finished running bench_gemm!
running bench_gemm!
  M:     2048
  N:     2048
  K:     2048
  LDA:   2048
  LDB:   2048
  LDC:   2048
  BENCH: sgemm
  TIME:  10

*** running SGEMM ***
  max error: 0.000113487
  #repetitions: 575
  time: 9.78614
  gflops: 1009.43
CSV_DATA: sgemm,2048,2048,2048,2048,2048,2048,9878424780800,9.78614,1009.43

finished running bench_gemm!
running bench_gemm!
  M:     2048
  N:     2048
  K:     2048
  LDA:   2048
  LDB:   2048
  LDC:   2048
  BENCH: sgemm
  TIME:  10

*** running SGEMM ***
  max error: 0.000125885
  #repetitions: 566
  time: 9.62859
  gflops: 1009.89
CSV_DATA: sgemm,2048,2048,2048,2048,2048,2048,9723805958144,9.62859,1009.89

finished running bench_gemm!
running bench_gemm!
  M:     2048
  N:     2048
  K:     2048
  LDA:   2048
  LDB:   2048
  LDC:   2048
  BENCH: sgemm
  TIME:  10

*** running SGEMM ***
  max error: 0.00012207
  #repetitions: 522
  time: 8.86865
  gflops: 1011.19
CSV_DATA: sgemm,2048,2048,2048,2048,2048,2048,8967891714048,8.86865,1011.19

finished running bench_gemm!
running bench_gemm!
  M:     2048
  N:     2048
  K:     2048
  LDA:   2048
  LDB:   2048
  LDC:   2048
  BENCH: sgemm
  TIME:  10

*** running SGEMM ***
  max error: 0.000137329
  #repetitions: 587
  time: 9.96195
  gflops: 1012.31
CSV_DATA: sgemm,2048,2048,2048,2048,2048,2048,10084583211008,9.96195,1012.31

finished running bench_gemm!
running bench_gemm!
  M:     2048
  N:     2048
  K:     2048
  LDA:   2048
  LDB:   2048
  LDC:   2048
  BENCH: sgemm
  TIME:  10

*** running SGEMM ***
  max error: 0.000114441
  #repetitions: 575
  time: 9.79069
  gflops: 1008.96
CSV_DATA: sgemm,2048,2048,2048,2048,2048,2048,9878424780800,9.79069,1008.96

finished running bench_gemm!
running bench_gemm!
  M:     2048
  N:     2048
  K:     2048
  LDA:   2048
  LDB:   2048
  LDC:   2048
  BENCH: sgemm
  TIME:  10

*** running SGEMM ***
  max error: 0.000106812
  #repetitions: 575
  time: 9.80574
  gflops: 1007.41
CSV_DATA: sgemm,2048,2048,2048,2048,2048,2048,9878424780800,9.80574,1007.41

finished running bench_gemm!
running bench_gemm!
  M:     2048
  N:     2048
  K:     2048
  LDA:   2048
  LDB:   2048
  LDC:   2048
  BENCH: sgemm
  TIME:  10

*** running SGEMM ***
  max error: 0.000152588
  #repetitions: 298
  time: 5.05099
  gflops: 1013.58
CSV_DATA: sgemm,2048,2048,2048,2048,2048,2048,5119601016832,5.05099,1013.58

finished running bench_gemm!
running bench_gemm!
  M:     2048
  N:     2048
  K:     2048
  LDA:   2048
  LDB:   2048
  LDC:   2048
  BENCH: sgemm
  TIME:  10

*** running SGEMM ***
  max error: 0.000118256
  #repetitions: 586
  time: 9.99077
  gflops: 1007.67
CSV_DATA: sgemm,2048,2048,2048,2048,2048,2048,10067403341824,9.99077,1007.67

finished running bench_gemm!
running bench_gemm!
  M:     2048
  N:     2048
  K:     2048
  LDA:   2048
  LDB:   2048
  LDC:   2048
  BENCH: sgemm
  TIME:  10

*** running SGEMM ***
  max error: 0.00012207
  #repetitions: 369
  time: 6.27079
  gflops: 1010.94
CSV_DATA: sgemm,2048,2048,2048,2048,2048,2048,6339371728896,6.27079,1010.94

finished running bench_gemm!
running bench_gemm!
  M:     2048
  N:     2048
  K:     2048
  LDA:   2048
  LDB:   2048
  LDC:   2048
  BENCH: sgemm
  TIME:  10

*** running SGEMM ***
  max error: 0.00012207
  #repetitions: 449
  time: 7.60736
  gflops: 1013.99
CSV_DATA: sgemm,2048,2048,2048,2048,2048,2048,7713761263616,7.60736,1013.99

finished running bench_gemm!
running bench_gemm!
  M:     2048
  N:     2048
  K:     2048
  LDA:   2048
  LDB:   2048
  LDC:   2048
  BENCH: sgemm
  TIME:  10

*** running SGEMM ***
  max error: 0.0001297
  #repetitions: 586
  time: 9.91211
  gflops: 1015.67
CSV_DATA: sgemm,2048,2048,2048,2048,2048,2048,10067403341824,9.91211,1015.67

finished running bench_gemm!
