****************************
*** Printing System Info ***
****************************
Mon Nov  4 09:09:21 PM CET 2024
Linux murray 6.10.0 #1 SMP PREEMPT_DYNAMIC Thu Aug 22 17:01:46 CEST 2024 x86_64 x86_64 x86_64 GNU/Linux
 Static hostname: murray
       Icon name: computer-desktop
         Chassis: desktop
      Machine ID: 93c17a855edc4744b7240c674d73220f
         Boot ID: ce792c195c7242fa84e09be0b70f8e4a
Operating System: Ubuntu 22.04.4 LTS
          Kernel: Linux 6.10.0
    Architecture: x86-64
 Hardware Vendor: ASUS
  Hardware Model: System Product Name
g++ (Ubuntu 11.4.0-1ubuntu1~22.04) 11.4.0
Copyright (C) 2021 Free Software Foundation, Inc.
This is free software; see the source for copying conditions.  There is NO
warranty; not even for MERCHANTABILITY or FITNESS FOR A PARTICULAR PURPOSE.

Ubuntu clang version 14.0.0-1ubuntu1.1
Target: x86_64-pc-linux-gnu
Thread model: posix
InstalledDir: /usr/bin
Architecture:                         x86_64
CPU op-mode(s):                       32-bit, 64-bit
Address sizes:                        48 bits physical, 48 bits virtual
Byte Order:                           Little Endian
CPU(s):                               16
On-line CPU(s) list:                  0-15
Vendor ID:                            AuthenticAMD
Model name:                           AMD Ryzen 7 8700G w/ Radeon 780M Graphics
CPU family:                           25
Model:                                117
Thread(s) per core:                   2
Core(s) per socket:                   8
Socket(s):                            1
Stepping:                             2
CPU max MHz:                          5176.0000
CPU min MHz:                          400.0000
BogoMIPS:                             8399.71
Flags:                                fpu vme de pse tsc msr pae mce cx8 apic sep mtrr pge mca cmov pat pse36 clflush mmx fxsr sse sse2 ht syscall nx mmxext fxsr_opt pdpe1gb rdtscp lm constant_tsc rep_good amd_lbr_v2 nopl xtopology nonstop_tsc cpuid extd_apicid aperfmperf rapl pni pclmulqdq monitor ssse3 fma cx16 sse4_1 sse4_2 movbe popcnt aes xsave avx f16c rdrand lahf_lm cmp_legacy svm extapic cr8_legacy abm sse4a misalignsse 3dnowprefetch osvw ibs skinit wdt tce topoext perfctr_core perfctr_nb bpext perfctr_llc mwaitx cpb cat_l3 cdp_l3 hw_pstate ssbd mba perfmon_v2 ibrs ibpb stibp ibrs_enhanced vmmcall fsgsbase bmi1 avx2 smep bmi2 erms invpcid cqm rdt_a avx512f avx512dq rdseed adx smap avx512ifma clflushopt clwb avx512cd sha_ni avx512bw avx512vl xsaveopt xsavec xgetbv1 xsaves cqm_llc cqm_occup_llc cqm_mbm_total cqm_mbm_local avx512_bf16 clzero irperf xsaveerptr rdpru wbnoinvd cppc arat npt lbrv svm_lock nrip_save tsc_scale vmcb_clean flushbyasid decodeassists pausefilter pfthreshold avic v_vmsave_vmload vgif x2avic v_spec_ctrl vnmi avx512vbmi umip pku ospke avx512_vbmi2 gfni vaes vpclmulqdq avx512_vnni avx512_bitalg avx512_vpopcntdq rdpid overflow_recov succor smca fsrm flush_l1d
Virtualization:                       AMD-V
L1d cache:                            256 KiB (8 instances)
L1i cache:                            256 KiB (8 instances)
L2 cache:                             8 MiB (8 instances)
L3 cache:                             16 MiB (1 instance)
NUMA node(s):                         1
NUMA node0 CPU(s):                    0-15
Vulnerability Gather data sampling:   Not affected
Vulnerability Itlb multihit:          Not affected
Vulnerability L1tf:                   Not affected
Vulnerability Mds:                    Not affected
Vulnerability Meltdown:               Not affected
Vulnerability Mmio stale data:        Not affected
Vulnerability Reg file data sampling: Not affected
Vulnerability Retbleed:               Not affected
Vulnerability Spec rstack overflow:   Mitigation; Safe RET
Vulnerability Spec store bypass:      Mitigation; Speculative Store Bypass disabled via prctl
Vulnerability Spectre v1:             Mitigation; usercopy/swapgs barriers and __user pointer sanitization
Vulnerability Spectre v2:             Mitigation; Enhanced / Automatic IBRS; IBPB conditional; STIBP always-on; RSB filling; PBRSB-eIBRS Not affected; BHI Not affected
Vulnerability Srbds:                  Not affected
Vulnerability Tsx async abort:        Not affected
RANGE                                  SIZE  STATE REMOVABLE  BLOCK
0x0000000000000000-0x000000006fffffff  1.8G online       yes   0-13
0x0000000078000000-0x000000007fffffff  128M online       yes     15
0x0000000100000000-0x0000000fffffffff   60G online       yes 32-511

Memory block size:       128M
Total online memory:    61.9G
Total offline memory:      0B
