*****************************
*** Installing opt_einsum ***
*****************************
Collecting opt-einsum==3.4.0
  Using cached opt_einsum-3.4.0-py3-none-any.whl (71 kB)
Installing collected packages: opt-einsum
Successfully installed opt-einsum-3.4.0
3.4.0
Looking in indexes: https://download.pytorch.org/whl/cpu
Collecting torch==2.5.1
  Using cached https://download.pytorch.org/whl/cpu/torch-2.5.1%2Bcpu-cp310-cp310-linux_x86_64.whl (174.7 MB)
Collecting torchvision
  Using cached https://download.pytorch.org/whl/cpu/torchvision-0.20.1%2Bcpu-cp310-cp310-linux_x86_64.whl (1.8 MB)
Collecting torchaudio
  Using cached https://download.pytorch.org/whl/cpu/torchaudio-2.5.1%2Bcpu-cp310-cp310-linux_x86_64.whl (1.7 MB)
Collecting sympy==1.13.1
  Using cached https://download.pytorch.org/whl/sympy-1.13.1-py3-none-any.whl (6.2 MB)
Collecting typing-extensions>=4.8.0
  Using cached https://download.pytorch.org/whl/typing_extensions-4.9.0-py3-none-any.whl (32 kB)
Collecting networkx
  Using cached https://download.pytorch.org/whl/networkx-3.2.1-py3-none-any.whl (1.6 MB)
Collecting filelock
  Using cached https://download.pytorch.org/whl/filelock-3.13.1-py3-none-any.whl (11 kB)
Collecting fsspec
  Using cached https://download.pytorch.org/whl/fsspec-2024.2.0-py3-none-any.whl (170 kB)
Collecting jinja2
  Using cached https://download.pytorch.org/whl/Jinja2-3.1.3-py3-none-any.whl (133 kB)
Collecting mpmath<1.4,>=1.1.0
  Using cached https://download.pytorch.org/whl/mpmath-1.3.0-py3-none-any.whl (536 kB)
Collecting pillow!=8.3.*,>=5.3.0
  Using cached https://download.pytorch.org/whl/pillow-10.2.0-cp310-cp310-manylinux_2_28_x86_64.whl (4.5 MB)
Collecting numpy
  Using cached https://download.pytorch.org/whl/numpy-1.26.3-cp310-cp310-manylinux_2_17_x86_64.manylinux2014_x86_64.whl (18.2 MB)
Collecting MarkupSafe>=2.0
  Using cached https://download.pytorch.org/whl/MarkupSafe-2.1.5-cp310-cp310-manylinux_2_17_x86_64.manylinux2014_x86_64.whl (25 kB)
Installing collected packages: mpmath, typing-extensions, sympy, pillow, numpy, networkx, MarkupSafe, fsspec, filelock, jinja2, torch, torchvision, torchaudio
Successfully installed MarkupSafe-2.1.5 filelock-3.13.1 fsspec-2024.2.0 jinja2-3.1.3 mpmath-1.3.0 networkx-3.2.1 numpy-1.26.3 pillow-10.2.0 sympy-1.13.1 torch-2.5.1+cpu torchaudio-2.5.1+cpu torchvision-0.20.1+cpu typing-extensions-4.9.0
PyTorch built with:
  - GCC 9.3
  - C++ Version: 201703
  - Intel(R) oneAPI Math Kernel Library Version 2024.2-Product Build 20240605 for Intel(R) 64 architecture applications
  - Intel(R) MKL-DNN v3.5.3 (Git Hash 66f0cb9eb66affd2da3bf5f8d897376f04aae6af)
  - OpenMP 201511 (a.k.a. OpenMP 4.5)
  - LAPACK is enabled (usually provided by MKL)
  - NNPACK is enabled
  - CPU capability usage: AVX512
  - Build settings: BLAS_INFO=mkl, BUILD_TYPE=Release, CXX_COMPILER=/opt/rh/devtoolset-9/root/usr/bin/c++, CXX_FLAGS= -D_GLIBCXX_USE_CXX11_ABI=0 -fabi-version=11 -fvisibility-inlines-hidden -DUSE_PTHREADPOOL -DNDEBUG -DUSE_KINETO -DLIBKINETO_NOCUPTI -DLIBKINETO_NOROCTRACER -DLIBKINETO_NOXPUPTI=ON -DUSE_FBGEMM -DUSE_PYTORCH_QNNPACK -DUSE_XNNPACK -DSYMBOLICATE_MOBILE_DEBUG_HANDLE -O2 -fPIC -Wall -Wextra -Werror=return-type -Werror=non-virtual-dtor -Werror=bool-operation -Wnarrowing -Wno-missing-field-initializers -Wno-type-limits -Wno-array-bounds -Wno-unknown-pragmas -Wno-unused-parameter -Wno-strict-overflow -Wno-strict-aliasing -Wno-stringop-overflow -Wsuggest-override -Wno-psabi -Wno-error=old-style-cast -Wno-missing-braces -fdiagnostics-color=always -faligned-new -Wno-unused-but-set-variable -Wno-maybe-uninitialized -fno-math-errno -fno-trapping-math -Werror=format -Wno-stringop-overflow, LAPACK_INFO=mkl, PERF_WITH_AVX=1, PERF_WITH_AVX2=1, TORCH_VERSION=2.5.1, USE_CUDA=0, USE_CUDNN=OFF, USE_CUSPARSELT=OFF, USE_EXCEPTION_PTR=1, USE_GFLAGS=OFF, USE_GLOG=OFF, USE_GLOO=ON, USE_MKL=ON, USE_MKLDNN=ON, USE_MPI=OFF, USE_NCCL=OFF, USE_NNPACK=ON, USE_OPENMP=ON, USE_ROCM=OFF, USE_ROCM_KERNEL_ASSERT=OFF, 

ATen/Parallel:
	at::get_num_threads() : 8
	at::get_num_interop_threads() : 16
OpenMP 201511 (a.k.a. OpenMP 4.5)
	omp_get_max_threads() : 8
Intel(R) oneAPI Math Kernel Library Version 2024.2-Product Build 20240605 for Intel(R) 64 architecture applications
	mkl_get_max_threads() : 8
Intel(R) MKL-DNN v3.5.3 (Git Hash 66f0cb9eb66affd2da3bf5f8d897376f04aae6af)
std::thread::hardware_concurrency() : 16
Environment variables:
	OMP_NUM_THREADS : [not set]
	MKL_NUM_THREADS : [not set]
ATen parallel backend: OpenMP

Cloning into 'einsum_ir'...
commit d036e0ea15d2cdd55906015e719a1de820ac9dc0
Author: Alexander Nikolas Breuer <breuer@mytum.de>
Date:   Sat Nov 9 19:37:43 2024 +0100

    Added arithmetic intensity to opt_einsum wrapper.

commit c600e8a2bcc332ab64cf7794d8b342d6b477959a
Author: Alexander Nikolas Breuer <alex.breuer@uni-jena.de>
Date:   Tue Nov 5 17:24:23 2024 +0100

    Added opt_einsum benchmarking script.

commit 0569261d56f557c9adef6744afdbf628f1f4ec6b
Author: Alexander Nikolas Breuer <alex.breuer@uni-jena.de>
Date:   Tue Nov 5 17:23:41 2024 +0100

    Added opt_einsum wrapper.

commit b23481aa1b8d9f6d00442c10df3c42dabd7c32ec
Author: Alexander Nikolas Breuer <alex.breuer@uni-jena.de>
Date:   Tue Nov 5 17:22:29 2024 +0100

    Removed #cores flag from einsum_ir benchmarking script.

commit 0c7f053d7bbafa6601cd6b9649468aa957a5a607
