************************************
*** benchmark 1: efbad,cf->abcde ***
************************************
einsum_str: efbad,cf->abcde
  optimizing
    optimization time: 2137.874415397644
  verifying
    error (relative): 0.0
  benchmarking
    num_ops:  5159780352.0
    median:   0.007095121607033972
    gflops:   727.2293045526787
CSV_DATA:"efbad,cf->abcde","48,36,24,36,48,36",float32,"num_cores:48,vector_unit_bytes:64,cache_line_bytes:64,max_shared_memory_per_block:0,max_local_memory_per_block:0,max_threads_per_block:0,max_vthread_extent:0,warp_size:0","llvm -keys=cpu -mcpu=sapphirerapids",1000,10,2137.874415397644,0.0,5159780352.0,0.007095121607033972,727.2293045526787
************************************
*** benchmark 2: efcad,bf->abcde ***
************************************
einsum_str: efcad,bf->abcde
  optimizing
    optimization time: 2062.956958293915
  verifying
    error (relative): 0.0
  benchmarking
    num_ops:  5159780352.0
    median:   0.006647021114854517
    gflops:   776.2545451328738
CSV_DATA:"efcad,bf->abcde","48,24,36,36,48,36",float32,"num_cores:48,vector_unit_bytes:64,cache_line_bytes:64,max_shared_memory_per_block:0,max_local_memory_per_block:0,max_threads_per_block:0,max_vthread_extent:0,warp_size:0","llvm -keys=cpu -mcpu=sapphirerapids",1000,10,2062.956958293915,0.0,5159780352.0,0.006647021114854517,776.2545451328738
**********************************
*** benchmark 3: dbea,ec->abcd ***
**********************************
einsum_str: dbea,ec->abcd
  optimizing
    optimization time: 1430.8159868717194
  verifying
    error (relative): 0.0
  benchmarking
    num_ops:  3567255552.0
    median:   0.00278663986870462
    gflops:   1280.1279390502125
CSV_DATA:"dbea,ec->abcd","96,84,24,96,96",float32,"num_cores:48,vector_unit_bytes:64,cache_line_bytes:64,max_shared_memory_per_block:0,max_local_memory_per_block:0,max_threads_per_block:0,max_vthread_extent:0,warp_size:0","llvm -keys=cpu -mcpu=sapphirerapids",1000,10,1430.8159868717194,0.0,3567255552.0,0.00278663986870462,1280.1279390502125
************************************
*** benchmark 4: ecbfa,fd->abcde ***
************************************
einsum_str: ecbfa,fd->abcde
  optimizing
    optimization time: 2404.669257879257
  verifying
    error (relative): 0.0
  benchmarking
    num_ops:  6879707136.0
    median:   0.010326276421561947
    gflops:   666.233098470492
CSV_DATA:"ecbfa,fd->abcde","48,36,36,24,48,48",float32,"num_cores:48,vector_unit_bytes:64,cache_line_bytes:64,max_shared_memory_per_block:0,max_local_memory_per_block:0,max_threads_per_block:0,max_vthread_extent:0,warp_size:0","llvm -keys=cpu -mcpu=sapphirerapids",1000,10,2404.669257879257,0.0,6879707136.0,0.010326276421561947,666.233098470492
**********************************
*** benchmark 5: deca,be->abcd ***
**********************************
einsum_str: deca,be->abcd
  optimizing
    optimization time: 1308.1811985969543
  verifying
    error (relative): 0.0
  benchmarking
    num_ops:  3121348608.0
    median:   0.0035268623157774476
    gflops:   885.0213953736219
CSV_DATA:"deca,be->abcd","96,24,84,96,84",float32,"num_cores:48,vector_unit_bytes:64,cache_line_bytes:64,max_shared_memory_per_block:0,max_local_memory_per_block:0,max_threads_per_block:0,max_vthread_extent:0,warp_size:0","llvm -keys=cpu -mcpu=sapphirerapids",1000,10,1308.1811985969543,0.0,3121348608.0,0.0035268623157774476,885.0213953736219
********************************
*** benchmark 6: bda,dc->abc ***
********************************
einsum_str: bda,dc->abc
  optimizing
    optimization time: 1089.0632042884827
  verifying
    error (relative): 0.0
  benchmarking
    num_ops:  2717908992.0
    median:   0.0017529355574432916
    gflops:   1550.4899655091433
CSV_DATA:"bda,dc->abc","384,384,24,384",float32,"num_cores:48,vector_unit_bytes:64,cache_line_bytes:64,max_shared_memory_per_block:0,max_local_memory_per_block:0,max_threads_per_block:0,max_vthread_extent:0,warp_size:0","llvm -keys=cpu -mcpu=sapphirerapids",1000,10,1089.0632042884827,0.0,2717908992.0,0.0017529355574432916,1550.4899655091433
**********************************
*** benchmark 7: ebad,ce->abcd ***
**********************************
einsum_str: ebad,ce->abcd
  optimizing
    optimization time: 1290.7221038341522
  verifying
    error (relative): 0.0
  benchmarking
    num_ops:  3121348608.0
    median:   0.0016151023073351749
    gflops:   1932.6011694887886
CSV_DATA:"ebad,ce->abcd","96,84,24,84,96",float32,"num_cores:48,vector_unit_bytes:64,cache_line_bytes:64,max_shared_memory_per_block:0,max_local_memory_per_block:0,max_threads_per_block:0,max_vthread_extent:0,warp_size:0","llvm -keys=cpu -mcpu=sapphirerapids",1000,10,1290.7221038341522,0.0,3121348608.0,0.0016151023073351749,1932.6011694887886
**************************************
*** benchmark 8: dega,gfbc->abcdef ***
**************************************
einsum_str: dega,gfbc->abcdef
  optimizing
    optimization time: 1483.7938237190247
  verifying
    error (relative): 0.0
  benchmarking
    num_ops:  4423680000.0
    median:   0.0035400976763827986
    gflops:   1249.5926396358725
CSV_DATA:"dega,gfbc->abcdef","24,20,20,24,20,20,24",float32,"num_cores:48,vector_unit_bytes:64,cache_line_bytes:64,max_shared_memory_per_block:0,max_local_memory_per_block:0,max_threads_per_block:0,max_vthread_extent:0,warp_size:0","llvm -keys=cpu -mcpu=sapphirerapids",1000,10,1483.7938237190247,0.0,4423680000.0,0.0035400976763827986,1249.5926396358725
**************************************
*** benchmark 9: dfgb,geac->abcdef ***
**************************************
einsum_str: dfgb,geac->abcdef
  optimizing
    optimization time: 1461.1876285076141
  verifying
    error (relative): 0.0
  benchmarking
    num_ops:  4423680000.0
    median:   0.0032467076714164543
    gflops:   1362.5125658664745
CSV_DATA:"dfgb,geac->abcdef","24,20,20,24,20,20,24",float32,"num_cores:48,vector_unit_bytes:64,cache_line_bytes:64,max_shared_memory_per_block:0,max_local_memory_per_block:0,max_threads_per_block:0,max_vthread_extent:0,warp_size:0","llvm -keys=cpu -mcpu=sapphirerapids",1000,10,1461.1876285076141,0.0,4423680000.0,0.0032467076714164543,1362.5125658664745
***************************************
*** benchmark 10: degb,gfac->abcdef ***
***************************************
einsum_str: degb,gfac->abcdef
  optimizing
    optimization time: 1529.9931564331055
  verifying
    error (relative): 0.0
  benchmarking
    num_ops:  4423680000.0
    median:   0.003181056970299435
    gflops:   1390.6321204878002
CSV_DATA:"degb,gfac->abcdef","24,20,20,24,20,20,24",float32,"num_cores:48,vector_unit_bytes:64,cache_line_bytes:64,max_shared_memory_per_block:0,max_local_memory_per_block:0,max_threads_per_block:0,max_vthread_extent:0,warp_size:0","llvm -keys=cpu -mcpu=sapphirerapids",1000,10,1529.9931564331055,0.0,4423680000.0,0.003181056970299435,1390.6321204878002
***************************************
*** benchmark 11: degc,gfab->abcdef ***
***************************************
einsum_str: degc,gfab->abcdef
  optimizing
    optimization time: 1510.9174134731293
  verifying
    error (relative): 0.0
  benchmarking
    num_ops:  4423680000.0
    median:   0.003341616264997068
    gflops:   1323.8144805366758
CSV_DATA:"degc,gfab->abcdef","24,20,20,24,20,20,24",float32,"num_cores:48,vector_unit_bytes:64,cache_line_bytes:64,max_shared_memory_per_block:0,max_local_memory_per_block:0,max_threads_per_block:0,max_vthread_extent:0,warp_size:0","llvm -keys=cpu -mcpu=sapphirerapids",1000,10,1510.9174134731293,0.0,4423680000.0,0.003341616264997068,1323.8144805366758
*********************************
*** benchmark 12: dca,bd->abc ***
*********************************
einsum_str: dca,bd->abc
  optimizing
    optimization time: 1057.404355764389
  verifying
    error (relative): 0.0
  benchmarking
    num_ops:  2661285888.0
    median:   0.0016117540649521062
    gflops:   1651.1736783360188
CSV_DATA:"dca,bd->abc","384,24,376,384",float32,"num_cores:48,vector_unit_bytes:64,cache_line_bytes:64,max_shared_memory_per_block:0,max_local_memory_per_block:0,max_threads_per_block:0,max_vthread_extent:0,warp_size:0","llvm -keys=cpu -mcpu=sapphirerapids",1000,10,1057.404355764389,0.0,2661285888.0,0.0016117540649521062,1651.1736783360188
***********************************
*** benchmark 13: ea,ebcd->abcd ***
***********************************
einsum_str: ea,ebcd->abcd
  optimizing
    optimization time: 1568.0379593372345
  verifying
    error (relative): 0.0
  benchmarking
    num_ops:  10924720128.0
    median:   0.004054309719341846
    gflops:   2694.594366059793
CSV_DATA:"ea,ebcd->abcd","96,84,84,84,96",float32,"num_cores:48,vector_unit_bytes:64,cache_line_bytes:64,max_shared_memory_per_block:0,max_local_memory_per_block:0,max_threads_per_block:0,max_vthread_extent:0,warp_size:0","llvm -keys=cpu -mcpu=sapphirerapids",1000,10,1568.0379593372345,0.0,10924720128.0,0.004054309719341846,2694.594366059793
***********************************
*** benchmark 14: eb,aecd->abcd ***
***********************************
einsum_str: eb,aecd->abcd
  optimizing
    optimization time: 1570.003235578537
  verifying
    error (relative): 0.0
  benchmarking
    num_ops:  10924720128.0
    median:   0.0054539580146406395
    gflops:   2003.0810832561622
CSV_DATA:"eb,aecd->abcd","96,84,84,84,96",float32,"num_cores:48,vector_unit_bytes:64,cache_line_bytes:64,max_shared_memory_per_block:0,max_local_memory_per_block:0,max_threads_per_block:0,max_vthread_extent:0,warp_size:0","llvm -keys=cpu -mcpu=sapphirerapids",1000,10,1570.003235578537,0.0,10924720128.0,0.0054539580146406395,2003.0810832561622
***********************************
*** benchmark 15: ec,abed->abcd ***
***********************************
einsum_str: ec,abed->abcd
  optimizing
    optimization time: 1622.0798335075378
  verifying
    error (relative): 0.0
  benchmarking
    num_ops:  10924720128.0
    median:   0.00379952443908831
    gflops:   2875.2861846629867
CSV_DATA:"ec,abed->abcd","96,84,84,84,96",float32,"num_cores:48,vector_unit_bytes:64,cache_line_bytes:64,max_shared_memory_per_block:0,max_local_memory_per_block:0,max_threads_per_block:0,max_vthread_extent:0,warp_size:0","llvm -keys=cpu -mcpu=sapphirerapids",1000,10,1622.0798335075378,0.0,10924720128.0,0.00379952443908831,2875.2861846629867
***********************************
*** benchmark 16: adec,ebd->abc ***
***********************************
einsum_str: adec,ebd->abc
  optimizing
    optimization time: 1186.3691520690918
  verifying
    error (relative): 1.6568470091270517e-06
  benchmarking
    num_ops:  10924720128.0
    median:   0.003157078537579573
    gflops:   3460.3890900907454
CSV_DATA:"adec,ebd->abc","96,84,84,84,96",float32,"num_cores:48,vector_unit_bytes:64,cache_line_bytes:64,max_shared_memory_per_block:0,max_local_memory_per_block:0,max_threads_per_block:0,max_vthread_extent:0,warp_size:0","llvm -keys=cpu -mcpu=sapphirerapids",1000,10,1186.3691520690918,1.6568470091270517e-06,10924720128.0,0.003157078537579573,3460.3890900907454
*********************************
*** benchmark 17: cad,dcb->ab ***
*********************************
einsum_str: cad,dcb->ab
  optimizing
    optimization time: 1931.5063574314117
  verifying
    error (relative): 6.849817435562028e-06
  benchmarking
    num_ops:  42580574208.0
    median:   0.017838964918397628
    gflops:   2386.941978011624
CSV_DATA:"cad,dcb->ab","384,376,384,384",float32,"num_cores:48,vector_unit_bytes:64,cache_line_bytes:64,max_shared_memory_per_block:0,max_local_memory_per_block:0,max_threads_per_block:0,max_vthread_extent:0,warp_size:0","llvm -keys=cpu -mcpu=sapphirerapids",1000,10,1931.5063574314117,6.849817435562028e-06,42580574208.0,0.017838964918397628,2386.941978011624
*********************************
*** benchmark 18: acd,dbc->ab ***
*********************************
einsum_str: acd,dbc->ab
  optimizing
    optimization time: 1721.5426573753357
  verifying
    error (relative): 6.814238951963377e-06
  benchmarking
    num_ops:  41693478912.0
    median:   0.029926778676426798
    gflops:   1393.1829871432767
CSV_DATA:"acd,dbc->ab","384,376,376,384",float32,"num_cores:48,vector_unit_bytes:64,cache_line_bytes:64,max_shared_memory_per_block:0,max_local_memory_per_block:0,max_threads_per_block:0,max_vthread_extent:0,warp_size:0","llvm -keys=cpu -mcpu=sapphirerapids",1000,10,1721.5426573753357,6.814238951963377e-06,41693478912.0,0.029926778676426798,1393.1829871432767
*********************************
*** benchmark 19: acd,db->abc ***
*********************************
einsum_str: acd,db->abc
  optimizing
    optimization time: 1643.3762023448944
  verifying
    error (relative): 0.0
  benchmarking
    num_ops:  41693478912.0
    median:   0.011300241520535085
    gflops:   3689.6095394274143
CSV_DATA:"acd,db->abc","384,376,376,384",float32,"num_cores:48,vector_unit_bytes:64,cache_line_bytes:64,max_shared_memory_per_block:0,max_local_memory_per_block:0,max_threads_per_block:0,max_vthread_extent:0,warp_size:0","llvm -keys=cpu -mcpu=sapphirerapids",1000,10,1643.3762023448944,0.0,41693478912.0,0.011300241520535085,3689.6095394274143
*********************************
*** benchmark 20: adc,bd->abc ***
*********************************
einsum_str: adc,bd->abc
  optimizing
    optimization time: 1543.2764980793
  verifying
    error (relative): 0.0
  benchmarking
    num_ops:  41693478912.0
    median:   0.010841053835031278
    gflops:   3845.888005580567
CSV_DATA:"adc,bd->abc","384,384,376,376",float32,"num_cores:48,vector_unit_bytes:64,cache_line_bytes:64,max_shared_memory_per_block:0,max_local_memory_per_block:0,max_threads_per_block:0,max_vthread_extent:0,warp_size:0","llvm -keys=cpu -mcpu=sapphirerapids",1000,10,1543.2764980793,0.0,41693478912.0,0.010841053835031278,3845.888005580567
*******************************
*** benchmark 21: ac,cb->ab ***
*******************************
einsum_str: ac,cb->ab
  optimizing
    optimization time: 5152.726323366165
  verifying
    error (relative): 1.5702856597803594e-06
  benchmarking
    num_ops:  760685137920.0
    median:   0.21715090015873015
    gflops:   3503.025487639997
CSV_DATA:"ac,cb->ab","7248,7240,7248",float32,"num_cores:48,vector_unit_bytes:64,cache_line_bytes:64,max_shared_memory_per_block:0,max_local_memory_per_block:0,max_threads_per_block:0,max_vthread_extent:0,warp_size:0","llvm -keys=cpu -mcpu=sapphirerapids",1000,10,5152.726323366165,1.5702856597803594e-06,760685137920.0,0.21715090015873015,3503.025487639997
*************************************
*** benchmark 22: aebf,fdec->abcd ***
*************************************
einsum_str: aebf,fdec->abcd
  optimizing
    optimization time: 11182.016154050827
  verifying
    error (relative): 1.6536676813393967e-06
  benchmarking
    num_ops:  917676490752.0
    median:   0.6900248394772728
    gflops:   1329.9180525837075
CSV_DATA:"aebf,fdec->abcd","96,84,84,84,84,96",float32,"num_cores:48,vector_unit_bytes:64,cache_line_bytes:64,max_shared_memory_per_block:0,max_local_memory_per_block:0,max_threads_per_block:0,max_vthread_extent:0,warp_size:0","llvm -keys=cpu -mcpu=sapphirerapids",1000,10,11182.016154050827,1.6536676813393967e-06,917676490752.0,0.6900248394772728,1329.9180525837075
*************************************
*** benchmark 23: eafd,fbec->abcd ***
*************************************
einsum_str: eafd,fbec->abcd
  optimizing
    optimization time: 11207.310466051102
  verifying
    error (relative): 1.7612176707619605e-06
  benchmarking
    num_ops:  1048773132288.0
    median:   0.6210425381030927
    gflops:   1688.7299467301611
CSV_DATA:"eafd,fbec->abcd","96,84,84,84,96,96",float32,"num_cores:48,vector_unit_bytes:64,cache_line_bytes:64,max_shared_memory_per_block:0,max_local_memory_per_block:0,max_threads_per_block:0,max_vthread_extent:0,warp_size:0","llvm -keys=cpu -mcpu=sapphirerapids",1000,10,11207.310466051102,1.7612176707619605e-06,1048773132288.0,0.6210425381030927,1688.7299467301611
*************************************
*** benchmark 24: aebf,dfce->abcd ***
*************************************
einsum_str: aebf,dfce->abcd
  optimizing
    optimization time: 5430.22864985466
  verifying
    error (relative): 1.551529439504726e-06
  benchmarking
    num_ops:  917676490752.0
    median:   0.3573865971761364
    gflops:   2567.74176201053
CSV_DATA:"aebf,dfce->abcd","96,84,84,96,84,84",float32,"num_cores:48,vector_unit_bytes:64,cache_line_bytes:64,max_shared_memory_per_block:0,max_local_memory_per_block:0,max_threads_per_block:0,max_vthread_extent:0,warp_size:0","llvm -keys=cpu -mcpu=sapphirerapids",1000,10,5430.22864985466,1.551529439504726e-06,917676490752.0,0.3573865971761364,2567.74176201053
