****************************
*** Printing System Info ***
****************************
Wed Nov  6 09:54:12 AM CET 2024
Linux stan 5.14.0-427.31.1.el9_4.aarch64 #1 SMP PREEMPT_DYNAMIC Thu Aug 15 14:44:06 EDT 2024 aarch64 aarch64 aarch64 GNU/Linux
 Static hostname: stan
       Icon name: computer-server
         Chassis: server 🖳
      Machine ID: fbaf58e0eb9f47bead260f829313e693
         Boot ID: 261d705ecb5b45119012fa50328dd460
Operating System: AlmaLinux 9.4 (Seafoam Ocelot)
     CPE OS Name: cpe:/o:almalinux:almalinux:9::baseos
          Kernel: Linux 5.14.0-427.31.1.el9_4.aarch64
    Architecture: arm64
 Hardware Vendor: Supermicro
  Hardware Model: ARS-221GL-NR
Firmware Version: 1.1a
g++ (GCC) 11.4.1 20231218 (Red Hat 11.4.1-3)
Copyright (C) 2021 Free Software Foundation, Inc.
This is free software; see the source for copying conditions.  There is NO
warranty; not even for MERCHANTABILITY or FITNESS FOR A PARTICULAR PURPOSE.

clang version 17.0.6 (AlmaLinux OS Foundation 17.0.6-5.el9)
Target: aarch64-redhat-linux-gnu
Thread model: posix
InstalledDir: /usr/bin
#ifndef NVPL_BLAS_VERSION_H
#define NVPL_BLAS_VERSION_H

#define NVPL_BLAS_VERSION_MAJOR 0
#define NVPL_BLAS_VERSION_MINOR 3
#define NVPL_BLAS_VERSION_PATCH 0

#endif
Architecture:                       aarch64
CPU op-mode(s):                     64-bit
Byte Order:                         Little Endian
CPU(s):                             144
On-line CPU(s) list:                0-71
Off-line CPU(s) list:               72-143
Vendor ID:                          ARM
Model name:                         Neoverse-V2
Model:                              0
Thread(s) per core:                 1
Core(s) per socket:                 72
Socket(s):                          1
Stepping:                           r0p0
Frequency boost:                    disabled
CPU(s) scaling MHz:                 93%
CPU max MHz:                        3483.0000
CPU min MHz:                        0.0000
BogoMIPS:                           2000.00
Flags:                              fp asimd evtstrm aes pmull sha1 sha2 crc32 atomics fphp asimdhp cpuid asimdrdm jscvt fcma lrcpc dcpop sha3 sm3 sm4 asimddp sha512 sve asimdfhm dit uscat ilrcpc flagm ssbs sb dcpodp sve2 sveaes svepmull svebitperm svesha3 svesm4 flagm2 frint svei8mm svebf16 i8mm bf16 dgh
L1d cache:                          4.5 MiB (72 instances)
L1i cache:                          4.5 MiB (72 instances)
L2 cache:                           72 MiB (72 instances)
L3 cache:                           114 MiB (1 instance)
NUMA node(s):                       2
NUMA node0 CPU(s):                  0-71
NUMA node1 CPU(s):                  
Vulnerability Gather data sampling: Not affected
Vulnerability Itlb multihit:        Not affected
Vulnerability L1tf:                 Not affected
Vulnerability Mds:                  Not affected
Vulnerability Meltdown:             Not affected
Vulnerability Mmio stale data:      Not affected
Vulnerability Retbleed:             Not affected
Vulnerability Spec rstack overflow: Not affected
Vulnerability Spec store bypass:    Mitigation; Speculative Store Bypass disabled via prctl
Vulnerability Spectre v1:           Mitigation; __user pointer sanitization
Vulnerability Spectre v2:           Not affected
Vulnerability Srbds:                Not affected
Vulnerability Tsx async abort:      Not affected
RANGE                                   SIZE  STATE REMOVABLE         BLOCK
0x0000000080000000-0x0000003c6fffffff 239.8G online       yes       16-1933
0x0000100080000000-0x0000103c7fffffff   240G online       yes 131088-133007

Memory block size:       128M
Total online memory:    479.8G
Total offline memory:      0B
