*****************************
*** Installing opt_einsum ***
*****************************
Collecting package metadata (current_repodata.json): ...working... done
Solving environment: ...working... done

## Package Plan ##

  environment location: /home/alex/asplos_25/grace/conda_oe

  added / updated specs:
    - python=3.10


The following NEW packages will be INSTALLED:

  _libgcc_mutex      pkgs/main/linux-aarch64::_libgcc_mutex-0.1-main
  _openmp_mutex      pkgs/main/linux-aarch64::_openmp_mutex-5.1-51_gnu
  bzip2              pkgs/main/linux-aarch64::bzip2-1.0.8-h998d150_6
  ca-certificates    pkgs/main/linux-aarch64::ca-certificates-2024.9.24-hd43f75c_0
  ld_impl_linux-aar~ pkgs/main/linux-aarch64::ld_impl_linux-aarch64-2.40-h48e3ba3_0
  libffi             pkgs/main/linux-aarch64::libffi-3.4.4-h419075a_1
  libgcc-ng          pkgs/main/linux-aarch64::libgcc-ng-11.2.0-h1234567_1
  libgomp            pkgs/main/linux-aarch64::libgomp-11.2.0-h1234567_1
  libstdcxx-ng       pkgs/main/linux-aarch64::libstdcxx-ng-11.2.0-h1234567_1
  libuuid            pkgs/main/linux-aarch64::libuuid-1.41.5-h998d150_0
  ncurses            pkgs/main/linux-aarch64::ncurses-6.4-h419075a_0
  openssl            pkgs/main/linux-aarch64::openssl-3.0.15-h998d150_0
  pip                pkgs/main/linux-aarch64::pip-24.2-py310hd43f75c_0
  python             pkgs/main/linux-aarch64::python-3.10.15-h4bb2201_1
  readline           pkgs/main/linux-aarch64::readline-8.2-h998d150_0
  setuptools         pkgs/main/linux-aarch64::setuptools-75.1.0-py310hd43f75c_0
  sqlite             pkgs/main/linux-aarch64::sqlite-3.45.3-h998d150_0
  tk                 pkgs/main/linux-aarch64::tk-8.6.14-h987d8db_0
  tzdata             pkgs/main/noarch::tzdata-2024b-h04d1e81_0
  wheel              pkgs/main/linux-aarch64::wheel-0.44.0-py310hd43f75c_0
  xz                 pkgs/main/linux-aarch64::xz-5.4.6-h998d150_1
  zlib               pkgs/main/linux-aarch64::zlib-1.2.13-h998d150_1


Preparing transaction: ...working... done
Verifying transaction: ...working... done
Executing transaction: ...working... done
#
# To activate this environment, use
#
#     $ conda activate /home/alex/asplos_25/grace/conda_oe
#
# To deactivate an active environment, use
#
#     $ conda deactivate

Retrieving notices: ...working... done
Collecting opt-einsum==3.4.0
  Using cached opt_einsum-3.4.0-py3-none-any.whl.metadata (6.3 kB)
Using cached opt_einsum-3.4.0-py3-none-any.whl (71 kB)
Installing collected packages: opt-einsum
Successfully installed opt-einsum-3.4.0
3.4.0
Looking in indexes: https://download.pytorch.org/whl/cpu
Collecting torch==2.5.1
  Using cached https://download.pytorch.org/whl/cpu/torch-2.5.1-cp310-cp310-manylinux_2_17_aarch64.manylinux2014_aarch64.whl (91.9 MB)
Collecting torchvision
  Using cached https://download.pytorch.org/whl/cpu/torchvision-0.20.1-cp310-cp310-linux_aarch64.whl (14.3 MB)
Collecting torchaudio
  Using cached https://download.pytorch.org/whl/cpu/torchaudio-2.5.1-cp310-cp310-linux_aarch64.whl (1.7 MB)
Collecting filelock (from torch==2.5.1)
  Using cached https://download.pytorch.org/whl/filelock-3.13.1-py3-none-any.whl (11 kB)
Collecting typing-extensions>=4.8.0 (from torch==2.5.1)
  Using cached https://download.pytorch.org/whl/typing_extensions-4.9.0-py3-none-any.whl (32 kB)
Collecting networkx (from torch==2.5.1)
  Using cached https://download.pytorch.org/whl/networkx-3.2.1-py3-none-any.whl (1.6 MB)
Collecting jinja2 (from torch==2.5.1)
  Using cached https://download.pytorch.org/whl/Jinja2-3.1.3-py3-none-any.whl (133 kB)
Collecting fsspec (from torch==2.5.1)
  Using cached https://download.pytorch.org/whl/fsspec-2024.2.0-py3-none-any.whl (170 kB)
Collecting sympy==1.13.1 (from torch==2.5.1)
  Using cached https://download.pytorch.org/whl/sympy-1.13.1-py3-none-any.whl (6.2 MB)
Collecting mpmath<1.4,>=1.1.0 (from sympy==1.13.1->torch==2.5.1)
  Using cached https://download.pytorch.org/whl/mpmath-1.3.0-py3-none-any.whl (536 kB)
Collecting numpy (from torchvision)
  Using cached https://download.pytorch.org/whl/numpy-1.26.3-cp310-cp310-manylinux_2_17_aarch64.manylinux2014_aarch64.whl (14.2 MB)
Collecting pillow!=8.3.*,>=5.3.0 (from torchvision)
  Using cached https://download.pytorch.org/whl/pillow-10.2.0-cp310-cp310-manylinux_2_28_aarch64.whl (4.3 MB)
Collecting MarkupSafe>=2.0 (from jinja2->torch==2.5.1)
  Using cached https://download.pytorch.org/whl/MarkupSafe-2.1.5-cp310-cp310-manylinux_2_17_aarch64.manylinux2014_aarch64.whl (26 kB)
Installing collected packages: mpmath, typing-extensions, sympy, pillow, numpy, networkx, MarkupSafe, fsspec, filelock, jinja2, torch, torchvision, torchaudio
Successfully installed MarkupSafe-2.1.5 filelock-3.13.1 fsspec-2024.2.0 jinja2-3.1.3 mpmath-1.3.0 networkx-3.2.1 numpy-1.26.3 pillow-10.2.0 sympy-1.13.1 torch-2.5.1 torchaudio-2.5.1 torchvision-0.20.1 typing-extensions-4.9.0
PyTorch built with:
  - GCC 10.2
  - C++ Version: 201703
  - Intel(R) MKL-DNN v3.5.3 (Git Hash 66f0cb9eb66affd2da3bf5f8d897376f04aae6af)
  - OpenMP 201511 (a.k.a. OpenMP 4.5)
  - LAPACK is enabled (usually provided by MKL)
  - NNPACK is enabled
  - CPU capability usage: NO AVX
  - Build settings: BLAS_INFO=open, BUILD_TYPE=Release, CXX_COMPILER=/opt/rh/devtoolset-10/root/usr/bin/c++, CXX_FLAGS=-ffunction-sections -fdata-sections -D_GLIBCXX_USE_CXX11_ABI=0 -fabi-version=11 -fvisibility-inlines-hidden -DUSE_PTHREADPOOL -DNDEBUG -DUSE_KINETO -DLIBKINETO_NOCUPTI -DLIBKINETO_NOROCTRACER -DLIBKINETO_NOXPUPTI=ON -DUSE_PYTORCH_QNNPACK -DUSE_XNNPACK -DSYMBOLICATE_MOBILE_DEBUG_HANDLE -O2 -fPIC -Wall -Wextra -Werror=return-type -Werror=non-virtual-dtor -Werror=bool-operation -Wnarrowing -Wno-missing-field-initializers -Wno-type-limits -Wno-array-bounds -Wno-unknown-pragmas -Wno-unused-parameter -Wno-strict-overflow -Wno-strict-aliasing -Wno-stringop-overflow -Wsuggest-override -Wno-psabi -Wno-error=old-style-cast -Wno-missing-braces -fdiagnostics-color=always -faligned-new -Wno-unused-but-set-variable -Wno-maybe-uninitialized -fno-math-errno -fno-trapping-math -Werror=format -Wno-stringop-overflow, LAPACK_INFO=open, TORCH_VERSION=2.5.1, USE_CUDA=OFF, USE_CUDNN=OFF, USE_CUSPARSELT=OFF, USE_EXCEPTION_PTR=1, USE_GFLAGS=OFF, USE_GLOG=OFF, USE_GLOO=ON, USE_MKLDNN=ON, USE_MPI=OFF, USE_NCCL=OFF, USE_NNPACK=ON, USE_OPENMP=ON, USE_ROCM=OFF, USE_ROCM_KERNEL_ASSERT=OFF, 

ATen/Parallel:
	at::get_num_threads() : 72
	at::get_num_interop_threads() : 72
OpenMP 201511 (a.k.a. OpenMP 4.5)
	omp_get_max_threads() : 72
MKL not found
Intel(R) MKL-DNN v3.5.3 (Git Hash 66f0cb9eb66affd2da3bf5f8d897376f04aae6af)
std::thread::hardware_concurrency() : 72
Environment variables:
	OMP_NUM_THREADS : [not set]
	MKL_NUM_THREADS : [not set]
ATen parallel backend: OpenMP

Cloning into 'einsum_ir'...
commit d036e0ea15d2cdd55906015e719a1de820ac9dc0
Author: Alexander Nikolas Breuer <breuer@mytum.de>
Date:   Sat Nov 9 19:37:43 2024 +0100

    Added arithmetic intensity to opt_einsum wrapper.

commit c600e8a2bcc332ab64cf7794d8b342d6b477959a
Author: Alexander Nikolas Breuer <alex.breuer@uni-jena.de>
Date:   Tue Nov 5 17:24:23 2024 +0100

    Added opt_einsum benchmarking script.

commit 0569261d56f557c9adef6744afdbf628f1f4ec6b
Author: Alexander Nikolas Breuer <alex.breuer@uni-jena.de>
Date:   Tue Nov 5 17:23:41 2024 +0100

    Added opt_einsum wrapper.

commit b23481aa1b8d9f6d00442c10df3c42dabd7c32ec
Author: Alexander Nikolas Breuer <alex.breuer@uni-jena.de>
Date:   Tue Nov 5 17:22:29 2024 +0100

    Removed #cores flag from einsum_ir benchmarking script.

commit 0c7f053d7bbafa6601cd6b9649468aa957a5a607
