*******************************
*** Installing Dependencies ***
*******************************
Cloning into 'libxsmm'...
commit 9d324fac924e9569d943fc6c4c4702282c259fb8
Author: Evangelos Georganas <evangelos.georganas@intel.com>
Date:   Sun Nov 10 00:17:46 2024 -0800

    Adds bf16 GEMM sve variants for nn/nt/tn/tt (#918)
    
    * Got it working
    
    * Minor fix
    
    * Updated CI list
    
    * Added patch for k % 2 == 1
    
    * Some code cleanup
    
    * Added more guard
    
    * Minor fix
    
    * attempt to add flat layouts to SVE code
    
    * attempt to fix VNNI kenrel selection
    
    * attempt to fix BF16 NN case
================================================================================
LIBXSMM feature_sve_bf16_gemm_flat_a-1.17-3773 (Linux@stan)
--------------------------------------------------------------------------------
GNU Compiler Collection: gcc 11.4.1, g++ 11.4.1, and gfortran 11.4.1
C / C++ target: -march=armv8.1-a
Fortran target: -march=armv8.1-a
--------------------------------------------------------------------------------
--- LIBXSMM build log
gcc -march=armv8.1-a -fPIC -Wall -O2 -fopenmp-simd -funroll-loops -ftree-vectorize -fdata-sections -ffunction-sections -fvisibility=hidden -pthread -DNDEBUG -DLIBXSMM_OPENMP_SIMD -DLIBXSMM_BUILD=2 -Iinclude -I./src -D__BLAS=0 -Werror -c ./src/libxsmm_ext.c -o obj/intel64/libxsmm_noblas.o
/usr/bin/gcc-ar -rs lib/libxsmmnoblas.a obj/intel64/libxsmm_noblas.o
/usr/bin/ar: creating lib/libxsmmnoblas.a
gcc -shared -fPIC -o "lib/libxsmmnoblas.so.1.17.0" -Wl,-soname=libxsmmnoblas.so.1  \
	obj/intel64/libxsmm_noblas.o -Wl,--gc-sections -Wl,-z,relro,-z,now -lm -lrt -ldl -s -pthread
gfortran -D__BLAS=0 -DNDEBUG -DLIBXSMM_OPENMP_SIMD -DLIBXSMM_BUILD=2 -Iinclude -I./src  -fPIC -O2 -fopenmp-simd -funroll-loops -ftree-vectorize -fdata-sections -ffunction-sections -march=armv8.1-a \
	-c include/libxsmm.f -o obj/intel64/libxsmm-mod.o -J include
gcc -D__BLAS=0 -DNDEBUG -DLIBXSMM_OPENMP_SIMD -DLIBXSMM_BUILD=2 -Iinclude -I./src -march=armv8.1-a -fPIC -Wall -O2 -fopenmp-simd -funroll-loops -ftree-vectorize -fdata-sections -ffunction-sections -fvisibility=hidden -pthread -Werror -c ./src/libxsmm_perf.c -o  obj/intel64/libxsmm_perf.o
gcc -D__BLAS=0 -DNDEBUG -DLIBXSMM_OPENMP_SIMD -DLIBXSMM_BUILD=2 -Iinclude -I./src -march=armv8.1-a -fPIC -Wall -O2 -fopenmp-simd -funroll-loops -ftree-vectorize -fdata-sections -ffunction-sections -fvisibility=hidden -pthread -Werror -c ./src/libxsmm_sync.c -o  obj/intel64/libxsmm_sync.o
gcc -D__BLAS=0 -DNDEBUG -DLIBXSMM_OPENMP_SIMD -DLIBXSMM_BUILD=2 -Iinclude -I./src -march=armv8.1-a -fPIC -Wall -O2 -fopenmp-simd -funroll-loops -ftree-vectorize -fdata-sections -ffunction-sections -fvisibility=hidden -pthread -Werror -c ./src/libxsmm_generator_gemm_driver.c -o  obj/intel64/libxsmm_generator_gemm_driver.o
gcc -D__BLAS=0 -DNDEBUG -DLIBXSMM_OPENMP_SIMD -DLIBXSMM_BUILD=2 -Iinclude -I./src -march=armv8.1-a -fPIC -Wall -O2 -fopenmp-simd -funroll-loops -ftree-vectorize -fdata-sections -ffunction-sections -fvisibility=hidden -pthread -Werror -c ./src/libxsmm_timer.c -o  obj/intel64/libxsmm_timer.o
gcc -D__BLAS=0 -DNDEBUG -DLIBXSMM_OPENMP_SIMD -DLIBXSMM_BUILD=2 -Iinclude -I./src -march=armv8.1-a -fPIC -Wall -O2 -fopenmp-simd -funroll-loops -ftree-vectorize -fdata-sections -ffunction-sections -fvisibility=hidden -pthread -Werror -c ./src/libxsmm_barrier.c -o  obj/intel64/libxsmm_barrier.o
gcc -D__BLAS=0 -DNDEBUG -DLIBXSMM_OPENMP_SIMD -DLIBXSMM_BUILD=2 -Iinclude -I./src -march=armv8.1-a -fPIC -Wall -O2 -fopenmp-simd -funroll-loops -ftree-vectorize -fdata-sections -ffunction-sections -fvisibility=hidden -pthread -Werror -c ./src/libxsmm_rng.c -o  obj/intel64/libxsmm_rng.o
gcc -D__BLAS=0 -DNDEBUG -DLIBXSMM_OPENMP_SIMD -DLIBXSMM_BUILD=2 -Iinclude -I./src -march=armv8.1-a -fPIC -Wall -O2 -fopenmp-simd -funroll-loops -ftree-vectorize -fdata-sections -ffunction-sections -fvisibility=hidden -pthread -Werror -c ./src/generator_gemm_noarch.c -o  obj/intel64/generator_gemm_noarch.o
gcc -D__BLAS=0 -DNDEBUG -DLIBXSMM_OPENMP_SIMD -DLIBXSMM_BUILD=2 -Iinclude -I./src -march=armv8.1-a -fPIC -Wall -O2 -fopenmp-simd -funroll-loops -ftree-vectorize -fdata-sections -ffunction-sections -fvisibility=hidden -pthread -Werror -c ./src/generator_gemm_sme_microkernel.c -o  obj/intel64/generator_gemm_sme_microkernel.o
gcc -D__BLAS=0 -DNDEBUG -DLIBXSMM_OPENMP_SIMD -DLIBXSMM_BUILD=2 -Iinclude -I./src -march=armv8.1-a -fPIC -Wall -O2 -fopenmp-simd -funroll-loops -ftree-vectorize -fdata-sections -ffunction-sections -fvisibility=hidden -pthread -Werror -c ./src/generator_mateltwise.c -o  obj/intel64/generator_mateltwise.o
gcc -D__BLAS=0 -DNDEBUG -DLIBXSMM_OPENMP_SIMD -DLIBXSMM_BUILD=2 -Iinclude -I./src -march=armv8.1-a -fPIC -Wall -O2 -fopenmp-simd -funroll-loops -ftree-vectorize -fdata-sections -ffunction-sections -fvisibility=hidden -pthread -Werror -c ./src/generator_mateltwise_common.c -o  obj/intel64/generator_mateltwise_common.o
gcc -D__BLAS=0 -DNDEBUG -DLIBXSMM_OPENMP_SIMD -DLIBXSMM_BUILD=2 -Iinclude -I./src -march=armv8.1-a -fPIC -Wall -O2 -fopenmp-simd -funroll-loops -ftree-vectorize -fdata-sections -ffunction-sections -fvisibility=hidden -pthread -Werror -c ./src/generator_mateltwise_transform_common.c -o  obj/intel64/generator_mateltwise_transform_common.o
gcc -D__BLAS=0 -DNDEBUG -DLIBXSMM_OPENMP_SIMD -DLIBXSMM_BUILD=2 -Iinclude -I./src -march=armv8.1-a -fPIC -Wall -O2 -fopenmp-simd -funroll-loops -ftree-vectorize -fdata-sections -ffunction-sections -fvisibility=hidden -pthread -Werror -c ./src/generator_mateltwise_transform_common_x86.c -o  obj/intel64/generator_mateltwise_transform_common_x86.o
gcc -D__BLAS=0 -DNDEBUG -DLIBXSMM_OPENMP_SIMD -DLIBXSMM_BUILD=2 -Iinclude -I./src -march=armv8.1-a -fPIC -Wall -O2 -fopenmp-simd -funroll-loops -ftree-vectorize -fdata-sections -ffunction-sections -fvisibility=hidden -pthread -Werror -c ./src/generator_matequation.c -o  obj/intel64/generator_matequation.o
gcc -D__BLAS=0 -DNDEBUG -DLIBXSMM_OPENMP_SIMD -DLIBXSMM_BUILD=2 -Iinclude -I./src -march=armv8.1-a -fPIC -Wall -O2 -fopenmp-simd -funroll-loops -ftree-vectorize -fdata-sections -ffunction-sections -fvisibility=hidden -pthread -Werror -c ./src/generator_packed_gemm_ac_rm.c -o  obj/intel64/generator_packed_gemm_ac_rm.o
gcc -D__BLAS=0 -DNDEBUG -DLIBXSMM_OPENMP_SIMD -DLIBXSMM_BUILD=2 -Iinclude -I./src -march=armv8.1-a -fPIC -Wall -O2 -fopenmp-simd -funroll-loops -ftree-vectorize -fdata-sections -ffunction-sections -fvisibility=hidden -pthread -Werror -c ./src/generator_packed_gemm_bc_rm.c -o  obj/intel64/generator_packed_gemm_bc_rm.o
gcc -D__BLAS=0 -DNDEBUG -DLIBXSMM_OPENMP_SIMD -DLIBXSMM_BUILD=2 -Iinclude -I./src -march=armv8.1-a -fPIC -Wall -O2 -fopenmp-simd -funroll-loops -ftree-vectorize -fdata-sections -ffunction-sections -fvisibility=hidden -pthread -Werror -c ./src/generator_packed_gemm.c -o  obj/intel64/generator_packed_gemm.o
gcc -D__BLAS=0 -DNDEBUG -DLIBXSMM_OPENMP_SIMD -DLIBXSMM_BUILD=2 -Iinclude -I./src -march=armv8.1-a -fPIC -Wall -O2 -fopenmp-simd -funroll-loops -ftree-vectorize -fdata-sections -ffunction-sections -fvisibility=hidden -pthread -Werror -c ./src/generator_gemm_avx_microkernel.c -o  obj/intel64/generator_gemm_avx_microkernel.o
gcc -D__BLAS=0 -DNDEBUG -DLIBXSMM_OPENMP_SIMD -DLIBXSMM_BUILD=2 -Iinclude -I./src -march=armv8.1-a -fPIC -Wall -O2 -fopenmp-simd -funroll-loops -ftree-vectorize -fdata-sections -ffunction-sections -fvisibility=hidden -pthread -Werror -c ./src/generator_mateltwise_misc_aarch64.c -o  obj/intel64/generator_mateltwise_misc_aarch64.o
gcc -D__BLAS=0 -DNDEBUG -DLIBXSMM_OPENMP_SIMD -DLIBXSMM_BUILD=2 -Iinclude -I./src -march=armv8.1-a -fPIC -Wall -O2 -fopenmp-simd -funroll-loops -ftree-vectorize -fdata-sections -ffunction-sections -fvisibility=hidden -pthread -Werror -c ./src/libxsmm_hash.c -o  obj/intel64/libxsmm_hash.o
gcc -D__BLAS=0 -DNDEBUG -DLIBXSMM_OPENMP_SIMD -DLIBXSMM_BUILD=2 -Iinclude -I./src -march=armv8.1-a -fPIC -Wall -O2 -fopenmp-simd -funroll-loops -ftree-vectorize -fdata-sections -ffunction-sections -fvisibility=hidden -pthread -Werror -c ./src/libxsmm_utils.c -o  obj/intel64/libxsmm_utils.o
gcc -D__BLAS=0 -DNDEBUG -DLIBXSMM_OPENMP_SIMD -DLIBXSMM_BUILD=2 -Iinclude -I./src -march=armv8.1-a -fPIC -Wall -O2 -fopenmp-simd -funroll-loops -ftree-vectorize -fdata-sections -ffunction-sections -fvisibility=hidden -pthread -Werror -c ./src/generator_packed_spgemm_bcsc_bsparse.c -o  obj/intel64/generator_packed_spgemm_bcsc_bsparse.o
gcc -D__BLAS=0 -DNDEBUG -DLIBXSMM_OPENMP_SIMD -DLIBXSMM_BUILD=2 -Iinclude -I./src -march=armv8.1-a -fPIC -Wall -O2 -fopenmp-simd -funroll-loops -ftree-vectorize -fdata-sections -ffunction-sections -fvisibility=hidden -pthread -Werror -c ./src/generator_packed_spgemm.c -o  obj/intel64/generator_packed_spgemm.o
gcc -D__BLAS=0 -DNDEBUG -DLIBXSMM_OPENMP_SIMD -DLIBXSMM_BUILD=2 -Iinclude -I./src -march=armv8.1-a -fPIC -Wall -O2 -fopenmp-simd -funroll-loops -ftree-vectorize -fdata-sections -ffunction-sections -fvisibility=hidden -pthread -Werror -c ./src/generator_packed_spgemm_csc_bsparse.c -o  obj/intel64/generator_packed_spgemm_csc_bsparse.o
gcc -D__BLAS=0 -DNDEBUG -DLIBXSMM_OPENMP_SIMD -DLIBXSMM_BUILD=2 -Iinclude -I./src -march=armv8.1-a -fPIC -Wall -O2 -fopenmp-simd -funroll-loops -ftree-vectorize -fdata-sections -ffunction-sections -fvisibility=hidden -pthread -Werror -c ./src/generator_mateltwise_aarch64.c -o  obj/intel64/generator_mateltwise_aarch64.o
gcc -D__BLAS=0 -DNDEBUG -DLIBXSMM_OPENMP_SIMD -DLIBXSMM_BUILD=2 -Iinclude -I./src -march=armv8.1-a -fPIC -Wall -O2 -fopenmp-simd -funroll-loops -ftree-vectorize -fdata-sections -ffunction-sections -fvisibility=hidden -pthread -Werror -c ./src/generator_packed_gemm_ac_rm_aarch64.c -o  obj/intel64/generator_packed_gemm_ac_rm_aarch64.o
gcc -D__BLAS=0 -DNDEBUG -DLIBXSMM_OPENMP_SIMD -DLIBXSMM_BUILD=2 -Iinclude -I./src -march=armv8.1-a -fPIC -Wall -O2 -fopenmp-simd -funroll-loops -ftree-vectorize -fdata-sections -ffunction-sections -fvisibility=hidden -pthread -Werror -c ./src/generator_packed_spgemm_csc_csparse.c -o  obj/intel64/generator_packed_spgemm_csc_csparse.o
gcc -D__BLAS=0 -DNDEBUG -DLIBXSMM_OPENMP_SIMD -DLIBXSMM_BUILD=2 -Iinclude -I./src -march=armv8.1-a -fPIC -Wall -O2 -fopenmp-simd -funroll-loops -ftree-vectorize -fdata-sections -ffunction-sections -fvisibility=hidden -pthread -Werror -c ./src/generator_mateltwise_misc_avx_avx512.c -o  obj/intel64/generator_mateltwise_misc_avx_avx512.o
gcc -D__BLAS=0 -DNDEBUG -DLIBXSMM_OPENMP_SIMD -DLIBXSMM_BUILD=2 -Iinclude -I./src -march=armv8.1-a -fPIC -Wall -O2 -fopenmp-simd -funroll-loops -ftree-vectorize -fdata-sections -ffunction-sections -fvisibility=hidden -pthread -Werror -c ./src/generator_packed_gemm_bc_rm_avx_avx2_avx512.c -o  obj/intel64/generator_packed_gemm_bc_rm_avx_avx2_avx512.o
gcc -D__BLAS=0 -DNDEBUG -DLIBXSMM_OPENMP_SIMD -DLIBXSMM_BUILD=2 -Iinclude -I./src -march=armv8.1-a -fPIC -Wall -O2 -fopenmp-simd -funroll-loops -ftree-vectorize -fdata-sections -ffunction-sections -fvisibility=hidden -pthread -Werror -c ./src/generator_packed_gemm_ac_rm_avx_avx2_avx512.c -o  obj/intel64/generator_packed_gemm_ac_rm_avx_avx2_avx512.o
gcc -D__BLAS=0 -DNDEBUG -DLIBXSMM_OPENMP_SIMD -DLIBXSMM_BUILD=2 -Iinclude -I./src -march=armv8.1-a -fPIC -Wall -O2 -fopenmp-simd -funroll-loops -ftree-vectorize -fdata-sections -ffunction-sections -fvisibility=hidden -pthread -Werror -c ./src/generator_matequation_aarch64.c -o  obj/intel64/generator_matequation_aarch64.o
gcc -D__BLAS=0 -DNDEBUG -DLIBXSMM_OPENMP_SIMD -DLIBXSMM_BUILD=2 -Iinclude -I./src -march=armv8.1-a -fPIC -Wall -O2 -fopenmp-simd -funroll-loops -ftree-vectorize -fdata-sections -ffunction-sections -fvisibility=hidden -pthread -Werror -c ./src/generator_packed_gemm_aarch64.c -o  obj/intel64/generator_packed_gemm_aarch64.o
gcc -D__BLAS=0 -DNDEBUG -DLIBXSMM_OPENMP_SIMD -DLIBXSMM_BUILD=2 -Iinclude -I./src -march=armv8.1-a -fPIC -Wall -O2 -fopenmp-simd -funroll-loops -ftree-vectorize -fdata-sections -ffunction-sections -fvisibility=hidden -pthread -Werror -c ./src/generator_matequation_scratch_aarch64.c -o  obj/intel64/generator_matequation_scratch_aarch64.o
gcc -D__BLAS=0 -DNDEBUG -DLIBXSMM_OPENMP_SIMD -DLIBXSMM_BUILD=2 -Iinclude -I./src -march=armv8.1-a -fPIC -Wall -O2 -fopenmp-simd -funroll-loops -ftree-vectorize -fdata-sections -ffunction-sections -fvisibility=hidden -pthread -Werror -c ./src/generator_packed_gemm_avx_avx2_avx512.c -o  obj/intel64/generator_packed_gemm_avx_avx2_avx512.o
gcc -D__BLAS=0 -DNDEBUG -DLIBXSMM_OPENMP_SIMD -DLIBXSMM_BUILD=2 -Iinclude -I./src -march=armv8.1-a -fPIC -Wall -O2 -fopenmp-simd -funroll-loops -ftree-vectorize -fdata-sections -ffunction-sections -fvisibility=hidden -pthread -Werror -c ./src/generator_packed_gemm_bc_rm_aarch64.c -o  obj/intel64/generator_packed_gemm_bc_rm_aarch64.o
gcc -D__BLAS=0 -DNDEBUG -DLIBXSMM_OPENMP_SIMD -DLIBXSMM_BUILD=2 -Iinclude -I./src -march=armv8.1-a -fPIC -Wall -O2 -fopenmp-simd -funroll-loops -ftree-vectorize -fdata-sections -ffunction-sections -fvisibility=hidden -pthread -Werror -c ./src/generator_packed_spgemm_csr_asparse.c -o  obj/intel64/generator_packed_spgemm_csr_asparse.o
gcc -D__BLAS=0 -DNDEBUG -DLIBXSMM_OPENMP_SIMD -DLIBXSMM_BUILD=2 -Iinclude -I./src -march=armv8.1-a -fPIC -Wall -O2 -fopenmp-simd -funroll-loops -ftree-vectorize -fdata-sections -ffunction-sections -fvisibility=hidden -pthread -Werror -c ./src/generator_packed_spgemm_csr_bsparse.c -o  obj/intel64/generator_packed_spgemm_csr_bsparse.o
gcc -D__BLAS=0 -DNDEBUG -DLIBXSMM_OPENMP_SIMD -DLIBXSMM_BUILD=2 -Iinclude -I./src -march=armv8.1-a -fPIC -Wall -O2 -fopenmp-simd -funroll-loops -ftree-vectorize -fdata-sections -ffunction-sections -fvisibility=hidden -pthread -Werror -c ./src/generator_matequation_scratch_avx_avx512.c -o  obj/intel64/generator_matequation_scratch_avx_avx512.o
gcc -D__BLAS=0 -DNDEBUG -DLIBXSMM_OPENMP_SIMD -DLIBXSMM_BUILD=2 -Iinclude -I./src -march=armv8.1-a -fPIC -Wall -O2 -fopenmp-simd -funroll-loops -ftree-vectorize -fdata-sections -ffunction-sections -fvisibility=hidden -pthread -Werror -c ./src/generator_mateltwise_transform_avx.c -o  obj/intel64/generator_mateltwise_transform_avx.o
gcc -D__BLAS=0 -DNDEBUG -DLIBXSMM_OPENMP_SIMD -DLIBXSMM_BUILD=2 -Iinclude -I./src -march=armv8.1-a -fPIC -Wall -O2 -fopenmp-simd -funroll-loops -ftree-vectorize -fdata-sections -ffunction-sections -fvisibility=hidden -pthread -Werror -c ./src/generator_spgemm_csc_bsparse.c -o  obj/intel64/generator_spgemm_csc_bsparse.o
gcc -D__BLAS=0 -DNDEBUG -DLIBXSMM_OPENMP_SIMD -DLIBXSMM_BUILD=2 -Iinclude -I./src -march=armv8.1-a -fPIC -Wall -O2 -fopenmp-simd -funroll-loops -ftree-vectorize -fdata-sections -ffunction-sections -fvisibility=hidden -pthread -Werror -c ./src/generator_gemm_sse_microkernel.c -o  obj/intel64/generator_gemm_sse_microkernel.o
gcc -D__BLAS=0 -DNDEBUG -DLIBXSMM_OPENMP_SIMD -DLIBXSMM_BUILD=2 -Iinclude -I./src -march=armv8.1-a -fPIC -Wall -O2 -fopenmp-simd -funroll-loops -ftree-vectorize -fdata-sections -ffunction-sections -fvisibility=hidden -pthread -Werror -c ./src/libxsmm_lpflt_quant.c -o  obj/intel64/libxsmm_lpflt_quant.o
gcc -D__BLAS=0 -DNDEBUG -DLIBXSMM_OPENMP_SIMD -DLIBXSMM_BUILD=2 -Iinclude -I./src -march=armv8.1-a -fPIC -Wall -O2 -fopenmp-simd -funroll-loops -ftree-vectorize -fdata-sections -ffunction-sections -fvisibility=hidden -pthread -Werror -c ./src/generator_spgemm_csc_reader.c -o  obj/intel64/generator_spgemm_csc_reader.o
gcc -D__BLAS=0 -DNDEBUG -DLIBXSMM_OPENMP_SIMD -DLIBXSMM_BUILD=2 -Iinclude -I./src -march=armv8.1-a -fPIC -Wall -O2 -fopenmp-simd -funroll-loops -ftree-vectorize -fdata-sections -ffunction-sections -fvisibility=hidden -pthread -Werror -c ./src/generator_spgemm.c -o  obj/intel64/generator_spgemm.o
gcc -D__BLAS=0 -DNDEBUG -DLIBXSMM_OPENMP_SIMD -DLIBXSMM_BUILD=2 -Iinclude -I./src -march=armv8.1-a -fPIC -Wall -O2 -fopenmp-simd -funroll-loops -ftree-vectorize -fdata-sections -ffunction-sections -fvisibility=hidden -pthread -Werror -c ./src/libxsmm_trace.c -o  obj/intel64/libxsmm_trace.o
gcc -D__BLAS=0 -DNDEBUG -DLIBXSMM_OPENMP_SIMD -DLIBXSMM_BUILD=2 -Iinclude -I./src -march=armv8.1-a -fPIC -Wall -O2 -fopenmp-simd -funroll-loops -ftree-vectorize -fdata-sections -ffunction-sections -fvisibility=hidden -pthread -Werror -c ./src/generator_packed_spgemm_csc_csparse_avx_avx2_avx512.c -o  obj/intel64/generator_packed_spgemm_csc_csparse_avx_avx2_avx512.o
gcc -D__BLAS=0 -DNDEBUG -DLIBXSMM_OPENMP_SIMD -DLIBXSMM_BUILD=2 -Iinclude -I./src -march=armv8.1-a -fPIC -Wall -O2 -fopenmp-simd -funroll-loops -ftree-vectorize -fdata-sections -ffunction-sections -fvisibility=hidden -pthread -Werror -c ./src/generator_gemm_sme.c -o  obj/intel64/generator_gemm_sme.o
gcc -D__BLAS=0 -DNDEBUG -DLIBXSMM_OPENMP_SIMD -DLIBXSMM_BUILD=2 -Iinclude -I./src -march=armv8.1-a -fPIC -Wall -O2 -fopenmp-simd -funroll-loops -ftree-vectorize -fdata-sections -ffunction-sections -fvisibility=hidden -pthread -Werror -c ./src/generator_spgemm_csr_asparse.c -o  obj/intel64/generator_spgemm_csr_asparse.o
gcc -D__BLAS=0 -DNDEBUG -DLIBXSMM_OPENMP_SIMD -DLIBXSMM_BUILD=2 -Iinclude -I./src -march=armv8.1-a -fPIC -Wall -O2 -fopenmp-simd -funroll-loops -ftree-vectorize -fdata-sections -ffunction-sections -fvisibility=hidden -pthread -Werror -c ./src/generator_mateltwise_gather_scatter_aarch64.c -o  obj/intel64/generator_mateltwise_gather_scatter_aarch64.o
gcc -D__BLAS=0 -DNDEBUG -DLIBXSMM_OPENMP_SIMD -DLIBXSMM_BUILD=2 -Iinclude -I./src -march=armv8.1-a -fPIC -Wall -O2 -fopenmp-simd -funroll-loops -ftree-vectorize -fdata-sections -ffunction-sections -fvisibility=hidden -pthread -Werror -c ./src/libxsmm_cpuid_arm.c -o  obj/intel64/libxsmm_cpuid_arm.o
gcc -D__BLAS=0 -DNDEBUG -DLIBXSMM_OPENMP_SIMD -DLIBXSMM_BUILD=2 -Iinclude -I./src -march=armv8.1-a -fPIC -Wall -O2 -fopenmp-simd -funroll-loops -ftree-vectorize -fdata-sections -ffunction-sections -fvisibility=hidden -pthread -Werror -c ./src/libxsmm_cpuid_x86.c -o  obj/intel64/libxsmm_cpuid_x86.o
gcc -D__BLAS=0 -DNDEBUG -DLIBXSMM_OPENMP_SIMD -DLIBXSMM_BUILD=2 -Iinclude -I./src -march=armv8.1-a -fPIC -Wall -O2 -fopenmp-simd -funroll-loops -ftree-vectorize -fdata-sections -ffunction-sections -fvisibility=hidden -pthread -Werror -c ./src/generator_mateltwise_transform_aarch64_sve.c -o  obj/intel64/generator_mateltwise_transform_aarch64_sve.o
gcc -D__BLAS=0 -DNDEBUG -DLIBXSMM_OPENMP_SIMD -DLIBXSMM_BUILD=2 -Iinclude -I./src -march=armv8.1-a -fPIC -Wall -O2 -fopenmp-simd -funroll-loops -ftree-vectorize -fdata-sections -ffunction-sections -fvisibility=hidden -pthread -Werror -c ./src/generator_spgemm_csr_reader.c -o  obj/intel64/generator_spgemm_csr_reader.o
gcc -D__BLAS=0 -DNDEBUG -DLIBXSMM_OPENMP_SIMD -DLIBXSMM_BUILD=2 -Iinclude -I./src -march=armv8.1-a -fPIC -Wall -O2 -fopenmp-simd -funroll-loops -ftree-vectorize -fdata-sections -ffunction-sections -fvisibility=hidden -pthread -Werror -c ./src/generator_spgemm_csc_asparse.c -o  obj/intel64/generator_spgemm_csc_asparse.o
gcc -D__BLAS=0 -DNDEBUG -DLIBXSMM_OPENMP_SIMD -DLIBXSMM_BUILD=2 -Iinclude -I./src -march=armv8.1-a -fPIC -Wall -O2 -fopenmp-simd -funroll-loops -ftree-vectorize -fdata-sections -ffunction-sections -fvisibility=hidden -pthread -Werror -c ./src/generator_packed_spgemm_csc_bsparse_avx_avx2_avx512.c -o  obj/intel64/generator_packed_spgemm_csc_bsparse_avx_avx2_avx512.o
gcc -D__BLAS=0 -DNDEBUG -DLIBXSMM_OPENMP_SIMD -DLIBXSMM_BUILD=2 -Iinclude -I./src -march=armv8.1-a -fPIC -Wall -O2 -fopenmp-simd -funroll-loops -ftree-vectorize -fdata-sections -ffunction-sections -fvisibility=hidden -pthread -Werror -c ./src/generator_common.c -o  obj/intel64/generator_common.o
gcc -D__BLAS=0 -DNDEBUG -DLIBXSMM_OPENMP_SIMD -DLIBXSMM_BUILD=2 -Iinclude -I./src -march=armv8.1-a -fPIC -Wall -O2 -fopenmp-simd -funroll-loops -ftree-vectorize -fdata-sections -ffunction-sections -fvisibility=hidden -pthread -Werror -c ./src/generator_mateltwise_sse_avx_avx512.c -o  obj/intel64/generator_mateltwise_sse_avx_avx512.o
gcc -D__BLAS=0 -DNDEBUG -DLIBXSMM_OPENMP_SIMD -DLIBXSMM_BUILD=2 -Iinclude -I./src -march=armv8.1-a -fPIC -Wall -O2 -fopenmp-simd -funroll-loops -ftree-vectorize -fdata-sections -ffunction-sections -fvisibility=hidden -pthread -Werror -c ./src/generator_packed_spgemm_csc_bsparse_aarch64.c -o  obj/intel64/generator_packed_spgemm_csc_bsparse_aarch64.o
gcc -D__BLAS=0 -DNDEBUG -DLIBXSMM_OPENMP_SIMD -DLIBXSMM_BUILD=2 -Iinclude -I./src -march=armv8.1-a -fPIC -Wall -O2 -fopenmp-simd -funroll-loops -ftree-vectorize -fdata-sections -ffunction-sections -fvisibility=hidden -pthread -Werror -c ./src/generator_matequation_avx_avx512.c -o  obj/intel64/generator_matequation_avx_avx512.o
gcc -D__BLAS=0 -DNDEBUG -DLIBXSMM_OPENMP_SIMD -DLIBXSMM_BUILD=2 -Iinclude -I./src -march=armv8.1-a -fPIC -Wall -O2 -fopenmp-simd -funroll-loops -ftree-vectorize -fdata-sections -ffunction-sections -fvisibility=hidden -pthread -Werror -c ./src/generator_packed_spgemm_csr_asparse_avx_avx2_avx512.c -o  obj/intel64/generator_packed_spgemm_csr_asparse_avx_avx2_avx512.o
gcc -D__BLAS=0 -DNDEBUG -DLIBXSMM_OPENMP_SIMD -DLIBXSMM_BUILD=2 -Iinclude -I./src -march=armv8.1-a -fPIC -Wall -O2 -fopenmp-simd -funroll-loops -ftree-vectorize -fdata-sections -ffunction-sections -fvisibility=hidden -pthread -Werror -c ./src/libxsmm_fsspmdm.c -o  obj/intel64/libxsmm_fsspmdm.o
gcc -D__BLAS=0 -DNDEBUG -DLIBXSMM_OPENMP_SIMD -DLIBXSMM_BUILD=2 -Iinclude -I./src -march=armv8.1-a -fPIC -Wall -O2 -fopenmp-simd -funroll-loops -ftree-vectorize -fdata-sections -ffunction-sections -fvisibility=hidden -pthread -Werror -c ./src/generator_mateltwise_transform_aarch64_asimd.c -o  obj/intel64/generator_mateltwise_transform_aarch64_asimd.o
gcc -D__BLAS=0 -DNDEBUG -DLIBXSMM_OPENMP_SIMD -DLIBXSMM_BUILD=2 -Iinclude -I./src -march=armv8.1-a -fPIC -Wall -O2 -fopenmp-simd -funroll-loops -ftree-vectorize -fdata-sections -ffunction-sections -fvisibility=hidden -pthread -Werror -c ./src/generator_packed_spgemm_csr_bsparse_avx_avx2_avx512.c -o  obj/intel64/generator_packed_spgemm_csr_bsparse_avx_avx2_avx512.o
gcc -D__BLAS=0 -DNDEBUG -DLIBXSMM_OPENMP_SIMD -DLIBXSMM_BUILD=2 -Iinclude -I./src -march=armv8.1-a -fPIC -Wall -O2 -fopenmp-simd -funroll-loops -ftree-vectorize -fdata-sections -ffunction-sections -fvisibility=hidden -pthread -Werror -c ./src/generator_packed_spgemm_csr_asparse_aarch64.c -o  obj/intel64/generator_packed_spgemm_csr_asparse_aarch64.o
gcc -D__BLAS=0 -DNDEBUG -DLIBXSMM_OPENMP_SIMD -DLIBXSMM_BUILD=2 -Iinclude -I./src -march=armv8.1-a -fPIC -Wall -O2 -fopenmp-simd -funroll-loops -ftree-vectorize -fdata-sections -ffunction-sections -fvisibility=hidden -pthread -Werror -c ./src/libxsmm_generator.c -o  obj/intel64/libxsmm_generator.o
gcc -D__BLAS=0 -DNDEBUG -DLIBXSMM_OPENMP_SIMD -DLIBXSMM_BUILD=2 -Iinclude -I./src -march=armv8.1-a -fPIC -Wall -O2 -fopenmp-simd -funroll-loops -ftree-vectorize -fdata-sections -ffunction-sections -fvisibility=hidden -pthread -Werror -c ./src/generator_mateltwise_gather_scatter_avx_avx512.c -o  obj/intel64/generator_mateltwise_gather_scatter_avx_avx512.o
gcc -D__BLAS=0 -DNDEBUG -DLIBXSMM_OPENMP_SIMD -DLIBXSMM_BUILD=2 -Iinclude -I./src -march=armv8.1-a -fPIC -Wall -O2 -fopenmp-simd -funroll-loops -ftree-vectorize -fdata-sections -ffunction-sections -fvisibility=hidden -pthread -Werror -c ./src/generator_packed_spgemm_csr_bsparse_aarch64.c -o  obj/intel64/generator_packed_spgemm_csr_bsparse_aarch64.o
gcc -D__BLAS=0 -DNDEBUG -DLIBXSMM_OPENMP_SIMD -DLIBXSMM_BUILD=2 -Iinclude -I./src -march=armv8.1-a -DLIBXSMM_BUILD_EXT -fopenmp -fPIC -Wall -O2 -fopenmp-simd -funroll-loops -ftree-vectorize -fdata-sections -ffunction-sections -fvisibility=hidden -pthread -Werror -c ./src/libxsmm_ext.c -o  obj/intel64/libxsmm_ext.o
gcc -D__BLAS=0 -DNDEBUG -DLIBXSMM_OPENMP_SIMD -DLIBXSMM_BUILD=2 -Iinclude -I./src -march=armv8.1-a -fPIC -Wall -O2 -fopenmp-simd -funroll-loops -ftree-vectorize -fdata-sections -ffunction-sections -fvisibility=hidden -pthread -Werror -c ./src/generator_mateltwise_transform_sse.c -o  obj/intel64/generator_mateltwise_transform_sse.o
gcc -D__BLAS=0 -DNDEBUG -DLIBXSMM_OPENMP_SIMD -DLIBXSMM_BUILD=2 -Iinclude -I./src -march=armv8.1-a -fPIC -Wall -O2 -fopenmp-simd -funroll-loops -ftree-vectorize -fdata-sections -ffunction-sections -fvisibility=hidden -pthread -Werror -c ./src/generator_gemm.c -o  obj/intel64/generator_gemm.o
gcc -D__BLAS=0 -DNDEBUG -DLIBXSMM_OPENMP_SIMD -DLIBXSMM_BUILD=2 -Iinclude -I./src -march=armv8.1-a -DLIBXSMM_BUILD_EXT -fopenmp -fPIC -Wall -O2 -fopenmp-simd -funroll-loops -ftree-vectorize -fdata-sections -ffunction-sections -fvisibility=hidden -pthread -Werror -c ./src/libxsmm_ext_gemm.c -o  obj/intel64/libxsmm_ext_gemm.o
gcc -D__BLAS=0 -DNDEBUG -DLIBXSMM_OPENMP_SIMD -DLIBXSMM_BUILD=2 -Iinclude -I./src -march=armv8.1-a -fPIC -Wall -O2 -fopenmp-simd -funroll-loops -ftree-vectorize -fdata-sections -ffunction-sections -fvisibility=hidden -pthread -Werror -c ./src/generator_gemm_avx2_microkernel.c -o  obj/intel64/generator_gemm_avx2_microkernel.o
gcc -D__BLAS=0 -DNDEBUG -DLIBXSMM_OPENMP_SIMD -DLIBXSMM_BUILD=2 -Iinclude -I./src -march=armv8.1-a -fPIC -Wall -O2 -fopenmp-simd -funroll-loops -ftree-vectorize -fdata-sections -ffunction-sections -fvisibility=hidden -pthread -Werror -c ./src/generator_gemm_sse_avx_avx2_avx512.c -o  obj/intel64/generator_gemm_sse_avx_avx2_avx512.o
gcc -D__BLAS=0 -DNDEBUG -DLIBXSMM_OPENMP_SIMD -DLIBXSMM_BUILD=2 -Iinclude -I./src -march=armv8.1-a -fPIC -Wall -O2 -fopenmp-simd -funroll-loops -ftree-vectorize -fdata-sections -ffunction-sections -fvisibility=hidden -pthread -Werror -c ./src/generator_packed_spgemm_bcsc_bsparse_aarch64.c -o  obj/intel64/generator_packed_spgemm_bcsc_bsparse_aarch64.o
gcc -D__BLAS=0 -DNDEBUG -DLIBXSMM_OPENMP_SIMD -DLIBXSMM_BUILD=2 -Iinclude -I./src -march=armv8.1-a -fPIC -Wall -O2 -fopenmp-simd -funroll-loops -ftree-vectorize -fdata-sections -ffunction-sections -fvisibility=hidden -pthread -Werror -c ./src/libxsmm_malloc.c -o  obj/intel64/libxsmm_malloc.o
gcc -D__BLAS=0 -DNDEBUG -DLIBXSMM_OPENMP_SIMD -DLIBXSMM_BUILD=2 -Iinclude -I./src -march=armv8.1-a -fPIC -Wall -O2 -fopenmp-simd -funroll-loops -ftree-vectorize -fdata-sections -ffunction-sections -fvisibility=hidden -pthread -Werror -c ./src/libxsmm_gemm.c -o  obj/intel64/libxsmm_gemm.o
gcc -D__BLAS=0 -DNDEBUG -DLIBXSMM_OPENMP_SIMD -DLIBXSMM_BUILD=2 -Iinclude -I./src -march=armv8.1-a -DLIBXSMM_BUILD_EXT -fopenmp -fPIC -Wall -O2 -fopenmp-simd -funroll-loops -ftree-vectorize -fdata-sections -ffunction-sections -fvisibility=hidden -pthread -Werror -c ./src/libxsmm_ext_xcopy.c -o  obj/intel64/libxsmm_ext_xcopy.o
gcc -D__BLAS=0 -DNDEBUG -DLIBXSMM_OPENMP_SIMD -DLIBXSMM_BUILD=2 -Iinclude -I./src -march=armv8.1-a -fPIC -Wall -O2 -fopenmp-simd -funroll-loops -ftree-vectorize -fdata-sections -ffunction-sections -fvisibility=hidden -pthread -Werror -c ./src/libxsmm_memory.c -o  obj/intel64/libxsmm_memory.o
gcc -D__BLAS=0 -DNDEBUG -DLIBXSMM_OPENMP_SIMD -DLIBXSMM_BUILD=2 -Iinclude -I./src -march=armv8.1-a -fPIC -Wall -O2 -fopenmp-simd -funroll-loops -ftree-vectorize -fdata-sections -ffunction-sections -fvisibility=hidden -pthread -Werror -c ./src/generator_aarch64_instructions.c -o  obj/intel64/generator_aarch64_instructions.o
gcc -D__BLAS=0 -DNDEBUG -DLIBXSMM_OPENMP_SIMD -DLIBXSMM_BUILD=2 -Iinclude -I./src -march=armv8.1-a -fPIC -Wall -O2 -fopenmp-simd -funroll-loops -ftree-vectorize -fdata-sections -ffunction-sections -fvisibility=hidden -pthread -Werror -c ./src/generator_gemm_aarch64.c -o  obj/intel64/generator_gemm_aarch64.o
gcc -D__BLAS=0 -DNDEBUG -DLIBXSMM_OPENMP_SIMD -DLIBXSMM_BUILD=2 -Iinclude -I./src -march=armv8.1-a -fPIC -Wall -O2 -fopenmp-simd -funroll-loops -ftree-vectorize -fdata-sections -ffunction-sections -fvisibility=hidden -pthread -Werror -c ./src/generator_gemm_common_aarch64.c -o  obj/intel64/generator_gemm_common_aarch64.o
gcc -D__BLAS=0 -DNDEBUG -DLIBXSMM_OPENMP_SIMD -DLIBXSMM_BUILD=2 -Iinclude -I./src -march=armv8.1-a -fPIC -Wall -O2 -fopenmp-simd -funroll-loops -ftree-vectorize -fdata-sections -ffunction-sections -fvisibility=hidden -pthread -Werror -c ./src/generator_mateltwise_reduce_aarch64.c -o  obj/intel64/generator_mateltwise_reduce_aarch64.o
gcc -D__BLAS=0 -DNDEBUG -DLIBXSMM_OPENMP_SIMD -DLIBXSMM_BUILD=2 -Iinclude -I./src -march=armv8.1-a -fPIC -Wall -O2 -fopenmp-simd -funroll-loops -ftree-vectorize -fdata-sections -ffunction-sections -fvisibility=hidden -pthread -Werror -c ./src/generator_packed_spgemm_bcsc_bsparse_avx_avx2_avx512_amx.c -o  obj/intel64/generator_packed_spgemm_bcsc_bsparse_avx_avx2_avx512_amx.o
gcc -D__BLAS=0 -DNDEBUG -DLIBXSMM_OPENMP_SIMD -DLIBXSMM_BUILD=2 -Iinclude -I./src -march=armv8.1-a -fPIC -Wall -O2 -fopenmp-simd -funroll-loops -ftree-vectorize -fdata-sections -ffunction-sections -fvisibility=hidden -pthread -Werror -c ./src/generator_gemm_amx_microkernel.c -o  obj/intel64/generator_gemm_amx_microkernel.o
gcc -D__BLAS=0 -DNDEBUG -DLIBXSMM_OPENMP_SIMD -DLIBXSMM_BUILD=2 -Iinclude -I./src -march=armv8.1-a -fPIC -Wall -O2 -fopenmp-simd -funroll-loops -ftree-vectorize -fdata-sections -ffunction-sections -fvisibility=hidden -pthread -Werror -c ./src/generator_spgemm_csr_asparse_reg.c -o  obj/intel64/generator_spgemm_csr_asparse_reg.o
gcc -D__BLAS=0 -DNDEBUG -DLIBXSMM_OPENMP_SIMD -DLIBXSMM_BUILD=2 -Iinclude -I./src -march=armv8.1-a -fPIC -Wall -O2 -fopenmp-simd -funroll-loops -ftree-vectorize -fdata-sections -ffunction-sections -fvisibility=hidden -pthread -Werror -c ./src/libxsmm_matrixeqn.c -o  obj/intel64/libxsmm_matrixeqn.o
gcc -D__BLAS=0 -DNDEBUG -DLIBXSMM_OPENMP_SIMD -DLIBXSMM_BUILD=2 -Iinclude -I./src -march=armv8.1-a -fPIC -Wall -O2 -fopenmp-simd -funroll-loops -ftree-vectorize -fdata-sections -ffunction-sections -fvisibility=hidden -pthread -Werror -c ./src/generator_matequation_regblocks_avx_avx512.c -o  obj/intel64/generator_matequation_regblocks_avx_avx512.o
gcc -D__BLAS=0 -DNDEBUG -DLIBXSMM_OPENMP_SIMD -DLIBXSMM_BUILD=2 -Iinclude -I./src -march=armv8.1-a -fPIC -Wall -O2 -fopenmp-simd -funroll-loops -ftree-vectorize -fdata-sections -ffunction-sections -fvisibility=hidden -pthread -Werror -c ./src/generator_gemm_avx512_microkernel.c -o  obj/intel64/generator_gemm_avx512_microkernel.o
gcc -D__BLAS=0 -DNDEBUG -DLIBXSMM_OPENMP_SIMD -DLIBXSMM_BUILD=2 -Iinclude -I./src -march=armv8.1-a -fPIC -Wall -O2 -fopenmp-simd -funroll-loops -ftree-vectorize -fdata-sections -ffunction-sections -fvisibility=hidden -pthread -Werror -c ./src/generator_common_x86.c -o  obj/intel64/generator_common_x86.o
gcc -D__BLAS=0 -DNDEBUG -DLIBXSMM_OPENMP_SIMD -DLIBXSMM_BUILD=2 -Iinclude -I./src -march=armv8.1-a -fPIC -Wall -O2 -fopenmp-simd -funroll-loops -ftree-vectorize -fdata-sections -ffunction-sections -fvisibility=hidden -pthread -Werror -c ./src/generator_matequation_regblocks_aarch64.c -o  obj/intel64/generator_matequation_regblocks_aarch64.o
gcc -D__BLAS=0 -DNDEBUG -DLIBXSMM_OPENMP_SIMD -DLIBXSMM_BUILD=2 -Iinclude -I./src -Iobj -march=armv8.1-a -fPIC -Wall -O2 -fopenmp-simd -funroll-loops -ftree-vectorize -fdata-sections -ffunction-sections -fvisibility=hidden -pthread -Werror -c ./src/libxsmm_main.c -o  obj/intel64/libxsmm_main.o
gcc -D__BLAS=0 -DNDEBUG -DLIBXSMM_OPENMP_SIMD -DLIBXSMM_BUILD=2 -Iinclude -I./src -march=armv8.1-a -fPIC -Wall -O2 -fopenmp-simd -funroll-loops -ftree-vectorize -fdata-sections -ffunction-sections -fvisibility=hidden -pthread -Werror -c ./src/generator_x86_instructions.c -o  obj/intel64/generator_x86_instructions.o
gcc -D__BLAS=0 -DNDEBUG -DLIBXSMM_OPENMP_SIMD -DLIBXSMM_BUILD=2 -Iinclude -I./src -march=armv8.1-a -fPIC -Wall -O2 -fopenmp-simd -funroll-loops -ftree-vectorize -fdata-sections -ffunction-sections -fvisibility=hidden -pthread -Werror -c ./src/generator_common_aarch64.c -o  obj/intel64/generator_common_aarch64.o
gcc -D__BLAS=0 -DNDEBUG -DLIBXSMM_OPENMP_SIMD -DLIBXSMM_BUILD=2 -Iinclude -I./src -march=armv8.1-a -fPIC -Wall -O2 -fopenmp-simd -funroll-loops -ftree-vectorize -fdata-sections -ffunction-sections -fvisibility=hidden -pthread -Werror -c ./src/generator_mateltwise_transform_avx512.c -o  obj/intel64/generator_mateltwise_transform_avx512.o
gcc -D__BLAS=0 -DNDEBUG -DLIBXSMM_OPENMP_SIMD -DLIBXSMM_BUILD=2 -Iinclude -I./src -march=armv8.1-a -fPIC -Wall -O2 -fopenmp-simd -funroll-loops -ftree-vectorize -fdata-sections -ffunction-sections -fvisibility=hidden -pthread -Werror -c ./src/generator_mateltwise_unary_binary_aarch64.c -o  obj/intel64/generator_mateltwise_unary_binary_aarch64.o
gcc -D__BLAS=0 -DNDEBUG -DLIBXSMM_OPENMP_SIMD -DLIBXSMM_BUILD=2 -Iinclude -I./src -march=armv8.1-a -fPIC -Wall -O2 -fopenmp-simd -funroll-loops -ftree-vectorize -fdata-sections -ffunction-sections -fvisibility=hidden -pthread -Werror -c ./src/generator_gemm_amx.c -o  obj/intel64/generator_gemm_amx.o
gcc -D__BLAS=0 -DNDEBUG -DLIBXSMM_OPENMP_SIMD -DLIBXSMM_BUILD=2 -Iinclude -I./src -march=armv8.1-a -fPIC -Wall -O2 -fopenmp-simd -funroll-loops -ftree-vectorize -fdata-sections -ffunction-sections -fvisibility=hidden -pthread -Werror -c ./src/generator_mateltwise_unary_binary_avx_avx512.c -o  obj/intel64/generator_mateltwise_unary_binary_avx_avx512.o
gcc -D__BLAS=0 -DNDEBUG -DLIBXSMM_OPENMP_SIMD -DLIBXSMM_BUILD=2 -Iinclude -I./src -march=armv8.1-a -fPIC -Wall -O2 -fopenmp-simd -funroll-loops -ftree-vectorize -fdata-sections -ffunction-sections -fvisibility=hidden -pthread -Werror -c ./src/generator_gemm_common.c -o  obj/intel64/generator_gemm_common.o
gcc -D__BLAS=0 -DNDEBUG -DLIBXSMM_OPENMP_SIMD -DLIBXSMM_BUILD=2 -Iinclude -I./src -march=armv8.1-a -fPIC -Wall -O2 -fopenmp-simd -funroll-loops -ftree-vectorize -fdata-sections -ffunction-sections -fvisibility=hidden -pthread -Werror -c ./src/generator_mateltwise_reduce_avx_avx512.c -o  obj/intel64/generator_mateltwise_reduce_avx_avx512.o
gcc -D__BLAS=0 -DNDEBUG -DLIBXSMM_OPENMP_SIMD -DLIBXSMM_BUILD=2 -Iinclude -I./src -march=armv8.1-a -fPIC -Wall -O2 -fopenmp-simd -funroll-loops -ftree-vectorize -fdata-sections -ffunction-sections -fvisibility=hidden -pthread -Werror -c ./src/libxsmm_mhd.c -o  obj/intel64/libxsmm_mhd.o
/usr/bin/gcc-ar -rs lib/libxsmmgen.a obj/intel64/generator_aarch64_instructions.o obj/intel64/generator_common_aarch64.o obj/intel64/generator_common.o obj/intel64/generator_common_x86.o obj/intel64/generator_gemm_aarch64.o obj/intel64/generator_gemm_amx.o obj/intel64/generator_gemm_amx_microkernel.o obj/intel64/generator_gemm_avx2_microkernel.o obj/intel64/generator_gemm_avx512_microkernel.o obj/intel64/generator_gemm_avx_microkernel.o obj/intel64/generator_gemm.o obj/intel64/generator_gemm_common_aarch64.o obj/intel64/generator_gemm_common.o obj/intel64/generator_gemm_noarch.o obj/intel64/generator_gemm_sme.o obj/intel64/generator_gemm_sme_microkernel.o obj/intel64/generator_gemm_sse_avx_avx2_avx512.o obj/intel64/generator_gemm_sse_microkernel.o obj/intel64/generator_mateltwise_aarch64.o obj/intel64/generator_mateltwise.o obj/intel64/generator_mateltwise_common.o obj/intel64/generator_mateltwise_gather_scatter_aarch64.o obj/intel64/generator_mateltwise_gather_scatter_avx_avx512.o obj/intel64/generator_mateltwise_misc_aarch64.o obj/intel64/generator_mateltwise_misc_avx_avx512.o obj/intel64/generator_mateltwise_reduce_aarch64.o obj/intel64/generator_mateltwise_reduce_avx_avx512.o obj/intel64/generator_mateltwise_sse_avx_avx512.o obj/intel64/generator_mateltwise_transform_aarch64_asimd.o obj/intel64/generator_mateltwise_transform_aarch64_sve.o obj/intel64/generator_mateltwise_transform_avx512.o obj/intel64/generator_mateltwise_transform_avx.o obj/intel64/generator_mateltwise_transform_common.o obj/intel64/generator_mateltwise_transform_common_x86.o obj/intel64/generator_mateltwise_transform_sse.o obj/intel64/generator_mateltwise_unary_binary_aarch64.o obj/intel64/generator_mateltwise_unary_binary_avx_avx512.o obj/intel64/generator_matequation_aarch64.o obj/intel64/generator_matequation_avx_avx512.o obj/intel64/generator_matequation.o obj/intel64/generator_matequation_regblocks_aarch64.o obj/intel64/generator_matequation_regblocks_avx_avx512.o obj/intel64/generator_matequation_scratch_aarch64.o obj/intel64/generator_matequation_scratch_avx_avx512.o obj/intel64/generator_packed_gemm_aarch64.o obj/intel64/generator_packed_gemm_ac_rm_aarch64.o obj/intel64/generator_packed_gemm_ac_rm_avx_avx2_avx512.o obj/intel64/generator_packed_gemm_ac_rm.o obj/intel64/generator_packed_gemm_avx_avx2_avx512.o obj/intel64/generator_packed_gemm_bc_rm_aarch64.o obj/intel64/generator_packed_gemm_bc_rm_avx_avx2_avx512.o obj/intel64/generator_packed_gemm_bc_rm.o obj/intel64/generator_packed_gemm.o obj/intel64/generator_packed_spgemm_bcsc_bsparse_aarch64.o obj/intel64/generator_packed_spgemm_bcsc_bsparse_avx_avx2_avx512_amx.o obj/intel64/generator_packed_spgemm_bcsc_bsparse.o obj/intel64/generator_packed_spgemm.o obj/intel64/generator_packed_spgemm_csc_bsparse_aarch64.o obj/intel64/generator_packed_spgemm_csc_bsparse_avx_avx2_avx512.o obj/intel64/generator_packed_spgemm_csc_bsparse.o obj/intel64/generator_packed_spgemm_csc_csparse_avx_avx2_avx512.o obj/intel64/generator_packed_spgemm_csc_csparse.o obj/intel64/generator_packed_spgemm_csr_asparse_aarch64.o obj/intel64/generator_packed_spgemm_csr_asparse_avx_avx2_avx512.o obj/intel64/generator_packed_spgemm_csr_asparse.o obj/intel64/generator_packed_spgemm_csr_bsparse_aarch64.o obj/intel64/generator_packed_spgemm_csr_bsparse_avx_avx2_avx512.o obj/intel64/generator_packed_spgemm_csr_bsparse.o obj/intel64/generator_spgemm.o obj/intel64/generator_spgemm_csc_asparse.o obj/intel64/generator_spgemm_csc_bsparse.o obj/intel64/generator_spgemm_csc_reader.o obj/intel64/generator_spgemm_csr_asparse.o obj/intel64/generator_spgemm_csr_asparse_reg.o obj/intel64/generator_spgemm_csr_reader.o obj/intel64/generator_x86_instructions.o obj/intel64/libxsmm_cpuid_arm.o obj/intel64/libxsmm_cpuid_x86.o obj/intel64/libxsmm_generator.o obj/intel64/libxsmm_trace.o obj/intel64/libxsmm_matrixeqn.o
/usr/bin/ar: creating lib/libxsmmgen.a
gcc -D__BLAS=0 -DNDEBUG -DLIBXSMM_OPENMP_SIMD -DLIBXSMM_BUILD=2 -Iinclude -I./src -march=armv8.1-a -fPIC -Wall -O2 -fopenmp-simd -funroll-loops -ftree-vectorize -fdata-sections -ffunction-sections -fvisibility=hidden -pthread -Werror -c ./src/libxsmm_math.c -o  obj/intel64/libxsmm_math.o
gcc -o bin/libxsmm_gemm_generator obj/intel64/libxsmm_generator_gemm_driver.o -Wl,--rpath=/home/alex/asplos_25/grace/libxsmm/lib -L/home/alex/asplos_25/grace/libxsmm/lib -lxsmmgen \
	-Wl,--gc-sections -Wl,-z,relro,-z,now -lm -lrt -ldl -s -pthread
gcc -D__BLAS=0 -DNDEBUG -DLIBXSMM_OPENMP_SIMD -DLIBXSMM_BUILD=2 -Iinclude -I./src -march=armv8.1-a -fPIC -Wall -O2 -fopenmp-simd -funroll-loops -ftree-vectorize -fdata-sections -ffunction-sections -fvisibility=hidden -pthread -Werror -c ./src/libxsmm_xcopy.c -o  obj/intel64/libxsmm_xcopy.o
/usr/bin/gcc-ar -rs lib/libxsmm.a obj/intel64/libxsmm_main.o obj/intel64/libxsmm_memory.o obj/intel64/libxsmm_malloc.o obj/intel64/libxsmm_math.o obj/intel64/libxsmm_fsspmdm.o obj/intel64/libxsmm_hash.o obj/intel64/libxsmm_sync.o obj/intel64/libxsmm_perf.o obj/intel64/libxsmm_gemm.o obj/intel64/libxsmm_xcopy.o obj/intel64/libxsmm_utils.o obj/intel64/libxsmm_lpflt_quant.o obj/intel64/libxsmm_timer.o obj/intel64/libxsmm_barrier.o obj/intel64/libxsmm_rng.o obj/intel64/libxsmm_mhd.o obj/intel64/generator_aarch64_instructions.o obj/intel64/generator_common_aarch64.o obj/intel64/generator_common.o obj/intel64/generator_common_x86.o obj/intel64/generator_gemm_aarch64.o obj/intel64/generator_gemm_amx.o obj/intel64/generator_gemm_amx_microkernel.o obj/intel64/generator_gemm_avx2_microkernel.o obj/intel64/generator_gemm_avx512_microkernel.o obj/intel64/generator_gemm_avx_microkernel.o obj/intel64/generator_gemm.o obj/intel64/generator_gemm_common_aarch64.o obj/intel64/generator_gemm_common.o obj/intel64/generator_gemm_noarch.o obj/intel64/generator_gemm_sme.o obj/intel64/generator_gemm_sme_microkernel.o obj/intel64/generator_gemm_sse_avx_avx2_avx512.o obj/intel64/generator_gemm_sse_microkernel.o obj/intel64/generator_mateltwise_aarch64.o obj/intel64/generator_mateltwise.o obj/intel64/generator_mateltwise_common.o obj/intel64/generator_mateltwise_gather_scatter_aarch64.o obj/intel64/generator_mateltwise_gather_scatter_avx_avx512.o obj/intel64/generator_mateltwise_misc_aarch64.o obj/intel64/generator_mateltwise_misc_avx_avx512.o obj/intel64/generator_mateltwise_reduce_aarch64.o obj/intel64/generator_mateltwise_reduce_avx_avx512.o obj/intel64/generator_mateltwise_sse_avx_avx512.o obj/intel64/generator_mateltwise_transform_aarch64_asimd.o obj/intel64/generator_mateltwise_transform_aarch64_sve.o obj/intel64/generator_mateltwise_transform_avx512.o obj/intel64/generator_mateltwise_transform_avx.o obj/intel64/generator_mateltwise_transform_common.o obj/intel64/generator_mateltwise_transform_common_x86.o obj/intel64/generator_mateltwise_transform_sse.o obj/intel64/generator_mateltwise_unary_binary_aarch64.o obj/intel64/generator_mateltwise_unary_binary_avx_avx512.o obj/intel64/generator_matequation_aarch64.o obj/intel64/generator_matequation_avx_avx512.o obj/intel64/generator_matequation.o obj/intel64/generator_matequation_regblocks_aarch64.o obj/intel64/generator_matequation_regblocks_avx_avx512.o obj/intel64/generator_matequation_scratch_aarch64.o obj/intel64/generator_matequation_scratch_avx_avx512.o obj/intel64/generator_packed_gemm_aarch64.o obj/intel64/generator_packed_gemm_ac_rm_aarch64.o obj/intel64/generator_packed_gemm_ac_rm_avx_avx2_avx512.o obj/intel64/generator_packed_gemm_ac_rm.o obj/intel64/generator_packed_gemm_avx_avx2_avx512.o obj/intel64/generator_packed_gemm_bc_rm_aarch64.o obj/intel64/generator_packed_gemm_bc_rm_avx_avx2_avx512.o obj/intel64/generator_packed_gemm_bc_rm.o obj/intel64/generator_packed_gemm.o obj/intel64/generator_packed_spgemm_bcsc_bsparse_aarch64.o obj/intel64/generator_packed_spgemm_bcsc_bsparse_avx_avx2_avx512_amx.o obj/intel64/generator_packed_spgemm_bcsc_bsparse.o obj/intel64/generator_packed_spgemm.o obj/intel64/generator_packed_spgemm_csc_bsparse_aarch64.o obj/intel64/generator_packed_spgemm_csc_bsparse_avx_avx2_avx512.o obj/intel64/generator_packed_spgemm_csc_bsparse.o obj/intel64/generator_packed_spgemm_csc_csparse_avx_avx2_avx512.o obj/intel64/generator_packed_spgemm_csc_csparse.o obj/intel64/generator_packed_spgemm_csr_asparse_aarch64.o obj/intel64/generator_packed_spgemm_csr_asparse_avx_avx2_avx512.o obj/intel64/generator_packed_spgemm_csr_asparse.o obj/intel64/generator_packed_spgemm_csr_bsparse_aarch64.o obj/intel64/generator_packed_spgemm_csr_bsparse_avx_avx2_avx512.o obj/intel64/generator_packed_spgemm_csr_bsparse.o obj/intel64/generator_spgemm.o obj/intel64/generator_spgemm_csc_asparse.o obj/intel64/generator_spgemm_csc_bsparse.o obj/intel64/generator_spgemm_csc_reader.o obj/intel64/generator_spgemm_csr_asparse.o obj/intel64/generator_spgemm_csr_asparse_reg.o obj/intel64/generator_spgemm_csr_reader.o obj/intel64/generator_x86_instructions.o obj/intel64/libxsmm_cpuid_arm.o obj/intel64/libxsmm_cpuid_x86.o obj/intel64/libxsmm_generator.o obj/intel64/libxsmm_trace.o obj/intel64/libxsmm_matrixeqn.o 
/usr/bin/ar: creating lib/libxsmm.a
gcc -shared -fPIC -o "lib/libxsmm.so.1.17.0" -Wl,-soname=libxsmm.so.1  \
	obj/intel64/libxsmm_main.o obj/intel64/libxsmm_memory.o obj/intel64/libxsmm_malloc.o obj/intel64/libxsmm_math.o obj/intel64/libxsmm_fsspmdm.o obj/intel64/libxsmm_hash.o obj/intel64/libxsmm_sync.o obj/intel64/libxsmm_perf.o obj/intel64/libxsmm_gemm.o obj/intel64/libxsmm_xcopy.o obj/intel64/libxsmm_utils.o obj/intel64/libxsmm_lpflt_quant.o obj/intel64/libxsmm_timer.o obj/intel64/libxsmm_barrier.o obj/intel64/libxsmm_rng.o obj/intel64/libxsmm_mhd.o obj/intel64/generator_aarch64_instructions.o obj/intel64/generator_common_aarch64.o obj/intel64/generator_common.o obj/intel64/generator_common_x86.o obj/intel64/generator_gemm_aarch64.o obj/intel64/generator_gemm_amx.o obj/intel64/generator_gemm_amx_microkernel.o obj/intel64/generator_gemm_avx2_microkernel.o obj/intel64/generator_gemm_avx512_microkernel.o obj/intel64/generator_gemm_avx_microkernel.o obj/intel64/generator_gemm.o obj/intel64/generator_gemm_common_aarch64.o obj/intel64/generator_gemm_common.o obj/intel64/generator_gemm_noarch.o obj/intel64/generator_gemm_sme.o obj/intel64/generator_gemm_sme_microkernel.o obj/intel64/generator_gemm_sse_avx_avx2_avx512.o obj/intel64/generator_gemm_sse_microkernel.o obj/intel64/generator_mateltwise_aarch64.o obj/intel64/generator_mateltwise.o obj/intel64/generator_mateltwise_common.o obj/intel64/generator_mateltwise_gather_scatter_aarch64.o obj/intel64/generator_mateltwise_gather_scatter_avx_avx512.o obj/intel64/generator_mateltwise_misc_aarch64.o obj/intel64/generator_mateltwise_misc_avx_avx512.o obj/intel64/generator_mateltwise_reduce_aarch64.o obj/intel64/generator_mateltwise_reduce_avx_avx512.o obj/intel64/generator_mateltwise_sse_avx_avx512.o obj/intel64/generator_mateltwise_transform_aarch64_asimd.o obj/intel64/generator_mateltwise_transform_aarch64_sve.o obj/intel64/generator_mateltwise_transform_avx512.o obj/intel64/generator_mateltwise_transform_avx.o obj/intel64/generator_mateltwise_transform_common.o obj/intel64/generator_mateltwise_transform_common_x86.o obj/intel64/generator_mateltwise_transform_sse.o obj/intel64/generator_mateltwise_unary_binary_aarch64.o obj/intel64/generator_mateltwise_unary_binary_avx_avx512.o obj/intel64/generator_matequation_aarch64.o obj/intel64/generator_matequation_avx_avx512.o obj/intel64/generator_matequation.o obj/intel64/generator_matequation_regblocks_aarch64.o obj/intel64/generator_matequation_regblocks_avx_avx512.o obj/intel64/generator_matequation_scratch_aarch64.o obj/intel64/generator_matequation_scratch_avx_avx512.o obj/intel64/generator_packed_gemm_aarch64.o obj/intel64/generator_packed_gemm_ac_rm_aarch64.o obj/intel64/generator_packed_gemm_ac_rm_avx_avx2_avx512.o obj/intel64/generator_packed_gemm_ac_rm.o obj/intel64/generator_packed_gemm_avx_avx2_avx512.o obj/intel64/generator_packed_gemm_bc_rm_aarch64.o obj/intel64/generator_packed_gemm_bc_rm_avx_avx2_avx512.o obj/intel64/generator_packed_gemm_bc_rm.o obj/intel64/generator_packed_gemm.o obj/intel64/generator_packed_spgemm_bcsc_bsparse_aarch64.o obj/intel64/generator_packed_spgemm_bcsc_bsparse_avx_avx2_avx512_amx.o obj/intel64/generator_packed_spgemm_bcsc_bsparse.o obj/intel64/generator_packed_spgemm.o obj/intel64/generator_packed_spgemm_csc_bsparse_aarch64.o obj/intel64/generator_packed_spgemm_csc_bsparse_avx_avx2_avx512.o obj/intel64/generator_packed_spgemm_csc_bsparse.o obj/intel64/generator_packed_spgemm_csc_csparse_avx_avx2_avx512.o obj/intel64/generator_packed_spgemm_csc_csparse.o obj/intel64/generator_packed_spgemm_csr_asparse_aarch64.o obj/intel64/generator_packed_spgemm_csr_asparse_avx_avx2_avx512.o obj/intel64/generator_packed_spgemm_csr_asparse.o obj/intel64/generator_packed_spgemm_csr_bsparse_aarch64.o obj/intel64/generator_packed_spgemm_csr_bsparse_avx_avx2_avx512.o obj/intel64/generator_packed_spgemm_csr_bsparse.o obj/intel64/generator_spgemm.o obj/intel64/generator_spgemm_csc_asparse.o obj/intel64/generator_spgemm_csc_bsparse.o obj/intel64/generator_spgemm_csc_reader.o obj/intel64/generator_spgemm_csr_asparse.o obj/intel64/generator_spgemm_csr_asparse_reg.o obj/intel64/generator_spgemm_csr_reader.o obj/intel64/generator_x86_instructions.o obj/intel64/libxsmm_cpuid_arm.o obj/intel64/libxsmm_cpuid_x86.o obj/intel64/libxsmm_generator.o obj/intel64/libxsmm_trace.o obj/intel64/libxsmm_matrixeqn.o -Wl,--gc-sections -Wl,-z,relro,-z,now -lm -lrt -ldl -s -pthread
/usr/bin/gcc-ar -rs lib/libxsmmext.a obj/intel64/libxsmm_ext.o obj/intel64/libxsmm_ext_xcopy.o obj/intel64/libxsmm_ext_gemm.o
/usr/bin/ar: creating lib/libxsmmext.a
gcc -shared -fPIC -Wl,--rpath=/usr/lib/gcc/aarch64-redhat-linux/11 -L/usr/lib/gcc/aarch64-redhat-linux/11 -lgomp -o "lib/libxsmmext.so.1.17.0" -Wl,-soname=libxsmmext.so.1  \
	obj/intel64/libxsmm_ext.o obj/intel64/libxsmm_ext_xcopy.o obj/intel64/libxsmm_ext_gemm.o -Wl,--rpath=/home/alex/asplos_25/grace/libxsmm/lib -L/home/alex/asplos_25/grace/libxsmm/lib -lxsmm -Wl,--gc-sections -Wl,-z,relro,-z,now -lm -lrt -ldl -s -pthread
/usr/bin/gcc-ar -rs lib/libxsmmf.a obj/intel64/libxsmm-mod.o
/usr/bin/ar: creating lib/libxsmmf.a
gfortran  -shared -fPIC  -o "lib/libxsmmf.so.1.17.0" -Wl,-soname=libxsmmf.so.1  \
	obj/intel64/libxsmm-mod.o -Wl,--rpath=/home/alex/asplos_25/grace/libxsmm/lib -L/home/alex/asplos_25/grace/libxsmm/lib -lxsmm \
	-Wl,--gc-sections -Wl,-z,relro,-z,now -lm -lrt -ldl -s -pthread -ldl
================================================================================
LIBXSMM feature_sve_bf16_gemm_flat_a-1.17-3773 (Linux@stan)
--------------------------------------------------------------------------------
GNU Compiler Collection: gcc 11.4.1, g++ 11.4.1, and gfortran 11.4.1
C / C++ target: -march=armv8.1-a
Fortran target: -march=armv8.1-a
--------------------------------------------------------------------------------
BLAS dependency and fallback is removed!
--------------------------------------------------------------------------------
Looking in indexes: https://download.pytorch.org/whl/cpu
Collecting torch==2.5.1
  Using cached https://download.pytorch.org/whl/cpu/torch-2.5.1-cp39-cp39-manylinux_2_17_aarch64.manylinux2014_aarch64.whl (91.8 MB)
Collecting torchvision
  Using cached https://download.pytorch.org/whl/cpu/torchvision-0.20.1-cp39-cp39-linux_aarch64.whl (1.9 MB)
Collecting torchaudio
  Using cached https://download.pytorch.org/whl/cpu/torchaudio-2.5.1-cp39-cp39-linux_aarch64.whl (1.7 MB)
Collecting filelock
  Using cached https://download.pytorch.org/whl/filelock-3.13.1-py3-none-any.whl (11 kB)
Collecting fsspec
  Using cached https://download.pytorch.org/whl/fsspec-2024.2.0-py3-none-any.whl (170 kB)
Collecting networkx
  Using cached https://download.pytorch.org/whl/networkx-3.2.1-py3-none-any.whl (1.6 MB)
Collecting typing-extensions>=4.8.0
  Using cached https://download.pytorch.org/whl/typing_extensions-4.9.0-py3-none-any.whl (32 kB)
Collecting jinja2
  Using cached https://download.pytorch.org/whl/Jinja2-3.1.3-py3-none-any.whl (133 kB)
Collecting sympy==1.13.1
  Using cached https://download.pytorch.org/whl/sympy-1.13.1-py3-none-any.whl (6.2 MB)
Collecting mpmath<1.4,>=1.1.0
  Using cached https://download.pytorch.org/whl/mpmath-1.3.0-py3-none-any.whl (536 kB)
Collecting pillow!=8.3.*,>=5.3.0
  Using cached https://download.pytorch.org/whl/pillow-10.2.0-cp39-cp39-manylinux_2_28_aarch64.whl (4.3 MB)
Collecting numpy
  Using cached https://download.pytorch.org/whl/numpy-1.26.3-cp39-cp39-manylinux_2_17_aarch64.manylinux2014_aarch64.whl (14.2 MB)
Collecting MarkupSafe>=2.0
  Using cached https://download.pytorch.org/whl/MarkupSafe-2.1.5-cp39-cp39-manylinux_2_17_aarch64.manylinux2014_aarch64.whl (26 kB)
Installing collected packages: mpmath, MarkupSafe, typing-extensions, sympy, networkx, jinja2, fsspec, filelock, torch, pillow, numpy, torchvision, torchaudio
Successfully installed MarkupSafe-2.1.5 filelock-3.13.1 fsspec-2024.2.0 jinja2-3.1.3 mpmath-1.3.0 networkx-3.2.1 numpy-1.26.3 pillow-10.2.0 sympy-1.13.1 torch-2.5.1 torchaudio-2.5.1 torchvision-0.20.1 typing-extensions-4.9.0
PyTorch built with:
  - GCC 10.2
  - C++ Version: 201703
  - Intel(R) MKL-DNN v3.5.3 (Git Hash 66f0cb9eb66affd2da3bf5f8d897376f04aae6af)
  - OpenMP 201511 (a.k.a. OpenMP 4.5)
  - LAPACK is enabled (usually provided by MKL)
  - NNPACK is enabled
  - CPU capability usage: NO AVX
  - Build settings: BLAS_INFO=open, BUILD_TYPE=Release, CXX_COMPILER=/opt/rh/devtoolset-10/root/usr/bin/c++, CXX_FLAGS=-ffunction-sections -fdata-sections -D_GLIBCXX_USE_CXX11_ABI=0 -fabi-version=11 -fvisibility-inlines-hidden -DUSE_PTHREADPOOL -DNDEBUG -DUSE_KINETO -DLIBKINETO_NOCUPTI -DLIBKINETO_NOROCTRACER -DLIBKINETO_NOXPUPTI=ON -DUSE_PYTORCH_QNNPACK -DUSE_XNNPACK -DSYMBOLICATE_MOBILE_DEBUG_HANDLE -O2 -fPIC -Wall -Wextra -Werror=return-type -Werror=non-virtual-dtor -Werror=bool-operation -Wnarrowing -Wno-missing-field-initializers -Wno-type-limits -Wno-array-bounds -Wno-unknown-pragmas -Wno-unused-parameter -Wno-strict-overflow -Wno-strict-aliasing -Wno-stringop-overflow -Wsuggest-override -Wno-psabi -Wno-error=old-style-cast -Wno-missing-braces -fdiagnostics-color=always -faligned-new -Wno-unused-but-set-variable -Wno-maybe-uninitialized -fno-math-errno -fno-trapping-math -Werror=format -Wno-stringop-overflow, LAPACK_INFO=open, TORCH_VERSION=2.5.1, USE_CUDA=OFF, USE_CUDNN=OFF, USE_CUSPARSELT=OFF, USE_EXCEPTION_PTR=1, USE_GFLAGS=OFF, USE_GLOG=OFF, USE_GLOO=ON, USE_MKLDNN=ON, USE_MPI=OFF, USE_NCCL=OFF, USE_NNPACK=ON, USE_OPENMP=ON, USE_ROCM=OFF, USE_ROCM_KERNEL_ASSERT=OFF, 

ATen/Parallel:
	at::get_num_threads() : 72
	at::get_num_interop_threads() : 72
OpenMP 201511 (a.k.a. OpenMP 4.5)
	omp_get_max_threads() : 72
MKL not found
Intel(R) MKL-DNN v3.5.3 (Git Hash 66f0cb9eb66affd2da3bf5f8d897376f04aae6af)
std::thread::hardware_concurrency() : 72
Environment variables:
	OMP_NUM_THREADS : [not set]
	MKL_NUM_THREADS : [not set]
ATen parallel backend: OpenMP

**********************************
*** Installing BLAS Playground ***
**********************************
scons: Reading SConscript files ...
running build script of blas
Checking for C++ library libc10... yes
Checking for C++ library libtorch_cpu... yes
Checking for C++ library libtorch... yes
Checking for C++ library libxsmm... yes
Checking for C++ library nvpl_blas_lp64_gomp... yes
Checking for C++ library gomp... yes
scons: done reading SConscript files.
scons: Building targets ...
clang++ -o build/src/bench_gemm.o -c -O2 -std=c++17 -isystem ../venv_pytorch/lib/python3.9/site-packages/torch/include -isystem ../venv_pytorch/lib/python3.9/site-packages/torch/include/torch/csrc/api/include -isystem /home/alex/asplos_25/grace/blas/../libxsmm/include -fopenmp -DPP_NDEBUG -D_GLIBCXX_USE_CXX11_ABI=0 -DBLAS_NVPL -I. -Isrc build/src/bench_gemm.cpp
clang++ -o build/bench_gemm -Wl,-rpath=../venv_pytorch/lib/python3.9/site-packages/torch/lib -Wl,-rpath=/home/alex/asplos_25/grace/blas/../libxsmm/lib build/src/bench_gemm.o -L/home/alex/asplos_25/grace/venv_pytorch/lib/python3.9/site-packages/torch/lib -L/home/alex/asplos_25/grace/libxsmm/lib -lc10 -ltorch_cpu -ltorch -lxsmm -lnvpl_blas_lp64_gomp -lgomp
scons: done building targets.
