Sat Nov  9 11:25:20 PM CET 2024
Running bench_opt_einsum.sh with the following settings:
  Number of cores: 72
  Hyperthreading: 0
  Number of threads: 72
  OMP_PLACES: {0},{1},{2},{3},{4},{5},{6},{7},{8},{9},{10},{11},{12},{13},{14},{15},{16},{17},{18},{19},{20},{21},{22},{23},{24},{25},{26},{27},{28},{29},{30},{31},{32},{33},{34},{35},{36},{37},{38},{39},{40},{41},{42},{43},{44},{45},{46},{47},{48},{49},{50},{51},{52},{53},{54},{55},{56},{57},{58},{59},{60},{61},{62},{63},{64},{65},{66},{67},{68},{69},{70},{71}
  Number of repetitions: 100
  Backend: torch
  Selected benchmark keys: all

Sat Nov  9 11:25:20 PM CET 2024
Running benchmark setting: einsum_ir/samples/tensor_decomp/fctn.cfg
  Processing setting 1/1....................................................................................................

Sat Nov  9 11:27:27 PM CET 2024
Running benchmark setting: einsum_ir/samples/tensor_decomp/getd.cfg
  Processing setting 1/1....................................................................................................

Sat Nov  9 11:29:42 PM CET 2024
Running benchmark setting: einsum_ir/samples/einsum_benchmark/str_nw_mera_open_26.cfg
  Processing setting 1/1....................................................................................................

Sat Nov  9 11:31:59 PM CET 2024
Running benchmark setting: einsum_ir/samples/einsum_benchmark/synthetic.cfg
  Processing setting 1/1....................................................................................................

Sat Nov  9 11:34:08 PM CET 2024
Running benchmark setting: einsum_ir/samples/tccg/settings_blocked.cfg
  Processing setting 1/24....................................................................................................
  Processing setting 2/24....................................................................................................
  Processing setting 3/24....................................................................................................
  Processing setting 4/24....................................................................................................
  Processing setting 5/24....................................................................................................
  Processing setting 6/24....................................................................................................
  Processing setting 7/24....................................................................................................
  Processing setting 8/24....................................................................................................
  Processing setting 9/24....................................................................................................
  Processing setting 10/24....................................................................................................
  Processing setting 11/24....................................................................................................
  Processing setting 12/24....................................................................................................
  Processing setting 13/24....................................................................................................
  Processing setting 14/24....................................................................................................
  Processing setting 15/24....................................................................................................
  Processing setting 16/24....................................................................................................
  Processing setting 17/24....................................................................................................
  Processing setting 18/24....................................................................................................
  Processing setting 19/24....................................................................................................
  Processing setting 20/24....................................................................................................
  Processing setting 21/24....................................................................................................
  Processing setting 22/24....................................................................................................
  Processing setting 23/24....................................................................................................
  Processing setting 24/24....................................................................................................

Sun Nov 10 12:49:14 AM CET 2024
Running benchmark setting: einsum_ir/samples/tccg/settings_blocked_reordered.cfg
  Processing setting 1/24....................................................................................................
  Processing setting 2/24....................................................................................................
  Processing setting 3/24....................................................................................................
  Processing setting 4/24....................................................................................................
  Processing setting 5/24....................................................................................................
  Processing setting 6/24....................................................................................................
  Processing setting 7/24....................................................................................................
  Processing setting 8/24....................................................................................................
  Processing setting 9/24....................................................................................................
  Processing setting 10/24....................................................................................................
  Processing setting 11/24....................................................................................................
  Processing setting 12/24....................................................................................................
  Processing setting 13/24....................................................................................................
  Processing setting 14/24....................................................................................................
  Processing setting 15/24....................................................................................................
  Processing setting 16/24....................................................................................................
  Processing setting 17/24....................................................................................................
  Processing setting 18/24....................................................................................................
  Processing setting 19/24....................................................................................................
  Processing setting 20/24....................................................................................................
  Processing setting 21/24....................................................................................................
  Processing setting 22/24....................................................................................................
  Processing setting 23/24....................................................................................................
  Processing setting 24/24....................................................................................................

Sun Nov 10 02:04:26 AM CET 2024
Running benchmark setting: einsum_ir/samples/einsum_benchmark/lm_first_last_brackets_4_16d.cfg
  Processing setting 1/1....................................................................................................

Sun Nov 10 02:14:11 AM CET 2024
Running benchmark setting: einsum_ir/samples/tensor_layers/trn.cfg
  Processing setting 1/1....................................................................................................

Sun Nov 10 02:16:23 AM CET 2024
Running benchmark setting: einsum_ir/samples/tensor_decomp/tt.cfg
  Processing setting 1/1....................................................................................................

Sun Nov 10 02:18:46 AM CET 2024
Running benchmark setting: einsum_ir/samples/tensor_decomp/tw.cfg
  Processing setting 1/1....................................................................................................

Sun Nov 10 02:20:53 AM CET 2024
Done
