Sun Nov 10 10:13:38 PM CET 2024
Running bench_einsum_ir.sh with the following settings:
  Number of cores: 72
  Hyperthreading: 0
  Number of threads: 72
  einsum_ir executable: einsum_ir/build_llvm/bench_expression
  Log directory: logs
  KMP_AFFINITY: explicit,proclist=[0-71],granularity=fine
  Number of repetitions: 100
  Backend: tblis
  Reorder dims: 0
  Selected benchmark keys: tccg_blocked_reordered

Sun Nov 10 10:13:38 PM CET 2024
Running benchmark setting: einsum_ir/samples/tccg/settings_blocked_reordered.cfg
  Processing setting 1/24....................................................................................................
  Processing setting 2/24....................................................................................................
  Processing setting 3/24....................................................................................................
  Processing setting 4/24....................................................................................................
  Processing setting 5/24....................................................................................................
  Processing setting 6/24....................................................................................................
  Processing setting 7/24....................................................................................................
  Processing setting 8/24....................................................................................................
  Processing setting 9/24....................................................................................................
  Processing setting 10/24....................................................................................................
  Processing setting 11/24....................................................................................................
  Processing setting 12/24....................................................................................................
  Processing setting 13/24....................................................................................................
  Processing setting 14/24....................................................................................................
  Processing setting 15/24....................................................................................................
  Processing setting 16/24....................................................................................................
  Processing setting 17/24....................................................................................................
  Processing setting 18/24....................................................................................................
  Processing setting 19/24....................................................................................................
  Processing setting 20/24....................................................................................................
  Processing setting 21/24....................................................................................................
  Processing setting 22/24....................................................................................................
  Processing setting 23/24....................................................................................................
  Processing setting 24/24....................................................................................................

Sun Nov 10 11:29:45 PM CET 2024
Done
