*** input parameters ***
  einsum_str: Babcd,aij,bik,ckl,dlm,ejp,fop,gno,hmn->Befgh
  dim_sizes:  128,4,7,4,7,3,4,5,5,50,50,50,50,50,50,50,50
  cont_path:  (1,5),(4,5),(1,2),(1,2),(1,2),(1,2),(1,2),(0,1)
  backend:    torch
  dtype:      FP32
*** benchmarking opt_einsum expression ***
  #flops :          1564961200
  #bytes :          945008
  arith. intensity: 1656.03
  time (eval):      0.003558
  time (compile):   0.000160
  gflops (eval):    439.88
  gflops (total):   420.93
CSV_DATA: opt_einsum,torch,"Babcd,aij,bik,ckl,dlm,ejp,fop,gno,hmn->Befgh","128,4,7,4,7,3,4,5,5,50,50,50,50,50,50,50,50","(1,5),(4,5),(1,2),(1,2),(1,2),(1,2),(1,2),(0,1)",FP32,1564961200,1656.029578585578,0.00016021728515625,0.0035576820373535156,439.8822557971318,420.9261909070669
*** input parameters ***
  einsum_str: Babcd,aij,bik,ckl,dlm,ejp,fop,gno,hmn->Befgh
  dim_sizes:  128,4,7,4,7,3,4,5,5,50,50,50,50,50,50,50,50
  cont_path:  (1,5),(4,5),(1,2),(1,2),(1,2),(1,2),(1,2),(0,1)
  backend:    torch
  dtype:      FP32
*** benchmarking opt_einsum expression ***
  #flops :          1564961200
  #bytes :          945008
  arith. intensity: 1656.03
  time (eval):      0.003358
  time (compile):   0.000155
  gflops (eval):    466.02
  gflops (total):   445.43
CSV_DATA: opt_einsum,torch,"Babcd,aij,bik,ckl,dlm,ejp,fop,gno,hmn->Befgh","128,4,7,4,7,3,4,5,5,50,50,50,50,50,50,50,50","(1,5),(4,5),(1,2),(1,2),(1,2),(1,2),(1,2),(0,1)",FP32,1564961200,1656.029578585578,0.0001552104949951172,0.003358125686645508,466.0222237135108,445.4345155404995
*** input parameters ***
  einsum_str: Babcd,aij,bik,ckl,dlm,ejp,fop,gno,hmn->Befgh
  dim_sizes:  128,4,7,4,7,3,4,5,5,50,50,50,50,50,50,50,50
  cont_path:  (1,5),(4,5),(1,2),(1,2),(1,2),(1,2),(1,2),(0,1)
  backend:    torch
  dtype:      FP32
*** benchmarking opt_einsum expression ***
  #flops :          1564961200
  #bytes :          945008
  arith. intensity: 1656.03
  time (eval):      0.003345
  time (compile):   0.000153
  gflops (eval):    467.92
  gflops (total):   447.50
CSV_DATA: opt_einsum,torch,"Babcd,aij,bik,ckl,dlm,ejp,fop,gno,hmn->Befgh","128,4,7,4,7,3,4,5,5,50,50,50,50,50,50,50,50","(1,5),(4,5),(1,2),(1,2),(1,2),(1,2),(1,2),(0,1)",FP32,1564961200,1656.029578585578,0.000152587890625,0.0033445358276367188,467.9158127320217,447.4995242026725
*** input parameters ***
  einsum_str: Babcd,aij,bik,ckl,dlm,ejp,fop,gno,hmn->Befgh
  dim_sizes:  128,4,7,4,7,3,4,5,5,50,50,50,50,50,50,50,50
  cont_path:  (1,5),(4,5),(1,2),(1,2),(1,2),(1,2),(1,2),(0,1)
  backend:    torch
  dtype:      FP32
*** benchmarking opt_einsum expression ***
  #flops :          1564961200
  #bytes :          945008
  arith. intensity: 1656.03
  time (eval):      0.003380
  time (compile):   0.000157
  gflops (eval):    463.06
  gflops (total):   442.52
CSV_DATA: opt_einsum,torch,"Babcd,aij,bik,ckl,dlm,ejp,fop,gno,hmn->Befgh","128,4,7,4,7,3,4,5,5,50,50,50,50,50,50,50,50","(1,5),(4,5),(1,2),(1,2),(1,2),(1,2),(1,2),(0,1)",FP32,1564961200,1656.029578585578,0.00015687942504882812,0.0033795833587646484,463.0633524518378,442.5216086432145
*** input parameters ***
  einsum_str: Babcd,aij,bik,ckl,dlm,ejp,fop,gno,hmn->Befgh
  dim_sizes:  128,4,7,4,7,3,4,5,5,50,50,50,50,50,50,50,50
  cont_path:  (1,5),(4,5),(1,2),(1,2),(1,2),(1,2),(1,2),(0,1)
  backend:    torch
  dtype:      FP32
*** benchmarking opt_einsum expression ***
  #flops :          1564961200
  #bytes :          945008
  arith. intensity: 1656.03
  time (eval):      0.003378
  time (compile):   0.000153
  gflops (eval):    463.32
  gflops (total):   443.21
CSV_DATA: opt_einsum,torch,"Babcd,aij,bik,ckl,dlm,ejp,fop,gno,hmn->Befgh","128,4,7,4,7,3,4,5,5,50,50,50,50,50,50,50,50","(1,5),(4,5),(1,2),(1,2),(1,2),(1,2),(1,2),(0,1)",FP32,1564961200,1656.029578585578,0.0001533031463623047,0.003377676010131836,463.3248408982,443.20884679303174
*** input parameters ***
  einsum_str: Babcd,aij,bik,ckl,dlm,ejp,fop,gno,hmn->Befgh
  dim_sizes:  128,4,7,4,7,3,4,5,5,50,50,50,50,50,50,50,50
  cont_path:  (1,5),(4,5),(1,2),(1,2),(1,2),(1,2),(1,2),(0,1)
  backend:    torch
  dtype:      FP32
*** benchmarking opt_einsum expression ***
  #flops :          1564961200
  #bytes :          945008
  arith. intensity: 1656.03
  time (eval):      0.003354
  time (compile):   0.000160
  gflops (eval):    466.59
  gflops (total):   445.40
CSV_DATA: opt_einsum,torch,"Babcd,aij,bik,ckl,dlm,ejp,fop,gno,hmn->Befgh","128,4,7,4,7,3,4,5,5,50,50,50,50,50,50,50,50","(1,5),(4,5),(1,2),(1,2),(1,2),(1,2),(1,2),(0,1)",FP32,1564961200,1656.029578585578,0.0001595020294189453,0.0033540725708007812,466.5853725479671,445.40428995079054
*** input parameters ***
  einsum_str: Babcd,aij,bik,ckl,dlm,ejp,fop,gno,hmn->Befgh
  dim_sizes:  128,4,7,4,7,3,4,5,5,50,50,50,50,50,50,50,50
  cont_path:  (1,5),(4,5),(1,2),(1,2),(1,2),(1,2),(1,2),(0,1)
  backend:    torch
  dtype:      FP32
*** benchmarking opt_einsum expression ***
  #flops :          1564961200
  #bytes :          945008
  arith. intensity: 1656.03
  time (eval):      0.003521
  time (compile):   0.000154
  gflops (eval):    444.41
  gflops (total):   425.84
CSV_DATA: opt_einsum,torch,"Babcd,aij,bik,ckl,dlm,ejp,fop,gno,hmn->Befgh","128,4,7,4,7,3,4,5,5,50,50,50,50,50,50,50,50","(1,5),(4,5),(1,2),(1,2),(1,2),(1,2),(1,2),(0,1)",FP32,1564961200,1656.029578585578,0.00015354156494140625,0.003521442413330078,444.40914157107653,425.8416388351369
*** input parameters ***
  einsum_str: Babcd,aij,bik,ckl,dlm,ejp,fop,gno,hmn->Befgh
  dim_sizes:  128,4,7,4,7,3,4,5,5,50,50,50,50,50,50,50,50
  cont_path:  (1,5),(4,5),(1,2),(1,2),(1,2),(1,2),(1,2),(0,1)
  backend:    torch
  dtype:      FP32
*** benchmarking opt_einsum expression ***
  #flops :          1564961200
  #bytes :          945008
  arith. intensity: 1656.03
  time (eval):      0.003408
  time (compile):   0.000157
  gflops (eval):    459.21
  gflops (total):   439.00
CSV_DATA: opt_einsum,torch,"Babcd,aij,bik,ckl,dlm,ejp,fop,gno,hmn->Befgh","128,4,7,4,7,3,4,5,5,50,50,50,50,50,50,50,50","(1,5),(4,5),(1,2),(1,2),(1,2),(1,2),(1,2),(0,1)",FP32,1564961200,1656.029578585578,0.00015687942504882812,0.0034079551696777344,459.2082706733455,438.9996670013911
*** input parameters ***
  einsum_str: Babcd,aij,bik,ckl,dlm,ejp,fop,gno,hmn->Befgh
  dim_sizes:  128,4,7,4,7,3,4,5,5,50,50,50,50,50,50,50,50
  cont_path:  (1,5),(4,5),(1,2),(1,2),(1,2),(1,2),(1,2),(0,1)
  backend:    torch
  dtype:      FP32
*** benchmarking opt_einsum expression ***
  #flops :          1564961200
  #bytes :          945008
  arith. intensity: 1656.03
  time (eval):      0.003346
  time (compile):   0.000159
  gflops (eval):    467.75
  gflops (total):   446.59
CSV_DATA: opt_einsum,torch,"Babcd,aij,bik,ckl,dlm,ejp,fop,gno,hmn->Befgh","128,4,7,4,7,3,4,5,5,50,50,50,50,50,50,50,50","(1,5),(4,5),(1,2),(1,2),(1,2),(1,2),(1,2),(0,1)",FP32,1564961200,1656.029578585578,0.00015854835510253906,0.0033457279205322266,467.74909292416453,446.58613559700643
*** input parameters ***
  einsum_str: Babcd,aij,bik,ckl,dlm,ejp,fop,gno,hmn->Befgh
  dim_sizes:  128,4,7,4,7,3,4,5,5,50,50,50,50,50,50,50,50
  cont_path:  (1,5),(4,5),(1,2),(1,2),(1,2),(1,2),(1,2),(0,1)
  backend:    torch
  dtype:      FP32
*** benchmarking opt_einsum expression ***
  #flops :          1564961200
  #bytes :          945008
  arith. intensity: 1656.03
  time (eval):      0.003435
  time (compile):   0.000159
  gflops (eval):    455.61
  gflops (total):   435.42
CSV_DATA: opt_einsum,torch,"Babcd,aij,bik,ckl,dlm,ejp,fop,gno,hmn->Befgh","128,4,7,4,7,3,4,5,5,50,50,50,50,50,50,50,50","(1,5),(4,5),(1,2),(1,2),(1,2),(1,2),(1,2),(0,1)",FP32,1564961200,1656.029578585578,0.00015926361083984375,0.003434896469116211,455.60651218191157,435.41777917113103
*** input parameters ***
  einsum_str: Babcd,aij,bik,ckl,dlm,ejp,fop,gno,hmn->Befgh
  dim_sizes:  128,4,7,4,7,3,4,5,5,50,50,50,50,50,50,50,50
  cont_path:  (1,5),(4,5),(1,2),(1,2),(1,2),(1,2),(1,2),(0,1)
  backend:    torch
  dtype:      FP32
*** benchmarking opt_einsum expression ***
  #flops :          1564961200
  #bytes :          945008
  arith. intensity: 1656.03
  time (eval):      0.003375
  time (compile):   0.000162
  gflops (eval):    463.65
  gflops (total):   442.37
CSV_DATA: opt_einsum,torch,"Babcd,aij,bik,ckl,dlm,ejp,fop,gno,hmn->Befgh","128,4,7,4,7,3,4,5,5,50,50,50,50,50,50,50,50","(1,5),(4,5),(1,2),(1,2),(1,2),(1,2),(1,2),(0,1)",FP32,1564961200,1656.029578585578,0.00016236305236816406,0.0033752918243408203,463.65211704491065,442.3724909694568
*** input parameters ***
  einsum_str: Babcd,aij,bik,ckl,dlm,ejp,fop,gno,hmn->Befgh
  dim_sizes:  128,4,7,4,7,3,4,5,5,50,50,50,50,50,50,50,50
  cont_path:  (1,5),(4,5),(1,2),(1,2),(1,2),(1,2),(1,2),(0,1)
  backend:    torch
  dtype:      FP32
*** benchmarking opt_einsum expression ***
  #flops :          1564961200
  #bytes :          945008
  arith. intensity: 1656.03
  time (eval):      0.003351
  time (compile):   0.000153
  gflops (eval):    466.98
  gflops (total):   446.62
CSV_DATA: opt_einsum,torch,"Babcd,aij,bik,ckl,dlm,ejp,fop,gno,hmn->Befgh","128,4,7,4,7,3,4,5,5,50,50,50,50,50,50,50,50","(1,5),(4,5),(1,2),(1,2),(1,2),(1,2),(1,2),(0,1)",FP32,1564961200,1656.029578585578,0.00015282630920410156,0.0033512115478515625,466.98370951940814,446.61652180749815
*** input parameters ***
  einsum_str: Babcd,aij,bik,ckl,dlm,ejp,fop,gno,hmn->Befgh
  dim_sizes:  128,4,7,4,7,3,4,5,5,50,50,50,50,50,50,50,50
  cont_path:  (1,5),(4,5),(1,2),(1,2),(1,2),(1,2),(1,2),(0,1)
  backend:    torch
  dtype:      FP32
*** benchmarking opt_einsum expression ***
  #flops :          1564961200
  #bytes :          945008
  arith. intensity: 1656.03
  time (eval):      0.003399
  time (compile):   0.000155
  gflops (eval):    460.46
  gflops (total):   440.38
CSV_DATA: opt_einsum,torch,"Babcd,aij,bik,ckl,dlm,ejp,fop,gno,hmn->Befgh","128,4,7,4,7,3,4,5,5,50,50,50,50,50,50,50,50","(1,5),(4,5),(1,2),(1,2),(1,2),(1,2),(1,2),(0,1)",FP32,1564961200,1656.029578585578,0.00015497207641601562,0.0033986568450927734,460.46461038265875,440.3839665216236
*** input parameters ***
  einsum_str: Babcd,aij,bik,ckl,dlm,ejp,fop,gno,hmn->Befgh
  dim_sizes:  128,4,7,4,7,3,4,5,5,50,50,50,50,50,50,50,50
  cont_path:  (1,5),(4,5),(1,2),(1,2),(1,2),(1,2),(1,2),(0,1)
  backend:    torch
  dtype:      FP32
*** benchmarking opt_einsum expression ***
  #flops :          1564961200
  #bytes :          945008
  arith. intensity: 1656.03
  time (eval):      0.003365
  time (compile):   0.000156
  gflops (eval):    465.13
  gflops (total):   444.56
CSV_DATA: opt_einsum,torch,"Babcd,aij,bik,ckl,dlm,ejp,fop,gno,hmn->Befgh","128,4,7,4,7,3,4,5,5,50,50,50,50,50,50,50,50","(1,5),(4,5),(1,2),(1,2),(1,2),(1,2),(1,2),(0,1)",FP32,1564961200,1656.029578585578,0.0001556873321533203,0.00336456298828125,465.1305995609978,444.5596356928412
*** input parameters ***
  einsum_str: Babcd,aij,bik,ckl,dlm,ejp,fop,gno,hmn->Befgh
  dim_sizes:  128,4,7,4,7,3,4,5,5,50,50,50,50,50,50,50,50
  cont_path:  (1,5),(4,5),(1,2),(1,2),(1,2),(1,2),(1,2),(0,1)
  backend:    torch
  dtype:      FP32
*** benchmarking opt_einsum expression ***
  #flops :          1564961200
  #bytes :          945008
  arith. intensity: 1656.03
  time (eval):      0.003347
  time (compile):   0.000163
  gflops (eval):    467.52
  gflops (total):   445.83
CSV_DATA: opt_einsum,torch,"Babcd,aij,bik,ckl,dlm,ejp,fop,gno,hmn->Befgh","128,4,7,4,7,3,4,5,5,50,50,50,50,50,50,50,50","(1,5),(4,5),(1,2),(1,2),(1,2),(1,2),(1,2),(0,1)",FP32,1564961200,1656.029578585578,0.0001628398895263672,0.0033473968505859375,467.51588468695155,445.82782184370035
*** input parameters ***
  einsum_str: Babcd,aij,bik,ckl,dlm,ejp,fop,gno,hmn->Befgh
  dim_sizes:  128,4,7,4,7,3,4,5,5,50,50,50,50,50,50,50,50
  cont_path:  (1,5),(4,5),(1,2),(1,2),(1,2),(1,2),(1,2),(0,1)
  backend:    torch
  dtype:      FP32
*** benchmarking opt_einsum expression ***
  #flops :          1564961200
  #bytes :          945008
  arith. intensity: 1656.03
  time (eval):      0.003353
  time (compile):   0.000162
  gflops (eval):    466.78
  gflops (total):   445.28
CSV_DATA: opt_einsum,torch,"Babcd,aij,bik,ckl,dlm,ejp,fop,gno,hmn->Befgh","128,4,7,4,7,3,4,5,5,50,50,50,50,50,50,50,50","(1,5),(4,5),(1,2),(1,2),(1,2),(1,2),(1,2),(0,1)",FP32,1564961200,1656.029578585578,0.00016188621520996094,0.003352642059326172,466.7844560521121,445.2834286008277
*** input parameters ***
  einsum_str: Babcd,aij,bik,ckl,dlm,ejp,fop,gno,hmn->Befgh
  dim_sizes:  128,4,7,4,7,3,4,5,5,50,50,50,50,50,50,50,50
  cont_path:  (1,5),(4,5),(1,2),(1,2),(1,2),(1,2),(1,2),(0,1)
  backend:    torch
  dtype:      FP32
*** benchmarking opt_einsum expression ***
  #flops :          1564961200
  #bytes :          945008
  arith. intensity: 1656.03
  time (eval):      0.003386
  time (compile):   0.000164
  gflops (eval):    462.25
  gflops (total):   440.86
CSV_DATA: opt_einsum,torch,"Babcd,aij,bik,ckl,dlm,ejp,fop,gno,hmn->Befgh","128,4,7,4,7,3,4,5,5,50,50,50,50,50,50,50,50","(1,5),(4,5),(1,2),(1,2),(1,2),(1,2),(1,2),(0,1)",FP32,1564961200,1656.029578585578,0.00016427040100097656,0.0033855438232421875,462.2481000707606,440.8572114315804
*** input parameters ***
  einsum_str: Babcd,aij,bik,ckl,dlm,ejp,fop,gno,hmn->Befgh
  dim_sizes:  128,4,7,4,7,3,4,5,5,50,50,50,50,50,50,50,50
  cont_path:  (1,5),(4,5),(1,2),(1,2),(1,2),(1,2),(1,2),(0,1)
  backend:    torch
  dtype:      FP32
*** benchmarking opt_einsum expression ***
  #flops :          1564961200
  #bytes :          945008
  arith. intensity: 1656.03
  time (eval):      0.003530
  time (compile):   0.000156
  gflops (eval):    443.39
  gflops (total):   424.57
CSV_DATA: opt_einsum,torch,"Babcd,aij,bik,ckl,dlm,ejp,fop,gno,hmn->Befgh","128,4,7,4,7,3,4,5,5,50,50,50,50,50,50,50,50","(1,5),(4,5),(1,2),(1,2),(1,2),(1,2),(1,2),(0,1)",FP32,1564961200,1656.029578585578,0.000156402587890625,0.0035295486450195312,443.3884775064037,424.57458091880983
*** input parameters ***
  einsum_str: Babcd,aij,bik,ckl,dlm,ejp,fop,gno,hmn->Befgh
  dim_sizes:  128,4,7,4,7,3,4,5,5,50,50,50,50,50,50,50,50
  cont_path:  (1,5),(4,5),(1,2),(1,2),(1,2),(1,2),(1,2),(0,1)
  backend:    torch
  dtype:      FP32
*** benchmarking opt_einsum expression ***
  #flops :          1564961200
  #bytes :          945008
  arith. intensity: 1656.03
  time (eval):      0.003362
  time (compile):   0.000155
  gflops (eval):    465.43
  gflops (total):   444.95
CSV_DATA: opt_einsum,torch,"Babcd,aij,bik,ckl,dlm,ejp,fop,gno,hmn->Befgh","128,4,7,4,7,3,4,5,5,50,50,50,50,50,50,50,50","(1,5),(4,5),(1,2),(1,2),(1,2),(1,2),(1,2),(0,1)",FP32,1564961200,1656.029578585578,0.00015473365783691406,0.003362417221069336,465.4274282780118,444.9513978446855
*** input parameters ***
  einsum_str: Babcd,aij,bik,ckl,dlm,ejp,fop,gno,hmn->Befgh
  dim_sizes:  128,4,7,4,7,3,4,5,5,50,50,50,50,50,50,50,50
  cont_path:  (1,5),(4,5),(1,2),(1,2),(1,2),(1,2),(1,2),(0,1)
  backend:    torch
  dtype:      FP32
*** benchmarking opt_einsum expression ***
  #flops :          1564961200
  #bytes :          945008
  arith. intensity: 1656.03
  time (eval):      0.003461
  time (compile):   0.000161
  gflops (eval):    452.19
  gflops (total):   432.06
CSV_DATA: opt_einsum,torch,"Babcd,aij,bik,ckl,dlm,ejp,fop,gno,hmn->Befgh","128,4,7,4,7,3,4,5,5,50,50,50,50,50,50,50,50","(1,5),(4,5),(1,2),(1,2),(1,2),(1,2),(1,2),(0,1)",FP32,1564961200,1656.029578585578,0.00016117095947265625,0.0034608840942382812,452.18538309484705,432.0644431941022
*** input parameters ***
  einsum_str: Babcd,aij,bik,ckl,dlm,ejp,fop,gno,hmn->Befgh
  dim_sizes:  128,4,7,4,7,3,4,5,5,50,50,50,50,50,50,50,50
  cont_path:  (1,5),(4,5),(1,2),(1,2),(1,2),(1,2),(1,2),(0,1)
  backend:    torch
  dtype:      FP32
*** benchmarking opt_einsum expression ***
  #flops :          1564961200
  #bytes :          945008
  arith. intensity: 1656.03
  time (eval):      0.003379
  time (compile):   0.000165
  gflops (eval):    463.13
  gflops (total):   441.51
CSV_DATA: opt_einsum,torch,"Babcd,aij,bik,ckl,dlm,ejp,fop,gno,hmn->Befgh","128,4,7,4,7,3,4,5,5,50,50,50,50,50,50,50,50","(1,5),(4,5),(1,2),(1,2),(1,2),(1,2),(1,2),(0,1)",FP32,1564961200,1656.029578585578,0.00016546249389648438,0.0033791065216064453,463.12869688878857,441.509586399731
*** input parameters ***
  einsum_str: Babcd,aij,bik,ckl,dlm,ejp,fop,gno,hmn->Befgh
  dim_sizes:  128,4,7,4,7,3,4,5,5,50,50,50,50,50,50,50,50
  cont_path:  (1,5),(4,5),(1,2),(1,2),(1,2),(1,2),(1,2),(0,1)
  backend:    torch
  dtype:      FP32
*** benchmarking opt_einsum expression ***
  #flops :          1564961200
  #bytes :          945008
  arith. intensity: 1656.03
  time (eval):      0.003475
  time (compile):   0.000157
  gflops (eval):    450.35
  gflops (total):   430.87
CSV_DATA: opt_einsum,torch,"Babcd,aij,bik,ckl,dlm,ejp,fop,gno,hmn->Befgh","128,4,7,4,7,3,4,5,5,50,50,50,50,50,50,50,50","(1,5),(4,5),(1,2),(1,2),(1,2),(1,2),(1,2),(0,1)",FP32,1564961200,1656.029578585578,0.0001571178436279297,0.0034749507904052734,450.3549242541887,430.8732454381515
*** input parameters ***
  einsum_str: Babcd,aij,bik,ckl,dlm,ejp,fop,gno,hmn->Befgh
  dim_sizes:  128,4,7,4,7,3,4,5,5,50,50,50,50,50,50,50,50
  cont_path:  (1,5),(4,5),(1,2),(1,2),(1,2),(1,2),(1,2),(0,1)
  backend:    torch
  dtype:      FP32
*** benchmarking opt_einsum expression ***
  #flops :          1564961200
  #bytes :          945008
  arith. intensity: 1656.03
  time (eval):      0.003371
  time (compile):   0.000161
  gflops (eval):    464.28
  gflops (total):   443.09
CSV_DATA: opt_einsum,torch,"Babcd,aij,bik,ckl,dlm,ejp,fop,gno,hmn->Befgh","128,4,7,4,7,3,4,5,5,50,50,50,50,50,50,50,50","(1,5),(4,5),(1,2),(1,2),(1,2),(1,2),(1,2),(0,1)",FP32,1564961200,1656.029578585578,0.00016117095947265625,0.0033707618713378906,464.2752172163531,443.0891738223842
*** input parameters ***
  einsum_str: Babcd,aij,bik,ckl,dlm,ejp,fop,gno,hmn->Befgh
  dim_sizes:  128,4,7,4,7,3,4,5,5,50,50,50,50,50,50,50,50
  cont_path:  (1,5),(4,5),(1,2),(1,2),(1,2),(1,2),(1,2),(0,1)
  backend:    torch
  dtype:      FP32
*** benchmarking opt_einsum expression ***
  #flops :          1564961200
  #bytes :          945008
  arith. intensity: 1656.03
  time (eval):      0.003374
  time (compile):   0.000151
  gflops (eval):    463.82
  gflops (total):   443.90
CSV_DATA: opt_einsum,torch,"Babcd,aij,bik,ckl,dlm,ejp,fop,gno,hmn->Befgh","128,4,7,4,7,3,4,5,5,50,50,50,50,50,50,50,50","(1,5),(4,5),(1,2),(1,2),(1,2),(1,2),(1,2),(0,1)",FP32,1564961200,1656.029578585578,0.0001513957977294922,0.0033740997314453125,463.81592856167333,443.8982228311896
*** input parameters ***
  einsum_str: Babcd,aij,bik,ckl,dlm,ejp,fop,gno,hmn->Befgh
  dim_sizes:  128,4,7,4,7,3,4,5,5,50,50,50,50,50,50,50,50
  cont_path:  (1,5),(4,5),(1,2),(1,2),(1,2),(1,2),(1,2),(0,1)
  backend:    torch
  dtype:      FP32
*** benchmarking opt_einsum expression ***
  #flops :          1564961200
  #bytes :          945008
  arith. intensity: 1656.03
  time (eval):      0.003362
  time (compile):   0.000155
  gflops (eval):    465.49
  gflops (total):   444.98
CSV_DATA: opt_einsum,torch,"Babcd,aij,bik,ckl,dlm,ejp,fop,gno,hmn->Befgh","128,4,7,4,7,3,4,5,5,50,50,50,50,50,50,50,50","(1,5),(4,5),(1,2),(1,2),(1,2),(1,2),(1,2),(0,1)",FP32,1564961200,1656.029578585578,0.00015497207641601562,0.003361940383911133,465.49344167114396,444.98156199612237
*** input parameters ***
  einsum_str: Babcd,aij,bik,ckl,dlm,ejp,fop,gno,hmn->Befgh
  dim_sizes:  128,4,7,4,7,3,4,5,5,50,50,50,50,50,50,50,50
  cont_path:  (1,5),(4,5),(1,2),(1,2),(1,2),(1,2),(1,2),(0,1)
  backend:    torch
  dtype:      FP32
*** benchmarking opt_einsum expression ***
  #flops :          1564961200
  #bytes :          945008
  arith. intensity: 1656.03
  time (eval):      0.003371
  time (compile):   0.000157
  gflops (eval):    464.18
  gflops (total):   443.51
CSV_DATA: opt_einsum,torch,"Babcd,aij,bik,ckl,dlm,ejp,fop,gno,hmn->Befgh","128,4,7,4,7,3,4,5,5,50,50,50,50,50,50,50,50","(1,5),(4,5),(1,2),(1,2),(1,2),(1,2),(1,2),(0,1)",FP32,1564961200,1656.029578585578,0.0001571178436279297,0.0033714771270751953,464.17672166075954,443.5083122300541
*** input parameters ***
  einsum_str: Babcd,aij,bik,ckl,dlm,ejp,fop,gno,hmn->Befgh
  dim_sizes:  128,4,7,4,7,3,4,5,5,50,50,50,50,50,50,50,50
  cont_path:  (1,5),(4,5),(1,2),(1,2),(1,2),(1,2),(1,2),(0,1)
  backend:    torch
  dtype:      FP32
*** benchmarking opt_einsum expression ***
  #flops :          1564961200
  #bytes :          945008
  arith. intensity: 1656.03
  time (eval):      0.003409
  time (compile):   0.000152
  gflops (eval):    459.05
  gflops (total):   439.47
CSV_DATA: opt_einsum,torch,"Babcd,aij,bik,ckl,dlm,ejp,fop,gno,hmn->Befgh","128,4,7,4,7,3,4,5,5,50,50,50,50,50,50,50,50","(1,5),(4,5),(1,2),(1,2),(1,2),(1,2),(1,2),(0,1)",FP32,1564961200,1656.029578585578,0.0001518726348876953,0.003409147262573242,459.0476971120218,439.4699398101768
*** input parameters ***
  einsum_str: Babcd,aij,bik,ckl,dlm,ejp,fop,gno,hmn->Befgh
  dim_sizes:  128,4,7,4,7,3,4,5,5,50,50,50,50,50,50,50,50
  cont_path:  (1,5),(4,5),(1,2),(1,2),(1,2),(1,2),(1,2),(0,1)
  backend:    torch
  dtype:      FP32
*** benchmarking opt_einsum expression ***
  #flops :          1564961200
  #bytes :          945008
  arith. intensity: 1656.03
  time (eval):      0.003367
  time (compile):   0.000158
  gflops (eval):    464.83
  gflops (total):   444.05
CSV_DATA: opt_einsum,torch,"Babcd,aij,bik,ckl,dlm,ejp,fop,gno,hmn->Befgh","128,4,7,4,7,3,4,5,5,50,50,50,50,50,50,50,50","(1,5),(4,5),(1,2),(1,2),(1,2),(1,2),(1,2),(0,1)",FP32,1564961200,1656.029578585578,0.0001575946807861328,0.003366708755493164,464.8341492107358,444.04837105972126
*** input parameters ***
  einsum_str: Babcd,aij,bik,ckl,dlm,ejp,fop,gno,hmn->Befgh
  dim_sizes:  128,4,7,4,7,3,4,5,5,50,50,50,50,50,50,50,50
  cont_path:  (1,5),(4,5),(1,2),(1,2),(1,2),(1,2),(1,2),(0,1)
  backend:    torch
  dtype:      FP32
*** benchmarking opt_einsum expression ***
  #flops :          1564961200
  #bytes :          945008
  arith. intensity: 1656.03
  time (eval):      0.003396
  time (compile):   0.000158
  gflops (eval):    460.88
  gflops (total):   440.38
CSV_DATA: opt_einsum,torch,"Babcd,aij,bik,ckl,dlm,ejp,fop,gno,hmn->Befgh","128,4,7,4,7,3,4,5,5,50,50,50,50,50,50,50,50","(1,5),(4,5),(1,2),(1,2),(1,2),(1,2),(1,2),(0,1)",FP32,1564961200,1656.029578585578,0.00015807151794433594,0.003395557403564453,460.88491932346585,440.3839665216236
*** input parameters ***
  einsum_str: Babcd,aij,bik,ckl,dlm,ejp,fop,gno,hmn->Befgh
  dim_sizes:  128,4,7,4,7,3,4,5,5,50,50,50,50,50,50,50,50
  cont_path:  (1,5),(4,5),(1,2),(1,2),(1,2),(1,2),(1,2),(0,1)
  backend:    torch
  dtype:      FP32
*** benchmarking opt_einsum expression ***
  #flops :          1564961200
  #bytes :          945008
  arith. intensity: 1656.03
  time (eval):      0.003372
  time (compile):   0.000209
  gflops (eval):    464.14
  gflops (total):   437.04
CSV_DATA: opt_einsum,torch,"Babcd,aij,bik,ckl,dlm,ejp,fop,gno,hmn->Befgh","128,4,7,4,7,3,4,5,5,50,50,50,50,50,50,50,50","(1,5),(4,5),(1,2),(1,2),(1,2),(1,2),(1,2),(0,1)",FP32,1564961200,1656.029578585578,0.0002090930938720703,0.003371715545654297,464.1438990952341,437.04128244255946
*** input parameters ***
  einsum_str: Babcd,aij,bik,ckl,dlm,ejp,fop,gno,hmn->Befgh
  dim_sizes:  128,4,7,4,7,3,4,5,5,50,50,50,50,50,50,50,50
  cont_path:  (1,5),(4,5),(1,2),(1,2),(1,2),(1,2),(1,2),(0,1)
  backend:    torch
  dtype:      FP32
*** benchmarking opt_einsum expression ***
  #flops :          1564961200
  #bytes :          945008
  arith. intensity: 1656.03
  time (eval):      0.003381
  time (compile):   0.000152
  gflops (eval):    462.90
  gflops (total):   442.97
CSV_DATA: opt_einsum,torch,"Babcd,aij,bik,ckl,dlm,ejp,fop,gno,hmn->Befgh","128,4,7,4,7,3,4,5,5,50,50,50,50,50,50,50,50","(1,5),(4,5),(1,2),(1,2),(1,2),(1,2),(1,2),(0,1)",FP32,1564961200,1656.029578585578,0.00015211105346679688,0.0033807754516601562,462.9000720031594,442.96956546124983
*** input parameters ***
  einsum_str: Babcd,aij,bik,ckl,dlm,ejp,fop,gno,hmn->Befgh
  dim_sizes:  128,4,7,4,7,3,4,5,5,50,50,50,50,50,50,50,50
  cont_path:  (1,5),(4,5),(1,2),(1,2),(1,2),(1,2),(1,2),(0,1)
  backend:    torch
  dtype:      FP32
*** benchmarking opt_einsum expression ***
  #flops :          1564961200
  #bytes :          945008
  arith. intensity: 1656.03
  time (eval):      0.003447
  time (compile):   0.000157
  gflops (eval):    453.97
  gflops (total):   434.18
CSV_DATA: opt_einsum,torch,"Babcd,aij,bik,ckl,dlm,ejp,fop,gno,hmn->Befgh","128,4,7,4,7,3,4,5,5,50,50,50,50,50,50,50,50","(1,5),(4,5),(1,2),(1,2),(1,2),(1,2),(1,2),(0,1)",FP32,1564961200,1656.029578585578,0.0001571178436279297,0.003447294235229492,453.9679798744588,434.1793240511179
*** input parameters ***
  einsum_str: Babcd,aij,bik,ckl,dlm,ejp,fop,gno,hmn->Befgh
  dim_sizes:  128,4,7,4,7,3,4,5,5,50,50,50,50,50,50,50,50
  cont_path:  (1,5),(4,5),(1,2),(1,2),(1,2),(1,2),(1,2),(0,1)
  backend:    torch
  dtype:      FP32
*** benchmarking opt_einsum expression ***
  #flops :          1564961200
  #bytes :          945008
  arith. intensity: 1656.03
  time (eval):      0.003399
  time (compile):   0.000155
  gflops (eval):    460.37
  gflops (total):   440.32
CSV_DATA: opt_einsum,torch,"Babcd,aij,bik,ckl,dlm,ejp,fop,gno,hmn->Befgh","128,4,7,4,7,3,4,5,5,50,50,50,50,50,50,50,50","(1,5),(4,5),(1,2),(1,2),(1,2),(1,2),(1,2),(0,1)",FP32,1564961200,1656.029578585578,0.00015473365783691406,0.003399372100830078,460.36772485655774,440.3248823374791
*** input parameters ***
  einsum_str: Babcd,aij,bik,ckl,dlm,ejp,fop,gno,hmn->Befgh
  dim_sizes:  128,4,7,4,7,3,4,5,5,50,50,50,50,50,50,50,50
  cont_path:  (1,5),(4,5),(1,2),(1,2),(1,2),(1,2),(1,2),(0,1)
  backend:    torch
  dtype:      FP32
*** benchmarking opt_einsum expression ***
  #flops :          1564961200
  #bytes :          945008
  arith. intensity: 1656.03
  time (eval):      0.003403
  time (compile):   0.000154
  gflops (eval):    459.85
  gflops (total):   439.88
CSV_DATA: opt_einsum,torch,"Babcd,aij,bik,ckl,dlm,ejp,fop,gno,hmn->Befgh","128,4,7,4,7,3,4,5,5,50,50,50,50,50,50,50,50","(1,5),(4,5),(1,2),(1,2),(1,2),(1,2),(1,2),(0,1)",FP32,1564961200,1656.029578585578,0.0001544952392578125,0.003403186798095703,459.85168985601797,439.8822557971318
*** input parameters ***
  einsum_str: Babcd,aij,bik,ckl,dlm,ejp,fop,gno,hmn->Befgh
  dim_sizes:  128,4,7,4,7,3,4,5,5,50,50,50,50,50,50,50,50
  cont_path:  (1,5),(4,5),(1,2),(1,2),(1,2),(1,2),(1,2),(0,1)
  backend:    torch
  dtype:      FP32
*** benchmarking opt_einsum expression ***
  #flops :          1564961200
  #bytes :          945008
  arith. intensity: 1656.03
  time (eval):      0.003394
  time (compile):   0.000157
  gflops (eval):    461.11
  gflops (total):   440.68
CSV_DATA: opt_einsum,torch,"Babcd,aij,bik,ckl,dlm,ejp,fop,gno,hmn->Befgh","128,4,7,4,7,3,4,5,5,50,50,50,50,50,50,50,50","(1,5),(4,5),(1,2),(1,2),(1,2),(1,2),(1,2),(0,1)",FP32,1564961200,1656.029578585578,0.00015735626220703125,0.003393888473510742,461.11155749945914,440.6796254451024
*** input parameters ***
  einsum_str: Babcd,aij,bik,ckl,dlm,ejp,fop,gno,hmn->Befgh
  dim_sizes:  128,4,7,4,7,3,4,5,5,50,50,50,50,50,50,50,50
  cont_path:  (1,5),(4,5),(1,2),(1,2),(1,2),(1,2),(1,2),(0,1)
  backend:    torch
  dtype:      FP32
*** benchmarking opt_einsum expression ***
  #flops :          1564961200
  #bytes :          945008
  arith. intensity: 1656.03
  time (eval):      0.003368
  time (compile):   0.000157
  gflops (eval):    464.60
  gflops (total):   443.93
CSV_DATA: opt_einsum,torch,"Babcd,aij,bik,ckl,dlm,ejp,fop,gno,hmn->Befgh","128,4,7,4,7,3,4,5,5,50,50,50,50,50,50,50,50","(1,5),(4,5),(1,2),(1,2),(1,2),(1,2),(1,2),(0,1)",FP32,1564961200,1656.029578585578,0.00015687942504882812,0.003368377685546875,464.6038378400906,443.9282443530908
*** input parameters ***
  einsum_str: Babcd,aij,bik,ckl,dlm,ejp,fop,gno,hmn->Befgh
  dim_sizes:  128,4,7,4,7,3,4,5,5,50,50,50,50,50,50,50,50
  cont_path:  (1,5),(4,5),(1,2),(1,2),(1,2),(1,2),(1,2),(0,1)
  backend:    torch
  dtype:      FP32
*** benchmarking opt_einsum expression ***
  #flops :          1564961200
  #bytes :          945008
  arith. intensity: 1656.03
  time (eval):      0.003381
  time (compile):   0.000157
  gflops (eval):    462.93
  gflops (total):   442.40
CSV_DATA: opt_einsum,torch,"Babcd,aij,bik,ckl,dlm,ejp,fop,gno,hmn->Befgh","128,4,7,4,7,3,4,5,5,50,50,50,50,50,50,50,50","(1,5),(4,5),(1,2),(1,2),(1,2),(1,2),(1,2),(0,1)",FP32,1564961200,1656.029578585578,0.00015687942504882812,0.0033805370330810547,462.9327188803724,442.4023064638944
*** input parameters ***
  einsum_str: Babcd,aij,bik,ckl,dlm,ejp,fop,gno,hmn->Befgh
  dim_sizes:  128,4,7,4,7,3,4,5,5,50,50,50,50,50,50,50,50
  cont_path:  (1,5),(4,5),(1,2),(1,2),(1,2),(1,2),(1,2),(0,1)
  backend:    torch
  dtype:      FP32
*** benchmarking opt_einsum expression ***
  #flops :          1564961200
  #bytes :          945008
  arith. intensity: 1656.03
  time (eval):      0.003352
  time (compile):   0.000159
  gflops (eval):    466.92
  gflops (total):   445.83
CSV_DATA: opt_einsum,torch,"Babcd,aij,bik,ckl,dlm,ejp,fop,gno,hmn->Befgh","128,4,7,4,7,3,4,5,5,50,50,50,50,50,50,50,50","(1,5),(4,5),(1,2),(1,2),(1,2),(1,2),(1,2),(0,1)",FP32,1564961200,1656.029578585578,0.00015854835510253906,0.0033516883850097656,466.91727279874806,445.82782184370035
*** input parameters ***
  einsum_str: Babcd,aij,bik,ckl,dlm,ejp,fop,gno,hmn->Befgh
  dim_sizes:  128,4,7,4,7,3,4,5,5,50,50,50,50,50,50,50,50
  cont_path:  (1,5),(4,5),(1,2),(1,2),(1,2),(1,2),(1,2),(0,1)
  backend:    torch
  dtype:      FP32
*** benchmarking opt_einsum expression ***
  #flops :          1564961200
  #bytes :          945008
  arith. intensity: 1656.03
  time (eval):      0.003399
  time (compile):   0.000155
  gflops (eval):    460.43
  gflops (total):   440.32
CSV_DATA: opt_einsum,torch,"Babcd,aij,bik,ckl,dlm,ejp,fop,gno,hmn->Befgh","128,4,7,4,7,3,4,5,5,50,50,50,50,50,50,50,50","(1,5),(4,5),(1,2),(1,2),(1,2),(1,2),(1,2),(0,1)",FP32,1564961200,1656.029578585578,0.0001552104949951172,0.003398895263671875,460.43231067654324,440.3248823374791
*** input parameters ***
  einsum_str: Babcd,aij,bik,ckl,dlm,ejp,fop,gno,hmn->Befgh
  dim_sizes:  128,4,7,4,7,3,4,5,5,50,50,50,50,50,50,50,50
  cont_path:  (1,5),(4,5),(1,2),(1,2),(1,2),(1,2),(1,2),(0,1)
  backend:    torch
  dtype:      FP32
*** benchmarking opt_einsum expression ***
  #flops :          1564961200
  #bytes :          945008
  arith. intensity: 1656.03
  time (eval):      0.003365
  time (compile):   0.000156
  gflops (eval):    465.10
  gflops (total):   444.47
CSV_DATA: opt_einsum,torch,"Babcd,aij,bik,ckl,dlm,ejp,fop,gno,hmn->Befgh","128,4,7,4,7,3,4,5,5,50,50,50,50,50,50,50,50","(1,5),(4,5),(1,2),(1,2),(1,2),(1,2),(1,2),(0,1)",FP32,1564961200,1656.029578585578,0.00015616416931152344,0.0033648014068603516,465.0976419616524,444.4693269911159
*** input parameters ***
  einsum_str: Babcd,aij,bik,ckl,dlm,ejp,fop,gno,hmn->Befgh
  dim_sizes:  128,4,7,4,7,3,4,5,5,50,50,50,50,50,50,50,50
  cont_path:  (1,5),(4,5),(1,2),(1,2),(1,2),(1,2),(1,2),(0,1)
  backend:    torch
  dtype:      FP32
*** benchmarking opt_einsum expression ***
  #flops :          1564961200
  #bytes :          945008
  arith. intensity: 1656.03
  time (eval):      0.003378
  time (compile):   0.000157
  gflops (eval):    463.32
  gflops (total):   442.73
CSV_DATA: opt_einsum,torch,"Babcd,aij,bik,ckl,dlm,ejp,fop,gno,hmn->Befgh","128,4,7,4,7,3,4,5,5,50,50,50,50,50,50,50,50","(1,5),(4,5),(1,2),(1,2),(1,2),(1,2),(1,2),(0,1)",FP32,1564961200,1656.029578585578,0.0001571178436279297,0.003377676010131836,463.3248408982,442.7305423583435
*** input parameters ***
  einsum_str: Babcd,aij,bik,ckl,dlm,ejp,fop,gno,hmn->Befgh
  dim_sizes:  128,4,7,4,7,3,4,5,5,50,50,50,50,50,50,50,50
  cont_path:  (1,5),(4,5),(1,2),(1,2),(1,2),(1,2),(1,2),(0,1)
  backend:    torch
  dtype:      FP32
*** benchmarking opt_einsum expression ***
  #flops :          1564961200
  #bytes :          945008
  arith. intensity: 1656.03
  time (eval):      0.003377
  time (compile):   0.000154
  gflops (eval):    463.36
  gflops (total):   443.21
CSV_DATA: opt_einsum,torch,"Babcd,aij,bik,ckl,dlm,ejp,fop,gno,hmn->Befgh","128,4,7,4,7,3,4,5,5,50,50,50,50,50,50,50,50","(1,5),(4,5),(1,2),(1,2),(1,2),(1,2),(1,2),(0,1)",FP32,1564961200,1656.029578585578,0.00015354156494140625,0.0033774375915527344,463.3575477202316,443.20884679303174
*** input parameters ***
  einsum_str: Babcd,aij,bik,ckl,dlm,ejp,fop,gno,hmn->Befgh
  dim_sizes:  128,4,7,4,7,3,4,5,5,50,50,50,50,50,50,50,50
  cont_path:  (1,5),(4,5),(1,2),(1,2),(1,2),(1,2),(1,2),(0,1)
  backend:    torch
  dtype:      FP32
*** benchmarking opt_einsum expression ***
  #flops :          1564961200
  #bytes :          945008
  arith. intensity: 1656.03
  time (eval):      0.003423
  time (compile):   0.000160
  gflops (eval):    457.23
  gflops (total):   436.78
CSV_DATA: opt_einsum,torch,"Babcd,aij,bik,ckl,dlm,ejp,fop,gno,hmn->Befgh","128,4,7,4,7,3,4,5,5,50,50,50,50,50,50,50,50","(1,5),(4,5),(1,2),(1,2),(1,2),(1,2),(1,2),(0,1)",FP32,1564961200,1656.029578585578,0.00016021728515625,0.0034227371215820312,457.2250641546949,436.779546247325
*** input parameters ***
  einsum_str: Babcd,aij,bik,ckl,dlm,ejp,fop,gno,hmn->Befgh
  dim_sizes:  128,4,7,4,7,3,4,5,5,50,50,50,50,50,50,50,50
  cont_path:  (1,5),(4,5),(1,2),(1,2),(1,2),(1,2),(1,2),(0,1)
  backend:    torch
  dtype:      FP32
*** benchmarking opt_einsum expression ***
  #flops :          1564961200
  #bytes :          945008
  arith. intensity: 1656.03
  time (eval):      0.003388
  time (compile):   0.000158
  gflops (eval):    461.86
  gflops (total):   441.24
CSV_DATA: opt_einsum,torch,"Babcd,aij,bik,ckl,dlm,ejp,fop,gno,hmn->Befgh","128,4,7,4,7,3,4,5,5,50,50,50,50,50,50,50,50","(1,5),(4,5),(1,2),(1,2),(1,2),(1,2),(1,2),(0,1)",FP32,1564961200,1656.029578585578,0.0001583099365234375,0.0033884048461914062,461.8577977065016,441.24247250637274
*** input parameters ***
  einsum_str: Babcd,aij,bik,ckl,dlm,ejp,fop,gno,hmn->Befgh
  dim_sizes:  128,4,7,4,7,3,4,5,5,50,50,50,50,50,50,50,50
  cont_path:  (1,5),(4,5),(1,2),(1,2),(1,2),(1,2),(1,2),(0,1)
  backend:    torch
  dtype:      FP32
*** benchmarking opt_einsum expression ***
  #flops :          1564961200
  #bytes :          945008
  arith. intensity: 1656.03
  time (eval):      0.003372
  time (compile):   0.000156
  gflops (eval):    464.05
  gflops (total):   443.54
CSV_DATA: opt_einsum,torch,"Babcd,aij,bik,ckl,dlm,ejp,fop,gno,hmn->Befgh","128,4,7,4,7,3,4,5,5,50,50,50,50,50,50,50,50","(1,5),(4,5),(1,2),(1,2),(1,2),(1,2),(1,2),(0,1)",FP32,1564961200,1656.029578585578,0.00015592575073242188,0.0033724308013916016,464.04545924388833,443.53828103282655
*** input parameters ***
  einsum_str: Babcd,aij,bik,ckl,dlm,ejp,fop,gno,hmn->Befgh
  dim_sizes:  128,4,7,4,7,3,4,5,5,50,50,50,50,50,50,50,50
  cont_path:  (1,5),(4,5),(1,2),(1,2),(1,2),(1,2),(1,2),(0,1)
  backend:    torch
  dtype:      FP32
*** benchmarking opt_einsum expression ***
  #flops :          1564961200
  #bytes :          945008
  arith. intensity: 1656.03
  time (eval):      0.003369
  time (compile):   0.000156
  gflops (eval):    464.47
  gflops (total):   443.87
CSV_DATA: opt_einsum,torch,"Babcd,aij,bik,ckl,dlm,ejp,fop,gno,hmn->Befgh","128,4,7,4,7,3,4,5,5,50,50,50,50,50,50,50,50","(1,5),(4,5),(1,2),(1,2),(1,2),(1,2),(1,2),(0,1)",FP32,1564961200,1656.029578585578,0.000156402587890625,0.0033693313598632812,464.4723337818285,443.86820536954286
*** input parameters ***
  einsum_str: Babcd,aij,bik,ckl,dlm,ejp,fop,gno,hmn->Befgh
  dim_sizes:  128,4,7,4,7,3,4,5,5,50,50,50,50,50,50,50,50
  cont_path:  (1,5),(4,5),(1,2),(1,2),(1,2),(1,2),(1,2),(0,1)
  backend:    torch
  dtype:      FP32
*** benchmarking opt_einsum expression ***
  #flops :          1564961200
  #bytes :          945008
  arith. intensity: 1656.03
  time (eval):      0.003376
  time (compile):   0.000156
  gflops (eval):    463.62
  gflops (total):   443.18
CSV_DATA: opt_einsum,torch,"Babcd,aij,bik,ckl,dlm,ejp,fop,gno,hmn->Befgh","128,4,7,4,7,3,4,5,5,50,50,50,50,50,50,50,50","(1,5),(4,5),(1,2),(1,2),(1,2),(1,2),(1,2),(0,1)",FP32,1564961200,1656.029578585578,0.0001556873321533203,0.003375530242919922,463.61936862585117,443.1789224903653
*** input parameters ***
  einsum_str: Babcd,aij,bik,ckl,dlm,ejp,fop,gno,hmn->Befgh
  dim_sizes:  128,4,7,4,7,3,4,5,5,50,50,50,50,50,50,50,50
  cont_path:  (1,5),(4,5),(1,2),(1,2),(1,2),(1,2),(1,2),(0,1)
  backend:    torch
  dtype:      FP32
*** benchmarking opt_einsum expression ***
  #flops :          1564961200
  #bytes :          945008
  arith. intensity: 1656.03
  time (eval):      0.003392
  time (compile):   0.000159
  gflops (eval):    461.37
  gflops (total):   440.68
CSV_DATA: opt_einsum,torch,"Babcd,aij,bik,ckl,dlm,ejp,fop,gno,hmn->Befgh","128,4,7,4,7,3,4,5,5,50,50,50,50,50,50,50,50","(1,5),(4,5),(1,2),(1,2),(1,2),(1,2),(1,2),(0,1)",FP32,1564961200,1656.029578585578,0.00015926361083984375,0.0033919811248779297,461.37084564594085,440.6796254451024
*** input parameters ***
  einsum_str: Babcd,aij,bik,ckl,dlm,ejp,fop,gno,hmn->Befgh
  dim_sizes:  128,4,7,4,7,3,4,5,5,50,50,50,50,50,50,50,50
  cont_path:  (1,5),(4,5),(1,2),(1,2),(1,2),(1,2),(1,2),(0,1)
  backend:    torch
  dtype:      FP32
*** benchmarking opt_einsum expression ***
  #flops :          1564961200
  #bytes :          945008
  arith. intensity: 1656.03
  time (eval):      0.003380
  time (compile):   0.000155
  gflops (eval):    462.97
  gflops (total):   442.64
CSV_DATA: opt_einsum,torch,"Babcd,aij,bik,ckl,dlm,ejp,fop,gno,hmn->Befgh","128,4,7,4,7,3,4,5,5,50,50,50,50,50,50,50,50","(1,5),(4,5),(1,2),(1,2),(1,2),(1,2),(1,2),(0,1)",FP32,1564961200,1656.029578585578,0.0001552104949951172,0.003380298614501953,462.9653703628721,442.6409751840853
*** input parameters ***
  einsum_str: Babcd,aij,bik,ckl,dlm,ejp,fop,gno,hmn->Befgh
  dim_sizes:  128,4,7,4,7,3,4,5,5,50,50,50,50,50,50,50,50
  cont_path:  (1,5),(4,5),(1,2),(1,2),(1,2),(1,2),(1,2),(0,1)
  backend:    torch
  dtype:      FP32
*** benchmarking opt_einsum expression ***
  #flops :          1564961200
  #bytes :          945008
  arith. intensity: 1656.03
  time (eval):      0.003351
  time (compile):   0.000154
  gflops (eval):    466.95
  gflops (total):   446.50
CSV_DATA: opt_einsum,torch,"Babcd,aij,bik,ckl,dlm,ejp,fop,gno,hmn->Befgh","128,4,7,4,7,3,4,5,5,50,50,50,50,50,50,50,50","(1,5),(4,5),(1,2),(1,2),(1,2),(1,2),(1,2),(0,1)",FP32,1564961200,1656.029578585578,0.00015354156494140625,0.003351449966430664,466.9504887959593,446.4950017689137
*** input parameters ***
  einsum_str: Babcd,aij,bik,ckl,dlm,ejp,fop,gno,hmn->Befgh
  dim_sizes:  128,4,7,4,7,3,4,5,5,50,50,50,50,50,50,50,50
  cont_path:  (1,5),(4,5),(1,2),(1,2),(1,2),(1,2),(1,2),(0,1)
  backend:    torch
  dtype:      FP32
*** benchmarking opt_einsum expression ***
  #flops :          1564961200
  #bytes :          945008
  arith. intensity: 1656.03
  time (eval):      0.003365
  time (compile):   0.000158
  gflops (eval):    465.13
  gflops (total):   444.32
CSV_DATA: opt_einsum,torch,"Babcd,aij,bik,ckl,dlm,ejp,fop,gno,hmn->Befgh","128,4,7,4,7,3,4,5,5,50,50,50,50,50,50,50,50","(1,5),(4,5),(1,2),(1,2),(1,2),(1,2),(1,2),(0,1)",FP32,1564961200,1656.029578585578,0.0001575946807861328,0.00336456298828125,465.1305995609978,444.31889399612805
*** input parameters ***
  einsum_str: Babcd,aij,bik,ckl,dlm,ejp,fop,gno,hmn->Befgh
  dim_sizes:  128,4,7,4,7,3,4,5,5,50,50,50,50,50,50,50,50
  cont_path:  (1,5),(4,5),(1,2),(1,2),(1,2),(1,2),(1,2),(0,1)
  backend:    torch
  dtype:      FP32
*** benchmarking opt_einsum expression ***
  #flops :          1564961200
  #bytes :          945008
  arith. intensity: 1656.03
  time (eval):      0.003405
  time (compile):   0.000154
  gflops (eval):    459.66
  gflops (total):   439.71
CSV_DATA: opt_einsum,torch,"Babcd,aij,bik,ckl,dlm,ejp,fop,gno,hmn->Befgh","128,4,7,4,7,3,4,5,5,50,50,50,50,50,50,50,50","(1,5),(4,5),(1,2),(1,2),(1,2),(1,2),(1,2),(0,1)",FP32,1564961200,1656.029578585578,0.0001544952392578125,0.0034046173095703125,459.65847486028014,439.7054542473741
*** input parameters ***
  einsum_str: Babcd,aij,bik,ckl,dlm,ejp,fop,gno,hmn->Befgh
  dim_sizes:  128,4,7,4,7,3,4,5,5,50,50,50,50,50,50,50,50
  cont_path:  (1,5),(4,5),(1,2),(1,2),(1,2),(1,2),(1,2),(0,1)
  backend:    torch
  dtype:      FP32
*** benchmarking opt_einsum expression ***
  #flops :          1564961200
  #bytes :          945008
  arith. intensity: 1656.03
  time (eval):      0.003373
  time (compile):   0.000158
  gflops (eval):    463.95
  gflops (total):   443.21
CSV_DATA: opt_einsum,torch,"Babcd,aij,bik,ckl,dlm,ejp,fop,gno,hmn->Befgh","128,4,7,4,7,3,4,5,5,50,50,50,50,50,50,50,50","(1,5),(4,5),(1,2),(1,2),(1,2),(1,2),(1,2),(0,1)",FP32,1564961200,1656.029578585578,0.00015783309936523438,0.0033731460571289062,463.9470611397229,443.20884679303174
*** input parameters ***
  einsum_str: Babcd,aij,bik,ckl,dlm,ejp,fop,gno,hmn->Befgh
  dim_sizes:  128,4,7,4,7,3,4,5,5,50,50,50,50,50,50,50,50
  cont_path:  (1,5),(4,5),(1,2),(1,2),(1,2),(1,2),(1,2),(0,1)
  backend:    torch
  dtype:      FP32
*** benchmarking opt_einsum expression ***
  #flops :          1564961200
  #bytes :          945008
  arith. intensity: 1656.03
  time (eval):      0.003380
  time (compile):   0.000158
  gflops (eval):    463.06
  gflops (total):   442.40
CSV_DATA: opt_einsum,torch,"Babcd,aij,bik,ckl,dlm,ejp,fop,gno,hmn->Befgh","128,4,7,4,7,3,4,5,5,50,50,50,50,50,50,50,50","(1,5),(4,5),(1,2),(1,2),(1,2),(1,2),(1,2),(0,1)",FP32,1564961200,1656.029578585578,0.00015783309936523438,0.0033795833587646484,463.0633524518378,442.4023064638944
*** input parameters ***
  einsum_str: Babcd,aij,bik,ckl,dlm,ejp,fop,gno,hmn->Befgh
  dim_sizes:  128,4,7,4,7,3,4,5,5,50,50,50,50,50,50,50,50
  cont_path:  (1,5),(4,5),(1,2),(1,2),(1,2),(1,2),(1,2),(0,1)
  backend:    torch
  dtype:      FP32
*** benchmarking opt_einsum expression ***
  #flops :          1564961200
  #bytes :          945008
  arith. intensity: 1656.03
  time (eval):      0.003345
  time (compile):   0.000156
  gflops (eval):    467.88
  gflops (total):   447.01
CSV_DATA: opt_einsum,torch,"Babcd,aij,bik,ckl,dlm,ejp,fop,gno,hmn->Befgh","128,4,7,4,7,3,4,5,5,50,50,50,50,50,50,50,50","(1,5),(4,5),(1,2),(1,2),(1,2),(1,2),(1,2),(0,1)",FP32,1564961200,1656.029578585578,0.00015616416931152344,0.0033447742462158203,467.8824592632975,447.0119191640425
*** input parameters ***
  einsum_str: Babcd,aij,bik,ckl,dlm,ejp,fop,gno,hmn->Befgh
  dim_sizes:  128,4,7,4,7,3,4,5,5,50,50,50,50,50,50,50,50
  cont_path:  (1,5),(4,5),(1,2),(1,2),(1,2),(1,2),(1,2),(0,1)
  backend:    torch
  dtype:      FP32
*** benchmarking opt_einsum expression ***
  #flops :          1564961200
  #bytes :          945008
  arith. intensity: 1656.03
  time (eval):      0.003396
  time (compile):   0.000158
  gflops (eval):    460.88
  gflops (total):   440.38
CSV_DATA: opt_einsum,torch,"Babcd,aij,bik,ckl,dlm,ejp,fop,gno,hmn->Befgh","128,4,7,4,7,3,4,5,5,50,50,50,50,50,50,50,50","(1,5),(4,5),(1,2),(1,2),(1,2),(1,2),(1,2),(0,1)",FP32,1564961200,1656.029578585578,0.00015807151794433594,0.003395557403564453,460.88491932346585,440.3839665216236
*** input parameters ***
  einsum_str: Babcd,aij,bik,ckl,dlm,ejp,fop,gno,hmn->Befgh
  dim_sizes:  128,4,7,4,7,3,4,5,5,50,50,50,50,50,50,50,50
  cont_path:  (1,5),(4,5),(1,2),(1,2),(1,2),(1,2),(1,2),(0,1)
  backend:    torch
  dtype:      FP32
*** benchmarking opt_einsum expression ***
  #flops :          1564961200
  #bytes :          945008
  arith. intensity: 1656.03
  time (eval):      0.003395
  time (compile):   0.000157
  gflops (eval):    460.92
  gflops (total):   440.59
CSV_DATA: opt_einsum,torch,"Babcd,aij,bik,ckl,dlm,ejp,fop,gno,hmn->Befgh","128,4,7,4,7,3,4,5,5,50,50,50,50,50,50,50,50","(1,5),(4,5),(1,2),(1,2),(1,2),(1,2),(1,2),(0,1)",FP32,1564961200,1656.029578585578,0.00015664100646972656,0.0033953189849853516,460.91728256476375,440.59088609241513
*** input parameters ***
  einsum_str: Babcd,aij,bik,ckl,dlm,ejp,fop,gno,hmn->Befgh
  dim_sizes:  128,4,7,4,7,3,4,5,5,50,50,50,50,50,50,50,50
  cont_path:  (1,5),(4,5),(1,2),(1,2),(1,2),(1,2),(1,2),(0,1)
  backend:    torch
  dtype:      FP32
*** benchmarking opt_einsum expression ***
  #flops :          1564961200
  #bytes :          945008
  arith. intensity: 1656.03
  time (eval):      0.003377
  time (compile):   0.000159
  gflops (eval):    463.42
  gflops (total):   442.58
CSV_DATA: opt_einsum,torch,"Babcd,aij,bik,ckl,dlm,ejp,fop,gno,hmn->Befgh","128,4,7,4,7,3,4,5,5,50,50,50,50,50,50,50,50","(1,5),(4,5),(1,2),(1,2),(1,2),(1,2),(1,2),(0,1)",FP32,1564961200,1656.029578585578,0.0001590251922607422,0.0033769607543945312,463.42297521920364,442.5812838652013
*** input parameters ***
  einsum_str: Babcd,aij,bik,ckl,dlm,ejp,fop,gno,hmn->Befgh
  dim_sizes:  128,4,7,4,7,3,4,5,5,50,50,50,50,50,50,50,50
  cont_path:  (1,5),(4,5),(1,2),(1,2),(1,2),(1,2),(1,2),(0,1)
  backend:    torch
  dtype:      FP32
*** benchmarking opt_einsum expression ***
  #flops :          1564961200
  #bytes :          945008
  arith. intensity: 1656.03
  time (eval):      0.003407
  time (compile):   0.000156
  gflops (eval):    459.30
  gflops (total):   439.23
CSV_DATA: opt_einsum,torch,"Babcd,aij,bik,ckl,dlm,ejp,fop,gno,hmn->Befgh","128,4,7,4,7,3,4,5,5,50,50,50,50,50,50,50,50","(1,5),(4,5),(1,2),(1,2),(1,2),(1,2),(1,2),(0,1)",FP32,1564961200,1656.029578585578,0.0001556873321533203,0.0034072399139404297,459.30466874290113,439.2346775297645
*** input parameters ***
  einsum_str: Babcd,aij,bik,ckl,dlm,ejp,fop,gno,hmn->Befgh
  dim_sizes:  128,4,7,4,7,3,4,5,5,50,50,50,50,50,50,50,50
  cont_path:  (1,5),(4,5),(1,2),(1,2),(1,2),(1,2),(1,2),(0,1)
  backend:    torch
  dtype:      FP32
*** benchmarking opt_einsum expression ***
  #flops :          1564961200
  #bytes :          945008
  arith. intensity: 1656.03
  time (eval):      0.003375
  time (compile):   0.000152
  gflops (eval):    463.75
  gflops (total):   443.78
CSV_DATA: opt_einsum,torch,"Babcd,aij,bik,ckl,dlm,ejp,fop,gno,hmn->Befgh","128,4,7,4,7,3,4,5,5,50,50,50,50,50,50,50,50","(1,5),(4,5),(1,2),(1,2),(1,2),(1,2),(1,2),(0,1)",FP32,1564961200,1656.029578585578,0.0001518726348876953,0.0033745765686035156,463.7503900667515,443.7781773378947
*** input parameters ***
  einsum_str: Babcd,aij,bik,ckl,dlm,ejp,fop,gno,hmn->Befgh
  dim_sizes:  128,4,7,4,7,3,4,5,5,50,50,50,50,50,50,50,50
  cont_path:  (1,5),(4,5),(1,2),(1,2),(1,2),(1,2),(1,2),(0,1)
  backend:    torch
  dtype:      FP32
*** benchmarking opt_einsum expression ***
  #flops :          1564961200
  #bytes :          945008
  arith. intensity: 1656.03
  time (eval):      0.003400
  time (compile):   0.000153
  gflops (eval):    460.24
  gflops (total):   440.44
CSV_DATA: opt_einsum,torch,"Babcd,aij,bik,ckl,dlm,ejp,fop,gno,hmn->Befgh","128,4,7,4,7,3,4,5,5,50,50,50,50,50,50,50,50","(1,5),(4,5),(1,2),(1,2),(1,2),(1,2),(1,2),(0,1)",FP32,1564961200,1656.029578585578,0.00015282630920410156,0.0034003257751464844,460.23860755888376,440.44306656410123
*** input parameters ***
  einsum_str: Babcd,aij,bik,ckl,dlm,ejp,fop,gno,hmn->Befgh
  dim_sizes:  128,4,7,4,7,3,4,5,5,50,50,50,50,50,50,50,50
  cont_path:  (1,5),(4,5),(1,2),(1,2),(1,2),(1,2),(1,2),(0,1)
  backend:    torch
  dtype:      FP32
*** benchmarking opt_einsum expression ***
  #flops :          1564961200
  #bytes :          945008
  arith. intensity: 1656.03
  time (eval):      0.003379
  time (compile):   0.000163
  gflops (eval):    463.19
  gflops (total):   441.87
CSV_DATA: opt_einsum,torch,"Babcd,aij,bik,ckl,dlm,ejp,fop,gno,hmn->Befgh","128,4,7,4,7,3,4,5,5,50,50,50,50,50,50,50,50","(1,5),(4,5),(1,2),(1,2),(1,2),(1,2),(1,2),(0,1)",FP32,1564961200,1656.029578585578,0.00016307830810546875,0.003378629684448242,463.19405977029146,441.8662417371121
*** input parameters ***
  einsum_str: Babcd,aij,bik,ckl,dlm,ejp,fop,gno,hmn->Befgh
  dim_sizes:  128,4,7,4,7,3,4,5,5,50,50,50,50,50,50,50,50
  cont_path:  (1,5),(4,5),(1,2),(1,2),(1,2),(1,2),(1,2),(0,1)
  backend:    torch
  dtype:      FP32
*** benchmarking opt_einsum expression ***
  #flops :          1564961200
  #bytes :          945008
  arith. intensity: 1656.03
  time (eval):      0.003357
  time (compile):   0.000156
  gflops (eval):    466.22
  gflops (total):   445.49
CSV_DATA: opt_einsum,torch,"Babcd,aij,bik,ckl,dlm,ejp,fop,gno,hmn->Befgh","128,4,7,4,7,3,4,5,5,50,50,50,50,50,50,50,50","(1,5),(4,5),(1,2),(1,2),(1,2),(1,2),(1,2),(0,1)",FP32,1564961200,1656.029578585578,0.00015616416931152344,0.0033566951751708984,466.22082683463316,445.4949790284241
*** input parameters ***
  einsum_str: Babcd,aij,bik,ckl,dlm,ejp,fop,gno,hmn->Befgh
  dim_sizes:  128,4,7,4,7,3,4,5,5,50,50,50,50,50,50,50,50
  cont_path:  (1,5),(4,5),(1,2),(1,2),(1,2),(1,2),(1,2),(0,1)
  backend:    torch
  dtype:      FP32
*** benchmarking opt_einsum expression ***
  #flops :          1564961200
  #bytes :          945008
  arith. intensity: 1656.03
  time (eval):      0.003400
  time (compile):   0.000158
  gflops (eval):    460.24
  gflops (total):   439.82
CSV_DATA: opt_einsum,torch,"Babcd,aij,bik,ckl,dlm,ejp,fop,gno,hmn->Befgh","128,4,7,4,7,3,4,5,5,50,50,50,50,50,50,50,50","(1,5),(4,5),(1,2),(1,2),(1,2),(1,2),(1,2),(0,1)",FP32,1564961200,1656.029578585578,0.00015783309936523438,0.0034003257751464844,460.23860755888376,439.8233061514876
*** input parameters ***
  einsum_str: Babcd,aij,bik,ckl,dlm,ejp,fop,gno,hmn->Befgh
  dim_sizes:  128,4,7,4,7,3,4,5,5,50,50,50,50,50,50,50,50
  cont_path:  (1,5),(4,5),(1,2),(1,2),(1,2),(1,2),(1,2),(0,1)
  backend:    torch
  dtype:      FP32
*** benchmarking opt_einsum expression ***
  #flops :          1564961200
  #bytes :          945008
  arith. intensity: 1656.03
  time (eval):      0.003398
  time (compile):   0.000160
  gflops (eval):    460.53
  gflops (total):   439.79
CSV_DATA: opt_einsum,torch,"Babcd,aij,bik,ckl,dlm,ejp,fop,gno,hmn->Befgh","128,4,7,4,7,3,4,5,5,50,50,50,50,50,50,50,50","(1,5),(4,5),(1,2),(1,2),(1,2),(1,2),(1,2),(0,1)",FP32,1564961200,1656.029578585578,0.00016021728515625,0.0033981800079345703,460.5292233919035,439.79383725325295
*** input parameters ***
  einsum_str: Babcd,aij,bik,ckl,dlm,ejp,fop,gno,hmn->Befgh
  dim_sizes:  128,4,7,4,7,3,4,5,5,50,50,50,50,50,50,50,50
  cont_path:  (1,5),(4,5),(1,2),(1,2),(1,2),(1,2),(1,2),(0,1)
  backend:    torch
  dtype:      FP32
*** benchmarking opt_einsum expression ***
  #flops :          1564961200
  #bytes :          945008
  arith. intensity: 1656.03
  time (eval):      0.003401
  time (compile):   0.000156
  gflops (eval):    460.21
  gflops (total):   440.03
CSV_DATA: opt_einsum,torch,"Babcd,aij,bik,ckl,dlm,ejp,fop,gno,hmn->Befgh","128,4,7,4,7,3,4,5,5,50,50,50,50,50,50,50,50","(1,5),(4,5),(1,2),(1,2),(1,2),(1,2),(1,2),(0,1)",FP32,1564961200,1656.029578585578,0.00015592575073242188,0.003400564193725586,460.20633955022083,440.02969906849904
*** input parameters ***
  einsum_str: Babcd,aij,bik,ckl,dlm,ejp,fop,gno,hmn->Befgh
  dim_sizes:  128,4,7,4,7,3,4,5,5,50,50,50,50,50,50,50,50
  cont_path:  (1,5),(4,5),(1,2),(1,2),(1,2),(1,2),(1,2),(0,1)
  backend:    torch
  dtype:      FP32
*** benchmarking opt_einsum expression ***
  #flops :          1564961200
  #bytes :          945008
  arith. intensity: 1656.03
  time (eval):      0.003386
  time (compile):   0.000152
  gflops (eval):    462.12
  gflops (total):   442.28
CSV_DATA: opt_einsum,torch,"Babcd,aij,bik,ckl,dlm,ejp,fop,gno,hmn->Befgh","128,4,7,4,7,3,4,5,5,50,50,50,50,50,50,50,50","(1,5),(4,5),(1,2),(1,2),(1,2),(1,2),(1,2),(0,1)",FP32,1564961200,1656.029578585578,0.0001518726348876953,0.0033864974975585938,462.1179260070966,442.283068594084
*** input parameters ***
  einsum_str: Babcd,aij,bik,ckl,dlm,ejp,fop,gno,hmn->Befgh
  dim_sizes:  128,4,7,4,7,3,4,5,5,50,50,50,50,50,50,50,50
  cont_path:  (1,5),(4,5),(1,2),(1,2),(1,2),(1,2),(1,2),(0,1)
  backend:    torch
  dtype:      FP32
*** benchmarking opt_einsum expression ***
  #flops :          1564961200
  #bytes :          945008
  arith. intensity: 1656.03
  time (eval):      0.003372
  time (compile):   0.000159
  gflops (eval):    464.05
  gflops (total):   443.15
CSV_DATA: opt_einsum,torch,"Babcd,aij,bik,ckl,dlm,ejp,fop,gno,hmn->Befgh","128,4,7,4,7,3,4,5,5,50,50,50,50,50,50,50,50","(1,5),(4,5),(1,2),(1,2),(1,2),(1,2),(1,2),(0,1)",FP32,1564961200,1656.029578585578,0.0001590251922607422,0.0033724308013916016,464.04545924388833,443.1490022282474
*** input parameters ***
  einsum_str: Babcd,aij,bik,ckl,dlm,ejp,fop,gno,hmn->Befgh
  dim_sizes:  128,4,7,4,7,3,4,5,5,50,50,50,50,50,50,50,50
  cont_path:  (1,5),(4,5),(1,2),(1,2),(1,2),(1,2),(1,2),(0,1)
  backend:    torch
  dtype:      FP32
*** benchmarking opt_einsum expression ***
  #flops :          1564961200
  #bytes :          945008
  arith. intensity: 1656.03
  time (eval):      0.003411
  time (compile):   0.000159
  gflops (eval):    458.79
  gflops (total):   438.33
CSV_DATA: opt_einsum,torch,"Babcd,aij,bik,ckl,dlm,ejp,fop,gno,hmn->Befgh","128,4,7,4,7,3,4,5,5,50,50,50,50,50,50,50,50","(1,5),(4,5),(1,2),(1,2),(1,2),(1,2),(1,2),(0,1)",FP32,1564961200,1656.029578585578,0.00015926361083984375,0.0034110546112060547,458.7910128611729,438.3254104176828
*** input parameters ***
  einsum_str: Babcd,aij,bik,ckl,dlm,ejp,fop,gno,hmn->Befgh
  dim_sizes:  128,4,7,4,7,3,4,5,5,50,50,50,50,50,50,50,50
  cont_path:  (1,5),(4,5),(1,2),(1,2),(1,2),(1,2),(1,2),(0,1)
  backend:    torch
  dtype:      FP32
*** benchmarking opt_einsum expression ***
  #flops :          1564961200
  #bytes :          945008
  arith. intensity: 1656.03
  time (eval):      0.003421
  time (compile):   0.000157
  gflops (eval):    457.48
  gflops (total):   437.42
CSV_DATA: opt_einsum,torch,"Babcd,aij,bik,ckl,dlm,ejp,fop,gno,hmn->Befgh","128,4,7,4,7,3,4,5,5,50,50,50,50,50,50,50,50","(1,5),(4,5),(1,2),(1,2),(1,2),(1,2),(1,2),(0,1)",FP32,1564961200,1656.029578585578,0.00015687942504882812,0.0034208297729492188,457.4799986761082,437.41990010694394
*** input parameters ***
  einsum_str: Babcd,aij,bik,ckl,dlm,ejp,fop,gno,hmn->Befgh
  dim_sizes:  128,4,7,4,7,3,4,5,5,50,50,50,50,50,50,50,50
  cont_path:  (1,5),(4,5),(1,2),(1,2),(1,2),(1,2),(1,2),(0,1)
  backend:    torch
  dtype:      FP32
*** benchmarking opt_einsum expression ***
  #flops :          1564961200
  #bytes :          945008
  arith. intensity: 1656.03
  time (eval):      0.003453
  time (compile):   0.000155
  gflops (eval):    453.28
  gflops (total):   433.75
CSV_DATA: opt_einsum,torch,"Babcd,aij,bik,ckl,dlm,ejp,fop,gno,hmn->Befgh","128,4,7,4,7,3,4,5,5,50,50,50,50,50,50,50,50","(1,5),(4,5),(1,2),(1,2),(1,2),(1,2),(1,2),(0,1)",FP32,1564961200,1656.029578585578,0.00015544891357421875,0.0034525394439697266,453.27829714831853,433.7489606161898
*** input parameters ***
  einsum_str: Babcd,aij,bik,ckl,dlm,ejp,fop,gno,hmn->Befgh
  dim_sizes:  128,4,7,4,7,3,4,5,5,50,50,50,50,50,50,50,50
  cont_path:  (1,5),(4,5),(1,2),(1,2),(1,2),(1,2),(1,2),(0,1)
  backend:    torch
  dtype:      FP32
*** benchmarking opt_einsum expression ***
  #flops :          1564961200
  #bytes :          945008
  arith. intensity: 1656.03
  time (eval):      0.003357
  time (compile):   0.000155
  gflops (eval):    466.22
  gflops (total):   445.62
CSV_DATA: opt_einsum,torch,"Babcd,aij,bik,ckl,dlm,ejp,fop,gno,hmn->Befgh","128,4,7,4,7,3,4,5,5,50,50,50,50,50,50,50,50","(1,5),(4,5),(1,2),(1,2),(1,2),(1,2),(1,2),(0,1)",FP32,1564961200,1656.029578585578,0.0001552104949951172,0.0033566951751708984,466.22082683463316,445.61595526169725
*** input parameters ***
  einsum_str: Babcd,aij,bik,ckl,dlm,ejp,fop,gno,hmn->Befgh
  dim_sizes:  128,4,7,4,7,3,4,5,5,50,50,50,50,50,50,50,50
  cont_path:  (1,5),(4,5),(1,2),(1,2),(1,2),(1,2),(1,2),(0,1)
  backend:    torch
  dtype:      FP32
*** benchmarking opt_einsum expression ***
  #flops :          1564961200
  #bytes :          945008
  arith. intensity: 1656.03
  time (eval):      0.003458
  time (compile):   0.000158
  gflops (eval):    452.59
  gflops (total):   432.81
CSV_DATA: opt_einsum,torch,"Babcd,aij,bik,ckl,dlm,ejp,fop,gno,hmn->Befgh","128,4,7,4,7,3,4,5,5,50,50,50,50,50,50,50,50","(1,5),(4,5),(1,2),(1,2),(1,2),(1,2),(1,2),(0,1)",FP32,1564961200,1656.029578585578,0.00015807151794433594,0.003457784652709961,452.59070681960975,432.80515765559807
*** input parameters ***
  einsum_str: Babcd,aij,bik,ckl,dlm,ejp,fop,gno,hmn->Befgh
  dim_sizes:  128,4,7,4,7,3,4,5,5,50,50,50,50,50,50,50,50
  cont_path:  (1,5),(4,5),(1,2),(1,2),(1,2),(1,2),(1,2),(0,1)
  backend:    torch
  dtype:      FP32
*** benchmarking opt_einsum expression ***
  #flops :          1564961200
  #bytes :          945008
  arith. intensity: 1656.03
  time (eval):      0.003412
  time (compile):   0.000159
  gflops (eval):    458.60
  gflops (total):   438.21
CSV_DATA: opt_einsum,torch,"Babcd,aij,bik,ckl,dlm,ejp,fop,gno,hmn->Befgh","128,4,7,4,7,3,4,5,5,50,50,50,50,50,50,50,50","(1,5),(4,5),(1,2),(1,2),(1,2),(1,2),(1,2),(0,1)",FP32,1564961200,1656.029578585578,0.00015878677368164062,0.003412485122680664,458.5986879763013,438.2083597706656
*** input parameters ***
  einsum_str: Babcd,aij,bik,ckl,dlm,ejp,fop,gno,hmn->Befgh
  dim_sizes:  128,4,7,4,7,3,4,5,5,50,50,50,50,50,50,50,50
  cont_path:  (1,5),(4,5),(1,2),(1,2),(1,2),(1,2),(1,2),(0,1)
  backend:    torch
  dtype:      FP32
*** benchmarking opt_einsum expression ***
  #flops :          1564961200
  #bytes :          945008
  arith. intensity: 1656.03
  time (eval):      0.003428
  time (compile):   0.000153
  gflops (eval):    456.46
  gflops (total):   436.98
CSV_DATA: opt_einsum,torch,"Babcd,aij,bik,ckl,dlm,ejp,fop,gno,hmn->Befgh","128,4,7,4,7,3,4,5,5,50,50,50,50,50,50,50,50","(1,5),(4,5),(1,2),(1,2),(1,2),(1,2),(1,2),(0,1)",FP32,1564961200,1656.029578585578,0.00015282630920410156,0.0034284591674804688,456.4619625177191,436.9830917385527
*** input parameters ***
  einsum_str: Babcd,aij,bik,ckl,dlm,ejp,fop,gno,hmn->Befgh
  dim_sizes:  128,4,7,4,7,3,4,5,5,50,50,50,50,50,50,50,50
  cont_path:  (1,5),(4,5),(1,2),(1,2),(1,2),(1,2),(1,2),(0,1)
  backend:    torch
  dtype:      FP32
*** benchmarking opt_einsum expression ***
  #flops :          1564961200
  #bytes :          945008
  arith. intensity: 1656.03
  time (eval):      0.003375
  time (compile):   0.000152
  gflops (eval):    463.72
  gflops (total):   443.72
CSV_DATA: opt_einsum,torch,"Babcd,aij,bik,ckl,dlm,ejp,fop,gno,hmn->Befgh","128,4,7,4,7,3,4,5,5,50,50,50,50,50,50,50,50","(1,5),(4,5),(1,2),(1,2),(1,2),(1,2),(1,2),(0,1)",FP32,1564961200,1656.029578585578,0.00015211105346679688,0.003374814987182617,463.7176277643801,443.71817893630777
*** input parameters ***
  einsum_str: Babcd,aij,bik,ckl,dlm,ejp,fop,gno,hmn->Befgh
  dim_sizes:  128,4,7,4,7,3,4,5,5,50,50,50,50,50,50,50,50
  cont_path:  (1,5),(4,5),(1,2),(1,2),(1,2),(1,2),(1,2),(0,1)
  backend:    torch
  dtype:      FP32
*** benchmarking opt_einsum expression ***
  #flops :          1564961200
  #bytes :          945008
  arith. intensity: 1656.03
  time (eval):      0.003366
  time (compile):   0.000154
  gflops (eval):    464.87
  gflops (total):   444.50
CSV_DATA: opt_einsum,torch,"Babcd,aij,bik,ckl,dlm,ejp,fop,gno,hmn->Befgh","128,4,7,4,7,3,4,5,5,50,50,50,50,50,50,50,50","(1,5),(4,5),(1,2),(1,2),(1,2),(1,2),(1,2),(0,1)",FP32,1564961200,1656.029578585578,0.00015425682067871094,0.0033664703369140625,464.86706947626067,444.4994258146408
*** input parameters ***
  einsum_str: Babcd,aij,bik,ckl,dlm,ejp,fop,gno,hmn->Befgh
  dim_sizes:  128,4,7,4,7,3,4,5,5,50,50,50,50,50,50,50,50
  cont_path:  (1,5),(4,5),(1,2),(1,2),(1,2),(1,2),(1,2),(0,1)
  backend:    torch
  dtype:      FP32
*** benchmarking opt_einsum expression ***
  #flops :          1564961200
  #bytes :          945008
  arith. intensity: 1656.03
  time (eval):      0.003398
  time (compile):   0.000153
  gflops (eval):    460.59
  gflops (total):   440.74
CSV_DATA: opt_einsum,torch,"Babcd,aij,bik,ckl,dlm,ejp,fop,gno,hmn->Befgh","128,4,7,4,7,3,4,5,5,50,50,50,50,50,50,50,50","(1,5),(4,5),(1,2),(1,2),(1,2),(1,2),(1,2),(0,1)",FP32,1564961200,1656.029578585578,0.00015306472778320312,0.003397703170776367,460.59385453686065,440.73880487509575
*** input parameters ***
  einsum_str: Babcd,aij,bik,ckl,dlm,ejp,fop,gno,hmn->Befgh
  dim_sizes:  128,4,7,4,7,3,4,5,5,50,50,50,50,50,50,50,50
  cont_path:  (1,5),(4,5),(1,2),(1,2),(1,2),(1,2),(1,2),(0,1)
  backend:    torch
  dtype:      FP32
*** benchmarking opt_einsum expression ***
  #flops :          1564961200
  #bytes :          945008
  arith. intensity: 1656.03
  time (eval):      0.003338
  time (compile):   0.000157
  gflops (eval):    468.89
  gflops (total):   447.87
CSV_DATA: opt_einsum,torch,"Babcd,aij,bik,ckl,dlm,ejp,fop,gno,hmn->Befgh","128,4,7,4,7,3,4,5,5,50,50,50,50,50,50,50,50","(1,5),(4,5),(1,2),(1,2),(1,2),(1,2),(1,2),(0,1)",FP32,1564961200,1656.029578585578,0.00015664100646972656,0.0033376216888427734,468.88513615292527,447.8659266515284
*** input parameters ***
  einsum_str: Babcd,aij,bik,ckl,dlm,ejp,fop,gno,hmn->Befgh
  dim_sizes:  128,4,7,4,7,3,4,5,5,50,50,50,50,50,50,50,50
  cont_path:  (1,5),(4,5),(1,2),(1,2),(1,2),(1,2),(1,2),(0,1)
  backend:    torch
  dtype:      FP32
*** benchmarking opt_einsum expression ***
  #flops :          1564961200
  #bytes :          945008
  arith. intensity: 1656.03
  time (eval):      0.003353
  time (compile):   0.000156
  gflops (eval):    466.75
  gflops (total):   445.95
CSV_DATA: opt_einsum,torch,"Babcd,aij,bik,ckl,dlm,ejp,fop,gno,hmn->Befgh","128,4,7,4,7,3,4,5,5,50,50,50,50,50,50,50,50","(1,5),(4,5),(1,2),(1,2),(1,2),(1,2),(1,2),(0,1)",FP32,1564961200,1656.029578585578,0.000156402587890625,0.0033528804779052734,466.7512636709664,445.94897893911275
*** input parameters ***
  einsum_str: Babcd,aij,bik,ckl,dlm,ejp,fop,gno,hmn->Befgh
  dim_sizes:  128,4,7,4,7,3,4,5,5,50,50,50,50,50,50,50,50
  cont_path:  (1,5),(4,5),(1,2),(1,2),(1,2),(1,2),(1,2),(0,1)
  backend:    torch
  dtype:      FP32
*** benchmarking opt_einsum expression ***
  #flops :          1564961200
  #bytes :          945008
  arith. intensity: 1656.03
  time (eval):      0.003351
  time (compile):   0.000161
  gflops (eval):    466.98
  gflops (total):   445.56
CSV_DATA: opt_einsum,torch,"Babcd,aij,bik,ckl,dlm,ejp,fop,gno,hmn->Befgh","128,4,7,4,7,3,4,5,5,50,50,50,50,50,50,50,50","(1,5),(4,5),(1,2),(1,2),(1,2),(1,2),(1,2),(0,1)",FP32,1564961200,1656.029578585578,0.00016117095947265625,0.0033512115478515625,466.98370951940814,445.555458933261
*** input parameters ***
  einsum_str: Babcd,aij,bik,ckl,dlm,ejp,fop,gno,hmn->Befgh
  dim_sizes:  128,4,7,4,7,3,4,5,5,50,50,50,50,50,50,50,50
  cont_path:  (1,5),(4,5),(1,2),(1,2),(1,2),(1,2),(1,2),(0,1)
  backend:    torch
  dtype:      FP32
*** benchmarking opt_einsum expression ***
  #flops :          1564961200
  #bytes :          945008
  arith. intensity: 1656.03
  time (eval):      0.003377
  time (compile):   0.000163
  gflops (eval):    463.46
  gflops (total):   442.16
CSV_DATA: opt_einsum,torch,"Babcd,aij,bik,ckl,dlm,ejp,fop,gno,hmn->Befgh","128,4,7,4,7,3,4,5,5,50,50,50,50,50,50,50,50","(1,5),(4,5),(1,2),(1,2),(1,2),(1,2),(1,2),(0,1)",FP32,1564961200,1656.029578585578,0.00016260147094726562,0.0033767223358154297,463.4556958981007,442.1638949817986
*** input parameters ***
  einsum_str: Babcd,aij,bik,ckl,dlm,ejp,fop,gno,hmn->Befgh
  dim_sizes:  128,4,7,4,7,3,4,5,5,50,50,50,50,50,50,50,50
  cont_path:  (1,5),(4,5),(1,2),(1,2),(1,2),(1,2),(1,2),(0,1)
  backend:    torch
  dtype:      FP32
*** benchmarking opt_einsum expression ***
  #flops :          1564961200
  #bytes :          945008
  arith. intensity: 1656.03
  time (eval):      0.003395
  time (compile):   0.000154
  gflops (eval):    460.92
  gflops (total):   440.86
CSV_DATA: opt_einsum,torch,"Babcd,aij,bik,ckl,dlm,ejp,fop,gno,hmn->Befgh","128,4,7,4,7,3,4,5,5,50,50,50,50,50,50,50,50","(1,5),(4,5),(1,2),(1,2),(1,2),(1,2),(1,2),(0,1)",FP32,1564961200,1656.029578585578,0.0001544952392578125,0.0033953189849853516,460.91728256476375,440.8572114315804
*** input parameters ***
  einsum_str: Babcd,aij,bik,ckl,dlm,ejp,fop,gno,hmn->Befgh
  dim_sizes:  128,4,7,4,7,3,4,5,5,50,50,50,50,50,50,50,50
  cont_path:  (1,5),(4,5),(1,2),(1,2),(1,2),(1,2),(1,2),(0,1)
  backend:    torch
  dtype:      FP32
*** benchmarking opt_einsum expression ***
  #flops :          1564961200
  #bytes :          945008
  arith. intensity: 1656.03
  time (eval):      0.003389
  time (compile):   0.000159
  gflops (eval):    461.73
  gflops (total):   441.06
CSV_DATA: opt_einsum,torch,"Babcd,aij,bik,ckl,dlm,ejp,fop,gno,hmn->Befgh","128,4,7,4,7,3,4,5,5,50,50,50,50,50,50,50,50","(1,5),(4,5),(1,2),(1,2),(1,2),(1,2),(1,2),(0,1)",FP32,1564961200,1656.029578585578,0.00015878677368164062,0.0033893585205078125,461.72784334586385,441.0645760653676
*** input parameters ***
  einsum_str: Babcd,aij,bik,ckl,dlm,ejp,fop,gno,hmn->Befgh
  dim_sizes:  128,4,7,4,7,3,4,5,5,50,50,50,50,50,50,50,50
  cont_path:  (1,5),(4,5),(1,2),(1,2),(1,2),(1,2),(1,2),(0,1)
  backend:    torch
  dtype:      FP32
*** benchmarking opt_einsum expression ***
  #flops :          1564961200
  #bytes :          945008
  arith. intensity: 1656.03
  time (eval):      0.003373
  time (compile):   0.000158
  gflops (eval):    463.98
  gflops (total):   443.24
CSV_DATA: opt_einsum,torch,"Babcd,aij,bik,ckl,dlm,ejp,fop,gno,hmn->Befgh","128,4,7,4,7,3,4,5,5,50,50,50,50,50,50,50,50","(1,5),(4,5),(1,2),(1,2),(1,2),(1,2),(1,2),(0,1)",FP32,1564961200,1656.029578585578,0.00015783309936523438,0.0033729076385498047,463.9798558708419,443.2387751370653
*** input parameters ***
  einsum_str: Babcd,aij,bik,ckl,dlm,ejp,fop,gno,hmn->Befgh
  dim_sizes:  128,4,7,4,7,3,4,5,5,50,50,50,50,50,50,50,50
  cont_path:  (1,5),(4,5),(1,2),(1,2),(1,2),(1,2),(1,2),(0,1)
  backend:    torch
  dtype:      FP32
*** benchmarking opt_einsum expression ***
  #flops :          1564961200
  #bytes :          945008
  arith. intensity: 1656.03
  time (eval):      0.003358
  time (compile):   0.000161
  gflops (eval):    466.02
  gflops (total):   444.74
CSV_DATA: opt_einsum,torch,"Babcd,aij,bik,ckl,dlm,ejp,fop,gno,hmn->Befgh","128,4,7,4,7,3,4,5,5,50,50,50,50,50,50,50,50","(1,5),(4,5),(1,2),(1,2),(1,2),(1,2),(1,2),(0,1)",FP32,1564961200,1656.029578585578,0.00016069412231445312,0.003358125686645508,466.0222237135108,444.74036323631685
*** input parameters ***
  einsum_str: Babcd,aij,bik,ckl,dlm,ejp,fop,gno,hmn->Befgh
  dim_sizes:  128,4,7,4,7,3,4,5,5,50,50,50,50,50,50,50,50
  cont_path:  (1,5),(4,5),(1,2),(1,2),(1,2),(1,2),(1,2),(0,1)
  backend:    torch
  dtype:      FP32
*** benchmarking opt_einsum expression ***
  #flops :          1564961200
  #bytes :          945008
  arith. intensity: 1656.03
  time (eval):      0.003370
  time (compile):   0.000160
  gflops (eval):    464.37
  gflops (total):   443.33
CSV_DATA: opt_einsum,torch,"Babcd,aij,bik,ckl,dlm,ejp,fop,gno,hmn->Befgh","128,4,7,4,7,3,4,5,5,50,50,50,50,50,50,50,50","(1,5),(4,5),(1,2),(1,2),(1,2),(1,2),(1,2),(0,1)",FP32,1564961200,1656.029578585578,0.00015997886657714844,0.003370046615600586,464.3737545811673,443.3285844255572
*** input parameters ***
  einsum_str: Babcd,aij,bik,ckl,dlm,ejp,fop,gno,hmn->Befgh
  dim_sizes:  128,4,7,4,7,3,4,5,5,50,50,50,50,50,50,50,50
  cont_path:  (1,5),(4,5),(1,2),(1,2),(1,2),(1,2),(1,2),(0,1)
  backend:    torch
  dtype:      FP32
*** benchmarking opt_einsum expression ***
  #flops :          1564961200
  #bytes :          945008
  arith. intensity: 1656.03
  time (eval):      0.003405
  time (compile):   0.000157
  gflops (eval):    459.63
  gflops (total):   439.38
CSV_DATA: opt_einsum,torch,"Babcd,aij,bik,ckl,dlm,ejp,fop,gno,hmn->Befgh","128,4,7,4,7,3,4,5,5,50,50,50,50,50,50,50,50","(1,5),(4,5),(1,2),(1,2),(1,2),(1,2),(1,2),(0,1)",FP32,1564961200,1656.029578585578,0.00015687942504882812,0.003404855728149414,459.62628814542404,439.38168692715715
*** input parameters ***
  einsum_str: Babcd,aij,bik,ckl,dlm,ejp,fop,gno,hmn->Befgh
  dim_sizes:  128,4,7,4,7,3,4,5,5,50,50,50,50,50,50,50,50
  cont_path:  (1,5),(4,5),(1,2),(1,2),(1,2),(1,2),(1,2),(0,1)
  backend:    torch
  dtype:      FP32
*** benchmarking opt_einsum expression ***
  #flops :          1564961200
  #bytes :          945008
  arith. intensity: 1656.03
  time (eval):      0.003380
  time (compile):   0.000160
  gflops (eval):    462.97
  gflops (total):   441.99
CSV_DATA: opt_einsum,torch,"Babcd,aij,bik,ckl,dlm,ejp,fop,gno,hmn->Befgh","128,4,7,4,7,3,4,5,5,50,50,50,50,50,50,50,50","(1,5),(4,5),(1,2),(1,2),(1,2),(1,2),(1,2),(0,1)",FP32,1564961200,1656.029578585578,0.00016045570373535156,0.003380298614501953,462.9653703628721,441.985254932651
*** input parameters ***
  einsum_str: Babcd,aij,bik,ckl,dlm,ejp,fop,gno,hmn->Befgh
  dim_sizes:  128,4,7,4,7,3,4,5,5,50,50,50,50,50,50,50,50
  cont_path:  (1,5),(4,5),(1,2),(1,2),(1,2),(1,2),(1,2),(0,1)
  backend:    torch
  dtype:      FP32
*** benchmarking opt_einsum expression ***
  #flops :          1564961200
  #bytes :          945008
  arith. intensity: 1656.03
  time (eval):      0.003496
  time (compile):   0.000156
  gflops (eval):    447.65
  gflops (total):   428.54
CSV_DATA: opt_einsum,torch,"Babcd,aij,bik,ckl,dlm,ejp,fop,gno,hmn->Befgh","128,4,7,4,7,3,4,5,5,50,50,50,50,50,50,50,50","(1,5),(4,5),(1,2),(1,2),(1,2),(1,2),(1,2),(0,1)",FP32,1564961200,1656.029578585578,0.00015592575073242188,0.003495931625366211,447.65211900735187,428.5384227332246
*** input parameters ***
  einsum_str: Babcd,aij,bik,ckl,dlm,ejp,fop,gno,hmn->Befgh
  dim_sizes:  128,4,7,4,7,3,4,5,5,50,50,50,50,50,50,50,50
  cont_path:  (1,5),(4,5),(1,2),(1,2),(1,2),(1,2),(1,2),(0,1)
  backend:    torch
  dtype:      FP32
*** benchmarking opt_einsum expression ***
  #flops :          1564961200
  #bytes :          945008
  arith. intensity: 1656.03
  time (eval):      0.003374
  time (compile):   0.000158
  gflops (eval):    463.82
  gflops (total):   443.12
CSV_DATA: opt_einsum,torch,"Babcd,aij,bik,ckl,dlm,ejp,fop,gno,hmn->Befgh","128,4,7,4,7,3,4,5,5,50,50,50,50,50,50,50,50","(1,5),(4,5),(1,2),(1,2),(1,2),(1,2),(1,2),(0,1)",FP32,1564961200,1656.029578585578,0.0001575946807861328,0.0033740997314453125,463.81592856167333,443.11908600585974
*** input parameters ***
  einsum_str: Babcd,aij,bik,ckl,dlm,ejp,fop,gno,hmn->Befgh
  dim_sizes:  128,4,7,4,7,3,4,5,5,50,50,50,50,50,50,50,50
  cont_path:  (1,5),(4,5),(1,2),(1,2),(1,2),(1,2),(1,2),(0,1)
  backend:    torch
  dtype:      FP32
*** benchmarking opt_einsum expression ***
  #flops :          1564961200
  #bytes :          945008
  arith. intensity: 1656.03
  time (eval):      0.003389
  time (compile):   0.000154
  gflops (eval):    461.79
  gflops (total):   441.72
CSV_DATA: opt_einsum,torch,"Babcd,aij,bik,ckl,dlm,ejp,fop,gno,hmn->Befgh","128,4,7,4,7,3,4,5,5,50,50,50,50,50,50,50,50","(1,5),(4,5),(1,2),(1,2),(1,2),(1,2),(1,2),(0,1)",FP32,1564961200,1656.029578585578,0.00015401840209960938,0.0033888816833496094,461.7928113834811,441.71756534352625
*** input parameters ***
  einsum_str: Babcd,aij,bik,ckl,dlm,ejp,fop,gno,hmn->Befgh
  dim_sizes:  128,4,7,4,7,3,4,5,5,50,50,50,50,50,50,50,50
  cont_path:  (1,5),(4,5),(1,2),(1,2),(1,2),(1,2),(1,2),(0,1)
  backend:    torch
  dtype:      FP32
*** benchmarking opt_einsum expression ***
  #flops :          1564961200
  #bytes :          945008
  arith. intensity: 1656.03
  time (eval):      0.003412
  time (compile):   0.000158
  gflops (eval):    458.69
  gflops (total):   438.38
CSV_DATA: opt_einsum,torch,"Babcd,aij,bik,ckl,dlm,ejp,fop,gno,hmn->Befgh","128,4,7,4,7,3,4,5,5,50,50,50,50,50,50,50,50","(1,5),(4,5),(1,2),(1,2),(1,2),(1,2),(1,2),(0,1)",FP32,1564961200,1656.029578585578,0.00015807151794433594,0.0034117698669433594,458.6948302588959,438.3839591935351
*** input parameters ***
  einsum_str: Babcd,aij,bik,ckl,dlm,ejp,fop,gno,hmn->Befgh
  dim_sizes:  128,4,7,4,7,3,4,5,5,50,50,50,50,50,50,50,50
  cont_path:  (1,5),(4,5),(1,2),(1,2),(1,2),(1,2),(1,2),(0,1)
  backend:    torch
  dtype:      FP32
*** benchmarking opt_einsum expression ***
  #flops :          1564961200
  #bytes :          945008
  arith. intensity: 1656.03
  time (eval):      0.003476
  time (compile):   0.000153
  gflops (eval):    450.17
  gflops (total):   431.24
CSV_DATA: opt_einsum,torch,"Babcd,aij,bik,ckl,dlm,ejp,fop,gno,hmn->Befgh","128,4,7,4,7,3,4,5,5,50,50,50,50,50,50,50,50","(1,5),(4,5),(1,2),(1,2),(1,2),(1,2),(1,2),(0,1)",FP32,1564961200,1656.029578585578,0.000152587890625,0.003476381301879883,450.1696057201015,431.24124702744894
*** input parameters ***
  einsum_str: Babcd,aij,bik,ckl,dlm,ejp,fop,gno,hmn->Befgh
  dim_sizes:  128,4,7,4,7,3,4,5,5,50,50,50,50,50,50,50,50
  cont_path:  (1,5),(4,5),(1,2),(1,2),(1,2),(1,2),(1,2),(0,1)
  backend:    torch
  dtype:      FP32
*** benchmarking opt_einsum expression ***
  #flops :          1564961200
  #bytes :          945008
  arith. intensity: 1656.03
  time (eval):      0.003366
  time (compile):   0.000157
  gflops (eval):    464.87
  gflops (total):   444.17
CSV_DATA: opt_einsum,torch,"Babcd,aij,bik,ckl,dlm,ejp,fop,gno,hmn->Befgh","128,4,7,4,7,3,4,5,5,50,50,50,50,50,50,50,50","(1,5),(4,5),(1,2),(1,2),(1,2),(1,2),(1,2),(0,1)",FP32,1564961200,1656.029578585578,0.00015687942504882812,0.0033664703369140625,464.86706947626067,444.168562796373
*** input parameters ***
  einsum_str: Babcd,aij,bik,ckl,dlm,ejp,fop,gno,hmn->Befgh
  dim_sizes:  128,4,7,4,7,3,4,5,5,50,50,50,50,50,50,50,50
  cont_path:  (1,5),(4,5),(1,2),(1,2),(1,2),(1,2),(1,2),(0,1)
  backend:    torch
  dtype:      FP32
*** benchmarking opt_einsum expression ***
  #flops :          1564961200
  #bytes :          945008
  arith. intensity: 1656.03
  time (eval):      0.003510
  time (compile):   0.000158
  gflops (eval):    445.89
  gflops (total):   426.70
CSV_DATA: opt_einsum,torch,"Babcd,aij,bik,ckl,dlm,ejp,fop,gno,hmn->Befgh","128,4,7,4,7,3,4,5,5,50,50,50,50,50,50,50,50","(1,5),(4,5),(1,2),(1,2),(1,2),(1,2),(1,2),(0,1)",FP32,1564961200,1656.029578585578,0.00015783309936523438,0.0035097599029541016,445.8883921611847,426.6997998442957
*** input parameters ***
  einsum_str: Babcd,aij,bik,ckl,dlm,ejp,fop,gno,hmn->Befgh
  dim_sizes:  128,4,7,4,7,3,4,5,5,50,50,50,50,50,50,50,50
  cont_path:  (1,5),(4,5),(1,2),(1,2),(1,2),(1,2),(1,2),(0,1)
  backend:    torch
  dtype:      FP32
*** benchmarking opt_einsum expression ***
  #flops :          1564961200
  #bytes :          945008
  arith. intensity: 1656.03
  time (eval):      0.003354
  time (compile):   0.000157
  gflops (eval):    466.59
  gflops (total):   445.68
CSV_DATA: opt_einsum,torch,"Babcd,aij,bik,ckl,dlm,ejp,fop,gno,hmn->Befgh","128,4,7,4,7,3,4,5,5,50,50,50,50,50,50,50,50","(1,5),(4,5),(1,2),(1,2),(1,2),(1,2),(1,2),(0,1)",FP32,1564961200,1656.029578585578,0.00015735626220703125,0.0033540725708007812,466.5853725479671,445.6764680204237
*** input parameters ***
  einsum_str: Babcd,aij,bik,ckl,dlm,ejp,fop,gno,hmn->Befgh
  dim_sizes:  128,4,7,4,7,3,4,5,5,50,50,50,50,50,50,50,50
  cont_path:  (1,5),(4,5),(1,2),(1,2),(1,2),(1,2),(1,2),(0,1)
  backend:    torch
  dtype:      FP32
*** benchmarking opt_einsum expression ***
  #flops :          1564961200
  #bytes :          945008
  arith. intensity: 1656.03
  time (eval):      0.003310
  time (compile):   0.000154
  gflops (eval):    472.84
  gflops (total):   451.78
CSV_DATA: opt_einsum,torch,"Babcd,aij,bik,ckl,dlm,ejp,fop,gno,hmn->Befgh","128,4,7,4,7,3,4,5,5,50,50,50,50,50,50,50,50","(1,5),(4,5),(1,2),(1,2),(1,2),(1,2),(1,2),(0,1)",FP32,1564961200,1656.029578585578,0.00015425682067871094,0.0033097267150878906,472.83698465673535,451.78078470677957
*** input parameters ***
  einsum_str: Babcd,aij,bik,ckl,dlm,ejp,fop,gno,hmn->Befgh
  dim_sizes:  128,4,7,4,7,3,4,5,5,50,50,50,50,50,50,50,50
  cont_path:  (1,5),(4,5),(1,2),(1,2),(1,2),(1,2),(1,2),(0,1)
  backend:    torch
  dtype:      FP32
*** benchmarking opt_einsum expression ***
  #flops :          1564961200
  #bytes :          945008
  arith. intensity: 1656.03
  time (eval):      0.003480
  time (compile):   0.000152
  gflops (eval):    449.65
  gflops (total):   430.82
CSV_DATA: opt_einsum,torch,"Babcd,aij,bik,ckl,dlm,ejp,fop,gno,hmn->Befgh","128,4,7,4,7,3,4,5,5,50,50,50,50,50,50,50,50","(1,5),(4,5),(1,2),(1,2),(1,2),(1,2),(1,2),(0,1)",FP32,1564961200,1656.029578585578,0.00015211105346679688,0.0034804344177246094,449.64536381729005,430.81668554770283
*** input parameters ***
  einsum_str: Babcd,aij,bik,ckl,dlm,ejp,fop,gno,hmn->Befgh
  dim_sizes:  128,4,7,4,7,3,4,5,5,50,50,50,50,50,50,50,50
  cont_path:  (1,5),(4,5),(1,2),(1,2),(1,2),(1,2),(1,2),(0,1)
  backend:    torch
  dtype:      FP32
*** benchmarking opt_einsum expression ***
  #flops :          1564961200
  #bytes :          945008
  arith. intensity: 1656.03
  time (eval):      0.003438
  time (compile):   0.000155
  gflops (eval):    455.13
  gflops (total):   435.48
CSV_DATA: opt_einsum,torch,"Babcd,aij,bik,ckl,dlm,ejp,fop,gno,hmn->Befgh","128,4,7,4,7,3,4,5,5,50,50,50,50,50,50,50,50","(1,5),(4,5),(1,2),(1,2),(1,2),(1,2),(1,2),(0,1)",FP32,1564961200,1656.029578585578,0.0001552104949951172,0.0034384727478027344,455.13264602723615,435.47555370561935
