*** input parameters ***
  einsum_str: aefg,behi,cfhj,dgij->abcd
  dim_sizes:  60,60,20,20,8,8,8,8,8,8
  cont_path:  (2,3),(0,2),(0,1)
  backend:    torch
  dtype:      FP32
*** benchmarking opt_einsum expression ***
  #flops :          3073638400
  #bytes :          6087680
  arith. intensity: 504.89
  time (eval):      0.017914
  time (compile):   0.000087
  gflops (eval):    171.57
  gflops (total):   170.74
CSV_DATA: opt_einsum,torch,"aefg,behi,cfhj,dgij->abcd","60,60,20,20,8,8,8,8,8,8","(2,3),(0,2),(0,1)",FP32,3073638400,504.89486963835157,8.726119995117188e-05,0.017914295196533203,171.574620507248,170.74292535062514
*** input parameters ***
  einsum_str: aefg,behi,cfhj,dgij->abcd
  dim_sizes:  60,60,20,20,8,8,8,8,8,8
  cont_path:  (2,3),(0,2),(0,1)
  backend:    torch
  dtype:      FP32
*** benchmarking opt_einsum expression ***
  #flops :          3073638400
  #bytes :          6087680
  arith. intensity: 504.89
  time (eval):      0.017866
  time (compile):   0.000086
  gflops (eval):    172.04
  gflops (total):   171.21
CSV_DATA: opt_einsum,torch,"aefg,behi,cfhj,dgij->abcd","60,60,20,20,8,8,8,8,8,8","(2,3),(0,2),(0,1)",FP32,3073638400,504.89486963835157,8.630752563476562e-05,0.017866134643554688,172.03712282045478,171.2100432371856
*** input parameters ***
  einsum_str: aefg,behi,cfhj,dgij->abcd
  dim_sizes:  60,60,20,20,8,8,8,8,8,8
  cont_path:  (2,3),(0,2),(0,1)
  backend:    torch
  dtype:      FP32
*** benchmarking opt_einsum expression ***
  #flops :          3073638400
  #bytes :          6087680
  arith. intensity: 504.89
  time (eval):      0.017708
  time (compile):   0.000089
  gflops (eval):    173.58
  gflops (total):   172.71
CSV_DATA: opt_einsum,torch,"aefg,behi,cfhj,dgij->abcd","60,60,20,20,8,8,8,8,8,8","(2,3),(0,2),(0,1)",FP32,3073638400,504.89486963835157,8.869171142578125e-05,0.01770758628845215,173.57749102171238,172.71242897088274
*** input parameters ***
  einsum_str: aefg,behi,cfhj,dgij->abcd
  dim_sizes:  60,60,20,20,8,8,8,8,8,8
  cont_path:  (2,3),(0,2),(0,1)
  backend:    torch
  dtype:      FP32
*** benchmarking opt_einsum expression ***
  #flops :          3073638400
  #bytes :          6087680
  arith. intensity: 504.89
  time (eval):      0.018131
  time (compile):   0.000094
  gflops (eval):    169.52
  gflops (total):   168.65
CSV_DATA: opt_einsum,torch,"aefg,behi,cfhj,dgij->abcd","60,60,20,20,8,8,8,8,8,8","(2,3),(0,2),(0,1)",FP32,3073638400,504.89486963835157,9.417533874511719e-05,0.018131256103515625,169.5215368671576,168.6455769092474
*** input parameters ***
  einsum_str: aefg,behi,cfhj,dgij->abcd
  dim_sizes:  60,60,20,20,8,8,8,8,8,8
  cont_path:  (2,3),(0,2),(0,1)
  backend:    torch
  dtype:      FP32
*** benchmarking opt_einsum expression ***
  #flops :          3073638400
  #bytes :          6087680
  arith. intensity: 504.89
  time (eval):      0.018321
  time (compile):   0.000087
  gflops (eval):    167.77
  gflops (total):   166.98
CSV_DATA: opt_einsum,torch,"aefg,behi,cfhj,dgij->abcd","60,60,20,20,8,8,8,8,8,8","(2,3),(0,2),(0,1)",FP32,3073638400,504.89486963835157,8.702278137207031e-05,0.018320560455322266,167.7698893271076,166.97674868436283
*** input parameters ***
  einsum_str: aefg,behi,cfhj,dgij->abcd
  dim_sizes:  60,60,20,20,8,8,8,8,8,8
  cont_path:  (2,3),(0,2),(0,1)
  backend:    torch
  dtype:      FP32
*** benchmarking opt_einsum expression ***
  #flops :          3073638400
  #bytes :          6087680
  arith. intensity: 504.89
  time (eval):      0.017932
  time (compile):   0.000088
  gflops (eval):    171.40
  gflops (total):   170.56
CSV_DATA: opt_einsum,torch,"aefg,behi,cfhj,dgij->abcd","60,60,20,20,8,8,8,8,8,8","(2,3),(0,2),(0,1)",FP32,3073638400,504.89486963835157,8.821487426757812e-05,0.01793217658996582,171.40353177872976,170.56446338030509
*** input parameters ***
  einsum_str: aefg,behi,cfhj,dgij->abcd
  dim_sizes:  60,60,20,20,8,8,8,8,8,8
  cont_path:  (2,3),(0,2),(0,1)
  backend:    torch
  dtype:      FP32
*** benchmarking opt_einsum expression ***
  #flops :          3073638400
  #bytes :          6087680
  arith. intensity: 504.89
  time (eval):      0.018087
  time (compile):   0.000091
  gflops (eval):    169.93
  gflops (total):   169.08
CSV_DATA: opt_einsum,torch,"aefg,behi,cfhj,dgij->abcd","60,60,20,20,8,8,8,8,8,8","(2,3),(0,2),(0,1)",FP32,3073638400,504.89486963835157,9.107589721679688e-05,0.018087387084960938,169.93269318350733,169.08131358594025
*** input parameters ***
  einsum_str: aefg,behi,cfhj,dgij->abcd
  dim_sizes:  60,60,20,20,8,8,8,8,8,8
  cont_path:  (2,3),(0,2),(0,1)
  backend:    torch
  dtype:      FP32
*** benchmarking opt_einsum expression ***
  #flops :          3073638400
  #bytes :          6087680
  arith. intensity: 504.89
  time (eval):      0.018236
  time (compile):   0.000088
  gflops (eval):    168.55
  gflops (total):   167.74
CSV_DATA: opt_einsum,torch,"aefg,behi,cfhj,dgij->abcd","60,60,20,20,8,8,8,8,8,8","(2,3),(0,2),(0,1)",FP32,3073638400,504.89486963835157,8.7738037109375e-05,0.01823592185974121,168.54856165980627,167.74151110108127
*** input parameters ***
  einsum_str: aefg,behi,cfhj,dgij->abcd
  dim_sizes:  60,60,20,20,8,8,8,8,8,8
  cont_path:  (2,3),(0,2),(0,1)
  backend:    torch
  dtype:      FP32
*** benchmarking opt_einsum expression ***
  #flops :          3073638400
  #bytes :          6087680
  arith. intensity: 504.89
  time (eval):      0.018643
  time (compile):   0.000092
  gflops (eval):    164.87
  gflops (total):   164.06
CSV_DATA: opt_einsum,torch,"aefg,behi,cfhj,dgij->abcd","60,60,20,20,8,8,8,8,8,8","(2,3),(0,2),(0,1)",FP32,3073638400,504.89486963835157,9.202957153320312e-05,0.018642663955688477,164.87120120309493,164.06131200032578
*** input parameters ***
  einsum_str: aefg,behi,cfhj,dgij->abcd
  dim_sizes:  60,60,20,20,8,8,8,8,8,8
  cont_path:  (2,3),(0,2),(0,1)
  backend:    torch
  dtype:      FP32
*** benchmarking opt_einsum expression ***
  #flops :          3073638400
  #bytes :          6087680
  arith. intensity: 504.89
  time (eval):      0.018059
  time (compile):   0.000089
  gflops (eval):    170.20
  gflops (total):   169.37
CSV_DATA: opt_einsum,torch,"aefg,behi,cfhj,dgij->abcd","60,60,20,20,8,8,8,8,8,8","(2,3),(0,2),(0,1)",FP32,3073638400,504.89486963835157,8.893013000488281e-05,0.01805877685546875,170.2019148140262,169.36786572872816
*** input parameters ***
  einsum_str: aefg,behi,cfhj,dgij->abcd
  dim_sizes:  60,60,20,20,8,8,8,8,8,8
  cont_path:  (2,3),(0,2),(0,1)
  backend:    torch
  dtype:      FP32
*** benchmarking opt_einsum expression ***
  #flops :          3073638400
  #bytes :          6087680
  arith. intensity: 504.89
  time (eval):      0.018497
  time (compile):   0.000092
  gflops (eval):    166.17
  gflops (total):   165.35
CSV_DATA: opt_einsum,torch,"aefg,behi,cfhj,dgij->abcd","60,60,20,20,8,8,8,8,8,8","(2,3),(0,2),(0,1)",FP32,3073638400,504.89486963835157,9.202957153320312e-05,0.01849651336669922,166.17393446343902,165.35122791567608
*** input parameters ***
  einsum_str: aefg,behi,cfhj,dgij->abcd
  dim_sizes:  60,60,20,20,8,8,8,8,8,8
  cont_path:  (2,3),(0,2),(0,1)
  backend:    torch
  dtype:      FP32
*** benchmarking opt_einsum expression ***
  #flops :          3073638400
  #bytes :          6087680
  arith. intensity: 504.89
  time (eval):      0.018333
  time (compile):   0.000092
  gflops (eval):    167.66
  gflops (total):   166.82
CSV_DATA: opt_einsum,torch,"aefg,behi,cfhj,dgij->abcd","60,60,20,20,8,8,8,8,8,8","(2,3),(0,2),(0,1)",FP32,3073638400,504.89486963835157,9.202957153320312e-05,0.018332958221435547,167.65643399580722,166.81901961275364
*** input parameters ***
  einsum_str: aefg,behi,cfhj,dgij->abcd
  dim_sizes:  60,60,20,20,8,8,8,8,8,8
  cont_path:  (2,3),(0,2),(0,1)
  backend:    torch
  dtype:      FP32
*** benchmarking opt_einsum expression ***
  #flops :          3073638400
  #bytes :          6087680
  arith. intensity: 504.89
  time (eval):      0.018063
  time (compile):   0.000090
  gflops (eval):    170.16
  gflops (total):   169.32
CSV_DATA: opt_einsum,torch,"aefg,behi,cfhj,dgij->abcd","60,60,20,20,8,8,8,8,8,8","(2,3),(0,2),(0,1)",FP32,3073638400,504.89486963835157,8.988380432128906e-05,0.018063068389892578,170.16147720062304,169.31892769373908
*** input parameters ***
  einsum_str: aefg,behi,cfhj,dgij->abcd
  dim_sizes:  60,60,20,20,8,8,8,8,8,8
  cont_path:  (2,3),(0,2),(0,1)
  backend:    torch
  dtype:      FP32
*** benchmarking opt_einsum expression ***
  #flops :          3073638400
  #bytes :          6087680
  arith. intensity: 504.89
  time (eval):      0.017708
  time (compile):   0.000095
  gflops (eval):    173.57
  gflops (total):   172.64
CSV_DATA: opt_einsum,torch,"aefg,behi,cfhj,dgij->abcd","60,60,20,20,8,8,8,8,8,8","(2,3),(0,2),(0,1)",FP32,3073638400,504.89486963835157,9.512901306152344e-05,0.017708301544189453,173.57048005592267,172.64304146978964
*** input parameters ***
  einsum_str: aefg,behi,cfhj,dgij->abcd
  dim_sizes:  60,60,20,20,8,8,8,8,8,8
  cont_path:  (2,3),(0,2),(0,1)
  backend:    torch
  dtype:      FP32
*** benchmarking opt_einsum expression ***
  #flops :          3073638400
  #bytes :          6087680
  arith. intensity: 504.89
  time (eval):      0.017405
  time (compile):   0.000088
  gflops (eval):    176.59
  gflops (total):   175.71
CSV_DATA: opt_einsum,torch,"aefg,behi,cfhj,dgij->abcd","60,60,20,20,8,8,8,8,8,8","(2,3),(0,2),(0,1)",FP32,3073638400,504.89486963835157,8.797645568847656e-05,0.017405033111572266,176.5948033707789,175.7066666077006
*** input parameters ***
  einsum_str: aefg,behi,cfhj,dgij->abcd
  dim_sizes:  60,60,20,20,8,8,8,8,8,8
  cont_path:  (2,3),(0,2),(0,1)
  backend:    torch
  dtype:      FP32
*** benchmarking opt_einsum expression ***
  #flops :          3073638400
  #bytes :          6087680
  arith. intensity: 504.89
  time (eval):      0.017757
  time (compile):   0.000090
  gflops (eval):    173.09
  gflops (total):   172.22
CSV_DATA: opt_einsum,torch,"aefg,behi,cfhj,dgij->abcd","60,60,20,20,8,8,8,8,8,8","(2,3),(0,2),(0,1)",FP32,3073638400,504.89486963835157,9.012222290039062e-05,0.017757177352905273,173.09273534383652,172.21868142823786
*** input parameters ***
  einsum_str: aefg,behi,cfhj,dgij->abcd
  dim_sizes:  60,60,20,20,8,8,8,8,8,8
  cont_path:  (2,3),(0,2),(0,1)
  backend:    torch
  dtype:      FP32
*** benchmarking opt_einsum expression ***
  #flops :          3073638400
  #bytes :          6087680
  arith. intensity: 504.89
  time (eval):      0.018321
  time (compile):   0.000087
  gflops (eval):    167.77
  gflops (total):   166.97
CSV_DATA: opt_einsum,torch,"aefg,behi,cfhj,dgij->abcd","60,60,20,20,8,8,8,8,8,8","(2,3),(0,2),(0,1)",FP32,3073638400,504.89486963835157,8.749961853027344e-05,0.018320798873901367,167.76770604575043,166.97026079100635
*** input parameters ***
  einsum_str: aefg,behi,cfhj,dgij->abcd
  dim_sizes:  60,60,20,20,8,8,8,8,8,8
  cont_path:  (2,3),(0,2),(0,1)
  backend:    torch
  dtype:      FP32
*** benchmarking opt_einsum expression ***
  #flops :          3073638400
  #bytes :          6087680
  arith. intensity: 504.89
  time (eval):      0.018079
  time (compile):   0.000087
  gflops (eval):    170.01
  gflops (total):   169.19
CSV_DATA: opt_einsum,torch,"aefg,behi,cfhj,dgij->abcd","60,60,20,20,8,8,8,8,8,8","(2,3),(0,2),(0,1)",FP32,3073638400,504.89486963835157,8.749961853027344e-05,0.018079042434692383,170.01112813928182,169.19226515399234
*** input parameters ***
  einsum_str: aefg,behi,cfhj,dgij->abcd
  dim_sizes:  60,60,20,20,8,8,8,8,8,8
  cont_path:  (2,3),(0,2),(0,1)
  backend:    torch
  dtype:      FP32
*** benchmarking opt_einsum expression ***
  #flops :          3073638400
  #bytes :          6087680
  arith. intensity: 504.89
  time (eval):      0.018718
  time (compile):   0.000086
  gflops (eval):    164.21
  gflops (total):   163.46
CSV_DATA: opt_einsum,torch,"aefg,behi,cfhj,dgij->abcd","60,60,20,20,8,8,8,8,8,8","(2,3),(0,2),(0,1)",FP32,3073638400,504.89486963835157,8.559226989746094e-05,0.01871776580810547,164.20968354401592,163.46220644469298
*** input parameters ***
  einsum_str: aefg,behi,cfhj,dgij->abcd
  dim_sizes:  60,60,20,20,8,8,8,8,8,8
  cont_path:  (2,3),(0,2),(0,1)
  backend:    torch
  dtype:      FP32
*** benchmarking opt_einsum expression ***
  #flops :          3073638400
  #bytes :          6087680
  arith. intensity: 504.89
  time (eval):      0.018828
  time (compile):   0.000089
  gflops (eval):    163.25
  gflops (total):   162.49
CSV_DATA: opt_einsum,torch,"aefg,behi,cfhj,dgij->abcd","60,60,20,20,8,8,8,8,8,8","(2,3),(0,2),(0,1)",FP32,3073638400,504.89486963835157,8.869171142578125e-05,0.01882767677307129,163.251071125044,162.48564847523474
*** input parameters ***
  einsum_str: aefg,behi,cfhj,dgij->abcd
  dim_sizes:  60,60,20,20,8,8,8,8,8,8
  cont_path:  (2,3),(0,2),(0,1)
  backend:    torch
  dtype:      FP32
*** benchmarking opt_einsum expression ***
  #flops :          3073638400
  #bytes :          6087680
  arith. intensity: 504.89
  time (eval):      0.018305
  time (compile):   0.000087
  gflops (eval):    167.91
  gflops (total):   167.12
CSV_DATA: opt_einsum,torch,"aefg,behi,cfhj,dgij->abcd","60,60,20,20,8,8,8,8,8,8","(2,3),(0,2),(0,1)",FP32,3073638400,504.89486963835157,8.702278137207031e-05,0.018305063247680664,167.91192460858852,167.11744361921654
*** input parameters ***
  einsum_str: aefg,behi,cfhj,dgij->abcd
  dim_sizes:  60,60,20,20,8,8,8,8,8,8
  cont_path:  (2,3),(0,2),(0,1)
  backend:    torch
  dtype:      FP32
*** benchmarking opt_einsum expression ***
  #flops :          3073638400
  #bytes :          6087680
  arith. intensity: 504.89
  time (eval):      0.018711
  time (compile):   0.000087
  gflops (eval):    164.27
  gflops (total):   163.51
CSV_DATA: opt_einsum,torch,"aefg,behi,cfhj,dgij->abcd","60,60,20,20,8,8,8,8,8,8","(2,3),(0,2),(0,1)",FP32,3073638400,504.89486963835157,8.726119995117188e-05,0.018711090087890625,164.2682700773904,163.50574329292039
*** input parameters ***
  einsum_str: aefg,behi,cfhj,dgij->abcd
  dim_sizes:  60,60,20,20,8,8,8,8,8,8
  cont_path:  (2,3),(0,2),(0,1)
  backend:    torch
  dtype:      FP32
*** benchmarking opt_einsum expression ***
  #flops :          3073638400
  #bytes :          6087680
  arith. intensity: 504.89
  time (eval):      0.018090
  time (compile):   0.000089
  gflops (eval):    169.90
  gflops (total):   169.07
CSV_DATA: opt_einsum,torch,"aefg,behi,cfhj,dgij->abcd","60,60,20,20,8,8,8,8,8,8","(2,3),(0,2),(0,1)",FP32,3073638400,504.89486963835157,8.940696716308594e-05,0.018090486526489258,169.90357862953994,169.06800917580657
*** input parameters ***
  einsum_str: aefg,behi,cfhj,dgij->abcd
  dim_sizes:  60,60,20,20,8,8,8,8,8,8
  cont_path:  (2,3),(0,2),(0,1)
  backend:    torch
  dtype:      FP32
*** benchmarking opt_einsum expression ***
  #flops :          3073638400
  #bytes :          6087680
  arith. intensity: 504.89
  time (eval):      0.018903
  time (compile):   0.000088
  gflops (eval):    162.60
  gflops (total):   161.84
CSV_DATA: opt_einsum,torch,"aefg,behi,cfhj,dgij->abcd","60,60,20,20,8,8,8,8,8,8","(2,3),(0,2),(0,1)",FP32,3073638400,504.89486963835157,8.821487426757812e-05,0.018903493881225586,162.59631258180534,161.8410665186186
*** input parameters ***
  einsum_str: aefg,behi,cfhj,dgij->abcd
  dim_sizes:  60,60,20,20,8,8,8,8,8,8
  cont_path:  (2,3),(0,2),(0,1)
  backend:    torch
  dtype:      FP32
*** benchmarking opt_einsum expression ***
  #flops :          3073638400
  #bytes :          6087680
  arith. intensity: 504.89
  time (eval):      0.018283
  time (compile):   0.000087
  gflops (eval):    168.11
  gflops (total):   167.31
CSV_DATA: opt_einsum,torch,"aefg,behi,cfhj,dgij->abcd","60,60,20,20,8,8,8,8,8,8","(2,3),(0,2),(0,1)",FP32,3073638400,504.89486963835157,8.749961853027344e-05,0.018283367156982422,168.11117851594295,167.31047247574529
*** input parameters ***
  einsum_str: aefg,behi,cfhj,dgij->abcd
  dim_sizes:  60,60,20,20,8,8,8,8,8,8
  cont_path:  (2,3),(0,2),(0,1)
  backend:    torch
  dtype:      FP32
*** benchmarking opt_einsum expression ***
  #flops :          3073638400
  #bytes :          6087680
  arith. intensity: 504.89
  time (eval):      0.018511
  time (compile):   0.000089
  gflops (eval):    166.05
  gflops (total):   165.25
CSV_DATA: opt_einsum,torch,"aefg,behi,cfhj,dgij->abcd","60,60,20,20,8,8,8,8,8,8","(2,3),(0,2),(0,1)",FP32,3073638400,504.89486963835157,8.916854858398438e-05,0.018510818481445312,166.0455156578259,165.24949157425078
*** input parameters ***
  einsum_str: aefg,behi,cfhj,dgij->abcd
  dim_sizes:  60,60,20,20,8,8,8,8,8,8
  cont_path:  (2,3),(0,2),(0,1)
  backend:    torch
  dtype:      FP32
*** benchmarking opt_einsum expression ***
  #flops :          3073638400
  #bytes :          6087680
  arith. intensity: 504.89
  time (eval):      0.017869
  time (compile):   0.000092
  gflops (eval):    172.01
  gflops (total):   171.13
CSV_DATA: opt_einsum,torch,"aefg,behi,cfhj,dgij->abcd","60,60,20,20,8,8,8,8,8,8","(2,3),(0,2),(0,1)",FP32,3073638400,504.89486963835157,9.226799011230469e-05,0.017868995666503906,172.00957778291084,171.1259552090476
*** input parameters ***
  einsum_str: aefg,behi,cfhj,dgij->abcd
  dim_sizes:  60,60,20,20,8,8,8,8,8,8
  cont_path:  (2,3),(0,2),(0,1)
  backend:    torch
  dtype:      FP32
*** benchmarking opt_einsum expression ***
  #flops :          3073638400
  #bytes :          6087680
  arith. intensity: 504.89
  time (eval):      0.018475
  time (compile):   0.000086
  gflops (eval):    166.36
  gflops (total):   165.59
CSV_DATA: opt_einsum,torch,"aefg,behi,cfhj,dgij->abcd","60,60,20,20,8,8,8,8,8,8","(2,3),(0,2),(0,1)",FP32,3073638400,504.89486963835157,8.630752563476562e-05,0.01847529411315918,166.36478862930664,165.591227514336
*** input parameters ***
  einsum_str: aefg,behi,cfhj,dgij->abcd
  dim_sizes:  60,60,20,20,8,8,8,8,8,8
  cont_path:  (2,3),(0,2),(0,1)
  backend:    torch
  dtype:      FP32
*** benchmarking opt_einsum expression ***
  #flops :          3073638400
  #bytes :          6087680
  arith. intensity: 504.89
  time (eval):      0.018291
  time (compile):   0.000086
  gflops (eval):    168.04
  gflops (total):   167.25
CSV_DATA: opt_einsum,torch,"aefg,behi,cfhj,dgij->abcd","60,60,20,20,8,8,8,8,8,8","(2,3),(0,2),(0,1)",FP32,3073638400,504.89486963835157,8.630752563476562e-05,0.018291234970092773,168.03886697784904,167.24969623738147
*** input parameters ***
  einsum_str: aefg,behi,cfhj,dgij->abcd
  dim_sizes:  60,60,20,20,8,8,8,8,8,8
  cont_path:  (2,3),(0,2),(0,1)
  backend:    torch
  dtype:      FP32
*** benchmarking opt_einsum expression ***
  #flops :          3073638400
  #bytes :          6087680
  arith. intensity: 504.89
  time (eval):      0.017859
  time (compile):   0.000088
  gflops (eval):    172.10
  gflops (total):   171.26
CSV_DATA: opt_einsum,torch,"aefg,behi,cfhj,dgij->abcd","60,60,20,20,8,8,8,8,8,8","(2,3),(0,2),(0,1)",FP32,3073638400,504.89486963835157,8.845329284667969e-05,0.017859220504760742,172.10372642975426,171.25553064206807
*** input parameters ***
  einsum_str: aefg,behi,cfhj,dgij->abcd
  dim_sizes:  60,60,20,20,8,8,8,8,8,8
  cont_path:  (2,3),(0,2),(0,1)
  backend:    torch
  dtype:      FP32
*** benchmarking opt_einsum expression ***
  #flops :          3073638400
  #bytes :          6087680
  arith. intensity: 504.89
  time (eval):      0.018716
  time (compile):   0.000088
  gflops (eval):    164.23
  gflops (total):   163.46
CSV_DATA: opt_einsum,torch,"aefg,behi,cfhj,dgij->abcd","60,60,20,20,8,8,8,8,8,8","(2,3),(0,2),(0,1)",FP32,3073638400,504.89486963835157,8.7738037109375e-05,0.018715620040893555,164.22851037177037,163.46220644469298
*** input parameters ***
  einsum_str: aefg,behi,cfhj,dgij->abcd
  dim_sizes:  60,60,20,20,8,8,8,8,8,8
  cont_path:  (2,3),(0,2),(0,1)
  backend:    torch
  dtype:      FP32
*** benchmarking opt_einsum expression ***
  #flops :          3073638400
  #bytes :          6087680
  arith. intensity: 504.89
  time (eval):      0.018626
  time (compile):   0.000091
  gflops (eval):    165.02
  gflops (total):   164.22
CSV_DATA: opt_einsum,torch,"aefg,behi,cfhj,dgij->abcd","60,60,20,20,8,8,8,8,8,8","(2,3),(0,2),(0,1)",FP32,3073638400,504.89486963835157,9.059906005859375e-05,0.018625974655151367,165.01892958121937,164.2201423598283
*** input parameters ***
  einsum_str: aefg,behi,cfhj,dgij->abcd
  dim_sizes:  60,60,20,20,8,8,8,8,8,8
  cont_path:  (2,3),(0,2),(0,1)
  backend:    torch
  dtype:      FP32
*** benchmarking opt_einsum expression ***
  #flops :          3073638400
  #bytes :          6087680
  arith. intensity: 504.89
  time (eval):      0.018702
  time (compile):   0.000088
  gflops (eval):    164.35
  gflops (total):   163.58
CSV_DATA: opt_einsum,torch,"aefg,behi,cfhj,dgij->abcd","60,60,20,20,8,8,8,8,8,8","(2,3),(0,2),(0,1)",FP32,3073638400,504.89486963835157,8.821487426757812e-05,0.018701553344726562,164.3520376806935,163.58043186998606
*** input parameters ***
  einsum_str: aefg,behi,cfhj,dgij->abcd
  dim_sizes:  60,60,20,20,8,8,8,8,8,8
  cont_path:  (2,3),(0,2),(0,1)
  backend:    torch
  dtype:      FP32
*** benchmarking opt_einsum expression ***
  #flops :          3073638400
  #bytes :          6087680
  arith. intensity: 504.89
  time (eval):      0.018226
  time (compile):   0.000088
  gflops (eval):    168.64
  gflops (total):   167.82
CSV_DATA: opt_einsum,torch,"aefg,behi,cfhj,dgij->abcd","60,60,20,20,8,8,8,8,8,8","(2,3),(0,2),(0,1)",FP32,3073638400,504.89486963835157,8.845329284667969e-05,0.018226146697998047,168.63895868552441,167.8244898352396
*** input parameters ***
  einsum_str: aefg,behi,cfhj,dgij->abcd
  dim_sizes:  60,60,20,20,8,8,8,8,8,8
  cont_path:  (2,3),(0,2),(0,1)
  backend:    torch
  dtype:      FP32
*** benchmarking opt_einsum expression ***
  #flops :          3073638400
  #bytes :          6087680
  arith. intensity: 504.89
  time (eval):      0.017835
  time (compile):   0.000091
  gflops (eval):    172.33
  gflops (total):   171.46
CSV_DATA: opt_einsum,torch,"aefg,behi,cfhj,dgij->abcd","60,60,20,20,8,8,8,8,8,8","(2,3),(0,2),(0,1)",FP32,3073638400,504.89486963835157,9.107589721679688e-05,0.017835378646850586,172.33379009549375,171.45824303652927
*** input parameters ***
  einsum_str: aefg,behi,cfhj,dgij->abcd
  dim_sizes:  60,60,20,20,8,8,8,8,8,8
  cont_path:  (2,3),(0,2),(0,1)
  backend:    torch
  dtype:      FP32
*** benchmarking opt_einsum expression ***
  #flops :          3073638400
  #bytes :          6087680
  arith. intensity: 504.89
  time (eval):      0.018297
  time (compile):   0.000089
  gflops (eval):    167.98
  gflops (total):   167.17
CSV_DATA: opt_einsum,torch,"aefg,behi,cfhj,dgij->abcd","60,60,20,20,8,8,8,8,8,8","(2,3),(0,2),(0,1)",FP32,3073638400,504.89486963835157,8.893013000488281e-05,0.018297433853149414,167.98193805034336,167.1694524711948
*** input parameters ***
  einsum_str: aefg,behi,cfhj,dgij->abcd
  dim_sizes:  60,60,20,20,8,8,8,8,8,8
  cont_path:  (2,3),(0,2),(0,1)
  backend:    torch
  dtype:      FP32
*** benchmarking opt_einsum expression ***
  #flops :          3073638400
  #bytes :          6087680
  arith. intensity: 504.89
  time (eval):      0.018537
  time (compile):   0.000088
  gflops (eval):    165.81
  gflops (total):   165.03
CSV_DATA: opt_einsum,torch,"aefg,behi,cfhj,dgij->abcd","60,60,20,20,8,8,8,8,8,8","(2,3),(0,2),(0,1)",FP32,3073638400,504.89486963835157,8.821487426757812e-05,0.01853656768798828,165.81486129126924,165.02949173908192
*** input parameters ***
  einsum_str: aefg,behi,cfhj,dgij->abcd
  dim_sizes:  60,60,20,20,8,8,8,8,8,8
  cont_path:  (2,3),(0,2),(0,1)
  backend:    torch
  dtype:      FP32
*** benchmarking opt_einsum expression ***
  #flops :          3073638400
  #bytes :          6087680
  arith. intensity: 504.89
  time (eval):      0.018402
  time (compile):   0.000088
  gflops (eval):    167.03
  gflops (total):   166.23
CSV_DATA: opt_einsum,torch,"aefg,behi,cfhj,dgij->abcd","60,60,20,20,8,8,8,8,8,8","(2,3),(0,2),(0,1)",FP32,3073638400,504.89486963835157,8.797645568847656e-05,0.018402099609375,167.02650595555556,166.23178775384062
*** input parameters ***
  einsum_str: aefg,behi,cfhj,dgij->abcd
  dim_sizes:  60,60,20,20,8,8,8,8,8,8
  cont_path:  (2,3),(0,2),(0,1)
  backend:    torch
  dtype:      FP32
*** benchmarking opt_einsum expression ***
  #flops :          3073638400
  #bytes :          6087680
  arith. intensity: 504.89
  time (eval):      0.019059
  time (compile):   0.000089
  gflops (eval):    161.27
  gflops (total):   160.52
CSV_DATA: opt_einsum,torch,"aefg,behi,cfhj,dgij->abcd","60,60,20,20,8,8,8,8,8,8","(2,3),(0,2),(0,1)",FP32,3073638400,504.89486963835157,8.893013000488281e-05,0.019059419631958008,161.26610669961096,160.51714315902086
*** input parameters ***
  einsum_str: aefg,behi,cfhj,dgij->abcd
  dim_sizes:  60,60,20,20,8,8,8,8,8,8
  cont_path:  (2,3),(0,2),(0,1)
  backend:    torch
  dtype:      FP32
*** benchmarking opt_einsum expression ***
  #flops :          3073638400
  #bytes :          6087680
  arith. intensity: 504.89
  time (eval):      0.018239
  time (compile):   0.000087
  gflops (eval):    168.52
  gflops (total):   167.72
CSV_DATA: opt_einsum,torch,"aefg,behi,cfhj,dgij->abcd","60,60,20,20,8,8,8,8,8,8","(2,3),(0,2),(0,1)",FP32,3073638400,504.89486963835157,8.654594421386719e-05,0.018239259719848633,168.51771657460168,167.7218702601166
*** input parameters ***
  einsum_str: aefg,behi,cfhj,dgij->abcd
  dim_sizes:  60,60,20,20,8,8,8,8,8,8
  cont_path:  (2,3),(0,2),(0,1)
  backend:    torch
  dtype:      FP32
*** benchmarking opt_einsum expression ***
  #flops :          3073638400
  #bytes :          6087680
  arith. intensity: 504.89
  time (eval):      0.018590
  time (compile):   0.000090
  gflops (eval):    165.34
  gflops (total):   164.54
CSV_DATA: opt_einsum,torch,"aefg,behi,cfhj,dgij->abcd","60,60,20,20,8,8,8,8,8,8","(2,3),(0,2),(0,1)",FP32,3073638400,504.89486963835157,9.036064147949219e-05,0.01858997344970703,165.33850402290057,164.538727465809
*** input parameters ***
  einsum_str: aefg,behi,cfhj,dgij->abcd
  dim_sizes:  60,60,20,20,8,8,8,8,8,8
  cont_path:  (2,3),(0,2),(0,1)
  backend:    torch
  dtype:      FP32
*** benchmarking opt_einsum expression ***
  #flops :          3073638400
  #bytes :          6087680
  arith. intensity: 504.89
  time (eval):      0.018831
  time (compile):   0.000090
  gflops (eval):    163.22
  gflops (total):   162.45
CSV_DATA: opt_einsum,torch,"aefg,behi,cfhj,dgij->abcd","60,60,20,20,8,8,8,8,8,8","(2,3),(0,2),(0,1)",FP32,3073638400,504.89486963835157,8.96453857421875e-05,0.018831253051757812,163.2200678070698,162.44674692129033
*** input parameters ***
  einsum_str: aefg,behi,cfhj,dgij->abcd
  dim_sizes:  60,60,20,20,8,8,8,8,8,8
  cont_path:  (2,3),(0,2),(0,1)
  backend:    torch
  dtype:      FP32
*** benchmarking opt_einsum expression ***
  #flops :          3073638400
  #bytes :          6087680
  arith. intensity: 504.89
  time (eval):      0.019061
  time (compile):   0.000090
  gflops (eval):    161.26
  gflops (total):   160.50
CSV_DATA: opt_einsum,torch,"aefg,behi,cfhj,dgij->abcd","60,60,20,20,8,8,8,8,8,8","(2,3),(0,2),(0,1)",FP32,3073638400,504.89486963835157,9.036064147949219e-05,0.019060611724853516,161.25602075993297,160.49516135292376
*** input parameters ***
  einsum_str: aefg,behi,cfhj,dgij->abcd
  dim_sizes:  60,60,20,20,8,8,8,8,8,8
  cont_path:  (2,3),(0,2),(0,1)
  backend:    torch
  dtype:      FP32
*** benchmarking opt_einsum expression ***
  #flops :          3073638400
  #bytes :          6087680
  arith. intensity: 504.89
  time (eval):      0.018441
  time (compile):   0.000086
  gflops (eval):    166.68
  gflops (total):   165.90
CSV_DATA: opt_einsum,torch,"aefg,behi,cfhj,dgij->abcd","60,60,20,20,8,8,8,8,8,8","(2,3),(0,2),(0,1)",FP32,3073638400,504.89486963835157,8.58306884765625e-05,0.018440723419189453,166.6766715237194,165.90448402534685
*** input parameters ***
  einsum_str: aefg,behi,cfhj,dgij->abcd
  dim_sizes:  60,60,20,20,8,8,8,8,8,8
  cont_path:  (2,3),(0,2),(0,1)
  backend:    torch
  dtype:      FP32
*** benchmarking opt_einsum expression ***
  #flops :          3073638400
  #bytes :          6087680
  arith. intensity: 504.89
  time (eval):      0.018482
  time (compile):   0.000093
  gflops (eval):    166.31
  gflops (total):   165.48
CSV_DATA: opt_einsum,torch,"aefg,behi,cfhj,dgij->abcd","60,60,20,20,8,8,8,8,8,8","(2,3),(0,2),(0,1)",FP32,3073638400,504.89486963835157,9.274482727050781e-05,0.018481731414794922,166.30684274199024,165.4764505843326
*** input parameters ***
  einsum_str: aefg,behi,cfhj,dgij->abcd
  dim_sizes:  60,60,20,20,8,8,8,8,8,8
  cont_path:  (2,3),(0,2),(0,1)
  backend:    torch
  dtype:      FP32
*** benchmarking opt_einsum expression ***
  #flops :          3073638400
  #bytes :          6087680
  arith. intensity: 504.89
  time (eval):      0.018878
  time (compile):   0.000095
  gflops (eval):    162.81
  gflops (total):   161.99
CSV_DATA: opt_einsum,torch,"aefg,behi,cfhj,dgij->abcd","60,60,20,20,8,8,8,8,8,8","(2,3),(0,2),(0,1)",FP32,3073638400,504.89486963835157,9.5367431640625e-05,0.018878459930419922,162.8119248777955,161.99358945080044
*** input parameters ***
  einsum_str: aefg,behi,cfhj,dgij->abcd
  dim_sizes:  60,60,20,20,8,8,8,8,8,8
  cont_path:  (2,3),(0,2),(0,1)
  backend:    torch
  dtype:      FP32
*** benchmarking opt_einsum expression ***
  #flops :          3073638400
  #bytes :          6087680
  arith. intensity: 504.89
  time (eval):      0.018125
  time (compile):   0.000087
  gflops (eval):    169.58
  gflops (total):   168.77
CSV_DATA: opt_einsum,torch,"aefg,behi,cfhj,dgij->abcd","60,60,20,20,8,8,8,8,8,8","(2,3),(0,2),(0,1)",FP32,3073638400,504.89486963835157,8.678436279296875e-05,0.018125057220458984,169.57951429419904,168.77142193168382
*** input parameters ***
  einsum_str: aefg,behi,cfhj,dgij->abcd
  dim_sizes:  60,60,20,20,8,8,8,8,8,8
  cont_path:  (2,3),(0,2),(0,1)
  backend:    torch
  dtype:      FP32
*** benchmarking opt_einsum expression ***
  #flops :          3073638400
  #bytes :          6087680
  arith. intensity: 504.89
  time (eval):      0.017885
  time (compile):   0.000088
  gflops (eval):    171.85
  gflops (total):   171.01
CSV_DATA: opt_einsum,torch,"aefg,behi,cfhj,dgij->abcd","60,60,20,20,8,8,8,8,8,8","(2,3),(0,2),(0,1)",FP32,3073638400,504.89486963835157,8.821487426757812e-05,0.017885446548461914,171.85136483295256,171.00791695748075
*** input parameters ***
  einsum_str: aefg,behi,cfhj,dgij->abcd
  dim_sizes:  60,60,20,20,8,8,8,8,8,8
  cont_path:  (2,3),(0,2),(0,1)
  backend:    torch
  dtype:      FP32
*** benchmarking opt_einsum expression ***
  #flops :          3073638400
  #bytes :          6087680
  arith. intensity: 504.89
  time (eval):      0.018113
  time (compile):   0.000106
  gflops (eval):    169.69
  gflops (total):   168.71
CSV_DATA: opt_einsum,torch,"aefg,behi,cfhj,dgij->abcd","60,60,20,20,8,8,8,8,8,8","(2,3),(0,2),(0,1)",FP32,3073638400,504.89486963835157,0.00010561943054199219,0.018113136291503906,169.69112088234615,168.70737205618795
*** input parameters ***
  einsum_str: aefg,behi,cfhj,dgij->abcd
  dim_sizes:  60,60,20,20,8,8,8,8,8,8
  cont_path:  (2,3),(0,2),(0,1)
  backend:    torch
  dtype:      FP32
*** benchmarking opt_einsum expression ***
  #flops :          3073638400
  #bytes :          6087680
  arith. intensity: 504.89
  time (eval):      0.017779
  time (compile):   0.000089
  gflops (eval):    172.88
  gflops (total):   172.01
CSV_DATA: opt_einsum,torch,"aefg,behi,cfhj,dgij->abcd","60,60,20,20,8,8,8,8,8,8","(2,3),(0,2),(0,1)",FP32,3073638400,504.89486963835157,8.940696716308594e-05,0.01777935028076172,172.87686847172665,172.0118728658065
*** input parameters ***
  einsum_str: aefg,behi,cfhj,dgij->abcd
  dim_sizes:  60,60,20,20,8,8,8,8,8,8
  cont_path:  (2,3),(0,2),(0,1)
  backend:    torch
  dtype:      FP32
*** benchmarking opt_einsum expression ***
  #flops :          3073638400
  #bytes :          6087680
  arith. intensity: 504.89
  time (eval):      0.017908
  time (compile):   0.000087
  gflops (eval):    171.63
  gflops (total):   170.80
CSV_DATA: opt_einsum,torch,"aefg,behi,cfhj,dgij->abcd","60,60,20,20,8,8,8,8,8,8","(2,3),(0,2),(0,1)",FP32,3073638400,504.89486963835157,8.749961853027344e-05,0.017908096313476562,171.63401101919266,170.79947847313295
*** input parameters ***
  einsum_str: aefg,behi,cfhj,dgij->abcd
  dim_sizes:  60,60,20,20,8,8,8,8,8,8
  cont_path:  (2,3),(0,2),(0,1)
  backend:    torch
  dtype:      FP32
*** benchmarking opt_einsum expression ***
  #flops :          3073638400
  #bytes :          6087680
  arith. intensity: 504.89
  time (eval):      0.017831
  time (compile):   0.000090
  gflops (eval):    172.37
  gflops (total):   171.50
CSV_DATA: opt_einsum,torch,"aefg,behi,cfhj,dgij->abcd","60,60,20,20,8,8,8,8,8,8","(2,3),(0,2),(0,1)",FP32,3073638400,504.89486963835157,9.036064147949219e-05,0.01783132553100586,172.37296210286937,171.50386243895224
*** input parameters ***
  einsum_str: aefg,behi,cfhj,dgij->abcd
  dim_sizes:  60,60,20,20,8,8,8,8,8,8
  cont_path:  (2,3),(0,2),(0,1)
  backend:    torch
  dtype:      FP32
*** benchmarking opt_einsum expression ***
  #flops :          3073638400
  #bytes :          6087680
  arith. intensity: 504.89
  time (eval):      0.017691
  time (compile):   0.000086
  gflops (eval):    173.74
  gflops (total):   172.90
CSV_DATA: opt_einsum,torch,"aefg,behi,cfhj,dgij->abcd","60,60,20,20,8,8,8,8,8,8","(2,3),(0,2),(0,1)",FP32,3073638400,504.89486963835157,8.606910705566406e-05,0.017691373825073242,173.73655830186922,172.89541649688323
*** input parameters ***
  einsum_str: aefg,behi,cfhj,dgij->abcd
  dim_sizes:  60,60,20,20,8,8,8,8,8,8
  cont_path:  (2,3),(0,2),(0,1)
  backend:    torch
  dtype:      FP32
*** benchmarking opt_einsum expression ***
  #flops :          3073638400
  #bytes :          6087680
  arith. intensity: 504.89
  time (eval):      0.017770
  time (compile):   0.000086
  gflops (eval):    172.97
  gflops (total):   172.14
CSV_DATA: opt_einsum,torch,"aefg,behi,cfhj,dgij->abcd","60,60,20,20,8,8,8,8,8,8","(2,3),(0,2),(0,1)",FP32,3073638400,504.89486963835157,8.606910705566406e-05,0.017769813537597656,172.9696484150915,172.13589835730443
*** input parameters ***
  einsum_str: aefg,behi,cfhj,dgij->abcd
  dim_sizes:  60,60,20,20,8,8,8,8,8,8
  cont_path:  (2,3),(0,2),(0,1)
  backend:    torch
  dtype:      FP32
*** benchmarking opt_einsum expression ***
  #flops :          3073638400
  #bytes :          6087680
  arith. intensity: 504.89
  time (eval):      0.018384
  time (compile):   0.000092
  gflops (eval):    167.20
  gflops (total):   166.37
CSV_DATA: opt_einsum,torch,"aefg,behi,cfhj,dgij->abcd","60,60,20,20,8,8,8,8,8,8","(2,3),(0,2),(0,1)",FP32,3073638400,504.89486963835157,9.1552734375e-05,0.018383502960205078,167.19546903838352,166.36693554876243
*** input parameters ***
  einsum_str: aefg,behi,cfhj,dgij->abcd
  dim_sizes:  60,60,20,20,8,8,8,8,8,8
  cont_path:  (2,3),(0,2),(0,1)
  backend:    torch
  dtype:      FP32
*** benchmarking opt_einsum expression ***
  #flops :          3073638400
  #bytes :          6087680
  arith. intensity: 504.89
  time (eval):      0.018733
  time (compile):   0.000083
  gflops (eval):    164.08
  gflops (total):   163.35
CSV_DATA: opt_einsum,torch,"aefg,behi,cfhj,dgij->abcd","60,60,20,20,8,8,8,8,8,8","(2,3),(0,2),(0,1)",FP32,3073638400,504.89486963835157,8.344650268554688e-05,0.01873302459716797,164.07592826545846,163.34829116942805
*** input parameters ***
  einsum_str: aefg,behi,cfhj,dgij->abcd
  dim_sizes:  60,60,20,20,8,8,8,8,8,8
  cont_path:  (2,3),(0,2),(0,1)
  backend:    torch
  dtype:      FP32
*** benchmarking opt_einsum expression ***
  #flops :          3073638400
  #bytes :          6087680
  arith. intensity: 504.89
  time (eval):      0.018065
  time (compile):   0.000086
  gflops (eval):    170.14
  gflops (total):   169.33
CSV_DATA: opt_einsum,torch,"aefg,behi,cfhj,dgij->abcd","60,60,20,20,8,8,8,8,8,8","(2,3),(0,2),(0,1)",FP32,3073638400,504.89486963835157,8.630752563476562e-05,0.018065214157104492,170.14126559862746,169.33227162562358
*** input parameters ***
  einsum_str: aefg,behi,cfhj,dgij->abcd
  dim_sizes:  60,60,20,20,8,8,8,8,8,8
  cont_path:  (2,3),(0,2),(0,1)
  backend:    torch
  dtype:      FP32
*** benchmarking opt_einsum expression ***
  #flops :          3073638400
  #bytes :          6087680
  arith. intensity: 504.89
  time (eval):      0.018001
  time (compile):   0.000089
  gflops (eval):    170.75
  gflops (total):   169.91
CSV_DATA: opt_einsum,torch,"aefg,behi,cfhj,dgij->abcd","60,60,20,20,8,8,8,8,8,8","(2,3),(0,2),(0,1)",FP32,3073638400,504.89486963835157,8.940696716308594e-05,0.01800060272216797,170.7519713334252,169.90805714232093
*** input parameters ***
  einsum_str: aefg,behi,cfhj,dgij->abcd
  dim_sizes:  60,60,20,20,8,8,8,8,8,8
  cont_path:  (2,3),(0,2),(0,1)
  backend:    torch
  dtype:      FP32
*** benchmarking opt_einsum expression ***
  #flops :          3073638400
  #bytes :          6087680
  arith. intensity: 504.89
  time (eval):      0.018316
  time (compile):   0.000089
  gflops (eval):    167.81
  gflops (total):   167.00
CSV_DATA: opt_einsum,torch,"aefg,behi,cfhj,dgij->abcd","60,60,20,20,8,8,8,8,8,8","(2,3),(0,2),(0,1)",FP32,3073638400,504.89486963835157,8.869171142578125e-05,0.018316030502319336,167.81138247235333,167.0027053005195
*** input parameters ***
  einsum_str: aefg,behi,cfhj,dgij->abcd
  dim_sizes:  60,60,20,20,8,8,8,8,8,8
  cont_path:  (2,3),(0,2),(0,1)
  backend:    torch
  dtype:      FP32
*** benchmarking opt_einsum expression ***
  #flops :          3073638400
  #bytes :          6087680
  arith. intensity: 504.89
  time (eval):      0.018315
  time (compile):   0.000091
  gflops (eval):    167.82
  gflops (total):   166.99
CSV_DATA: opt_einsum,torch,"aefg,behi,cfhj,dgij->abcd","60,60,20,20,8,8,8,8,8,8","(2,3),(0,2),(0,1)",FP32,3073638400,504.89486963835157,9.131431579589844e-05,0.01831531524658203,167.81793589785994,166.98539999318163
*** input parameters ***
  einsum_str: aefg,behi,cfhj,dgij->abcd
  dim_sizes:  60,60,20,20,8,8,8,8,8,8
  cont_path:  (2,3),(0,2),(0,1)
  backend:    torch
  dtype:      FP32
*** benchmarking opt_einsum expression ***
  #flops :          3073638400
  #bytes :          6087680
  arith. intensity: 504.89
  time (eval):      0.017992
  time (compile):   0.000089
  gflops (eval):    170.83
  gflops (total):   169.99
CSV_DATA: opt_einsum,torch,"aefg,behi,cfhj,dgij->abcd","60,60,20,20,8,8,8,8,8,8","(2,3),(0,2),(0,1)",FP32,3073638400,504.89486963835157,8.869171142578125e-05,0.017992258071899414,170.83116458853246,169.99319376654668
*** input parameters ***
  einsum_str: aefg,behi,cfhj,dgij->abcd
  dim_sizes:  60,60,20,20,8,8,8,8,8,8
  cont_path:  (2,3),(0,2),(0,1)
  backend:    torch
  dtype:      FP32
*** benchmarking opt_einsum expression ***
  #flops :          3073638400
  #bytes :          6087680
  arith. intensity: 504.89
  time (eval):      0.018144
  time (compile):   0.000086
  gflops (eval):    169.40
  gflops (total):   168.60
CSV_DATA: opt_einsum,torch,"aefg,behi,cfhj,dgij->abcd","60,60,20,20,8,8,8,8,8,8","(2,3),(0,2),(0,1)",FP32,3073638400,504.89486963835157,8.630752563476562e-05,0.018143892288208008,169.403474798933,168.60146522728118
*** input parameters ***
  einsum_str: aefg,behi,cfhj,dgij->abcd
  dim_sizes:  60,60,20,20,8,8,8,8,8,8
  cont_path:  (2,3),(0,2),(0,1)
  backend:    torch
  dtype:      FP32
*** benchmarking opt_einsum expression ***
  #flops :          3073638400
  #bytes :          6087680
  arith. intensity: 504.89
  time (eval):      0.018603
  time (compile):   0.000089
  gflops (eval):    165.23
  gflops (total):   164.44
CSV_DATA: opt_einsum,torch,"aefg,behi,cfhj,dgij->abcd","60,60,20,20,8,8,8,8,8,8","(2,3),(0,2),(0,1)",FP32,3073638400,504.89486963835157,8.940696716308594e-05,0.018602609634399414,165.22619462574306,164.43589076114287
*** input parameters ***
  einsum_str: aefg,behi,cfhj,dgij->abcd
  dim_sizes:  60,60,20,20,8,8,8,8,8,8
  cont_path:  (2,3),(0,2),(0,1)
  backend:    torch
  dtype:      FP32
*** benchmarking opt_einsum expression ***
  #flops :          3073638400
  #bytes :          6087680
  arith. intensity: 504.89
  time (eval):      0.017971
  time (compile):   0.000087
  gflops (eval):    171.04
  gflops (total):   170.21
CSV_DATA: opt_einsum,torch,"aefg,behi,cfhj,dgij->abcd","60,60,20,20,8,8,8,8,8,8","(2,3),(0,2),(0,1)",FP32,3073638400,504.89486963835157,8.678436279296875e-05,0.017970800399780273,171.0351420984889,170.2131508954911
*** input parameters ***
  einsum_str: aefg,behi,cfhj,dgij->abcd
  dim_sizes:  60,60,20,20,8,8,8,8,8,8
  cont_path:  (2,3),(0,2),(0,1)
  backend:    torch
  dtype:      FP32
*** benchmarking opt_einsum expression ***
  #flops :          3073638400
  #bytes :          6087680
  arith. intensity: 504.89
  time (eval):      0.018376
  time (compile):   0.000087
  gflops (eval):    167.26
  gflops (total):   166.48
CSV_DATA: opt_einsum,torch,"aefg,behi,cfhj,dgij->abcd","60,60,20,20,8,8,8,8,8,8","(2,3),(0,2),(0,1)",FP32,3073638400,504.89486963835157,8.678436279296875e-05,0.018375873565673828,167.26488615711656,166.47865176881635
*** input parameters ***
  einsum_str: aefg,behi,cfhj,dgij->abcd
  dim_sizes:  60,60,20,20,8,8,8,8,8,8
  cont_path:  (2,3),(0,2),(0,1)
  backend:    torch
  dtype:      FP32
*** benchmarking opt_einsum expression ***
  #flops :          3073638400
  #bytes :          6087680
  arith. intensity: 504.89
  time (eval):      0.017976
  time (compile):   0.000092
  gflops (eval):    170.98
  gflops (total):   170.11
CSV_DATA: opt_einsum,torch,"aefg,behi,cfhj,dgij->abcd","60,60,20,20,8,8,8,8,8,8","(2,3),(0,2),(0,1)",FP32,3073638400,504.89486963835157,9.226799011230469e-05,0.01797628402709961,170.98296819111386,170.10983487066835
*** input parameters ***
  einsum_str: aefg,behi,cfhj,dgij->abcd
  dim_sizes:  60,60,20,20,8,8,8,8,8,8
  cont_path:  (2,3),(0,2),(0,1)
  backend:    torch
  dtype:      FP32
*** benchmarking opt_einsum expression ***
  #flops :          3073638400
  #bytes :          6087680
  arith. intensity: 504.89
  time (eval):      0.017827
  time (compile):   0.000085
  gflops (eval):    172.42
  gflops (total):   171.60
CSV_DATA: opt_einsum,torch,"aefg,behi,cfhj,dgij->abcd","60,60,20,20,8,8,8,8,8,8","(2,3),(0,2),(0,1)",FP32,3073638400,504.89486963835157,8.487701416015625e-05,0.017826557159423828,172.4190696224903,171.6020264046216
*** input parameters ***
  einsum_str: aefg,behi,cfhj,dgij->abcd
  dim_sizes:  60,60,20,20,8,8,8,8,8,8
  cont_path:  (2,3),(0,2),(0,1)
  backend:    torch
  dtype:      FP32
*** benchmarking opt_einsum expression ***
  #flops :          3073638400
  #bytes :          6087680
  arith. intensity: 504.89
  time (eval):      0.018070
  time (compile):   0.000088
  gflops (eval):    170.10
  gflops (total):   169.27
CSV_DATA: opt_einsum,torch,"aefg,behi,cfhj,dgij->abcd","60,60,20,20,8,8,8,8,8,8","(2,3),(0,2),(0,1)",FP32,3073638400,504.89486963835157,8.845329284667969e-05,0.01806950569152832,170.10085679549275,169.2722404894118
*** input parameters ***
  einsum_str: aefg,behi,cfhj,dgij->abcd
  dim_sizes:  60,60,20,20,8,8,8,8,8,8
  cont_path:  (2,3),(0,2),(0,1)
  backend:    torch
  dtype:      FP32
*** benchmarking opt_einsum expression ***
  #flops :          3073638400
  #bytes :          6087680
  arith. intensity: 504.89
  time (eval):      0.018344
  time (compile):   0.000088
  gflops (eval):    167.56
  gflops (total):   166.76
CSV_DATA: opt_einsum,torch,"aefg,behi,cfhj,dgij->abcd","60,60,20,20,8,8,8,8,8,8","(2,3),(0,2),(0,1)",FP32,3073638400,504.89486963835157,8.797645568847656e-05,0.018343687057495117,167.55837528007385,166.75859983020646
*** input parameters ***
  einsum_str: aefg,behi,cfhj,dgij->abcd
  dim_sizes:  60,60,20,20,8,8,8,8,8,8
  cont_path:  (2,3),(0,2),(0,1)
  backend:    torch
  dtype:      FP32
*** benchmarking opt_einsum expression ***
  #flops :          3073638400
  #bytes :          6087680
  arith. intensity: 504.89
  time (eval):      0.018626
  time (compile):   0.000087
  gflops (eval):    165.01
  gflops (total):   164.25
CSV_DATA: opt_einsum,torch,"aefg,behi,cfhj,dgij->abcd","60,60,20,20,8,8,8,8,8,8","(2,3),(0,2),(0,1)",FP32,3073638400,504.89486963835157,8.678436279296875e-05,0.01862645149230957,165.0147050966221,164.2494341331091
*** input parameters ***
  einsum_str: aefg,behi,cfhj,dgij->abcd
  dim_sizes:  60,60,20,20,8,8,8,8,8,8
  cont_path:  (2,3),(0,2),(0,1)
  backend:    torch
  dtype:      FP32
*** benchmarking opt_einsum expression ***
  #flops :          3073638400
  #bytes :          6087680
  arith. intensity: 504.89
  time (eval):      0.018650
  time (compile):   0.000090
  gflops (eval):    164.81
  gflops (total):   164.02
CSV_DATA: opt_einsum,torch,"aefg,behi,cfhj,dgij->abcd","60,60,20,20,8,8,8,8,8,8","(2,3),(0,2),(0,1)",FP32,3073638400,504.89486963835157,8.988380432128906e-05,0.018649578094482422,164.81007690513667,164.01956558828485
*** input parameters ***
  einsum_str: aefg,behi,cfhj,dgij->abcd
  dim_sizes:  60,60,20,20,8,8,8,8,8,8
  cont_path:  (2,3),(0,2),(0,1)
  backend:    torch
  dtype:      FP32
*** benchmarking opt_einsum expression ***
  #flops :          3073638400
  #bytes :          6087680
  arith. intensity: 504.89
  time (eval):      0.018503
  time (compile):   0.000090
  gflops (eval):    166.11
  gflops (total):   165.31
CSV_DATA: opt_einsum,torch,"aefg,behi,cfhj,dgij->abcd","60,60,20,20,8,8,8,8,8,8","(2,3),(0,2),(0,1)",FP32,3073638400,504.89486963835157,9.012222290039062e-05,0.018503427505493164,166.1118405812934,165.3067028565479
*** input parameters ***
  einsum_str: aefg,behi,cfhj,dgij->abcd
  dim_sizes:  60,60,20,20,8,8,8,8,8,8
  cont_path:  (2,3),(0,2),(0,1)
  backend:    torch
  dtype:      FP32
*** benchmarking opt_einsum expression ***
  #flops :          3073638400
  #bytes :          6087680
  arith. intensity: 504.89
  time (eval):      0.018227
  time (compile):   0.000089
  gflops (eval):    168.63
  gflops (total):   167.81
CSV_DATA: opt_einsum,torch,"aefg,behi,cfhj,dgij->abcd","60,60,20,20,8,8,8,8,8,8","(2,3),(0,2),(0,1)",FP32,3073638400,504.89486963835157,8.916854858398438e-05,0.018227100372314453,168.63013519520734,167.8091981109237
*** input parameters ***
  einsum_str: aefg,behi,cfhj,dgij->abcd
  dim_sizes:  60,60,20,20,8,8,8,8,8,8
  cont_path:  (2,3),(0,2),(0,1)
  backend:    torch
  dtype:      FP32
*** benchmarking opt_einsum expression ***
  #flops :          3073638400
  #bytes :          6087680
  arith. intensity: 504.89
  time (eval):      0.018146
  time (compile):   0.000092
  gflops (eval):    169.39
  gflops (total):   168.54
CSV_DATA: opt_einsum,torch,"aefg,behi,cfhj,dgij->abcd","60,60,20,20,8,8,8,8,8,8","(2,3),(0,2),(0,1)",FP32,3073638400,504.89486963835157,9.1552734375e-05,0.01814556121826172,169.3878939884585,168.53754426179995
*** input parameters ***
  einsum_str: aefg,behi,cfhj,dgij->abcd
  dim_sizes:  60,60,20,20,8,8,8,8,8,8
  cont_path:  (2,3),(0,2),(0,1)
  backend:    torch
  dtype:      FP32
*** benchmarking opt_einsum expression ***
  #flops :          3073638400
  #bytes :          6087680
  arith. intensity: 504.89
  time (eval):      0.017658
  time (compile):   0.000086
  gflops (eval):    174.06
  gflops (total):   173.21
CSV_DATA: opt_einsum,torch,"aefg,behi,cfhj,dgij->abcd","60,60,20,20,8,8,8,8,8,8","(2,3),(0,2),(0,1)",FP32,3073638400,504.89486963835157,8.630752563476562e-05,0.017658472061157227,174.06026916456625,173.213670249689
*** input parameters ***
  einsum_str: aefg,behi,cfhj,dgij->abcd
  dim_sizes:  60,60,20,20,8,8,8,8,8,8
  cont_path:  (2,3),(0,2),(0,1)
  backend:    torch
  dtype:      FP32
*** benchmarking opt_einsum expression ***
  #flops :          3073638400
  #bytes :          6087680
  arith. intensity: 504.89
  time (eval):      0.018107
  time (compile):   0.000088
  gflops (eval):    169.75
  gflops (total):   168.93
CSV_DATA: opt_einsum,torch,"aefg,behi,cfhj,dgij->abcd","60,60,20,20,8,8,8,8,8,8","(2,3),(0,2),(0,1)",FP32,3073638400,504.89486963835157,8.797645568847656e-05,0.018107175827026367,169.74697928389008,168.9262256364799
*** input parameters ***
  einsum_str: aefg,behi,cfhj,dgij->abcd
  dim_sizes:  60,60,20,20,8,8,8,8,8,8
  cont_path:  (2,3),(0,2),(0,1)
  backend:    torch
  dtype:      FP32
*** benchmarking opt_einsum expression ***
  #flops :          3073638400
  #bytes :          6087680
  arith. intensity: 504.89
  time (eval):      0.017867
  time (compile):   0.000088
  gflops (eval):    172.03
  gflops (total):   171.19
CSV_DATA: opt_einsum,torch,"aefg,behi,cfhj,dgij->abcd","60,60,20,20,8,8,8,8,8,8","(2,3),(0,2),(0,1)",FP32,3073638400,504.89486963835157,8.7738037109375e-05,0.017867088317871094,172.02794016111025,171.1873085950178
*** input parameters ***
  einsum_str: aefg,behi,cfhj,dgij->abcd
  dim_sizes:  60,60,20,20,8,8,8,8,8,8
  cont_path:  (2,3),(0,2),(0,1)
  backend:    torch
  dtype:      FP32
*** benchmarking opt_einsum expression ***
  #flops :          3073638400
  #bytes :          6087680
  arith. intensity: 504.89
  time (eval):      0.017856
  time (compile):   0.000086
  gflops (eval):    172.13
  gflops (total):   171.31
CSV_DATA: opt_einsum,torch,"aefg,behi,cfhj,dgij->abcd","60,60,20,20,8,8,8,8,8,8","(2,3),(0,2),(0,1)",FP32,3073638400,504.89486963835157,8.58306884765625e-05,0.017856121063232422,172.13359996359657,171.31014744297445
*** input parameters ***
  einsum_str: aefg,behi,cfhj,dgij->abcd
  dim_sizes:  60,60,20,20,8,8,8,8,8,8
  cont_path:  (2,3),(0,2),(0,1)
  backend:    torch
  dtype:      FP32
*** benchmarking opt_einsum expression ***
  #flops :          3073638400
  #bytes :          6087680
  arith. intensity: 504.89
  time (eval):      0.018214
  time (compile):   0.000085
  gflops (eval):    168.76
  gflops (total):   167.98
CSV_DATA: opt_einsum,torch,"aefg,behi,cfhj,dgij->abcd","60,60,20,20,8,8,8,8,8,8","(2,3),(0,2),(0,1)",FP32,3073638400,504.89486963835157,8.463859558105469e-05,0.018213510513305664,168.75595716457792,167.97537180999635
*** input parameters ***
  einsum_str: aefg,behi,cfhj,dgij->abcd
  dim_sizes:  60,60,20,20,8,8,8,8,8,8
  cont_path:  (2,3),(0,2),(0,1)
  backend:    torch
  dtype:      FP32
*** benchmarking opt_einsum expression ***
  #flops :          3073638400
  #bytes :          6087680
  arith. intensity: 504.89
  time (eval):      0.018083
  time (compile):   0.000087
  gflops (eval):    169.97
  gflops (total):   169.15
CSV_DATA: opt_einsum,torch,"aefg,behi,cfhj,dgij->abcd","60,60,20,20,8,8,8,8,8,8","(2,3),(0,2),(0,1)",FP32,3073638400,504.89486963835157,8.726119995117188e-05,0.01808333396911621,169.9707811208565,169.15452528667814
*** input parameters ***
  einsum_str: aefg,behi,cfhj,dgij->abcd
  dim_sizes:  60,60,20,20,8,8,8,8,8,8
  cont_path:  (2,3),(0,2),(0,1)
  backend:    torch
  dtype:      FP32
*** benchmarking opt_einsum expression ***
  #flops :          3073638400
  #bytes :          6087680
  arith. intensity: 504.89
  time (eval):      0.017771
  time (compile):   0.000090
  gflops (eval):    172.96
  gflops (total):   172.09
CSV_DATA: opt_einsum,torch,"aefg,behi,cfhj,dgij->abcd","60,60,20,20,8,8,8,8,8,8","(2,3),(0,2),(0,1)",FP32,3073638400,504.89486963835157,8.96453857421875e-05,0.017770767211914062,172.9603659395943,172.09223936984196
*** input parameters ***
  einsum_str: aefg,behi,cfhj,dgij->abcd
  dim_sizes:  60,60,20,20,8,8,8,8,8,8
  cont_path:  (2,3),(0,2),(0,1)
  backend:    torch
  dtype:      FP32
*** benchmarking opt_einsum expression ***
  #flops :          3073638400
  #bytes :          6087680
  arith. intensity: 504.89
  time (eval):      0.018187
  time (compile):   0.000088
  gflops (eval):    169.01
  gflops (total):   168.19
CSV_DATA: opt_einsum,torch,"aefg,behi,cfhj,dgij->abcd","60,60,20,20,8,8,8,8,8,8","(2,3),(0,2),(0,1)",FP32,3073638400,504.89486963835157,8.7738037109375e-05,0.018186569213867188,169.00594960243313,168.1945234797203
*** input parameters ***
  einsum_str: aefg,behi,cfhj,dgij->abcd
  dim_sizes:  60,60,20,20,8,8,8,8,8,8
  cont_path:  (2,3),(0,2),(0,1)
  backend:    torch
  dtype:      FP32
*** benchmarking opt_einsum expression ***
  #flops :          3073638400
  #bytes :          6087680
  arith. intensity: 504.89
  time (eval):      0.017689
  time (compile):   0.000093
  gflops (eval):    173.76
  gflops (total):   172.86
CSV_DATA: opt_einsum,torch,"aefg,behi,cfhj,dgij->abcd","60,60,20,20,8,8,8,8,8,8","(2,3),(0,2),(0,1)",FP32,3073638400,504.89486963835157,9.250640869140625e-05,0.017688512802124023,173.76465926694075,172.86064221394227
*** input parameters ***
  einsum_str: aefg,behi,cfhj,dgij->abcd
  dim_sizes:  60,60,20,20,8,8,8,8,8,8
  cont_path:  (2,3),(0,2),(0,1)
  backend:    torch
  dtype:      FP32
*** benchmarking opt_einsum expression ***
  #flops :          3073638400
  #bytes :          6087680
  arith. intensity: 504.89
  time (eval):      0.017696
  time (compile):   0.000088
  gflops (eval):    173.69
  gflops (total):   172.83
CSV_DATA: opt_einsum,torch,"aefg,behi,cfhj,dgij->abcd","60,60,20,20,8,8,8,8,8,8","(2,3),(0,2),(0,1)",FP32,3073638400,504.89486963835157,8.797645568847656e-05,0.017696142196655273,173.68974355218197,172.83051581501502
*** input parameters ***
  einsum_str: aefg,behi,cfhj,dgij->abcd
  dim_sizes:  60,60,20,20,8,8,8,8,8,8
  cont_path:  (2,3),(0,2),(0,1)
  backend:    torch
  dtype:      FP32
*** benchmarking opt_einsum expression ***
  #flops :          3073638400
  #bytes :          6087680
  arith. intensity: 504.89
  time (eval):      0.018593
  time (compile):   0.000089
  gflops (eval):    165.32
  gflops (total):   164.53
CSV_DATA: opt_einsum,torch,"aefg,behi,cfhj,dgij->abcd","60,60,20,20,8,8,8,8,8,8","(2,3),(0,2),(0,1)",FP32,3073638400,504.89486963835157,8.916854858398438e-05,0.01859259605407715,165.31518197137328,164.52612830600458
*** input parameters ***
  einsum_str: aefg,behi,cfhj,dgij->abcd
  dim_sizes:  60,60,20,20,8,8,8,8,8,8
  cont_path:  (2,3),(0,2),(0,1)
  backend:    torch
  dtype:      FP32
*** benchmarking opt_einsum expression ***
  #flops :          3073638400
  #bytes :          6087680
  arith. intensity: 504.89
  time (eval):      0.018240
  time (compile):   0.000083
  gflops (eval):    168.51
  gflops (total):   167.75
CSV_DATA: opt_einsum,torch,"aefg,behi,cfhj,dgij->abcd","60,60,20,20,8,8,8,8,8,8","(2,3),(0,2),(0,1)",FP32,3073638400,504.89486963835157,8.320808410644531e-05,0.018239974975585938,168.51110838222314,167.74587635711814
*** input parameters ***
  einsum_str: aefg,behi,cfhj,dgij->abcd
  dim_sizes:  60,60,20,20,8,8,8,8,8,8
  cont_path:  (2,3),(0,2),(0,1)
  backend:    torch
  dtype:      FP32
*** benchmarking opt_einsum expression ***
  #flops :          3073638400
  #bytes :          6087680
  arith. intensity: 504.89
  time (eval):      0.018063
  time (compile):   0.000086
  gflops (eval):    170.16
  gflops (total):   169.35
CSV_DATA: opt_einsum,torch,"aefg,behi,cfhj,dgij->abcd","60,60,20,20,8,8,8,8,8,8","(2,3),(0,2),(0,1)",FP32,3073638400,504.89486963835157,8.630752563476562e-05,0.018062829971313477,170.1637232306015,169.35451618661378
*** input parameters ***
  einsum_str: aefg,behi,cfhj,dgij->abcd
  dim_sizes:  60,60,20,20,8,8,8,8,8,8
  cont_path:  (2,3),(0,2),(0,1)
  backend:    torch
  dtype:      FP32
*** benchmarking opt_einsum expression ***
  #flops :          3073638400
  #bytes :          6087680
  arith. intensity: 504.89
  time (eval):      0.017504
  time (compile):   0.000090
  gflops (eval):    175.59
  gflops (total):   174.69
CSV_DATA: opt_einsum,torch,"aefg,behi,cfhj,dgij->abcd","60,60,20,20,8,8,8,8,8,8","(2,3),(0,2),(0,1)",FP32,3073638400,504.89486963835157,9.012222290039062e-05,0.017504453659057617,175.5917928012313,174.69238364260877
*** input parameters ***
  einsum_str: aefg,behi,cfhj,dgij->abcd
  dim_sizes:  60,60,20,20,8,8,8,8,8,8
  cont_path:  (2,3),(0,2),(0,1)
  backend:    torch
  dtype:      FP32
*** benchmarking opt_einsum expression ***
  #flops :          3073638400
  #bytes :          6087680
  arith. intensity: 504.89
  time (eval):      0.018175
  time (compile):   0.000085
  gflops (eval):    169.11
  gflops (total):   168.33
CSV_DATA: opt_einsum,torch,"aefg,behi,cfhj,dgij->abcd","60,60,20,20,8,8,8,8,8,8","(2,3),(0,2),(0,1)",FP32,3073638400,504.89486963835157,8.487701416015625e-05,0.01817488670349121,169.11458377397122,168.32848702356276
*** input parameters ***
  einsum_str: aefg,behi,cfhj,dgij->abcd
  dim_sizes:  60,60,20,20,8,8,8,8,8,8
  cont_path:  (2,3),(0,2),(0,1)
  backend:    torch
  dtype:      FP32
*** benchmarking opt_einsum expression ***
  #flops :          3073638400
  #bytes :          6087680
  arith. intensity: 504.89
  time (eval):      0.017806
  time (compile):   0.000089
  gflops (eval):    172.62
  gflops (total):   171.76
CSV_DATA: opt_einsum,torch,"aefg,behi,cfhj,dgij->abcd","60,60,20,20,8,8,8,8,8,8","(2,3),(0,2),(0,1)",FP32,3073638400,504.89486963835157,8.869171142578125e-05,0.017806053161621094,172.61761335324303,171.76206879761247
*** input parameters ***
  einsum_str: aefg,behi,cfhj,dgij->abcd
  dim_sizes:  60,60,20,20,8,8,8,8,8,8
  cont_path:  (2,3),(0,2),(0,1)
  backend:    torch
  dtype:      FP32
*** benchmarking opt_einsum expression ***
  #flops :          3073638400
  #bytes :          6087680
  arith. intensity: 504.89
  time (eval):      0.018395
  time (compile):   0.000094
  gflops (eval):    167.09
  gflops (total):   166.24
CSV_DATA: opt_einsum,torch,"aefg,behi,cfhj,dgij->abcd","60,60,20,20,8,8,8,8,8,8","(2,3),(0,2),(0,1)",FP32,3073638400,504.89486963835157,9.441375732421875e-05,0.018394947052001953,167.09145132687354,166.2382183839278
*** input parameters ***
  einsum_str: aefg,behi,cfhj,dgij->abcd
  dim_sizes:  60,60,20,20,8,8,8,8,8,8
  cont_path:  (2,3),(0,2),(0,1)
  backend:    torch
  dtype:      FP32
*** benchmarking opt_einsum expression ***
  #flops :          3073638400
  #bytes :          6087680
  arith. intensity: 504.89
  time (eval):      0.018648
  time (compile):   0.000091
  gflops (eval):    164.82
  gflops (total):   164.02
CSV_DATA: opt_einsum,torch,"aefg,behi,cfhj,dgij->abcd","60,60,20,20,8,8,8,8,8,8","(2,3),(0,2),(0,1)",FP32,3073638400,504.89486963835157,9.107589721679688e-05,0.018648386001586914,164.82061234352634,164.01956558828485
*** input parameters ***
  einsum_str: aefg,behi,cfhj,dgij->abcd
  dim_sizes:  60,60,20,20,8,8,8,8,8,8
  cont_path:  (2,3),(0,2),(0,1)
  backend:    torch
  dtype:      FP32
*** benchmarking opt_einsum expression ***
  #flops :          3073638400
  #bytes :          6087680
  arith. intensity: 504.89
  time (eval):      0.018318
  time (compile):   0.000089
  gflops (eval):    167.79
  gflops (total):   166.98
CSV_DATA: opt_einsum,torch,"aefg,behi,cfhj,dgij->abcd","60,60,20,20,8,8,8,8,8,8","(2,3),(0,2),(0,1)",FP32,3073638400,504.89486963835157,8.869171142578125e-05,0.01831817626953125,167.7917252664723,166.9832370819336
*** input parameters ***
  einsum_str: aefg,behi,cfhj,dgij->abcd
  dim_sizes:  60,60,20,20,8,8,8,8,8,8
  cont_path:  (2,3),(0,2),(0,1)
  backend:    torch
  dtype:      FP32
*** benchmarking opt_einsum expression ***
  #flops :          3073638400
  #bytes :          6087680
  arith. intensity: 504.89
  time (eval):      0.018208
  time (compile):   0.000087
  gflops (eval):    168.81
  gflops (total):   168.01
CSV_DATA: opt_einsum,torch,"aefg,behi,cfhj,dgij->abcd","60,60,20,20,8,8,8,8,8,8","(2,3),(0,2),(0,1)",FP32,3073638400,504.89486963835157,8.654594421386719e-05,0.018207550048828125,168.8112014937356,168.0125872942305
*** input parameters ***
  einsum_str: aefg,behi,cfhj,dgij->abcd
  dim_sizes:  60,60,20,20,8,8,8,8,8,8
  cont_path:  (2,3),(0,2),(0,1)
  backend:    torch
  dtype:      FP32
*** benchmarking opt_einsum expression ***
  #flops :          3073638400
  #bytes :          6087680
  arith. intensity: 504.89
  time (eval):      0.018196
  time (compile):   0.000090
  gflops (eval):    168.92
  gflops (total):   168.09
CSV_DATA: opt_einsum,torch,"aefg,behi,cfhj,dgij->abcd","60,60,20,20,8,8,8,8,8,8","(2,3),(0,2),(0,1)",FP32,3073638400,504.89486963835157,8.96453857421875e-05,0.01819634437561035,168.9151588117766,168.08706775589135
*** input parameters ***
  einsum_str: aefg,behi,cfhj,dgij->abcd
  dim_sizes:  60,60,20,20,8,8,8,8,8,8
  cont_path:  (2,3),(0,2),(0,1)
  backend:    torch
  dtype:      FP32
*** benchmarking opt_einsum expression ***
  #flops :          3073638400
  #bytes :          6087680
  arith. intensity: 504.89
  time (eval):      0.018102
  time (compile):   0.000089
  gflops (eval):    169.79
  gflops (total):   168.97
CSV_DATA: opt_einsum,torch,"aefg,behi,cfhj,dgij->abcd","60,60,20,20,8,8,8,8,8,8","(2,3),(0,2),(0,1)",FP32,3073638400,504.89486963835157,8.869171142578125e-05,0.018102169036865234,169.7939287684535,168.96607821533462
*** input parameters ***
  einsum_str: aefg,behi,cfhj,dgij->abcd
  dim_sizes:  60,60,20,20,8,8,8,8,8,8
  cont_path:  (2,3),(0,2),(0,1)
  backend:    torch
  dtype:      FP32
*** benchmarking opt_einsum expression ***
  #flops :          3073638400
  #bytes :          6087680
  arith. intensity: 504.89
  time (eval):      0.018541
  time (compile):   0.000086
  gflops (eval):    165.77
  gflops (total):   165.01
CSV_DATA: opt_einsum,torch,"aefg,behi,cfhj,dgij->abcd","60,60,20,20,8,8,8,8,8,8","(2,3),(0,2),(0,1)",FP32,3073638400,504.89486963835157,8.630752563476562e-05,0.01854109764099121,165.77434947565933,165.00625677627517
*** input parameters ***
  einsum_str: aefg,behi,cfhj,dgij->abcd
  dim_sizes:  60,60,20,20,8,8,8,8,8,8
  cont_path:  (2,3),(0,2),(0,1)
  backend:    torch
  dtype:      FP32
*** benchmarking opt_einsum expression ***
  #flops :          3073638400
  #bytes :          6087680
  arith. intensity: 504.89
  time (eval):      0.018068
  time (compile):   0.000095
  gflops (eval):    170.12
  gflops (total):   169.23
CSV_DATA: opt_einsum,torch,"aefg,behi,cfhj,dgij->abcd","60,60,20,20,8,8,8,8,8,8","(2,3),(0,2),(0,1)",FP32,3073638400,504.89486963835157,9.489059448242188e-05,0.01806783676147461,170.11656904903012,169.22780041577317
*** input parameters ***
  einsum_str: aefg,behi,cfhj,dgij->abcd
  dim_sizes:  60,60,20,20,8,8,8,8,8,8
  cont_path:  (2,3),(0,2),(0,1)
  backend:    torch
  dtype:      FP32
*** benchmarking opt_einsum expression ***
  #flops :          3073638400
  #bytes :          6087680
  arith. intensity: 504.89
  time (eval):      0.018336
  time (compile):   0.000083
  gflops (eval):    167.63
  gflops (total):   166.87
CSV_DATA: opt_einsum,torch,"aefg,behi,cfhj,dgij->abcd","60,60,20,20,8,8,8,8,8,8","(2,3),(0,2),(0,1)",FP32,3073638400,504.89486963835157,8.344650268554688e-05,0.018336057662963867,167.6280941354311,166.86868291123912
*** input parameters ***
  einsum_str: aefg,behi,cfhj,dgij->abcd
  dim_sizes:  60,60,20,20,8,8,8,8,8,8
  cont_path:  (2,3),(0,2),(0,1)
  backend:    torch
  dtype:      FP32
*** benchmarking opt_einsum expression ***
  #flops :          3073638400
  #bytes :          6087680
  arith. intensity: 504.89
  time (eval):      0.018864
  time (compile):   0.000087
  gflops (eval):    162.93
  gflops (total):   162.19
CSV_DATA: opt_einsum,torch,"aefg,behi,cfhj,dgij->abcd","60,60,20,20,8,8,8,8,8,8","(2,3),(0,2),(0,1)",FP32,3073638400,504.89486963835157,8.702278137207031e-05,0.01886439323425293,162.9333295713459,162.18515795684382
