*** input parameters ***
  einsum_str: af,fbg,gch,hdi,ie->abcde
  dim_sizes:  100,72,128,128,3,71,305,32,3
  cont_path:  (1,2),(0,3),(0,1),(0,1)
  backend:    torch
  dtype:      FP32
*** benchmarking opt_einsum expression ***
  #flops :          39609704448
  #bytes :          1426888948
  arith. intensity: 27.76
  time (eval):      0.154293
  time (compile):   0.000162
  gflops (eval):    256.72
  gflops (total):   256.45
CSV_DATA: opt_einsum,torch,"af,fbg,gch,hdi,ie->abcde","100,72,128,128,3,71,305,32,3","(1,2),(0,3),(0,1),(0,1)",FP32,39609704448,27.759486471262512,0.00016236305236816406,0.15429329872131348,256.71694607776556,256.4470864528015
*** input parameters ***
  einsum_str: af,fbg,gch,hdi,ie->abcde
  dim_sizes:  100,72,128,128,3,71,305,32,3
  cont_path:  (1,2),(0,3),(0,1),(0,1)
  backend:    torch
  dtype:      FP32
*** benchmarking opt_einsum expression ***
  #flops :          39609704448
  #bytes :          1426888948
  arith. intensity: 27.76
  time (eval):      0.155866
  time (compile):   0.000154
  gflops (eval):    254.13
  gflops (total):   253.87
CSV_DATA: opt_einsum,torch,"af,fbg,gch,hdi,ie->abcde","100,72,128,128,3,71,305,32,3","(1,2),(0,3),(0,1),(0,1)",FP32,39609704448,27.759486471262512,0.0001544952392578125,0.15586638450622559,254.1260232184183,253.8743821507432
*** input parameters ***
  einsum_str: af,fbg,gch,hdi,ie->abcde
  dim_sizes:  100,72,128,128,3,71,305,32,3
  cont_path:  (1,2),(0,3),(0,1),(0,1)
  backend:    torch
  dtype:      FP32
*** benchmarking opt_einsum expression ***
  #flops :          39609704448
  #bytes :          1426888948
  arith. intensity: 27.76
  time (eval):      0.154247
  time (compile):   0.000148
  gflops (eval):    256.79
  gflops (total):   256.55
CSV_DATA: opt_einsum,torch,"af,fbg,gch,hdi,ie->abcde","100,72,128,128,3,71,305,32,3","(1,2),(0,3),(0,1),(0,1)",FP32,39609704448,27.759486471262512,0.0001480579376220703,0.15424656867980957,256.7947202133437,256.54846490316874
*** input parameters ***
  einsum_str: af,fbg,gch,hdi,ie->abcde
  dim_sizes:  100,72,128,128,3,71,305,32,3
  cont_path:  (1,2),(0,3),(0,1),(0,1)
  backend:    torch
  dtype:      FP32
*** benchmarking opt_einsum expression ***
  #flops :          39609704448
  #bytes :          1426888948
  arith. intensity: 27.76
  time (eval):      0.156022
  time (compile):   0.000156
  gflops (eval):    253.87
  gflops (total):   253.62
CSV_DATA: opt_einsum,torch,"af,fbg,gch,hdi,ie->abcde","100,72,128,128,3,71,305,32,3","(1,2),(0,3),(0,1),(0,1)",FP32,39609704448,27.759486471262512,0.00015592575073242188,0.1560220718383789,253.87244241334741,253.6189800064486
*** input parameters ***
  einsum_str: af,fbg,gch,hdi,ie->abcde
  dim_sizes:  100,72,128,128,3,71,305,32,3
  cont_path:  (1,2),(0,3),(0,1),(0,1)
  backend:    torch
  dtype:      FP32
*** benchmarking opt_einsum expression ***
  #flops :          39609704448
  #bytes :          1426888948
  arith. intensity: 27.76
  time (eval):      0.159169
  time (compile):   0.000153
  gflops (eval):    248.85
  gflops (total):   248.61
CSV_DATA: opt_einsum,torch,"af,fbg,gch,hdi,ie->abcde","100,72,128,128,3,71,305,32,3","(1,2),(0,3),(0,1),(0,1)",FP32,39609704448,27.759486471262512,0.0001533031463623047,0.15916919708251953,248.85282563475383,248.61337470286318
*** input parameters ***
  einsum_str: af,fbg,gch,hdi,ie->abcde
  dim_sizes:  100,72,128,128,3,71,305,32,3
  cont_path:  (1,2),(0,3),(0,1),(0,1)
  backend:    torch
  dtype:      FP32
*** benchmarking opt_einsum expression ***
  #flops :          39609704448
  #bytes :          1426888948
  arith. intensity: 27.76
  time (eval):      0.160575
  time (compile):   0.000149
  gflops (eval):    246.67
  gflops (total):   246.45
CSV_DATA: opt_einsum,torch,"af,fbg,gch,hdi,ie->abcde","100,72,128,128,3,71,305,32,3","(1,2),(0,3),(0,1),(0,1)",FP32,39609704448,27.759486471262512,0.00014901161193847656,0.16057491302490234,246.67430112110497,246.44560252929975
*** input parameters ***
  einsum_str: af,fbg,gch,hdi,ie->abcde
  dim_sizes:  100,72,128,128,3,71,305,32,3
  cont_path:  (1,2),(0,3),(0,1),(0,1)
  backend:    torch
  dtype:      FP32
*** benchmarking opt_einsum expression ***
  #flops :          39609704448
  #bytes :          1426888948
  arith. intensity: 27.76
  time (eval):      0.159208
  time (compile):   0.000152
  gflops (eval):    248.79
  gflops (total):   248.55
CSV_DATA: opt_einsum,torch,"af,fbg,gch,hdi,ie->abcde","100,72,128,128,3,71,305,32,3","(1,2),(0,3),(0,1),(0,1)",FP32,39609704448,27.759486471262512,0.00015163421630859375,0.1592082977294922,248.79170880465102,248.55497843379783
*** input parameters ***
  einsum_str: af,fbg,gch,hdi,ie->abcde
  dim_sizes:  100,72,128,128,3,71,305,32,3
  cont_path:  (1,2),(0,3),(0,1),(0,1)
  backend:    torch
  dtype:      FP32
*** benchmarking opt_einsum expression ***
  #flops :          39609704448
  #bytes :          1426888948
  arith. intensity: 27.76
  time (eval):      0.155637
  time (compile):   0.000159
  gflops (eval):    254.50
  gflops (total):   254.24
CSV_DATA: opt_einsum,torch,"af,fbg,gch,hdi,ie->abcde","100,72,128,128,3,71,305,32,3","(1,2),(0,3),(0,1),(0,1)",FP32,39609704448,27.759486471262512,0.00015926361083984375,0.15563702583312988,254.50052284132272,254.2403582868715
*** input parameters ***
  einsum_str: af,fbg,gch,hdi,ie->abcde
  dim_sizes:  100,72,128,128,3,71,305,32,3
  cont_path:  (1,2),(0,3),(0,1),(0,1)
  backend:    torch
  dtype:      FP32
*** benchmarking opt_einsum expression ***
  #flops :          39609704448
  #bytes :          1426888948
  arith. intensity: 27.76
  time (eval):      0.161802
  time (compile):   0.000145
  gflops (eval):    244.80
  gflops (total):   244.58
CSV_DATA: opt_einsum,torch,"af,fbg,gch,hdi,ie->abcde","100,72,128,128,3,71,305,32,3","(1,2),(0,3),(0,1),(0,1)",FP32,39609704448,27.759486471262512,0.00014519691467285156,0.16180181503295898,244.80383263890775,244.5843487424667
*** input parameters ***
  einsum_str: af,fbg,gch,hdi,ie->abcde
  dim_sizes:  100,72,128,128,3,71,305,32,3
  cont_path:  (1,2),(0,3),(0,1),(0,1)
  backend:    torch
  dtype:      FP32
*** benchmarking opt_einsum expression ***
  #flops :          39609704448
  #bytes :          1426888948
  arith. intensity: 27.76
  time (eval):      0.157719
  time (compile):   0.000152
  gflops (eval):    251.14
  gflops (total):   250.90
CSV_DATA: opt_einsum,torch,"af,fbg,gch,hdi,ie->abcde","100,72,128,128,3,71,305,32,3","(1,2),(0,3),(0,1),(0,1)",FP32,39609704448,27.759486471262512,0.00015234947204589844,0.15771937370300293,251.14038635854567,250.89803070104327
*** input parameters ***
  einsum_str: af,fbg,gch,hdi,ie->abcde
  dim_sizes:  100,72,128,128,3,71,305,32,3
  cont_path:  (1,2),(0,3),(0,1),(0,1)
  backend:    torch
  dtype:      FP32
*** benchmarking opt_einsum expression ***
  #flops :          39609704448
  #bytes :          1426888948
  arith. intensity: 27.76
  time (eval):      0.160915
  time (compile):   0.000155
  gflops (eval):    246.15
  gflops (total):   245.92
CSV_DATA: opt_einsum,torch,"af,fbg,gch,hdi,ie->abcde","100,72,128,128,3,71,305,32,3","(1,2),(0,3),(0,1),(0,1)",FP32,39609704448,27.759486471262512,0.00015473365783691406,0.16091513633728027,246.15275697233065,245.9162874422185
*** input parameters ***
  einsum_str: af,fbg,gch,hdi,ie->abcde
  dim_sizes:  100,72,128,128,3,71,305,32,3
  cont_path:  (1,2),(0,3),(0,1),(0,1)
  backend:    torch
  dtype:      FP32
*** benchmarking opt_einsum expression ***
  #flops :          39609704448
  #bytes :          1426888948
  arith. intensity: 27.76
  time (eval):      0.157106
  time (compile):   0.000152
  gflops (eval):    252.12
  gflops (total):   251.88
CSV_DATA: opt_einsum,torch,"af,fbg,gch,hdi,ie->abcde","100,72,128,128,3,71,305,32,3","(1,2),(0,3),(0,1),(0,1)",FP32,39609704448,27.759486471262512,0.00015163421630859375,0.1571059226989746,252.1210134381428,251.87790796812578
*** input parameters ***
  einsum_str: af,fbg,gch,hdi,ie->abcde
  dim_sizes:  100,72,128,128,3,71,305,32,3
  cont_path:  (1,2),(0,3),(0,1),(0,1)
  backend:    torch
  dtype:      FP32
*** benchmarking opt_einsum expression ***
  #flops :          39609704448
  #bytes :          1426888948
  arith. intensity: 27.76
  time (eval):      0.158953
  time (compile):   0.000151
  gflops (eval):    249.19
  gflops (total):   248.95
CSV_DATA: opt_einsum,torch,"af,fbg,gch,hdi,ie->abcde","100,72,128,128,3,71,305,32,3","(1,2),(0,3),(0,1),(0,1)",FP32,39609704448,27.759486471262512,0.00015091896057128906,0.15895318984985352,249.19100073056197,248.9546294193799
*** input parameters ***
  einsum_str: af,fbg,gch,hdi,ie->abcde
  dim_sizes:  100,72,128,128,3,71,305,32,3
  cont_path:  (1,2),(0,3),(0,1),(0,1)
  backend:    torch
  dtype:      FP32
*** benchmarking opt_einsum expression ***
  #flops :          39609704448
  #bytes :          1426888948
  arith. intensity: 27.76
  time (eval):      0.154587
  time (compile):   0.000156
  gflops (eval):    256.23
  gflops (total):   255.97
CSV_DATA: opt_einsum,torch,"af,fbg,gch,hdi,ie->abcde","100,72,128,128,3,71,305,32,3","(1,2),(0,3),(0,1),(0,1)",FP32,39609704448,27.759486471262512,0.0001556873321533203,0.1545867919921875,256.2295519399988,255.97175785827957
*** input parameters ***
  einsum_str: af,fbg,gch,hdi,ie->abcde
  dim_sizes:  100,72,128,128,3,71,305,32,3
  cont_path:  (1,2),(0,3),(0,1),(0,1)
  backend:    torch
  dtype:      FP32
*** benchmarking opt_einsum expression ***
  #flops :          39609704448
  #bytes :          1426888948
  arith. intensity: 27.76
  time (eval):      0.159938
  time (compile):   0.000414
  gflops (eval):    247.66
  gflops (total):   247.02
CSV_DATA: opt_einsum,torch,"af,fbg,gch,hdi,ie->abcde","100,72,128,128,3,71,305,32,3","(1,2),(0,3),(0,1),(0,1)",FP32,39609704448,27.759486471262512,0.00041365623474121094,0.15993833541870117,247.65610036084286,247.01722778477054
*** input parameters ***
  einsum_str: af,fbg,gch,hdi,ie->abcde
  dim_sizes:  100,72,128,128,3,71,305,32,3
  cont_path:  (1,2),(0,3),(0,1),(0,1)
  backend:    torch
  dtype:      FP32
*** benchmarking opt_einsum expression ***
  #flops :          39609704448
  #bytes :          1426888948
  arith. intensity: 27.76
  time (eval):      0.158473
  time (compile):   0.000166
  gflops (eval):    249.95
  gflops (total):   249.68
CSV_DATA: opt_einsum,torch,"af,fbg,gch,hdi,ie->abcde","100,72,128,128,3,71,305,32,3","(1,2),(0,3),(0,1),(0,1)",FP32,39609704448,27.759486471262512,0.00016617774963378906,0.15847253799438477,249.94680434412876,249.68497924500804
*** input parameters ***
  einsum_str: af,fbg,gch,hdi,ie->abcde
  dim_sizes:  100,72,128,128,3,71,305,32,3
  cont_path:  (1,2),(0,3),(0,1),(0,1)
  backend:    torch
  dtype:      FP32
*** benchmarking opt_einsum expression ***
  #flops :          39609704448
  #bytes :          1426888948
  arith. intensity: 27.76
  time (eval):      0.162648
  time (compile):   0.000153
  gflops (eval):    243.53
  gflops (total):   243.30
CSV_DATA: opt_einsum,torch,"af,fbg,gch,hdi,ie->abcde","100,72,128,128,3,71,305,32,3","(1,2),(0,3),(0,1),(0,1)",FP32,39609704448,27.759486471262512,0.0001533031463623047,0.16264772415161133,243.53064055835173,243.30131759858384
*** input parameters ***
  einsum_str: af,fbg,gch,hdi,ie->abcde
  dim_sizes:  100,72,128,128,3,71,305,32,3
  cont_path:  (1,2),(0,3),(0,1),(0,1)
  backend:    torch
  dtype:      FP32
*** benchmarking opt_einsum expression ***
  #flops :          39609704448
  #bytes :          1426888948
  arith. intensity: 27.76
  time (eval):      0.160956
  time (compile):   0.000146
  gflops (eval):    246.09
  gflops (total):   245.87
CSV_DATA: opt_einsum,torch,"af,fbg,gch,hdi,ie->abcde","100,72,128,128,3,71,305,32,3","(1,2),(0,3),(0,1),(0,1)",FP32,39609704448,27.759486471262512,0.0001456737518310547,0.16095638275146484,246.08967827738735,245.86715593658266
*** input parameters ***
  einsum_str: af,fbg,gch,hdi,ie->abcde
  dim_sizes:  100,72,128,128,3,71,305,32,3
  cont_path:  (1,2),(0,3),(0,1),(0,1)
  backend:    torch
  dtype:      FP32
*** benchmarking opt_einsum expression ***
  #flops :          39609704448
  #bytes :          1426888948
  arith. intensity: 27.76
  time (eval):      0.158052
  time (compile):   0.000152
  gflops (eval):    250.61
  gflops (total):   250.37
CSV_DATA: opt_einsum,torch,"af,fbg,gch,hdi,ie->abcde","100,72,128,128,3,71,305,32,3","(1,2),(0,3),(0,1),(0,1)",FP32,39609704448,27.759486471262512,0.00015163421630859375,0.1580522060394287,250.611525397619,250.37132084765273
*** input parameters ***
  einsum_str: af,fbg,gch,hdi,ie->abcde
  dim_sizes:  100,72,128,128,3,71,305,32,3
  cont_path:  (1,2),(0,3),(0,1),(0,1)
  backend:    torch
  dtype:      FP32
*** benchmarking opt_einsum expression ***
  #flops :          39609704448
  #bytes :          1426888948
  arith. intensity: 27.76
  time (eval):      0.155677
  time (compile):   0.000156
  gflops (eval):    254.44
  gflops (total):   254.18
CSV_DATA: opt_einsum,torch,"af,fbg,gch,hdi,ie->abcde","100,72,128,128,3,71,305,32,3","(1,2),(0,3),(0,1),(0,1)",FP32,39609704448,27.759486471262512,0.00015592575073242188,0.15567684173583984,254.43543179795302,254.18084454807027
*** input parameters ***
  einsum_str: af,fbg,gch,hdi,ie->abcde
  dim_sizes:  100,72,128,128,3,71,305,32,3
  cont_path:  (1,2),(0,3),(0,1),(0,1)
  backend:    torch
  dtype:      FP32
*** benchmarking opt_einsum expression ***
  #flops :          39609704448
  #bytes :          1426888948
  arith. intensity: 27.76
  time (eval):      0.159750
  time (compile):   0.000153
  gflops (eval):    247.95
  gflops (total):   247.71
CSV_DATA: opt_einsum,torch,"af,fbg,gch,hdi,ie->abcde","100,72,128,128,3,71,305,32,3","(1,2),(0,3),(0,1),(0,1)",FP32,39609704448,27.759486471262512,0.00015306472778320312,0.15974974632263184,247.9484653953937,247.71112019732809
*** input parameters ***
  einsum_str: af,fbg,gch,hdi,ie->abcde
  dim_sizes:  100,72,128,128,3,71,305,32,3
  cont_path:  (1,2),(0,3),(0,1),(0,1)
  backend:    torch
  dtype:      FP32
*** benchmarking opt_einsum expression ***
  #flops :          39609704448
  #bytes :          1426888948
  arith. intensity: 27.76
  time (eval):      0.159524
  time (compile):   0.000152
  gflops (eval):    248.30
  gflops (total):   248.06
CSV_DATA: opt_einsum,torch,"af,fbg,gch,hdi,ie->abcde","100,72,128,128,3,71,305,32,3","(1,2),(0,3),(0,1),(0,1)",FP32,39609704448,27.759486471262512,0.00015234947204589844,0.15952396392822266,248.2993994922435,248.06249345642385
*** input parameters ***
  einsum_str: af,fbg,gch,hdi,ie->abcde
  dim_sizes:  100,72,128,128,3,71,305,32,3
  cont_path:  (1,2),(0,3),(0,1),(0,1)
  backend:    torch
  dtype:      FP32
*** benchmarking opt_einsum expression ***
  #flops :          39609704448
  #bytes :          1426888948
  arith. intensity: 27.76
  time (eval):      0.160092
  time (compile):   0.000154
  gflops (eval):    247.42
  gflops (total):   247.18
CSV_DATA: opt_einsum,torch,"af,fbg,gch,hdi,ie->abcde","100,72,128,128,3,71,305,32,3","(1,2),(0,3),(0,1),(0,1)",FP32,39609704448,27.759486471262512,0.00015354156494140625,0.16009211540222168,247.41820887607759,247.18114173987672
*** input parameters ***
  einsum_str: af,fbg,gch,hdi,ie->abcde
  dim_sizes:  100,72,128,128,3,71,305,32,3
  cont_path:  (1,2),(0,3),(0,1),(0,1)
  backend:    torch
  dtype:      FP32
*** benchmarking opt_einsum expression ***
  #flops :          39609704448
  #bytes :          1426888948
  arith. intensity: 27.76
  time (eval):      0.158014
  time (compile):   0.000157
  gflops (eval):    250.67
  gflops (total):   250.42
CSV_DATA: opt_einsum,torch,"af,fbg,gch,hdi,ie->abcde","100,72,128,128,3,71,305,32,3","(1,2),(0,3),(0,1),(0,1)",FP32,39609704448,27.759486471262512,0.00015664100646972656,0.15801382064819336,250.67240501821811,250.42415653107662
*** input parameters ***
  einsum_str: af,fbg,gch,hdi,ie->abcde
  dim_sizes:  100,72,128,128,3,71,305,32,3
  cont_path:  (1,2),(0,3),(0,1),(0,1)
  backend:    torch
  dtype:      FP32
*** benchmarking opt_einsum expression ***
  #flops :          39609704448
  #bytes :          1426888948
  arith. intensity: 27.76
  time (eval):      0.160872
  time (compile):   0.000153
  gflops (eval):    246.22
  gflops (total):   245.98
CSV_DATA: opt_einsum,torch,"af,fbg,gch,hdi,ie->abcde","100,72,128,128,3,71,305,32,3","(1,2),(0,3),(0,1),(0,1)",FP32,39609704448,27.759486471262512,0.000152587890625,0.1608724594116211,246.21805741560436,245.98474033453985
*** input parameters ***
  einsum_str: af,fbg,gch,hdi,ie->abcde
  dim_sizes:  100,72,128,128,3,71,305,32,3
  cont_path:  (1,2),(0,3),(0,1),(0,1)
  backend:    torch
  dtype:      FP32
*** benchmarking opt_einsum expression ***
  #flops :          39609704448
  #bytes :          1426888948
  arith. intensity: 27.76
  time (eval):      0.154495
  time (compile):   0.000151
  gflops (eval):    256.38
  gflops (total):   256.13
CSV_DATA: opt_einsum,torch,"af,fbg,gch,hdi,ie->abcde","100,72,128,128,3,71,305,32,3","(1,2),(0,3),(0,1),(0,1)",FP32,39609704448,27.759486471262512,0.0001506805419921875,0.1544947624206543,256.3821829775157,256.13237408856236
*** input parameters ***
  einsum_str: af,fbg,gch,hdi,ie->abcde
  dim_sizes:  100,72,128,128,3,71,305,32,3
  cont_path:  (1,2),(0,3),(0,1),(0,1)
  backend:    torch
  dtype:      FP32
*** benchmarking opt_einsum expression ***
  #flops :          39609704448
  #bytes :          1426888948
  arith. intensity: 27.76
  time (eval):      0.160660
  time (compile):   0.000153
  gflops (eval):    246.54
  gflops (total):   246.31
CSV_DATA: opt_einsum,torch,"af,fbg,gch,hdi,ie->abcde","100,72,128,128,3,71,305,32,3","(1,2),(0,3),(0,1),(0,1)",FP32,39609704448,27.759486471262512,0.000152587890625,0.1606595516204834,246.54434827234968,246.3104126866236
*** input parameters ***
  einsum_str: af,fbg,gch,hdi,ie->abcde
  dim_sizes:  100,72,128,128,3,71,305,32,3
  cont_path:  (1,2),(0,3),(0,1),(0,1)
  backend:    torch
  dtype:      FP32
*** benchmarking opt_einsum expression ***
  #flops :          39609704448
  #bytes :          1426888948
  arith. intensity: 27.76
  time (eval):      0.157335
  time (compile):   0.000159
  gflops (eval):    251.75
  gflops (total):   251.50
CSV_DATA: opt_einsum,torch,"af,fbg,gch,hdi,ie->abcde","100,72,128,128,3,71,305,32,3","(1,2),(0,3),(0,1),(0,1)",FP32,39609704448,27.759486471262512,0.00015854835510253906,0.1573352813720703,251.75347895638237,251.5000398213444
*** input parameters ***
  einsum_str: af,fbg,gch,hdi,ie->abcde
  dim_sizes:  100,72,128,128,3,71,305,32,3
  cont_path:  (1,2),(0,3),(0,1),(0,1)
  backend:    torch
  dtype:      FP32
*** benchmarking opt_einsum expression ***
  #flops :          39609704448
  #bytes :          1426888948
  arith. intensity: 27.76
  time (eval):      0.155244
  time (compile):   0.000154
  gflops (eval):    255.14
  gflops (total):   254.89
CSV_DATA: opt_einsum,torch,"af,fbg,gch,hdi,ie->abcde","100,72,128,128,3,71,305,32,3","(1,2),(0,3),(0,1),(0,1)",FP32,39609704448,27.759486471262512,0.00015425682067871094,0.1552441120147705,255.14464886263374,254.89137849279857
*** input parameters ***
  einsum_str: af,fbg,gch,hdi,ie->abcde
  dim_sizes:  100,72,128,128,3,71,305,32,3
  cont_path:  (1,2),(0,3),(0,1),(0,1)
  backend:    torch
  dtype:      FP32
*** benchmarking opt_einsum expression ***
  #flops :          39609704448
  #bytes :          1426888948
  arith. intensity: 27.76
  time (eval):      0.158062
  time (compile):   0.000147
  gflops (eval):    250.60
  gflops (total):   250.36
CSV_DATA: opt_einsum,torch,"af,fbg,gch,hdi,ie->abcde","100,72,128,128,3,71,305,32,3","(1,2),(0,3),(0,1),(0,1)",FP32,39609704448,27.759486471262512,0.00014710426330566406,0.15806245803833008,250.59527062646757,250.36226554044688
*** input parameters ***
  einsum_str: af,fbg,gch,hdi,ie->abcde
  dim_sizes:  100,72,128,128,3,71,305,32,3
  cont_path:  (1,2),(0,3),(0,1),(0,1)
  backend:    torch
  dtype:      FP32
*** benchmarking opt_einsum expression ***
  #flops :          39609704448
  #bytes :          1426888948
  arith. intensity: 27.76
  time (eval):      0.160661
  time (compile):   0.000157
  gflops (eval):    246.54
  gflops (total):   246.30
CSV_DATA: opt_einsum,torch,"af,fbg,gch,hdi,ie->abcde","100,72,128,128,3,71,305,32,3","(1,2),(0,3),(0,1),(0,1)",FP32,39609704448,27.759486471262512,0.0001571178436279297,0.1606612205505371,246.54178719836437,246.30091843703045
*** input parameters ***
  einsum_str: af,fbg,gch,hdi,ie->abcde
  dim_sizes:  100,72,128,128,3,71,305,32,3
  cont_path:  (1,2),(0,3),(0,1),(0,1)
  backend:    torch
  dtype:      FP32
*** benchmarking opt_einsum expression ***
  #flops :          39609704448
  #bytes :          1426888948
  arith. intensity: 27.76
  time (eval):      0.163430
  time (compile):   0.000150
  gflops (eval):    242.36
  gflops (total):   242.14
CSV_DATA: opt_einsum,torch,"af,fbg,gch,hdi,ie->abcde","100,72,128,128,3,71,305,32,3","(1,2),(0,3),(0,1),(0,1)",FP32,39609704448,27.759486471262512,0.00015020370483398438,0.16343021392822266,242.3646368436885,242.14209146263724
*** input parameters ***
  einsum_str: af,fbg,gch,hdi,ie->abcde
  dim_sizes:  100,72,128,128,3,71,305,32,3
  cont_path:  (1,2),(0,3),(0,1),(0,1)
  backend:    torch
  dtype:      FP32
*** benchmarking opt_einsum expression ***
  #flops :          39609704448
  #bytes :          1426888948
  arith. intensity: 27.76
  time (eval):      0.158282
  time (compile):   0.000152
  gflops (eval):    250.25
  gflops (total):   250.01
CSV_DATA: opt_einsum,torch,"af,fbg,gch,hdi,ie->abcde","100,72,128,128,3,71,305,32,3","(1,2),(0,3),(0,1),(0,1)",FP32,39609704448,27.759486471262512,0.0001518726348876953,0.15828204154968262,250.24762165180343,250.00773762274153
*** input parameters ***
  einsum_str: af,fbg,gch,hdi,ie->abcde
  dim_sizes:  100,72,128,128,3,71,305,32,3
  cont_path:  (1,2),(0,3),(0,1),(0,1)
  backend:    torch
  dtype:      FP32
*** benchmarking opt_einsum expression ***
  #flops :          39609704448
  #bytes :          1426888948
  arith. intensity: 27.76
  time (eval):      0.162551
  time (compile):   0.000157
  gflops (eval):    243.68
  gflops (total):   243.44
CSV_DATA: opt_einsum,torch,"af,fbg,gch,hdi,ie->abcde","100,72,128,128,3,71,305,32,3","(1,2),(0,3),(0,1),(0,1)",FP32,39609704448,27.759486471262512,0.00015687942504882812,0.162550687789917,243.67601876401898,243.4410711560114
*** input parameters ***
  einsum_str: af,fbg,gch,hdi,ie->abcde
  dim_sizes:  100,72,128,128,3,71,305,32,3
  cont_path:  (1,2),(0,3),(0,1),(0,1)
  backend:    torch
  dtype:      FP32
*** benchmarking opt_einsum expression ***
  #flops :          39609704448
  #bytes :          1426888948
  arith. intensity: 27.76
  time (eval):      0.158832
  time (compile):   0.000150
  gflops (eval):    249.38
  gflops (total):   249.14
CSV_DATA: opt_einsum,torch,"af,fbg,gch,hdi,ie->abcde","100,72,128,128,3,71,305,32,3","(1,2),(0,3),(0,1),(0,1)",FP32,39609704448,27.759486471262512,0.00015044212341308594,0.15883231163024902,249.38064579837342,249.14466200134999
*** input parameters ***
  einsum_str: af,fbg,gch,hdi,ie->abcde
  dim_sizes:  100,72,128,128,3,71,305,32,3
  cont_path:  (1,2),(0,3),(0,1),(0,1)
  backend:    torch
  dtype:      FP32
*** benchmarking opt_einsum expression ***
  #flops :          39609704448
  #bytes :          1426888948
  arith. intensity: 27.76
  time (eval):      0.160067
  time (compile):   0.000151
  gflops (eval):    247.46
  gflops (total):   247.22
CSV_DATA: opt_einsum,torch,"af,fbg,gch,hdi,ie->abcde","100,72,128,128,3,71,305,32,3","(1,2),(0,3),(0,1),(0,1)",FP32,39609704448,27.759486471262512,0.0001513957977294922,0.16006731986999512,247.45653566368551,247.22270605480338
*** input parameters ***
  einsum_str: af,fbg,gch,hdi,ie->abcde
  dim_sizes:  100,72,128,128,3,71,305,32,3
  cont_path:  (1,2),(0,3),(0,1),(0,1)
  backend:    torch
  dtype:      FP32
*** benchmarking opt_einsum expression ***
  #flops :          39609704448
  #bytes :          1426888948
  arith. intensity: 27.76
  time (eval):      0.162172
  time (compile):   0.000155
  gflops (eval):    244.25
  gflops (total):   244.01
CSV_DATA: opt_einsum,torch,"af,fbg,gch,hdi,ie->abcde","100,72,128,128,3,71,305,32,3","(1,2),(0,3),(0,1),(0,1)",FP32,39609704448,27.759486471262512,0.00015473365783691406,0.1621718406677246,244.24526653278048,244.01244597547495
*** input parameters ***
  einsum_str: af,fbg,gch,hdi,ie->abcde
  dim_sizes:  100,72,128,128,3,71,305,32,3
  cont_path:  (1,2),(0,3),(0,1),(0,1)
  backend:    torch
  dtype:      FP32
*** benchmarking opt_einsum expression ***
  #flops :          39609704448
  #bytes :          1426888948
  arith. intensity: 27.76
  time (eval):      0.160968
  time (compile):   0.000150
  gflops (eval):    246.07
  gflops (total):   245.84
CSV_DATA: opt_einsum,torch,"af,fbg,gch,hdi,ie->abcde","100,72,128,128,3,71,305,32,3","(1,2),(0,3),(0,1),(0,1)",FP32,39609704448,27.759486471262512,0.00015044212341308594,0.16096782684326172,246.07218240306452,245.84241564929394
*** input parameters ***
  einsum_str: af,fbg,gch,hdi,ie->abcde
  dim_sizes:  100,72,128,128,3,71,305,32,3
  cont_path:  (1,2),(0,3),(0,1),(0,1)
  backend:    torch
  dtype:      FP32
*** benchmarking opt_einsum expression ***
  #flops :          39609704448
  #bytes :          1426888948
  arith. intensity: 27.76
  time (eval):      0.160820
  time (compile):   0.000149
  gflops (eval):    246.30
  gflops (total):   246.07
CSV_DATA: opt_einsum,torch,"af,fbg,gch,hdi,ie->abcde","100,72,128,128,3,71,305,32,3","(1,2),(0,3),(0,1),(0,1)",FP32,39609704448,27.759486471262512,0.0001494884490966797,0.16082048416137695,246.29763213654576,246.06890220358255
*** input parameters ***
  einsum_str: af,fbg,gch,hdi,ie->abcde
  dim_sizes:  100,72,128,128,3,71,305,32,3
  cont_path:  (1,2),(0,3),(0,1),(0,1)
  backend:    torch
  dtype:      FP32
*** benchmarking opt_einsum expression ***
  #flops :          39609704448
  #bytes :          1426888948
  arith. intensity: 27.76
  time (eval):      0.153636
  time (compile):   0.000149
  gflops (eval):    257.81
  gflops (total):   257.56
CSV_DATA: opt_einsum,torch,"af,fbg,gch,hdi,ie->abcde","100,72,128,128,3,71,305,32,3","(1,2),(0,3),(0,1),(0,1)",FP32,39609704448,27.759486471262512,0.00014925003051757812,0.15363645553588867,257.8144901211118,257.56427947652213
*** input parameters ***
  einsum_str: af,fbg,gch,hdi,ie->abcde
  dim_sizes:  100,72,128,128,3,71,305,32,3
  cont_path:  (1,2),(0,3),(0,1),(0,1)
  backend:    torch
  dtype:      FP32
*** benchmarking opt_einsum expression ***
  #flops :          39609704448
  #bytes :          1426888948
  arith. intensity: 27.76
  time (eval):      0.160491
  time (compile):   0.000152
  gflops (eval):    246.80
  gflops (total):   246.57
CSV_DATA: opt_einsum,torch,"af,fbg,gch,hdi,ie->abcde","100,72,128,128,3,71,305,32,3","(1,2),(0,3),(0,1),(0,1)",FP32,39609704448,27.759486471262512,0.00015234947204589844,0.1604905128479004,246.8040243945061,246.56996193899272
*** input parameters ***
  einsum_str: af,fbg,gch,hdi,ie->abcde
  dim_sizes:  100,72,128,128,3,71,305,32,3
  cont_path:  (1,2),(0,3),(0,1),(0,1)
  backend:    torch
  dtype:      FP32
*** benchmarking opt_einsum expression ***
  #flops :          39609704448
  #bytes :          1426888948
  arith. intensity: 27.76
  time (eval):      0.159720
  time (compile):   0.000151
  gflops (eval):    247.99
  gflops (total):   247.76
CSV_DATA: opt_einsum,torch,"af,fbg,gch,hdi,ie->abcde","100,72,128,128,3,71,305,32,3","(1,2),(0,3),(0,1),(0,1)",FP32,39609704448,27.759486471262512,0.00015091896057128906,0.15972018241882324,247.99436018758232,247.76025251743977
*** input parameters ***
  einsum_str: af,fbg,gch,hdi,ie->abcde
  dim_sizes:  100,72,128,128,3,71,305,32,3
  cont_path:  (1,2),(0,3),(0,1),(0,1)
  backend:    torch
  dtype:      FP32
*** benchmarking opt_einsum expression ***
  #flops :          39609704448
  #bytes :          1426888948
  arith. intensity: 27.76
  time (eval):      0.158662
  time (compile):   0.000152
  gflops (eval):    249.65
  gflops (total):   249.41
CSV_DATA: opt_einsum,torch,"af,fbg,gch,hdi,ie->abcde","100,72,128,128,3,71,305,32,3","(1,2),(0,3),(0,1),(0,1)",FP32,39609704448,27.759486471262512,0.00015234947204589844,0.1586618423461914,249.64858508055016,249.409098736801
*** input parameters ***
  einsum_str: af,fbg,gch,hdi,ie->abcde
  dim_sizes:  100,72,128,128,3,71,305,32,3
  cont_path:  (1,2),(0,3),(0,1),(0,1)
  backend:    torch
  dtype:      FP32
*** benchmarking opt_einsum expression ***
  #flops :          39609704448
  #bytes :          1426888948
  arith. intensity: 27.76
  time (eval):      0.161830
  time (compile):   0.000154
  gflops (eval):    244.76
  gflops (total):   244.53
CSV_DATA: opt_einsum,torch,"af,fbg,gch,hdi,ie->abcde","100,72,128,128,3,71,305,32,3","(1,2),(0,3),(0,1),(0,1)",FP32,39609704448,27.759486471262512,0.00015425682067871094,0.16183042526245117,244.76055342351296,244.5274697497166
*** input parameters ***
  einsum_str: af,fbg,gch,hdi,ie->abcde
  dim_sizes:  100,72,128,128,3,71,305,32,3
  cont_path:  (1,2),(0,3),(0,1),(0,1)
  backend:    torch
  dtype:      FP32
*** benchmarking opt_einsum expression ***
  #flops :          39609704448
  #bytes :          1426888948
  arith. intensity: 27.76
  time (eval):      0.162033
  time (compile):   0.000148
  gflops (eval):    244.45
  gflops (total):   244.23
CSV_DATA: opt_einsum,torch,"af,fbg,gch,hdi,ie->abcde","100,72,128,128,3,71,305,32,3","(1,2),(0,3),(0,1),(0,1)",FP32,39609704448,27.759486471262512,0.00014829635620117188,0.1620330810546875,244.45442986195764,244.2309041909805
*** input parameters ***
  einsum_str: af,fbg,gch,hdi,ie->abcde
  dim_sizes:  100,72,128,128,3,71,305,32,3
  cont_path:  (1,2),(0,3),(0,1),(0,1)
  backend:    torch
  dtype:      FP32
*** benchmarking opt_einsum expression ***
  #flops :          39609704448
  #bytes :          1426888948
  arith. intensity: 27.76
  time (eval):      0.159174
  time (compile):   0.000152
  gflops (eval):    248.85
  gflops (total):   248.61
CSV_DATA: opt_einsum,torch,"af,fbg,gch,hdi,ie->abcde","100,72,128,128,3,71,305,32,3","(1,2),(0,3),(0,1),(0,1)",FP32,39609704448,27.759486471262512,0.00015163421630859375,0.15917372703552246,248.84574348856196,248.60891032528434
*** input parameters ***
  einsum_str: af,fbg,gch,hdi,ie->abcde
  dim_sizes:  100,72,128,128,3,71,305,32,3
  cont_path:  (1,2),(0,3),(0,1),(0,1)
  backend:    torch
  dtype:      FP32
*** benchmarking opt_einsum expression ***
  #flops :          39609704448
  #bytes :          1426888948
  arith. intensity: 27.76
  time (eval):      0.164050
  time (compile):   0.000158
  gflops (eval):    241.45
  gflops (total):   241.22
CSV_DATA: opt_einsum,torch,"af,fbg,gch,hdi,ie->abcde","100,72,128,128,3,71,305,32,3","(1,2),(0,3),(0,1),(0,1)",FP32,39609704448,27.759486471262512,0.0001575946807861328,0.16405034065246582,241.448474233355,241.21674977286605
*** input parameters ***
  einsum_str: af,fbg,gch,hdi,ie->abcde
  dim_sizes:  100,72,128,128,3,71,305,32,3
  cont_path:  (1,2),(0,3),(0,1),(0,1)
  backend:    torch
  dtype:      FP32
*** benchmarking opt_einsum expression ***
  #flops :          39609704448
  #bytes :          1426888948
  arith. intensity: 27.76
  time (eval):      0.159975
  time (compile):   0.000147
  gflops (eval):    247.60
  gflops (total):   247.37
CSV_DATA: opt_einsum,torch,"af,fbg,gch,hdi,ie->abcde","100,72,128,128,3,71,305,32,3","(1,2),(0,3),(0,1),(0,1)",FP32,39609704448,27.759486471262512,0.00014662742614746094,0.1599750518798828,247.5992599004808,247.3725270660978
*** input parameters ***
  einsum_str: af,fbg,gch,hdi,ie->abcde
  dim_sizes:  100,72,128,128,3,71,305,32,3
  cont_path:  (1,2),(0,3),(0,1),(0,1)
  backend:    torch
  dtype:      FP32
*** benchmarking opt_einsum expression ***
  #flops :          39609704448
  #bytes :          1426888948
  arith. intensity: 27.76
  time (eval):      0.158826
  time (compile):   0.000156
  gflops (eval):    249.39
  gflops (total):   249.15
CSV_DATA: opt_einsum,torch,"af,fbg,gch,hdi,ie->abcde","100,72,128,128,3,71,305,32,3","(1,2),(0,3),(0,1),(0,1)",FP32,39609704448,27.759486471262512,0.0001556873321533203,0.15882611274719238,249.39037896776955,249.146156530064
*** input parameters ***
  einsum_str: af,fbg,gch,hdi,ie->abcde
  dim_sizes:  100,72,128,128,3,71,305,32,3
  cont_path:  (1,2),(0,3),(0,1),(0,1)
  backend:    torch
  dtype:      FP32
*** benchmarking opt_einsum expression ***
  #flops :          39609704448
  #bytes :          1426888948
  arith. intensity: 27.76
  time (eval):      0.154807
  time (compile):   0.000158
  gflops (eval):    255.86
  gflops (total):   255.60
CSV_DATA: opt_einsum,torch,"af,fbg,gch,hdi,ie->abcde","100,72,128,128,3,71,305,32,3","(1,2),(0,3),(0,1),(0,1)",FP32,39609704448,27.759486471262512,0.0001575946807861328,0.15480709075927734,255.86492358798012,255.6047162327191
*** input parameters ***
  einsum_str: af,fbg,gch,hdi,ie->abcde
  dim_sizes:  100,72,128,128,3,71,305,32,3
  cont_path:  (1,2),(0,3),(0,1),(0,1)
  backend:    torch
  dtype:      FP32
*** benchmarking opt_einsum expression ***
  #flops :          39609704448
  #bytes :          1426888948
  arith. intensity: 27.76
  time (eval):      0.159260
  time (compile):   0.000147
  gflops (eval):    248.71
  gflops (total):   248.48
CSV_DATA: opt_einsum,torch,"af,fbg,gch,hdi,ie->abcde","100,72,128,128,3,71,305,32,3","(1,2),(0,3),(0,1),(0,1)",FP32,39609704448,27.759486471262512,0.00014662742614746094,0.15926003456115723,248.7108869286948,248.48211457532787
*** input parameters ***
  einsum_str: af,fbg,gch,hdi,ie->abcde
  dim_sizes:  100,72,128,128,3,71,305,32,3
  cont_path:  (1,2),(0,3),(0,1),(0,1)
  backend:    torch
  dtype:      FP32
*** benchmarking opt_einsum expression ***
  #flops :          39609704448
  #bytes :          1426888948
  arith. intensity: 27.76
  time (eval):      0.158109
  time (compile):   0.000160
  gflops (eval):    250.52
  gflops (total):   250.27
CSV_DATA: opt_einsum,torch,"af,fbg,gch,hdi,ie->abcde","100,72,128,128,3,71,305,32,3","(1,2),(0,3),(0,1),(0,1)",FP32,39609704448,27.759486471262512,0.00015974044799804688,0.15810942649841309,250.52082804435167,250.2679783574749
*** input parameters ***
  einsum_str: af,fbg,gch,hdi,ie->abcde
  dim_sizes:  100,72,128,128,3,71,305,32,3
  cont_path:  (1,2),(0,3),(0,1),(0,1)
  backend:    torch
  dtype:      FP32
*** benchmarking opt_einsum expression ***
  #flops :          39609704448
  #bytes :          1426888948
  arith. intensity: 27.76
  time (eval):      0.157778
  time (compile):   0.000159
  gflops (eval):    251.05
  gflops (total):   250.79
CSV_DATA: opt_einsum,torch,"af,fbg,gch,hdi,ie->abcde","100,72,128,128,3,71,305,32,3","(1,2),(0,3),(0,1),(0,1)",FP32,39609704448,27.759486471262512,0.00015854835510253906,0.15777826309204102,251.04665035444972,250.79463163187967
*** input parameters ***
  einsum_str: af,fbg,gch,hdi,ie->abcde
  dim_sizes:  100,72,128,128,3,71,305,32,3
  cont_path:  (1,2),(0,3),(0,1),(0,1)
  backend:    torch
  dtype:      FP32
*** benchmarking opt_einsum expression ***
  #flops :          39609704448
  #bytes :          1426888948
  arith. intensity: 27.76
  time (eval):      0.158777
  time (compile):   0.000144
  gflops (eval):    249.47
  gflops (total):   249.24
CSV_DATA: opt_einsum,torch,"af,fbg,gch,hdi,ie->abcde","100,72,128,128,3,71,305,32,3","(1,2),(0,3),(0,1),(0,1)",FP32,39609704448,27.759486471262512,0.00014352798461914062,0.15877699851989746,249.46752248271173,249.24221759908576
*** input parameters ***
  einsum_str: af,fbg,gch,hdi,ie->abcde
  dim_sizes:  100,72,128,128,3,71,305,32,3
  cont_path:  (1,2),(0,3),(0,1),(0,1)
  backend:    torch
  dtype:      FP32
*** benchmarking opt_einsum expression ***
  #flops :          39609704448
  #bytes :          1426888948
  arith. intensity: 27.76
  time (eval):      0.160034
  time (compile):   0.000154
  gflops (eval):    247.51
  gflops (total):   247.27
CSV_DATA: opt_einsum,torch,"af,fbg,gch,hdi,ie->abcde","100,72,128,128,3,71,305,32,3","(1,2),(0,3),(0,1),(0,1)",FP32,39609704448,27.759486471262512,0.0001544952392578125,0.1600341796875,247.50777943403205,247.26906859121303
*** input parameters ***
  einsum_str: af,fbg,gch,hdi,ie->abcde
  dim_sizes:  100,72,128,128,3,71,305,32,3
  cont_path:  (1,2),(0,3),(0,1),(0,1)
  backend:    torch
  dtype:      FP32
*** benchmarking opt_einsum expression ***
  #flops :          39609704448
  #bytes :          1426888948
  arith. intensity: 27.76
  time (eval):      0.161261
  time (compile):   0.000162
  gflops (eval):    245.62
  gflops (total):   245.38
CSV_DATA: opt_einsum,torch,"af,fbg,gch,hdi,ie->abcde","100,72,128,128,3,71,305,32,3","(1,2),(0,3),(0,1),(0,1)",FP32,39609704448,27.759486471262512,0.00016164779663085938,0.16126108169555664,245.62469773568066,245.37873057038738
*** input parameters ***
  einsum_str: af,fbg,gch,hdi,ie->abcde
  dim_sizes:  100,72,128,128,3,71,305,32,3
  cont_path:  (1,2),(0,3),(0,1),(0,1)
  backend:    torch
  dtype:      FP32
*** benchmarking opt_einsum expression ***
  #flops :          39609704448
  #bytes :          1426888948
  arith. intensity: 27.76
  time (eval):      0.156039
  time (compile):   0.000151
  gflops (eval):    253.84
  gflops (total):   253.60
CSV_DATA: opt_einsum,torch,"af,fbg,gch,hdi,ie->abcde","100,72,128,128,3,71,305,32,3","(1,2),(0,3),(0,1),(0,1)",FP32,39609704448,27.759486471262512,0.00015115737915039062,0.15603947639465332,253.84412562254167,253.59846164247614
*** input parameters ***
  einsum_str: af,fbg,gch,hdi,ie->abcde
  dim_sizes:  100,72,128,128,3,71,305,32,3
  cont_path:  (1,2),(0,3),(0,1),(0,1)
  backend:    torch
  dtype:      FP32
*** benchmarking opt_einsum expression ***
  #flops :          39609704448
  #bytes :          1426888948
  arith. intensity: 27.76
  time (eval):      0.151306
  time (compile):   0.000160
  gflops (eval):    261.78
  gflops (total):   261.51
CSV_DATA: opt_einsum,torch,"af,fbg,gch,hdi,ie->abcde","100,72,128,128,3,71,305,32,3","(1,2),(0,3),(0,1),(0,1)",FP32,39609704448,27.759486471262512,0.00015997886657714844,0.1513063907623291,261.7847418634063,261.50824466872797
*** input parameters ***
  einsum_str: af,fbg,gch,hdi,ie->abcde
  dim_sizes:  100,72,128,128,3,71,305,32,3
  cont_path:  (1,2),(0,3),(0,1),(0,1)
  backend:    torch
  dtype:      FP32
*** benchmarking opt_einsum expression ***
  #flops :          39609704448
  #bytes :          1426888948
  arith. intensity: 27.76
  time (eval):      0.158555
  time (compile):   0.000151
  gflops (eval):    249.82
  gflops (total):   249.58
CSV_DATA: opt_einsum,torch,"af,fbg,gch,hdi,ie->abcde","100,72,128,128,3,71,305,32,3","(1,2),(0,3),(0,1),(0,1)",FP32,39609704448,27.759486471262512,0.00015091896057128906,0.1585545539855957,249.81751360858703,249.57995280626295
*** input parameters ***
  einsum_str: af,fbg,gch,hdi,ie->abcde
  dim_sizes:  100,72,128,128,3,71,305,32,3
  cont_path:  (1,2),(0,3),(0,1),(0,1)
  backend:    torch
  dtype:      FP32
*** benchmarking opt_einsum expression ***
  #flops :          39609704448
  #bytes :          1426888948
  arith. intensity: 27.76
  time (eval):      0.161377
  time (compile):   0.000153
  gflops (eval):    245.45
  gflops (total):   245.22
CSV_DATA: opt_einsum,torch,"af,fbg,gch,hdi,ie->abcde","100,72,128,128,3,71,305,32,3","(1,2),(0,3),(0,1),(0,1)",FP32,39609704448,27.759486471262512,0.000152587890625,0.1613774299621582,245.44760972639222,245.21574983109258
*** input parameters ***
  einsum_str: af,fbg,gch,hdi,ie->abcde
  dim_sizes:  100,72,128,128,3,71,305,32,3
  cont_path:  (1,2),(0,3),(0,1),(0,1)
  backend:    torch
  dtype:      FP32
*** benchmarking opt_einsum expression ***
  #flops :          39609704448
  #bytes :          1426888948
  arith. intensity: 27.76
  time (eval):      0.159074
  time (compile):   0.000153
  gflops (eval):    249.00
  gflops (total):   248.76
CSV_DATA: opt_einsum,torch,"af,fbg,gch,hdi,ie->abcde","100,72,128,128,3,71,305,32,3","(1,2),(0,3),(0,1),(0,1)",FP32,39609704448,27.759486471262512,0.00015306472778320312,0.1590743064880371,249.0012706796165,248.761906609085
*** input parameters ***
  einsum_str: af,fbg,gch,hdi,ie->abcde
  dim_sizes:  100,72,128,128,3,71,305,32,3
  cont_path:  (1,2),(0,3),(0,1),(0,1)
  backend:    torch
  dtype:      FP32
*** benchmarking opt_einsum expression ***
  #flops :          39609704448
  #bytes :          1426888948
  arith. intensity: 27.76
  time (eval):      0.160456
  time (compile):   0.000147
  gflops (eval):    246.86
  gflops (total):   246.63
CSV_DATA: opt_einsum,torch,"af,fbg,gch,hdi,ie->abcde","100,72,128,128,3,71,305,32,3","(1,2),(0,3),(0,1),(0,1)",FP32,39609704448,27.759486471262512,0.0001468658447265625,0.16045570373535156,246.85756583219052,246.6318225889293
*** input parameters ***
  einsum_str: af,fbg,gch,hdi,ie->abcde
  dim_sizes:  100,72,128,128,3,71,305,32,3
  cont_path:  (1,2),(0,3),(0,1),(0,1)
  backend:    torch
  dtype:      FP32
*** benchmarking opt_einsum expression ***
  #flops :          39609704448
  #bytes :          1426888948
  arith. intensity: 27.76
  time (eval):      0.157792
  time (compile):   0.000151
  gflops (eval):    251.03
  gflops (total):   250.79
CSV_DATA: opt_einsum,torch,"af,fbg,gch,hdi,ie->abcde","100,72,128,128,3,71,305,32,3","(1,2),(0,3),(0,1),(0,1)",FP32,39609704448,27.759486471262512,0.00015091896057128906,0.1577918529510498,251.02502890493165,250.7851671120735
*** input parameters ***
  einsum_str: af,fbg,gch,hdi,ie->abcde
  dim_sizes:  100,72,128,128,3,71,305,32,3
  cont_path:  (1,2),(0,3),(0,1),(0,1)
  backend:    torch
  dtype:      FP32
*** benchmarking opt_einsum expression ***
  #flops :          39609704448
  #bytes :          1426888948
  arith. intensity: 27.76
  time (eval):      0.159702
  time (compile):   0.000154
  gflops (eval):    248.02
  gflops (total):   247.78
CSV_DATA: opt_einsum,torch,"af,fbg,gch,hdi,ie->abcde","100,72,128,128,3,71,305,32,3","(1,2),(0,3),(0,1),(0,1)",FP32,39609704448,27.759486471262512,0.00015401840209960938,0.15970206260681152,248.0224976525168,247.78353252505903
*** input parameters ***
  einsum_str: af,fbg,gch,hdi,ie->abcde
  dim_sizes:  100,72,128,128,3,71,305,32,3
  cont_path:  (1,2),(0,3),(0,1),(0,1)
  backend:    torch
  dtype:      FP32
*** benchmarking opt_einsum expression ***
  #flops :          39609704448
  #bytes :          1426888948
  arith. intensity: 27.76
  time (eval):      0.162331
  time (compile):   0.000149
  gflops (eval):    244.01
  gflops (total):   243.78
CSV_DATA: opt_einsum,torch,"af,fbg,gch,hdi,ie->abcde","100,72,128,128,3,71,305,32,3","(1,2),(0,3),(0,1),(0,1)",FP32,39609704448,27.759486471262512,0.00014925003051757812,0.16233110427856445,244.00563665253398,243.78149971689206
*** input parameters ***
  einsum_str: af,fbg,gch,hdi,ie->abcde
  dim_sizes:  100,72,128,128,3,71,305,32,3
  cont_path:  (1,2),(0,3),(0,1),(0,1)
  backend:    torch
  dtype:      FP32
*** benchmarking opt_einsum expression ***
  #flops :          39609704448
  #bytes :          1426888948
  arith. intensity: 27.76
  time (eval):      0.158987
  time (compile):   0.000156
  gflops (eval):    249.14
  gflops (total):   248.89
CSV_DATA: opt_einsum,torch,"af,fbg,gch,hdi,ie->abcde","100,72,128,128,3,71,305,32,3","(1,2),(0,3),(0,1),(0,1)",FP32,39609704448,27.759486471262512,0.00015592575073242188,0.15898728370666504,249.13756323481041,248.8934625803402
*** input parameters ***
  einsum_str: af,fbg,gch,hdi,ie->abcde
  dim_sizes:  100,72,128,128,3,71,305,32,3
  cont_path:  (1,2),(0,3),(0,1),(0,1)
  backend:    torch
  dtype:      FP32
*** benchmarking opt_einsum expression ***
  #flops :          39609704448
  #bytes :          1426888948
  arith. intensity: 27.76
  time (eval):      0.156516
  time (compile):   0.000151
  gflops (eval):    253.07
  gflops (total):   252.83
CSV_DATA: opt_einsum,torch,"af,fbg,gch,hdi,ie->abcde","100,72,128,128,3,71,305,32,3","(1,2),(0,3),(0,1),(0,1)",FP32,39609704448,27.759486471262512,0.00015115737915039062,0.15651583671569824,253.07154393551042,252.82737233101997
*** input parameters ***
  einsum_str: af,fbg,gch,hdi,ie->abcde
  dim_sizes:  100,72,128,128,3,71,305,32,3
  cont_path:  (1,2),(0,3),(0,1),(0,1)
  backend:    torch
  dtype:      FP32
*** benchmarking opt_einsum expression ***
  #flops :          39609704448
  #bytes :          1426888948
  arith. intensity: 27.76
  time (eval):      0.160877
  time (compile):   0.000153
  gflops (eval):    246.21
  gflops (total):   245.98
CSV_DATA: opt_einsum,torch,"af,fbg,gch,hdi,ie->abcde","100,72,128,128,3,71,305,32,3","(1,2),(0,3),(0,1),(0,1)",FP32,39609704448,27.759486471262512,0.000152587890625,0.16087675094604492,246.21148932380143,245.97818468456634
*** input parameters ***
  einsum_str: af,fbg,gch,hdi,ie->abcde
  dim_sizes:  100,72,128,128,3,71,305,32,3
  cont_path:  (1,2),(0,3),(0,1),(0,1)
  backend:    torch
  dtype:      FP32
*** benchmarking opt_einsum expression ***
  #flops :          39609704448
  #bytes :          1426888948
  arith. intensity: 27.76
  time (eval):      0.161530
  time (compile):   0.000154
  gflops (eval):    245.22
  gflops (total):   244.98
CSV_DATA: opt_einsum,torch,"af,fbg,gch,hdi,ie->abcde","100,72,128,128,3,71,305,32,3","(1,2),(0,3),(0,1),(0,1)",FP32,39609704448,27.759486471262512,0.00015425682067871094,0.1615302562713623,245.215387892766,244.98143755705075
*** input parameters ***
  einsum_str: af,fbg,gch,hdi,ie->abcde
  dim_sizes:  100,72,128,128,3,71,305,32,3
  cont_path:  (1,2),(0,3),(0,1),(0,1)
  backend:    torch
  dtype:      FP32
*** benchmarking opt_einsum expression ***
  #flops :          39609704448
  #bytes :          1426888948
  arith. intensity: 27.76
  time (eval):      0.159206
  time (compile):   0.000155
  gflops (eval):    248.80
  gflops (total):   248.55
CSV_DATA: opt_einsum,torch,"af,fbg,gch,hdi,ie->abcde","100,72,128,128,3,71,305,32,3","(1,2),(0,3),(0,1),(0,1)",FP32,39609704448,27.759486471262512,0.00015544891357421875,0.15920591354370117,248.7954345811869,248.55274727347614
*** input parameters ***
  einsum_str: af,fbg,gch,hdi,ie->abcde
  dim_sizes:  100,72,128,128,3,71,305,32,3
  cont_path:  (1,2),(0,3),(0,1),(0,1)
  backend:    torch
  dtype:      FP32
*** benchmarking opt_einsum expression ***
  #flops :          39609704448
  #bytes :          1426888948
  arith. intensity: 27.76
  time (eval):      0.152339
  time (compile):   0.000160
  gflops (eval):    260.01
  gflops (total):   259.74
CSV_DATA: opt_einsum,torch,"af,fbg,gch,hdi,ie->abcde","100,72,128,128,3,71,305,32,3","(1,2),(0,3),(0,1),(0,1)",FP32,39609704448,27.759486471262512,0.0001595020294189453,0.15233874320983887,260.0107078042494,259.73875558932156
*** input parameters ***
  einsum_str: af,fbg,gch,hdi,ie->abcde
  dim_sizes:  100,72,128,128,3,71,305,32,3
  cont_path:  (1,2),(0,3),(0,1),(0,1)
  backend:    torch
  dtype:      FP32
*** benchmarking opt_einsum expression ***
  #flops :          39609704448
  #bytes :          1426888948
  arith. intensity: 27.76
  time (eval):      0.154534
  time (compile):   0.000359
  gflops (eval):    256.32
  gflops (total):   255.72
CSV_DATA: opt_einsum,torch,"af,fbg,gch,hdi,ie->abcde","100,72,128,128,3,71,305,32,3","(1,2),(0,3),(0,1),(0,1)",FP32,39609704448,27.759486471262512,0.0003592967987060547,0.15453362464904785,256.31770779955013,255.7231413661504
*** input parameters ***
  einsum_str: af,fbg,gch,hdi,ie->abcde
  dim_sizes:  100,72,128,128,3,71,305,32,3
  cont_path:  (1,2),(0,3),(0,1),(0,1)
  backend:    torch
  dtype:      FP32
*** benchmarking opt_einsum expression ***
  #flops :          39609704448
  #bytes :          1426888948
  arith. intensity: 27.76
  time (eval):      0.155944
  time (compile):   0.000155
  gflops (eval):    254.00
  gflops (total):   253.75
CSV_DATA: opt_einsum,torch,"af,fbg,gch,hdi,ie->abcde","100,72,128,128,3,71,305,32,3","(1,2),(0,3),(0,1),(0,1)",FP32,39609704448,27.759486471262512,0.00015497207641601562,0.1559436321258545,254.00014035861975,253.74797327895558
*** input parameters ***
  einsum_str: af,fbg,gch,hdi,ie->abcde
  dim_sizes:  100,72,128,128,3,71,305,32,3
  cont_path:  (1,2),(0,3),(0,1),(0,1)
  backend:    torch
  dtype:      FP32
*** benchmarking opt_einsum expression ***
  #flops :          39609704448
  #bytes :          1426888948
  arith. intensity: 27.76
  time (eval):      0.159352
  time (compile):   0.000154
  gflops (eval):    248.57
  gflops (total):   248.33
CSV_DATA: opt_einsum,torch,"af,fbg,gch,hdi,ie->abcde","100,72,128,128,3,71,305,32,3","(1,2),(0,3),(0,1),(0,1)",FP32,39609704448,27.759486471262512,0.0001537799835205078,0.15935158729553223,248.56799433406428,248.32834859220318
*** input parameters ***
  einsum_str: af,fbg,gch,hdi,ie->abcde
  dim_sizes:  100,72,128,128,3,71,305,32,3
  cont_path:  (1,2),(0,3),(0,1),(0,1)
  backend:    torch
  dtype:      FP32
*** benchmarking opt_einsum expression ***
  #flops :          39609704448
  #bytes :          1426888948
  arith. intensity: 27.76
  time (eval):      0.161979
  time (compile):   0.000152
  gflops (eval):    244.54
  gflops (total):   244.31
CSV_DATA: opt_einsum,torch,"af,fbg,gch,hdi,ie->abcde","100,72,128,128,3,71,305,32,3","(1,2),(0,3),(0,1),(0,1)",FP32,39609704448,27.759486471262512,0.0001518726348876953,0.16197896003723145,244.53610789262734,244.30704385577053
*** input parameters ***
  einsum_str: af,fbg,gch,hdi,ie->abcde
  dim_sizes:  100,72,128,128,3,71,305,32,3
  cont_path:  (1,2),(0,3),(0,1),(0,1)
  backend:    torch
  dtype:      FP32
*** benchmarking opt_einsum expression ***
  #flops :          39609704448
  #bytes :          1426888948
  arith. intensity: 27.76
  time (eval):      0.162049
  time (compile):   0.000154
  gflops (eval):    244.43
  gflops (total):   244.20
CSV_DATA: opt_einsum,torch,"af,fbg,gch,hdi,ie->abcde","100,72,128,128,3,71,305,32,3","(1,2),(0,3),(0,1),(0,1)",FP32,39609704448,27.759486471262512,0.0001544952392578125,0.1620485782623291,244.43105192739566,244.1982361549547
*** input parameters ***
  einsum_str: af,fbg,gch,hdi,ie->abcde
  dim_sizes:  100,72,128,128,3,71,305,32,3
  cont_path:  (1,2),(0,3),(0,1),(0,1)
  backend:    torch
  dtype:      FP32
*** benchmarking opt_einsum expression ***
  #flops :          39609704448
  #bytes :          1426888948
  arith. intensity: 27.76
  time (eval):      0.161971
  time (compile):   0.000154
  gflops (eval):    244.55
  gflops (total):   244.31
CSV_DATA: opt_einsum,torch,"af,fbg,gch,hdi,ie->abcde","100,72,128,128,3,71,305,32,3","(1,2),(0,3),(0,1),(0,1)",FP32,39609704448,27.759486471262512,0.0001544952392578125,0.1619713306427002,244.54762636590806,244.31458857664902
*** input parameters ***
  einsum_str: af,fbg,gch,hdi,ie->abcde
  dim_sizes:  100,72,128,128,3,71,305,32,3
  cont_path:  (1,2),(0,3),(0,1),(0,1)
  backend:    torch
  dtype:      FP32
*** benchmarking opt_einsum expression ***
  #flops :          39609704448
  #bytes :          1426888948
  arith. intensity: 27.76
  time (eval):      0.161327
  time (compile):   0.000148
  gflops (eval):    245.52
  gflops (total):   245.30
CSV_DATA: opt_einsum,torch,"af,fbg,gch,hdi,ie->abcde","100,72,128,128,3,71,305,32,3","(1,2),(0,3),(0,1),(0,1)",FP32,39609704448,27.759486471262512,0.00014829635620117188,0.16132712364196777,245.52414717258307,245.2986618548455
*** input parameters ***
  einsum_str: af,fbg,gch,hdi,ie->abcde
  dim_sizes:  100,72,128,128,3,71,305,32,3
  cont_path:  (1,2),(0,3),(0,1),(0,1)
  backend:    torch
  dtype:      FP32
*** benchmarking opt_einsum expression ***
  #flops :          39609704448
  #bytes :          1426888948
  arith. intensity: 27.76
  time (eval):      0.155890
  time (compile):   0.000151
  gflops (eval):    254.09
  gflops (total):   253.84
CSV_DATA: opt_einsum,torch,"af,fbg,gch,hdi,ie->abcde","100,72,128,128,3,71,305,32,3","(1,2),(0,3),(0,1),(0,1)",FP32,39609704448,27.759486471262512,0.0001513957977294922,0.15589046478271484,254.0867685731086,253.84024710202678
*** input parameters ***
  einsum_str: af,fbg,gch,hdi,ie->abcde
  dim_sizes:  100,72,128,128,3,71,305,32,3
  cont_path:  (1,2),(0,3),(0,1),(0,1)
  backend:    torch
  dtype:      FP32
*** benchmarking opt_einsum expression ***
  #flops :          39609704448
  #bytes :          1426888948
  arith. intensity: 27.76
  time (eval):      0.163534
  time (compile):   0.000161
  gflops (eval):    242.21
  gflops (total):   241.97
CSV_DATA: opt_einsum,torch,"af,fbg,gch,hdi,ie->abcde","100,72,128,128,3,71,305,32,3","(1,2),(0,3),(0,1),(0,1)",FP32,39609704448,27.759486471262512,0.0001609325408935547,0.16353392601013184,242.2109308715915,241.97280720123072
*** input parameters ***
  einsum_str: af,fbg,gch,hdi,ie->abcde
  dim_sizes:  100,72,128,128,3,71,305,32,3
  cont_path:  (1,2),(0,3),(0,1),(0,1)
  backend:    torch
  dtype:      FP32
*** benchmarking opt_einsum expression ***
  #flops :          39609704448
  #bytes :          1426888948
  arith. intensity: 27.76
  time (eval):      0.162660
  time (compile):   0.000154
  gflops (eval):    243.51
  gflops (total):   243.28
CSV_DATA: opt_einsum,torch,"af,fbg,gch,hdi,ie->abcde","100,72,128,128,3,71,305,32,3","(1,2),(0,3),(0,1),(0,1)",FP32,39609704448,27.759486471262512,0.0001544952392578125,0.1626601219177246,243.5120789349651,243.2810096516651
*** input parameters ***
  einsum_str: af,fbg,gch,hdi,ie->abcde
  dim_sizes:  100,72,128,128,3,71,305,32,3
  cont_path:  (1,2),(0,3),(0,1),(0,1)
  backend:    torch
  dtype:      FP32
*** benchmarking opt_einsum expression ***
  #flops :          39609704448
  #bytes :          1426888948
  arith. intensity: 27.76
  time (eval):      0.159752
  time (compile):   0.000161
  gflops (eval):    247.94
  gflops (total):   247.70
CSV_DATA: opt_einsum,torch,"af,fbg,gch,hdi,ie->abcde","100,72,128,128,3,71,305,32,3","(1,2),(0,3),(0,1),(0,1)",FP32,39609704448,27.759486471262512,0.00016069412231445312,0.15975213050842285,247.9447649426597,247.69560877599872
*** input parameters ***
  einsum_str: af,fbg,gch,hdi,ie->abcde
  dim_sizes:  100,72,128,128,3,71,305,32,3
  cont_path:  (1,2),(0,3),(0,1),(0,1)
  backend:    torch
  dtype:      FP32
*** benchmarking opt_einsum expression ***
  #flops :          39609704448
  #bytes :          1426888948
  arith. intensity: 27.76
  time (eval):      0.162324
  time (compile):   0.000146
  gflops (eval):    244.02
  gflops (total):   243.80
CSV_DATA: opt_einsum,torch,"af,fbg,gch,hdi,ie->abcde","100,72,128,128,3,71,305,32,3","(1,2),(0,3),(0,1),(0,1)",FP32,39609704448,27.759486471262512,0.00014591217041015625,0.1623239517211914,244.01638838878114,243.79724029575874
*** input parameters ***
  einsum_str: af,fbg,gch,hdi,ie->abcde
  dim_sizes:  100,72,128,128,3,71,305,32,3
  cont_path:  (1,2),(0,3),(0,1),(0,1)
  backend:    torch
  dtype:      FP32
*** benchmarking opt_einsum expression ***
  #flops :          39609704448
  #bytes :          1426888948
  arith. intensity: 27.76
  time (eval):      0.160399
  time (compile):   0.000149
  gflops (eval):    246.94
  gflops (total):   246.72
CSV_DATA: opt_einsum,torch,"af,fbg,gch,hdi,ie->abcde","100,72,128,128,3,71,305,32,3","(1,2),(0,3),(0,1),(0,1)",FP32,39609704448,27.759486471262512,0.00014853477478027344,0.1603994369506836,246.94416140736456,246.71569514271022
*** input parameters ***
  einsum_str: af,fbg,gch,hdi,ie->abcde
  dim_sizes:  100,72,128,128,3,71,305,32,3
  cont_path:  (1,2),(0,3),(0,1),(0,1)
  backend:    torch
  dtype:      FP32
*** benchmarking opt_einsum expression ***
  #flops :          39609704448
  #bytes :          1426888948
  arith. intensity: 27.76
  time (eval):      0.160540
  time (compile):   0.000153
  gflops (eval):    246.73
  gflops (total):   246.49
CSV_DATA: opt_einsum,torch,"af,fbg,gch,hdi,ie->abcde","100,72,128,128,3,71,305,32,3","(1,2),(0,3),(0,1),(0,1)",FP32,39609704448,27.759486471262512,0.00015306472778320312,0.16054034233093262,246.72741986777288,246.49240546332433
*** input parameters ***
  einsum_str: af,fbg,gch,hdi,ie->abcde
  dim_sizes:  100,72,128,128,3,71,305,32,3
  cont_path:  (1,2),(0,3),(0,1),(0,1)
  backend:    torch
  dtype:      FP32
*** benchmarking opt_einsum expression ***
  #flops :          39609704448
  #bytes :          1426888948
  arith. intensity: 27.76
  time (eval):      0.154480
  time (compile):   0.000152
  gflops (eval):    256.41
  gflops (total):   256.15
CSV_DATA: opt_einsum,torch,"af,fbg,gch,hdi,ie->abcde","100,72,128,128,3,71,305,32,3","(1,2),(0,3),(0,1),(0,1)",FP32,39609704448,27.759486471262512,0.00015234947204589844,0.1544795036315918,256.40750725392434,256.1548843461942
*** input parameters ***
  einsum_str: af,fbg,gch,hdi,ie->abcde
  dim_sizes:  100,72,128,128,3,71,305,32,3
  cont_path:  (1,2),(0,3),(0,1),(0,1)
  backend:    torch
  dtype:      FP32
*** benchmarking opt_einsum expression ***
  #flops :          39609704448
  #bytes :          1426888948
  arith. intensity: 27.76
  time (eval):      0.157803
  time (compile):   0.000154
  gflops (eval):    251.01
  gflops (total):   250.76
CSV_DATA: opt_einsum,torch,"af,fbg,gch,hdi,ie->abcde","100,72,128,128,3,71,305,32,3","(1,2),(0,3),(0,1),(0,1)",FP32,39609704448,27.759486471262512,0.00015425682067871094,0.15780258178710938,251.00796197008515,250.76283367731975
*** input parameters ***
  einsum_str: af,fbg,gch,hdi,ie->abcde
  dim_sizes:  100,72,128,128,3,71,305,32,3
  cont_path:  (1,2),(0,3),(0,1),(0,1)
  backend:    torch
  dtype:      FP32
*** benchmarking opt_einsum expression ***
  #flops :          39609704448
  #bytes :          1426888948
  arith. intensity: 27.76
  time (eval):      0.159812
  time (compile):   0.000149
  gflops (eval):    247.85
  gflops (total):   247.62
CSV_DATA: opt_einsum,torch,"af,fbg,gch,hdi,ie->abcde","100,72,128,128,3,71,305,32,3","(1,2),(0,3),(0,1),(0,1)",FP32,39609704448,27.759486471262512,0.0001494884490966797,0.15981197357177734,247.85191974498613,247.6202952110501
*** input parameters ***
  einsum_str: af,fbg,gch,hdi,ie->abcde
  dim_sizes:  100,72,128,128,3,71,305,32,3
  cont_path:  (1,2),(0,3),(0,1),(0,1)
  backend:    torch
  dtype:      FP32
*** benchmarking opt_einsum expression ***
  #flops :          39609704448
  #bytes :          1426888948
  arith. intensity: 27.76
  time (eval):      0.159369
  time (compile):   0.000158
  gflops (eval):    248.54
  gflops (total):   248.30
CSV_DATA: opt_einsum,torch,"af,fbg,gch,hdi,ie->abcde","100,72,128,128,3,71,305,32,3","(1,2),(0,3),(0,1),(0,1)",FP32,39609704448,27.759486471262512,0.0001575946807861328,0.15936875343322754,248.5412202499012,248.2956885572965
*** input parameters ***
  einsum_str: af,fbg,gch,hdi,ie->abcde
  dim_sizes:  100,72,128,128,3,71,305,32,3
  cont_path:  (1,2),(0,3),(0,1),(0,1)
  backend:    torch
  dtype:      FP32
*** benchmarking opt_einsum expression ***
  #flops :          39609704448
  #bytes :          1426888948
  arith. intensity: 27.76
  time (eval):      0.158897
  time (compile):   0.000149
  gflops (eval):    249.28
  gflops (total):   249.05
CSV_DATA: opt_einsum,torch,"af,fbg,gch,hdi,ie->abcde","100,72,128,128,3,71,305,32,3","(1,2),(0,3),(0,1),(0,1)",FP32,39609704448,27.759486471262512,0.000148773193359375,0.15889668464660645,249.2796154689685,249.04643606896303
*** input parameters ***
  einsum_str: af,fbg,gch,hdi,ie->abcde
  dim_sizes:  100,72,128,128,3,71,305,32,3
  cont_path:  (1,2),(0,3),(0,1),(0,1)
  backend:    torch
  dtype:      FP32
*** benchmarking opt_einsum expression ***
  #flops :          39609704448
  #bytes :          1426888948
  arith. intensity: 27.76
  time (eval):      0.157403
  time (compile):   0.000154
  gflops (eval):    251.64
  gflops (total):   251.40
CSV_DATA: opt_einsum,torch,"af,fbg,gch,hdi,ie->abcde","100,72,128,128,3,71,305,32,3","(1,2),(0,3),(0,1),(0,1)",FP32,39609704448,27.759486471262512,0.00015425682067871094,0.15740323066711426,251.64479966595454,251.3984265652169
*** input parameters ***
  einsum_str: af,fbg,gch,hdi,ie->abcde
  dim_sizes:  100,72,128,128,3,71,305,32,3
  cont_path:  (1,2),(0,3),(0,1),(0,1)
  backend:    torch
  dtype:      FP32
*** benchmarking opt_einsum expression ***
  #flops :          39609704448
  #bytes :          1426888948
  arith. intensity: 27.76
  time (eval):      0.162010
  time (compile):   0.000161
  gflops (eval):    244.49
  gflops (total):   244.25
CSV_DATA: opt_einsum,torch,"af,fbg,gch,hdi,ie->abcde","100,72,128,128,3,71,305,32,3","(1,2),(0,3),(0,1),(0,1)",FP32,39609704448,27.759486471262512,0.00016117095947265625,0.16201043128967285,244.48860565760913,244.2456256129683
*** input parameters ***
  einsum_str: af,fbg,gch,hdi,ie->abcde
  dim_sizes:  100,72,128,128,3,71,305,32,3
  cont_path:  (1,2),(0,3),(0,1),(0,1)
  backend:    torch
  dtype:      FP32
*** benchmarking opt_einsum expression ***
  #flops :          39609704448
  #bytes :          1426888948
  arith. intensity: 27.76
  time (eval):      0.159451
  time (compile):   0.000149
  gflops (eval):    248.41
  gflops (total):   248.18
CSV_DATA: opt_einsum,torch,"af,fbg,gch,hdi,ie->abcde","100,72,128,128,3,71,305,32,3","(1,2),(0,3),(0,1),(0,1)",FP32,39609704448,27.759486471262512,0.00014901161193847656,0.15945148468017578,248.41226488074577,248.18033382241487
*** input parameters ***
  einsum_str: af,fbg,gch,hdi,ie->abcde
  dim_sizes:  100,72,128,128,3,71,305,32,3
  cont_path:  (1,2),(0,3),(0,1),(0,1)
  backend:    torch
  dtype:      FP32
*** benchmarking opt_einsum expression ***
  #flops :          39609704448
  #bytes :          1426888948
  arith. intensity: 27.76
  time (eval):      0.158887
  time (compile):   0.000154
  gflops (eval):    249.29
  gflops (total):   249.05
CSV_DATA: opt_einsum,torch,"af,fbg,gch,hdi,ie->abcde","100,72,128,128,3,71,305,32,3","(1,2),(0,3),(0,1),(0,1)",FP32,39609704448,27.759486471262512,0.00015401840209960938,0.15888714790344238,249.2945777595007,249.0531562872458
*** input parameters ***
  einsum_str: af,fbg,gch,hdi,ie->abcde
  dim_sizes:  100,72,128,128,3,71,305,32,3
  cont_path:  (1,2),(0,3),(0,1),(0,1)
  backend:    torch
  dtype:      FP32
*** benchmarking opt_einsum expression ***
  #flops :          39609704448
  #bytes :          1426888948
  arith. intensity: 27.76
  time (eval):      0.163182
  time (compile):   0.000158
  gflops (eval):    242.73
  gflops (total):   242.50
CSV_DATA: opt_einsum,torch,"af,fbg,gch,hdi,ie->abcde","100,72,128,128,3,71,305,32,3","(1,2),(0,3),(0,1),(0,1)",FP32,39609704448,27.759486471262512,0.00015783309936523438,0.16318178176879883,242.7336190269101,242.4990684591126
*** input parameters ***
  einsum_str: af,fbg,gch,hdi,ie->abcde
  dim_sizes:  100,72,128,128,3,71,305,32,3
  cont_path:  (1,2),(0,3),(0,1),(0,1)
  backend:    torch
  dtype:      FP32
*** benchmarking opt_einsum expression ***
  #flops :          39609704448
  #bytes :          1426888948
  arith. intensity: 27.76
  time (eval):      0.161256
  time (compile):   0.000150
  gflops (eval):    245.63
  gflops (total):   245.41
CSV_DATA: opt_einsum,torch,"af,fbg,gch,hdi,ie->abcde","100,72,128,128,3,71,305,32,3","(1,2),(0,3),(0,1),(0,1)",FP32,39609704448,27.759486471262512,0.00014972686767578125,0.1612555980682373,245.63305040262023,245.40519009349453
*** input parameters ***
  einsum_str: af,fbg,gch,hdi,ie->abcde
  dim_sizes:  100,72,128,128,3,71,305,32,3
  cont_path:  (1,2),(0,3),(0,1),(0,1)
  backend:    torch
  dtype:      FP32
*** benchmarking opt_einsum expression ***
  #flops :          39609704448
  #bytes :          1426888948
  arith. intensity: 27.76
  time (eval):      0.162465
  time (compile):   0.000159
  gflops (eval):    243.80
  gflops (total):   243.57
CSV_DATA: opt_einsum,torch,"af,fbg,gch,hdi,ie->abcde","100,72,128,128,3,71,305,32,3","(1,2),(0,3),(0,1),(0,1)",FP32,39609704448,27.759486471262512,0.0001590251922607422,0.16246509552001953,243.80439577631708,243.56598685676366
*** input parameters ***
  einsum_str: af,fbg,gch,hdi,ie->abcde
  dim_sizes:  100,72,128,128,3,71,305,32,3
  cont_path:  (1,2),(0,3),(0,1),(0,1)
  backend:    torch
  dtype:      FP32
*** benchmarking opt_einsum expression ***
  #flops :          39609704448
  #bytes :          1426888948
  arith. intensity: 27.76
  time (eval):      0.159259
  time (compile):   0.000152
  gflops (eval):    248.71
  gflops (total):   248.48
CSV_DATA: opt_einsum,torch,"af,fbg,gch,hdi,ie->abcde","100,72,128,128,3,71,305,32,3","(1,2),(0,3),(0,1),(0,1)",FP32,39609704448,27.759486471262512,0.00015163421630859375,0.15925860404968262,248.71312092904748,248.47654001938963
*** input parameters ***
  einsum_str: af,fbg,gch,hdi,ie->abcde
  dim_sizes:  100,72,128,128,3,71,305,32,3
  cont_path:  (1,2),(0,3),(0,1),(0,1)
  backend:    torch
  dtype:      FP32
*** benchmarking opt_einsum expression ***
  #flops :          39609704448
  #bytes :          1426888948
  arith. intensity: 27.76
  time (eval):      0.157748
  time (compile):   0.000153
  gflops (eval):    251.09
  gflops (total):   250.85
CSV_DATA: opt_einsum,torch,"af,fbg,gch,hdi,ie->abcde","100,72,128,128,3,71,305,32,3","(1,2),(0,3),(0,1),(0,1)",FP32,39609704448,27.759486471262512,0.00015282630920410156,0.15774798393249512,251.09483785827737,250.8518125231233
*** input parameters ***
  einsum_str: af,fbg,gch,hdi,ie->abcde
  dim_sizes:  100,72,128,128,3,71,305,32,3
  cont_path:  (1,2),(0,3),(0,1),(0,1)
  backend:    torch
  dtype:      FP32
*** benchmarking opt_einsum expression ***
  #flops :          39609704448
  #bytes :          1426888948
  arith. intensity: 27.76
  time (eval):      0.159635
  time (compile):   0.000155
  gflops (eval):    248.13
  gflops (total):   247.89
CSV_DATA: opt_einsum,torch,"af,fbg,gch,hdi,ie->abcde","100,72,128,128,3,71,305,32,3","(1,2),(0,3),(0,1),(0,1)",FP32,39609704448,27.759486471262512,0.00015497207641601562,0.15963506698608398,248.12658769675548,247.88594258060812
