*** input parameters ***
  einsum_str: aefg,behi,cfhj,dgij->abcd
  dim_sizes:  60,60,20,20,8,8,8,8,8,8
  cont_path:  (2,3),(0,2),(0,1)
  backend:    torch
  dtype:      FP32
*** benchmarking opt_einsum expression ***
  #flops :          3073638400
  #bytes :          6087680
  arith. intensity: 504.89
  time (eval):      0.010455
  time (compile):   0.000138
  gflops (eval):    293.98
  gflops (total):   290.16
CSV_DATA: opt_einsum,torch,"aefg,behi,cfhj,dgij->abcd","60,60,20,20,8,8,8,8,8,8","(2,3),(0,2),(0,1)",FP32,3073638400,504.89486963835157,0.00013780593872070312,0.010455131530761719,293.98371421311685,290.15921304689624
*** input parameters ***
  einsum_str: aefg,behi,cfhj,dgij->abcd
  dim_sizes:  60,60,20,20,8,8,8,8,8,8
  cont_path:  (2,3),(0,2),(0,1)
  backend:    torch
  dtype:      FP32
*** benchmarking opt_einsum expression ***
  #flops :          3073638400
  #bytes :          6087680
  arith. intensity: 504.89
  time (eval):      0.012243
  time (compile):   0.000134
  gflops (eval):    251.05
  gflops (total):   248.34
CSV_DATA: opt_einsum,torch,"aefg,behi,cfhj,dgij->abcd","60,60,20,20,8,8,8,8,8,8","(2,3),(0,2),(0,1)",FP32,3073638400,504.89486963835157,0.00013375282287597656,0.012243032455444336,251.05205031398805,248.33899359827404
*** input parameters ***
  einsum_str: aefg,behi,cfhj,dgij->abcd
  dim_sizes:  60,60,20,20,8,8,8,8,8,8
  cont_path:  (2,3),(0,2),(0,1)
  backend:    torch
  dtype:      FP32
*** benchmarking opt_einsum expression ***
  #flops :          3073638400
  #bytes :          6087680
  arith. intensity: 504.89
  time (eval):      0.012544
  time (compile):   0.000135
  gflops (eval):    245.02
  gflops (total):   242.41
CSV_DATA: opt_einsum,torch,"aefg,behi,cfhj,dgij->abcd","60,60,20,20,8,8,8,8,8,8","(2,3),(0,2),(0,1)",FP32,3073638400,504.89486963835157,0.00013494491577148438,0.012544393539428711,245.02088445640217,242.41315198423501
*** input parameters ***
  einsum_str: aefg,behi,cfhj,dgij->abcd
  dim_sizes:  60,60,20,20,8,8,8,8,8,8
  cont_path:  (2,3),(0,2),(0,1)
  backend:    torch
  dtype:      FP32
*** benchmarking opt_einsum expression ***
  #flops :          3073638400
  #bytes :          6087680
  arith. intensity: 504.89
  time (eval):      0.012475
  time (compile):   0.000132
  gflops (eval):    246.38
  gflops (total):   243.79
CSV_DATA: opt_einsum,torch,"aefg,behi,cfhj,dgij->abcd","60,60,20,20,8,8,8,8,8,8","(2,3),(0,2),(0,1)",FP32,3073638400,504.89486963835157,0.0001323223114013672,0.012475252151489258,246.3788597357592,243.7929999181846
*** input parameters ***
  einsum_str: aefg,behi,cfhj,dgij->abcd
  dim_sizes:  60,60,20,20,8,8,8,8,8,8
  cont_path:  (2,3),(0,2),(0,1)
  backend:    torch
  dtype:      FP32
*** benchmarking opt_einsum expression ***
  #flops :          3073638400
  #bytes :          6087680
  arith. intensity: 504.89
  time (eval):      0.013021
  time (compile):   0.000134
  gflops (eval):    236.05
  gflops (total):   233.65
CSV_DATA: opt_einsum,torch,"aefg,behi,cfhj,dgij->abcd","60,60,20,20,8,8,8,8,8,8","(2,3),(0,2),(0,1)",FP32,3073638400,504.89486963835157,0.00013399124145507812,0.013020992279052734,236.05254761917456,233.64821363769755
*** input parameters ***
  einsum_str: aefg,behi,cfhj,dgij->abcd
  dim_sizes:  60,60,20,20,8,8,8,8,8,8
  cont_path:  (2,3),(0,2),(0,1)
  backend:    torch
  dtype:      FP32
*** benchmarking opt_einsum expression ***
  #flops :          3073638400
  #bytes :          6087680
  arith. intensity: 504.89
  time (eval):      0.012735
  time (compile):   0.000136
  gflops (eval):    241.36
  gflops (total):   238.80
CSV_DATA: opt_einsum,torch,"aefg,behi,cfhj,dgij->abcd","60,60,20,20,8,8,8,8,8,8","(2,3),(0,2),(0,1)",FP32,3073638400,504.89486963835157,0.00013637542724609375,0.012734651565551758,241.36022757893397,238.80288664765402
*** input parameters ***
  einsum_str: aefg,behi,cfhj,dgij->abcd
  dim_sizes:  60,60,20,20,8,8,8,8,8,8
  cont_path:  (2,3),(0,2),(0,1)
  backend:    torch
  dtype:      FP32
*** benchmarking opt_einsum expression ***
  #flops :          3073638400
  #bytes :          6087680
  arith. intensity: 504.89
  time (eval):      0.012502
  time (compile):   0.000136
  gflops (eval):    245.85
  gflops (total):   243.21
CSV_DATA: opt_einsum,torch,"aefg,behi,cfhj,dgij->abcd","60,60,20,20,8,8,8,8,8,8","(2,3),(0,2),(0,1)",FP32,3073638400,504.89486963835157,0.00013566017150878906,0.012501955032348633,245.85262001399013,243.21348216567182
*** input parameters ***
  einsum_str: aefg,behi,cfhj,dgij->abcd
  dim_sizes:  60,60,20,20,8,8,8,8,8,8
  cont_path:  (2,3),(0,2),(0,1)
  backend:    torch
  dtype:      FP32
*** benchmarking opt_einsum expression ***
  #flops :          3073638400
  #bytes :          6087680
  arith. intensity: 504.89
  time (eval):      0.012877
  time (compile):   0.000135
  gflops (eval):    238.69
  gflops (total):   236.21
CSV_DATA: opt_einsum,torch,"aefg,behi,cfhj,dgij->abcd","60,60,20,20,8,8,8,8,8,8","(2,3),(0,2),(0,1)",FP32,3073638400,504.89486963835157,0.00013518333435058594,0.01287698745727539,238.6923502253953,236.21257738009785
*** input parameters ***
  einsum_str: aefg,behi,cfhj,dgij->abcd
  dim_sizes:  60,60,20,20,8,8,8,8,8,8
  cont_path:  (2,3),(0,2),(0,1)
  backend:    torch
  dtype:      FP32
*** benchmarking opt_einsum expression ***
  #flops :          3073638400
  #bytes :          6087680
  arith. intensity: 504.89
  time (eval):      0.012666
  time (compile):   0.000135
  gflops (eval):    242.67
  gflops (total):   240.11
CSV_DATA: opt_einsum,torch,"aefg,behi,cfhj,dgij->abcd","60,60,20,20,8,8,8,8,8,8","(2,3),(0,2),(0,1)",FP32,3073638400,504.89486963835157,0.00013518333435058594,0.012665748596191406,242.6732519327159,240.1105182558269
*** input parameters ***
  einsum_str: aefg,behi,cfhj,dgij->abcd
  dim_sizes:  60,60,20,20,8,8,8,8,8,8
  cont_path:  (2,3),(0,2),(0,1)
  backend:    torch
  dtype:      FP32
*** benchmarking opt_einsum expression ***
  #flops :          3073638400
  #bytes :          6087680
  arith. intensity: 504.89
  time (eval):      0.012514
  time (compile):   0.000134
  gflops (eval):    245.62
  gflops (total):   243.01
CSV_DATA: opt_einsum,torch,"aefg,behi,cfhj,dgij->abcd","60,60,20,20,8,8,8,8,8,8","(2,3),(0,2),(0,1)",FP32,3073638400,504.89486963835157,0.00013446807861328125,0.01251363754272461,245.6230963623366,243.0117593906428
*** input parameters ***
  einsum_str: aefg,behi,cfhj,dgij->abcd
  dim_sizes:  60,60,20,20,8,8,8,8,8,8
  cont_path:  (2,3),(0,2),(0,1)
  backend:    torch
  dtype:      FP32
*** benchmarking opt_einsum expression ***
  #flops :          3073638400
  #bytes :          6087680
  arith. intensity: 504.89
  time (eval):      0.012599
  time (compile):   0.000141
  gflops (eval):    243.95
  gflops (total):   241.25
CSV_DATA: opt_einsum,torch,"aefg,behi,cfhj,dgij->abcd","60,60,20,20,8,8,8,8,8,8","(2,3),(0,2),(0,1)",FP32,3073638400,504.89486963835157,0.00014090538024902344,0.012599468231201172,243.9498511840745,241.25182618173926
*** input parameters ***
  einsum_str: aefg,behi,cfhj,dgij->abcd
  dim_sizes:  60,60,20,20,8,8,8,8,8,8
  cont_path:  (2,3),(0,2),(0,1)
  backend:    torch
  dtype:      FP32
*** benchmarking opt_einsum expression ***
  #flops :          3073638400
  #bytes :          6087680
  arith. intensity: 504.89
  time (eval):      0.012599
  time (compile):   0.000137
  gflops (eval):    243.96
  gflops (total):   241.34
CSV_DATA: opt_einsum,torch,"aefg,behi,cfhj,dgij->abcd","60,60,20,20,8,8,8,8,8,8","(2,3),(0,2),(0,1)",FP32,3073638400,504.89486963835157,0.00013685226440429688,0.012598752975463867,243.96370069211818,241.34215391492597
*** input parameters ***
  einsum_str: aefg,behi,cfhj,dgij->abcd
  dim_sizes:  60,60,20,20,8,8,8,8,8,8
  cont_path:  (2,3),(0,2),(0,1)
  backend:    torch
  dtype:      FP32
*** benchmarking opt_einsum expression ***
  #flops :          3073638400
  #bytes :          6087680
  arith. intensity: 504.89
  time (eval):      0.012777
  time (compile):   0.000135
  gflops (eval):    240.56
  gflops (total):   238.04
CSV_DATA: opt_einsum,torch,"aefg,behi,cfhj,dgij->abcd","60,60,20,20,8,8,8,8,8,8","(2,3),(0,2),(0,1)",FP32,3073638400,504.89486963835157,0.0001354217529296875,0.012777090072631836,240.5585608716688,238.03566970722505
*** input parameters ***
  einsum_str: aefg,behi,cfhj,dgij->abcd
  dim_sizes:  60,60,20,20,8,8,8,8,8,8
  cont_path:  (2,3),(0,2),(0,1)
  backend:    torch
  dtype:      FP32
*** benchmarking opt_einsum expression ***
  #flops :          3073638400
  #bytes :          6087680
  arith. intensity: 504.89
  time (eval):      0.012491
  time (compile):   0.000138
  gflops (eval):    246.07
  gflops (total):   243.39
CSV_DATA: opt_einsum,torch,"aefg,behi,cfhj,dgij->abcd","60,60,20,20,8,8,8,8,8,8","(2,3),(0,2),(0,1)",FP32,3073638400,504.89486963835157,0.00013756752014160156,0.01249074935913086,246.07317876834512,243.3925620796647
*** input parameters ***
  einsum_str: aefg,behi,cfhj,dgij->abcd
  dim_sizes:  60,60,20,20,8,8,8,8,8,8
  cont_path:  (2,3),(0,2),(0,1)
  backend:    torch
  dtype:      FP32
*** benchmarking opt_einsum expression ***
  #flops :          3073638400
  #bytes :          6087680
  arith. intensity: 504.89
  time (eval):      0.012876
  time (compile):   0.000134
  gflops (eval):    238.72
  gflops (total):   236.27
CSV_DATA: opt_einsum,torch,"aefg,behi,cfhj,dgij->abcd","60,60,20,20,8,8,8,8,8,8","(2,3),(0,2),(0,1)",FP32,3073638400,504.89486963835157,0.000133514404296875,0.012875556945800781,238.71886963324198,236.26885557645335
*** input parameters ***
  einsum_str: aefg,behi,cfhj,dgij->abcd
  dim_sizes:  60,60,20,20,8,8,8,8,8,8
  cont_path:  (2,3),(0,2),(0,1)
  backend:    torch
  dtype:      FP32
*** benchmarking opt_einsum expression ***
  #flops :          3073638400
  #bytes :          6087680
  arith. intensity: 504.89
  time (eval):      0.012256
  time (compile):   0.000134
  gflops (eval):    250.78
  gflops (total):   248.07
CSV_DATA: opt_einsum,torch,"aefg,behi,cfhj,dgij->abcd","60,60,20,20,8,8,8,8,8,8","(2,3),(0,2),(0,1)",FP32,3073638400,504.89486963835157,0.00013399124145507812,0.012256383895874023,250.7785678151536,248.06661347483308
*** input parameters ***
  einsum_str: aefg,behi,cfhj,dgij->abcd
  dim_sizes:  60,60,20,20,8,8,8,8,8,8
  cont_path:  (2,3),(0,2),(0,1)
  backend:    torch
  dtype:      FP32
*** benchmarking opt_einsum expression ***
  #flops :          3073638400
  #bytes :          6087680
  arith. intensity: 504.89
  time (eval):      0.012823
  time (compile):   0.000136
  gflops (eval):    239.70
  gflops (total):   237.18
CSV_DATA: opt_einsum,torch,"aefg,behi,cfhj,dgij->abcd","60,60,20,20,8,8,8,8,8,8","(2,3),(0,2),(0,1)",FP32,3073638400,504.89486963835157,0.00013637542724609375,0.012822628021240234,239.70424743731363,237.18169473587227
*** input parameters ***
  einsum_str: aefg,behi,cfhj,dgij->abcd
  dim_sizes:  60,60,20,20,8,8,8,8,8,8
  cont_path:  (2,3),(0,2),(0,1)
  backend:    torch
  dtype:      FP32
*** benchmarking opt_einsum expression ***
  #flops :          3073638400
  #bytes :          6087680
  arith. intensity: 504.89
  time (eval):      0.012657
  time (compile):   0.000144
  gflops (eval):    242.84
  gflops (total):   240.11
CSV_DATA: opt_einsum,torch,"aefg,behi,cfhj,dgij->abcd","60,60,20,20,8,8,8,8,8,8","(2,3),(0,2),(0,1)",FP32,3073638400,504.89486963835157,0.0001437664031982422,0.01265716552734375,242.83781336033758,240.1105182558269
*** input parameters ***
  einsum_str: aefg,behi,cfhj,dgij->abcd
  dim_sizes:  60,60,20,20,8,8,8,8,8,8
  cont_path:  (2,3),(0,2),(0,1)
  backend:    torch
  dtype:      FP32
*** benchmarking opt_einsum expression ***
  #flops :          3073638400
  #bytes :          6087680
  arith. intensity: 504.89
  time (eval):      0.012463
  time (compile):   0.000139
  gflops (eval):    246.63
  gflops (total):   243.90
CSV_DATA: opt_einsum,torch,"aefg,behi,cfhj,dgij->abcd","60,60,20,20,8,8,8,8,8,8","(2,3),(0,2),(0,1)",FP32,3073638400,504.89486963835157,0.00013947486877441406,0.012462615966796875,246.62866995090297,243.8990831048603
*** input parameters ***
  einsum_str: aefg,behi,cfhj,dgij->abcd
  dim_sizes:  60,60,20,20,8,8,8,8,8,8
  cont_path:  (2,3),(0,2),(0,1)
  backend:    torch
  dtype:      FP32
*** benchmarking opt_einsum expression ***
  #flops :          3073638400
  #bytes :          6087680
  arith. intensity: 504.89
  time (eval):      0.012948
  time (compile):   0.000134
  gflops (eval):    237.38
  gflops (total):   234.94
CSV_DATA: opt_einsum,torch,"aefg,behi,cfhj,dgij->abcd","60,60,20,20,8,8,8,8,8,8","(2,3),(0,2),(0,1)",FP32,3073638400,504.89486963835157,0.0001342296600341797,0.012948274612426758,237.37822157788952,234.9426635747485
*** input parameters ***
  einsum_str: aefg,behi,cfhj,dgij->abcd
  dim_sizes:  60,60,20,20,8,8,8,8,8,8
  cont_path:  (2,3),(0,2),(0,1)
  backend:    torch
  dtype:      FP32
*** benchmarking opt_einsum expression ***
  #flops :          3073638400
  #bytes :          6087680
  arith. intensity: 504.89
  time (eval):      0.012708
  time (compile):   0.000139
  gflops (eval):    241.86
  gflops (total):   239.24
CSV_DATA: opt_einsum,torch,"aefg,behi,cfhj,dgij->abcd","60,60,20,20,8,8,8,8,8,8","(2,3),(0,2),(0,1)",FP32,3073638400,504.89486963835157,0.0001392364501953125,0.012708425521850586,241.85831633629627,239.23717845999224
*** input parameters ***
  einsum_str: aefg,behi,cfhj,dgij->abcd
  dim_sizes:  60,60,20,20,8,8,8,8,8,8
  cont_path:  (2,3),(0,2),(0,1)
  backend:    torch
  dtype:      FP32
*** benchmarking opt_einsum expression ***
  #flops :          3073638400
  #bytes :          6087680
  arith. intensity: 504.89
  time (eval):      0.012843
  time (compile):   0.000132
  gflops (eval):    239.33
  gflops (total):   236.90
CSV_DATA: opt_einsum,torch,"aefg,behi,cfhj,dgij->abcd","60,60,20,20,8,8,8,8,8,8","(2,3),(0,2),(0,1)",FP32,3073638400,504.89486963835157,0.0001316070556640625,0.012842893600463867,239.3260035954035,236.89839643642114
*** input parameters ***
  einsum_str: aefg,behi,cfhj,dgij->abcd
  dim_sizes:  60,60,20,20,8,8,8,8,8,8
  cont_path:  (2,3),(0,2),(0,1)
  backend:    torch
  dtype:      FP32
*** benchmarking opt_einsum expression ***
  #flops :          3073638400
  #bytes :          6087680
  arith. intensity: 504.89
  time (eval):      0.012673
  time (compile):   0.000134
  gflops (eval):    242.53
  gflops (total):   240.00
CSV_DATA: opt_einsum,torch,"aefg,behi,cfhj,dgij->abcd","60,60,20,20,8,8,8,8,8,8","(2,3),(0,2),(0,1)",FP32,3073638400,504.89486963835157,0.00013375282287597656,0.012673139572143555,242.5317248739272,239.9987682566386
*** input parameters ***
  einsum_str: aefg,behi,cfhj,dgij->abcd
  dim_sizes:  60,60,20,20,8,8,8,8,8,8
  cont_path:  (2,3),(0,2),(0,1)
  backend:    torch
  dtype:      FP32
*** benchmarking opt_einsum expression ***
  #flops :          3073638400
  #bytes :          6087680
  arith. intensity: 504.89
  time (eval):      0.012437
  time (compile):   0.000146
  gflops (eval):    247.13
  gflops (total):   244.27
CSV_DATA: opt_einsum,torch,"aefg,behi,cfhj,dgij->abcd","60,60,20,20,8,8,8,8,8,8","(2,3),(0,2),(0,1)",FP32,3073638400,504.89486963835157,0.00014591217041015625,0.012437105178833008,247.1345506694834,244.26878821595773
*** input parameters ***
  einsum_str: aefg,behi,cfhj,dgij->abcd
  dim_sizes:  60,60,20,20,8,8,8,8,8,8
  cont_path:  (2,3),(0,2),(0,1)
  backend:    torch
  dtype:      FP32
*** benchmarking opt_einsum expression ***
  #flops :          3073638400
  #bytes :          6087680
  arith. intensity: 504.89
  time (eval):      0.012528
  time (compile):   0.000131
  gflops (eval):    245.33
  gflops (total):   242.79
CSV_DATA: opt_einsum,torch,"aefg,behi,cfhj,dgij->abcd","60,60,20,20,8,8,8,8,8,8","(2,3),(0,2),(0,1)",FP32,3073638400,504.89486963835157,0.00013113021850585938,0.012528419494628906,245.3332921457258,242.79207946953935
*** input parameters ***
  einsum_str: aefg,behi,cfhj,dgij->abcd
  dim_sizes:  60,60,20,20,8,8,8,8,8,8
  cont_path:  (2,3),(0,2),(0,1)
  backend:    torch
  dtype:      FP32
*** benchmarking opt_einsum expression ***
  #flops :          3073638400
  #bytes :          6087680
  arith. intensity: 504.89
  time (eval):      0.012432
  time (compile):   0.000134
  gflops (eval):    247.23
  gflops (total):   244.60
CSV_DATA: opt_einsum,torch,"aefg,behi,cfhj,dgij->abcd","60,60,20,20,8,8,8,8,8,8","(2,3),(0,2),(0,1)",FP32,3073638400,504.89486963835157,0.00013375282287597656,0.012432098388671875,247.2340793892605,244.60248241482972
*** input parameters ***
  einsum_str: aefg,behi,cfhj,dgij->abcd
  dim_sizes:  60,60,20,20,8,8,8,8,8,8
  cont_path:  (2,3),(0,2),(0,1)
  backend:    torch
  dtype:      FP32
*** benchmarking opt_einsum expression ***
  #flops :          3073638400
  #bytes :          6087680
  arith. intensity: 504.89
  time (eval):      0.012641
  time (compile):   0.000132
  gflops (eval):    243.14
  gflops (total):   240.62
CSV_DATA: opt_einsum,torch,"aefg,behi,cfhj,dgij->abcd","60,60,20,20,8,8,8,8,8,8","(2,3),(0,2),(0,1)",FP32,3073638400,504.89486963835157,0.0001323223114013672,0.012641429901123047,243.14008969245975,240.62142030486217
*** input parameters ***
  einsum_str: aefg,behi,cfhj,dgij->abcd
  dim_sizes:  60,60,20,20,8,8,8,8,8,8
  cont_path:  (2,3),(0,2),(0,1)
  backend:    torch
  dtype:      FP32
*** benchmarking opt_einsum expression ***
  #flops :          3073638400
  #bytes :          6087680
  arith. intensity: 504.89
  time (eval):      0.012729
  time (compile):   0.000146
  gflops (eval):    241.47
  gflops (total):   238.73
CSV_DATA: opt_einsum,torch,"aefg,behi,cfhj,dgij->abcd","60,60,20,20,8,8,8,8,8,8","(2,3),(0,2),(0,1)",FP32,3073638400,504.89486963835157,0.00014638900756835938,0.012728691101074219,241.47324933830825,238.72771074540944
*** input parameters ***
  einsum_str: aefg,behi,cfhj,dgij->abcd
  dim_sizes:  60,60,20,20,8,8,8,8,8,8
  cont_path:  (2,3),(0,2),(0,1)
  backend:    torch
  dtype:      FP32
*** benchmarking opt_einsum expression ***
  #flops :          3073638400
  #bytes :          6087680
  arith. intensity: 504.89
  time (eval):      0.012619
  time (compile):   0.000133
  gflops (eval):    243.58
  gflops (total):   241.04
CSV_DATA: opt_einsum,torch,"aefg,behi,cfhj,dgij->abcd","60,60,20,20,8,8,8,8,8,8","(2,3),(0,2),(0,1)",FP32,3073638400,504.89486963835157,0.00013327598571777344,0.012618541717529297,243.58111014763256,241.03531524116295
*** input parameters ***
  einsum_str: aefg,behi,cfhj,dgij->abcd
  dim_sizes:  60,60,20,20,8,8,8,8,8,8
  cont_path:  (2,3),(0,2),(0,1)
  backend:    torch
  dtype:      FP32
*** benchmarking opt_einsum expression ***
  #flops :          3073638400
  #bytes :          6087680
  arith. intensity: 504.89
  time (eval):      0.012488
  time (compile):   0.000133
  gflops (eval):    246.13
  gflops (total):   243.54
CSV_DATA: opt_einsum,torch,"aefg,behi,cfhj,dgij->abcd","60,60,20,20,8,8,8,8,8,8","(2,3),(0,2),(0,1)",FP32,3073638400,504.89486963835157,0.0001327991485595703,0.012487649917602539,246.1342542656815,243.54429734525257
*** input parameters ***
  einsum_str: aefg,behi,cfhj,dgij->abcd
  dim_sizes:  60,60,20,20,8,8,8,8,8,8
  cont_path:  (2,3),(0,2),(0,1)
  backend:    torch
  dtype:      FP32
*** benchmarking opt_einsum expression ***
  #flops :          3073638400
  #bytes :          6087680
  arith. intensity: 504.89
  time (eval):      0.012555
  time (compile):   0.000135
  gflops (eval):    244.82
  gflops (total):   242.22
CSV_DATA: opt_einsum,torch,"aefg,behi,cfhj,dgij->abcd","60,60,20,20,8,8,8,8,8,8","(2,3),(0,2),(0,1)",FP32,3073638400,504.89486963835157,0.0001347064971923828,0.01255488395690918,244.81615366174066,242.2173048939125
*** input parameters ***
  einsum_str: aefg,behi,cfhj,dgij->abcd
  dim_sizes:  60,60,20,20,8,8,8,8,8,8
  cont_path:  (2,3),(0,2),(0,1)
  backend:    torch
  dtype:      FP32
*** benchmarking opt_einsum expression ***
  #flops :          3073638400
  #bytes :          6087680
  arith. intensity: 504.89
  time (eval):      0.012846
  time (compile):   0.000132
  gflops (eval):    239.27
  gflops (total):   236.84
CSV_DATA: opt_einsum,torch,"aefg,behi,cfhj,dgij->abcd","60,60,20,20,8,8,8,8,8,8","(2,3),(0,2),(0,1)",FP32,3073638400,504.89486963835157,0.00013184547424316406,0.012845754623413086,239.2727006008575,236.84181796872429
*** input parameters ***
  einsum_str: aefg,behi,cfhj,dgij->abcd
  dim_sizes:  60,60,20,20,8,8,8,8,8,8
  cont_path:  (2,3),(0,2),(0,1)
  backend:    torch
  dtype:      FP32
*** benchmarking opt_einsum expression ***
  #flops :          3073638400
  #bytes :          6087680
  arith. intensity: 504.89
  time (eval):      0.012631
  time (compile):   0.000134
  gflops (eval):    243.34
  gflops (total):   240.77
CSV_DATA: opt_einsum,torch,"aefg,behi,cfhj,dgij->abcd","60,60,20,20,8,8,8,8,8,8","(2,3),(0,2),(0,1)",FP32,3073638400,504.89486963835157,0.00013446807861328125,0.01263117790222168,243.3374324859586,240.77421578308278
*** input parameters ***
  einsum_str: aefg,behi,cfhj,dgij->abcd
  dim_sizes:  60,60,20,20,8,8,8,8,8,8
  cont_path:  (2,3),(0,2),(0,1)
  backend:    torch
  dtype:      FP32
*** benchmarking opt_einsum expression ***
  #flops :          3073638400
  #bytes :          6087680
  arith. intensity: 504.89
  time (eval):      0.012476
  time (compile):   0.000135
  gflops (eval):    246.36
  gflops (total):   243.72
CSV_DATA: opt_einsum,torch,"aefg,behi,cfhj,dgij->abcd","60,60,20,20,8,8,8,8,8,8","(2,3),(0,2),(0,1)",FP32,3073638400,504.89486963835157,0.0001347064971923828,0.012476444244384766,246.3553188548366,243.72386493380472
*** input parameters ***
  einsum_str: aefg,behi,cfhj,dgij->abcd
  dim_sizes:  60,60,20,20,8,8,8,8,8,8
  cont_path:  (2,3),(0,2),(0,1)
  backend:    torch
  dtype:      FP32
*** benchmarking opt_einsum expression ***
  #flops :          3073638400
  #bytes :          6087680
  arith. intensity: 504.89
  time (eval):      0.012621
  time (compile):   0.000136
  gflops (eval):    243.53
  gflops (total):   240.93
CSV_DATA: opt_einsum,torch,"aefg,behi,cfhj,dgij->abcd","60,60,20,20,8,8,8,8,8,8","(2,3),(0,2),(0,1)",FP32,3073638400,504.89486963835157,0.00013637542724609375,0.012621164321899414,243.53049541291725,240.92720543597525
*** input parameters ***
  einsum_str: aefg,behi,cfhj,dgij->abcd
  dim_sizes:  60,60,20,20,8,8,8,8,8,8
  cont_path:  (2,3),(0,2),(0,1)
  backend:    torch
  dtype:      FP32
*** benchmarking opt_einsum expression ***
  #flops :          3073638400
  #bytes :          6087680
  arith. intensity: 504.89
  time (eval):      0.012774
  time (compile):   0.000134
  gflops (eval):    240.62
  gflops (total):   238.12
CSV_DATA: opt_einsum,torch,"aefg,behi,cfhj,dgij->abcd","60,60,20,20,8,8,8,8,8,8","(2,3),(0,2),(0,1)",FP32,3073638400,504.89486963835157,0.0001342296600341797,0.012773752212524414,240.62142030486217,238.11920642175102
*** input parameters ***
  einsum_str: aefg,behi,cfhj,dgij->abcd
  dim_sizes:  60,60,20,20,8,8,8,8,8,8
  cont_path:  (2,3),(0,2),(0,1)
  backend:    torch
  dtype:      FP32
*** benchmarking opt_einsum expression ***
  #flops :          3073638400
  #bytes :          6087680
  arith. intensity: 504.89
  time (eval):      0.012677
  time (compile):   0.000135
  gflops (eval):    242.45
  gflops (total):   239.90
CSV_DATA: opt_einsum,torch,"aefg,behi,cfhj,dgij->abcd","60,60,20,20,8,8,8,8,8,8","(2,3),(0,2),(0,1)",FP32,3073638400,504.89486963835157,0.00013494491577148438,0.012677192687988281,242.4541833234334,239.90051426688004
*** input parameters ***
  einsum_str: aefg,behi,cfhj,dgij->abcd
  dim_sizes:  60,60,20,20,8,8,8,8,8,8
  cont_path:  (2,3),(0,2),(0,1)
  backend:    torch
  dtype:      FP32
*** benchmarking opt_einsum expression ***
  #flops :          3073638400
  #bytes :          6087680
  arith. intensity: 504.89
  time (eval):      0.012390
  time (compile):   0.000135
  gflops (eval):    248.07
  gflops (total):   245.40
CSV_DATA: opt_einsum,torch,"aefg,behi,cfhj,dgij->abcd","60,60,20,20,8,8,8,8,8,8","(2,3),(0,2),(0,1)",FP32,3073638400,504.89486963835157,0.0001347064971923828,0.012390375137329102,248.06661347483308,245.39867201571556
*** input parameters ***
  einsum_str: aefg,behi,cfhj,dgij->abcd
  dim_sizes:  60,60,20,20,8,8,8,8,8,8
  cont_path:  (2,3),(0,2),(0,1)
  backend:    torch
  dtype:      FP32
*** benchmarking opt_einsum expression ***
  #flops :          3073638400
  #bytes :          6087680
  arith. intensity: 504.89
  time (eval):      0.012613
  time (compile):   0.000135
  gflops (eval):    243.69
  gflops (total):   241.11
CSV_DATA: opt_einsum,torch,"aefg,behi,cfhj,dgij->abcd","60,60,20,20,8,8,8,8,8,8","(2,3),(0,2),(0,1)",FP32,3073638400,504.89486963835157,0.00013494491577148438,0.012613058090209961,243.68700897252708,241.10744236237073
*** input parameters ***
  einsum_str: aefg,behi,cfhj,dgij->abcd
  dim_sizes:  60,60,20,20,8,8,8,8,8,8
  cont_path:  (2,3),(0,2),(0,1)
  backend:    torch
  dtype:      FP32
*** benchmarking opt_einsum expression ***
  #flops :          3073638400
  #bytes :          6087680
  arith. intensity: 504.89
  time (eval):      0.012257
  time (compile):   0.000131
  gflops (eval):    250.76
  gflops (total):   248.11
CSV_DATA: opt_einsum,torch,"aefg,behi,cfhj,dgij->abcd","60,60,20,20,8,8,8,8,8,8","(2,3),(0,2),(0,1)",FP32,3073638400,504.89486963835157,0.00013065338134765625,0.01225733757019043,250.75905614894867,248.11435623614005
*** input parameters ***
  einsum_str: aefg,behi,cfhj,dgij->abcd
  dim_sizes:  60,60,20,20,8,8,8,8,8,8
  cont_path:  (2,3),(0,2),(0,1)
  backend:    torch
  dtype:      FP32
*** benchmarking opt_einsum expression ***
  #flops :          3073638400
  #bytes :          6087680
  arith. intensity: 504.89
  time (eval):      0.012808
  time (compile):   0.000147
  gflops (eval):    239.99
  gflops (total):   237.26
CSV_DATA: opt_einsum,torch,"aefg,behi,cfhj,dgij->abcd","60,60,20,20,8,8,8,8,8,8","(2,3),(0,2),(0,1)",FP32,3073638400,504.89486963835157,0.00014734268188476562,0.012807607650756836,239.9853652464417,237.25589995166462
*** input parameters ***
  einsum_str: aefg,behi,cfhj,dgij->abcd
  dim_sizes:  60,60,20,20,8,8,8,8,8,8
  cont_path:  (2,3),(0,2),(0,1)
  backend:    torch
  dtype:      FP32
*** benchmarking opt_einsum expression ***
  #flops :          3073638400
  #bytes :          6087680
  arith. intensity: 504.89
  time (eval):      0.012731
  time (compile):   0.000134
  gflops (eval):    241.44
  gflops (total):   238.93
CSV_DATA: opt_einsum,torch,"aefg,behi,cfhj,dgij->abcd","60,60,20,20,8,8,8,8,8,8","(2,3),(0,2),(0,1)",FP32,3073638400,504.89486963835157,0.000133514404296875,0.012730598449707031,241.4370708606188,238.9312372242865
*** input parameters ***
  einsum_str: aefg,behi,cfhj,dgij->abcd
  dim_sizes:  60,60,20,20,8,8,8,8,8,8
  cont_path:  (2,3),(0,2),(0,1)
  backend:    torch
  dtype:      FP32
*** benchmarking opt_einsum expression ***
  #flops :          3073638400
  #bytes :          6087680
  arith. intensity: 504.89
  time (eval):      0.012531
  time (compile):   0.000144
  gflops (eval):    245.29
  gflops (total):   242.50
CSV_DATA: opt_einsum,torch,"aefg,behi,cfhj,dgij->abcd","60,60,20,20,8,8,8,8,8,8","(2,3),(0,2),(0,1)",FP32,3073638400,504.89486963835157,0.00014448165893554688,0.01253056526184082,245.2912806224404,242.4952285550778
*** input parameters ***
  einsum_str: aefg,behi,cfhj,dgij->abcd
  dim_sizes:  60,60,20,20,8,8,8,8,8,8
  cont_path:  (2,3),(0,2),(0,1)
  backend:    torch
  dtype:      FP32
*** benchmarking opt_einsum expression ***
  #flops :          3073638400
  #bytes :          6087680
  arith. intensity: 504.89
  time (eval):      0.012102
  time (compile):   0.000135
  gflops (eval):    253.98
  gflops (total):   251.18
CSV_DATA: opt_einsum,torch,"aefg,behi,cfhj,dgij->abcd","60,60,20,20,8,8,8,8,8,8","(2,3),(0,2),(0,1)",FP32,3073638400,504.89486963835157,0.0001347064971923828,0.012101888656616211,253.98005941160386,251.1841211845063
*** input parameters ***
  einsum_str: aefg,behi,cfhj,dgij->abcd
  dim_sizes:  60,60,20,20,8,8,8,8,8,8
  cont_path:  (2,3),(0,2),(0,1)
  backend:    torch
  dtype:      FP32
*** benchmarking opt_einsum expression ***
  #flops :          3073638400
  #bytes :          6087680
  arith. intensity: 504.89
  time (eval):      0.012259
  time (compile):   0.000135
  gflops (eval):    250.72
  gflops (total):   248.00
CSV_DATA: opt_einsum,torch,"aefg,behi,cfhj,dgij->abcd","60,60,20,20,8,8,8,8,8,8","(2,3),(0,2),(0,1)",FP32,3073638400,504.89486963835157,0.00013494491577148438,0.01225900650024414,250.7249180379167,247.99503377334565
*** input parameters ***
  einsum_str: aefg,behi,cfhj,dgij->abcd
  dim_sizes:  60,60,20,20,8,8,8,8,8,8
  cont_path:  (2,3),(0,2),(0,1)
  backend:    torch
  dtype:      FP32
*** benchmarking opt_einsum expression ***
  #flops :          3073638400
  #bytes :          6087680
  arith. intensity: 504.89
  time (eval):      0.012560
  time (compile):   0.000135
  gflops (eval):    244.71
  gflops (total):   242.10
CSV_DATA: opt_einsum,torch,"aefg,behi,cfhj,dgij->abcd","60,60,20,20,8,8,8,8,8,8","(2,3),(0,2),(0,1)",FP32,3073638400,504.89486963835157,0.0001354217529296875,0.012560129165649414,244.71391651019533,242.10358571378993
*** input parameters ***
  einsum_str: aefg,behi,cfhj,dgij->abcd
  dim_sizes:  60,60,20,20,8,8,8,8,8,8
  cont_path:  (2,3),(0,2),(0,1)
  backend:    torch
  dtype:      FP32
*** benchmarking opt_einsum expression ***
  #flops :          3073638400
  #bytes :          6087680
  arith. intensity: 504.89
  time (eval):      0.012405
  time (compile):   0.000137
  gflops (eval):    247.78
  gflops (total):   245.06
CSV_DATA: opt_einsum,torch,"aefg,behi,cfhj,dgij->abcd","60,60,20,20,8,8,8,8,8,8","(2,3),(0,2),(0,1)",FP32,3073638400,504.89486963835157,0.0001373291015625,0.012404918670654297,247.7757800436979,245.06280340025094
*** input parameters ***
  einsum_str: aefg,behi,cfhj,dgij->abcd
  dim_sizes:  60,60,20,20,8,8,8,8,8,8
  cont_path:  (2,3),(0,2),(0,1)
  backend:    torch
  dtype:      FP32
*** benchmarking opt_einsum expression ***
  #flops :          3073638400
  #bytes :          6087680
  arith. intensity: 504.89
  time (eval):      0.012848
  time (compile):   0.000136
  gflops (eval):    239.23
  gflops (total):   236.72
CSV_DATA: opt_einsum,torch,"aefg,behi,cfhj,dgij->abcd","60,60,20,20,8,8,8,8,8,8","(2,3),(0,2),(0,1)",FP32,3073638400,504.89486963835157,0.0001361370086669922,0.012848138809204102,239.22829957270687,236.72004839650387
*** input parameters ***
  einsum_str: aefg,behi,cfhj,dgij->abcd
  dim_sizes:  60,60,20,20,8,8,8,8,8,8
  cont_path:  (2,3),(0,2),(0,1)
  backend:    torch
  dtype:      FP32
*** benchmarking opt_einsum expression ***
  #flops :          3073638400
  #bytes :          6087680
  arith. intensity: 504.89
  time (eval):      0.012745
  time (compile):   0.000132
  gflops (eval):    241.17
  gflops (total):   238.69
CSV_DATA: opt_einsum,torch,"aefg,behi,cfhj,dgij->abcd","60,60,20,20,8,8,8,8,8,8","(2,3),(0,2),(0,1)",FP32,3073638400,504.89486963835157,0.0001323223114013672,0.012744665145874023,241.17058901269482,238.6923502253953
*** input parameters ***
  einsum_str: aefg,behi,cfhj,dgij->abcd
  dim_sizes:  60,60,20,20,8,8,8,8,8,8
  cont_path:  (2,3),(0,2),(0,1)
  backend:    torch
  dtype:      FP32
*** benchmarking opt_einsum expression ***
  #flops :          3073638400
  #bytes :          6087680
  arith. intensity: 504.89
  time (eval):      0.012604
  time (compile):   0.000134
  gflops (eval):    243.87
  gflops (total):   241.30
CSV_DATA: opt_einsum,torch,"aefg,behi,cfhj,dgij->abcd","60,60,20,20,8,8,8,8,8,8","(2,3),(0,2),(0,1)",FP32,3073638400,504.89486963835157,0.0001342296600341797,0.012603521347045898,243.871400330545,241.30149806599036
*** input parameters ***
  einsum_str: aefg,behi,cfhj,dgij->abcd
  dim_sizes:  60,60,20,20,8,8,8,8,8,8
  cont_path:  (2,3),(0,2),(0,1)
  backend:    torch
  dtype:      FP32
*** benchmarking opt_einsum expression ***
  #flops :          3073638400
  #bytes :          6087680
  arith. intensity: 504.89
  time (eval):      0.012550
  time (compile):   0.000138
  gflops (eval):    244.91
  gflops (total):   242.25
CSV_DATA: opt_einsum,torch,"aefg,behi,cfhj,dgij->abcd","60,60,20,20,8,8,8,8,8,8","(2,3),(0,2),(0,1)",FP32,3073638400,504.89486963835157,0.00013780593872070312,0.012550115585327148,244.90917068473186,242.2491654109326
*** input parameters ***
  einsum_str: aefg,behi,cfhj,dgij->abcd
  dim_sizes:  60,60,20,20,8,8,8,8,8,8
  cont_path:  (2,3),(0,2),(0,1)
  backend:    torch
  dtype:      FP32
*** benchmarking opt_einsum expression ***
  #flops :          3073638400
  #bytes :          6087680
  arith. intensity: 504.89
  time (eval):      0.012743
  time (compile):   0.000136
  gflops (eval):    241.20
  gflops (total):   238.65
CSV_DATA: opt_einsum,torch,"aefg,behi,cfhj,dgij->abcd","60,60,20,20,8,8,8,8,8,8","(2,3),(0,2),(0,1)",FP32,3073638400,504.89486963835157,0.0001361370086669922,0.012743234634399414,241.1976619894404,238.64816430347278
*** input parameters ***
  einsum_str: aefg,behi,cfhj,dgij->abcd
  dim_sizes:  60,60,20,20,8,8,8,8,8,8
  cont_path:  (2,3),(0,2),(0,1)
  backend:    torch
  dtype:      FP32
*** benchmarking opt_einsum expression ***
  #flops :          3073638400
  #bytes :          6087680
  arith. intensity: 504.89
  time (eval):      0.012827
  time (compile):   0.000136
  gflops (eval):    239.62
  gflops (total):   237.10
CSV_DATA: opt_einsum,torch,"aefg,behi,cfhj,dgij->abcd","60,60,20,20,8,8,8,8,8,8","(2,3),(0,2),(0,1)",FP32,3073638400,504.89486963835157,0.00013589859008789062,0.012827396392822266,239.61514136414263,237.10317508411683
*** input parameters ***
  einsum_str: aefg,behi,cfhj,dgij->abcd
  dim_sizes:  60,60,20,20,8,8,8,8,8,8
  cont_path:  (2,3),(0,2),(0,1)
  backend:    torch
  dtype:      FP32
*** benchmarking opt_einsum expression ***
  #flops :          3073638400
  #bytes :          6087680
  arith. intensity: 504.89
  time (eval):      0.012490
  time (compile):   0.000127
  gflops (eval):    246.10
  gflops (total):   243.61
CSV_DATA: opt_einsum,torch,"aefg,behi,cfhj,dgij->abcd","60,60,20,20,8,8,8,8,8,8","(2,3),(0,2),(0,1)",FP32,3073638400,504.89486963835157,0.00012731552124023438,0.012489557266235352,246.09666575686933,243.6133304800469
*** input parameters ***
  einsum_str: aefg,behi,cfhj,dgij->abcd
  dim_sizes:  60,60,20,20,8,8,8,8,8,8
  cont_path:  (2,3),(0,2),(0,1)
  backend:    torch
  dtype:      FP32
*** benchmarking opt_einsum expression ***
  #flops :          3073638400
  #bytes :          6087680
  arith. intensity: 504.89
  time (eval):      0.012529
  time (compile):   0.000134
  gflops (eval):    245.32
  gflops (total):   242.73
CSV_DATA: opt_einsum,torch,"aefg,behi,cfhj,dgij->abcd","60,60,20,20,8,8,8,8,8,8","(2,3),(0,2),(0,1)",FP32,3073638400,504.89486963835157,0.00013375282287597656,0.01252889633178711,245.3239550080609,242.73265115839658
*** input parameters ***
  einsum_str: aefg,behi,cfhj,dgij->abcd
  dim_sizes:  60,60,20,20,8,8,8,8,8,8
  cont_path:  (2,3),(0,2),(0,1)
  backend:    torch
  dtype:      FP32
*** benchmarking opt_einsum expression ***
  #flops :          3073638400
  #bytes :          6087680
  arith. intensity: 504.89
  time (eval):      0.012914
  time (compile):   0.000136
  gflops (eval):    238.00
  gflops (total):   235.53
CSV_DATA: opt_einsum,torch,"aefg,behi,cfhj,dgij->abcd","60,60,20,20,8,8,8,8,8,8","(2,3),(0,2),(0,1)",FP32,3073638400,504.89486963835157,0.00013566017150878906,0.012914180755615234,238.00490779591627,235.53071774319176
*** input parameters ***
  einsum_str: aefg,behi,cfhj,dgij->abcd
  dim_sizes:  60,60,20,20,8,8,8,8,8,8
  cont_path:  (2,3),(0,2),(0,1)
  backend:    torch
  dtype:      FP32
*** benchmarking opt_einsum expression ***
  #flops :          3073638400
  #bytes :          6087680
  arith. intensity: 504.89
  time (eval):      0.012740
  time (compile):   0.000143
  gflops (eval):    241.27
  gflops (total):   238.58
CSV_DATA: opt_einsum,torch,"aefg,behi,cfhj,dgij->abcd","60,60,20,20,8,8,8,8,8,8","(2,3),(0,2),(0,1)",FP32,3073638400,504.89486963835157,0.00014328956604003906,0.01273965835571289,241.2653710310589,238.5819160853817
*** input parameters ***
  einsum_str: aefg,behi,cfhj,dgij->abcd
  dim_sizes:  60,60,20,20,8,8,8,8,8,8
  cont_path:  (2,3),(0,2),(0,1)
  backend:    torch
  dtype:      FP32
*** benchmarking opt_einsum expression ***
  #flops :          3073638400
  #bytes :          6087680
  arith. intensity: 504.89
  time (eval):      0.012427
  time (compile):   0.000144
  gflops (eval):    247.33
  gflops (total):   244.49
CSV_DATA: opt_einsum,torch,"aefg,behi,cfhj,dgij->abcd","60,60,20,20,8,8,8,8,8,8","(2,3),(0,2),(0,1)",FP32,3073638400,504.89486963835157,0.00014448165893554688,0.012427330017089844,247.32894320607784,244.48651309830458
*** input parameters ***
  einsum_str: aefg,behi,cfhj,dgij->abcd
  dim_sizes:  60,60,20,20,8,8,8,8,8,8
  cont_path:  (2,3),(0,2),(0,1)
  backend:    torch
  dtype:      FP32
*** benchmarking opt_einsum expression ***
  #flops :          3073638400
  #bytes :          6087680
  arith. intensity: 504.89
  time (eval):      0.012526
  time (compile):   0.000133
  gflops (eval):    245.39
  gflops (total):   242.81
CSV_DATA: opt_einsum,torch,"aefg,behi,cfhj,dgij->abcd","60,60,20,20,8,8,8,8,8,8","(2,3),(0,2),(0,1)",FP32,3073638400,504.89486963835157,0.00013327598571777344,0.012525558471679688,245.38932990089845,242.80579782792353
*** input parameters ***
  einsum_str: aefg,behi,cfhj,dgij->abcd
  dim_sizes:  60,60,20,20,8,8,8,8,8,8
  cont_path:  (2,3),(0,2),(0,1)
  backend:    torch
  dtype:      FP32
*** benchmarking opt_einsum expression ***
  #flops :          3073638400
  #bytes :          6087680
  arith. intensity: 504.89
  time (eval):      0.012970
  time (compile):   0.000142
  gflops (eval):    236.97
  gflops (total):   234.40
CSV_DATA: opt_einsum,torch,"aefg,behi,cfhj,dgij->abcd","60,60,20,20,8,8,8,8,8,8","(2,3),(0,2),(0,1)",FP32,3073638400,504.89486963835157,0.0001423358917236328,0.012970447540283203,236.97242446368887,234.4001497422426
*** input parameters ***
  einsum_str: aefg,behi,cfhj,dgij->abcd
  dim_sizes:  60,60,20,20,8,8,8,8,8,8
  cont_path:  (2,3),(0,2),(0,1)
  backend:    torch
  dtype:      FP32
*** benchmarking opt_einsum expression ***
  #flops :          3073638400
  #bytes :          6087680
  arith. intensity: 504.89
  time (eval):      0.012758
  time (compile):   0.000129
  gflops (eval):    240.91
  gflops (total):   238.50
CSV_DATA: opt_einsum,torch,"aefg,behi,cfhj,dgij->abcd","60,60,20,20,8,8,8,8,8,8","(2,3),(0,2),(0,1)",FP32,3073638400,504.89486963835157,0.0001289844512939453,0.012758493423461914,240.90919656295853,238.49805445801607
*** input parameters ***
  einsum_str: aefg,behi,cfhj,dgij->abcd
  dim_sizes:  60,60,20,20,8,8,8,8,8,8
  cont_path:  (2,3),(0,2),(0,1)
  backend:    torch
  dtype:      FP32
*** benchmarking opt_einsum expression ***
  #flops :          3073638400
  #bytes :          6087680
  arith. intensity: 504.89
  time (eval):      0.012817
  time (compile):   0.000133
  gflops (eval):    239.81
  gflops (total):   237.34
CSV_DATA: opt_einsum,torch,"aefg,behi,cfhj,dgij->abcd","60,60,20,20,8,8,8,8,8,8","(2,3),(0,2),(0,1)",FP32,3073638400,504.89486963835157,0.00013327598571777344,0.012816905975341797,239.81126224326798,237.34325967328093
*** input parameters ***
  einsum_str: aefg,behi,cfhj,dgij->abcd
  dim_sizes:  60,60,20,20,8,8,8,8,8,8
  cont_path:  (2,3),(0,2),(0,1)
  backend:    torch
  dtype:      FP32
*** benchmarking opt_einsum expression ***
  #flops :          3073638400
  #bytes :          6087680
  arith. intensity: 504.89
  time (eval):      0.012477
  time (compile):   0.000136
  gflops (eval):    246.34
  gflops (total):   243.68
CSV_DATA: opt_einsum,torch,"aefg,behi,cfhj,dgij->abcd","60,60,20,20,8,8,8,8,8,8","(2,3),(0,2),(0,1)",FP32,3073638400,504.89486963835157,0.00013589859008789062,0.012477397918701172,246.33648938880273,243.6824027611069
*** input parameters ***
  einsum_str: aefg,behi,cfhj,dgij->abcd
  dim_sizes:  60,60,20,20,8,8,8,8,8,8
  cont_path:  (2,3),(0,2),(0,1)
  backend:    torch
  dtype:      FP32
*** benchmarking opt_einsum expression ***
  #flops :          3073638400
  #bytes :          6087680
  arith. intensity: 504.89
  time (eval):      0.012846
  time (compile):   0.000141
  gflops (eval):    239.27
  gflops (total):   236.68
CSV_DATA: opt_einsum,torch,"aefg,behi,cfhj,dgij->abcd","60,60,20,20,8,8,8,8,8,8","(2,3),(0,2),(0,1)",FP32,3073638400,504.89486963835157,0.00014066696166992188,0.012845754623413086,239.2727006008575,236.68093476424391
*** input parameters ***
  einsum_str: aefg,behi,cfhj,dgij->abcd
  dim_sizes:  60,60,20,20,8,8,8,8,8,8
  cont_path:  (2,3),(0,2),(0,1)
  backend:    torch
  dtype:      FP32
*** benchmarking opt_einsum expression ***
  #flops :          3073638400
  #bytes :          6087680
  arith. intensity: 504.89
  time (eval):      0.012733
  time (compile):   0.000135
  gflops (eval):    241.40
  gflops (total):   238.86
CSV_DATA: opt_einsum,torch,"aefg,behi,cfhj,dgij->abcd","60,60,20,20,8,8,8,8,8,8","(2,3),(0,2),(0,1)",FP32,3073638400,504.89486963835157,0.00013518333435058594,0.012732505798339844,241.40090322211074,238.86483177398233
*** input parameters ***
  einsum_str: aefg,behi,cfhj,dgij->abcd
  dim_sizes:  60,60,20,20,8,8,8,8,8,8
  cont_path:  (2,3),(0,2),(0,1)
  backend:    torch
  dtype:      FP32
*** benchmarking opt_einsum expression ***
  #flops :          3073638400
  #bytes :          6087680
  arith. intensity: 504.89
  time (eval):      0.012863
  time (compile):   0.000135
  gflops (eval):    238.94
  gflops (total):   236.46
CSV_DATA: opt_einsum,torch,"aefg,behi,cfhj,dgij->abcd","60,60,20,20,8,8,8,8,8,8","(2,3),(0,2),(0,1)",FP32,3073638400,504.89486963835157,0.00013494491577148438,0.012863397598266602,238.94452274523385,236.46387196525248
*** input parameters ***
  einsum_str: aefg,behi,cfhj,dgij->abcd
  dim_sizes:  60,60,20,20,8,8,8,8,8,8
  cont_path:  (2,3),(0,2),(0,1)
  backend:    torch
  dtype:      FP32
*** benchmarking opt_einsum expression ***
  #flops :          3073638400
  #bytes :          6087680
  arith. intensity: 504.89
  time (eval):      0.013036
  time (compile):   0.000136
  gflops (eval):    235.78
  gflops (total):   233.34
CSV_DATA: opt_einsum,torch,"aefg,behi,cfhj,dgij->abcd","60,60,20,20,8,8,8,8,8,8","(2,3),(0,2),(0,1)",FP32,3073638400,504.89486963835157,0.0001361370086669922,0.013036012649536133,235.78056286324414,233.3437198753548
*** input parameters ***
  einsum_str: aefg,behi,cfhj,dgij->abcd
  dim_sizes:  60,60,20,20,8,8,8,8,8,8
  cont_path:  (2,3),(0,2),(0,1)
  backend:    torch
  dtype:      FP32
*** benchmarking opt_einsum expression ***
  #flops :          3073638400
  #bytes :          6087680
  arith. intensity: 504.89
  time (eval):      0.012589
  time (compile):   0.000133
  gflops (eval):    244.15
  gflops (total):   241.60
CSV_DATA: opt_einsum,torch,"aefg,behi,cfhj,dgij->abcd","60,60,20,20,8,8,8,8,8,8","(2,3),(0,2),(0,1)",FP32,3073638400,504.89486963835157,0.0001327991485595703,0.012589216232299805,244.14851117689528,241.59995943916044
*** input parameters ***
  einsum_str: aefg,behi,cfhj,dgij->abcd
  dim_sizes:  60,60,20,20,8,8,8,8,8,8
  cont_path:  (2,3),(0,2),(0,1)
  backend:    torch
  dtype:      FP32
*** benchmarking opt_einsum expression ***
  #flops :          3073638400
  #bytes :          6087680
  arith. intensity: 504.89
  time (eval):      0.012637
  time (compile):   0.000148
  gflops (eval):    243.23
  gflops (total):   240.41
CSV_DATA: opt_einsum,torch,"aefg,behi,cfhj,dgij->abcd","60,60,20,20,8,8,8,8,8,8","(2,3),(0,2),(0,1)",FP32,3073638400,504.89486963835157,0.0001480579376220703,0.012636899948120117,243.22724818734034,240.410522073579
*** input parameters ***
  einsum_str: aefg,behi,cfhj,dgij->abcd
  dim_sizes:  60,60,20,20,8,8,8,8,8,8
  cont_path:  (2,3),(0,2),(0,1)
  backend:    torch
  dtype:      FP32
*** benchmarking opt_einsum expression ***
  #flops :          3073638400
  #bytes :          6087680
  arith. intensity: 504.89
  time (eval):      0.012440
  time (compile):   0.000137
  gflops (eval):    247.08
  gflops (total):   244.39
CSV_DATA: opt_einsum,torch,"aefg,behi,cfhj,dgij->abcd","60,60,20,20,8,8,8,8,8,8","(2,3),(0,2),(0,1)",FP32,3073638400,504.89486963835157,0.00013685226440429688,0.012439966201782227,247.07771308571978,244.3891838197115
*** input parameters ***
  einsum_str: aefg,behi,cfhj,dgij->abcd
  dim_sizes:  60,60,20,20,8,8,8,8,8,8
  cont_path:  (2,3),(0,2),(0,1)
  backend:    torch
  dtype:      FP32
*** benchmarking opt_einsum expression ***
  #flops :          3073638400
  #bytes :          6087680
  arith. intensity: 504.89
  time (eval):      0.012410
  time (compile):   0.000133
  gflops (eval):    247.67
  gflops (total):   245.03
CSV_DATA: opt_einsum,torch,"aefg,behi,cfhj,dgij->abcd","60,60,20,20,8,8,8,8,8,8","(2,3),(0,2),(0,1)",FP32,3073638400,504.89486963835157,0.00013327598571777344,0.012410402297973633,247.6662984971779,245.03485584417243
*** input parameters ***
  einsum_str: aefg,behi,cfhj,dgij->abcd
  dim_sizes:  60,60,20,20,8,8,8,8,8,8
  cont_path:  (2,3),(0,2),(0,1)
  backend:    torch
  dtype:      FP32
*** benchmarking opt_einsum expression ***
  #flops :          3073638400
  #bytes :          6087680
  arith. intensity: 504.89
  time (eval):      0.012324
  time (compile):   0.000137
  gflops (eval):    249.40
  gflops (total):   246.66
CSV_DATA: opt_einsum,torch,"aefg,behi,cfhj,dgij->abcd","60,60,20,20,8,8,8,8,8,8","(2,3),(0,2),(0,1)",FP32,3073638400,504.89486963835157,0.00013685226440429688,0.012324094772338867,249.4007435660676,246.66170162964892
*** input parameters ***
  einsum_str: aefg,behi,cfhj,dgij->abcd
  dim_sizes:  60,60,20,20,8,8,8,8,8,8
  cont_path:  (2,3),(0,2),(0,1)
  backend:    torch
  dtype:      FP32
*** benchmarking opt_einsum expression ***
  #flops :          3073638400
  #bytes :          6087680
  arith. intensity: 504.89
  time (eval):      0.012670
  time (compile):   0.000135
  gflops (eval):    242.59
  gflops (total):   240.03
CSV_DATA: opt_einsum,torch,"aefg,behi,cfhj,dgij->abcd","60,60,20,20,8,8,8,8,8,8","(2,3),(0,2),(0,1)",FP32,3073638400,504.89486963835157,0.00013518333435058594,0.012670278549194336,242.5864899549066,240.02557876882517
*** input parameters ***
  einsum_str: aefg,behi,cfhj,dgij->abcd
  dim_sizes:  60,60,20,20,8,8,8,8,8,8
  cont_path:  (2,3),(0,2),(0,1)
  backend:    torch
  dtype:      FP32
*** benchmarking opt_einsum expression ***
  #flops :          3073638400
  #bytes :          6087680
  arith. intensity: 504.89
  time (eval):      0.012538
  time (compile):   0.000142
  gflops (eval):    245.15
  gflops (total):   242.39
CSV_DATA: opt_einsum,torch,"aefg,behi,cfhj,dgij->abcd","60,60,20,20,8,8,8,8,8,8","(2,3),(0,2),(0,1)",FP32,3073638400,504.89486963835157,0.0001423358917236328,0.012537956237792969,245.14668433242568,242.39492029093918
*** input parameters ***
  einsum_str: aefg,behi,cfhj,dgij->abcd
  dim_sizes:  60,60,20,20,8,8,8,8,8,8
  cont_path:  (2,3),(0,2),(0,1)
  backend:    torch
  dtype:      FP32
*** benchmarking opt_einsum expression ***
  #flops :          3073638400
  #bytes :          6087680
  arith. intensity: 504.89
  time (eval):      0.012509
  time (compile):   0.000135
  gflops (eval):    245.72
  gflops (total):   243.09
CSV_DATA: opt_einsum,torch,"aefg,behi,cfhj,dgij->abcd","60,60,20,20,8,8,8,8,8,8","(2,3),(0,2),(0,1)",FP32,3073638400,504.89486963835157,0.0001354217529296875,0.012508630752563477,245.72141114406938,243.08965805580678
*** input parameters ***
  einsum_str: aefg,behi,cfhj,dgij->abcd
  dim_sizes:  60,60,20,20,8,8,8,8,8,8
  cont_path:  (2,3),(0,2),(0,1)
  backend:    torch
  dtype:      FP32
*** benchmarking opt_einsum expression ***
  #flops :          3073638400
  #bytes :          6087680
  arith. intensity: 504.89
  time (eval):      0.012502
  time (compile):   0.000132
  gflops (eval):    245.85
  gflops (total):   243.29
CSV_DATA: opt_einsum,torch,"aefg,behi,cfhj,dgij->abcd","60,60,20,20,8,8,8,8,8,8","(2,3),(0,2),(0,1)",FP32,3073638400,504.89486963835157,0.0001316070556640625,0.012502193450927734,245.8479315701133,243.28691895968296
*** input parameters ***
  einsum_str: aefg,behi,cfhj,dgij->abcd
  dim_sizes:  60,60,20,20,8,8,8,8,8,8
  cont_path:  (2,3),(0,2),(0,1)
  backend:    torch
  dtype:      FP32
*** benchmarking opt_einsum expression ***
  #flops :          3073638400
  #bytes :          6087680
  arith. intensity: 504.89
  time (eval):      0.012422
  time (compile):   0.000143
  gflops (eval):    247.44
  gflops (total):   244.63
CSV_DATA: opt_einsum,torch,"aefg,behi,cfhj,dgij->abcd","60,60,20,20,8,8,8,8,8,8","(2,3),(0,2),(0,1)",FP32,3073638400,504.89486963835157,0.00014281272888183594,0.012421846389770508,247.43812663237944,244.62568948147248
*** input parameters ***
  einsum_str: aefg,behi,cfhj,dgij->abcd
  dim_sizes:  60,60,20,20,8,8,8,8,8,8
  cont_path:  (2,3),(0,2),(0,1)
  backend:    torch
  dtype:      FP32
*** benchmarking opt_einsum expression ***
  #flops :          3073638400
  #bytes :          6087680
  arith. intensity: 504.89
  time (eval):      0.012105
  time (compile):   0.000133
  gflops (eval):    253.91
  gflops (total):   251.14
CSV_DATA: opt_einsum,torch,"aefg,behi,cfhj,dgij->abcd","60,60,20,20,8,8,8,8,8,8","(2,3),(0,2),(0,1)",FP32,3073638400,504.89486963835157,0.00013303756713867188,0.012105464935302734,253.90502689710485,251.14497459038418
*** input parameters ***
  einsum_str: aefg,behi,cfhj,dgij->abcd
  dim_sizes:  60,60,20,20,8,8,8,8,8,8
  cont_path:  (2,3),(0,2),(0,1)
  backend:    torch
  dtype:      FP32
*** benchmarking opt_einsum expression ***
  #flops :          3073638400
  #bytes :          6087680
  arith. intensity: 504.89
  time (eval):      0.012385
  time (compile):   0.000136
  gflops (eval):    248.17
  gflops (total):   245.48
CSV_DATA: opt_einsum,torch,"aefg,behi,cfhj,dgij->abcd","60,60,20,20,8,8,8,8,8,8","(2,3),(0,2),(0,1)",FP32,3073638400,504.89486963835157,0.00013566017150878906,0.012385368347167969,248.1668945036113,245.4781087204829
*** input parameters ***
  einsum_str: aefg,behi,cfhj,dgij->abcd
  dim_sizes:  60,60,20,20,8,8,8,8,8,8
  cont_path:  (2,3),(0,2),(0,1)
  backend:    torch
  dtype:      FP32
*** benchmarking opt_einsum expression ***
  #flops :          3073638400
  #bytes :          6087680
  arith. intensity: 504.89
  time (eval):      0.012323
  time (compile):   0.000139
  gflops (eval):    249.42
  gflops (total):   246.63
CSV_DATA: opt_einsum,torch,"aefg,behi,cfhj,dgij->abcd","60,60,20,20,8,8,8,8,8,8","(2,3),(0,2),(0,1)",FP32,3073638400,504.89486963835157,0.00013947486877441406,0.01232290267944336,249.42487009390553,246.63338822049707
*** input parameters ***
  einsum_str: aefg,behi,cfhj,dgij->abcd
  dim_sizes:  60,60,20,20,8,8,8,8,8,8
  cont_path:  (2,3),(0,2),(0,1)
  backend:    torch
  dtype:      FP32
*** benchmarking opt_einsum expression ***
  #flops :          3073638400
  #bytes :          6087680
  arith. intensity: 504.89
  time (eval):      0.012267
  time (compile):   0.000137
  gflops (eval):    250.56
  gflops (total):   247.80
CSV_DATA: opt_einsum,torch,"aefg,behi,cfhj,dgij->abcd","60,60,20,20,8,8,8,8,8,8","(2,3),(0,2),(0,1)",FP32,3073638400,504.89486963835157,0.00013685226440429688,0.012266874313354492,250.56410634727413,247.79959318930517
*** input parameters ***
  einsum_str: aefg,behi,cfhj,dgij->abcd
  dim_sizes:  60,60,20,20,8,8,8,8,8,8
  cont_path:  (2,3),(0,2),(0,1)
  backend:    torch
  dtype:      FP32
*** benchmarking opt_einsum expression ***
  #flops :          3073638400
  #bytes :          6087680
  arith. intensity: 504.89
  time (eval):      0.012404
  time (compile):   0.000135
  gflops (eval):    247.79
  gflops (total):   245.12
CSV_DATA: opt_einsum,torch,"aefg,behi,cfhj,dgij->abcd","60,60,20,20,8,8,8,8,8,8","(2,3),(0,2),(0,1)",FP32,3073638400,504.89486963835157,0.00013518333435058594,0.01240396499633789,247.7948301940107,245.12337831410264
*** input parameters ***
  einsum_str: aefg,behi,cfhj,dgij->abcd
  dim_sizes:  60,60,20,20,8,8,8,8,8,8
  cont_path:  (2,3),(0,2),(0,1)
  backend:    torch
  dtype:      FP32
*** benchmarking opt_einsum expression ***
  #flops :          3073638400
  #bytes :          6087680
  arith. intensity: 504.89
  time (eval):      0.012535
  time (compile):   0.000137
  gflops (eval):    245.20
  gflops (total):   242.56
CSV_DATA: opt_einsum,torch,"aefg,behi,cfhj,dgij->abcd","60,60,20,20,8,8,8,8,8,8","(2,3),(0,2),(0,1)",FP32,3073638400,504.89486963835157,0.0001366138458251953,0.01253509521484375,245.20263686232502,242.55910432319706
*** input parameters ***
  einsum_str: aefg,behi,cfhj,dgij->abcd
  dim_sizes:  60,60,20,20,8,8,8,8,8,8
  cont_path:  (2,3),(0,2),(0,1)
  backend:    torch
  dtype:      FP32
*** benchmarking opt_einsum expression ***
  #flops :          3073638400
  #bytes :          6087680
  arith. intensity: 504.89
  time (eval):      0.012193
  time (compile):   0.000137
  gflops (eval):    252.07
  gflops (total):   249.27
CSV_DATA: opt_einsum,torch,"aefg,behi,cfhj,dgij->abcd","60,60,20,20,8,8,8,8,8,8","(2,3),(0,2),(0,1)",FP32,3073638400,504.89486963835157,0.00013709068298339844,0.012193441390991211,252.07308596823808,249.27054092721298
*** input parameters ***
  einsum_str: aefg,behi,cfhj,dgij->abcd
  dim_sizes:  60,60,20,20,8,8,8,8,8,8
  cont_path:  (2,3),(0,2),(0,1)
  backend:    torch
  dtype:      FP32
*** benchmarking opt_einsum expression ***
  #flops :          3073638400
  #bytes :          6087680
  arith. intensity: 504.89
  time (eval):      0.012636
  time (compile):   0.000133
  gflops (eval):    243.25
  gflops (total):   240.72
CSV_DATA: opt_einsum,torch,"aefg,behi,cfhj,dgij->abcd","60,60,20,20,8,8,8,8,8,8","(2,3),(0,2),(0,1)",FP32,3073638400,504.89486963835157,0.00013303756713867188,0.01263570785522461,243.2501950200687,240.71577107464338
*** input parameters ***
  einsum_str: aefg,behi,cfhj,dgij->abcd
  dim_sizes:  60,60,20,20,8,8,8,8,8,8
  cont_path:  (2,3),(0,2),(0,1)
  backend:    torch
  dtype:      FP32
*** benchmarking opt_einsum expression ***
  #flops :          3073638400
  #bytes :          6087680
  arith. intensity: 504.89
  time (eval):      0.012991
  time (compile):   0.000136
  gflops (eval):    236.59
  gflops (total):   234.15
CSV_DATA: opt_einsum,torch,"aefg,behi,cfhj,dgij->abcd","60,60,20,20,8,8,8,8,8,8","(2,3),(0,2),(0,1)",FP32,3073638400,504.89486963835157,0.00013566017150878906,0.012991189956665039,236.59406184135514,234.14896719229907
*** input parameters ***
  einsum_str: aefg,behi,cfhj,dgij->abcd
  dim_sizes:  60,60,20,20,8,8,8,8,8,8
  cont_path:  (2,3),(0,2),(0,1)
  backend:    torch
  dtype:      FP32
*** benchmarking opt_einsum expression ***
  #flops :          3073638400
  #bytes :          6087680
  arith. intensity: 504.89
  time (eval):      0.012634
  time (compile):   0.000141
  gflops (eval):    243.28
  gflops (total):   240.59
CSV_DATA: opt_einsum,torch,"aefg,behi,cfhj,dgij->abcd","60,60,20,20,8,8,8,8,8,8","(2,3),(0,2),(0,1)",FP32,3073638400,504.89486963835157,0.00014138221740722656,0.01263427734375,243.2777369352657,240.58549660676684
*** input parameters ***
  einsum_str: aefg,behi,cfhj,dgij->abcd
  dim_sizes:  60,60,20,20,8,8,8,8,8,8
  cont_path:  (2,3),(0,2),(0,1)
  backend:    torch
  dtype:      FP32
*** benchmarking opt_einsum expression ***
  #flops :          3073638400
  #bytes :          6087680
  arith. intensity: 504.89
  time (eval):      0.012831
  time (compile):   0.000135
  gflops (eval):    239.55
  gflops (total):   237.05
CSV_DATA: opt_einsum,torch,"aefg,behi,cfhj,dgij->abcd","60,60,20,20,8,8,8,8,8,8","(2,3),(0,2),(0,1)",FP32,3073638400,504.89486963835157,0.00013518333435058594,0.012830972671508789,239.548355272007,237.0508575256252
*** input parameters ***
  einsum_str: aefg,behi,cfhj,dgij->abcd
  dim_sizes:  60,60,20,20,8,8,8,8,8,8
  cont_path:  (2,3),(0,2),(0,1)
  backend:    torch
  dtype:      FP32
*** benchmarking opt_einsum expression ***
  #flops :          3073638400
  #bytes :          6087680
  arith. intensity: 504.89
  time (eval):      0.012615
  time (compile):   0.000136
  gflops (eval):    243.64
  gflops (total):   241.04
CSV_DATA: opt_einsum,torch,"aefg,behi,cfhj,dgij->abcd","60,60,20,20,8,8,8,8,8,8","(2,3),(0,2),(0,1)",FP32,3073638400,504.89486963835157,0.0001361370086669922,0.012615442276000977,243.64095469305465,241.0398219219505
*** input parameters ***
  einsum_str: aefg,behi,cfhj,dgij->abcd
  dim_sizes:  60,60,20,20,8,8,8,8,8,8
  cont_path:  (2,3),(0,2),(0,1)
  backend:    torch
  dtype:      FP32
*** benchmarking opt_einsum expression ***
  #flops :          3073638400
  #bytes :          6087680
  arith. intensity: 504.89
  time (eval):      0.012681
  time (compile):   0.000137
  gflops (eval):    242.37
  gflops (total):   239.78
CSV_DATA: opt_einsum,torch,"aefg,behi,cfhj,dgij->abcd","60,60,20,20,8,8,8,8,8,8","(2,3),(0,2),(0,1)",FP32,3073638400,504.89486963835157,0.0001373291015625,0.01268148422241211,242.37213453043054,239.77558002591977
*** input parameters ***
  einsum_str: aefg,behi,cfhj,dgij->abcd
  dim_sizes:  60,60,20,20,8,8,8,8,8,8
  cont_path:  (2,3),(0,2),(0,1)
  backend:    torch
  dtype:      FP32
*** benchmarking opt_einsum expression ***
  #flops :          3073638400
  #bytes :          6087680
  arith. intensity: 504.89
  time (eval):      0.012765
  time (compile):   0.000135
  gflops (eval):    240.79
  gflops (total):   238.27
CSV_DATA: opt_einsum,torch,"aefg,behi,cfhj,dgij->abcd","60,60,20,20,8,8,8,8,8,8","(2,3),(0,2),(0,1)",FP32,3073638400,504.89486963835157,0.0001347064971923828,0.012764930725097656,240.78770705404557,238.2732434280307
*** input parameters ***
  einsum_str: aefg,behi,cfhj,dgij->abcd
  dim_sizes:  60,60,20,20,8,8,8,8,8,8
  cont_path:  (2,3),(0,2),(0,1)
  backend:    torch
  dtype:      FP32
*** benchmarking opt_einsum expression ***
  #flops :          3073638400
  #bytes :          6087680
  arith. intensity: 504.89
  time (eval):      0.012858
  time (compile):   0.000134
  gflops (eval):    239.04
  gflops (total):   236.59
CSV_DATA: opt_einsum,torch,"aefg,behi,cfhj,dgij->abcd","60,60,20,20,8,8,8,8,8,8","(2,3),(0,2),(0,1)",FP32,3073638400,504.89486963835157,0.000133514404296875,0.012858152389526367,239.04199506171963,236.58537805644238
*** input parameters ***
  einsum_str: aefg,behi,cfhj,dgij->abcd
  dim_sizes:  60,60,20,20,8,8,8,8,8,8
  cont_path:  (2,3),(0,2),(0,1)
  backend:    torch
  dtype:      FP32
*** benchmarking opt_einsum expression ***
  #flops :          3073638400
  #bytes :          6087680
  arith. intensity: 504.89
  time (eval):      0.012516
  time (compile):   0.000146
  gflops (eval):    245.59
  gflops (total):   242.75
CSV_DATA: opt_einsum,torch,"aefg,behi,cfhj,dgij->abcd","60,60,20,20,8,8,8,8,8,8","(2,3),(0,2),(0,1)",FP32,3073638400,504.89486963835157,0.0001461505889892578,0.012515544891357422,245.5856638029794,242.75093369374284
*** input parameters ***
  einsum_str: aefg,behi,cfhj,dgij->abcd
  dim_sizes:  60,60,20,20,8,8,8,8,8,8
  cont_path:  (2,3),(0,2),(0,1)
  backend:    torch
  dtype:      FP32
*** benchmarking opt_einsum expression ***
  #flops :          3073638400
  #bytes :          6087680
  arith. intensity: 504.89
  time (eval):      0.012825
  time (compile):   0.000134
  gflops (eval):    239.66
  gflops (total):   237.19
CSV_DATA: opt_einsum,torch,"aefg,behi,cfhj,dgij->abcd","60,60,20,20,8,8,8,8,8,8","(2,3),(0,2),(0,1)",FP32,3073638400,504.89486963835157,0.00013375282287597656,0.012824773788452148,239.66414150459374,237.19042235195764
*** input parameters ***
  einsum_str: aefg,behi,cfhj,dgij->abcd
  dim_sizes:  60,60,20,20,8,8,8,8,8,8
  cont_path:  (2,3),(0,2),(0,1)
  backend:    torch
  dtype:      FP32
*** benchmarking opt_einsum expression ***
  #flops :          3073638400
  #bytes :          6087680
  arith. intensity: 504.89
  time (eval):      0.012557
  time (compile):   0.000129
  gflops (eval):    244.77
  gflops (total):   242.28
CSV_DATA: opt_einsum,torch,"aefg,behi,cfhj,dgij->abcd","60,60,20,20,8,8,8,8,8,8","(2,3),(0,2),(0,1)",FP32,3073638400,504.89486963835157,0.00012946128845214844,0.012557029724121094,244.7743190490165,242.27648109739718
*** input parameters ***
  einsum_str: aefg,behi,cfhj,dgij->abcd
  dim_sizes:  60,60,20,20,8,8,8,8,8,8
  cont_path:  (2,3),(0,2),(0,1)
  backend:    torch
  dtype:      FP32
*** benchmarking opt_einsum expression ***
  #flops :          3073638400
  #bytes :          6087680
  arith. intensity: 504.89
  time (eval):      0.012442
  time (compile):   0.000137
  gflops (eval):    247.04
  gflops (total):   244.35
CSV_DATA: opt_einsum,torch,"aefg,behi,cfhj,dgij->abcd","60,60,20,20,8,8,8,8,8,8","(2,3),(0,2),(0,1)",FP32,3073638400,504.89486963835157,0.00013685226440429688,0.012441873550415039,247.03983588528504,244.35212637983284
*** input parameters ***
  einsum_str: aefg,behi,cfhj,dgij->abcd
  dim_sizes:  60,60,20,20,8,8,8,8,8,8
  cont_path:  (2,3),(0,2),(0,1)
  backend:    torch
  dtype:      FP32
*** benchmarking opt_einsum expression ***
  #flops :          3073638400
  #bytes :          6087680
  arith. intensity: 504.89
  time (eval):      0.012506
  time (compile):   0.000145
  gflops (eval):    245.77
  gflops (total):   242.95
CSV_DATA: opt_einsum,torch,"aefg,behi,cfhj,dgij->abcd","60,60,20,20,8,8,8,8,8,8","(2,3),(0,2),(0,1)",FP32,3073638400,504.89486963835157,0.00014543533325195312,0.01250600814819336,245.7729407799901,242.94764502626265
*** input parameters ***
  einsum_str: aefg,behi,cfhj,dgij->abcd
  dim_sizes:  60,60,20,20,8,8,8,8,8,8
  cont_path:  (2,3),(0,2),(0,1)
  backend:    torch
  dtype:      FP32
*** benchmarking opt_einsum expression ***
  #flops :          3073638400
  #bytes :          6087680
  arith. intensity: 504.89
  time (eval):      0.012720
  time (compile):   0.000138
  gflops (eval):    241.64
  gflops (total):   239.04
CSV_DATA: opt_einsum,torch,"aefg,behi,cfhj,dgij->abcd","60,60,20,20,8,8,8,8,8,8","(2,3),(0,2),(0,1)",FP32,3073638400,504.89486963835157,0.0001380443572998047,0.012720108032226562,241.63618675351628,239.04199506171963
*** input parameters ***
  einsum_str: aefg,behi,cfhj,dgij->abcd
  dim_sizes:  60,60,20,20,8,8,8,8,8,8
  cont_path:  (2,3),(0,2),(0,1)
  backend:    torch
  dtype:      FP32
*** benchmarking opt_einsum expression ***
  #flops :          3073638400
  #bytes :          6087680
  arith. intensity: 504.89
  time (eval):      0.012372
  time (compile):   0.000135
  gflops (eval):    248.43
  gflops (total):   245.74
CSV_DATA: opt_einsum,torch,"aefg,behi,cfhj,dgij->abcd","60,60,20,20,8,8,8,8,8,8","(2,3),(0,2),(0,1)",FP32,3073638400,504.89486963835157,0.0001354217529296875,0.012372016906738281,248.4347073859863,245.7448310269463
*** input parameters ***
  einsum_str: aefg,behi,cfhj,dgij->abcd
  dim_sizes:  60,60,20,20,8,8,8,8,8,8
  cont_path:  (2,3),(0,2),(0,1)
  backend:    torch
  dtype:      FP32
*** benchmarking opt_einsum expression ***
  #flops :          3073638400
  #bytes :          6087680
  arith. intensity: 504.89
  time (eval):      0.012836
  time (compile):   0.000137
  gflops (eval):    239.45
  gflops (total):   236.92
CSV_DATA: opt_einsum,torch,"aefg,behi,cfhj,dgij->abcd","60,60,20,20,8,8,8,8,8,8","(2,3),(0,2),(0,1)",FP32,3073638400,504.89486963835157,0.0001366138458251953,0.012836456298828125,239.44602220790492,236.9245186935769
