*** input parameters ***
  einsum_str: aefi,bfgj,cghk,dhel,ijkl->abcd
  dim_sizes:  40,40,20,20,6,6,6,6,4,4,4,4
  cont_path:  (2,3),(2,3),(0,2),(0,1)
  backend:    torch
  dtype:      FP32
*** benchmarking opt_einsum expression ***
  #flops :          305049600
  #bytes :          2630144
  arith. intensity: 115.98
  time (eval):      0.002085
  time (compile):   0.000151
  gflops (eval):    146.31
  gflops (total):   136.45
CSV_DATA: opt_einsum,torch,"aefi,bfgj,cghk,dhel,ijkl->abcd","40,40,20,20,6,6,6,6,4,4,4,4","(2,3),(2,3),(0,2),(0,1)",FP32,305049600,115.98209071442476,0.0001506805419921875,0.002084970474243164,146.30883447437395,136.4477719396822
*** input parameters ***
  einsum_str: aefi,bfgj,cghk,dhel,ijkl->abcd
  dim_sizes:  40,40,20,20,6,6,6,6,4,4,4,4
  cont_path:  (2,3),(2,3),(0,2),(0,1)
  backend:    torch
  dtype:      FP32
*** benchmarking opt_einsum expression ***
  #flops :          305049600
  #bytes :          2630144
  arith. intensity: 115.98
  time (eval):      0.002157
  time (compile):   0.000150
  gflops (eval):    141.44
  gflops (total):   132.26
CSV_DATA: opt_einsum,torch,"aefi,bfgj,cghk,dhel,ijkl->abcd","40,40,20,20,6,6,6,6,4,4,4,4","(2,3),(2,3),(0,2),(0,1)",FP32,305049600,115.98209071442476,0.00014972686767578125,0.0021567344665527344,141.44049938960868,132.25870968352285
*** input parameters ***
  einsum_str: aefi,bfgj,cghk,dhel,ijkl->abcd
  dim_sizes:  40,40,20,20,6,6,6,6,4,4,4,4
  cont_path:  (2,3),(2,3),(0,2),(0,1)
  backend:    torch
  dtype:      FP32
*** benchmarking opt_einsum expression ***
  #flops :          305049600
  #bytes :          2630144
  arith. intensity: 115.98
  time (eval):      0.002000
  time (compile):   0.000154
  gflops (eval):    152.52
  gflops (total):   141.61
CSV_DATA: opt_einsum,torch,"aefi,bfgj,cghk,dhel,ijkl->abcd","40,40,20,20,6,6,6,6,4,4,4,4","(2,3),(2,3),(0,2),(0,1)",FP32,305049600,115.98209071442476,0.00015401840209960938,0.002000093460083008,152.51767284281797,141.61270143645822
*** input parameters ***
  einsum_str: aefi,bfgj,cghk,dhel,ijkl->abcd
  dim_sizes:  40,40,20,20,6,6,6,6,4,4,4,4
  cont_path:  (2,3),(2,3),(0,2),(0,1)
  backend:    torch
  dtype:      FP32
*** benchmarking opt_einsum expression ***
  #flops :          305049600
  #bytes :          2630144
  arith. intensity: 115.98
  time (eval):      0.002153
  time (compile):   0.000150
  gflops (eval):    141.68
  gflops (total):   132.44
CSV_DATA: opt_einsum,torch,"aefi,bfgj,cghk,dhel,ijkl->abcd","40,40,20,20,6,6,6,6,4,4,4,4","(2,3),(2,3),(0,2),(0,1)",FP32,305049600,115.98209071442476,0.00015020370483398438,0.002153158187866211,141.67542436921715,132.43667917176276
*** input parameters ***
  einsum_str: aefi,bfgj,cghk,dhel,ijkl->abcd
  dim_sizes:  40,40,20,20,6,6,6,6,4,4,4,4
  cont_path:  (2,3),(2,3),(0,2),(0,1)
  backend:    torch
  dtype:      FP32
*** benchmarking opt_einsum expression ***
  #flops :          305049600
  #bytes :          2630144
  arith. intensity: 115.98
  time (eval):      0.002376
  time (compile):   0.000150
  gflops (eval):    128.37
  gflops (total):   120.76
CSV_DATA: opt_einsum,torch,"aefi,bfgj,cghk,dhel,ijkl->abcd","40,40,20,20,6,6,6,6,4,4,4,4","(2,3),(2,3),(0,2),(0,1)",FP32,305049600,115.98209071442476,0.00014972686767578125,0.0023763179779052734,128.37069905472057,120.76175153170364
*** input parameters ***
  einsum_str: aefi,bfgj,cghk,dhel,ijkl->abcd
  dim_sizes:  40,40,20,20,6,6,6,6,4,4,4,4
  cont_path:  (2,3),(2,3),(0,2),(0,1)
  backend:    torch
  dtype:      FP32
*** benchmarking opt_einsum expression ***
  #flops :          305049600
  #bytes :          2630144
  arith. intensity: 115.98
  time (eval):      0.002241
  time (compile):   0.000153
  gflops (eval):    136.10
  gflops (total):   127.42
CSV_DATA: opt_einsum,torch,"aefi,bfgj,cghk,dhel,ijkl->abcd","40,40,20,20,6,6,6,6,4,4,4,4","(2,3),(2,3),(0,2),(0,1)",FP32,305049600,115.98209071442476,0.000152587890625,0.002241373062133789,136.099431707095,127.42463474538394
*** input parameters ***
  einsum_str: aefi,bfgj,cghk,dhel,ijkl->abcd
  dim_sizes:  40,40,20,20,6,6,6,6,4,4,4,4
  cont_path:  (2,3),(2,3),(0,2),(0,1)
  backend:    torch
  dtype:      FP32
*** benchmarking opt_einsum expression ***
  #flops :          305049600
  #bytes :          2630144
  arith. intensity: 115.98
  time (eval):      0.002246
  time (compile):   0.000150
  gflops (eval):    135.81
  gflops (total):   127.30
CSV_DATA: opt_einsum,torch,"aefi,bfgj,cghk,dhel,ijkl->abcd","40,40,20,20,6,6,6,6,4,4,4,4","(2,3),(2,3),(0,2),(0,1)",FP32,305049600,115.98209071442476,0.00015020370483398438,0.0022461414337158203,135.8105039251035,127.29785667877823
*** input parameters ***
  einsum_str: aefi,bfgj,cghk,dhel,ijkl->abcd
  dim_sizes:  40,40,20,20,6,6,6,6,4,4,4,4
  cont_path:  (2,3),(2,3),(0,2),(0,1)
  backend:    torch
  dtype:      FP32
*** benchmarking opt_einsum expression ***
  #flops :          305049600
  #bytes :          2630144
  arith. intensity: 115.98
  time (eval):      0.002248
  time (compile):   0.000153
  gflops (eval):    135.72
  gflops (total):   127.08
CSV_DATA: opt_einsum,torch,"aefi,bfgj,cghk,dhel,ijkl->abcd","40,40,20,20,6,6,6,6,4,4,4,4","(2,3),(2,3),(0,2),(0,1)",FP32,305049600,115.98209071442476,0.00015282630920410156,0.0022475719451904297,135.7240646524239,127.0829119466031
*** input parameters ***
  einsum_str: aefi,bfgj,cghk,dhel,ijkl->abcd
  dim_sizes:  40,40,20,20,6,6,6,6,4,4,4,4
  cont_path:  (2,3),(2,3),(0,2),(0,1)
  backend:    torch
  dtype:      FP32
*** benchmarking opt_einsum expression ***
  #flops :          305049600
  #bytes :          2630144
  arith. intensity: 115.98
  time (eval):      0.002352
  time (compile):   0.000149
  gflops (eval):    129.67
  gflops (total):   121.95
CSV_DATA: opt_einsum,torch,"aefi,bfgj,cghk,dhel,ijkl->abcd","40,40,20,20,6,6,6,6,4,4,4,4","(2,3),(2,3),(0,2),(0,1)",FP32,305049600,115.98209071442476,0.00014901161193847656,0.002352476119995117,129.6717094839769,121.94727006084636
*** input parameters ***
  einsum_str: aefi,bfgj,cghk,dhel,ijkl->abcd
  dim_sizes:  40,40,20,20,6,6,6,6,4,4,4,4
  cont_path:  (2,3),(2,3),(0,2),(0,1)
  backend:    torch
  dtype:      FP32
*** benchmarking opt_einsum expression ***
  #flops :          305049600
  #bytes :          2630144
  arith. intensity: 115.98
  time (eval):      0.002250
  time (compile):   0.000157
  gflops (eval):    135.58
  gflops (total):   126.76
CSV_DATA: opt_einsum,torch,"aefi,bfgj,cghk,dhel,ijkl->abcd","40,40,20,20,6,6,6,6,4,4,4,4","(2,3),(2,3),(0,2),(0,1)",FP32,305049600,115.98209071442476,0.00015664100646972656,0.0022499561309814453,135.58024345431812,126.75557335827226
*** input parameters ***
  einsum_str: aefi,bfgj,cghk,dhel,ijkl->abcd
  dim_sizes:  40,40,20,20,6,6,6,6,4,4,4,4
  cont_path:  (2,3),(2,3),(0,2),(0,1)
  backend:    torch
  dtype:      FP32
*** benchmarking opt_einsum expression ***
  #flops :          305049600
  #bytes :          2630144
  arith. intensity: 115.98
  time (eval):      0.002286
  time (compile):   0.000150
  gflops (eval):    133.43
  gflops (total):   125.23
CSV_DATA: opt_einsum,torch,"aefi,bfgj,cghk,dhel,ijkl->abcd","40,40,20,20,6,6,6,6,4,4,4,4","(2,3),(2,3),(0,2),(0,1)",FP32,305049600,115.98209071442476,0.00014972686767578125,0.002286195755004883,133.4310936988633,125.22959356742685
*** input parameters ***
  einsum_str: aefi,bfgj,cghk,dhel,ijkl->abcd
  dim_sizes:  40,40,20,20,6,6,6,6,4,4,4,4
  cont_path:  (2,3),(2,3),(0,2),(0,1)
  backend:    torch
  dtype:      FP32
*** benchmarking opt_einsum expression ***
  #flops :          305049600
  #bytes :          2630144
  arith. intensity: 115.98
  time (eval):      0.002343
  time (compile):   0.000157
  gflops (eval):    130.19
  gflops (total):   122.01
CSV_DATA: opt_einsum,torch,"aefi,bfgj,cghk,dhel,ijkl->abcd","40,40,20,20,6,6,6,6,4,4,4,4","(2,3),(2,3),(0,2),(0,1)",FP32,305049600,115.98209071442476,0.0001571178436279297,0.0023431777954101562,130.18627975970696,122.00541217492133
*** input parameters ***
  einsum_str: aefi,bfgj,cghk,dhel,ijkl->abcd
  dim_sizes:  40,40,20,20,6,6,6,6,4,4,4,4
  cont_path:  (2,3),(2,3),(0,2),(0,1)
  backend:    torch
  dtype:      FP32
*** benchmarking opt_einsum expression ***
  #flops :          305049600
  #bytes :          2630144
  arith. intensity: 115.98
  time (eval):      0.002299
  time (compile):   0.000154
  gflops (eval):    132.67
  gflops (total):   124.35
CSV_DATA: opt_einsum,torch,"aefi,bfgj,cghk,dhel,ijkl->abcd","40,40,20,20,6,6,6,6,4,4,4,4","(2,3),(2,3),(0,2),(0,1)",FP32,305049600,115.98209071442476,0.0001537799835205078,0.0022993087768554688,132.6701324635421,124.35326635031588
*** input parameters ***
  einsum_str: aefi,bfgj,cghk,dhel,ijkl->abcd
  dim_sizes:  40,40,20,20,6,6,6,6,4,4,4,4
  cont_path:  (2,3),(2,3),(0,2),(0,1)
  backend:    torch
  dtype:      FP32
*** benchmarking opt_einsum expression ***
  #flops :          305049600
  #bytes :          2630144
  arith. intensity: 115.98
  time (eval):      0.002392
  time (compile):   0.000149
  gflops (eval):    127.55
  gflops (total):   120.06
CSV_DATA: opt_einsum,torch,"aefi,bfgj,cghk,dhel,ijkl->abcd","40,40,20,20,6,6,6,6,4,4,4,4","(2,3),(2,3),(0,2),(0,1)",FP32,305049600,115.98209071442476,0.00014925003051757812,0.0023915767669677734,127.55166558452798,120.05918715195648
*** input parameters ***
  einsum_str: aefi,bfgj,cghk,dhel,ijkl->abcd
  dim_sizes:  40,40,20,20,6,6,6,6,4,4,4,4
  cont_path:  (2,3),(2,3),(0,2),(0,1)
  backend:    torch
  dtype:      FP32
*** benchmarking opt_einsum expression ***
  #flops :          305049600
  #bytes :          2630144
  arith. intensity: 115.98
  time (eval):      0.002291
  time (compile):   0.000156
  gflops (eval):    133.14
  gflops (total):   124.66
CSV_DATA: opt_einsum,torch,"aefi,bfgj,cghk,dhel,ijkl->abcd","40,40,20,20,6,6,6,6,4,4,4,4","(2,3),(2,3),(0,2),(0,1)",FP32,305049600,115.98209071442476,0.00015592575073242188,0.0022912025451660156,133.13951690722166,124.65615330070149
*** input parameters ***
  einsum_str: aefi,bfgj,cghk,dhel,ijkl->abcd
  dim_sizes:  40,40,20,20,6,6,6,6,4,4,4,4
  cont_path:  (2,3),(2,3),(0,2),(0,1)
  backend:    torch
  dtype:      FP32
*** benchmarking opt_einsum expression ***
  #flops :          305049600
  #bytes :          2630144
  arith. intensity: 115.98
  time (eval):      0.002419
  time (compile):   0.000152
  gflops (eval):    126.12
  gflops (total):   118.65
CSV_DATA: opt_einsum,torch,"aefi,bfgj,cghk,dhel,ijkl->abcd","40,40,20,20,6,6,6,6,4,4,4,4","(2,3),(2,3),(0,2),(0,1)",FP32,305049600,115.98209071442476,0.00015234947204589844,0.0024187564849853516,126.11835953458848,118.64528537448072
*** input parameters ***
  einsum_str: aefi,bfgj,cghk,dhel,ijkl->abcd
  dim_sizes:  40,40,20,20,6,6,6,6,4,4,4,4
  cont_path:  (2,3),(2,3),(0,2),(0,1)
  backend:    torch
  dtype:      FP32
*** benchmarking opt_einsum expression ***
  #flops :          305049600
  #bytes :          2630144
  arith. intensity: 115.98
  time (eval):      0.002371
  time (compile):   0.000152
  gflops (eval):    128.65
  gflops (total):   120.89
CSV_DATA: opt_einsum,torch,"aefi,bfgj,cghk,dhel,ijkl->abcd","40,40,20,20,6,6,6,6,4,4,4,4","(2,3),(2,3),(0,2),(0,1)",FP32,305049600,115.98209071442476,0.00015234947204589844,0.002371072769165039,128.6546764684163,120.88725977687075
*** input parameters ***
  einsum_str: aefi,bfgj,cghk,dhel,ijkl->abcd
  dim_sizes:  40,40,20,20,6,6,6,6,4,4,4,4
  cont_path:  (2,3),(2,3),(0,2),(0,1)
  backend:    torch
  dtype:      FP32
*** benchmarking opt_einsum expression ***
  #flops :          305049600
  #bytes :          2630144
  arith. intensity: 115.98
  time (eval):      0.002453
  time (compile):   0.000152
  gflops (eval):    124.34
  gflops (total):   117.08
CSV_DATA: opt_einsum,torch,"aefi,bfgj,cghk,dhel,ijkl->abcd","40,40,20,20,6,6,6,6,4,4,4,4","(2,3),(2,3),(0,2),(0,1)",FP32,305049600,115.98209071442476,0.00015211105346679688,0.002453327178955078,124.34118148478134,117.08187751449488
*** input parameters ***
  einsum_str: aefi,bfgj,cghk,dhel,ijkl->abcd
  dim_sizes:  40,40,20,20,6,6,6,6,4,4,4,4
  cont_path:  (2,3),(2,3),(0,2),(0,1)
  backend:    torch
  dtype:      FP32
*** benchmarking opt_einsum expression ***
  #flops :          305049600
  #bytes :          2630144
  arith. intensity: 115.98
  time (eval):      0.002292
  time (compile):   0.000150
  gflops (eval):    133.08
  gflops (total):   124.90
CSV_DATA: opt_einsum,torch,"aefi,bfgj,cghk,dhel,ijkl->abcd","40,40,20,20,6,6,6,6,4,4,4,4","(2,3),(2,3),(0,2),(0,1)",FP32,305049600,115.98209071442476,0.00015020370483398438,0.002292156219482422,133.08412289144997,124.89952728215542
*** input parameters ***
  einsum_str: aefi,bfgj,cghk,dhel,ijkl->abcd
  dim_sizes:  40,40,20,20,6,6,6,6,4,4,4,4
  cont_path:  (2,3),(2,3),(0,2),(0,1)
  backend:    torch
  dtype:      FP32
*** benchmarking opt_einsum expression ***
  #flops :          305049600
  #bytes :          2630144
  arith. intensity: 115.98
  time (eval):      0.002461
  time (compile):   0.000148
  gflops (eval):    123.94
  gflops (total):   116.91
CSV_DATA: opt_einsum,torch,"aefi,bfgj,cghk,dhel,ijkl->abcd","40,40,20,20,6,6,6,6,4,4,4,4","(2,3),(2,3),(0,2),(0,1)",FP32,305049600,115.98209071442476,0.0001480579376220703,0.0024611949920654297,123.94369441813427,116.91070517894738
*** input parameters ***
  einsum_str: aefi,bfgj,cghk,dhel,ijkl->abcd
  dim_sizes:  40,40,20,20,6,6,6,6,4,4,4,4
  cont_path:  (2,3),(2,3),(0,2),(0,1)
  backend:    torch
  dtype:      FP32
*** benchmarking opt_einsum expression ***
  #flops :          305049600
  #bytes :          2630144
  arith. intensity: 115.98
  time (eval):      0.002438
  time (compile):   0.000153
  gflops (eval):    125.14
  gflops (total):   117.77
CSV_DATA: opt_einsum,torch,"aefi,bfgj,cghk,dhel,ijkl->abcd","40,40,20,20,6,6,6,6,4,4,4,4","(2,3),(2,3),(0,2),(0,1)",FP32,305049600,115.98209071442476,0.000152587890625,0.002437591552734375,125.14385343098593,117.77160875169368
*** input parameters ***
  einsum_str: aefi,bfgj,cghk,dhel,ijkl->abcd
  dim_sizes:  40,40,20,20,6,6,6,6,4,4,4,4
  cont_path:  (2,3),(2,3),(0,2),(0,1)
  backend:    torch
  dtype:      FP32
*** benchmarking opt_einsum expression ***
  #flops :          305049600
  #bytes :          2630144
  arith. intensity: 115.98
  time (eval):      0.002435
  time (compile):   0.000148
  gflops (eval):    125.28
  gflops (total):   118.09
CSV_DATA: opt_einsum,torch,"aefi,bfgj,cghk,dhel,ijkl->abcd","40,40,20,20,6,6,6,6,4,4,4,4","(2,3),(2,3),(0,2),(0,1)",FP32,305049600,115.98209071442476,0.00014829635620117188,0.002434968948364258,125.2786407009106,118.08682579403785
*** input parameters ***
  einsum_str: aefi,bfgj,cghk,dhel,ijkl->abcd
  dim_sizes:  40,40,20,20,6,6,6,6,4,4,4,4
  cont_path:  (2,3),(2,3),(0,2),(0,1)
  backend:    torch
  dtype:      FP32
*** benchmarking opt_einsum expression ***
  #flops :          305049600
  #bytes :          2630144
  arith. intensity: 115.98
  time (eval):      0.002264
  time (compile):   0.000150
  gflops (eval):    134.72
  gflops (total):   126.37
CSV_DATA: opt_einsum,torch,"aefi,bfgj,cghk,dhel,ijkl->abcd","40,40,20,20,6,6,6,6,4,4,4,4","(2,3),(2,3),(0,2),(0,1)",FP32,305049600,115.98209071442476,0.00014972686767578125,0.002264261245727539,134.72367668510057,126.36748222008889
*** input parameters ***
  einsum_str: aefi,bfgj,cghk,dhel,ijkl->abcd
  dim_sizes:  40,40,20,20,6,6,6,6,4,4,4,4
  cont_path:  (2,3),(2,3),(0,2),(0,1)
  backend:    torch
  dtype:      FP32
*** benchmarking opt_einsum expression ***
  #flops :          305049600
  #bytes :          2630144
  arith. intensity: 115.98
  time (eval):      0.002426
  time (compile):   0.000154
  gflops (eval):    125.72
  gflops (total):   118.23
CSV_DATA: opt_einsum,torch,"aefi,bfgj,cghk,dhel,ijkl->abcd","40,40,20,20,6,6,6,6,4,4,4,4","(2,3),(2,3),(0,2),(0,1)",FP32,305049600,115.98209071442476,0.0001537799835205078,0.0024263858795166016,125.72179988979072,118.22867838462392
*** input parameters ***
  einsum_str: aefi,bfgj,cghk,dhel,ijkl->abcd
  dim_sizes:  40,40,20,20,6,6,6,6,4,4,4,4
  cont_path:  (2,3),(2,3),(0,2),(0,1)
  backend:    torch
  dtype:      FP32
*** benchmarking opt_einsum expression ***
  #flops :          305049600
  #bytes :          2630144
  arith. intensity: 115.98
  time (eval):      0.002321
  time (compile):   0.000154
  gflops (eval):    131.46
  gflops (total):   123.29
CSV_DATA: opt_einsum,torch,"aefi,bfgj,cghk,dhel,ijkl->abcd","40,40,20,20,6,6,6,6,4,4,4,4","(2,3),(2,3),(0,2),(0,1)",FP32,305049600,115.98209071442476,0.0001537799835205078,0.002320528030395508,131.45697703466558,123.28683344366931
*** input parameters ***
  einsum_str: aefi,bfgj,cghk,dhel,ijkl->abcd
  dim_sizes:  40,40,20,20,6,6,6,6,4,4,4,4
  cont_path:  (2,3),(2,3),(0,2),(0,1)
  backend:    torch
  dtype:      FP32
*** benchmarking opt_einsum expression ***
  #flops :          305049600
  #bytes :          2630144
  arith. intensity: 115.98
  time (eval):      0.002282
  time (compile):   0.000152
  gflops (eval):    133.65
  gflops (total):   125.30
CSV_DATA: opt_einsum,torch,"aefi,bfgj,cghk,dhel,ijkl->abcd","40,40,20,20,6,6,6,6,4,4,4,4","(2,3),(2,3),(0,2),(0,1)",FP32,305049600,115.98209071442476,0.00015211105346679688,0.002282381057739258,133.65410607734253,125.3031786777397
*** input parameters ***
  einsum_str: aefi,bfgj,cghk,dhel,ijkl->abcd
  dim_sizes:  40,40,20,20,6,6,6,6,4,4,4,4
  cont_path:  (2,3),(2,3),(0,2),(0,1)
  backend:    torch
  dtype:      FP32
*** benchmarking opt_einsum expression ***
  #flops :          305049600
  #bytes :          2630144
  arith. intensity: 115.98
  time (eval):      0.002386
  time (compile):   0.000155
  gflops (eval):    127.86
  gflops (total):   120.06
CSV_DATA: opt_einsum,torch,"aefi,bfgj,cghk,dhel,ijkl->abcd","40,40,20,20,6,6,6,6,4,4,4,4","(2,3),(2,3),(0,2),(0,1)",FP32,305049600,115.98209071442476,0.00015497207641601562,0.002385854721069336,127.85757544502849,120.05918715195648
*** input parameters ***
  einsum_str: aefi,bfgj,cghk,dhel,ijkl->abcd
  dim_sizes:  40,40,20,20,6,6,6,6,4,4,4,4
  cont_path:  (2,3),(2,3),(0,2),(0,1)
  backend:    torch
  dtype:      FP32
*** benchmarking opt_einsum expression ***
  #flops :          305049600
  #bytes :          2630144
  arith. intensity: 115.98
  time (eval):      0.002426
  time (compile):   0.000148
  gflops (eval):    125.73
  gflops (total):   118.50
CSV_DATA: opt_einsum,torch,"aefi,bfgj,cghk,dhel,ijkl->abcd","40,40,20,20,6,6,6,6,4,4,4,4","(2,3),(2,3),(0,2),(0,1)",FP32,305049600,115.98209071442476,0.0001480579376220703,0.0024261474609375,125.7341546264151,118.50243192353433
*** input parameters ***
  einsum_str: aefi,bfgj,cghk,dhel,ijkl->abcd
  dim_sizes:  40,40,20,20,6,6,6,6,4,4,4,4
  cont_path:  (2,3),(2,3),(0,2),(0,1)
  backend:    torch
  dtype:      FP32
*** benchmarking opt_einsum expression ***
  #flops :          305049600
  #bytes :          2630144
  arith. intensity: 115.98
  time (eval):      0.002478
  time (compile):   0.000155
  gflops (eval):    123.12
  gflops (total):   115.88
CSV_DATA: opt_einsum,torch,"aefi,bfgj,cghk,dhel,ijkl->abcd","40,40,20,20,6,6,6,6,4,4,4,4","(2,3),(2,3),(0,2),(0,1)",FP32,305049600,115.98209071442476,0.00015473365783691406,0.0024776458740234375,123.12074263648961,115.88359364898108
*** input parameters ***
  einsum_str: aefi,bfgj,cghk,dhel,ijkl->abcd
  dim_sizes:  40,40,20,20,6,6,6,6,4,4,4,4
  cont_path:  (2,3),(2,3),(0,2),(0,1)
  backend:    torch
  dtype:      FP32
*** benchmarking opt_einsum expression ***
  #flops :          305049600
  #bytes :          2630144
  arith. intensity: 115.98
  time (eval):      0.002368
  time (compile):   0.000156
  gflops (eval):    128.81
  gflops (total):   120.85
CSV_DATA: opt_einsum,torch,"aefi,bfgj,cghk,dhel,ijkl->abcd","40,40,20,20,6,6,6,6,4,4,4,4","(2,3),(2,3),(0,2),(0,1)",FP32,305049600,115.98209071442476,0.00015592575073242188,0.0023682117462158203,128.810103440894,120.85300439013886
*** input parameters ***
  einsum_str: aefi,bfgj,cghk,dhel,ijkl->abcd
  dim_sizes:  40,40,20,20,6,6,6,6,4,4,4,4
  cont_path:  (2,3),(2,3),(0,2),(0,1)
  backend:    torch
  dtype:      FP32
*** benchmarking opt_einsum expression ***
  #flops :          305049600
  #bytes :          2630144
  arith. intensity: 115.98
  time (eval):      0.002499
  time (compile):   0.000155
  gflops (eval):    122.05
  gflops (total):   114.92
CSV_DATA: opt_einsum,torch,"aefi,bfgj,cghk,dhel,ijkl->abcd","40,40,20,20,6,6,6,6,4,4,4,4","(2,3),(2,3),(0,2),(0,1)",FP32,305049600,115.98209071442476,0.0001552104949951172,0.0024993419647216797,122.05196579971383,114.91564195063769
*** input parameters ***
  einsum_str: aefi,bfgj,cghk,dhel,ijkl->abcd
  dim_sizes:  40,40,20,20,6,6,6,6,4,4,4,4
  cont_path:  (2,3),(2,3),(0,2),(0,1)
  backend:    torch
  dtype:      FP32
*** benchmarking opt_einsum expression ***
  #flops :          305049600
  #bytes :          2630144
  arith. intensity: 115.98
  time (eval):      0.002443
  time (compile):   0.000154
  gflops (eval):    124.88
  gflops (total):   117.46
CSV_DATA: opt_einsum,torch,"aefi,bfgj,cghk,dhel,ijkl->abcd","40,40,20,20,6,6,6,6,4,4,4,4","(2,3),(2,3),(0,2),(0,1)",FP32,305049600,115.98209071442476,0.00015425682067871094,0.0024428367614746094,124.87514712847941,117.45807008890112
*** input parameters ***
  einsum_str: aefi,bfgj,cghk,dhel,ijkl->abcd
  dim_sizes:  40,40,20,20,6,6,6,6,4,4,4,4
  cont_path:  (2,3),(2,3),(0,2),(0,1)
  backend:    torch
  dtype:      FP32
*** benchmarking opt_einsum expression ***
  #flops :          305049600
  #bytes :          2630144
  arith. intensity: 115.98
  time (eval):      0.002383
  time (compile):   0.000150
  gflops (eval):    128.04
  gflops (total):   120.45
CSV_DATA: opt_einsum,torch,"aefi,bfgj,cghk,dhel,ijkl->abcd","40,40,20,20,6,6,6,6,4,4,4,4","(2,3),(2,3),(0,2),(0,1)",FP32,305049600,115.98209071442476,0.0001499652862548828,0.002382516860961914,128.03670143884722,120.45478793809076
*** input parameters ***
  einsum_str: aefi,bfgj,cghk,dhel,ijkl->abcd
  dim_sizes:  40,40,20,20,6,6,6,6,4,4,4,4
  cont_path:  (2,3),(2,3),(0,2),(0,1)
  backend:    torch
  dtype:      FP32
*** benchmarking opt_einsum expression ***
  #flops :          305049600
  #bytes :          2630144
  arith. intensity: 115.98
  time (eval):      0.002491
  time (compile):   0.000147
  gflops (eval):    122.44
  gflops (total):   115.60
CSV_DATA: opt_einsum,torch,"aefi,bfgj,cghk,dhel,ijkl->abcd","40,40,20,20,6,6,6,6,4,4,4,4","(2,3),(2,3),(0,2),(0,1)",FP32,305049600,115.98209071442476,0.00014734268188476562,0.002491474151611328,122.43739306013399,115.60089966375136
*** input parameters ***
  einsum_str: aefi,bfgj,cghk,dhel,ijkl->abcd
  dim_sizes:  40,40,20,20,6,6,6,6,4,4,4,4
  cont_path:  (2,3),(2,3),(0,2),(0,1)
  backend:    torch
  dtype:      FP32
*** benchmarking opt_einsum expression ***
  #flops :          305049600
  #bytes :          2630144
  arith. intensity: 115.98
  time (eval):      0.002439
  time (compile):   0.000149
  gflops (eval):    125.09
  gflops (total):   117.88
CSV_DATA: opt_einsum,torch,"aefi,bfgj,cghk,dhel,ijkl->abcd","40,40,20,20,6,6,6,6,4,4,4,4","(2,3),(2,3),(0,2),(0,1)",FP32,305049600,115.98209071442476,0.00014925003051757812,0.0024385452270507812,125.09491175971843,117.88011401127696
*** input parameters ***
  einsum_str: aefi,bfgj,cghk,dhel,ijkl->abcd
  dim_sizes:  40,40,20,20,6,6,6,6,4,4,4,4
  cont_path:  (2,3),(2,3),(0,2),(0,1)
  backend:    torch
  dtype:      FP32
*** benchmarking opt_einsum expression ***
  #flops :          305049600
  #bytes :          2630144
  arith. intensity: 115.98
  time (eval):      0.002425
  time (compile):   0.000149
  gflops (eval):    125.81
  gflops (total):   118.50
CSV_DATA: opt_einsum,torch,"aefi,bfgj,cghk,dhel,ijkl->abcd","40,40,20,20,6,6,6,6,4,4,4,4","(2,3),(2,3),(0,2),(0,1)",FP32,305049600,115.98209071442476,0.0001494884490966797,0.0024247169494628906,125.80833406867256,118.50243192353433
*** input parameters ***
  einsum_str: aefi,bfgj,cghk,dhel,ijkl->abcd
  dim_sizes:  40,40,20,20,6,6,6,6,4,4,4,4
  cont_path:  (2,3),(2,3),(0,2),(0,1)
  backend:    torch
  dtype:      FP32
*** benchmarking opt_einsum expression ***
  #flops :          305049600
  #bytes :          2630144
  arith. intensity: 115.98
  time (eval):      0.002380
  time (compile):   0.000149
  gflops (eval):    128.19
  gflops (total):   120.66
CSV_DATA: opt_einsum,torch,"aefi,bfgj,cghk,dhel,ijkl->abcd","40,40,20,20,6,6,6,6,4,4,4,4","(2,3),(2,3),(0,2),(0,1)",FP32,305049600,115.98209071442476,0.00014853477478027344,0.0023796558380126953,128.19063795996394,120.6592566463976
*** input parameters ***
  einsum_str: aefi,bfgj,cghk,dhel,ijkl->abcd
  dim_sizes:  40,40,20,20,6,6,6,6,4,4,4,4
  cont_path:  (2,3),(2,3),(0,2),(0,1)
  backend:    torch
  dtype:      FP32
*** benchmarking opt_einsum expression ***
  #flops :          305049600
  #bytes :          2630144
  arith. intensity: 115.98
  time (eval):      0.002418
  time (compile):   0.000150
  gflops (eval):    126.16
  gflops (total):   118.78
CSV_DATA: opt_einsum,torch,"aefi,bfgj,cghk,dhel,ijkl->abcd","40,40,20,20,6,6,6,6,4,4,4,4","(2,3),(2,3),(0,2),(0,1)",FP32,305049600,115.98209071442476,0.00015020370483398438,0.002418041229248047,126.1556653005719,118.77745613427406
*** input parameters ***
  einsum_str: aefi,bfgj,cghk,dhel,ijkl->abcd
  dim_sizes:  40,40,20,20,6,6,6,6,4,4,4,4
  cont_path:  (2,3),(2,3),(0,2),(0,1)
  backend:    torch
  dtype:      FP32
*** benchmarking opt_einsum expression ***
  #flops :          305049600
  #bytes :          2630144
  arith. intensity: 115.98
  time (eval):      0.002412
  time (compile):   0.000149
  gflops (eval):    126.47
  gflops (total):   119.12
CSV_DATA: opt_einsum,torch,"aefi,bfgj,cghk,dhel,ijkl->abcd","40,40,20,20,6,6,6,6,4,4,4,4","(2,3),(2,3),(0,2),(0,1)",FP32,305049600,115.98209071442476,0.000148773193359375,0.002412080764770508,126.46740708494615,119.12026417264687
*** input parameters ***
  einsum_str: aefi,bfgj,cghk,dhel,ijkl->abcd
  dim_sizes:  40,40,20,20,6,6,6,6,4,4,4,4
  cont_path:  (2,3),(2,3),(0,2),(0,1)
  backend:    torch
  dtype:      FP32
*** benchmarking opt_einsum expression ***
  #flops :          305049600
  #bytes :          2630144
  arith. intensity: 115.98
  time (eval):      0.002329
  time (compile):   0.000157
  gflops (eval):    130.96
  gflops (total):   122.70
CSV_DATA: opt_einsum,torch,"aefi,bfgj,cghk,dhel,ijkl->abcd","40,40,20,20,6,6,6,6,4,4,4,4","(2,3),(2,3),(0,2),(0,1)",FP32,305049600,115.98209071442476,0.00015687942504882812,0.0023293495178222656,130.9591358729171,122.69569979654777
*** input parameters ***
  einsum_str: aefi,bfgj,cghk,dhel,ijkl->abcd
  dim_sizes:  40,40,20,20,6,6,6,6,4,4,4,4
  cont_path:  (2,3),(2,3),(0,2),(0,1)
  backend:    torch
  dtype:      FP32
*** benchmarking opt_einsum expression ***
  #flops :          305049600
  #bytes :          2630144
  arith. intensity: 115.98
  time (eval):      0.002303
  time (compile):   0.000150
  gflops (eval):    132.46
  gflops (total):   124.35
CSV_DATA: opt_einsum,torch,"aefi,bfgj,cghk,dhel,ijkl->abcd","40,40,20,20,6,6,6,6,4,4,4,4","(2,3),(2,3),(0,2),(0,1)",FP32,305049600,115.98209071442476,0.00015020370483398438,0.002302885055541992,132.46410161283777,124.35326635031588
*** input parameters ***
  einsum_str: aefi,bfgj,cghk,dhel,ijkl->abcd
  dim_sizes:  40,40,20,20,6,6,6,6,4,4,4,4
  cont_path:  (2,3),(2,3),(0,2),(0,1)
  backend:    torch
  dtype:      FP32
*** benchmarking opt_einsum expression ***
  #flops :          305049600
  #bytes :          2630144
  arith. intensity: 115.98
  time (eval):      0.002371
  time (compile):   0.000154
  gflops (eval):    128.68
  gflops (total):   120.81
CSV_DATA: opt_einsum,torch,"aefi,bfgj,cghk,dhel,ijkl->abcd","40,40,20,20,6,6,6,6,4,4,4,4","(2,3),(2,3),(0,2),(0,1)",FP32,305049600,115.98209071442476,0.0001544952392578125,0.002370595932006836,128.68055491083175,120.80736072876972
*** input parameters ***
  einsum_str: aefi,bfgj,cghk,dhel,ijkl->abcd
  dim_sizes:  40,40,20,20,6,6,6,6,4,4,4,4
  cont_path:  (2,3),(2,3),(0,2),(0,1)
  backend:    torch
  dtype:      FP32
*** benchmarking opt_einsum expression ***
  #flops :          305049600
  #bytes :          2630144
  arith. intensity: 115.98
  time (eval):      0.002462
  time (compile):   0.000156
  gflops (eval):    123.88
  gflops (total):   116.52
CSV_DATA: opt_einsum,torch,"aefi,bfgj,cghk,dhel,ijkl->abcd","40,40,20,20,6,6,6,6,4,4,4,4","(2,3),(2,3),(0,2),(0,1)",FP32,305049600,115.98209071442476,0.0001556873321533203,0.0024623870849609375,123.88369069310613,116.51677966290868
*** input parameters ***
  einsum_str: aefi,bfgj,cghk,dhel,ijkl->abcd
  dim_sizes:  40,40,20,20,6,6,6,6,4,4,4,4
  cont_path:  (2,3),(2,3),(0,2),(0,1)
  backend:    torch
  dtype:      FP32
*** benchmarking opt_einsum expression ***
  #flops :          305049600
  #bytes :          2630144
  arith. intensity: 115.98
  time (eval):      0.002412
  time (compile):   0.000154
  gflops (eval):    126.49
  gflops (total):   118.89
CSV_DATA: opt_einsum,torch,"aefi,bfgj,cghk,dhel,ijkl->abcd","40,40,20,20,6,6,6,6,4,4,4,4","(2,3),(2,3),(0,2),(0,1)",FP32,305049600,115.98209071442476,0.00015425682067871094,0.0024116039276123047,126.49241299835887,118.88782359026204
*** input parameters ***
  einsum_str: aefi,bfgj,cghk,dhel,ijkl->abcd
  dim_sizes:  40,40,20,20,6,6,6,6,4,4,4,4
  cont_path:  (2,3),(2,3),(0,2),(0,1)
  backend:    torch
  dtype:      FP32
*** benchmarking opt_einsum expression ***
  #flops :          305049600
  #bytes :          2630144
  arith. intensity: 115.98
  time (eval):      0.002454
  time (compile):   0.000147
  gflops (eval):    124.29
  gflops (total):   117.25
CSV_DATA: opt_einsum,torch,"aefi,bfgj,cghk,dhel,ijkl->abcd","40,40,20,20,6,6,6,6,4,4,4,4","(2,3),(2,3),(0,2),(0,1)",FP32,305049600,115.98209071442476,0.00014734268188476562,0.0024542808532714844,124.2928655020789,117.2535518217009
*** input parameters ***
  einsum_str: aefi,bfgj,cghk,dhel,ijkl->abcd
  dim_sizes:  40,40,20,20,6,6,6,6,4,4,4,4
  cont_path:  (2,3),(2,3),(0,2),(0,1)
  backend:    torch
  dtype:      FP32
*** benchmarking opt_einsum expression ***
  #flops :          305049600
  #bytes :          2630144
  arith. intensity: 115.98
  time (eval):      0.002423
  time (compile):   0.000151
  gflops (eval):    125.91
  gflops (total):   118.54
CSV_DATA: opt_einsum,torch,"aefi,bfgj,cghk,dhel,ijkl->abcd","40,40,20,20,6,6,6,6,4,4,4,4","(2,3),(2,3),(0,2),(0,1)",FP32,305049600,115.98209071442476,0.0001506805419921875,0.002422809600830078,125.90737625254872,118.53536756331296
*** input parameters ***
  einsum_str: aefi,bfgj,cghk,dhel,ijkl->abcd
  dim_sizes:  40,40,20,20,6,6,6,6,4,4,4,4
  cont_path:  (2,3),(2,3),(0,2),(0,1)
  backend:    torch
  dtype:      FP32
*** benchmarking opt_einsum expression ***
  #flops :          305049600
  #bytes :          2630144
  arith. intensity: 115.98
  time (eval):      0.002483
  time (compile):   0.000149
  gflops (eval):    122.84
  gflops (total):   115.90
CSV_DATA: opt_einsum,torch,"aefi,bfgj,cghk,dhel,ijkl->abcd","40,40,20,20,6,6,6,6,4,4,4,4","(2,3),(2,3),(0,2),(0,1)",FP32,305049600,115.98209071442476,0.00014853477478027344,0.002483367919921875,122.83705428940094,115.9045889553764
*** input parameters ***
  einsum_str: aefi,bfgj,cghk,dhel,ijkl->abcd
  dim_sizes:  40,40,20,20,6,6,6,6,4,4,4,4
  cont_path:  (2,3),(2,3),(0,2),(0,1)
  backend:    torch
  dtype:      FP32
*** benchmarking opt_einsum expression ***
  #flops :          305049600
  #bytes :          2630144
  arith. intensity: 115.98
  time (eval):      0.002501
  time (compile):   0.000151
  gflops (eval):    121.99
  gflops (total):   115.04
CSV_DATA: opt_einsum,torch,"aefi,bfgj,cghk,dhel,ijkl->abcd","40,40,20,20,6,6,6,6,4,4,4,4","(2,3),(2,3),(0,2),(0,1)",FP32,305049600,115.98209071442476,0.00015115737915039062,0.0025005340576171875,121.99377931716248,115.03962933630643
*** input parameters ***
  einsum_str: aefi,bfgj,cghk,dhel,ijkl->abcd
  dim_sizes:  40,40,20,20,6,6,6,6,4,4,4,4
  cont_path:  (2,3),(2,3),(0,2),(0,1)
  backend:    torch
  dtype:      FP32
*** benchmarking opt_einsum expression ***
  #flops :          305049600
  #bytes :          2630144
  arith. intensity: 115.98
  time (eval):      0.002457
  time (compile):   0.000160
  gflops (eval):    124.17
  gflops (total):   116.60
CSV_DATA: opt_einsum,torch,"aefi,bfgj,cghk,dhel,ijkl->abcd","40,40,20,20,6,6,6,6,4,4,4,4","(2,3),(2,3),(0,2),(0,1)",FP32,305049600,115.98209071442476,0.0001595020294189453,0.0024566650390625,124.1722396621118,116.60172764771713
*** input parameters ***
  einsum_str: aefi,bfgj,cghk,dhel,ijkl->abcd
  dim_sizes:  40,40,20,20,6,6,6,6,4,4,4,4
  cont_path:  (2,3),(2,3),(0,2),(0,1)
  backend:    torch
  dtype:      FP32
*** benchmarking opt_einsum expression ***
  #flops :          305049600
  #bytes :          2630144
  arith. intensity: 115.98
  time (eval):      0.002353
  time (compile):   0.000154
  gflops (eval):    129.63
  gflops (total):   121.69
CSV_DATA: opt_einsum,torch,"aefi,bfgj,cghk,dhel,ijkl->abcd","40,40,20,20,6,6,6,6,4,4,4,4","(2,3),(2,3),(0,2),(0,1)",FP32,305049600,115.98209071442476,0.00015354156494140625,0.002353191375732422,129.63229559051672,121.69210171945977
*** input parameters ***
  einsum_str: aefi,bfgj,cghk,dhel,ijkl->abcd
  dim_sizes:  40,40,20,20,6,6,6,6,4,4,4,4
  cont_path:  (2,3),(2,3),(0,2),(0,1)
  backend:    torch
  dtype:      FP32
*** benchmarking opt_einsum expression ***
  #flops :          305049600
  #bytes :          2630144
  arith. intensity: 115.98
  time (eval):      0.002451
  time (compile):   0.000147
  gflops (eval):    124.44
  gflops (total):   117.38
CSV_DATA: opt_einsum,torch,"aefi,bfgj,cghk,dhel,ijkl->abcd","40,40,20,20,6,6,6,6,4,4,4,4","(2,3),(2,3),(0,2),(0,1)",FP32,305049600,115.98209071442476,0.00014734268188476562,0.0024514198303222656,124.43792622820465,117.38263830077065
*** input parameters ***
  einsum_str: aefi,bfgj,cghk,dhel,ijkl->abcd
  dim_sizes:  40,40,20,20,6,6,6,6,4,4,4,4
  cont_path:  (2,3),(2,3),(0,2),(0,1)
  backend:    torch
  dtype:      FP32
*** benchmarking opt_einsum expression ***
  #flops :          305049600
  #bytes :          2630144
  arith. intensity: 115.98
  time (eval):      0.002400
  time (compile):   0.000153
  gflops (eval):    127.11
  gflops (total):   119.48
CSV_DATA: opt_einsum,torch,"aefi,bfgj,cghk,dhel,ijkl->abcd","40,40,20,20,6,6,6,6,4,4,4,4","(2,3),(2,3),(0,2),(0,1)",FP32,305049600,115.98209071442476,0.0001533031463623047,0.002399921417236328,127.10816187943574,119.47621229605005
*** input parameters ***
  einsum_str: aefi,bfgj,cghk,dhel,ijkl->abcd
  dim_sizes:  40,40,20,20,6,6,6,6,4,4,4,4
  cont_path:  (2,3),(2,3),(0,2),(0,1)
  backend:    torch
  dtype:      FP32
*** benchmarking opt_einsum expression ***
  #flops :          305049600
  #bytes :          2630144
  arith. intensity: 115.98
  time (eval):      0.002384
  time (compile):   0.000153
  gflops (eval):    127.93
  gflops (total):   120.24
CSV_DATA: opt_einsum,torch,"aefi,bfgj,cghk,dhel,ijkl->abcd","40,40,20,20,6,6,6,6,4,4,4,4","(2,3),(2,3),(0,2),(0,1)",FP32,305049600,115.98209071442476,0.000152587890625,0.0023844242095947266,127.93428231960804,120.2397103165492
*** input parameters ***
  einsum_str: aefi,bfgj,cghk,dhel,ijkl->abcd
  dim_sizes:  40,40,20,20,6,6,6,6,4,4,4,4
  cont_path:  (2,3),(2,3),(0,2),(0,1)
  backend:    torch
  dtype:      FP32
*** benchmarking opt_einsum expression ***
  #flops :          305049600
  #bytes :          2630144
  arith. intensity: 115.98
  time (eval):      0.002503
  time (compile):   0.000150
  gflops (eval):    121.89
  gflops (total):   114.99
CSV_DATA: opt_einsum,torch,"aefi,bfgj,cghk,dhel,ijkl->abcd","40,40,20,20,6,6,6,6,4,4,4,4","(2,3),(2,3),(0,2),(0,1)",FP32,305049600,115.98209071442476,0.00015020370483398438,0.0025026798248291016,121.88918333603887,114.98793542539768
*** input parameters ***
  einsum_str: aefi,bfgj,cghk,dhel,ijkl->abcd
  dim_sizes:  40,40,20,20,6,6,6,6,4,4,4,4
  cont_path:  (2,3),(2,3),(0,2),(0,1)
  backend:    torch
  dtype:      FP32
*** benchmarking opt_einsum expression ***
  #flops :          305049600
  #bytes :          2630144
  arith. intensity: 115.98
  time (eval):      0.002350
  time (compile):   0.000156
  gflops (eval):    129.82
  gflops (total):   121.74
CSV_DATA: opt_einsum,torch,"aefi,bfgj,cghk,dhel,ijkl->abcd","40,40,20,20,6,6,6,6,4,4,4,4","(2,3),(2,3),(0,2),(0,1)",FP32,305049600,115.98209071442476,0.00015592575073242188,0.002349853515625,129.81643237402596,121.73841650603235
*** input parameters ***
  einsum_str: aefi,bfgj,cghk,dhel,ijkl->abcd
  dim_sizes:  40,40,20,20,6,6,6,6,4,4,4,4
  cont_path:  (2,3),(2,3),(0,2),(0,1)
  backend:    torch
  dtype:      FP32
*** benchmarking opt_einsum expression ***
  #flops :          305049600
  #bytes :          2630144
  arith. intensity: 115.98
  time (eval):      0.002424
  time (compile):   0.000160
  gflops (eval):    125.87
  gflops (total):   118.07
CSV_DATA: opt_einsum,torch,"aefi,bfgj,cghk,dhel,ijkl->abcd","40,40,20,20,6,6,6,6,4,4,4,4","(2,3),(2,3),(0,2),(0,1)",FP32,305049600,115.98209071442476,0.00016021728515625,0.002423524856567383,125.87021716462371,118.06503252545909
*** input parameters ***
  einsum_str: aefi,bfgj,cghk,dhel,ijkl->abcd
  dim_sizes:  40,40,20,20,6,6,6,6,4,4,4,4
  cont_path:  (2,3),(2,3),(0,2),(0,1)
  backend:    torch
  dtype:      FP32
*** benchmarking opt_einsum expression ***
  #flops :          305049600
  #bytes :          2630144
  arith. intensity: 115.98
  time (eval):      0.002316
  time (compile):   0.000151
  gflops (eval):    131.70
  gflops (total):   123.62
CSV_DATA: opt_einsum,torch,"aefi,bfgj,cghk,dhel,ijkl->abcd","40,40,20,20,6,6,6,6,4,4,4,4","(2,3),(2,3),(0,2),(0,1)",FP32,305049600,115.98209071442476,0.0001513957977294922,0.0023162364959716797,131.70054117121975,123.62036304139131
*** input parameters ***
  einsum_str: aefi,bfgj,cghk,dhel,ijkl->abcd
  dim_sizes:  40,40,20,20,6,6,6,6,4,4,4,4
  cont_path:  (2,3),(2,3),(0,2),(0,1)
  backend:    torch
  dtype:      FP32
*** benchmarking opt_einsum expression ***
  #flops :          305049600
  #bytes :          2630144
  arith. intensity: 115.98
  time (eval):      0.002393
  time (compile):   0.000147
  gflops (eval):    127.45
  gflops (total):   120.06
CSV_DATA: opt_einsum,torch,"aefi,bfgj,cghk,dhel,ijkl->abcd","40,40,20,20,6,6,6,6,4,4,4,4","(2,3),(2,3),(0,2),(0,1)",FP32,305049600,115.98209071442476,0.00014734268188476562,0.002393484115600586,127.45002066723778,120.05918715195648
*** input parameters ***
  einsum_str: aefi,bfgj,cghk,dhel,ijkl->abcd
  dim_sizes:  40,40,20,20,6,6,6,6,4,4,4,4
  cont_path:  (2,3),(2,3),(0,2),(0,1)
  backend:    torch
  dtype:      FP32
*** benchmarking opt_einsum expression ***
  #flops :          305049600
  #bytes :          2630144
  arith. intensity: 115.98
  time (eval):      0.002350
  time (compile):   0.000152
  gflops (eval):    129.80
  gflops (total):   121.92
CSV_DATA: opt_einsum,torch,"aefi,bfgj,cghk,dhel,ijkl->abcd","40,40,20,20,6,6,6,6,4,4,4,4","(2,3),(2,3),(0,2),(0,1)",FP32,305049600,115.98209071442476,0.0001518726348876953,0.0023500919342041016,129.80326240016234,121.92402872864496
*** input parameters ***
  einsum_str: aefi,bfgj,cghk,dhel,ijkl->abcd
  dim_sizes:  40,40,20,20,6,6,6,6,4,4,4,4
  cont_path:  (2,3),(2,3),(0,2),(0,1)
  backend:    torch
  dtype:      FP32
*** benchmarking opt_einsum expression ***
  #flops :          305049600
  #bytes :          2630144
  arith. intensity: 115.98
  time (eval):      0.002389
  time (compile):   0.000152
  gflops (eval):    127.67
  gflops (total):   120.04
CSV_DATA: opt_einsum,torch,"aefi,bfgj,cghk,dhel,ijkl->abcd","40,40,20,20,6,6,6,6,4,4,4,4","(2,3),(2,3),(0,2),(0,1)",FP32,305049600,115.98209071442476,0.0001518726348876953,0.0023894309997558594,127.66621008565157,120.03665986287646
*** input parameters ***
  einsum_str: aefi,bfgj,cghk,dhel,ijkl->abcd
  dim_sizes:  40,40,20,20,6,6,6,6,4,4,4,4
  cont_path:  (2,3),(2,3),(0,2),(0,1)
  backend:    torch
  dtype:      FP32
*** benchmarking opt_einsum expression ***
  #flops :          305049600
  #bytes :          2630144
  arith. intensity: 115.98
  time (eval):      0.002313
  time (compile):   0.000151
  gflops (eval):    131.90
  gflops (total):   123.82
CSV_DATA: opt_einsum,torch,"aefi,bfgj,cghk,dhel,ijkl->abcd","40,40,20,20,6,6,6,6,4,4,4,4","(2,3),(2,3),(0,2),(0,1)",FP32,305049600,115.98209071442476,0.00015091896057128906,0.0023126602172851562,131.90420180189693,123.8237450380722
*** input parameters ***
  einsum_str: aefi,bfgj,cghk,dhel,ijkl->abcd
  dim_sizes:  40,40,20,20,6,6,6,6,4,4,4,4
  cont_path:  (2,3),(2,3),(0,2),(0,1)
  backend:    torch
  dtype:      FP32
*** benchmarking opt_einsum expression ***
  #flops :          305049600
  #bytes :          2630144
  arith. intensity: 115.98
  time (eval):      0.002376
  time (compile):   0.000151
  gflops (eval):    128.41
  gflops (total):   120.75
CSV_DATA: opt_einsum,torch,"aefi,bfgj,cghk,dhel,ijkl->abcd","40,40,20,20,6,6,6,6,4,4,4,4","(2,3),(2,3),(0,2),(0,1)",FP32,305049600,115.98209071442476,0.0001506805419921875,0.0023756027221679688,128.4093494057005,120.75035461291054
*** input parameters ***
  einsum_str: aefi,bfgj,cghk,dhel,ijkl->abcd
  dim_sizes:  40,40,20,20,6,6,6,6,4,4,4,4
  cont_path:  (2,3),(2,3),(0,2),(0,1)
  backend:    torch
  dtype:      FP32
*** benchmarking opt_einsum expression ***
  #flops :          305049600
  #bytes :          2630144
  arith. intensity: 115.98
  time (eval):      0.002352
  time (compile):   0.000151
  gflops (eval):    129.68
  gflops (total):   121.87
CSV_DATA: opt_einsum,torch,"aefi,bfgj,cghk,dhel,ijkl->abcd","40,40,20,20,6,6,6,6,4,4,4,4","(2,3),(2,3),(0,2),(0,1)",FP32,305049600,115.98209071442476,0.00015091896057128906,0.0023522377014160156,129.68485277502535,121.86596413738451
*** input parameters ***
  einsum_str: aefi,bfgj,cghk,dhel,ijkl->abcd
  dim_sizes:  40,40,20,20,6,6,6,6,4,4,4,4
  cont_path:  (2,3),(2,3),(0,2),(0,1)
  backend:    torch
  dtype:      FP32
*** benchmarking opt_einsum expression ***
  #flops :          305049600
  #bytes :          2630144
  arith. intensity: 115.98
  time (eval):      0.002312
  time (compile):   0.000153
  gflops (eval):    131.96
  gflops (total):   123.76
CSV_DATA: opt_einsum,torch,"aefi,bfgj,cghk,dhel,ijkl->abcd","40,40,20,20,6,6,6,6,4,4,4,4","(2,3),(2,3),(0,2),(0,1)",FP32,305049600,115.98209071442476,0.00015306472778320312,0.00231170654296875,131.95861772673268,123.7638573687754
*** input parameters ***
  einsum_str: aefi,bfgj,cghk,dhel,ijkl->abcd
  dim_sizes:  40,40,20,20,6,6,6,6,4,4,4,4
  cont_path:  (2,3),(2,3),(0,2),(0,1)
  backend:    torch
  dtype:      FP32
*** benchmarking opt_einsum expression ***
  #flops :          305049600
  #bytes :          2630144
  arith. intensity: 115.98
  time (eval):      0.002330
  time (compile):   0.000151
  gflops (eval):    130.95
  gflops (total):   122.96
CSV_DATA: opt_einsum,torch,"aefi,bfgj,cghk,dhel,ijkl->abcd","40,40,20,20,6,6,6,6,4,4,4,4","(2,3),(2,3),(0,2),(0,1)",FP32,305049600,115.98209071442476,0.0001513957977294922,0.002329587936401367,130.94573303432608,122.95509873903518
*** input parameters ***
  einsum_str: aefi,bfgj,cghk,dhel,ijkl->abcd
  dim_sizes:  40,40,20,20,6,6,6,6,4,4,4,4
  cont_path:  (2,3),(2,3),(0,2),(0,1)
  backend:    torch
  dtype:      FP32
*** benchmarking opt_einsum expression ***
  #flops :          305049600
  #bytes :          2630144
  arith. intensity: 115.98
  time (eval):      0.002424
  time (compile):   0.000150
  gflops (eval):    125.82
  gflops (total):   118.48
CSV_DATA: opt_einsum,torch,"aefi,bfgj,cghk,dhel,ijkl->abcd","40,40,20,20,6,6,6,6,4,4,4,4","(2,3),(2,3),(0,2),(0,1)",FP32,305049600,115.98209071442476,0.00015020370483398438,0.002424478530883789,125.82070581949063,118.4804849966108
*** input parameters ***
  einsum_str: aefi,bfgj,cghk,dhel,ijkl->abcd
  dim_sizes:  40,40,20,20,6,6,6,6,4,4,4,4
  cont_path:  (2,3),(2,3),(0,2),(0,1)
  backend:    torch
  dtype:      FP32
*** benchmarking opt_einsum expression ***
  #flops :          305049600
  #bytes :          2630144
  arith. intensity: 115.98
  time (eval):      0.002323
  time (compile):   0.000145
  gflops (eval):    131.30
  gflops (total):   123.60
CSV_DATA: opt_einsum,torch,"aefi,bfgj,cghk,dhel,ijkl->abcd","40,40,20,20,6,6,6,6,4,4,4,4","(2,3),(2,3),(0,2),(0,1)",FP32,305049600,115.98209071442476,0.00014472007751464844,0.0023233890533447266,131.2951008187173,123.59647966367852
*** input parameters ***
  einsum_str: aefi,bfgj,cghk,dhel,ijkl->abcd
  dim_sizes:  40,40,20,20,6,6,6,6,4,4,4,4
  cont_path:  (2,3),(2,3),(0,2),(0,1)
  backend:    torch
  dtype:      FP32
*** benchmarking opt_einsum expression ***
  #flops :          305049600
  #bytes :          2630144
  arith. intensity: 115.98
  time (eval):      0.002272
  time (compile):   0.000152
  gflops (eval):    134.27
  gflops (total):   125.86
CSV_DATA: opt_einsum,torch,"aefi,bfgj,cghk,dhel,ijkl->abcd","40,40,20,20,6,6,6,6,4,4,4,4","(2,3),(2,3),(0,2),(0,1)",FP32,305049600,115.98209071442476,0.0001518726348876953,0.002271890640258789,134.27125170305385,125.85783567562464
*** input parameters ***
  einsum_str: aefi,bfgj,cghk,dhel,ijkl->abcd
  dim_sizes:  40,40,20,20,6,6,6,6,4,4,4,4
  cont_path:  (2,3),(2,3),(0,2),(0,1)
  backend:    torch
  dtype:      FP32
*** benchmarking opt_einsum expression ***
  #flops :          305049600
  #bytes :          2630144
  arith. intensity: 115.98
  time (eval):      0.002420
  time (compile):   0.000149
  gflops (eval):    126.04
  gflops (total):   118.71
CSV_DATA: opt_einsum,torch,"aefi,bfgj,cghk,dhel,ijkl->abcd","40,40,20,20,6,6,6,6,4,4,4,4","(2,3),(2,3),(0,2),(0,1)",FP32,305049600,115.98209071442476,0.0001494884490966797,0.002420186996459961,126.04381415411291,118.7113339653368
*** input parameters ***
  einsum_str: aefi,bfgj,cghk,dhel,ijkl->abcd
  dim_sizes:  40,40,20,20,6,6,6,6,4,4,4,4
  cont_path:  (2,3),(2,3),(0,2),(0,1)
  backend:    torch
  dtype:      FP32
*** benchmarking opt_einsum expression ***
  #flops :          305049600
  #bytes :          2630144
  arith. intensity: 115.98
  time (eval):      0.002345
  time (compile):   0.000153
  gflops (eval):    130.11
  gflops (total):   122.15
CSV_DATA: opt_einsum,torch,"aefi,bfgj,cghk,dhel,ijkl->abcd","40,40,20,20,6,6,6,6,4,4,4,4","(2,3),(2,3),(0,2),(0,1)",FP32,305049600,115.98209071442476,0.00015282630920410156,0.0023446083068847656,130.10684944868822,122.14517971154177
*** input parameters ***
  einsum_str: aefi,bfgj,cghk,dhel,ijkl->abcd
  dim_sizes:  40,40,20,20,6,6,6,6,4,4,4,4
  cont_path:  (2,3),(2,3),(0,2),(0,1)
  backend:    torch
  dtype:      FP32
*** benchmarking opt_einsum expression ***
  #flops :          305049600
  #bytes :          2630144
  arith. intensity: 115.98
  time (eval):      0.002360
  time (compile):   0.000155
  gflops (eval):    129.27
  gflops (total):   121.28
CSV_DATA: opt_einsum,torch,"aefi,bfgj,cghk,dhel,ijkl->abcd","40,40,20,20,6,6,6,6,4,4,4,4","(2,3),(2,3),(0,2),(0,1)",FP32,305049600,115.98209071442476,0.00015544891357421875,0.0023598670959472656,129.2655847119014,121.27684905008532
*** input parameters ***
  einsum_str: aefi,bfgj,cghk,dhel,ijkl->abcd
  dim_sizes:  40,40,20,20,6,6,6,6,4,4,4,4
  cont_path:  (2,3),(2,3),(0,2),(0,1)
  backend:    torch
  dtype:      FP32
*** benchmarking opt_einsum expression ***
  #flops :          305049600
  #bytes :          2630144
  arith. intensity: 115.98
  time (eval):      0.002342
  time (compile):   0.000153
  gflops (eval):    130.27
  gflops (total):   122.27
CSV_DATA: opt_einsum,torch,"aefi,bfgj,cghk,dhel,ijkl->abcd","40,40,20,20,6,6,6,6,4,4,4,4","(2,3),(2,3),(0,2),(0,1)",FP32,305049600,115.98209071442476,0.00015306472778320312,0.002341747283935547,130.26580711447772,122.27358156330276
*** input parameters ***
  einsum_str: aefi,bfgj,cghk,dhel,ijkl->abcd
  dim_sizes:  40,40,20,20,6,6,6,6,4,4,4,4
  cont_path:  (2,3),(2,3),(0,2),(0,1)
  backend:    torch
  dtype:      FP32
*** benchmarking opt_einsum expression ***
  #flops :          305049600
  #bytes :          2630144
  arith. intensity: 115.98
  time (eval):      0.002320
  time (compile):   0.000155
  gflops (eval):    131.51
  gflops (total):   123.25
CSV_DATA: opt_einsum,torch,"aefi,bfgj,cghk,dhel,ijkl->abcd","40,40,20,20,6,6,6,6,4,4,4,4","(2,3),(2,3),(0,2),(0,1)",FP32,305049600,115.98209071442476,0.00015544891357421875,0.0023195743560791016,131.5110245121184,123.25120484330989
*** input parameters ***
  einsum_str: aefi,bfgj,cghk,dhel,ijkl->abcd
  dim_sizes:  40,40,20,20,6,6,6,6,4,4,4,4
  cont_path:  (2,3),(2,3),(0,2),(0,1)
  backend:    torch
  dtype:      FP32
*** benchmarking opt_einsum expression ***
  #flops :          305049600
  #bytes :          2630144
  arith. intensity: 115.98
  time (eval):      0.002361
  time (compile):   0.000150
  gflops (eval):    129.23
  gflops (total):   121.50
CSV_DATA: opt_einsum,torch,"aefi,bfgj,cghk,dhel,ijkl->abcd","40,40,20,20,6,6,6,6,4,4,4,4","(2,3),(2,3),(0,2),(0,1)",FP32,305049600,115.98209071442476,0.00015020370483398438,0.0023605823516845703,129.22641727890112,121.49565639335296
*** input parameters ***
  einsum_str: aefi,bfgj,cghk,dhel,ijkl->abcd
  dim_sizes:  40,40,20,20,6,6,6,6,4,4,4,4
  cont_path:  (2,3),(2,3),(0,2),(0,1)
  backend:    torch
  dtype:      FP32
*** benchmarking opt_einsum expression ***
  #flops :          305049600
  #bytes :          2630144
  arith. intensity: 115.98
  time (eval):      0.002314
  time (compile):   0.000155
  gflops (eval):    131.82
  gflops (total):   123.56
CSV_DATA: opt_einsum,torch,"aefi,bfgj,cghk,dhel,ijkl->abcd","40,40,20,20,6,6,6,6,4,4,4,4","(2,3),(2,3),(0,2),(0,1)",FP32,305049600,115.98209071442476,0.00015473365783691406,0.0023140907287597656,131.8226620109623,123.56067189554805
*** input parameters ***
  einsum_str: aefi,bfgj,cghk,dhel,ijkl->abcd
  dim_sizes:  40,40,20,20,6,6,6,6,4,4,4,4
  cont_path:  (2,3),(2,3),(0,2),(0,1)
  backend:    torch
  dtype:      FP32
*** benchmarking opt_einsum expression ***
  #flops :          305049600
  #bytes :          2630144
  arith. intensity: 115.98
  time (eval):      0.002372
  time (compile):   0.000153
  gflops (eval):    128.62
  gflops (total):   120.82
CSV_DATA: opt_einsum,torch,"aefi,bfgj,cghk,dhel,ijkl->abcd","40,40,20,20,6,6,6,6,4,4,4,4","(2,3),(2,3),(0,2),(0,1)",FP32,305049600,115.98209071442476,0.00015306472778320312,0.0023717880249023438,128.61587831507842,120.81876841155808
*** input parameters ***
  einsum_str: aefi,bfgj,cghk,dhel,ijkl->abcd
  dim_sizes:  40,40,20,20,6,6,6,6,4,4,4,4
  cont_path:  (2,3),(2,3),(0,2),(0,1)
  backend:    torch
  dtype:      FP32
*** benchmarking opt_einsum expression ***
  #flops :          305049600
  #bytes :          2630144
  arith. intensity: 115.98
  time (eval):      0.002414
  time (compile):   0.000152
  gflops (eval):    126.39
  gflops (total):   118.89
CSV_DATA: opt_einsum,torch,"aefi,bfgj,cghk,dhel,ijkl->abcd","40,40,20,20,6,6,6,6,4,4,4,4","(2,3),(2,3),(0,2),(0,1)",FP32,305049600,115.98209071442476,0.00015234947204589844,0.002413511276245117,126.39244862969475,118.88782359026204
*** input parameters ***
  einsum_str: aefi,bfgj,cghk,dhel,ijkl->abcd
  dim_sizes:  40,40,20,20,6,6,6,6,4,4,4,4
  cont_path:  (2,3),(2,3),(0,2),(0,1)
  backend:    torch
  dtype:      FP32
*** benchmarking opt_einsum expression ***
  #flops :          305049600
  #bytes :          2630144
  arith. intensity: 115.98
  time (eval):      0.002401
  time (compile):   0.000156
  gflops (eval):    127.06
  gflops (total):   119.32
CSV_DATA: opt_einsum,torch,"aefi,bfgj,cghk,dhel,ijkl->abcd","40,40,20,20,6,6,6,6,4,4,4,4","(2,3),(2,3),(0,2),(0,1)",FP32,305049600,115.98209071442476,0.0001556873321533203,0.0024008750915527344,127.05767204353526,119.32022358280332
*** input parameters ***
  einsum_str: aefi,bfgj,cghk,dhel,ijkl->abcd
  dim_sizes:  40,40,20,20,6,6,6,6,4,4,4,4
  cont_path:  (2,3),(2,3),(0,2),(0,1)
  backend:    torch
  dtype:      FP32
*** benchmarking opt_einsum expression ***
  #flops :          305049600
  #bytes :          2630144
  arith. intensity: 115.98
  time (eval):      0.002403
  time (compile):   0.000151
  gflops (eval):    126.92
  gflops (total):   119.43
CSV_DATA: opt_einsum,torch,"aefi,bfgj,cghk,dhel,ijkl->abcd","40,40,20,20,6,6,6,6,4,4,4,4","(2,3),(2,3),(0,2),(0,1)",FP32,305049600,115.98209071442476,0.0001506805419921875,0.0024034976959228516,126.91903159194524,119.43160249028284
*** input parameters ***
  einsum_str: aefi,bfgj,cghk,dhel,ijkl->abcd
  dim_sizes:  40,40,20,20,6,6,6,6,4,4,4,4
  cont_path:  (2,3),(2,3),(0,2),(0,1)
  backend:    torch
  dtype:      FP32
*** benchmarking opt_einsum expression ***
  #flops :          305049600
  #bytes :          2630144
  arith. intensity: 115.98
  time (eval):      0.002389
  time (compile):   0.000154
  gflops (eval):    127.68
  gflops (total):   119.96
CSV_DATA: opt_einsum,torch,"aefi,bfgj,cghk,dhel,ijkl->abcd","40,40,20,20,6,6,6,6,4,4,4,4","(2,3),(2,3),(0,2),(0,1)",FP32,305049600,115.98209071442476,0.0001537799835205078,0.002389192581176758,127.67894995293884,119.95788088115508
*** input parameters ***
  einsum_str: aefi,bfgj,cghk,dhel,ijkl->abcd
  dim_sizes:  40,40,20,20,6,6,6,6,4,4,4,4
  cont_path:  (2,3),(2,3),(0,2),(0,1)
  backend:    torch
  dtype:      FP32
*** benchmarking opt_einsum expression ***
  #flops :          305049600
  #bytes :          2630144
  arith. intensity: 115.98
  time (eval):      0.002355
  time (compile):   0.000156
  gflops (eval):    129.51
  gflops (total):   121.48
CSV_DATA: opt_einsum,torch,"aefi,bfgj,cghk,dhel,ijkl->abcd","40,40,20,20,6,6,6,6,4,4,4,4","(2,3),(2,3),(0,2),(0,1)",FP32,305049600,115.98209071442476,0.0001556873321533203,0.002355337142944336,129.5141975380504,121.48412053535891
*** input parameters ***
  einsum_str: aefi,bfgj,cghk,dhel,ijkl->abcd
  dim_sizes:  40,40,20,20,6,6,6,6,4,4,4,4
  cont_path:  (2,3),(2,3),(0,2),(0,1)
  backend:    torch
  dtype:      FP32
*** benchmarking opt_einsum expression ***
  #flops :          305049600
  #bytes :          2630144
  arith. intensity: 115.98
  time (eval):      0.002316
  time (compile):   0.000158
  gflops (eval):    131.70
  gflops (total):   123.31
CSV_DATA: opt_einsum,torch,"aefi,bfgj,cghk,dhel,ijkl->abcd","40,40,20,20,6,6,6,6,4,4,4,4","(2,3),(2,3),(0,2),(0,1)",FP32,305049600,115.98209071442476,0.0001575946807861328,0.0023162364959716797,131.70054117121975,123.31059728974557
*** input parameters ***
  einsum_str: aefi,bfgj,cghk,dhel,ijkl->abcd
  dim_sizes:  40,40,20,20,6,6,6,6,4,4,4,4
  cont_path:  (2,3),(2,3),(0,2),(0,1)
  backend:    torch
  dtype:      FP32
*** benchmarking opt_einsum expression ***
  #flops :          305049600
  #bytes :          2630144
  arith. intensity: 115.98
  time (eval):      0.002467
  time (compile):   0.000148
  gflops (eval):    123.67
  gflops (total):   116.67
CSV_DATA: opt_einsum,torch,"aefi,bfgj,cghk,dhel,ijkl->abcd","40,40,20,20,6,6,6,6,4,4,4,4","(2,3),(2,3),(0,2),(0,1)",FP32,305049600,115.98209071442476,0.0001480579376220703,0.0024666786193847656,123.66815749839552,116.66551996702836
*** input parameters ***
  einsum_str: aefi,bfgj,cghk,dhel,ijkl->abcd
  dim_sizes:  40,40,20,20,6,6,6,6,4,4,4,4
  cont_path:  (2,3),(2,3),(0,2),(0,1)
  backend:    torch
  dtype:      FP32
*** benchmarking opt_einsum expression ***
  #flops :          305049600
  #bytes :          2630144
  arith. intensity: 115.98
  time (eval):      0.002350
  time (compile):   0.000147
  gflops (eval):    129.79
  gflops (total):   122.13
CSV_DATA: opt_einsum,torch,"aefi,bfgj,cghk,dhel,ijkl->abcd","40,40,20,20,6,6,6,6,4,4,4,4","(2,3),(2,3),(0,2),(0,1)",FP32,305049600,115.98209071442476,0.00014734268188476562,0.002350330352783203,129.79009509823496,122.13352018694158
*** input parameters ***
  einsum_str: aefi,bfgj,cghk,dhel,ijkl->abcd
  dim_sizes:  40,40,20,20,6,6,6,6,4,4,4,4
  cont_path:  (2,3),(2,3),(0,2),(0,1)
  backend:    torch
  dtype:      FP32
*** benchmarking opt_einsum expression ***
  #flops :          305049600
  #bytes :          2630144
  arith. intensity: 115.98
  time (eval):      0.002459
  time (compile):   0.000151
  gflops (eval):    124.05
  gflops (total):   116.89
CSV_DATA: opt_einsum,torch,"aefi,bfgj,cghk,dhel,ijkl->abcd","40,40,20,20,6,6,6,6,4,4,4,4","(2,3),(2,3),(0,2),(0,1)",FP32,305049600,115.98209071442476,0.0001506805419921875,0.0024590492248535156,124.05184772914485,116.8893438222547
*** input parameters ***
  einsum_str: aefi,bfgj,cghk,dhel,ijkl->abcd
  dim_sizes:  40,40,20,20,6,6,6,6,4,4,4,4
  cont_path:  (2,3),(2,3),(0,2),(0,1)
  backend:    torch
  dtype:      FP32
*** benchmarking opt_einsum expression ***
  #flops :          305049600
  #bytes :          2630144
  arith. intensity: 115.98
  time (eval):      0.002427
  time (compile):   0.000149
  gflops (eval):    125.68
  gflops (total):   118.40
CSV_DATA: opt_einsum,torch,"aefi,bfgj,cghk,dhel,ijkl->abcd","40,40,20,20,6,6,6,6,4,4,4,4","(2,3),(2,3),(0,2),(0,1)",FP32,305049600,115.98209071442476,0.00014925003051757812,0.0024271011352539062,125.68475024345777,118.40373472870627
*** input parameters ***
  einsum_str: aefi,bfgj,cghk,dhel,ijkl->abcd
  dim_sizes:  40,40,20,20,6,6,6,6,4,4,4,4
  cont_path:  (2,3),(2,3),(0,2),(0,1)
  backend:    torch
  dtype:      FP32
*** benchmarking opt_einsum expression ***
  #flops :          305049600
  #bytes :          2630144
  arith. intensity: 115.98
  time (eval):      0.002408
  time (compile):   0.000154
  gflops (eval):    126.67
  gflops (total):   119.05
CSV_DATA: opt_einsum,torch,"aefi,bfgj,cghk,dhel,ijkl->abcd","40,40,20,20,6,6,6,6,4,4,4,4","(2,3),(2,3),(0,2),(0,1)",FP32,305049600,115.98209071442476,0.00015401840209960938,0.002408266067504883,126.66773165809327,119.05375988447008
*** input parameters ***
  einsum_str: aefi,bfgj,cghk,dhel,ijkl->abcd
  dim_sizes:  40,40,20,20,6,6,6,6,4,4,4,4
  cont_path:  (2,3),(2,3),(0,2),(0,1)
  backend:    torch
  dtype:      FP32
*** benchmarking opt_einsum expression ***
  #flops :          305049600
  #bytes :          2630144
  arith. intensity: 115.98
  time (eval):      0.002363
  time (compile):   0.000170
  gflops (eval):    129.11
  gflops (total):   120.42
CSV_DATA: opt_einsum,torch,"aefi,bfgj,cghk,dhel,ijkl->abcd","40,40,20,20,6,6,6,6,4,4,4,4","(2,3),(2,3),(0,2),(0,1)",FP32,305049600,115.98209071442476,0.0001704692840576172,0.0023627281188964844,129.10905726320888,120.42077717443766
*** input parameters ***
  einsum_str: aefi,bfgj,cghk,dhel,ijkl->abcd
  dim_sizes:  40,40,20,20,6,6,6,6,4,4,4,4
  cont_path:  (2,3),(2,3),(0,2),(0,1)
  backend:    torch
  dtype:      FP32
*** benchmarking opt_einsum expression ***
  #flops :          305049600
  #bytes :          2630144
  arith. intensity: 115.98
  time (eval):      0.002271
  time (compile):   0.000154
  gflops (eval):    134.30
  gflops (total):   125.80
CSV_DATA: opt_einsum,torch,"aefi,bfgj,cghk,dhel,ijkl->abcd","40,40,20,20,6,6,6,6,4,4,4,4","(2,3),(2,3),(0,2),(0,1)",FP32,305049600,115.98209071442476,0.00015354156494140625,0.002271413803100586,134.29943922309226,125.79596475060467
*** input parameters ***
  einsum_str: aefi,bfgj,cghk,dhel,ijkl->abcd
  dim_sizes:  40,40,20,20,6,6,6,6,4,4,4,4
  cont_path:  (2,3),(2,3),(0,2),(0,1)
  backend:    torch
  dtype:      FP32
*** benchmarking opt_einsum expression ***
  #flops :          305049600
  #bytes :          2630144
  arith. intensity: 115.98
  time (eval):      0.002340
  time (compile):   0.000151
  gflops (eval):    130.36
  gflops (total):   122.46
CSV_DATA: opt_einsum,torch,"aefi,bfgj,cghk,dhel,ijkl->abcd","40,40,20,20,6,6,6,6,4,4,4,4","(2,3),(2,3),(0,2),(0,1)",FP32,305049600,115.98209071442476,0.00015091896057128906,0.002340078353881836,130.3587119183291,122.46083053966309
*** input parameters ***
  einsum_str: aefi,bfgj,cghk,dhel,ijkl->abcd
  dim_sizes:  40,40,20,20,6,6,6,6,4,4,4,4
  cont_path:  (2,3),(2,3),(0,2),(0,1)
  backend:    torch
  dtype:      FP32
*** benchmarking opt_einsum expression ***
  #flops :          305049600
  #bytes :          2630144
  arith. intensity: 115.98
  time (eval):      0.002373
  time (compile):   0.000150
  gflops (eval):    128.53
  gflops (total):   120.90
CSV_DATA: opt_einsum,torch,"aefi,bfgj,cghk,dhel,ijkl->abcd","40,40,20,20,6,6,6,6,4,4,4,4","(2,3),(2,3),(0,2),(0,1)",FP32,305049600,115.98209071442476,0.00014972686767578125,0.0023734569549560547,128.52544022886994,120.89868255488993
*** input parameters ***
  einsum_str: aefi,bfgj,cghk,dhel,ijkl->abcd
  dim_sizes:  40,40,20,20,6,6,6,6,4,4,4,4
  cont_path:  (2,3),(2,3),(0,2),(0,1)
  backend:    torch
  dtype:      FP32
*** benchmarking opt_einsum expression ***
  #flops :          305049600
  #bytes :          2630144
  arith. intensity: 115.98
  time (eval):      0.002312
  time (compile):   0.000153
  gflops (eval):    131.95
  gflops (total):   123.74
CSV_DATA: opt_einsum,torch,"aefi,bfgj,cghk,dhel,ijkl->abcd","40,40,20,20,6,6,6,6,4,4,4,4","(2,3),(2,3),(0,2),(0,1)",FP32,305049600,115.98209071442476,0.0001533031463623047,0.0023119449615478516,131.9450095368052,123.7399185182205
*** input parameters ***
  einsum_str: aefi,bfgj,cghk,dhel,ijkl->abcd
  dim_sizes:  40,40,20,20,6,6,6,6,4,4,4,4
  cont_path:  (2,3),(2,3),(0,2),(0,1)
  backend:    torch
  dtype:      FP32
*** benchmarking opt_einsum expression ***
  #flops :          305049600
  #bytes :          2630144
  arith. intensity: 115.98
  time (eval):      0.002235
  time (compile):   0.000153
  gflops (eval):    136.48
  gflops (total):   127.76
CSV_DATA: opt_einsum,torch,"aefi,bfgj,cghk,dhel,ijkl->abcd","40,40,20,20,6,6,6,6,4,4,4,4","(2,3),(2,3),(0,2),(0,1)",FP32,305049600,115.98209071442476,0.000152587890625,0.0022351741790771484,136.476880797696,127.75544258396405
*** input parameters ***
  einsum_str: aefi,bfgj,cghk,dhel,ijkl->abcd
  dim_sizes:  40,40,20,20,6,6,6,6,4,4,4,4
  cont_path:  (2,3),(2,3),(0,2),(0,1)
  backend:    torch
  dtype:      FP32
*** benchmarking opt_einsum expression ***
  #flops :          305049600
  #bytes :          2630144
  arith. intensity: 115.98
  time (eval):      0.002309
  time (compile):   0.000156
  gflops (eval):    132.11
  gflops (total):   123.73
CSV_DATA: opt_einsum,torch,"aefi,bfgj,cghk,dhel,ijkl->abcd","40,40,20,20,6,6,6,6,4,4,4,4","(2,3),(2,3),(0,2),(0,1)",FP32,305049600,115.98209071442476,0.000156402587890625,0.002309083938598633,132.10849328636036,123.72795256536119
*** input parameters ***
  einsum_str: aefi,bfgj,cghk,dhel,ijkl->abcd
  dim_sizes:  40,40,20,20,6,6,6,6,4,4,4,4
  cont_path:  (2,3),(2,3),(0,2),(0,1)
  backend:    torch
  dtype:      FP32
*** benchmarking opt_einsum expression ***
  #flops :          305049600
  #bytes :          2630144
  arith. intensity: 115.98
  time (eval):      0.002415
  time (compile):   0.000153
  gflops (eval):    126.33
  gflops (total):   118.81
CSV_DATA: opt_einsum,torch,"aefi,bfgj,cghk,dhel,ijkl->abcd","40,40,20,20,6,6,6,6,4,4,4,4","(2,3),(2,3),(0,2),(0,1)",FP32,305049600,115.98209071442476,0.00015282630920410156,0.002414703369140625,126.33005109383888,118.81054484895535
*** input parameters ***
  einsum_str: aefi,bfgj,cghk,dhel,ijkl->abcd
  dim_sizes:  40,40,20,20,6,6,6,6,4,4,4,4
  cont_path:  (2,3),(2,3),(0,2),(0,1)
  backend:    torch
  dtype:      FP32
*** benchmarking opt_einsum expression ***
  #flops :          305049600
  #bytes :          2630144
  arith. intensity: 115.98
  time (eval):      0.002441
  time (compile):   0.000154
  gflops (eval):    124.96
  gflops (total):   117.56
CSV_DATA: opt_einsum,torch,"aefi,bfgj,cghk,dhel,ijkl->abcd","40,40,20,20,6,6,6,6,4,4,4,4","(2,3),(2,3),(0,2),(0,1)",FP32,305049600,115.98209071442476,0.0001537799835205078,0.0024411678314208984,124.9605193357164,117.5551963872106
*** input parameters ***
  einsum_str: aefi,bfgj,cghk,dhel,ijkl->abcd
  dim_sizes:  40,40,20,20,6,6,6,6,4,4,4,4
  cont_path:  (2,3),(2,3),(0,2),(0,1)
  backend:    torch
  dtype:      FP32
*** benchmarking opt_einsum expression ***
  #flops :          305049600
  #bytes :          2630144
  arith. intensity: 115.98
  time (eval):      0.002434
  time (compile):   0.000149
  gflops (eval):    125.30
  gflops (total):   118.08
CSV_DATA: opt_einsum,torch,"aefi,bfgj,cghk,dhel,ijkl->abcd","40,40,20,20,6,6,6,6,4,4,4,4","(2,3),(2,3),(0,2),(0,1)",FP32,305049600,115.98209071442476,0.00014901161193847656,0.0024344921112060547,125.3031786777397,118.07592815415282
*** input parameters ***
  einsum_str: aefi,bfgj,cghk,dhel,ijkl->abcd
  dim_sizes:  40,40,20,20,6,6,6,6,4,4,4,4
  cont_path:  (2,3),(2,3),(0,2),(0,1)
  backend:    torch
  dtype:      FP32
*** benchmarking opt_einsum expression ***
  #flops :          305049600
  #bytes :          2630144
  arith. intensity: 115.98
  time (eval):      0.002404
  time (compile):   0.000147
  gflops (eval):    126.87
  gflops (total):   119.54
CSV_DATA: opt_einsum,torch,"aefi,bfgj,cghk,dhel,ijkl->abcd","40,40,20,20,6,6,6,6,4,4,4,4","(2,3),(2,3),(0,2),(0,1)",FP32,305049600,115.98209071442476,0.00014734268188476562,0.002404451370239258,126.86869186697076,119.54318952428292
*** input parameters ***
  einsum_str: aefi,bfgj,cghk,dhel,ijkl->abcd
  dim_sizes:  40,40,20,20,6,6,6,6,4,4,4,4
  cont_path:  (2,3),(2,3),(0,2),(0,1)
  backend:    torch
  dtype:      FP32
*** benchmarking opt_einsum expression ***
  #flops :          305049600
  #bytes :          2630144
  arith. intensity: 115.98
  time (eval):      0.002244
  time (compile):   0.000153
  gflops (eval):    135.93
  gflops (total):   127.23
CSV_DATA: opt_einsum,torch,"aefi,bfgj,cghk,dhel,ijkl->abcd","40,40,20,20,6,6,6,6,4,4,4,4","(2,3),(2,3),(0,2),(0,1)",FP32,305049600,115.98209071442476,0.0001533031463623047,0.002244234085083008,135.92592770406887,127.23456219952268
*** input parameters ***
  einsum_str: aefi,bfgj,cghk,dhel,ijkl->abcd
  dim_sizes:  40,40,20,20,6,6,6,6,4,4,4,4
  cont_path:  (2,3),(2,3),(0,2),(0,1)
  backend:    torch
  dtype:      FP32
*** benchmarking opt_einsum expression ***
  #flops :          305049600
  #bytes :          2630144
  arith. intensity: 115.98
  time (eval):      0.002347
  time (compile):   0.000153
  gflops (eval):    129.96
  gflops (total):   122.03
CSV_DATA: opt_einsum,torch,"aefi,bfgj,cghk,dhel,ijkl->abcd","40,40,20,20,6,6,6,6,4,4,4,4","(2,3),(2,3),(0,2),(0,1)",FP32,305049600,115.98209071442476,0.000152587890625,0.002347230911254883,129.96147866718132,122.02868454729615
