*** input parameters ***
  einsum_str: aefi,bfgj,cghk,dhel,ijkl->abcd
  dim_sizes:  40,40,20,20,6,6,6,6,4,4,4,4
  cont_path:  (2,3),(2,3),(0,2),(0,1)
  backend:    torch
  dtype:      FP32
*** benchmarking opt_einsum expression ***
  #flops :          305049600
  #bytes :          2630144
  arith. intensity: 115.98
  time (eval):      0.002873
  time (compile):   0.000101
  gflops (eval):    106.17
  gflops (total):   102.56
CSV_DATA: opt_einsum,torch,"aefi,bfgj,cghk,dhel,ijkl->abcd","40,40,20,20,6,6,6,6,4,4,4,4","(2,3),(2,3),(0,2),(0,1)",FP32,305049600,115.98209071442476,0.0001010894775390625,0.0028731822967529297,106.17133494966393,102.56278617061322
*** input parameters ***
  einsum_str: aefi,bfgj,cghk,dhel,ijkl->abcd
  dim_sizes:  40,40,20,20,6,6,6,6,4,4,4,4
  cont_path:  (2,3),(2,3),(0,2),(0,1)
  backend:    torch
  dtype:      FP32
*** benchmarking opt_einsum expression ***
  #flops :          305049600
  #bytes :          2630144
  arith. intensity: 115.98
  time (eval):      0.002790
  time (compile):   0.000107
  gflops (eval):    109.34
  gflops (total):   105.30
CSV_DATA: opt_einsum,torch,"aefi,bfgj,cghk,dhel,ijkl->abcd","40,40,20,20,6,6,6,6,4,4,4,4","(2,3),(2,3),(0,2),(0,1)",FP32,305049600,115.98209071442476,0.00010704994201660156,0.0027899742126464844,109.33778477853359,105.29756871684636
*** input parameters ***
  einsum_str: aefi,bfgj,cghk,dhel,ijkl->abcd
  dim_sizes:  40,40,20,20,6,6,6,6,4,4,4,4
  cont_path:  (2,3),(2,3),(0,2),(0,1)
  backend:    torch
  dtype:      FP32
*** benchmarking opt_einsum expression ***
  #flops :          305049600
  #bytes :          2630144
  arith. intensity: 115.98
  time (eval):      0.002801
  time (compile):   0.000107
  gflops (eval):    108.91
  gflops (total):   104.91
CSV_DATA: opt_einsum,torch,"aefi,bfgj,cghk,dhel,ijkl->abcd","40,40,20,20,6,6,6,6,4,4,4,4","(2,3),(2,3),(0,2),(0,1)",FP32,305049600,115.98209071442476,0.0001068115234375,0.0028009414672851562,108.90966611154239,104.90904866172517
*** input parameters ***
  einsum_str: aefi,bfgj,cghk,dhel,ijkl->abcd
  dim_sizes:  40,40,20,20,6,6,6,6,4,4,4,4
  cont_path:  (2,3),(2,3),(0,2),(0,1)
  backend:    torch
  dtype:      FP32
*** benchmarking opt_einsum expression ***
  #flops :          305049600
  #bytes :          2630144
  arith. intensity: 115.98
  time (eval):      0.002758
  time (compile):   0.000104
  gflops (eval):    110.62
  gflops (total):   106.60
CSV_DATA: opt_einsum,torch,"aefi,bfgj,cghk,dhel,ijkl->abcd","40,40,20,20,6,6,6,6,4,4,4,4","(2,3),(2,3),(0,2),(0,1)",FP32,305049600,115.98209071442476,0.00010418891906738281,0.002757549285888672,110.62344436091995,106.59591414466384
*** input parameters ***
  einsum_str: aefi,bfgj,cghk,dhel,ijkl->abcd
  dim_sizes:  40,40,20,20,6,6,6,6,4,4,4,4
  cont_path:  (2,3),(2,3),(0,2),(0,1)
  backend:    torch
  dtype:      FP32
*** benchmarking opt_einsum expression ***
  #flops :          305049600
  #bytes :          2630144
  arith. intensity: 115.98
  time (eval):      0.002724
  time (compile):   0.000105
  gflops (eval):    111.97
  gflops (total):   107.81
CSV_DATA: opt_einsum,torch,"aefi,bfgj,cghk,dhel,ijkl->abcd","40,40,20,20,6,6,6,6,4,4,4,4","(2,3),(2,3),(0,2),(0,1)",FP32,305049600,115.98209071442476,0.00010514259338378906,0.0027244091033935547,111.96908702882646,107.80845614074823
*** input parameters ***
  einsum_str: aefi,bfgj,cghk,dhel,ijkl->abcd
  dim_sizes:  40,40,20,20,6,6,6,6,4,4,4,4
  cont_path:  (2,3),(2,3),(0,2),(0,1)
  backend:    torch
  dtype:      FP32
*** benchmarking opt_einsum expression ***
  #flops :          305049600
  #bytes :          2630144
  arith. intensity: 115.98
  time (eval):      0.002770
  time (compile):   0.000102
  gflops (eval):    110.13
  gflops (total):   106.21
CSV_DATA: opt_einsum,torch,"aefi,bfgj,cghk,dhel,ijkl->abcd","40,40,20,20,6,6,6,6,4,4,4,4","(2,3),(2,3),(0,2),(0,1)",FP32,305049600,115.98209071442476,0.00010228157043457031,0.002769947052001953,110.12831446706835,106.20658732285216
*** input parameters ***
  einsum_str: aefi,bfgj,cghk,dhel,ijkl->abcd
  dim_sizes:  40,40,20,20,6,6,6,6,4,4,4,4
  cont_path:  (2,3),(2,3),(0,2),(0,1)
  backend:    torch
  dtype:      FP32
*** benchmarking opt_einsum expression ***
  #flops :          305049600
  #bytes :          2630144
  arith. intensity: 115.98
  time (eval):      0.003012
  time (compile):   0.000104
  gflops (eval):    101.29
  gflops (total):   97.89
CSV_DATA: opt_einsum,torch,"aefi,bfgj,cghk,dhel,ijkl->abcd","40,40,20,20,6,6,6,6,4,4,4,4","(2,3),(2,3),(0,2),(0,1)",FP32,305049600,115.98209071442476,0.00010442733764648438,0.0030117034912109375,101.28805869841672,97.89370753469014
*** input parameters ***
  einsum_str: aefi,bfgj,cghk,dhel,ijkl->abcd
  dim_sizes:  40,40,20,20,6,6,6,6,4,4,4,4
  cont_path:  (2,3),(2,3),(0,2),(0,1)
  backend:    torch
  dtype:      FP32
*** benchmarking opt_einsum expression ***
  #flops :          305049600
  #bytes :          2630144
  arith. intensity: 115.98
  time (eval):      0.002646
  time (compile):   0.000102
  gflops (eval):    115.29
  gflops (total):   111.01
CSV_DATA: opt_einsum,torch,"aefi,bfgj,cghk,dhel,ijkl->abcd","40,40,20,20,6,6,6,6,4,4,4,4","(2,3),(2,3),(0,2),(0,1)",FP32,305049600,115.98209071442476,0.00010204315185546875,0.0026459693908691406,115.2884084950802,111.00735359000521
*** input parameters ***
  einsum_str: aefi,bfgj,cghk,dhel,ijkl->abcd
  dim_sizes:  40,40,20,20,6,6,6,6,4,4,4,4
  cont_path:  (2,3),(2,3),(0,2),(0,1)
  backend:    torch
  dtype:      FP32
*** benchmarking opt_einsum expression ***
  #flops :          305049600
  #bytes :          2630144
  arith. intensity: 115.98
  time (eval):      0.002737
  time (compile):   0.000104
  gflops (eval):    111.47
  gflops (total):   107.39
CSV_DATA: opt_einsum,torch,"aefi,bfgj,cghk,dhel,ijkl->abcd","40,40,20,20,6,6,6,6,4,4,4,4","(2,3),(2,3),(0,2),(0,1)",FP32,305049600,115.98209071442476,0.00010395050048828125,0.0027365684509277344,111.47157671008887,107.39220727533994
*** input parameters ***
  einsum_str: aefi,bfgj,cghk,dhel,ijkl->abcd
  dim_sizes:  40,40,20,20,6,6,6,6,4,4,4,4
  cont_path:  (2,3),(2,3),(0,2),(0,1)
  backend:    torch
  dtype:      FP32
*** benchmarking opt_einsum expression ***
  #flops :          305049600
  #bytes :          2630144
  arith. intensity: 115.98
  time (eval):      0.002882
  time (compile):   0.000102
  gflops (eval):    105.84
  gflops (total):   102.22
CSV_DATA: opt_einsum,torch,"aefi,bfgj,cghk,dhel,ijkl->abcd","40,40,20,20,6,6,6,6,4,4,4,4","(2,3),(2,3),(0,2),(0,1)",FP32,305049600,115.98209071442476,0.00010204315185546875,0.002882242202758789,105.83760091640335,102.2186432434609
*** input parameters ***
  einsum_str: aefi,bfgj,cghk,dhel,ijkl->abcd
  dim_sizes:  40,40,20,20,6,6,6,6,4,4,4,4
  cont_path:  (2,3),(2,3),(0,2),(0,1)
  backend:    torch
  dtype:      FP32
*** benchmarking opt_einsum expression ***
  #flops :          305049600
  #bytes :          2630144
  arith. intensity: 115.98
  time (eval):      0.002712
  time (compile):   0.000109
  gflops (eval):    112.47
  gflops (total):   108.14
CSV_DATA: opt_einsum,torch,"aefi,bfgj,cghk,dhel,ijkl->abcd","40,40,20,20,6,6,6,6,4,4,4,4","(2,3),(2,3),(0,2),(0,1)",FP32,305049600,115.98209071442476,0.0001087188720703125,0.002712249755859375,112.47105814683546,108.13647375578094
*** input parameters ***
  einsum_str: aefi,bfgj,cghk,dhel,ijkl->abcd
  dim_sizes:  40,40,20,20,6,6,6,6,4,4,4,4
  cont_path:  (2,3),(2,3),(0,2),(0,1)
  backend:    torch
  dtype:      FP32
*** benchmarking opt_einsum expression ***
  #flops :          305049600
  #bytes :          2630144
  arith. intensity: 115.98
  time (eval):      0.002707
  time (compile):   0.000105
  gflops (eval):    112.67
  gflops (total):   108.47
CSV_DATA: opt_einsum,torch,"aefi,bfgj,cghk,dhel,ijkl->abcd","40,40,20,20,6,6,6,6,4,4,4,4","(2,3),(2,3),(0,2),(0,1)",FP32,305049600,115.98209071442476,0.0001049041748046875,0.0027074813842773438,112.6691403203945,108.46649351291964
*** input parameters ***
  einsum_str: aefi,bfgj,cghk,dhel,ijkl->abcd
  dim_sizes:  40,40,20,20,6,6,6,6,4,4,4,4
  cont_path:  (2,3),(2,3),(0,2),(0,1)
  backend:    torch
  dtype:      FP32
*** benchmarking opt_einsum expression ***
  #flops :          305049600
  #bytes :          2630144
  arith. intensity: 115.98
  time (eval):      0.002758
  time (compile):   0.000102
  gflops (eval):    110.59
  gflops (total):   106.65
CSV_DATA: opt_einsum,torch,"aefi,bfgj,cghk,dhel,ijkl->abcd","40,40,20,20,6,6,6,6,4,4,4,4","(2,3),(2,3),(0,2),(0,1)",FP32,305049600,115.98209071442476,0.00010204315185546875,0.0027582645416259766,110.59475818812344,106.64922542955739
*** input parameters ***
  einsum_str: aefi,bfgj,cghk,dhel,ijkl->abcd
  dim_sizes:  40,40,20,20,6,6,6,6,4,4,4,4
  cont_path:  (2,3),(2,3),(0,2),(0,1)
  backend:    torch
  dtype:      FP32
*** benchmarking opt_einsum expression ***
  #flops :          305049600
  #bytes :          2630144
  arith. intensity: 115.98
  time (eval):      0.002780
  time (compile):   0.000106
  gflops (eval):    109.73
  gflops (total):   105.72
CSV_DATA: opt_einsum,torch,"aefi,bfgj,cghk,dhel,ijkl->abcd","40,40,20,20,6,6,6,6,4,4,4,4","(2,3),(2,3),(0,2),(0,1)",FP32,305049600,115.98209071442476,0.00010561943054199219,0.0027799606323242188,109.73162585578045,105.71517454171693
*** input parameters ***
  einsum_str: aefi,bfgj,cghk,dhel,ijkl->abcd
  dim_sizes:  40,40,20,20,6,6,6,6,4,4,4,4
  cont_path:  (2,3),(2,3),(0,2),(0,1)
  backend:    torch
  dtype:      FP32
*** benchmarking opt_einsum expression ***
  #flops :          305049600
  #bytes :          2630144
  arith. intensity: 115.98
  time (eval):      0.002797
  time (compile):   0.000104
  gflops (eval):    109.05
  gflops (total):   105.12
CSV_DATA: opt_einsum,torch,"aefi,bfgj,cghk,dhel,ijkl->abcd","40,40,20,20,6,6,6,6,4,4,4,4","(2,3),(2,3),(0,2),(0,1)",FP32,305049600,115.98209071442476,0.00010442733764648438,0.002797365188598633,109.04890117432882,105.12453845028347
*** input parameters ***
  einsum_str: aefi,bfgj,cghk,dhel,ijkl->abcd
  dim_sizes:  40,40,20,20,6,6,6,6,4,4,4,4
  cont_path:  (2,3),(2,3),(0,2),(0,1)
  backend:    torch
  dtype:      FP32
*** benchmarking opt_einsum expression ***
  #flops :          305049600
  #bytes :          2630144
  arith. intensity: 115.98
  time (eval):      0.002746
  time (compile):   0.000111
  gflops (eval):    111.10
  gflops (total):   106.80
CSV_DATA: opt_einsum,torch,"aefi,bfgj,cghk,dhel,ijkl->abcd","40,40,20,20,6,6,6,6,4,4,4,4","(2,3),(2,3),(0,2),(0,1)",FP32,305049600,115.98209071442476,0.000110626220703125,0.0027456283569335938,111.10374761014242,106.80056406330552
*** input parameters ***
  einsum_str: aefi,bfgj,cghk,dhel,ijkl->abcd
  dim_sizes:  40,40,20,20,6,6,6,6,4,4,4,4
  cont_path:  (2,3),(2,3),(0,2),(0,1)
  backend:    torch
  dtype:      FP32
*** benchmarking opt_einsum expression ***
  #flops :          305049600
  #bytes :          2630144
  arith. intensity: 115.98
  time (eval):      0.003021
  time (compile):   0.000104
  gflops (eval):    100.99
  gflops (total):   97.64
CSV_DATA: opt_einsum,torch,"aefi,bfgj,cghk,dhel,ijkl->abcd","40,40,20,20,6,6,6,6,4,4,4,4","(2,3),(2,3),(0,2),(0,1)",FP32,305049600,115.98209071442476,0.00010371208190917969,0.0030205249786376953,100.99224543992423,97.63970981978022
*** input parameters ***
  einsum_str: aefi,bfgj,cghk,dhel,ijkl->abcd
  dim_sizes:  40,40,20,20,6,6,6,6,4,4,4,4
  cont_path:  (2,3),(2,3),(0,2),(0,1)
  backend:    torch
  dtype:      FP32
*** benchmarking opt_einsum expression ***
  #flops :          305049600
  #bytes :          2630144
  arith. intensity: 115.98
  time (eval):      0.002734
  time (compile):   0.000103
  gflops (eval):    111.56
  gflops (total):   107.51
CSV_DATA: opt_einsum,torch,"aefi,bfgj,cghk,dhel,ijkl->abcd","40,40,20,20,6,6,6,6,4,4,4,4","(2,3),(2,3),(0,2),(0,1)",FP32,305049600,115.98209071442476,0.000102996826171875,0.0027344226837158203,111.55905113596653,107.50951663544241
*** input parameters ***
  einsum_str: aefi,bfgj,cghk,dhel,ijkl->abcd
  dim_sizes:  40,40,20,20,6,6,6,6,4,4,4,4
  cont_path:  (2,3),(2,3),(0,2),(0,1)
  backend:    torch
  dtype:      FP32
*** benchmarking opt_einsum expression ***
  #flops :          305049600
  #bytes :          2630144
  arith. intensity: 115.98
  time (eval):      0.002726
  time (compile):   0.000103
  gflops (eval):    111.92
  gflops (total):   107.85
CSV_DATA: opt_einsum,torch,"aefi,bfgj,cghk,dhel,ijkl->abcd","40,40,20,20,6,6,6,6,4,4,4,4","(2,3),(2,3),(0,2),(0,1)",FP32,305049600,115.98209071442476,0.00010275840759277344,0.0027256011962890625,111.92011524478657,107.85389509216894
*** input parameters ***
  einsum_str: aefi,bfgj,cghk,dhel,ijkl->abcd
  dim_sizes:  40,40,20,20,6,6,6,6,4,4,4,4
  cont_path:  (2,3),(2,3),(0,2),(0,1)
  backend:    torch
  dtype:      FP32
*** benchmarking opt_einsum expression ***
  #flops :          305049600
  #bytes :          2630144
  arith. intensity: 115.98
  time (eval):      0.002764
  time (compile):   0.000102
  gflops (eval):    110.38
  gflops (total):   106.46
CSV_DATA: opt_einsum,torch,"aefi,bfgj,cghk,dhel,ijkl->abcd","40,40,20,20,6,6,6,6,4,4,4,4","(2,3),(2,3),(0,2),(0,1)",FP32,305049600,115.98209071442476,0.00010156631469726562,0.0027637481689453125,110.37532414409938,106.46286881997005
*** input parameters ***
  einsum_str: aefi,bfgj,cghk,dhel,ijkl->abcd
  dim_sizes:  40,40,20,20,6,6,6,6,4,4,4,4
  cont_path:  (2,3),(2,3),(0,2),(0,1)
  backend:    torch
  dtype:      FP32
*** benchmarking opt_einsum expression ***
  #flops :          305049600
  #bytes :          2630144
  arith. intensity: 115.98
  time (eval):      0.002700
  time (compile):   0.000104
  gflops (eval):    112.97
  gflops (total):   108.78
CSV_DATA: opt_einsum,torch,"aefi,bfgj,cghk,dhel,ijkl->abcd","40,40,20,20,6,6,6,6,4,4,4,4","(2,3),(2,3),(0,2),(0,1)",FP32,305049600,115.98209071442476,0.00010395050048828125,0.002700328826904297,112.96757526738479,108.7800337934365
*** input parameters ***
  einsum_str: aefi,bfgj,cghk,dhel,ijkl->abcd
  dim_sizes:  40,40,20,20,6,6,6,6,4,4,4,4
  cont_path:  (2,3),(2,3),(0,2),(0,1)
  backend:    torch
  dtype:      FP32
*** benchmarking opt_einsum expression ***
  #flops :          305049600
  #bytes :          2630144
  arith. intensity: 115.98
  time (eval):      0.002679
  time (compile):   0.000106
  gflops (eval):    113.85
  gflops (total):   109.52
CSV_DATA: opt_einsum,torch,"aefi,bfgj,cghk,dhel,ijkl->abcd","40,40,20,20,6,6,6,6,4,4,4,4","(2,3),(2,3),(0,2),(0,1)",FP32,305049600,115.98209071442476,0.00010585784912109375,0.0026793479919433594,113.85217631948747,109.52497495963021
*** input parameters ***
  einsum_str: aefi,bfgj,cghk,dhel,ijkl->abcd
  dim_sizes:  40,40,20,20,6,6,6,6,4,4,4,4
  cont_path:  (2,3),(2,3),(0,2),(0,1)
  backend:    torch
  dtype:      FP32
*** benchmarking opt_einsum expression ***
  #flops :          305049600
  #bytes :          2630144
  arith. intensity: 115.98
  time (eval):      0.002722
  time (compile):   0.000103
  gflops (eval):    112.08
  gflops (total):   108.00
CSV_DATA: opt_einsum,torch,"aefi,bfgj,cghk,dhel,ijkl->abcd","40,40,20,20,6,6,6,6,4,4,4,4","(2,3),(2,3),(0,2),(0,1)",FP32,305049600,115.98209071442476,0.00010275840759277344,0.0027217864990234375,112.07697595290821,107.99955748108383
*** input parameters ***
  einsum_str: aefi,bfgj,cghk,dhel,ijkl->abcd
  dim_sizes:  40,40,20,20,6,6,6,6,4,4,4,4
  cont_path:  (2,3),(2,3),(0,2),(0,1)
  backend:    torch
  dtype:      FP32
*** benchmarking opt_einsum expression ***
  #flops :          305049600
  #bytes :          2630144
  arith. intensity: 115.98
  time (eval):      0.002772
  time (compile):   0.000109
  gflops (eval):    110.06
  gflops (total):   105.88
CSV_DATA: opt_einsum,torch,"aefi,bfgj,cghk,dhel,ijkl->abcd","40,40,20,20,6,6,6,6,4,4,4,4","(2,3),(2,3),(0,2),(0,1)",FP32,305049600,115.98209071442476,0.00010943412780761719,0.002771615982055664,110.06200064330324,105.88139336961272
*** input parameters ***
  einsum_str: aefi,bfgj,cghk,dhel,ijkl->abcd
  dim_sizes:  40,40,20,20,6,6,6,6,4,4,4,4
  cont_path:  (2,3),(2,3),(0,2),(0,1)
  backend:    torch
  dtype:      FP32
*** benchmarking opt_einsum expression ***
  #flops :          305049600
  #bytes :          2630144
  arith. intensity: 115.98
  time (eval):      0.002787
  time (compile):   0.000105
  gflops (eval):    109.44
  gflops (total):   105.47
CSV_DATA: opt_einsum,torch,"aefi,bfgj,cghk,dhel,ijkl->abcd","40,40,20,20,6,6,6,6,4,4,4,4","(2,3),(2,3),(0,2),(0,1)",FP32,305049600,115.98209071442476,0.0001049041748046875,0.002787351608276367,109.4406601213241,105.47116952257853
*** input parameters ***
  einsum_str: aefi,bfgj,cghk,dhel,ijkl->abcd
  dim_sizes:  40,40,20,20,6,6,6,6,4,4,4,4
  cont_path:  (2,3),(2,3),(0,2),(0,1)
  backend:    torch
  dtype:      FP32
*** benchmarking opt_einsum expression ***
  #flops :          305049600
  #bytes :          2630144
  arith. intensity: 115.98
  time (eval):      0.002689
  time (compile):   0.000124
  gflops (eval):    113.44
  gflops (total):   108.44
CSV_DATA: opt_einsum,torch,"aefi,bfgj,cghk,dhel,ijkl->abcd","40,40,20,20,6,6,6,6,4,4,4,4","(2,3),(2,3),(0,2),(0,1)",FP32,305049600,115.98209071442476,0.0001239776611328125,0.0026891231536865234,113.43831522993175,108.43891494858887
*** input parameters ***
  einsum_str: aefi,bfgj,cghk,dhel,ijkl->abcd
  dim_sizes:  40,40,20,20,6,6,6,6,4,4,4,4
  cont_path:  (2,3),(2,3),(0,2),(0,1)
  backend:    torch
  dtype:      FP32
*** benchmarking opt_einsum expression ***
  #flops :          305049600
  #bytes :          2630144
  arith. intensity: 115.98
  time (eval):      0.002764
  time (compile):   0.000104
  gflops (eval):    110.36
  gflops (total):   106.36
CSV_DATA: opt_einsum,torch,"aefi,bfgj,cghk,dhel,ijkl->abcd","40,40,20,20,6,6,6,6,4,4,4,4","(2,3),(2,3),(0,2),(0,1)",FP32,305049600,115.98209071442476,0.00010395050048828125,0.0027642250061035156,110.35628406748319,106.35667144458854
*** input parameters ***
  einsum_str: aefi,bfgj,cghk,dhel,ijkl->abcd
  dim_sizes:  40,40,20,20,6,6,6,6,4,4,4,4
  cont_path:  (2,3),(2,3),(0,2),(0,1)
  backend:    torch
  dtype:      FP32
*** benchmarking opt_einsum expression ***
  #flops :          305049600
  #bytes :          2630144
  arith. intensity: 115.98
  time (eval):      0.003018
  time (compile):   0.000106
  gflops (eval):    101.09
  gflops (total):   97.65
CSV_DATA: opt_einsum,torch,"aefi,bfgj,cghk,dhel,ijkl->abcd","40,40,20,20,6,6,6,6,4,4,4,4","(2,3),(2,3),(0,2),(0,1)",FP32,305049600,115.98209071442476,0.00010609626770019531,0.0030176639556884766,101.08799537634512,97.65461437020302
*** input parameters ***
  einsum_str: aefi,bfgj,cghk,dhel,ijkl->abcd
  dim_sizes:  40,40,20,20,6,6,6,6,4,4,4,4
  cont_path:  (2,3),(2,3),(0,2),(0,1)
  backend:    torch
  dtype:      FP32
*** benchmarking opt_einsum expression ***
  #flops :          305049600
  #bytes :          2630144
  arith. intensity: 115.98
  time (eval):      0.002743
  time (compile):   0.000112
  gflops (eval):    111.23
  gflops (total):   106.86
CSV_DATA: opt_einsum,torch,"aefi,bfgj,cghk,dhel,ijkl->abcd","40,40,20,20,6,6,6,6,4,4,4,4","(2,3),(2,3),(0,2),(0,1)",FP32,305049600,115.98209071442476,0.00011205673217773438,0.0027425289154052734,111.2293103954099,106.86300488418942
*** input parameters ***
  einsum_str: aefi,bfgj,cghk,dhel,ijkl->abcd
  dim_sizes:  40,40,20,20,6,6,6,6,4,4,4,4
  cont_path:  (2,3),(2,3),(0,2),(0,1)
  backend:    torch
  dtype:      FP32
*** benchmarking opt_einsum expression ***
  #flops :          305049600
  #bytes :          2630144
  arith. intensity: 115.98
  time (eval):      0.002727
  time (compile):   0.000105
  gflops (eval):    111.85
  gflops (total):   107.71
CSV_DATA: opt_einsum,torch,"aefi,bfgj,cghk,dhel,ijkl->abcd","40,40,20,20,6,6,6,6,4,4,4,4","(2,3),(2,3),(0,2),(0,1)",FP32,305049600,115.98209071442476,0.0001049041748046875,0.0027272701263427734,111.8516266700236,107.70862509288662
*** input parameters ***
  einsum_str: aefi,bfgj,cghk,dhel,ijkl->abcd
  dim_sizes:  40,40,20,20,6,6,6,6,4,4,4,4
  cont_path:  (2,3),(2,3),(0,2),(0,1)
  backend:    torch
  dtype:      FP32
*** benchmarking opt_einsum expression ***
  #flops :          305049600
  #bytes :          2630144
  arith. intensity: 115.98
  time (eval):      0.002811
  time (compile):   0.000103
  gflops (eval):    108.52
  gflops (total):   104.69
CSV_DATA: opt_einsum,torch,"aefi,bfgj,cghk,dhel,ijkl->abcd","40,40,20,20,6,6,6,6,4,4,4,4","(2,3),(2,3),(0,2),(0,1)",FP32,305049600,115.98209071442476,0.000102996826171875,0.002810955047607422,108.52169274625955,104.68587444594992
*** input parameters ***
  einsum_str: aefi,bfgj,cghk,dhel,ijkl->abcd
  dim_sizes:  40,40,20,20,6,6,6,6,4,4,4,4
  cont_path:  (2,3),(2,3),(0,2),(0,1)
  backend:    torch
  dtype:      FP32
*** benchmarking opt_einsum expression ***
  #flops :          305049600
  #bytes :          2630144
  arith. intensity: 115.98
  time (eval):      0.002753
  time (compile):   0.000106
  gflops (eval):    110.81
  gflops (total):   106.71
CSV_DATA: opt_einsum,torch,"aefi,bfgj,cghk,dhel,ijkl->abcd","40,40,20,20,6,6,6,6,4,4,4,4","(2,3),(2,3),(0,2),(0,1)",FP32,305049600,115.98209071442476,0.00010561943054199219,0.002753019332885742,110.80546960062354,106.71148936433696
*** input parameters ***
  einsum_str: aefi,bfgj,cghk,dhel,ijkl->abcd
  dim_sizes:  40,40,20,20,6,6,6,6,4,4,4,4
  cont_path:  (2,3),(2,3),(0,2),(0,1)
  backend:    torch
  dtype:      FP32
*** benchmarking opt_einsum expression ***
  #flops :          305049600
  #bytes :          2630144
  arith. intensity: 115.98
  time (eval):      0.002777
  time (compile):   0.000100
  gflops (eval):    109.86
  gflops (total):   106.03
CSV_DATA: opt_einsum,torch,"aefi,bfgj,cghk,dhel,ijkl->abcd","40,40,20,20,6,6,6,6,4,4,4,4","(2,3),(2,3),(0,2),(0,1)",FP32,305049600,115.98209071442476,0.00010037422180175781,0.002776622772216797,109.86353747882535,106.03055916784619
*** input parameters ***
  einsum_str: aefi,bfgj,cghk,dhel,ijkl->abcd
  dim_sizes:  40,40,20,20,6,6,6,6,4,4,4,4
  cont_path:  (2,3),(2,3),(0,2),(0,1)
  backend:    torch
  dtype:      FP32
*** benchmarking opt_einsum expression ***
  #flops :          305049600
  #bytes :          2630144
  arith. intensity: 115.98
  time (eval):      0.002699
  time (compile):   0.000108
  gflops (eval):    113.01
  gflops (total):   108.64
CSV_DATA: opt_einsum,torch,"aefi,bfgj,cghk,dhel,ijkl->abcd","40,40,20,20,6,6,6,6,4,4,4,4","(2,3),(2,3),(0,2),(0,1)",FP32,305049600,115.98209071442476,0.00010848045349121094,0.0026993751525878906,113.00748608712243,108.6414840348476
*** input parameters ***
  einsum_str: aefi,bfgj,cghk,dhel,ijkl->abcd
  dim_sizes:  40,40,20,20,6,6,6,6,4,4,4,4
  cont_path:  (2,3),(2,3),(0,2),(0,1)
  backend:    torch
  dtype:      FP32
*** benchmarking opt_einsum expression ***
  #flops :          305049600
  #bytes :          2630144
  arith. intensity: 115.98
  time (eval):      0.002892
  time (compile):   0.000108
  gflops (eval):    105.48
  gflops (total):   101.69
CSV_DATA: opt_einsum,torch,"aefi,bfgj,cghk,dhel,ijkl->abcd","40,40,20,20,6,6,6,6,4,4,4,4","(2,3),(2,3),(0,2),(0,1)",FP32,305049600,115.98209071442476,0.00010776519775390625,0.002892017364501953,105.47986459014015,101.69057045608011
*** input parameters ***
  einsum_str: aefi,bfgj,cghk,dhel,ijkl->abcd
  dim_sizes:  40,40,20,20,6,6,6,6,4,4,4,4
  cont_path:  (2,3),(2,3),(0,2),(0,1)
  backend:    torch
  dtype:      FP32
*** benchmarking opt_einsum expression ***
  #flops :          305049600
  #bytes :          2630144
  arith. intensity: 115.98
  time (eval):      0.002657
  time (compile):   0.000104
  gflops (eval):    114.82
  gflops (total):   110.49
CSV_DATA: opt_einsum,torch,"aefi,bfgj,cghk,dhel,ijkl->abcd","40,40,20,20,6,6,6,6,4,4,4,4","(2,3),(2,3),(0,2),(0,1)",FP32,305049600,115.98209071442476,0.00010418891906738281,0.002656698226928711,114.82282666054026,110.48970271834197
*** input parameters ***
  einsum_str: aefi,bfgj,cghk,dhel,ijkl->abcd
  dim_sizes:  40,40,20,20,6,6,6,6,4,4,4,4
  cont_path:  (2,3),(2,3),(0,2),(0,1)
  backend:    torch
  dtype:      FP32
*** benchmarking opt_einsum expression ***
  #flops :          305049600
  #bytes :          2630144
  arith. intensity: 115.98
  time (eval):      0.002724
  time (compile):   0.000107
  gflops (eval):    111.97
  gflops (total):   107.75
CSV_DATA: opt_einsum,torch,"aefi,bfgj,cghk,dhel,ijkl->abcd","40,40,20,20,6,6,6,6,4,4,4,4","(2,3),(2,3),(0,2),(0,1)",FP32,305049600,115.98209071442476,0.00010657310485839844,0.0027244091033935547,111.96908702882646,107.75397991227894
*** input parameters ***
  einsum_str: aefi,bfgj,cghk,dhel,ijkl->abcd
  dim_sizes:  40,40,20,20,6,6,6,6,4,4,4,4
  cont_path:  (2,3),(2,3),(0,2),(0,1)
  backend:    torch
  dtype:      FP32
*** benchmarking opt_einsum expression ***
  #flops :          305049600
  #bytes :          2630144
  arith. intensity: 115.98
  time (eval):      0.002998
  time (compile):   0.000101
  gflops (eval):    101.74
  gflops (total):   98.41
CSV_DATA: opt_einsum,torch,"aefi,bfgj,cghk,dhel,ijkl->abcd","40,40,20,20,6,6,6,6,4,4,4,4","(2,3),(2,3),(0,2),(0,1)",FP32,305049600,115.98209071442476,0.00010132789611816406,0.00299835205078125,101.73908694961833,98.41325724778095
*** input parameters ***
  einsum_str: aefi,bfgj,cghk,dhel,ijkl->abcd
  dim_sizes:  40,40,20,20,6,6,6,6,4,4,4,4
  cont_path:  (2,3),(2,3),(0,2),(0,1)
  backend:    torch
  dtype:      FP32
*** benchmarking opt_einsum expression ***
  #flops :          305049600
  #bytes :          2630144
  arith. intensity: 115.98
  time (eval):      0.002944
  time (compile):   0.000109
  gflops (eval):    103.61
  gflops (total):   99.91
CSV_DATA: opt_einsum,torch,"aefi,bfgj,cghk,dhel,ijkl->abcd","40,40,20,20,6,6,6,6,4,4,4,4","(2,3),(2,3),(0,2),(0,1)",FP32,305049600,115.98209071442476,0.00010895729064941406,0.0029442310333251953,103.6092604646854,99.9118192627206
*** input parameters ***
  einsum_str: aefi,bfgj,cghk,dhel,ijkl->abcd
  dim_sizes:  40,40,20,20,6,6,6,6,4,4,4,4
  cont_path:  (2,3),(2,3),(0,2),(0,1)
  backend:    torch
  dtype:      FP32
*** benchmarking opt_einsum expression ***
  #flops :          305049600
  #bytes :          2630144
  arith. intensity: 115.98
  time (eval):      0.002743
  time (compile):   0.000107
  gflops (eval):    111.19
  gflops (total):   107.01
CSV_DATA: opt_einsum,torch,"aefi,bfgj,cghk,dhel,ijkl->abcd","40,40,20,20,6,6,6,6,4,4,4,4","(2,3),(2,3),(0,2),(0,1)",FP32,305049600,115.98209071442476,0.00010728836059570312,0.0027434825897216797,111.19064547478926,107.00600129450531
*** input parameters ***
  einsum_str: aefi,bfgj,cghk,dhel,ijkl->abcd
  dim_sizes:  40,40,20,20,6,6,6,6,4,4,4,4
  cont_path:  (2,3),(2,3),(0,2),(0,1)
  backend:    torch
  dtype:      FP32
*** benchmarking opt_einsum expression ***
  #flops :          305049600
  #bytes :          2630144
  arith. intensity: 115.98
  time (eval):      0.002745
  time (compile):   0.000104
  gflops (eval):    111.14
  gflops (total):   107.09
CSV_DATA: opt_einsum,torch,"aefi,bfgj,cghk,dhel,ijkl->abcd","40,40,20,20,6,6,6,6,4,4,4,4","(2,3),(2,3),(0,2),(0,1)",FP32,305049600,115.98209071442476,0.00010395050048828125,0.0027446746826171875,111.14235210896456,107.08660507854034
*** input parameters ***
  einsum_str: aefi,bfgj,cghk,dhel,ijkl->abcd
  dim_sizes:  40,40,20,20,6,6,6,6,4,4,4,4
  cont_path:  (2,3),(2,3),(0,2),(0,1)
  backend:    torch
  dtype:      FP32
*** benchmarking opt_einsum expression ***
  #flops :          305049600
  #bytes :          2630144
  arith. intensity: 115.98
  time (eval):      0.002756
  time (compile):   0.000104
  gflops (eval):    110.70
  gflops (total):   106.66
CSV_DATA: opt_einsum,torch,"aefi,bfgj,cghk,dhel,ijkl->abcd","40,40,20,20,6,6,6,6,4,4,4,4","(2,3),(2,3),(0,2),(0,1)",FP32,305049600,115.98209071442476,0.00010442733764648438,0.0027556419372558594,110.70001362505626,106.65811582847617
*** input parameters ***
  einsum_str: aefi,bfgj,cghk,dhel,ijkl->abcd
  dim_sizes:  40,40,20,20,6,6,6,6,4,4,4,4
  cont_path:  (2,3),(2,3),(0,2),(0,1)
  backend:    torch
  dtype:      FP32
*** benchmarking opt_einsum expression ***
  #flops :          305049600
  #bytes :          2630144
  arith. intensity: 115.98
  time (eval):      0.002750
  time (compile):   0.000105
  gflops (eval):    110.93
  gflops (total):   106.85
CSV_DATA: opt_einsum,torch,"aefi,bfgj,cghk,dhel,ijkl->abcd","40,40,20,20,6,6,6,6,4,4,4,4","(2,3),(2,3),(0,2),(0,1)",FP32,305049600,115.98209071442476,0.0001049041748046875,0.002749919891357422,110.93035872016647,106.85408029717722
*** input parameters ***
  einsum_str: aefi,bfgj,cghk,dhel,ijkl->abcd
  dim_sizes:  40,40,20,20,6,6,6,6,4,4,4,4
  cont_path:  (2,3),(2,3),(0,2),(0,1)
  backend:    torch
  dtype:      FP32
*** benchmarking opt_einsum expression ***
  #flops :          305049600
  #bytes :          2630144
  arith. intensity: 115.98
  time (eval):      0.002768
  time (compile):   0.000106
  gflops (eval):    110.20
  gflops (total):   106.15
CSV_DATA: opt_einsum,torch,"aefi,bfgj,cghk,dhel,ijkl->abcd","40,40,20,20,6,6,6,6,4,4,4,4","(2,3),(2,3),(0,2),(0,1)",FP32,305049600,115.98209071442476,0.00010561943054199219,0.0027680397033691406,110.20419961054264,106.15371753740978
*** input parameters ***
  einsum_str: aefi,bfgj,cghk,dhel,ijkl->abcd
  dim_sizes:  40,40,20,20,6,6,6,6,4,4,4,4
  cont_path:  (2,3),(2,3),(0,2),(0,1)
  backend:    torch
  dtype:      FP32
*** benchmarking opt_einsum expression ***
  #flops :          305049600
  #bytes :          2630144
  arith. intensity: 115.98
  time (eval):      0.002719
  time (compile):   0.000105
  gflops (eval):    112.20
  gflops (total):   108.05
CSV_DATA: opt_einsum,torch,"aefi,bfgj,cghk,dhel,ijkl->abcd","40,40,20,20,6,6,6,6,4,4,4,4","(2,3),(2,3),(0,2),(0,1)",FP32,305049600,115.98209071442476,0.00010466575622558594,0.002718687057495117,112.20474940615628,108.04515769957779
*** input parameters ***
  einsum_str: aefi,bfgj,cghk,dhel,ijkl->abcd
  dim_sizes:  40,40,20,20,6,6,6,6,4,4,4,4
  cont_path:  (2,3),(2,3),(0,2),(0,1)
  backend:    torch
  dtype:      FP32
*** benchmarking opt_einsum expression ***
  #flops :          305049600
  #bytes :          2630144
  arith. intensity: 115.98
  time (eval):      0.002767
  time (compile):   0.000103
  gflops (eval):    110.26
  gflops (total):   106.32
CSV_DATA: opt_einsum,torch,"aefi,bfgj,cghk,dhel,ijkl->abcd","40,40,20,20,6,6,6,6,4,4,4,4","(2,3),(2,3),(0,2),(0,1)",FP32,305049600,115.98209071442476,0.00010251998901367188,0.0027666091918945312,110.26118213360911,106.32131938494267
*** input parameters ***
  einsum_str: aefi,bfgj,cghk,dhel,ijkl->abcd
  dim_sizes:  40,40,20,20,6,6,6,6,4,4,4,4
  cont_path:  (2,3),(2,3),(0,2),(0,1)
  backend:    torch
  dtype:      FP32
*** benchmarking opt_einsum expression ***
  #flops :          305049600
  #bytes :          2630144
  arith. intensity: 115.98
  time (eval):      0.002725
  time (compile):   0.000106
  gflops (eval):    111.94
  gflops (total):   107.74
CSV_DATA: opt_einsum,torch,"aefi,bfgj,cghk,dhel,ijkl->abcd","40,40,20,20,6,6,6,6,4,4,4,4","(2,3),(2,3),(0,2),(0,1)",FP32,305049600,115.98209071442476,0.00010609626770019531,0.0027251243591308594,111.93969881700788,107.7449058929179
*** input parameters ***
  einsum_str: aefi,bfgj,cghk,dhel,ijkl->abcd
  dim_sizes:  40,40,20,20,6,6,6,6,4,4,4,4
  cont_path:  (2,3),(2,3),(0,2),(0,1)
  backend:    torch
  dtype:      FP32
*** benchmarking opt_einsum expression ***
  #flops :          305049600
  #bytes :          2630144
  arith. intensity: 115.98
  time (eval):      0.002793
  time (compile):   0.000103
  gflops (eval):    109.24
  gflops (total):   105.36
CSV_DATA: opt_einsum,torch,"aefi,bfgj,cghk,dhel,ijkl->abcd","40,40,20,20,6,6,6,6,4,4,4,4","(2,3),(2,3),(0,2),(0,1)",FP32,305049600,115.98209071442476,0.00010275840759277344,0.0027925968170166016,109.2351026618629,105.35826395573123
*** input parameters ***
  einsum_str: aefi,bfgj,cghk,dhel,ijkl->abcd
  dim_sizes:  40,40,20,20,6,6,6,6,4,4,4,4
  cont_path:  (2,3),(2,3),(0,2),(0,1)
  backend:    torch
  dtype:      FP32
*** benchmarking opt_einsum expression ***
  #flops :          305049600
  #bytes :          2630144
  arith. intensity: 115.98
  time (eval):      0.002767
  time (compile):   0.000103
  gflops (eval):    110.25
  gflops (total):   106.29
CSV_DATA: opt_einsum,torch,"aefi,bfgj,cghk,dhel,ijkl->abcd","40,40,20,20,6,6,6,6,4,4,4,4","(2,3),(2,3),(0,2),(0,1)",FP32,305049600,115.98209071442476,0.00010323524475097656,0.002766847610473633,110.25168095462301,106.28599081894002
*** input parameters ***
  einsum_str: aefi,bfgj,cghk,dhel,ijkl->abcd
  dim_sizes:  40,40,20,20,6,6,6,6,4,4,4,4
  cont_path:  (2,3),(2,3),(0,2),(0,1)
  backend:    torch
  dtype:      FP32
*** benchmarking opt_einsum expression ***
  #flops :          305049600
  #bytes :          2630144
  arith. intensity: 115.98
  time (eval):      0.002796
  time (compile):   0.000102
  gflops (eval):    109.09
  gflops (total):   105.26
CSV_DATA: opt_einsum,torch,"aefi,bfgj,cghk,dhel,ijkl->abcd","40,40,20,20,6,6,6,6,4,4,4,4","(2,3),(2,3),(0,2),(0,1)",FP32,305049600,115.98209071442476,0.00010156631469726562,0.0027964115142822266,109.08609067085004,105.26291711052242
*** input parameters ***
  einsum_str: aefi,bfgj,cghk,dhel,ijkl->abcd
  dim_sizes:  40,40,20,20,6,6,6,6,4,4,4,4
  cont_path:  (2,3),(2,3),(0,2),(0,1)
  backend:    torch
  dtype:      FP32
*** benchmarking opt_einsum expression ***
  #flops :          305049600
  #bytes :          2630144
  arith. intensity: 115.98
  time (eval):      0.002916
  time (compile):   0.000104
  gflops (eval):    104.62
  gflops (total):   101.02
CSV_DATA: opt_einsum,torch,"aefi,bfgj,cghk,dhel,ijkl->abcd","40,40,20,20,6,6,6,6,4,4,4,4","(2,3),(2,3),(0,2),(0,1)",FP32,305049600,115.98209071442476,0.00010371208190917969,0.0029158592224121094,104.61739635964024,101.02414192486381
*** input parameters ***
  einsum_str: aefi,bfgj,cghk,dhel,ijkl->abcd
  dim_sizes:  40,40,20,20,6,6,6,6,4,4,4,4
  cont_path:  (2,3),(2,3),(0,2),(0,1)
  backend:    torch
  dtype:      FP32
*** benchmarking opt_einsum expression ***
  #flops :          305049600
  #bytes :          2630144
  arith. intensity: 115.98
  time (eval):      0.002697
  time (compile):   0.000104
  gflops (eval):    113.09
  gflops (total):   108.88
CSV_DATA: opt_einsum,torch,"aefi,bfgj,cghk,dhel,ijkl->abcd","40,40,20,20,6,6,6,6,4,4,4,4","(2,3),(2,3),(0,2),(0,1)",FP32,305049600,115.98209071442476,0.00010418891906738281,0.002697467803955078,113.0873923880502,108.88186175460812
*** input parameters ***
  einsum_str: aefi,bfgj,cghk,dhel,ijkl->abcd
  dim_sizes:  40,40,20,20,6,6,6,6,4,4,4,4
  cont_path:  (2,3),(2,3),(0,2),(0,1)
  backend:    torch
  dtype:      FP32
*** benchmarking opt_einsum expression ***
  #flops :          305049600
  #bytes :          2630144
  arith. intensity: 115.98
  time (eval):      0.002728
  time (compile):   0.000106
  gflops (eval):    111.84
  gflops (total):   107.67
CSV_DATA: opt_einsum,torch,"aefi,bfgj,cghk,dhel,ijkl->abcd","40,40,20,20,6,6,6,6,4,4,4,4","(2,3),(2,3),(0,2),(0,1)",FP32,305049600,115.98209071442476,0.00010561943054199219,0.002727508544921875,111.84184942993008,107.67236871820248
*** input parameters ***
  einsum_str: aefi,bfgj,cghk,dhel,ijkl->abcd
  dim_sizes:  40,40,20,20,6,6,6,6,4,4,4,4
  cont_path:  (2,3),(2,3),(0,2),(0,1)
  backend:    torch
  dtype:      FP32
*** benchmarking opt_einsum expression ***
  #flops :          305049600
  #bytes :          2630144
  arith. intensity: 115.98
  time (eval):      0.002738
  time (compile):   0.000103
  gflops (eval):    111.39
  gflops (total):   107.37
CSV_DATA: opt_einsum,torch,"aefi,bfgj,cghk,dhel,ijkl->abcd","40,40,20,20,6,6,6,6,4,4,4,4","(2,3),(2,3),(0,2),(0,1)",FP32,305049600,115.98209071442476,0.00010275840759277344,0.002738475799560547,111.3939367472053,107.36517223113201
*** input parameters ***
  einsum_str: aefi,bfgj,cghk,dhel,ijkl->abcd
  dim_sizes:  40,40,20,20,6,6,6,6,4,4,4,4
  cont_path:  (2,3),(2,3),(0,2),(0,1)
  backend:    torch
  dtype:      FP32
*** benchmarking opt_einsum expression ***
  #flops :          305049600
  #bytes :          2630144
  arith. intensity: 115.98
  time (eval):      0.002643
  time (compile):   0.000108
  gflops (eval):    115.42
  gflops (total):   110.89
CSV_DATA: opt_einsum,torch,"aefi,bfgj,cghk,dhel,ijkl->abcd","40,40,20,20,6,6,6,6,4,4,4,4","(2,3),(2,3),(0,2),(0,1)",FP32,305049600,115.98209071442476,0.00010800361633300781,0.0026428699493408203,115.42361366516916,110.89190132418098
*** input parameters ***
  einsum_str: aefi,bfgj,cghk,dhel,ijkl->abcd
  dim_sizes:  40,40,20,20,6,6,6,6,4,4,4,4
  cont_path:  (2,3),(2,3),(0,2),(0,1)
  backend:    torch
  dtype:      FP32
*** benchmarking opt_einsum expression ***
  #flops :          305049600
  #bytes :          2630144
  arith. intensity: 115.98
  time (eval):      0.002784
  time (compile):   0.000105
  gflops (eval):    109.55
  gflops (total):   105.58
CSV_DATA: opt_einsum,torch,"aefi,bfgj,cghk,dhel,ijkl->abcd","40,40,20,20,6,6,6,6,4,4,4,4","(2,3),(2,3),(0,2),(0,1)",FP32,305049600,115.98209071442476,0.0001049041748046875,0.0027844905853271484,109.55310878314926,105.57560503988779
*** input parameters ***
  einsum_str: aefi,bfgj,cghk,dhel,ijkl->abcd
  dim_sizes:  40,40,20,20,6,6,6,6,4,4,4,4
  cont_path:  (2,3),(2,3),(0,2),(0,1)
  backend:    torch
  dtype:      FP32
*** benchmarking opt_einsum expression ***
  #flops :          305049600
  #bytes :          2630144
  arith. intensity: 115.98
  time (eval):      0.002728
  time (compile):   0.000103
  gflops (eval):    111.82
  gflops (total):   107.75
CSV_DATA: opt_einsum,torch,"aefi,bfgj,cghk,dhel,ijkl->abcd","40,40,20,20,6,6,6,6,4,4,4,4","(2,3),(2,3),(0,2),(0,1)",FP32,305049600,115.98209071442476,0.000102996826171875,0.002727985382080078,111.82230007676979,107.75397991227894
*** input parameters ***
  einsum_str: aefi,bfgj,cghk,dhel,ijkl->abcd
  dim_sizes:  40,40,20,20,6,6,6,6,4,4,4,4
  cont_path:  (2,3),(2,3),(0,2),(0,1)
  backend:    torch
  dtype:      FP32
*** benchmarking opt_einsum expression ***
  #flops :          305049600
  #bytes :          2630144
  arith. intensity: 115.98
  time (eval):      0.002646
  time (compile):   0.000110
  gflops (eval):    115.28
  gflops (total):   110.66
CSV_DATA: opt_einsum,torch,"aefi,bfgj,cghk,dhel,ijkl->abcd","40,40,20,20,6,6,6,6,4,4,4,4","(2,3),(2,3),(0,2),(0,1)",FP32,305049600,115.98209071442476,0.00011038780212402344,0.002646207809448242,115.27802121618164,110.66171574800208
*** input parameters ***
  einsum_str: aefi,bfgj,cghk,dhel,ijkl->abcd
  dim_sizes:  40,40,20,20,6,6,6,6,4,4,4,4
  cont_path:  (2,3),(2,3),(0,2),(0,1)
  backend:    torch
  dtype:      FP32
*** benchmarking opt_einsum expression ***
  #flops :          305049600
  #bytes :          2630144
  arith. intensity: 115.98
  time (eval):      0.002736
  time (compile):   0.000108
  gflops (eval):    111.49
  gflops (total):   107.24
CSV_DATA: opt_einsum,torch,"aefi,bfgj,cghk,dhel,ijkl->abcd","40,40,20,20,6,6,6,6,4,4,4,4","(2,3),(2,3),(0,2),(0,1)",FP32,305049600,115.98209071442476,0.00010848045349121094,0.0027360916137695312,111.49100361436041,107.23918845682675
*** input parameters ***
  einsum_str: aefi,bfgj,cghk,dhel,ijkl->abcd
  dim_sizes:  40,40,20,20,6,6,6,6,4,4,4,4
  cont_path:  (2,3),(2,3),(0,2),(0,1)
  backend:    torch
  dtype:      FP32
*** benchmarking opt_einsum expression ***
  #flops :          305049600
  #bytes :          2630144
  arith. intensity: 115.98
  time (eval):      0.002658
  time (compile):   0.000112
  gflops (eval):    114.75
  gflops (total):   110.11
CSV_DATA: opt_einsum,torch,"aefi,bfgj,cghk,dhel,ijkl->abcd","40,40,20,20,6,6,6,6,4,4,4,4","(2,3),(2,3),(0,2),(0,1)",FP32,305049600,115.98209071442476,0.00011205673217773438,0.002658367156982422,114.75074058102243,110.10935950760758
*** input parameters ***
  einsum_str: aefi,bfgj,cghk,dhel,ijkl->abcd
  dim_sizes:  40,40,20,20,6,6,6,6,4,4,4,4
  cont_path:  (2,3),(2,3),(0,2),(0,1)
  backend:    torch
  dtype:      FP32
*** benchmarking opt_einsum expression ***
  #flops :          305049600
  #bytes :          2630144
  arith. intensity: 115.98
  time (eval):      0.002750
  time (compile):   0.000104
  gflops (eval):    110.94
  gflops (total):   106.90
CSV_DATA: opt_einsum,torch,"aefi,bfgj,cghk,dhel,ijkl->abcd","40,40,20,20,6,6,6,6,4,4,4,4","(2,3),(2,3),(0,2),(0,1)",FP32,305049600,115.98209071442476,0.00010395050048828125,0.0027496814727783203,110.93997723735369,106.8987181450748
*** input parameters ***
  einsum_str: aefi,bfgj,cghk,dhel,ijkl->abcd
  dim_sizes:  40,40,20,20,6,6,6,6,4,4,4,4
  cont_path:  (2,3),(2,3),(0,2),(0,1)
  backend:    torch
  dtype:      FP32
*** benchmarking opt_einsum expression ***
  #flops :          305049600
  #bytes :          2630144
  arith. intensity: 115.98
  time (eval):      0.002801
  time (compile):   0.000113
  gflops (eval):    108.89
  gflops (total):   104.66
CSV_DATA: opt_einsum,torch,"aefi,bfgj,cghk,dhel,ijkl->abcd","40,40,20,20,6,6,6,6,4,4,4,4","(2,3),(2,3),(0,2),(0,1)",FP32,305049600,115.98209071442476,0.00011324882507324219,0.0028014183044433594,108.89112829603405,104.66018466080982
*** input parameters ***
  einsum_str: aefi,bfgj,cghk,dhel,ijkl->abcd
  dim_sizes:  40,40,20,20,6,6,6,6,4,4,4,4
  cont_path:  (2,3),(2,3),(0,2),(0,1)
  backend:    torch
  dtype:      FP32
*** benchmarking opt_einsum expression ***
  #flops :          305049600
  #bytes :          2630144
  arith. intensity: 115.98
  time (eval):      0.002758
  time (compile):   0.000109
  gflops (eval):    110.60
  gflops (total):   106.38
CSV_DATA: opt_einsum,torch,"aefi,bfgj,cghk,dhel,ijkl->abcd","40,40,20,20,6,6,6,6,4,4,4,4","(2,3),(2,3),(0,2),(0,1)",FP32,305049600,115.98209071442476,0.00010943412780761719,0.002758026123046875,110.60431859253113,106.38320092112747
*** input parameters ***
  einsum_str: aefi,bfgj,cghk,dhel,ijkl->abcd
  dim_sizes:  40,40,20,20,6,6,6,6,4,4,4,4
  cont_path:  (2,3),(2,3),(0,2),(0,1)
  backend:    torch
  dtype:      FP32
*** benchmarking opt_einsum expression ***
  #flops :          305049600
  #bytes :          2630144
  arith. intensity: 115.98
  time (eval):      0.002755
  time (compile):   0.000103
  gflops (eval):    110.71
  gflops (total):   106.71
CSV_DATA: opt_einsum,torch,"aefi,bfgj,cghk,dhel,ijkl->abcd","40,40,20,20,6,6,6,6,4,4,4,4","(2,3),(2,3),(0,2),(0,1)",FP32,305049600,115.98209071442476,0.00010323524475097656,0.002755403518676758,110.7095922366012,106.71148936433696
*** input parameters ***
  einsum_str: aefi,bfgj,cghk,dhel,ijkl->abcd
  dim_sizes:  40,40,20,20,6,6,6,6,4,4,4,4
  cont_path:  (2,3),(2,3),(0,2),(0,1)
  backend:    torch
  dtype:      FP32
*** benchmarking opt_einsum expression ***
  #flops :          305049600
  #bytes :          2630144
  arith. intensity: 115.98
  time (eval):      0.002719
  time (compile):   0.000109
  gflops (eval):    112.20
  gflops (total):   107.87
CSV_DATA: opt_einsum,torch,"aefi,bfgj,cghk,dhel,ijkl->abcd","40,40,20,20,6,6,6,6,4,4,4,4","(2,3),(2,3),(0,2),(0,1)",FP32,305049600,115.98209071442476,0.00010919570922851562,0.002718687057495117,112.20474940615628,107.87208139940984
*** input parameters ***
  einsum_str: aefi,bfgj,cghk,dhel,ijkl->abcd
  dim_sizes:  40,40,20,20,6,6,6,6,4,4,4,4
  cont_path:  (2,3),(2,3),(0,2),(0,1)
  backend:    torch
  dtype:      FP32
*** benchmarking opt_einsum expression ***
  #flops :          305049600
  #bytes :          2630144
  arith. intensity: 115.98
  time (eval):      0.002814
  time (compile):   0.000102
  gflops (eval):    108.41
  gflops (total):   104.63
CSV_DATA: opt_einsum,torch,"aefi,bfgj,cghk,dhel,ijkl->abcd","40,40,20,20,6,6,6,6,4,4,4,4","(2,3),(2,3),(0,2),(0,1)",FP32,305049600,115.98209071442476,0.00010156631469726562,0.0028138160705566406,108.41135040488054,104.63450748105987
*** input parameters ***
  einsum_str: aefi,bfgj,cghk,dhel,ijkl->abcd
  dim_sizes:  40,40,20,20,6,6,6,6,4,4,4,4
  cont_path:  (2,3),(2,3),(0,2),(0,1)
  backend:    torch
  dtype:      FP32
*** benchmarking opt_einsum expression ***
  #flops :          305049600
  #bytes :          2630144
  arith. intensity: 115.98
  time (eval):      0.002782
  time (compile):   0.000104
  gflops (eval):    109.64
  gflops (total):   105.67
CSV_DATA: opt_einsum,torch,"aefi,bfgj,cghk,dhel,ijkl->abcd","40,40,20,20,6,6,6,6,4,4,4,4","(2,3),(2,3),(0,2),(0,1)",FP32,305049600,115.98209071442476,0.00010442733764648438,0.0027823448181152344,109.63759704185091,105.6715194481665
*** input parameters ***
  einsum_str: aefi,bfgj,cghk,dhel,ijkl->abcd
  dim_sizes:  40,40,20,20,6,6,6,6,4,4,4,4
  cont_path:  (2,3),(2,3),(0,2),(0,1)
  backend:    torch
  dtype:      FP32
*** benchmarking opt_einsum expression ***
  #flops :          305049600
  #bytes :          2630144
  arith. intensity: 115.98
  time (eval):      0.002790
  time (compile):   0.000107
  gflops (eval):    109.34
  gflops (total):   105.31
CSV_DATA: opt_einsum,torch,"aefi,bfgj,cghk,dhel,ijkl->abcd","40,40,20,20,6,6,6,6,4,4,4,4","(2,3),(2,3),(0,2),(0,1)",FP32,305049600,115.98209071442476,0.0001068115234375,0.0027899742126464844,109.33778477853359,105.30623518340741
*** input parameters ***
  einsum_str: aefi,bfgj,cghk,dhel,ijkl->abcd
  dim_sizes:  40,40,20,20,6,6,6,6,4,4,4,4
  cont_path:  (2,3),(2,3),(0,2),(0,1)
  backend:    torch
  dtype:      FP32
*** benchmarking opt_einsum expression ***
  #flops :          305049600
  #bytes :          2630144
  arith. intensity: 115.98
  time (eval):      0.002715
  time (compile):   0.000101
  gflops (eval):    112.35
  gflops (total):   108.34
CSV_DATA: opt_einsum,torch,"aefi,bfgj,cghk,dhel,ijkl->abcd","40,40,20,20,6,6,6,6,4,4,4,4","(2,3),(2,3),(0,2),(0,1)",FP32,305049600,115.98209071442476,0.00010061264038085938,0.0027151107788085938,112.35254280632246,108.33791341900084
*** input parameters ***
  einsum_str: aefi,bfgj,cghk,dhel,ijkl->abcd
  dim_sizes:  40,40,20,20,6,6,6,6,4,4,4,4
  cont_path:  (2,3),(2,3),(0,2),(0,1)
  backend:    torch
  dtype:      FP32
*** benchmarking opt_einsum expression ***
  #flops :          305049600
  #bytes :          2630144
  arith. intensity: 115.98
  time (eval):      0.002857
  time (compile):   0.000104
  gflops (eval):    106.76
  gflops (total):   103.00
CSV_DATA: opt_einsum,torch,"aefi,bfgj,cghk,dhel,ijkl->abcd","40,40,20,20,6,6,6,6,4,4,4,4","(2,3),(2,3),(0,2),(0,1)",FP32,305049600,115.98209071442476,0.00010442733764648438,0.002857208251953125,106.76491634499334,103.00038298811786
*** input parameters ***
  einsum_str: aefi,bfgj,cghk,dhel,ijkl->abcd
  dim_sizes:  40,40,20,20,6,6,6,6,4,4,4,4
  cont_path:  (2,3),(2,3),(0,2),(0,1)
  backend:    torch
  dtype:      FP32
*** benchmarking opt_einsum expression ***
  #flops :          305049600
  #bytes :          2630144
  arith. intensity: 115.98
  time (eval):      0.002661
  time (compile):   0.000105
  gflops (eval):    114.63
  gflops (total):   110.27
CSV_DATA: opt_einsum,torch,"aefi,bfgj,cghk,dhel,ijkl->abcd","40,40,20,20,6,6,6,6,4,4,4,4","(2,3),(2,3),(0,2),(0,1)",FP32,305049600,115.98209071442476,0.00010514259338378906,0.0026612281799316406,114.62737479648808,110.27068495030596
*** input parameters ***
  einsum_str: aefi,bfgj,cghk,dhel,ijkl->abcd
  dim_sizes:  40,40,20,20,6,6,6,6,4,4,4,4
  cont_path:  (2,3),(2,3),(0,2),(0,1)
  backend:    torch
  dtype:      FP32
*** benchmarking opt_einsum expression ***
  #flops :          305049600
  #bytes :          2630144
  arith. intensity: 115.98
  time (eval):      0.002681
  time (compile):   0.000107
  gflops (eval):    113.78
  gflops (total):   109.43
CSV_DATA: opt_einsum,torch,"aefi,bfgj,cghk,dhel,ijkl->abcd","40,40,20,20,6,6,6,6,4,4,4,4","(2,3),(2,3),(0,2),(0,1)",FP32,305049600,115.98209071442476,0.00010657310485839844,0.0026810169219970703,113.78130346628724,109.4312998185426
*** input parameters ***
  einsum_str: aefi,bfgj,cghk,dhel,ijkl->abcd
  dim_sizes:  40,40,20,20,6,6,6,6,4,4,4,4
  cont_path:  (2,3),(2,3),(0,2),(0,1)
  backend:    torch
  dtype:      FP32
*** benchmarking opt_einsum expression ***
  #flops :          305049600
  #bytes :          2630144
  arith. intensity: 115.98
  time (eval):      0.002643
  time (compile):   0.000106
  gflops (eval):    115.40
  gflops (total):   110.94
CSV_DATA: opt_einsum,torch,"aefi,bfgj,cghk,dhel,ijkl->abcd","40,40,20,20,6,6,6,6,4,4,4,4","(2,3),(2,3),(0,2),(0,1)",FP32,305049600,115.98209071442476,0.00010633468627929688,0.0026433467864990234,115.40279223219989,110.93997723735369
*** input parameters ***
  einsum_str: aefi,bfgj,cghk,dhel,ijkl->abcd
  dim_sizes:  40,40,20,20,6,6,6,6,4,4,4,4
  cont_path:  (2,3),(2,3),(0,2),(0,1)
  backend:    torch
  dtype:      FP32
*** benchmarking opt_einsum expression ***
  #flops :          305049600
  #bytes :          2630144
  arith. intensity: 115.98
  time (eval):      0.002760
  time (compile):   0.000103
  gflops (eval):    110.52
  gflops (total):   106.52
CSV_DATA: opt_einsum,torch,"aefi,bfgj,cghk,dhel,ijkl->abcd","40,40,20,20,6,6,6,6,4,4,4,4","(2,3),(2,3),(0,2),(0,1)",FP32,305049600,115.98209071442476,0.00010347366333007812,0.002760171890258789,110.51833441119462,106.5249152841895
*** input parameters ***
  einsum_str: aefi,bfgj,cghk,dhel,ijkl->abcd
  dim_sizes:  40,40,20,20,6,6,6,6,4,4,4,4
  cont_path:  (2,3),(2,3),(0,2),(0,1)
  backend:    torch
  dtype:      FP32
*** benchmarking opt_einsum expression ***
  #flops :          305049600
  #bytes :          2630144
  arith. intensity: 115.98
  time (eval):      0.002776
  time (compile):   0.000104
  gflops (eval):    109.87
  gflops (total):   105.89
CSV_DATA: opt_einsum,torch,"aefi,bfgj,cghk,dhel,ijkl->abcd","40,40,20,20,6,6,6,6,4,4,4,4","(2,3),(2,3),(0,2),(0,1)",FP32,305049600,115.98209071442476,0.00010442733764648438,0.0027763843536376953,109.87297187448692,105.89015620941821
*** input parameters ***
  einsum_str: aefi,bfgj,cghk,dhel,ijkl->abcd
  dim_sizes:  40,40,20,20,6,6,6,6,4,4,4,4
  cont_path:  (2,3),(2,3),(0,2),(0,1)
  backend:    torch
  dtype:      FP32
*** benchmarking opt_einsum expression ***
  #flops :          305049600
  #bytes :          2630144
  arith. intensity: 115.98
  time (eval):      0.002791
  time (compile):   0.000105
  gflops (eval):    109.29
  gflops (total):   105.31
CSV_DATA: opt_einsum,torch,"aefi,bfgj,cghk,dhel,ijkl->abcd","40,40,20,20,6,6,6,6,4,4,4,4","(2,3),(2,3),(0,2),(0,1)",FP32,305049600,115.98209071442476,0.00010538101196289062,0.002791166305541992,109.29108716822414,105.31490307666476
*** input parameters ***
  einsum_str: aefi,bfgj,cghk,dhel,ijkl->abcd
  dim_sizes:  40,40,20,20,6,6,6,6,4,4,4,4
  cont_path:  (2,3),(2,3),(0,2),(0,1)
  backend:    torch
  dtype:      FP32
*** benchmarking opt_einsum expression ***
  #flops :          305049600
  #bytes :          2630144
  arith. intensity: 115.98
  time (eval):      0.002722
  time (compile):   0.000102
  gflops (eval):    112.07
  gflops (total):   108.01
CSV_DATA: opt_einsum,torch,"aefi,bfgj,cghk,dhel,ijkl->abcd","40,40,20,20,6,6,6,6,4,4,4,4","(2,3),(2,3),(0,2),(0,1)",FP32,305049600,115.98209071442476,0.00010228157043457031,0.002722024917602539,112.06715927812911,108.00867444524735
*** input parameters ***
  einsum_str: aefi,bfgj,cghk,dhel,ijkl->abcd
  dim_sizes:  40,40,20,20,6,6,6,6,4,4,4,4
  cont_path:  (2,3),(2,3),(0,2),(0,1)
  backend:    torch
  dtype:      FP32
*** benchmarking opt_einsum expression ***
  #flops :          305049600
  #bytes :          2630144
  arith. intensity: 115.98
  time (eval):      0.002775
  time (compile):   0.000100
  gflops (eval):    109.92
  gflops (total):   106.10
CSV_DATA: opt_einsum,torch,"aefi,bfgj,cghk,dhel,ijkl->abcd","40,40,20,20,6,6,6,6,4,4,4,4","(2,3),(2,3),(0,2),(0,1)",FP32,305049600,115.98209071442476,9.989738464355469e-05,0.0027751922607421875,109.92016816824743,106.10090036308152
*** input parameters ***
  einsum_str: aefi,bfgj,cghk,dhel,ijkl->abcd
  dim_sizes:  40,40,20,20,6,6,6,6,4,4,4,4
  cont_path:  (2,3),(2,3),(0,2),(0,1)
  backend:    torch
  dtype:      FP32
*** benchmarking opt_einsum expression ***
  #flops :          305049600
  #bytes :          2630144
  arith. intensity: 115.98
  time (eval):      0.002708
  time (compile):   0.000105
  gflops (eval):    112.66
  gflops (total):   108.46
CSV_DATA: opt_einsum,torch,"aefi,bfgj,cghk,dhel,ijkl->abcd","40,40,20,20,6,6,6,6,4,4,4,4","(2,3),(2,3),(0,2),(0,1)",FP32,305049600,115.98209071442476,0.0001049041748046875,0.0027077198028564453,112.65921964237036,108.4572990996355
*** input parameters ***
  einsum_str: aefi,bfgj,cghk,dhel,ijkl->abcd
  dim_sizes:  40,40,20,20,6,6,6,6,4,4,4,4
  cont_path:  (2,3),(2,3),(0,2),(0,1)
  backend:    torch
  dtype:      FP32
*** benchmarking opt_einsum expression ***
  #flops :          305049600
  #bytes :          2630144
  arith. intensity: 115.98
  time (eval):      0.002672
  time (compile):   0.000108
  gflops (eval):    114.18
  gflops (total):   109.73
CSV_DATA: opt_einsum,torch,"aefi,bfgj,cghk,dhel,ijkl->abcd","40,40,20,20,6,6,6,6,4,4,4,4","(2,3),(2,3),(0,2),(0,1)",FP32,305049600,115.98209071442476,0.00010824203491210938,0.0026717185974121094,114.17729408159914,109.73162585578045
*** input parameters ***
  einsum_str: aefi,bfgj,cghk,dhel,ijkl->abcd
  dim_sizes:  40,40,20,20,6,6,6,6,4,4,4,4
  cont_path:  (2,3),(2,3),(0,2),(0,1)
  backend:    torch
  dtype:      FP32
*** benchmarking opt_einsum expression ***
  #flops :          305049600
  #bytes :          2630144
  arith. intensity: 115.98
  time (eval):      0.002750
  time (compile):   0.000105
  gflops (eval):    110.91
  gflops (total):   106.82
CSV_DATA: opt_einsum,torch,"aefi,bfgj,cghk,dhel,ijkl->abcd","40,40,20,20,6,6,6,6,4,4,4,4","(2,3),(2,3),(0,2),(0,1)",FP32,305049600,115.98209071442476,0.00010538101196289062,0.002750396728515625,110.91112668848821,106.81839685075973
*** input parameters ***
  einsum_str: aefi,bfgj,cghk,dhel,ijkl->abcd
  dim_sizes:  40,40,20,20,6,6,6,6,4,4,4,4
  cont_path:  (2,3),(2,3),(0,2),(0,1)
  backend:    torch
  dtype:      FP32
*** benchmarking opt_einsum expression ***
  #flops :          305049600
  #bytes :          2630144
  arith. intensity: 115.98
  time (eval):      0.002891
  time (compile):   0.000102
  gflops (eval):    105.52
  gflops (total):   101.93
CSV_DATA: opt_einsum,torch,"aefi,bfgj,cghk,dhel,ijkl->abcd","40,40,20,20,6,6,6,6,4,4,4,4","(2,3),(2,3),(0,2),(0,1)",FP32,305049600,115.98209071442476,0.00010180473327636719,0.0028908252716064453,105.52336144151754,101.93361675258127
*** input parameters ***
  einsum_str: aefi,bfgj,cghk,dhel,ijkl->abcd
  dim_sizes:  40,40,20,20,6,6,6,6,4,4,4,4
  cont_path:  (2,3),(2,3),(0,2),(0,1)
  backend:    torch
  dtype:      FP32
*** benchmarking opt_einsum expression ***
  #flops :          305049600
  #bytes :          2630144
  arith. intensity: 115.98
  time (eval):      0.002740
  time (compile):   0.000104
  gflops (eval):    111.33
  gflops (total):   107.27
CSV_DATA: opt_einsum,torch,"aefi,bfgj,cghk,dhel,ijkl->abcd","40,40,20,20,6,6,6,6,4,4,4,4","(2,3),(2,3),(0,2),(0,1)",FP32,305049600,115.98209071442476,0.00010371208190917969,0.002740144729614258,111.32609044447925,107.26616008370222
*** input parameters ***
  einsum_str: aefi,bfgj,cghk,dhel,ijkl->abcd
  dim_sizes:  40,40,20,20,6,6,6,6,4,4,4,4
  cont_path:  (2,3),(2,3),(0,2),(0,1)
  backend:    torch
  dtype:      FP32
*** benchmarking opt_einsum expression ***
  #flops :          305049600
  #bytes :          2630144
  arith. intensity: 115.98
  time (eval):      0.002750
  time (compile):   0.000102
  gflops (eval):    110.94
  gflops (total):   106.98
CSV_DATA: opt_einsum,torch,"aefi,bfgj,cghk,dhel,ijkl->abcd","40,40,20,20,6,6,6,6,4,4,4,4","(2,3),(2,3),(0,2),(0,1)",FP32,305049600,115.98209071442476,0.00010180473327636719,0.0027496814727783203,110.93997723735369,106.97916032428094
*** input parameters ***
  einsum_str: aefi,bfgj,cghk,dhel,ijkl->abcd
  dim_sizes:  40,40,20,20,6,6,6,6,4,4,4,4
  cont_path:  (2,3),(2,3),(0,2),(0,1)
  backend:    torch
  dtype:      FP32
*** benchmarking opt_einsum expression ***
  #flops :          305049600
  #bytes :          2630144
  arith. intensity: 115.98
  time (eval):      0.002696
  time (compile):   0.000107
  gflops (eval):    113.14
  gflops (total):   108.81
CSV_DATA: opt_einsum,torch,"aefi,bfgj,cghk,dhel,ijkl->abcd","40,40,20,20,6,6,6,6,4,4,4,4","(2,3),(2,3),(0,2),(0,1)",FP32,305049600,115.98209071442476,0.00010728836059570312,0.0026962757110595703,113.13739123515785,108.80778616195255
*** input parameters ***
  einsum_str: aefi,bfgj,cghk,dhel,ijkl->abcd
  dim_sizes:  40,40,20,20,6,6,6,6,4,4,4,4
  cont_path:  (2,3),(2,3),(0,2),(0,1)
  backend:    torch
  dtype:      FP32
*** benchmarking opt_einsum expression ***
  #flops :          305049600
  #bytes :          2630144
  arith. intensity: 115.98
  time (eval):      0.002718
  time (compile):   0.000108
  gflops (eval):    112.24
  gflops (total):   107.94
CSV_DATA: opt_einsum,torch,"aefi,bfgj,cghk,dhel,ijkl->abcd","40,40,20,20,6,6,6,6,4,4,4,4","(2,3),(2,3),(0,2),(0,1)",FP32,305049600,115.98209071442476,0.00010824203491210938,0.002717733383178711,112.24412294748663,107.94488800121489
*** input parameters ***
  einsum_str: aefi,bfgj,cghk,dhel,ijkl->abcd
  dim_sizes:  40,40,20,20,6,6,6,6,4,4,4,4
  cont_path:  (2,3),(2,3),(0,2),(0,1)
  backend:    torch
  dtype:      FP32
*** benchmarking opt_einsum expression ***
  #flops :          305049600
  #bytes :          2630144
  arith. intensity: 115.98
  time (eval):      0.002776
  time (compile):   0.000107
  gflops (eval):    109.89
  gflops (total):   105.80
CSV_DATA: opt_einsum,torch,"aefi,bfgj,cghk,dhel,ijkl->abcd","40,40,20,20,6,6,6,6,4,4,4,4","(2,3),(2,3),(0,2),(0,1)",FP32,305049600,115.98209071442476,0.00010728836059570312,0.002775907516479492,109.89184552764752,105.8025930272389
*** input parameters ***
  einsum_str: aefi,bfgj,cghk,dhel,ijkl->abcd
  dim_sizes:  40,40,20,20,6,6,6,6,4,4,4,4
  cont_path:  (2,3),(2,3),(0,2),(0,1)
  backend:    torch
  dtype:      FP32
*** benchmarking opt_einsum expression ***
  #flops :          305049600
  #bytes :          2630144
  arith. intensity: 115.98
  time (eval):      0.002745
  time (compile):   0.000104
  gflops (eval):    111.14
  gflops (total):   107.07
CSV_DATA: opt_einsum,torch,"aefi,bfgj,cghk,dhel,ijkl->abcd","40,40,20,20,6,6,6,6,4,4,4,4","(2,3),(2,3),(0,2),(0,1)",FP32,305049600,115.98209071442476,0.00010442733764648438,0.0027446746826171875,111.14235210896456,107.06868263417574
*** input parameters ***
  einsum_str: aefi,bfgj,cghk,dhel,ijkl->abcd
  dim_sizes:  40,40,20,20,6,6,6,6,4,4,4,4
  cont_path:  (2,3),(2,3),(0,2),(0,1)
  backend:    torch
  dtype:      FP32
*** benchmarking opt_einsum expression ***
  #flops :          305049600
  #bytes :          2630144
  arith. intensity: 115.98
  time (eval):      0.002685
  time (compile):   0.000104
  gflops (eval):    113.63
  gflops (total):   109.39
CSV_DATA: opt_einsum,torch,"aefi,bfgj,cghk,dhel,ijkl->abcd","40,40,20,20,6,6,6,6,4,4,4,4","(2,3),(2,3),(0,2),(0,1)",FP32,305049600,115.98209071442476,0.00010395050048828125,0.0026845932006835938,113.62972979381884,109.3938746134063
*** input parameters ***
  einsum_str: aefi,bfgj,cghk,dhel,ijkl->abcd
  dim_sizes:  40,40,20,20,6,6,6,6,4,4,4,4
  cont_path:  (2,3),(2,3),(0,2),(0,1)
  backend:    torch
  dtype:      FP32
*** benchmarking opt_einsum expression ***
  #flops :          305049600
  #bytes :          2630144
  arith. intensity: 115.98
  time (eval):      0.002685
  time (compile):   0.000102
  gflops (eval):    113.60
  gflops (total):   109.43
CSV_DATA: opt_einsum,torch,"aefi,bfgj,cghk,dhel,ijkl->abcd","40,40,20,20,6,6,6,6,4,4,4,4","(2,3),(2,3),(0,2),(0,1)",FP32,305049600,115.98209071442476,0.00010228157043457031,0.0026853084564208984,113.59946350691646,109.4312998185426
*** input parameters ***
  einsum_str: aefi,bfgj,cghk,dhel,ijkl->abcd
  dim_sizes:  40,40,20,20,6,6,6,6,4,4,4,4
  cont_path:  (2,3),(2,3),(0,2),(0,1)
  backend:    torch
  dtype:      FP32
*** benchmarking opt_einsum expression ***
  #flops :          305049600
  #bytes :          2630144
  arith. intensity: 115.98
  time (eval):      0.002719
  time (compile):   0.000103
  gflops (eval):    112.18
  gflops (total):   108.07
CSV_DATA: opt_einsum,torch,"aefi,bfgj,cghk,dhel,ijkl->abcd","40,40,20,20,6,6,6,6,4,4,4,4","(2,3),(2,3),(0,2),(0,1)",FP32,305049600,115.98209071442476,0.00010323524475097656,0.002719402313232422,112.17523737317202,108.07253631881072
*** input parameters ***
  einsum_str: aefi,bfgj,cghk,dhel,ijkl->abcd
  dim_sizes:  40,40,20,20,6,6,6,6,4,4,4,4
  cont_path:  (2,3),(2,3),(0,2),(0,1)
  backend:    torch
  dtype:      FP32
*** benchmarking opt_einsum expression ***
  #flops :          305049600
  #bytes :          2630144
  arith. intensity: 115.98
  time (eval):      0.002647
  time (compile):   0.000106
  gflops (eval):    115.26
  gflops (total):   110.81
CSV_DATA: opt_einsum,torch,"aefi,bfgj,cghk,dhel,ijkl->abcd","40,40,20,20,6,6,6,6,4,4,4,4","(2,3),(2,3),(0,2),(0,1)",FP32,305049600,115.98209071442476,0.00010633468627929688,0.0026466846466064453,115.25725227262409,110.80546960062354
*** input parameters ***
  einsum_str: aefi,bfgj,cghk,dhel,ijkl->abcd
  dim_sizes:  40,40,20,20,6,6,6,6,4,4,4,4
  cont_path:  (2,3),(2,3),(0,2),(0,1)
  backend:    torch
  dtype:      FP32
*** benchmarking opt_einsum expression ***
  #flops :          305049600
  #bytes :          2630144
  arith. intensity: 115.98
  time (eval):      0.002714
  time (compile):   0.000105
  gflops (eval):    112.41
  gflops (total):   108.21
CSV_DATA: opt_einsum,torch,"aefi,bfgj,cghk,dhel,ijkl->abcd","40,40,20,20,6,6,6,6,4,4,4,4","(2,3),(2,3),(0,2),(0,1)",FP32,305049600,115.98209071442476,0.00010538101196289062,0.0027136802673339844,112.41176923900896,108.20963781109607
*** input parameters ***
  einsum_str: aefi,bfgj,cghk,dhel,ijkl->abcd
  dim_sizes:  40,40,20,20,6,6,6,6,4,4,4,4
  cont_path:  (2,3),(2,3),(0,2),(0,1)
  backend:    torch
  dtype:      FP32
*** benchmarking opt_einsum expression ***
  #flops :          305049600
  #bytes :          2630144
  arith. intensity: 115.98
  time (eval):      0.002739
  time (compile):   0.000104
  gflops (eval):    111.38
  gflops (total):   107.30
CSV_DATA: opt_einsum,torch,"aefi,bfgj,cghk,dhel,ijkl->abcd","40,40,20,20,6,6,6,6,4,4,4,4","(2,3),(2,3),(0,2),(0,1)",FP32,305049600,115.98209071442476,0.00010418891906738281,0.0027387142181396484,111.38423935565423,107.30214336450857
*** input parameters ***
  einsum_str: aefi,bfgj,cghk,dhel,ijkl->abcd
  dim_sizes:  40,40,20,20,6,6,6,6,4,4,4,4
  cont_path:  (2,3),(2,3),(0,2),(0,1)
  backend:    torch
  dtype:      FP32
*** benchmarking opt_einsum expression ***
  #flops :          305049600
  #bytes :          2630144
  arith. intensity: 115.98
  time (eval):      0.002686
  time (compile):   0.000108
  gflops (eval):    113.59
  gflops (total):   109.18
CSV_DATA: opt_einsum,torch,"aefi,bfgj,cghk,dhel,ijkl->abcd","40,40,20,20,6,6,6,6,4,4,4,4","(2,3),(2,3),(0,2),(0,1)",FP32,305049600,115.98209071442476,0.00010848045349121094,0.002685546875,113.58937832727273,109.17917548241319
*** input parameters ***
  einsum_str: aefi,bfgj,cghk,dhel,ijkl->abcd
  dim_sizes:  40,40,20,20,6,6,6,6,4,4,4,4
  cont_path:  (2,3),(2,3),(0,2),(0,1)
  backend:    torch
  dtype:      FP32
*** benchmarking opt_einsum expression ***
  #flops :          305049600
  #bytes :          2630144
  arith. intensity: 115.98
  time (eval):      0.002677
  time (compile):   0.000102
  gflops (eval):    113.96
  gflops (total):   109.80
CSV_DATA: opt_einsum,torch,"aefi,bfgj,cghk,dhel,ijkl->abcd","40,40,20,20,6,6,6,6,4,4,4,4","(2,3),(2,3),(0,2),(0,1)",FP32,305049600,115.98209071442476,0.00010156631469726562,0.002676725387573242,113.96372650560258,109.79754204740411
*** input parameters ***
  einsum_str: aefi,bfgj,cghk,dhel,ijkl->abcd
  dim_sizes:  40,40,20,20,6,6,6,6,4,4,4,4
  cont_path:  (2,3),(2,3),(0,2),(0,1)
  backend:    torch
  dtype:      FP32
*** benchmarking opt_einsum expression ***
  #flops :          305049600
  #bytes :          2630144
  arith. intensity: 115.98
  time (eval):      0.002740
  time (compile):   0.000105
  gflops (eval):    111.35
  gflops (total):   107.23
CSV_DATA: opt_einsum,torch,"aefi,bfgj,cghk,dhel,ijkl->abcd","40,40,20,20,6,6,6,6,4,4,4,4","(2,3),(2,3),(0,2),(0,1)",FP32,305049600,115.98209071442476,0.00010514259338378906,0.0027396678924560547,111.34546666768776,107.23020092846129
*** input parameters ***
  einsum_str: aefi,bfgj,cghk,dhel,ijkl->abcd
  dim_sizes:  40,40,20,20,6,6,6,6,4,4,4,4
  cont_path:  (2,3),(2,3),(0,2),(0,1)
  backend:    torch
  dtype:      FP32
*** benchmarking opt_einsum expression ***
  #flops :          305049600
  #bytes :          2630144
  arith. intensity: 115.98
  time (eval):      0.002702
  time (compile):   0.000101
  gflops (eval):    112.91
  gflops (total):   108.83
CSV_DATA: opt_einsum,torch,"aefi,bfgj,cghk,dhel,ijkl->abcd","40,40,20,20,6,6,6,6,4,4,4,4","(2,3),(2,3),(0,2),(0,1)",FP32,305049600,115.98209071442476,0.00010132789611816406,0.0027017593383789062,112.90776186713732,108.8262956092881
*** input parameters ***
  einsum_str: aefi,bfgj,cghk,dhel,ijkl->abcd
  dim_sizes:  40,40,20,20,6,6,6,6,4,4,4,4
  cont_path:  (2,3),(2,3),(0,2),(0,1)
  backend:    torch
  dtype:      FP32
*** benchmarking opt_einsum expression ***
  #flops :          305049600
  #bytes :          2630144
  arith. intensity: 115.98
  time (eval):      0.002708
  time (compile):   0.000107
  gflops (eval):    112.65
  gflops (total):   108.37
CSV_DATA: opt_einsum,torch,"aefi,bfgj,cghk,dhel,ijkl->abcd","40,40,20,20,6,6,6,6,4,4,4,4","(2,3),(2,3),(0,2),(0,1)",FP32,305049600,115.98209071442476,0.00010704994201660156,0.002707958221435547,112.649300711252,108.36544062661133
*** input parameters ***
  einsum_str: aefi,bfgj,cghk,dhel,ijkl->abcd
  dim_sizes:  40,40,20,20,6,6,6,6,4,4,4,4
  cont_path:  (2,3),(2,3),(0,2),(0,1)
  backend:    torch
  dtype:      FP32
*** benchmarking opt_einsum expression ***
  #flops :          305049600
  #bytes :          2630144
  arith. intensity: 115.98
  time (eval):      0.002681
  time (compile):   0.000103
  gflops (eval):    113.78
  gflops (total):   109.56
CSV_DATA: opt_einsum,torch,"aefi,bfgj,cghk,dhel,ijkl->abcd","40,40,20,20,6,6,6,6,4,4,4,4","(2,3),(2,3),(0,2),(0,1)",FP32,305049600,115.98209071442476,0.00010323524475097656,0.0026810169219970703,113.78130346628724,109.56248993649598
