*** input parameters ***
  einsum_str: iaje,bf,dcba,cigj,dh->hgfei
  dim_sizes:  24,48,12,56,32,64,8,84,8,72
  cont_path:  (1,2),(2,3),(0,1),(0,1)
  backend:    torch
  dtype:      FP32
*** benchmarking opt_einsum expression ***
  #flops :          6699220992
  #bytes :          49158528
  arith. intensity: 136.28
  time (eval):      0.013763
  time (compile):   0.000102
  gflops (eval):    486.75
  gflops (total):   483.16
CSV_DATA: opt_einsum,torch,"iaje,bf,dcba,cigj,dh->hgfei","24,48,12,56,32,64,8,84,8,72","(1,2),(2,3),(0,1),(0,1)",FP32,6699220992,136.27790059132772,0.00010228157043457031,0.013763189315795898,486.7491711613209,483.1585632373198
*** input parameters ***
  einsum_str: iaje,bf,dcba,cigj,dh->hgfei
  dim_sizes:  24,48,12,56,32,64,8,84,8,72
  cont_path:  (1,2),(2,3),(0,1),(0,1)
  backend:    torch
  dtype:      FP32
*** benchmarking opt_einsum expression ***
  #flops :          6699220992
  #bytes :          49158528
  arith. intensity: 136.28
  time (eval):      0.013632
  time (compile):   0.000105
  gflops (eval):    491.43
  gflops (total):   487.69
CSV_DATA: opt_einsum,torch,"iaje,bf,dcba,cigj,dh->hgfei","24,48,12,56,32,64,8,84,8,72","(1,2),(2,3),(0,1),(0,1)",FP32,6699220992,136.27790059132772,0.00010466575622558594,0.013632059097290039,491.43133434124854,487.68691689165456
*** input parameters ***
  einsum_str: iaje,bf,dcba,cigj,dh->hgfei
  dim_sizes:  24,48,12,56,32,64,8,84,8,72
  cont_path:  (1,2),(2,3),(0,1),(0,1)
  backend:    torch
  dtype:      FP32
*** benchmarking opt_einsum expression ***
  #flops :          6699220992
  #bytes :          49158528
  arith. intensity: 136.28
  time (eval):      0.013611
  time (compile):   0.000101
  gflops (eval):    492.20
  gflops (total):   488.58
CSV_DATA: opt_einsum,torch,"iaje,bf,dcba,cigj,dh->hgfei","24,48,12,56,32,64,8,84,8,72","(1,2),(2,3),(0,1),(0,1)",FP32,6699220992,136.27790059132772,0.00010085105895996094,0.01361083984375,492.19747413869067,488.5773052742879
*** input parameters ***
  einsum_str: iaje,bf,dcba,cigj,dh->hgfei
  dim_sizes:  24,48,12,56,32,64,8,84,8,72
  cont_path:  (1,2),(2,3),(0,1),(0,1)
  backend:    torch
  dtype:      FP32
*** benchmarking opt_einsum expression ***
  #flops :          6699220992
  #bytes :          49158528
  arith. intensity: 136.28
  time (eval):      0.013531
  time (compile):   0.000098
  gflops (eval):    495.10
  gflops (total):   491.53
CSV_DATA: opt_einsum,torch,"iaje,bf,dcba,cigj,dh->hgfei","24,48,12,56,32,64,8,84,8,72","(1,2),(2,3),(0,1),(0,1)",FP32,6699220992,136.27790059132772,9.822845458984375e-05,0.013530969619750977,495.10280343998676,491.5344949467256
*** input parameters ***
  einsum_str: iaje,bf,dcba,cigj,dh->hgfei
  dim_sizes:  24,48,12,56,32,64,8,84,8,72
  cont_path:  (1,2),(2,3),(0,1),(0,1)
  backend:    torch
  dtype:      FP32
*** benchmarking opt_einsum expression ***
  #flops :          6699220992
  #bytes :          49158528
  arith. intensity: 136.28
  time (eval):      0.013474
  time (compile):   0.000096
  gflops (eval):    497.19
  gflops (total):   493.67
CSV_DATA: opt_einsum,torch,"iaje,bf,dcba,cigj,dh->hgfei","24,48,12,56,32,64,8,84,8,72","(1,2),(2,3),(0,1),(0,1)",FP32,6699220992,136.27790059132772,9.608268737792969e-05,0.013474225997924805,497.1878156883937,493.6675463584379
*** input parameters ***
  einsum_str: iaje,bf,dcba,cigj,dh->hgfei
  dim_sizes:  24,48,12,56,32,64,8,84,8,72
  cont_path:  (1,2),(2,3),(0,1),(0,1)
  backend:    torch
  dtype:      FP32
*** benchmarking opt_einsum expression ***
  #flops :          6699220992
  #bytes :          49158528
  arith. intensity: 136.28
  time (eval):      0.013662
  time (compile):   0.000098
  gflops (eval):    490.36
  gflops (total):   486.87
CSV_DATA: opt_einsum,torch,"iaje,bf,dcba,cigj,dh->hgfei","24,48,12,56,32,64,8,84,8,72","(1,2),(2,3),(0,1),(0,1)",FP32,6699220992,136.27790059132772,9.799003601074219e-05,0.013661861419677734,490.35931387437734,486.86724661046156
*** input parameters ***
  einsum_str: iaje,bf,dcba,cigj,dh->hgfei
  dim_sizes:  24,48,12,56,32,64,8,84,8,72
  cont_path:  (1,2),(2,3),(0,1),(0,1)
  backend:    torch
  dtype:      FP32
*** benchmarking opt_einsum expression ***
  #flops :          6699220992
  #bytes :          49158528
  arith. intensity: 136.28
  time (eval):      0.013573
  time (compile):   0.000099
  gflops (eval):    493.57
  gflops (total):   490.00
CSV_DATA: opt_einsum,torch,"iaje,bf,dcba,cigj,dh->hgfei","24,48,12,56,32,64,8,84,8,72","(1,2),(2,3),(0,1),(0,1)",FP32,6699220992,136.27790059132772,9.894371032714844e-05,0.013572931289672852,493.572158366203,490.0001639862857
*** input parameters ***
  einsum_str: iaje,bf,dcba,cigj,dh->hgfei
  dim_sizes:  24,48,12,56,32,64,8,84,8,72
  cont_path:  (1,2),(2,3),(0,1),(0,1)
  backend:    torch
  dtype:      FP32
*** benchmarking opt_einsum expression ***
  #flops :          6699220992
  #bytes :          49158528
  arith. intensity: 136.28
  time (eval):      0.013343
  time (compile):   0.000101
  gflops (eval):    502.07
  gflops (total):   498.30
CSV_DATA: opt_einsum,torch,"iaje,bf,dcba,cigj,dh->hgfei","24,48,12,56,32,64,8,84,8,72","(1,2),(2,3),(0,1),(0,1)",FP32,6699220992,136.27790059132772,0.0001010894775390625,0.013343095779418945,502.0739641495501,498.298771101271
*** input parameters ***
  einsum_str: iaje,bf,dcba,cigj,dh->hgfei
  dim_sizes:  24,48,12,56,32,64,8,84,8,72
  cont_path:  (1,2),(2,3),(0,1),(0,1)
  backend:    torch
  dtype:      FP32
*** benchmarking opt_einsum expression ***
  #flops :          6699220992
  #bytes :          49158528
  arith. intensity: 136.28
  time (eval):      0.013557
  time (compile):   0.000100
  gflops (eval):    494.15
  gflops (total):   490.52
CSV_DATA: opt_einsum,torch,"iaje,bf,dcba,cigj,dh->hgfei","24,48,12,56,32,64,8,84,8,72","(1,2),(2,3),(0,1),(0,1)",FP32,6699220992,136.27790059132772,0.00010037422180175781,0.013556957244873047,494.1537301471909,490.5219594579469
*** input parameters ***
  einsum_str: iaje,bf,dcba,cigj,dh->hgfei
  dim_sizes:  24,48,12,56,32,64,8,84,8,72
  cont_path:  (1,2),(2,3),(0,1),(0,1)
  backend:    torch
  dtype:      FP32
*** benchmarking opt_einsum expression ***
  #flops :          6699220992
  #bytes :          49158528
  arith. intensity: 136.28
  time (eval):      0.013578
  time (compile):   0.000098
  gflops (eval):    493.37
  gflops (total):   489.84
CSV_DATA: opt_einsum,torch,"iaje,bf,dcba,cigj,dh->hgfei","24,48,12,56,32,64,8,84,8,72","(1,2),(2,3),(0,1),(0,1)",FP32,6699220992,136.27790059132772,9.799003601074219e-05,0.013578414916992188,493.37282981509986,489.8378641917189
*** input parameters ***
  einsum_str: iaje,bf,dcba,cigj,dh->hgfei
  dim_sizes:  24,48,12,56,32,64,8,84,8,72
  cont_path:  (1,2),(2,3),(0,1),(0,1)
  backend:    torch
  dtype:      FP32
*** benchmarking opt_einsum expression ***
  #flops :          6699220992
  #bytes :          49158528
  arith. intensity: 136.28
  time (eval):      0.013713
  time (compile):   0.000103
  gflops (eval):    488.53
  gflops (total):   484.91
CSV_DATA: opt_einsum,torch,"iaje,bf,dcba,cigj,dh->hgfei","24,48,12,56,32,64,8,84,8,72","(1,2),(2,3),(0,1),(0,1)",FP32,6699220992,136.27790059132772,0.00010251998901367188,0.013712882995605469,488.53483210984024,484.90956068804695
*** input parameters ***
  einsum_str: iaje,bf,dcba,cigj,dh->hgfei
  dim_sizes:  24,48,12,56,32,64,8,84,8,72
  cont_path:  (1,2),(2,3),(0,1),(0,1)
  backend:    torch
  dtype:      FP32
*** benchmarking opt_einsum expression ***
  #flops :          6699220992
  #bytes :          49158528
  arith. intensity: 136.28
  time (eval):      0.013564
  time (compile):   0.000105
  gflops (eval):    493.90
  gflops (total):   490.09
CSV_DATA: opt_einsum,torch,"iaje,bf,dcba,cigj,dh->hgfei","24,48,12,56,32,64,8,84,8,72","(1,2),(2,3),(0,1),(0,1)",FP32,6699220992,136.27790059132772,0.00010538101196289062,0.013563871383666992,493.90183690969695,490.0941761922378
*** input parameters ***
  einsum_str: iaje,bf,dcba,cigj,dh->hgfei
  dim_sizes:  24,48,12,56,32,64,8,84,8,72
  cont_path:  (1,2),(2,3),(0,1),(0,1)
  backend:    torch
  dtype:      FP32
*** benchmarking opt_einsum expression ***
  #flops :          6699220992
  #bytes :          49158528
  arith. intensity: 136.28
  time (eval):      0.013569
  time (compile):   0.000098
  gflops (eval):    493.72
  gflops (total):   490.17
CSV_DATA: opt_einsum,torch,"iaje,bf,dcba,cigj,dh->hgfei","24,48,12,56,32,64,8,84,8,72","(1,2),(2,3),(0,1),(0,1)",FP32,6699220992,136.27790059132772,9.822845458984375e-05,0.013568878173828125,493.7195917140422,490.17112210644
*** input parameters ***
  einsum_str: iaje,bf,dcba,cigj,dh->hgfei
  dim_sizes:  24,48,12,56,32,64,8,84,8,72
  cont_path:  (1,2),(2,3),(0,1),(0,1)
  backend:    torch
  dtype:      FP32
*** benchmarking opt_einsum expression ***
  #flops :          6699220992
  #bytes :          49158528
  arith. intensity: 136.28
  time (eval):      0.013772
  time (compile):   0.000098
  gflops (eval):    486.45
  gflops (total):   483.02
CSV_DATA: opt_einsum,torch,"iaje,bf,dcba,cigj,dh->hgfei","24,48,12,56,32,64,8,84,8,72","(1,2),(2,3),(0,1),(0,1)",FP32,6699220992,136.27790059132772,9.799003601074219e-05,0.013771533966064453,486.45423294950956,483.0173689448639
*** input parameters ***
  einsum_str: iaje,bf,dcba,cigj,dh->hgfei
  dim_sizes:  24,48,12,56,32,64,8,84,8,72
  cont_path:  (1,2),(2,3),(0,1),(0,1)
  backend:    torch
  dtype:      FP32
*** benchmarking opt_einsum expression ***
  #flops :          6699220992
  #bytes :          49158528
  arith. intensity: 136.28
  time (eval):      0.013605
  time (compile):   0.000099
  gflops (eval):    492.42
  gflops (total):   488.85
CSV_DATA: opt_einsum,torch,"iaje,bf,dcba,cigj,dh->hgfei","24,48,12,56,32,64,8,84,8,72","(1,2),(2,3),(0,1),(0,1)",FP32,6699220992,136.27790059132772,9.942054748535156e-05,0.01360464096069336,492.4217413274959,488.8493085062296
*** input parameters ***
  einsum_str: iaje,bf,dcba,cigj,dh->hgfei
  dim_sizes:  24,48,12,56,32,64,8,84,8,72
  cont_path:  (1,2),(2,3),(0,1),(0,1)
  backend:    torch
  dtype:      FP32
*** benchmarking opt_einsum expression ***
  #flops :          6699220992
  #bytes :          49158528
  arith. intensity: 136.28
  time (eval):      0.013486
  time (compile):   0.000097
  gflops (eval):    496.77
  gflops (total):   493.23
CSV_DATA: opt_einsum,torch,"iaje,bf,dcba,cigj,dh->hgfei","24,48,12,56,32,64,8,84,8,72","(1,2),(2,3),(0,1),(0,1)",FP32,6699220992,136.27790059132772,9.679794311523438e-05,0.01348567008972168,496.7658964982333,493.22560346205074
*** input parameters ***
  einsum_str: iaje,bf,dcba,cigj,dh->hgfei
  dim_sizes:  24,48,12,56,32,64,8,84,8,72
  cont_path:  (1,2),(2,3),(0,1),(0,1)
  backend:    torch
  dtype:      FP32
*** benchmarking opt_einsum expression ***
  #flops :          6699220992
  #bytes :          49158528
  arith. intensity: 136.28
  time (eval):      0.013967
  time (compile):   0.000101
  gflops (eval):    479.65
  gflops (total):   476.21
CSV_DATA: opt_einsum,torch,"iaje,bf,dcba,cigj,dh->hgfei","24,48,12,56,32,64,8,84,8,72","(1,2),(2,3),(0,1),(0,1)",FP32,6699220992,136.27790059132772,0.00010061264038085938,0.013967037200927734,479.64510265319666,476.2146533053618
*** input parameters ***
  einsum_str: iaje,bf,dcba,cigj,dh->hgfei
  dim_sizes:  24,48,12,56,32,64,8,84,8,72
  cont_path:  (1,2),(2,3),(0,1),(0,1)
  backend:    torch
  dtype:      FP32
*** benchmarking opt_einsum expression ***
  #flops :          6699220992
  #bytes :          49158528
  arith. intensity: 136.28
  time (eval):      0.013612
  time (compile):   0.000100
  gflops (eval):    492.15
  gflops (total):   488.58
CSV_DATA: opt_einsum,torch,"iaje,bf,dcba,cigj,dh->hgfei","24,48,12,56,32,64,8,84,8,72","(1,2),(2,3),(0,1),(0,1)",FP32,6699220992,136.27790059132772,9.965896606445312e-05,0.013612031936645508,492.1543692506887,488.5773052742879
*** input parameters ***
  einsum_str: iaje,bf,dcba,cigj,dh->hgfei
  dim_sizes:  24,48,12,56,32,64,8,84,8,72
  cont_path:  (1,2),(2,3),(0,1),(0,1)
  backend:    torch
  dtype:      FP32
*** benchmarking opt_einsum expression ***
  #flops :          6699220992
  #bytes :          49158528
  arith. intensity: 136.28
  time (eval):      0.013632
  time (compile):   0.000099
  gflops (eval):    491.45
  gflops (total):   487.90
CSV_DATA: opt_einsum,torch,"iaje,bf,dcba,cigj,dh->hgfei","24,48,12,56,32,64,8,84,8,72","(1,2),(2,3),(0,1),(0,1)",FP32,6699220992,136.27790059132772,9.918212890625e-05,0.013631582260131836,491.4485247683353,487.89861963899864
*** input parameters ***
  einsum_str: iaje,bf,dcba,cigj,dh->hgfei
  dim_sizes:  24,48,12,56,32,64,8,84,8,72
  cont_path:  (1,2),(2,3),(0,1),(0,1)
  backend:    torch
  dtype:      FP32
*** benchmarking opt_einsum expression ***
  #flops :          6699220992
  #bytes :          49158528
  arith. intensity: 136.28
  time (eval):      0.013525
  time (compile):   0.000099
  gflops (eval):    495.32
  gflops (total):   491.72
CSV_DATA: opt_einsum,torch,"iaje,bf,dcba,cigj,dh->hgfei","24,48,12,56,32,64,8,84,8,72","(1,2),(2,3),(0,1),(0,1)",FP32,6699220992,136.27790059132772,9.894371032714844e-05,0.013525009155273438,495.320994987124,491.72373525417936
*** input parameters ***
  einsum_str: iaje,bf,dcba,cigj,dh->hgfei
  dim_sizes:  24,48,12,56,32,64,8,84,8,72
  cont_path:  (1,2),(2,3),(0,1),(0,1)
  backend:    torch
  dtype:      FP32
*** benchmarking opt_einsum expression ***
  #flops :          6699220992
  #bytes :          49158528
  arith. intensity: 136.28
  time (eval):      0.013721
  time (compile):   0.000098
  gflops (eval):    488.26
  gflops (total):   484.78
CSV_DATA: opt_einsum,torch,"iaje,bf,dcba,cigj,dh->hgfei","24,48,12,56,32,64,8,84,8,72","(1,2),(2,3),(0,1),(0,1)",FP32,6699220992,136.27790059132772,9.846687316894531e-05,0.013720512390136719,488.2631786270517,484.7840686604712
*** input parameters ***
  einsum_str: iaje,bf,dcba,cigj,dh->hgfei
  dim_sizes:  24,48,12,56,32,64,8,84,8,72
  cont_path:  (1,2),(2,3),(0,1),(0,1)
  backend:    torch
  dtype:      FP32
*** benchmarking opt_einsum expression ***
  #flops :          6699220992
  #bytes :          49158528
  arith. intensity: 136.28
  time (eval):      0.013576
  time (compile):   0.000098
  gflops (eval):    493.47
  gflops (total):   489.91
CSV_DATA: opt_einsum,torch,"iaje,bf,dcba,cigj,dh->hgfei","24,48,12,56,32,64,8,84,8,72","(1,2),(2,3),(0,1),(0,1)",FP32,6699220992,136.27790059132772,9.846687316894531e-05,0.01357579231262207,493.46814077079034,489.91472963750687
*** input parameters ***
  einsum_str: iaje,bf,dcba,cigj,dh->hgfei
  dim_sizes:  24,48,12,56,32,64,8,84,8,72
  cont_path:  (1,2),(2,3),(0,1),(0,1)
  backend:    torch
  dtype:      FP32
*** benchmarking opt_einsum expression ***
  #flops :          6699220992
  #bytes :          49158528
  arith. intensity: 136.28
  time (eval):      0.013314
  time (compile):   0.000097
  gflops (eval):    503.18
  gflops (total):   499.56
CSV_DATA: opt_einsum,torch,"iaje,bf,dcba,cigj,dh->hgfei","24,48,12,56,32,64,8,84,8,72","(1,2),(2,3),(0,1),(0,1)",FP32,6699220992,136.27790059132772,9.655952453613281e-05,0.013313770294189453,503.17985393842577,499.5567657586995
*** input parameters ***
  einsum_str: iaje,bf,dcba,cigj,dh->hgfei
  dim_sizes:  24,48,12,56,32,64,8,84,8,72
  cont_path:  (1,2),(2,3),(0,1),(0,1)
  backend:    torch
  dtype:      FP32
*** benchmarking opt_einsum expression ***
  #flops :          6699220992
  #bytes :          49158528
  arith. intensity: 136.28
  time (eval):      0.013778
  time (compile):   0.000099
  gflops (eval):    486.24
  gflops (total):   482.78
CSV_DATA: opt_einsum,torch,"iaje,bf,dcba,cigj,dh->hgfei","24,48,12,56,32,64,8,84,8,72","(1,2),(2,3),(0,1),(0,1)",FP32,6699220992,136.27790059132772,9.870529174804688e-05,0.013777732849121094,486.23536726707226,482.77669845760573
*** input parameters ***
  einsum_str: iaje,bf,dcba,cigj,dh->hgfei
  dim_sizes:  24,48,12,56,32,64,8,84,8,72
  cont_path:  (1,2),(2,3),(0,1),(0,1)
  backend:    torch
  dtype:      FP32
*** benchmarking opt_einsum expression ***
  #flops :          6699220992
  #bytes :          49158528
  arith. intensity: 136.28
  time (eval):      0.013621
  time (compile):   0.000098
  gflops (eval):    491.84
  gflops (total):   488.31
CSV_DATA: opt_einsum,torch,"iaje,bf,dcba,cigj,dh->hgfei","24,48,12,56,32,64,8,84,8,72","(1,2),(2,3),(0,1),(0,1)",FP32,6699220992,136.27790059132772,9.846687316894531e-05,0.013620615005493164,491.8442367909393,488.31409064039434
*** input parameters ***
  einsum_str: iaje,bf,dcba,cigj,dh->hgfei
  dim_sizes:  24,48,12,56,32,64,8,84,8,72
  cont_path:  (1,2),(2,3),(0,1),(0,1)
  backend:    torch
  dtype:      FP32
*** benchmarking opt_einsum expression ***
  #flops :          6699220992
  #bytes :          49158528
  arith. intensity: 136.28
  time (eval):      0.013745
  time (compile):   0.000097
  gflops (eval):    487.39
  gflops (total):   483.99
CSV_DATA: opt_einsum,torch,"iaje,bf,dcba,cigj,dh->hgfei","24,48,12,56,32,64,8,84,8,72","(1,2),(2,3),(0,1),(0,1)",FP32,6699220992,136.27790059132772,9.655952453613281e-05,0.01374506950378418,487.39084150543044,483.99079171196036
*** input parameters ***
  einsum_str: iaje,bf,dcba,cigj,dh->hgfei
  dim_sizes:  24,48,12,56,32,64,8,84,8,72
  cont_path:  (1,2),(2,3),(0,1),(0,1)
  backend:    torch
  dtype:      FP32
*** benchmarking opt_einsum expression ***
  #flops :          6699220992
  #bytes :          49158528
  arith. intensity: 136.28
  time (eval):      0.013697
  time (compile):   0.000097
  gflops (eval):    489.10
  gflops (total):   485.67
CSV_DATA: opt_einsum,torch,"iaje,bf,dcba,cigj,dh->hgfei","24,48,12,56,32,64,8,84,8,72","(1,2),(2,3),(0,1),(0,1)",FP32,6699220992,136.27790059132772,9.679794311523438e-05,0.013696908950805664,489.1045867400576,485.6722738506537
*** input parameters ***
  einsum_str: iaje,bf,dcba,cigj,dh->hgfei
  dim_sizes:  24,48,12,56,32,64,8,84,8,72
  cont_path:  (1,2),(2,3),(0,1),(0,1)
  backend:    torch
  dtype:      FP32
*** benchmarking opt_einsum expression ***
  #flops :          6699220992
  #bytes :          49158528
  arith. intensity: 136.28
  time (eval):      0.013572
  time (compile):   0.000098
  gflops (eval):    493.62
  gflops (total):   490.07
CSV_DATA: opt_einsum,torch,"iaje,bf,dcba,cigj,dh->hgfei","24,48,12,56,32,64,8,84,8,72","(1,2),(2,3),(0,1),(0,1)",FP32,6699220992,136.27790059132772,9.846687316894531e-05,0.013571500778198242,493.62418360995673,490.0685329222403
*** input parameters ***
  einsum_str: iaje,bf,dcba,cigj,dh->hgfei
  dim_sizes:  24,48,12,56,32,64,8,84,8,72
  cont_path:  (1,2),(2,3),(0,1),(0,1)
  backend:    torch
  dtype:      FP32
*** benchmarking opt_einsum expression ***
  #flops :          6699220992
  #bytes :          49158528
  arith. intensity: 136.28
  time (eval):      0.013712
  time (compile):   0.000098
  gflops (eval):    488.58
  gflops (total):   485.09
CSV_DATA: opt_einsum,torch,"iaje,bf,dcba,cigj,dh->hgfei","24,48,12,56,32,64,8,84,8,72","(1,2),(2,3),(0,1),(0,1)",FP32,6699220992,136.27790059132772,9.846687316894531e-05,0.013711690902709961,488.5773052742879,485.0937332302598
*** input parameters ***
  einsum_str: iaje,bf,dcba,cigj,dh->hgfei
  dim_sizes:  24,48,12,56,32,64,8,84,8,72
  cont_path:  (1,2),(2,3),(0,1),(0,1)
  backend:    torch
  dtype:      FP32
*** benchmarking opt_einsum expression ***
  #flops :          6699220992
  #bytes :          49158528
  arith. intensity: 136.28
  time (eval):      0.013847
  time (compile):   0.000098
  gflops (eval):    483.81
  gflops (total):   480.42
CSV_DATA: opt_einsum,torch,"iaje,bf,dcba,cigj,dh->hgfei","24,48,12,56,32,64,8,84,8,72","(1,2),(2,3),(0,1),(0,1)",FP32,6699220992,136.27790059132772,9.775161743164062e-05,0.013846874237060547,483.8074555533863,480.4159725692376
*** input parameters ***
  einsum_str: iaje,bf,dcba,cigj,dh->hgfei
  dim_sizes:  24,48,12,56,32,64,8,84,8,72
  cont_path:  (1,2),(2,3),(0,1),(0,1)
  backend:    torch
  dtype:      FP32
*** benchmarking opt_einsum expression ***
  #flops :          6699220992
  #bytes :          49158528
  arith. intensity: 136.28
  time (eval):      0.013744
  time (compile):   0.000097
  gflops (eval):    487.43
  gflops (total):   484.03
CSV_DATA: opt_einsum,torch,"iaje,bf,dcba,cigj,dh->hgfei","24,48,12,56,32,64,8,84,8,72","(1,2),(2,3),(0,1),(0,1)",FP32,6699220992,136.27790059132772,9.655952453613281e-05,0.013743877410888672,487.433115977337,484.03247840053695
*** input parameters ***
  einsum_str: iaje,bf,dcba,cigj,dh->hgfei
  dim_sizes:  24,48,12,56,32,64,8,84,8,72
  cont_path:  (1,2),(2,3),(0,1),(0,1)
  backend:    torch
  dtype:      FP32
*** benchmarking opt_einsum expression ***
  #flops :          6699220992
  #bytes :          49158528
  arith. intensity: 136.28
  time (eval):      0.013916
  time (compile):   0.000102
  gflops (eval):    481.41
  gflops (total):   477.92
CSV_DATA: opt_einsum,torch,"iaje,bf,dcba,cigj,dh->hgfei","24,48,12,56,32,64,8,84,8,72","(1,2),(2,3),(0,1),(0,1)",FP32,6699220992,136.27790059132772,0.00010180473327636719,0.013915777206420898,481.4119177554024,477.9155934896345
*** input parameters ***
  einsum_str: iaje,bf,dcba,cigj,dh->hgfei
  dim_sizes:  24,48,12,56,32,64,8,84,8,72
  cont_path:  (1,2),(2,3),(0,1),(0,1)
  backend:    torch
  dtype:      FP32
*** benchmarking opt_einsum expression ***
  #flops :          6699220992
  #bytes :          49158528
  arith. intensity: 136.28
  time (eval):      0.013747
  time (compile):   0.000098
  gflops (eval):    487.31
  gflops (total):   483.86
CSV_DATA: opt_einsum,torch,"iaje,bf,dcba,cigj,dh->hgfei","24,48,12,56,32,64,8,84,8,72","(1,2),(2,3),(0,1),(0,1)",FP32,6699220992,136.27790059132772,9.799003601074219e-05,0.013747453689575195,487.30631455627844,483.85744254769196
*** input parameters ***
  einsum_str: iaje,bf,dcba,cigj,dh->hgfei
  dim_sizes:  24,48,12,56,32,64,8,84,8,72
  cont_path:  (1,2),(2,3),(0,1),(0,1)
  backend:    torch
  dtype:      FP32
*** benchmarking opt_einsum expression ***
  #flops :          6699220992
  #bytes :          49158528
  arith. intensity: 136.28
  time (eval):      0.013566
  time (compile):   0.000100
  gflops (eval):    493.84
  gflops (total):   490.22
CSV_DATA: opt_einsum,torch,"iaje,bf,dcba,cigj,dh->hgfei","24,48,12,56,32,64,8,84,8,72","(1,2),(2,3),(0,1),(0,1)",FP32,6699220992,136.27790059132772,0.00010013580322265625,0.013565540313720703,493.84107356373806,490.22243280696415
*** input parameters ***
  einsum_str: iaje,bf,dcba,cigj,dh->hgfei
  dim_sizes:  24,48,12,56,32,64,8,84,8,72
  cont_path:  (1,2),(2,3),(0,1),(0,1)
  backend:    torch
  dtype:      FP32
*** benchmarking opt_einsum expression ***
  #flops :          6699220992
  #bytes :          49158528
  arith. intensity: 136.28
  time (eval):      0.013735
  time (compile):   0.000101
  gflops (eval):    487.75
  gflops (total):   484.19
CSV_DATA: opt_einsum,torch,"iaje,bf,dcba,cigj,dh->hgfei","24,48,12,56,32,64,8,84,8,72","(1,2),(2,3),(0,1),(0,1)",FP32,6699220992,136.27790059132772,0.00010085105895996094,0.013735055923461914,487.7461751398144,484.19095332970727
*** input parameters ***
  einsum_str: iaje,bf,dcba,cigj,dh->hgfei
  dim_sizes:  24,48,12,56,32,64,8,84,8,72
  cont_path:  (1,2),(2,3),(0,1),(0,1)
  backend:    torch
  dtype:      FP32
*** benchmarking opt_einsum expression ***
  #flops :          6699220992
  #bytes :          49158528
  arith. intensity: 136.28
  time (eval):      0.013729
  time (compile):   0.000097
  gflops (eval):    487.95
  gflops (total):   484.52
CSV_DATA: opt_einsum,torch,"iaje,bf,dcba,cigj,dh->hgfei","24,48,12,56,32,64,8,84,8,72","(1,2),(2,3),(0,1),(0,1)",FP32,6699220992,136.27790059132772,9.703636169433594e-05,0.013729333877563477,487.94945565042235,484.52492419005324
*** input parameters ***
  einsum_str: iaje,bf,dcba,cigj,dh->hgfei
  dim_sizes:  24,48,12,56,32,64,8,84,8,72
  cont_path:  (1,2),(2,3),(0,1),(0,1)
  backend:    torch
  dtype:      FP32
*** benchmarking opt_einsum expression ***
  #flops :          6699220992
  #bytes :          49158528
  arith. intensity: 136.28
  time (eval):      0.013709
  time (compile):   0.000099
  gflops (eval):    488.68
  gflops (total):   485.16
CSV_DATA: opt_einsum,torch,"iaje,bf,dcba,cigj,dh->hgfei","24,48,12,56,32,64,8,84,8,72","(1,2),(2,3),(0,1),(0,1)",FP32,6699220992,136.27790059132772,9.942054748535156e-05,0.013708829879760742,488.67927100696653,485.16073975463723
*** input parameters ***
  einsum_str: iaje,bf,dcba,cigj,dh->hgfei
  dim_sizes:  24,48,12,56,32,64,8,84,8,72
  cont_path:  (1,2),(2,3),(0,1),(0,1)
  backend:    torch
  dtype:      FP32
*** benchmarking opt_einsum expression ***
  #flops :          6699220992
  #bytes :          49158528
  arith. intensity: 136.28
  time (eval):      0.013779
  time (compile):   0.000100
  gflops (eval):    486.18
  gflops (total):   482.69
CSV_DATA: opt_einsum,torch,"iaje,bf,dcba,cigj,dh->hgfei","24,48,12,56,32,64,8,84,8,72","(1,2),(2,3),(0,1),(0,1)",FP32,6699220992,136.27790059132772,9.965896606445312e-05,0.013779401779174805,486.17647553645764,482.6854723795298
*** input parameters ***
  einsum_str: iaje,bf,dcba,cigj,dh->hgfei
  dim_sizes:  24,48,12,56,32,64,8,84,8,72
  cont_path:  (1,2),(2,3),(0,1),(0,1)
  backend:    torch
  dtype:      FP32
*** benchmarking opt_einsum expression ***
  #flops :          6699220992
  #bytes :          49158528
  arith. intensity: 136.28
  time (eval):      0.013742
  time (compile):   0.000100
  gflops (eval):    487.49
  gflops (total):   483.98
CSV_DATA: opt_einsum,torch,"iaje,bf,dcba,cigj,dh->hgfei","24,48,12,56,32,64,8,84,8,72","(1,2),(2,3),(0,1),(0,1)",FP32,6699220992,136.27790059132772,9.965896606445312e-05,0.013742208480834961,487.49231255971773,483.98245523588145
*** input parameters ***
  einsum_str: iaje,bf,dcba,cigj,dh->hgfei
  dim_sizes:  24,48,12,56,32,64,8,84,8,72
  cont_path:  (1,2),(2,3),(0,1),(0,1)
  backend:    torch
  dtype:      FP32
*** benchmarking opt_einsum expression ***
  #flops :          6699220992
  #bytes :          49158528
  arith. intensity: 136.28
  time (eval):      0.013735
  time (compile):   0.000099
  gflops (eval):    487.76
  gflops (total):   484.28
CSV_DATA: opt_einsum,torch,"iaje,bf,dcba,cigj,dh->hgfei","24,48,12,56,32,64,8,84,8,72","(1,2),(2,3),(0,1),(0,1)",FP32,6699220992,136.27790059132772,9.870529174804688e-05,0.013734579086303711,487.7631087129962,484.2827494119297
*** input parameters ***
  einsum_str: iaje,bf,dcba,cigj,dh->hgfei
  dim_sizes:  24,48,12,56,32,64,8,84,8,72
  cont_path:  (1,2),(2,3),(0,1),(0,1)
  backend:    torch
  dtype:      FP32
*** benchmarking opt_einsum expression ***
  #flops :          6699220992
  #bytes :          49158528
  arith. intensity: 136.28
  time (eval):      0.013514
  time (compile):   0.000099
  gflops (eval):    495.74
  gflops (total):   492.13
CSV_DATA: opt_einsum,torch,"iaje,bf,dcba,cigj,dh->hgfei","24,48,12,56,32,64,8,84,8,72","(1,2),(2,3),(0,1),(0,1)",FP32,6699220992,136.27790059132772,9.918212890625e-05,0.013513565063476562,495.74046230821403,492.1285099416696
*** input parameters ***
  einsum_str: iaje,bf,dcba,cigj,dh->hgfei
  dim_sizes:  24,48,12,56,32,64,8,84,8,72
  cont_path:  (1,2),(2,3),(0,1),(0,1)
  backend:    torch
  dtype:      FP32
*** benchmarking opt_einsum expression ***
  #flops :          6699220992
  #bytes :          49158528
  arith. intensity: 136.28
  time (eval):      0.013506
  time (compile):   0.000099
  gflops (eval):    496.02
  gflops (total):   492.41
CSV_DATA: opt_einsum,torch,"iaje,bf,dcba,cigj,dh->hgfei","24,48,12,56,32,64,8,84,8,72","(1,2),(2,3),(0,1),(0,1)",FP32,6699220992,136.27790059132772,9.894371032714844e-05,0.013505935668945312,496.0205021118057,492.41311188738007
*** input parameters ***
  einsum_str: iaje,bf,dcba,cigj,dh->hgfei
  dim_sizes:  24,48,12,56,32,64,8,84,8,72
  cont_path:  (1,2),(2,3),(0,1),(0,1)
  backend:    torch
  dtype:      FP32
*** benchmarking opt_einsum expression ***
  #flops :          6699220992
  #bytes :          49158528
  arith. intensity: 136.28
  time (eval):      0.013639
  time (compile):   0.000104
  gflops (eval):    491.18
  gflops (total):   487.47
CSV_DATA: opt_einsum,torch,"iaje,bf,dcba,cigj,dh->hgfei","24,48,12,56,32,64,8,84,8,72","(1,2),(2,3),(0,1),(0,1)",FP32,6699220992,136.27790059132772,0.00010395050048828125,0.013638973236083984,491.18220822343056,487.46694083532094
*** input parameters ***
  einsum_str: iaje,bf,dcba,cigj,dh->hgfei
  dim_sizes:  24,48,12,56,32,64,8,84,8,72
  cont_path:  (1,2),(2,3),(0,1),(0,1)
  backend:    torch
  dtype:      FP32
*** benchmarking opt_einsum expression ***
  #flops :          6699220992
  #bytes :          49158528
  arith. intensity: 136.28
  time (eval):      0.013463
  time (compile):   0.000099
  gflops (eval):    497.58
  gflops (total):   493.94
CSV_DATA: opt_einsum,torch,"iaje,bf,dcba,cigj,dh->hgfei","24,48,12,56,32,64,8,84,8,72","(1,2),(2,3),(0,1),(0,1)",FP32,6699220992,136.27790059132772,9.942054748535156e-05,0.013463497161865234,497.5840163561107,493.9365655357036
*** input parameters ***
  einsum_str: iaje,bf,dcba,cigj,dh->hgfei
  dim_sizes:  24,48,12,56,32,64,8,84,8,72
  cont_path:  (1,2),(2,3),(0,1),(0,1)
  backend:    torch
  dtype:      FP32
*** benchmarking opt_einsum expression ***
  #flops :          6699220992
  #bytes :          49158528
  arith. intensity: 136.28
  time (eval):      0.013600
  time (compile):   0.000096
  gflops (eval):    492.58
  gflops (total):   489.11
CSV_DATA: opt_einsum,torch,"iaje,bf,dcba,cigj,dh->hgfei","24,48,12,56,32,64,8,84,8,72","(1,2),(2,3),(0,1),(0,1)",FP32,6699220992,136.27790059132772,9.632110595703125e-05,0.013600349426269531,492.5771229862837,489.11310060627994
*** input parameters ***
  einsum_str: iaje,bf,dcba,cigj,dh->hgfei
  dim_sizes:  24,48,12,56,32,64,8,84,8,72
  cont_path:  (1,2),(2,3),(0,1),(0,1)
  backend:    torch
  dtype:      FP32
*** benchmarking opt_einsum expression ***
  #flops :          6699220992
  #bytes :          49158528
  arith. intensity: 136.28
  time (eval):      0.013615
  time (compile):   0.000100
  gflops (eval):    492.06
  gflops (total):   488.48
CSV_DATA: opt_einsum,torch,"iaje,bf,dcba,cigj,dh->hgfei","24,48,12,56,32,64,8,84,8,72","(1,2),(2,3),(0,1),(0,1)",FP32,6699220992,136.27790059132772,9.965896606445312e-05,0.013614654541015625,492.0595650677635,488.4838740591351
*** input parameters ***
  einsum_str: iaje,bf,dcba,cigj,dh->hgfei
  dim_sizes:  24,48,12,56,32,64,8,84,8,72
  cont_path:  (1,2),(2,3),(0,1),(0,1)
  backend:    torch
  dtype:      FP32
*** benchmarking opt_einsum expression ***
  #flops :          6699220992
  #bytes :          49158528
  arith. intensity: 136.28
  time (eval):      0.013656
  time (compile):   0.000102
  gflops (eval):    490.57
  gflops (total):   486.95
CSV_DATA: opt_einsum,torch,"iaje,bf,dcba,cigj,dh->hgfei","24,48,12,56,32,64,8,84,8,72","(1,2),(2,3),(0,1),(0,1)",FP32,6699220992,136.27790059132772,0.00010156631469726562,0.013655900955200195,490.57334363932415,486.95162129576573
*** input parameters ***
  einsum_str: iaje,bf,dcba,cigj,dh->hgfei
  dim_sizes:  24,48,12,56,32,64,8,84,8,72
  cont_path:  (1,2),(2,3),(0,1),(0,1)
  backend:    torch
  dtype:      FP32
*** benchmarking opt_einsum expression ***
  #flops :          6699220992
  #bytes :          49158528
  arith. intensity: 136.28
  time (eval):      0.013651
  time (compile):   0.000099
  gflops (eval):    490.76
  gflops (total):   487.23
CSV_DATA: opt_einsum,torch,"iaje,bf,dcba,cigj,dh->hgfei","24,48,12,56,32,64,8,84,8,72","(1,2),(2,3),(0,1),(0,1)",FP32,6699220992,136.27790059132772,9.894371032714844e-05,0.013650655746459961,490.7618444437965,487.23026536552055
*** input parameters ***
  einsum_str: iaje,bf,dcba,cigj,dh->hgfei
  dim_sizes:  24,48,12,56,32,64,8,84,8,72
  cont_path:  (1,2),(2,3),(0,1),(0,1)
  backend:    torch
  dtype:      FP32
*** benchmarking opt_einsum expression ***
  #flops :          6699220992
  #bytes :          49158528
  arith. intensity: 136.28
  time (eval):      0.013633
  time (compile):   0.000100
  gflops (eval):    491.39
  gflops (total):   487.81
CSV_DATA: opt_einsum,torch,"iaje,bf,dcba,cigj,dh->hgfei","24,48,12,56,32,64,8,84,8,72","(1,2),(2,3),(0,1),(0,1)",FP32,6699220992,136.27790059132772,9.989738464355469e-05,0.013633251190185547,491.38836353449636,487.8139164880743
*** input parameters ***
  einsum_str: iaje,bf,dcba,cigj,dh->hgfei
  dim_sizes:  24,48,12,56,32,64,8,84,8,72
  cont_path:  (1,2),(2,3),(0,1),(0,1)
  backend:    torch
  dtype:      FP32
*** benchmarking opt_einsum expression ***
  #flops :          6699220992
  #bytes :          49158528
  arith. intensity: 136.28
  time (eval):      0.013702
  time (compile):   0.000096
  gflops (eval):    488.91
  gflops (total):   485.50
CSV_DATA: opt_einsum,torch,"iaje,bf,dcba,cigj,dh->hgfei","24,48,12,56,32,64,8,84,8,72","(1,2),(2,3),(0,1),(0,1)",FP32,6699220992,136.27790059132772,9.632110595703125e-05,0.013702392578125,488.90884958987976,485.4960502389517
*** input parameters ***
  einsum_str: iaje,bf,dcba,cigj,dh->hgfei
  dim_sizes:  24,48,12,56,32,64,8,84,8,72
  cont_path:  (1,2),(2,3),(0,1),(0,1)
  backend:    torch
  dtype:      FP32
*** benchmarking opt_einsum expression ***
  #flops :          6699220992
  #bytes :          49158528
  arith. intensity: 136.28
  time (eval):      0.013625
  time (compile):   0.000102
  gflops (eval):    491.69
  gflops (total):   488.04
CSV_DATA: opt_einsum,torch,"iaje,bf,dcba,cigj,dh->hgfei","24,48,12,56,32,64,8,84,8,72","(1,2),(2,3),(0,1),(0,1)",FP32,6699220992,136.27790059132772,0.00010180473327636719,0.013624906539916992,491.6893170880286,488.0426825238749
*** input parameters ***
  einsum_str: iaje,bf,dcba,cigj,dh->hgfei
  dim_sizes:  24,48,12,56,32,64,8,84,8,72
  cont_path:  (1,2),(2,3),(0,1),(0,1)
  backend:    torch
  dtype:      FP32
*** benchmarking opt_einsum expression ***
  #flops :          6699220992
  #bytes :          49158528
  arith. intensity: 136.28
  time (eval):      0.013489
  time (compile):   0.000104
  gflops (eval):    496.63
  gflops (total):   492.84
CSV_DATA: opt_einsum,torch,"iaje,bf,dcba,cigj,dh->hgfei","24,48,12,56,32,64,8,84,8,72","(1,2),(2,3),(0,1),(0,1)",FP32,6699220992,136.27790059132772,0.00010395050048828125,0.013489246368408203,496.63419356692657,492.8363104435677
*** input parameters ***
  einsum_str: iaje,bf,dcba,cigj,dh->hgfei
  dim_sizes:  24,48,12,56,32,64,8,84,8,72
  cont_path:  (1,2),(2,3),(0,1),(0,1)
  backend:    torch
  dtype:      FP32
*** benchmarking opt_einsum expression ***
  #flops :          6699220992
  #bytes :          49158528
  arith. intensity: 136.28
  time (eval):      0.013435
  time (compile):   0.000097
  gflops (eval):    498.65
  gflops (total):   495.08
CSV_DATA: opt_einsum,torch,"iaje,bf,dcba,cigj,dh->hgfei","24,48,12,56,32,64,8,84,8,72","(1,2),(2,3),(0,1),(0,1)",FP32,6699220992,136.27790059132772,9.703636169433594e-05,0.013434648513793945,498.65249434115196,495.0766333714421
*** input parameters ***
  einsum_str: iaje,bf,dcba,cigj,dh->hgfei
  dim_sizes:  24,48,12,56,32,64,8,84,8,72
  cont_path:  (1,2),(2,3),(0,1),(0,1)
  backend:    torch
  dtype:      FP32
*** benchmarking opt_einsum expression ***
  #flops :          6699220992
  #bytes :          49158528
  arith. intensity: 136.28
  time (eval):      0.013515
  time (compile):   0.000098
  gflops (eval):    495.70
  gflops (total):   492.15
CSV_DATA: opt_einsum,torch,"iaje,bf,dcba,cigj,dh->hgfei","24,48,12,56,32,64,8,84,8,72","(1,2),(2,3),(0,1),(0,1)",FP32,6699220992,136.27790059132772,9.751319885253906e-05,0.01351475715637207,495.69673464989984,492.1457491790656
*** input parameters ***
  einsum_str: iaje,bf,dcba,cigj,dh->hgfei
  dim_sizes:  24,48,12,56,32,64,8,84,8,72
  cont_path:  (1,2),(2,3),(0,1),(0,1)
  backend:    torch
  dtype:      FP32
*** benchmarking opt_einsum expression ***
  #flops :          6699220992
  #bytes :          49158528
  arith. intensity: 136.28
  time (eval):      0.013529
  time (compile):   0.000098
  gflops (eval):    495.17
  gflops (total):   491.62
CSV_DATA: opt_einsum,torch,"iaje,bf,dcba,cigj,dh->hgfei","24,48,12,56,32,64,8,84,8,72","(1,2),(2,3),(0,1),(0,1)",FP32,6699220992,136.27790059132772,9.775161743164062e-05,0.013529062271118164,495.1726038175975,491.6204952082857
*** input parameters ***
  einsum_str: iaje,bf,dcba,cigj,dh->hgfei
  dim_sizes:  24,48,12,56,32,64,8,84,8,72
  cont_path:  (1,2),(2,3),(0,1),(0,1)
  backend:    torch
  dtype:      FP32
*** benchmarking opt_einsum expression ***
  #flops :          6699220992
  #bytes :          49158528
  arith. intensity: 136.28
  time (eval):      0.013268
  time (compile):   0.000095
  gflops (eval):    504.92
  gflops (total):   501.31
CSV_DATA: opt_einsum,torch,"iaje,bf,dcba,cigj,dh->hgfei","24,48,12,56,32,64,8,84,8,72","(1,2),(2,3),(0,1),(0,1)",FP32,6699220992,136.27790059132772,9.5367431640625e-05,0.013267993927001953,504.9158922485098,501.31256741533576
*** input parameters ***
  einsum_str: iaje,bf,dcba,cigj,dh->hgfei
  dim_sizes:  24,48,12,56,32,64,8,84,8,72
  cont_path:  (1,2),(2,3),(0,1),(0,1)
  backend:    torch
  dtype:      FP32
*** benchmarking opt_einsum expression ***
  #flops :          6699220992
  #bytes :          49158528
  arith. intensity: 136.28
  time (eval):      0.013370
  time (compile):   0.000101
  gflops (eval):    501.06
  gflops (total):   497.31
CSV_DATA: opt_einsum,torch,"iaje,bf,dcba,cigj,dh->hgfei","24,48,12,56,32,64,8,84,8,72","(1,2),(2,3),(0,1),(0,1)",FP32,6699220992,136.27790059132772,0.00010085105895996094,0.013370037078857422,501.0622597744137,497.3110104888333
*** input parameters ***
  einsum_str: iaje,bf,dcba,cigj,dh->hgfei
  dim_sizes:  24,48,12,56,32,64,8,84,8,72
  cont_path:  (1,2),(2,3),(0,1),(0,1)
  backend:    torch
  dtype:      FP32
*** benchmarking opt_einsum expression ***
  #flops :          6699220992
  #bytes :          49158528
  arith. intensity: 136.28
  time (eval):      0.013617
  time (compile):   0.000101
  gflops (eval):    491.97
  gflops (total):   488.36
CSV_DATA: opt_einsum,torch,"iaje,bf,dcba,cigj,dh->hgfei","24,48,12,56,32,64,8,84,8,72","(1,2),(2,3),(0,1),(0,1)",FP32,6699220992,136.27790059132772,0.00010085105895996094,0.01361703872680664,491.9734111361412,488.3565254293684
*** input parameters ***
  einsum_str: iaje,bf,dcba,cigj,dh->hgfei
  dim_sizes:  24,48,12,56,32,64,8,84,8,72
  cont_path:  (1,2),(2,3),(0,1),(0,1)
  backend:    torch
  dtype:      FP32
*** benchmarking opt_einsum expression ***
  #flops :          6699220992
  #bytes :          49158528
  arith. intensity: 136.28
  time (eval):      0.013628
  time (compile):   0.000101
  gflops (eval):    491.57
  gflops (total):   487.95
CSV_DATA: opt_einsum,torch,"iaje,bf,dcba,cigj,dh->hgfei","24,48,12,56,32,64,8,84,8,72","(1,2),(2,3),(0,1),(0,1)",FP32,6699220992,136.27790059132772,0.0001010894775390625,0.013628244400024414,491.5688914404851,487.94945565042235
*** input parameters ***
  einsum_str: iaje,bf,dcba,cigj,dh->hgfei
  dim_sizes:  24,48,12,56,32,64,8,84,8,72
  cont_path:  (1,2),(2,3),(0,1),(0,1)
  backend:    torch
  dtype:      FP32
*** benchmarking opt_einsum expression ***
  #flops :          6699220992
  #bytes :          49158528
  arith. intensity: 136.28
  time (eval):      0.013730
  time (compile):   0.000097
  gflops (eval):    487.93
  gflops (total):   484.51
CSV_DATA: opt_einsum,torch,"iaje,bf,dcba,cigj,dh->hgfei","24,48,12,56,32,64,8,84,8,72","(1,2),(2,3),(0,1),(0,1)",FP32,6699220992,136.27790059132772,9.703636169433594e-05,0.01372981071472168,487.93250913625593,484.50821470547936
*** input parameters ***
  einsum_str: iaje,bf,dcba,cigj,dh->hgfei
  dim_sizes:  24,48,12,56,32,64,8,84,8,72
  cont_path:  (1,2),(2,3),(0,1),(0,1)
  backend:    torch
  dtype:      FP32
*** benchmarking opt_einsum expression ***
  #flops :          6699220992
  #bytes :          49158528
  arith. intensity: 136.28
  time (eval):      0.013641
  time (compile):   0.000101
  gflops (eval):    491.11
  gflops (total):   487.49
CSV_DATA: opt_einsum,torch,"iaje,bf,dcba,cigj,dh->hgfei","24,48,12,56,32,64,8,84,8,72","(1,2),(2,3),(0,1),(0,1)",FP32,6699220992,136.27790059132772,0.00010132789611816406,0.013640880584716797,491.1135282208825,487.49231255971773
*** input parameters ***
  einsum_str: iaje,bf,dcba,cigj,dh->hgfei
  dim_sizes:  24,48,12,56,32,64,8,84,8,72
  cont_path:  (1,2),(2,3),(0,1),(0,1)
  backend:    torch
  dtype:      FP32
*** benchmarking opt_einsum expression ***
  #flops :          6699220992
  #bytes :          49158528
  arith. intensity: 136.28
  time (eval):      0.013536
  time (compile):   0.000094
  gflops (eval):    494.91
  gflops (total):   491.48
CSV_DATA: opt_einsum,torch,"iaje,bf,dcba,cigj,dh->hgfei","24,48,12,56,32,64,8,84,8,72","(1,2),(2,3),(0,1),(0,1)",FP32,6699220992,136.27790059132772,9.441375732421875e-05,0.013536214828491211,494.9109538287903,491.48290923072136
*** input parameters ***
  einsum_str: iaje,bf,dcba,cigj,dh->hgfei
  dim_sizes:  24,48,12,56,32,64,8,84,8,72
  cont_path:  (1,2),(2,3),(0,1),(0,1)
  backend:    torch
  dtype:      FP32
*** benchmarking opt_einsum expression ***
  #flops :          6699220992
  #bytes :          49158528
  arith. intensity: 136.28
  time (eval):      0.013483
  time (compile):   0.000103
  gflops (eval):    496.88
  gflops (total):   493.13
CSV_DATA: opt_einsum,torch,"iaje,bf,dcba,cigj,dh->hgfei","24,48,12,56,32,64,8,84,8,72","(1,2),(2,3),(0,1),(0,1)",FP32,6699220992,136.27790059132772,0.00010251998901367188,0.01348257064819336,496.8800955548996,493.1303861640851
*** input parameters ***
  einsum_str: iaje,bf,dcba,cigj,dh->hgfei
  dim_sizes:  24,48,12,56,32,64,8,84,8,72
  cont_path:  (1,2),(2,3),(0,1),(0,1)
  backend:    torch
  dtype:      FP32
*** benchmarking opt_einsum expression ***
  #flops :          6699220992
  #bytes :          49158528
  arith. intensity: 136.28
  time (eval):      0.013628
  time (compile):   0.000100
  gflops (eval):    491.57
  gflops (total):   487.99
CSV_DATA: opt_einsum,torch,"iaje,bf,dcba,cigj,dh->hgfei","24,48,12,56,32,64,8,84,8,72","(1,2),(2,3),(0,1),(0,1)",FP32,6699220992,136.27790059132772,9.989738464355469e-05,0.013628244400024414,491.5688914404851,487.99182708630724
*** input parameters ***
  einsum_str: iaje,bf,dcba,cigj,dh->hgfei
  dim_sizes:  24,48,12,56,32,64,8,84,8,72
  cont_path:  (1,2),(2,3),(0,1),(0,1)
  backend:    torch
  dtype:      FP32
*** benchmarking opt_einsum expression ***
  #flops :          6699220992
  #bytes :          49158528
  arith. intensity: 136.28
  time (eval):      0.013609
  time (compile):   0.000100
  gflops (eval):    492.26
  gflops (total):   488.66
CSV_DATA: opt_einsum,torch,"iaje,bf,dcba,cigj,dh->hgfei","24,48,12,56,32,64,8,84,8,72","(1,2),(2,3),(0,1),(0,1)",FP32,6699220992,136.27790059132772,0.00010013580322265625,0.013609170913696289,492.2578336684636,488.6622737627097
*** input parameters ***
  einsum_str: iaje,bf,dcba,cigj,dh->hgfei
  dim_sizes:  24,48,12,56,32,64,8,84,8,72
  cont_path:  (1,2),(2,3),(0,1),(0,1)
  backend:    torch
  dtype:      FP32
*** benchmarking opt_einsum expression ***
  #flops :          6699220992
  #bytes :          49158528
  arith. intensity: 136.28
  time (eval):      0.013734
  time (compile):   0.000100
  gflops (eval):    487.77
  gflops (total):   484.25
CSV_DATA: opt_einsum,torch,"iaje,bf,dcba,cigj,dh->hgfei","24,48,12,56,32,64,8,84,8,72","(1,2),(2,3),(0,1),(0,1)",FP32,6699220992,136.27790059132772,9.989738464355469e-05,0.01373434066772461,487.77157594051954,484.2493649914618
*** input parameters ***
  einsum_str: iaje,bf,dcba,cigj,dh->hgfei
  dim_sizes:  24,48,12,56,32,64,8,84,8,72
  cont_path:  (1,2),(2,3),(0,1),(0,1)
  backend:    torch
  dtype:      FP32
*** benchmarking opt_einsum expression ***
  #flops :          6699220992
  #bytes :          49158528
  arith. intensity: 136.28
  time (eval):      0.013805
  time (compile):   0.000096
  gflops (eval):    485.27
  gflops (total):   481.91
CSV_DATA: opt_einsum,torch,"iaje,bf,dcba,cigj,dh->hgfei","24,48,12,56,32,64,8,84,8,72","(1,2),(2,3),(0,1),(0,1)",FP32,6699220992,136.27790059132772,9.632110595703125e-05,0.013805150985717773,485.2696648468917,481.9073079326594
*** input parameters ***
  einsum_str: iaje,bf,dcba,cigj,dh->hgfei
  dim_sizes:  24,48,12,56,32,64,8,84,8,72
  cont_path:  (1,2),(2,3),(0,1),(0,1)
  backend:    torch
  dtype:      FP32
*** benchmarking opt_einsum expression ***
  #flops :          6699220992
  #bytes :          49158528
  arith. intensity: 136.28
  time (eval):      0.013813
  time (compile):   0.000098
  gflops (eval):    484.99
  gflops (total):   481.57
CSV_DATA: opt_einsum,torch,"iaje,bf,dcba,cigj,dh->hgfei","24,48,12,56,32,64,8,84,8,72","(1,2),(2,3),(0,1),(0,1)",FP32,6699220992,136.27790059132772,9.822845458984375e-05,0.013813018798828125,484.99325814052696,481.5686810795498
*** input parameters ***
  einsum_str: iaje,bf,dcba,cigj,dh->hgfei
  dim_sizes:  24,48,12,56,32,64,8,84,8,72
  cont_path:  (1,2),(2,3),(0,1),(0,1)
  backend:    torch
  dtype:      FP32
*** benchmarking opt_einsum expression ***
  #flops :          6699220992
  #bytes :          49158528
  arith. intensity: 136.28
  time (eval):      0.013745
  time (compile):   0.000097
  gflops (eval):    487.38
  gflops (total):   483.97
CSV_DATA: opt_einsum,torch,"iaje,bf,dcba,cigj,dh->hgfei","24,48,12,56,32,64,8,84,8,72","(1,2),(2,3),(0,1),(0,1)",FP32,6699220992,136.27790059132772,9.703636169433594e-05,0.013745307922363281,487.3823874909729,483.96578314524135
*** input parameters ***
  einsum_str: iaje,bf,dcba,cigj,dh->hgfei
  dim_sizes:  24,48,12,56,32,64,8,84,8,72
  cont_path:  (1,2),(2,3),(0,1),(0,1)
  backend:    torch
  dtype:      FP32
*** benchmarking opt_einsum expression ***
  #flops :          6699220992
  #bytes :          49158528
  arith. intensity: 136.28
  time (eval):      0.013779
  time (compile):   0.000098
  gflops (eval):    486.20
  gflops (total):   482.75
CSV_DATA: opt_einsum,torch,"iaje,bf,dcba,cigj,dh->hgfei","24,48,12,56,32,64,8,84,8,72","(1,2),(2,3),(0,1),(0,1)",FP32,6699220992,136.27790059132772,9.846687316894531e-05,0.0137786865234375,486.20171310267114,482.75181519851503
*** input parameters ***
  einsum_str: iaje,bf,dcba,cigj,dh->hgfei
  dim_sizes:  24,48,12,56,32,64,8,84,8,72
  cont_path:  (1,2),(2,3),(0,1),(0,1)
  backend:    torch
  dtype:      FP32
*** benchmarking opt_einsum expression ***
  #flops :          6699220992
  #bytes :          49158528
  arith. intensity: 136.28
  time (eval):      0.013907
  time (compile):   0.000103
  gflops (eval):    481.70
  gflops (total):   478.16
CSV_DATA: opt_einsum,torch,"iaje,bf,dcba,cigj,dh->hgfei","24,48,12,56,32,64,8,84,8,72","(1,2),(2,3),(0,1),(0,1)",FP32,6699220992,136.27790059132772,0.000102996826171875,0.013907432556152344,481.70077150842707,478.1595773539849
*** input parameters ***
  einsum_str: iaje,bf,dcba,cigj,dh->hgfei
  dim_sizes:  24,48,12,56,32,64,8,84,8,72
  cont_path:  (1,2),(2,3),(0,1),(0,1)
  backend:    torch
  dtype:      FP32
*** benchmarking opt_einsum expression ***
  #flops :          6699220992
  #bytes :          49158528
  arith. intensity: 136.28
  time (eval):      0.013498
  time (compile):   0.000095
  gflops (eval):    496.31
  gflops (total):   492.83
CSV_DATA: opt_einsum,torch,"iaje,bf,dcba,cigj,dh->hgfei","24,48,12,56,32,64,8,84,8,72","(1,2),(2,3),(0,1),(0,1)",FP32,6699220992,136.27790059132772,9.5367431640625e-05,0.013498067855834961,496.3096247218859,492.8276664672379
*** input parameters ***
  einsum_str: iaje,bf,dcba,cigj,dh->hgfei
  dim_sizes:  24,48,12,56,32,64,8,84,8,72
  cont_path:  (1,2),(2,3),(0,1),(0,1)
  backend:    torch
  dtype:      FP32
*** benchmarking opt_einsum expression ***
  #flops :          6699220992
  #bytes :          49158528
  arith. intensity: 136.28
  time (eval):      0.013407
  time (compile):   0.000103
  gflops (eval):    499.67
  gflops (total):   495.88
CSV_DATA: opt_einsum,torch,"iaje,bf,dcba,cigj,dh->hgfei","24,48,12,56,32,64,8,84,8,72","(1,2),(2,3),(0,1),(0,1)",FP32,6699220992,136.27790059132772,0.00010251998901367188,0.013407230377197266,499.6722517272392,495.8804426731182
*** input parameters ***
  einsum_str: iaje,bf,dcba,cigj,dh->hgfei
  dim_sizes:  24,48,12,56,32,64,8,84,8,72
  cont_path:  (1,2),(2,3),(0,1),(0,1)
  backend:    torch
  dtype:      FP32
*** benchmarking opt_einsum expression ***
  #flops :          6699220992
  #bytes :          49158528
  arith. intensity: 136.28
  time (eval):      0.013617
  time (compile):   0.000097
  gflops (eval):    491.96
  gflops (total):   488.50
CSV_DATA: opt_einsum,torch,"iaje,bf,dcba,cigj,dh->hgfei","24,48,12,56,32,64,8,84,8,72","(1,2),(2,3),(0,1),(0,1)",FP32,6699220992,136.27790059132772,9.655952453613281e-05,0.013617277145385742,491.96479740225107,488.50085889481176
*** input parameters ***
  einsum_str: iaje,bf,dcba,cigj,dh->hgfei
  dim_sizes:  24,48,12,56,32,64,8,84,8,72
  cont_path:  (1,2),(2,3),(0,1),(0,1)
  backend:    torch
  dtype:      FP32
*** benchmarking opt_einsum expression ***
  #flops :          6699220992
  #bytes :          49158528
  arith. intensity: 136.28
  time (eval):      0.013552
  time (compile):   0.000102
  gflops (eval):    494.34
  gflops (total):   490.64
CSV_DATA: opt_einsum,torch,"iaje,bf,dcba,cigj,dh->hgfei","24,48,12,56,32,64,8,84,8,72","(1,2),(2,3),(0,1),(0,1)",FP32,6699220992,136.27790059132772,0.00010228157043457031,0.013551712036132812,494.34499302655826,490.6418726296874
*** input parameters ***
  einsum_str: iaje,bf,dcba,cigj,dh->hgfei
  dim_sizes:  24,48,12,56,32,64,8,84,8,72
  cont_path:  (1,2),(2,3),(0,1),(0,1)
  backend:    torch
  dtype:      FP32
*** benchmarking opt_einsum expression ***
  #flops :          6699220992
  #bytes :          49158528
  arith. intensity: 136.28
  time (eval):      0.013901
  time (compile):   0.000097
  gflops (eval):    481.92
  gflops (total):   478.60
CSV_DATA: opt_einsum,torch,"iaje,bf,dcba,cigj,dh->hgfei","24,48,12,56,32,64,8,84,8,72","(1,2),(2,3),(0,1),(0,1)",FP32,6699220992,136.27790059132772,9.655952453613281e-05,0.013900995254516602,481.92383849806316,478.5993766586539
*** input parameters ***
  einsum_str: iaje,bf,dcba,cigj,dh->hgfei
  dim_sizes:  24,48,12,56,32,64,8,84,8,72
  cont_path:  (1,2),(2,3),(0,1),(0,1)
  backend:    torch
  dtype:      FP32
*** benchmarking opt_einsum expression ***
  #flops :          6699220992
  #bytes :          49158528
  arith. intensity: 136.28
  time (eval):      0.013687
  time (compile):   0.000100
  gflops (eval):    489.45
  gflops (total):   485.91
CSV_DATA: opt_einsum,torch,"iaje,bf,dcba,cigj,dh->hgfei","24,48,12,56,32,64,8,84,8,72","(1,2),(2,3),(0,1),(0,1)",FP32,6699220992,136.27790059132772,9.989738464355469e-05,0.0136871337890625,489.45389847459535,485.9074377648775
*** input parameters ***
  einsum_str: iaje,bf,dcba,cigj,dh->hgfei
  dim_sizes:  24,48,12,56,32,64,8,84,8,72
  cont_path:  (1,2),(2,3),(0,1),(0,1)
  backend:    torch
  dtype:      FP32
*** benchmarking opt_einsum expression ***
  #flops :          6699220992
  #bytes :          49158528
  arith. intensity: 136.28
  time (eval):      0.013574
  time (compile):   0.000097
  gflops (eval):    493.54
  gflops (total):   490.03
CSV_DATA: opt_einsum,torch,"iaje,bf,dcba,cigj,dh->hgfei","24,48,12,56,32,64,8,84,8,72","(1,2),(2,3),(0,1),(0,1)",FP32,6699220992,136.27790059132772,9.72747802734375e-05,0.013573884963989258,493.5374809623517,490.02580010166497
*** input parameters ***
  einsum_str: iaje,bf,dcba,cigj,dh->hgfei
  dim_sizes:  24,48,12,56,32,64,8,84,8,72
  cont_path:  (1,2),(2,3),(0,1),(0,1)
  backend:    torch
  dtype:      FP32
*** benchmarking opt_einsum expression ***
  #flops :          6699220992
  #bytes :          49158528
  arith. intensity: 136.28
  time (eval):      0.013610
  time (compile):   0.000097
  gflops (eval):    492.23
  gflops (total):   488.75
CSV_DATA: opt_einsum,torch,"iaje,bf,dcba,cigj,dh->hgfei","24,48,12,56,32,64,8,84,8,72","(1,2),(2,3),(0,1),(0,1)",FP32,6699220992,136.27790059132772,9.703636169433594e-05,0.013609886169433594,492.23196348590795,488.747271810015
*** input parameters ***
  einsum_str: iaje,bf,dcba,cigj,dh->hgfei
  dim_sizes:  24,48,12,56,32,64,8,84,8,72
  cont_path:  (1,2),(2,3),(0,1),(0,1)
  backend:    torch
  dtype:      FP32
*** benchmarking opt_einsum expression ***
  #flops :          6699220992
  #bytes :          49158528
  arith. intensity: 136.28
  time (eval):      0.013594
  time (compile):   0.000100
  gflops (eval):    492.81
  gflops (total):   489.22
CSV_DATA: opt_einsum,torch,"iaje,bf,dcba,cigj,dh->hgfei","24,48,12,56,32,64,8,84,8,72","(1,2),(2,3),(0,1),(0,1)",FP32,6699220992,136.27790059132772,9.965896606445312e-05,0.013593912124633789,492.81037942419925,489.2238078459053
*** input parameters ***
  einsum_str: iaje,bf,dcba,cigj,dh->hgfei
  dim_sizes:  24,48,12,56,32,64,8,84,8,72
  cont_path:  (1,2),(2,3),(0,1),(0,1)
  backend:    torch
  dtype:      FP32
*** benchmarking opt_einsum expression ***
  #flops :          6699220992
  #bytes :          49158528
  arith. intensity: 136.28
  time (eval):      0.013594
  time (compile):   0.000098
  gflops (eval):    492.79
  gflops (total):   489.28
CSV_DATA: opt_einsum,torch,"iaje,bf,dcba,cigj,dh->hgfei","24,48,12,56,32,64,8,84,8,72","(1,2),(2,3),(0,1),(0,1)",FP32,6699220992,136.27790059132772,9.751319885253906e-05,0.013594388961791992,492.79309359388225,489.2834401969348
*** input parameters ***
  einsum_str: iaje,bf,dcba,cigj,dh->hgfei
  dim_sizes:  24,48,12,56,32,64,8,84,8,72
  cont_path:  (1,2),(2,3),(0,1),(0,1)
  backend:    torch
  dtype:      FP32
*** benchmarking opt_einsum expression ***
  #flops :          6699220992
  #bytes :          49158528
  arith. intensity: 136.28
  time (eval):      0.013351
  time (compile):   0.000099
  gflops (eval):    501.79
  gflops (total):   498.09
CSV_DATA: opt_einsum,torch,"iaje,bf,dcba,cigj,dh->hgfei","24,48,12,56,32,64,8,84,8,72","(1,2),(2,3),(0,1),(0,1)",FP32,6699220992,136.27790059132772,9.918212890625e-05,0.013350725173950195,501.78704937103004,498.08677793468826
*** input parameters ***
  einsum_str: iaje,bf,dcba,cigj,dh->hgfei
  dim_sizes:  24,48,12,56,32,64,8,84,8,72
  cont_path:  (1,2),(2,3),(0,1),(0,1)
  backend:    torch
  dtype:      FP32
*** benchmarking opt_einsum expression ***
  #flops :          6699220992
  #bytes :          49158528
  arith. intensity: 136.28
  time (eval):      0.013422
  time (compile):   0.000098
  gflops (eval):    499.10
  gflops (total):   495.49
CSV_DATA: opt_einsum,torch,"iaje,bf,dcba,cigj,dh->hgfei","24,48,12,56,32,64,8,84,8,72","(1,2),(2,3),(0,1),(0,1)",FP32,6699220992,136.27790059132772,9.799003601074219e-05,0.013422489166259766,499.1042204630639,495.48694922551215
*** input parameters ***
  einsum_str: iaje,bf,dcba,cigj,dh->hgfei
  dim_sizes:  24,48,12,56,32,64,8,84,8,72
  cont_path:  (1,2),(2,3),(0,1),(0,1)
  backend:    torch
  dtype:      FP32
*** benchmarking opt_einsum expression ***
  #flops :          6699220992
  #bytes :          49158528
  arith. intensity: 136.28
  time (eval):      0.013649
  time (compile):   0.000099
  gflops (eval):    490.80
  gflops (total):   487.27
CSV_DATA: opt_einsum,torch,"iaje,bf,dcba,cigj,dh->hgfei","24,48,12,56,32,64,8,84,8,72","(1,2),(2,3),(0,1),(0,1)",FP32,6699220992,136.27790059132772,9.894371032714844e-05,0.013649463653564453,490.80470574025446,487.2725119852522
*** input parameters ***
  einsum_str: iaje,bf,dcba,cigj,dh->hgfei
  dim_sizes:  24,48,12,56,32,64,8,84,8,72
  cont_path:  (1,2),(2,3),(0,1),(0,1)
  backend:    torch
  dtype:      FP32
*** benchmarking opt_einsum expression ***
  #flops :          6699220992
  #bytes :          49158528
  arith. intensity: 136.28
  time (eval):      0.013346
  time (compile):   0.000096
  gflops (eval):    501.97
  gflops (total):   498.37
CSV_DATA: opt_einsum,torch,"iaje,bf,dcba,cigj,dh->hgfei","24,48,12,56,32,64,8,84,8,72","(1,2),(2,3),(0,1),(0,1)",FP32,6699220992,136.27790059132772,9.632110595703125e-05,0.013345956802368164,501.96633266573,498.3694755969133
*** input parameters ***
  einsum_str: iaje,bf,dcba,cigj,dh->hgfei
  dim_sizes:  24,48,12,56,32,64,8,84,8,72
  cont_path:  (1,2),(2,3),(0,1),(0,1)
  backend:    torch
  dtype:      FP32
*** benchmarking opt_einsum expression ***
  #flops :          6699220992
  #bytes :          49158528
  arith. intensity: 136.28
  time (eval):      0.013383
  time (compile):   0.000099
  gflops (eval):    500.56
  gflops (total):   496.89
CSV_DATA: opt_einsum,torch,"iaje,bf,dcba,cigj,dh->hgfei","24,48,12,56,32,64,8,84,8,72","(1,2),(2,3),(0,1),(0,1)",FP32,6699220992,136.27790059132772,9.894371032714844e-05,0.01338338851928711,500.5623936229303,496.8888822725348
*** input parameters ***
  einsum_str: iaje,bf,dcba,cigj,dh->hgfei
  dim_sizes:  24,48,12,56,32,64,8,84,8,72
  cont_path:  (1,2),(2,3),(0,1),(0,1)
  backend:    torch
  dtype:      FP32
*** benchmarking opt_einsum expression ***
  #flops :          6699220992
  #bytes :          49158528
  arith. intensity: 136.28
  time (eval):      0.013625
  time (compile):   0.000101
  gflops (eval):    491.68
  gflops (total):   488.07
CSV_DATA: opt_einsum,torch,"iaje,bf,dcba,cigj,dh->hgfei","24,48,12,56,32,64,8,84,8,72","(1,2),(2,3),(0,1),(0,1)",FP32,6699220992,136.27790059132772,0.00010085105895996094,0.013625144958496094,491.68071329932053,488.0681142177411
*** input parameters ***
  einsum_str: iaje,bf,dcba,cigj,dh->hgfei
  dim_sizes:  24,48,12,56,32,64,8,84,8,72
  cont_path:  (1,2),(2,3),(0,1),(0,1)
  backend:    torch
  dtype:      FP32
*** benchmarking opt_einsum expression ***
  #flops :          6699220992
  #bytes :          49158528
  arith. intensity: 136.28
  time (eval):      0.013598
  time (compile):   0.000099
  gflops (eval):    492.67
  gflops (total):   489.12
CSV_DATA: opt_einsum,torch,"iaje,bf,dcba,cigj,dh->hgfei","24,48,12,56,32,64,8,84,8,72","(1,2),(2,3),(0,1),(0,1)",FP32,6699220992,136.27790059132772,9.870529174804688e-05,0.013597726821899414,492.67212672715044,489.1216147689099
*** input parameters ***
  einsum_str: iaje,bf,dcba,cigj,dh->hgfei
  dim_sizes:  24,48,12,56,32,64,8,84,8,72
  cont_path:  (1,2),(2,3),(0,1),(0,1)
  backend:    torch
  dtype:      FP32
*** benchmarking opt_einsum expression ***
  #flops :          6699220992
  #bytes :          49158528
  arith. intensity: 136.28
  time (eval):      0.013601
  time (compile):   0.000100
  gflops (eval):    492.54
  gflops (total):   488.96
CSV_DATA: opt_einsum,torch,"iaje,bf,dcba,cigj,dh->hgfei","24,48,12,56,32,64,8,84,8,72","(1,2),(2,3),(0,1),(0,1)",FP32,6699220992,136.27790059132772,9.965896606445312e-05,0.013601303100585938,492.5425852550409,488.95989634966014
*** input parameters ***
  einsum_str: iaje,bf,dcba,cigj,dh->hgfei
  dim_sizes:  24,48,12,56,32,64,8,84,8,72
  cont_path:  (1,2),(2,3),(0,1),(0,1)
  backend:    torch
  dtype:      FP32
*** benchmarking opt_einsum expression ***
  #flops :          6699220992
  #bytes :          49158528
  arith. intensity: 136.28
  time (eval):      0.013642
  time (compile):   0.000100
  gflops (eval):    491.07
  gflops (total):   487.51
CSV_DATA: opt_einsum,torch,"iaje,bf,dcba,cigj,dh->hgfei","24,48,12,56,32,64,8,84,8,72","(1,2),(2,3),(0,1),(0,1)",FP32,6699220992,136.27790059132772,9.965896606445312e-05,0.013642072677612305,491.07061297173266,487.50922850997745
*** input parameters ***
  einsum_str: iaje,bf,dcba,cigj,dh->hgfei
  dim_sizes:  24,48,12,56,32,64,8,84,8,72
  cont_path:  (1,2),(2,3),(0,1),(0,1)
  backend:    torch
  dtype:      FP32
*** benchmarking opt_einsum expression ***
  #flops :          6699220992
  #bytes :          49158528
  arith. intensity: 136.28
  time (eval):      0.013751
  time (compile):   0.000098
  gflops (eval):    487.17
  gflops (total):   483.71
CSV_DATA: opt_einsum,torch,"iaje,bf,dcba,cigj,dh->hgfei","24,48,12,56,32,64,8,84,8,72","(1,2),(2,3),(0,1),(0,1)",FP32,6699220992,136.27790059132772,9.846687316894531e-05,0.01375126838684082,487.17113240337693,483.70751254311534
*** input parameters ***
  einsum_str: iaje,bf,dcba,cigj,dh->hgfei
  dim_sizes:  24,48,12,56,32,64,8,84,8,72
  cont_path:  (1,2),(2,3),(0,1),(0,1)
  backend:    torch
  dtype:      FP32
*** benchmarking opt_einsum expression ***
  #flops :          6699220992
  #bytes :          49158528
  arith. intensity: 136.28
  time (eval):      0.013701
  time (compile):   0.000099
  gflops (eval):    488.94
  gflops (total):   485.42
CSV_DATA: opt_einsum,torch,"iaje,bf,dcba,cigj,dh->hgfei","24,48,12,56,32,64,8,84,8,72","(1,2),(2,3),(0,1),(0,1)",FP32,6699220992,136.27790059132772,9.942054748535156e-05,0.013701438903808594,488.94287957871455,485.42056497589306
*** input parameters ***
  einsum_str: iaje,bf,dcba,cigj,dh->hgfei
  dim_sizes:  24,48,12,56,32,64,8,84,8,72
  cont_path:  (1,2),(2,3),(0,1),(0,1)
  backend:    torch
  dtype:      FP32
*** benchmarking opt_einsum expression ***
  #flops :          6699220992
  #bytes :          49158528
  arith. intensity: 136.28
  time (eval):      0.013741
  time (compile):   0.000101
  gflops (eval):    487.53
  gflops (total):   483.97
CSV_DATA: opt_einsum,torch,"iaje,bf,dcba,cigj,dh->hgfei","24,48,12,56,32,64,8,84,8,72","(1,2),(2,3),(0,1),(0,1)",FP32,6699220992,136.27790059132772,0.00010085105895996094,0.013741254806518555,487.5261456342426,483.9741190469801
*** input parameters ***
  einsum_str: iaje,bf,dcba,cigj,dh->hgfei
  dim_sizes:  24,48,12,56,32,64,8,84,8,72
  cont_path:  (1,2),(2,3),(0,1),(0,1)
  backend:    torch
  dtype:      FP32
*** benchmarking opt_einsum expression ***
  #flops :          6699220992
  #bytes :          49158528
  arith. intensity: 136.28
  time (eval):      0.013909
  time (compile):   0.000099
  gflops (eval):    481.64
  gflops (total):   478.22
CSV_DATA: opt_einsum,torch,"iaje,bf,dcba,cigj,dh->hgfei","24,48,12,56,32,64,8,84,8,72","(1,2),(2,3),(0,1),(0,1)",FP32,6699220992,136.27790059132772,9.942054748535156e-05,0.013909101486206055,481.64297303055537,478.2246817964049
*** input parameters ***
  einsum_str: iaje,bf,dcba,cigj,dh->hgfei
  dim_sizes:  24,48,12,56,32,64,8,84,8,72
  cont_path:  (1,2),(2,3),(0,1),(0,1)
  backend:    torch
  dtype:      FP32
*** benchmarking opt_einsum expression ***
  #flops :          6699220992
  #bytes :          49158528
  arith. intensity: 136.28
  time (eval):      0.013723
  time (compile):   0.000099
  gflops (eval):    488.17
  gflops (total):   484.67
CSV_DATA: opt_einsum,torch,"iaje,bf,dcba,cigj,dh->hgfei","24,48,12,56,32,64,8,84,8,72","(1,2),(2,3),(0,1),(0,1)",FP32,6699220992,136.27790059132772,9.918212890625e-05,0.013723134994506836,488.1698675034238,484.66700135626684
*** input parameters ***
  einsum_str: iaje,bf,dcba,cigj,dh->hgfei
  dim_sizes:  24,48,12,56,32,64,8,84,8,72
  cont_path:  (1,2),(2,3),(0,1),(0,1)
  backend:    torch
  dtype:      FP32
*** benchmarking opt_einsum expression ***
  #flops :          6699220992
  #bytes :          49158528
  arith. intensity: 136.28
  time (eval):      0.013590
  time (compile):   0.000098
  gflops (eval):    492.97
  gflops (total):   489.43
CSV_DATA: opt_einsum,torch,"iaje,bf,dcba,cigj,dh->hgfei","24,48,12,56,32,64,8,84,8,72","(1,2),(2,3),(0,1),(0,1)",FP32,6699220992,136.27790059132772,9.822845458984375e-05,0.013589620590209961,492.96600648484304,489.42832216177334
*** input parameters ***
  einsum_str: iaje,bf,dcba,cigj,dh->hgfei
  dim_sizes:  24,48,12,56,32,64,8,84,8,72
  cont_path:  (1,2),(2,3),(0,1),(0,1)
  backend:    torch
  dtype:      FP32
*** benchmarking opt_einsum expression ***
  #flops :          6699220992
  #bytes :          49158528
  arith. intensity: 136.28
  time (eval):      0.013653
  time (compile):   0.000102
  gflops (eval):    490.69
  gflops (total):   487.04
CSV_DATA: opt_einsum,torch,"iaje,bf,dcba,cigj,dh->hgfei","24,48,12,56,32,64,8,84,8,72","(1,2),(2,3),(0,1),(0,1)",FP32,6699220992,136.27790059132772,0.00010228157043457031,0.013652563095092773,490.69328193824236,487.0444672334045
*** input parameters ***
  einsum_str: iaje,bf,dcba,cigj,dh->hgfei
  dim_sizes:  24,48,12,56,32,64,8,84,8,72
  cont_path:  (1,2),(2,3),(0,1),(0,1)
  backend:    torch
  dtype:      FP32
*** benchmarking opt_einsum expression ***
  #flops :          6699220992
  #bytes :          49158528
  arith. intensity: 136.28
  time (eval):      0.013716
  time (compile):   0.000104
  gflops (eval):    488.41
  gflops (total):   484.73
CSV_DATA: opt_einsum,torch,"iaje,bf,dcba,cigj,dh->hgfei","24,48,12,56,32,64,8,84,8,72","(1,2),(2,3),(0,1),(0,1)",FP32,6699220992,136.27790059132772,0.00010418891906738281,0.013716459274291992,488.4074569124397,484.72552794006293
*** input parameters ***
  einsum_str: iaje,bf,dcba,cigj,dh->hgfei
  dim_sizes:  24,48,12,56,32,64,8,84,8,72
  cont_path:  (1,2),(2,3),(0,1),(0,1)
  backend:    torch
  dtype:      FP32
*** benchmarking opt_einsum expression ***
  #flops :          6699220992
  #bytes :          49158528
  arith. intensity: 136.28
  time (eval):      0.013470
  time (compile):   0.000099
  gflops (eval):    497.34
  gflops (total):   493.72
CSV_DATA: opt_einsum,torch,"iaje,bf,dcba,cigj,dh->hgfei","24,48,12,56,32,64,8,84,8,72","(1,2),(2,3),(0,1),(0,1)",FP32,6699220992,136.27790059132772,9.870529174804688e-05,0.013470172882080078,497.33741731795055,493.7195917140422
*** input parameters ***
  einsum_str: iaje,bf,dcba,cigj,dh->hgfei
  dim_sizes:  24,48,12,56,32,64,8,84,8,72
  cont_path:  (1,2),(2,3),(0,1),(0,1)
  backend:    torch
  dtype:      FP32
*** benchmarking opt_einsum expression ***
  #flops :          6699220992
  #bytes :          49158528
  arith. intensity: 136.28
  time (eval):      0.013514
  time (compile):   0.000101
  gflops (eval):    495.74
  gflops (total):   492.07
CSV_DATA: opt_einsum,torch,"iaje,bf,dcba,cigj,dh->hgfei","24,48,12,56,32,64,8,84,8,72","(1,2),(2,3),(0,1),(0,1)",FP32,6699220992,136.27790059132772,0.00010085105895996094,0.013513565063476562,495.74046230821403,492.06818212054657
