************************************
*** benchmark 1: abdfe,cf->abcde ***
************************************
einsum_str: abdfe,cf->abcde
  optimizing
    optimization time: 2154.572033882141
  verifying
    error (relative): 0.0
  benchmarking
    num_ops:  5159780352.0
    median:   0.003953481069105692
    gflops:   1305.1233234227127
CSV_DATA:"abdfe,cf->abcde","48,36,24,36,48,36",float32,"num_cores:48,vector_unit_bytes:64,cache_line_bytes:64,max_shared_memory_per_block:0,max_local_memory_per_block:0,max_threads_per_block:0,max_vthread_extent:0,warp_size:0","llvm -keys=cpu -mcpu=sapphirerapids",1000,10,2154.572033882141,0.0,5159780352.0,0.003953481069105692,1305.1233234227127
************************************
*** benchmark 2: acdfe,bf->abcde ***
************************************
einsum_str: acdfe,bf->abcde
  optimizing
    optimization time: 2137.7248611450195
  verifying
    error (relative): 0.0
  benchmarking
    num_ops:  5159780352.0
    median:   0.0045528667522973815
    gflops:   1133.3036156606975
CSV_DATA:"acdfe,bf->abcde","48,24,36,36,48,36",float32,"num_cores:48,vector_unit_bytes:64,cache_line_bytes:64,max_shared_memory_per_block:0,max_local_memory_per_block:0,max_threads_per_block:0,max_vthread_extent:0,warp_size:0","llvm -keys=cpu -mcpu=sapphirerapids",1000,10,2137.7248611450195,0.0,5159780352.0,0.0045528667522973815,1133.3036156606975
**********************************
*** benchmark 3: abed,ce->abcd ***
**********************************
einsum_str: abed,ce->abcd
  optimizing
    optimization time: 1416.5636868476868
  verifying
    error (relative): 0.0
  benchmarking
    num_ops:  3567255552.0
    median:   0.001673535836074935
    gflops:   2131.568069893587
CSV_DATA:"abed,ce->abcd","96,84,24,96,96",float32,"num_cores:48,vector_unit_bytes:64,cache_line_bytes:64,max_shared_memory_per_block:0,max_local_memory_per_block:0,max_threads_per_block:0,max_vthread_extent:0,warp_size:0","llvm -keys=cpu -mcpu=sapphirerapids",1000,10,1416.5636868476868,0.0,3567255552.0,0.001673535836074935,2131.568069893587
************************************
*** benchmark 4: abcfe,df->abcde ***
************************************
einsum_str: abcfe,df->abcde
  optimizing
    optimization time: 2347.812326192856
  verifying
    error (relative): 0.0
  benchmarking
    num_ops:  6879707136.0
    median:   0.00453240393119089
    gflops:   1517.8936477076868
CSV_DATA:"abcfe,df->abcde","48,36,36,24,48,48",float32,"num_cores:48,vector_unit_bytes:64,cache_line_bytes:64,max_shared_memory_per_block:0,max_local_memory_per_block:0,max_threads_per_block:0,max_vthread_extent:0,warp_size:0","llvm -keys=cpu -mcpu=sapphirerapids",1000,10,2347.812326192856,0.0,6879707136.0,0.00453240393119089,1517.8936477076868
**********************************
*** benchmark 5: aced,be->abcd ***
**********************************
einsum_str: aced,be->abcd
  optimizing
    optimization time: 1256.435096502304
  verifying
    error (relative): 0.0
  benchmarking
    num_ops:  3121348608.0
    median:   0.0014185568120521923
    gflops:   2200.3691226750516
CSV_DATA:"aced,be->abcd","96,24,84,96,84",float32,"num_cores:48,vector_unit_bytes:64,cache_line_bytes:64,max_shared_memory_per_block:0,max_local_memory_per_block:0,max_threads_per_block:0,max_vthread_extent:0,warp_size:0","llvm -keys=cpu -mcpu=sapphirerapids",1000,10,1256.435096502304,0.0,3121348608.0,0.0014185568120521923,2200.3691226750516
**************************************
*** benchmark 6: jki,efghjk->efghi ***
**************************************
einsum_str: jki,efghjk->efghi
  optimizing
    optimization time: 1241.7677867412567
  verifying
    error (relative): 0.0
  benchmarking
    num_ops:  2717908992.0
    median:   0.000792993033316205
    gflops:   3427.405888591504
CSV_DATA:"jki,efghjk->efghi","6,64,6,64,24,6,64",float32,"num_cores:48,vector_unit_bytes:64,cache_line_bytes:64,max_shared_memory_per_block:0,max_local_memory_per_block:0,max_threads_per_block:0,max_vthread_extent:0,warp_size:0","llvm -keys=cpu -mcpu=sapphirerapids",1000,10,1241.7677867412567,0.0,2717908992.0,0.000792993033316205,3427.405888591504
**********************************
*** benchmark 7: abed,ce->abcd ***
**********************************
einsum_str: abed,ce->abcd
  optimizing
    optimization time: 1287.7803936004639
  verifying
    error (relative): 0.0
  benchmarking
    num_ops:  3121348608.0
    median:   0.0015525066320455645
    gflops:   2010.5219157018014
CSV_DATA:"abed,ce->abcd","96,84,24,84,96",float32,"num_cores:48,vector_unit_bytes:64,cache_line_bytes:64,max_shared_memory_per_block:0,max_local_memory_per_block:0,max_threads_per_block:0,max_vthread_extent:0,warp_size:0","llvm -keys=cpu -mcpu=sapphirerapids",1000,10,1287.7803936004639,0.0,3121348608.0,0.0015525066320455645,2010.5219157018014
**************************************
*** benchmark 8: bcgf,adeg->abcdef ***
**************************************
einsum_str: bcgf,adeg->abcdef
  optimizing
    optimization time: 1527.8956387043
  verifying
    error (relative): 0.0
  benchmarking
    num_ops:  4423680000.0
    median:   0.002485067051019056
    gflops:   1780.1048861784127
CSV_DATA:"bcgf,adeg->abcdef","24,20,20,24,20,20,24",float32,"num_cores:48,vector_unit_bytes:64,cache_line_bytes:64,max_shared_memory_per_block:0,max_local_memory_per_block:0,max_threads_per_block:0,max_vthread_extent:0,warp_size:0","llvm -keys=cpu -mcpu=sapphirerapids",1000,10,1527.8956387043,0.0,4423680000.0,0.002485067051019056,1780.1048861784127
**************************************
*** benchmark 9: bdgf,aceg->abcdef ***
**************************************
einsum_str: bdgf,aceg->abcdef
  optimizing
    optimization time: 1527.9065301418304
  verifying
    error (relative): 0.0
  benchmarking
    num_ops:  4423680000.0
    median:   0.0024123812235505243
    gflops:   1833.7400228514716
CSV_DATA:"bdgf,aceg->abcdef","24,20,20,24,20,20,24",float32,"num_cores:48,vector_unit_bytes:64,cache_line_bytes:64,max_shared_memory_per_block:0,max_local_memory_per_block:0,max_threads_per_block:0,max_vthread_extent:0,warp_size:0","llvm -keys=cpu -mcpu=sapphirerapids",1000,10,1527.9065301418304,0.0,4423680000.0,0.0024123812235505243,1833.7400228514716
***************************************
*** benchmark 10: acgf,bdeg->abcdef ***
***************************************
einsum_str: acgf,bdeg->abcdef
  optimizing
    optimization time: 1536.6377985477448
  verifying
    error (relative): 0.0
  benchmarking
    num_ops:  4423680000.0
    median:   0.002417189544360511
    gflops:   1830.0923112632129
CSV_DATA:"acgf,bdeg->abcdef","24,20,20,24,20,20,24",float32,"num_cores:48,vector_unit_bytes:64,cache_line_bytes:64,max_shared_memory_per_block:0,max_local_memory_per_block:0,max_threads_per_block:0,max_vthread_extent:0,warp_size:0","llvm -keys=cpu -mcpu=sapphirerapids",1000,10,1536.6377985477448,0.0,4423680000.0,0.002417189544360511,1830.0923112632129
***************************************
*** benchmark 11: abgf,cdeg->abcdef ***
***************************************
einsum_str: abgf,cdeg->abcdef
  optimizing
    optimization time: 1529.058785200119
  verifying
    error (relative): 0.0
  benchmarking
    num_ops:  4423680000.0
    median:   0.0023383830040598396
    gflops:   1891.7687959242444
CSV_DATA:"abgf,cdeg->abcdef","24,20,20,24,20,20,24",float32,"num_cores:48,vector_unit_bytes:64,cache_line_bytes:64,max_shared_memory_per_block:0,max_local_memory_per_block:0,max_threads_per_block:0,max_vthread_extent:0,warp_size:0","llvm -keys=cpu -mcpu=sapphirerapids",1000,10,1529.058785200119,0.0,4423680000.0,0.0023383830040598396,1891.7687959242444
***************************************
*** benchmark 12: efhjki,gjk->efghi ***
***************************************
einsum_str: efhjki,gjk->efghi
  optimizing
    optimization time: 1216.5347819328308
  verifying
    error (relative): 4.4227139802829963e-07
  benchmarking
    num_ops:  2661285888.0
    median:   0.0028483795352125607
    gflops:   934.31575922392
CSV_DATA:"efhjki,gjk->efghi","6,64,24,4,94,6,64",float32,"num_cores:48,vector_unit_bytes:64,cache_line_bytes:64,max_shared_memory_per_block:0,max_local_memory_per_block:0,max_threads_per_block:0,max_vthread_extent:0,warp_size:0","llvm -keys=cpu -mcpu=sapphirerapids",1000,10,1216.5347819328308,4.4227139802829963e-07,2661285888.0,0.0028483795352125607,934.31575922392
***********************************
*** benchmark 13: bced,ae->abcd ***
***********************************
einsum_str: bced,ae->abcd
  optimizing
    optimization time: 1501.2527539730072
  verifying
    error (relative): 0.0
  benchmarking
    num_ops:  10924720128.0
    median:   0.003919086939605211
    gflops:   2787.567690218299
CSV_DATA:"bced,ae->abcd","96,84,84,84,96",float32,"num_cores:48,vector_unit_bytes:64,cache_line_bytes:64,max_shared_memory_per_block:0,max_local_memory_per_block:0,max_threads_per_block:0,max_vthread_extent:0,warp_size:0","llvm -keys=cpu -mcpu=sapphirerapids",1000,10,1501.2527539730072,0.0,10924720128.0,0.003919086939605211,2787.567690218299
***********************************
*** benchmark 14: aced,be->abcd ***
***********************************
einsum_str: aced,be->abcd
  optimizing
    optimization time: 1575.39750623703
  verifying
    error (relative): 0.0
  benchmarking
    num_ops:  10924720128.0
    median:   0.0039700204476785395
    gflops:   2751.8044987370795
CSV_DATA:"aced,be->abcd","96,84,84,84,96",float32,"num_cores:48,vector_unit_bytes:64,cache_line_bytes:64,max_shared_memory_per_block:0,max_local_memory_per_block:0,max_threads_per_block:0,max_vthread_extent:0,warp_size:0","llvm -keys=cpu -mcpu=sapphirerapids",1000,10,1575.39750623703,0.0,10924720128.0,0.0039700204476785395,2751.8044987370795
***********************************
*** benchmark 15: abed,ce->abcd ***
***********************************
einsum_str: abed,ce->abcd
  optimizing
    optimization time: 1681.5776448249817
  verifying
    error (relative): 0.0
  benchmarking
    num_ops:  10924720128.0
    median:   0.003395203955403947
    gflops:   3217.691859309884
CSV_DATA:"abed,ce->abcd","96,84,84,84,96",float32,"num_cores:48,vector_unit_bytes:64,cache_line_bytes:64,max_shared_memory_per_block:0,max_local_memory_per_block:0,max_threads_per_block:0,max_vthread_extent:0,warp_size:0","llvm -keys=cpu -mcpu=sapphirerapids",1000,10,1681.5776448249817,0.0,10924720128.0,0.003395203955403947,3217.691859309884
***********************************
*** benchmark 16: aedc,ebd->abc ***
***********************************
einsum_str: aedc,ebd->abc
  optimizing
    optimization time: 1214.6660900115967
  verifying
    error (relative): 1.6547007786604492e-06
  benchmarking
    num_ops:  10924720128.0
    median:   0.003127999079921639
    gflops:   3492.5586129883645
CSV_DATA:"aedc,ebd->abc","96,84,84,84,96",float32,"num_cores:48,vector_unit_bytes:64,cache_line_bytes:64,max_shared_memory_per_block:0,max_local_memory_per_block:0,max_threads_per_block:0,max_vthread_extent:0,warp_size:0","llvm -keys=cpu -mcpu=sapphirerapids",1000,10,1214.6660900115967,1.6547007786604492e-06,10924720128.0,0.003127999079921639,3492.5586129883645
*****************************************
*** benchmark 17: gkiljh,ekilfj->efgh ***
*****************************************
einsum_str: gkiljh,ekilfj->efgh
  optimizing
    optimization time: 2252.7269673347473
  verifying
    error (relative): 6.898244993773527e-06
  benchmarking
    num_ops:  42580574208.0
    median:   0.03507751175904073
    gflops:   1213.8995063418506
CSV_DATA:"gkiljh,ekilfj->efgh","6,64,4,94,6,64,6,64",float32,"num_cores:48,vector_unit_bytes:64,cache_line_bytes:64,max_shared_memory_per_block:0,max_local_memory_per_block:0,max_threads_per_block:0,max_vthread_extent:0,warp_size:0","llvm -keys=cpu -mcpu=sapphirerapids",1000,10,2252.7269673347473,6.898244993773527e-06,42580574208.0,0.03507751175904073,1213.8995063418506
*****************************************
*** benchmark 18: gikljh,eiklfj->efgh ***
*****************************************
einsum_str: gikljh,eiklfj->efgh
  optimizing
    optimization time: 2134.3023018836975
  verifying
    error (relative): 6.814661139332386e-06
  benchmarking
    num_ops:  41693478912.0
    median:   0.02199152828135106
    gflops:   1895.8881974272022
CSV_DATA:"gikljh,eiklfj->efgh","6,64,4,94,4,94,6,64",float32,"num_cores:48,vector_unit_bytes:64,cache_line_bytes:64,max_shared_memory_per_block:0,max_local_memory_per_block:0,max_threads_per_block:0,max_vthread_extent:0,warp_size:0","llvm -keys=cpu -mcpu=sapphirerapids",1000,10,2134.3023018836975,6.814661139332386e-06,41693478912.0,0.02199152828135106,1895.8881974272022
*****************************************
*** benchmark 19: efiklj,ghkl->efghij ***
*****************************************
einsum_str: efiklj,ghkl->efghij
  optimizing
    optimization time: 2067.6950714588165
  verifying
    error (relative): 3.127668816851323e-07
  benchmarking
    num_ops:  41693478912.0
    median:   0.01002927892835752
    gflops:   4157.176125006634
CSV_DATA:"efiklj,ghkl->efghij","6,64,4,94,4,94,6,64",float32,"num_cores:48,vector_unit_bytes:64,cache_line_bytes:64,max_shared_memory_per_block:0,max_local_memory_per_block:0,max_threads_per_block:0,max_vthread_extent:0,warp_size:0","llvm -keys=cpu -mcpu=sapphirerapids",1000,10,2067.6950714588165,3.127668816851323e-07,41693478912.0,0.01002927892835752,4157.176125006634
*****************************************
*** benchmark 20: efiklj,ghkl->efghij ***
*****************************************
einsum_str: efiklj,ghkl->efghij
  optimizing
    optimization time: 1850.2546541690826
  verifying
    error (relative): 0.0
  benchmarking
    num_ops:  41693478912.0
    median:   0.015423209466531442
    gflops:   2703.2946030121275
CSV_DATA:"efiklj,ghkl->efghij","6,64,6,64,4,94,4,94",float32,"num_cores:48,vector_unit_bytes:64,cache_line_bytes:64,max_shared_memory_per_block:0,max_local_memory_per_block:0,max_threads_per_block:0,max_vthread_extent:0,warp_size:0","llvm -keys=cpu -mcpu=sapphirerapids",1000,10,1850.2546541690826,0.0,41693478912.0,0.015423209466531442,2703.2946030121275
*************************************
*** benchmark 21: fihg,dieh->defg ***
*************************************
einsum_str: fihg,dieh->defg
  optimizing
    optimization time: 4748.978414058685
  verifying
    error (relative): 1.5735909645620367e-06
  benchmarking
    num_ops:  760685137920.0
    median:   0.2320510139278607
    gflops:   3278.094437270933
CSV_DATA:"fihg,dieh->defg","151,48,181,40,151,48",float32,"num_cores:48,vector_unit_bytes:64,cache_line_bytes:64,max_shared_memory_per_block:0,max_local_memory_per_block:0,max_threads_per_block:0,max_vthread_extent:0,warp_size:0","llvm -keys=cpu -mcpu=sapphirerapids",1000,10,4748.978414058685,1.5735909645620367e-06,760685137920.0,0.2320510139278607,3278.094437270933
*************************************
*** benchmark 22: cefd,aebf->abcd ***
*************************************
einsum_str: cefd,aebf->abcd
  optimizing
    optimization time: 4882.003276824951
  verifying
    error (relative): 1.6515772277136313e-06
  benchmarking
    num_ops:  917676490752.0
    median:   0.20873218780043384
    gflops:   4396.4301836829245
CSV_DATA:"cefd,aebf->abcd","96,84,84,84,84,96",float32,"num_cores:48,vector_unit_bytes:64,cache_line_bytes:64,max_shared_memory_per_block:0,max_local_memory_per_block:0,max_threads_per_block:0,max_vthread_extent:0,warp_size:0","llvm -keys=cpu -mcpu=sapphirerapids",1000,10,4882.003276824951,1.6515772277136313e-06,917676490752.0,0.20873218780043384,4396.4301836829245
*************************************
*** benchmark 23: aefd,becf->abcd ***
*************************************
einsum_str: aefd,becf->abcd
  optimizing
    optimization time: 5351.355782985687
  verifying
    error (relative): 1.7607076436626796e-06
  benchmarking
    num_ops:  1048773132288.0
    median:   0.30453766968992246
    gflops:   3443.8207048600966
CSV_DATA:"aefd,becf->abcd","96,84,84,84,96,96",float32,"num_cores:48,vector_unit_bytes:64,cache_line_bytes:64,max_shared_memory_per_block:0,max_local_memory_per_block:0,max_threads_per_block:0,max_vthread_extent:0,warp_size:0","llvm -keys=cpu -mcpu=sapphirerapids",1000,10,5351.355782985687,1.7607076436626796e-06,1048773132288.0,0.30453766968992246,3443.8207048600966
*************************************
*** benchmark 24: cfed,afbe->abcd ***
*************************************
einsum_str: cfed,afbe->abcd
  optimizing
    optimization time: 4802.673651456833
  verifying
    error (relative): 1.5519830845997861e-06
  benchmarking
    num_ops:  917676490752.0
    median:   0.17773046508547008
    gflops:   5163.304390784619
CSV_DATA:"cfed,afbe->abcd","96,84,84,96,84,84",float32,"num_cores:48,vector_unit_bytes:64,cache_line_bytes:64,max_shared_memory_per_block:0,max_local_memory_per_block:0,max_threads_per_block:0,max_vthread_extent:0,warp_size:0","llvm -keys=cpu -mcpu=sapphirerapids",1000,10,4802.673651456833,1.5519830845997861e-06,917676490752.0,0.17773046508547008,5163.304390784619
