*** input parameters ***
  einsum_str: aib,bjc,ckd,dle,ema->ijklm
  dim_sizes:  40,40,40,40,40,25,25,25,25,25
  cont_path:  (0,1),(0,1),(0,1),(0,1)
  backend:    torch
  dtype:      FP32
*** benchmarking opt_einsum expression ***
  #flops :          33410000000
  #bytes :          39862500
  arith. intensity: 838.13
  time (eval):      0.035992
  time (compile):   0.000154
  gflops (eval):    928.26
  gflops (total):   924.30
CSV_DATA: opt_einsum,torch,"aib,bjc,ckd,dle,ema->ijklm","40,40,40,40,40,25,25,25,25,25","(0,1),(0,1),(0,1),(0,1)",FP32,33410000000,838.1310755722797,0.00015425682067871094,0.03599190711975098,928.2642314240102,924.3027850773047
*** input parameters ***
  einsum_str: aib,bjc,ckd,dle,ema->ijklm
  dim_sizes:  40,40,40,40,40,25,25,25,25,25
  cont_path:  (0,1),(0,1),(0,1),(0,1)
  backend:    torch
  dtype:      FP32
*** benchmarking opt_einsum expression ***
  #flops :          33410000000
  #bytes :          39862500
  arith. intensity: 838.13
  time (eval):      0.036256
  time (compile):   0.000151
  gflops (eval):    921.50
  gflops (total):   917.67
CSV_DATA: opt_einsum,torch,"aib,bjc,ckd,dle,ema->ijklm","40,40,40,40,40,25,25,25,25,25","(0,1),(0,1),(0,1),(0,1)",FP32,33410000000,838.1310755722797,0.0001513957977294922,0.03625607490539551,921.5007440043665,917.6688013411568
*** input parameters ***
  einsum_str: aib,bjc,ckd,dle,ema->ijklm
  dim_sizes:  40,40,40,40,40,25,25,25,25,25
  cont_path:  (0,1),(0,1),(0,1),(0,1)
  backend:    torch
  dtype:      FP32
*** benchmarking opt_einsum expression ***
  #flops :          33410000000
  #bytes :          39862500
  arith. intensity: 838.13
  time (eval):      0.036383
  time (compile):   0.000152
  gflops (eval):    918.28
  gflops (total):   914.45
CSV_DATA: opt_einsum,torch,"aib,bjc,ckd,dle,ema->ijklm","40,40,40,40,40,25,25,25,25,25","(0,1),(0,1),(0,1),(0,1)",FP32,33410000000,838.1310755722797,0.00015211105346679688,0.03638339042663574,918.2761586600527,914.4530291501621
*** input parameters ***
  einsum_str: aib,bjc,ckd,dle,ema->ijklm
  dim_sizes:  40,40,40,40,40,25,25,25,25,25
  cont_path:  (0,1),(0,1),(0,1),(0,1)
  backend:    torch
  dtype:      FP32
*** benchmarking opt_einsum expression ***
  #flops :          33410000000
  #bytes :          39862500
  arith. intensity: 838.13
  time (eval):      0.035721
  time (compile):   0.000153
  gflops (eval):    935.31
  gflops (total):   931.32
CSV_DATA: opt_einsum,torch,"aib,bjc,ckd,dle,ema->ijklm","40,40,40,40,40,25,25,25,25,25","(0,1),(0,1),(0,1),(0,1)",FP32,33410000000,838.1310755722797,0.0001533031463623047,0.0357205867767334,935.3149826128165,931.3180162960404
*** input parameters ***
  einsum_str: aib,bjc,ckd,dle,ema->ijklm
  dim_sizes:  40,40,40,40,40,25,25,25,25,25
  cont_path:  (0,1),(0,1),(0,1),(0,1)
  backend:    torch
  dtype:      FP32
*** benchmarking opt_einsum expression ***
  #flops :          33410000000
  #bytes :          39862500
  arith. intensity: 838.13
  time (eval):      0.036076
  time (compile):   0.000159
  gflops (eval):    926.11
  gflops (total):   922.06
CSV_DATA: opt_einsum,torch,"aib,bjc,ckd,dle,ema->ijklm","40,40,40,40,40,25,25,25,25,25","(0,1),(0,1),(0,1),(0,1)",FP32,33410000000,838.1310755722797,0.00015854835510253906,0.036075592041015625,926.1109273553981,922.0585788639071
*** input parameters ***
  einsum_str: aib,bjc,ckd,dle,ema->ijklm
  dim_sizes:  40,40,40,40,40,25,25,25,25,25
  cont_path:  (0,1),(0,1),(0,1),(0,1)
  backend:    torch
  dtype:      FP32
*** benchmarking opt_einsum expression ***
  #flops :          33410000000
  #bytes :          39862500
  arith. intensity: 838.13
  time (eval):      0.036190
  time (compile):   0.000159
  gflops (eval):    923.18
  gflops (total):   919.14
CSV_DATA: opt_einsum,torch,"aib,bjc,ckd,dle,ema->ijklm","40,40,40,40,40,25,25,25,25,25","(0,1),(0,1),(0,1),(0,1)",FP32,33410000000,838.1310755722797,0.0001590251922607422,0.03619027137756348,923.1762771669313,919.1374566443658
*** input parameters ***
  einsum_str: aib,bjc,ckd,dle,ema->ijklm
  dim_sizes:  40,40,40,40,40,25,25,25,25,25
  cont_path:  (0,1),(0,1),(0,1),(0,1)
  backend:    torch
  dtype:      FP32
*** benchmarking opt_einsum expression ***
  #flops :          33410000000
  #bytes :          39862500
  arith. intensity: 838.13
  time (eval):      0.035731
  time (compile):   0.000150
  gflops (eval):    935.05
  gflops (total):   931.15
CSV_DATA: opt_einsum,torch,"aib,bjc,ckd,dle,ema->ijklm","40,40,40,40,40,25,25,25,25,25","(0,1),(0,1),(0,1),(0,1)",FP32,33410000000,838.1310755722797,0.00014972686767578125,0.035730600357055664,935.0528585059889,931.1509282159303
*** input parameters ***
  einsum_str: aib,bjc,ckd,dle,ema->ijklm
  dim_sizes:  40,40,40,40,40,25,25,25,25,25
  cont_path:  (0,1),(0,1),(0,1),(0,1)
  backend:    torch
  dtype:      FP32
*** benchmarking opt_einsum expression ***
  #flops :          33410000000
  #bytes :          39862500
  arith. intensity: 838.13
  time (eval):      0.035231
  time (compile):   0.000149
  gflops (eval):    948.32
  gflops (total):   944.32
CSV_DATA: opt_einsum,torch,"aib,bjc,ckd,dle,ema->ijklm","40,40,40,40,40,25,25,25,25,25","(0,1),(0,1),(0,1),(0,1)",FP32,33410000000,838.1310755722797,0.00014925003051757812,0.03523063659667969,948.3223474635917,944.3218502095772
*** input parameters ***
  einsum_str: aib,bjc,ckd,dle,ema->ijklm
  dim_sizes:  40,40,40,40,40,25,25,25,25,25
  cont_path:  (0,1),(0,1),(0,1),(0,1)
  backend:    torch
  dtype:      FP32
*** benchmarking opt_einsum expression ***
  #flops :          33410000000
  #bytes :          39862500
  arith. intensity: 838.13
  time (eval):      0.036235
  time (compile):   0.000149
  gflops (eval):    922.03
  gflops (total):   918.24
CSV_DATA: opt_einsum,torch,"aib,bjc,ckd,dle,ema->ijklm","40,40,40,40,40,25,25,25,25,25","(0,1),(0,1),(0,1),(0,1)",FP32,33410000000,838.1310755722797,0.0001494884490966797,0.03623533248901367,922.0282443973629,918.2400555668407
*** input parameters ***
  einsum_str: aib,bjc,ckd,dle,ema->ijklm
  dim_sizes:  40,40,40,40,40,25,25,25,25,25
  cont_path:  (0,1),(0,1),(0,1),(0,1)
  backend:    torch
  dtype:      FP32
*** benchmarking opt_einsum expression ***
  #flops :          33410000000
  #bytes :          39862500
  arith. intensity: 838.13
  time (eval):      0.035503
  time (compile):   0.000157
  gflops (eval):    941.04
  gflops (total):   936.90
CSV_DATA: opt_einsum,torch,"aib,bjc,ckd,dle,ema->ijklm","40,40,40,40,40,25,25,25,25,25","(0,1),(0,1),(0,1),(0,1)",FP32,33410000000,838.1310755722797,0.00015687942504882812,0.03550314903259277,941.0432851837675,936.9033465490844
*** input parameters ***
  einsum_str: aib,bjc,ckd,dle,ema->ijklm
  dim_sizes:  40,40,40,40,40,25,25,25,25,25
  cont_path:  (0,1),(0,1),(0,1),(0,1)
  backend:    torch
  dtype:      FP32
*** benchmarking opt_einsum expression ***
  #flops :          33410000000
  #bytes :          39862500
  arith. intensity: 838.13
  time (eval):      0.036218
  time (compile):   0.000152
  gflops (eval):    922.46
  gflops (total):   918.61
CSV_DATA: opt_einsum,torch,"aib,bjc,ckd,dle,ema->ijklm","40,40,40,40,40,25,25,25,25,25","(0,1),(0,1),(0,1),(0,1)",FP32,33410000000,838.1310755722797,0.00015163421630859375,0.03621840476989746,922.4591809678035,918.613257815624
*** input parameters ***
  einsum_str: aib,bjc,ckd,dle,ema->ijklm
  dim_sizes:  40,40,40,40,40,25,25,25,25,25
  cont_path:  (0,1),(0,1),(0,1),(0,1)
  backend:    torch
  dtype:      FP32
*** benchmarking opt_einsum expression ***
  #flops :          33410000000
  #bytes :          39862500
  arith. intensity: 838.13
  time (eval):      0.036319
  time (compile):   0.000154
  gflops (eval):    919.89
  gflops (total):   916.00
CSV_DATA: opt_einsum,torch,"aib,bjc,ckd,dle,ema->ijklm","40,40,40,40,40,25,25,25,25,25","(0,1),(0,1),(0,1),(0,1)",FP32,33410000000,838.1310755722797,0.00015425682067871094,0.03631949424743652,919.8916640299342,916.0012069393786
*** input parameters ***
  einsum_str: aib,bjc,ckd,dle,ema->ijklm
  dim_sizes:  40,40,40,40,40,25,25,25,25,25
  cont_path:  (0,1),(0,1),(0,1),(0,1)
  backend:    torch
  dtype:      FP32
*** benchmarking opt_einsum expression ***
  #flops :          33410000000
  #bytes :          39862500
  arith. intensity: 838.13
  time (eval):      0.036140
  time (compile):   0.000151
  gflops (eval):    924.47
  gflops (total):   920.63
CSV_DATA: opt_einsum,torch,"aib,bjc,ckd,dle,ema->ijklm","40,40,40,40,40,25,25,25,25,25","(0,1),(0,1),(0,1),(0,1)",FP32,33410000000,838.1310755722797,0.0001506805419921875,0.036139726638793945,924.4674242814074,920.6289649372919
*** input parameters ***
  einsum_str: aib,bjc,ckd,dle,ema->ijklm
  dim_sizes:  40,40,40,40,40,25,25,25,25,25
  cont_path:  (0,1),(0,1),(0,1),(0,1)
  backend:    torch
  dtype:      FP32
*** benchmarking opt_einsum expression ***
  #flops :          33410000000
  #bytes :          39862500
  arith. intensity: 838.13
  time (eval):      0.036613
  time (compile):   0.000153
  gflops (eval):    912.53
  gflops (total):   908.72
CSV_DATA: opt_einsum,torch,"aib,bjc,ckd,dle,ema->ijklm","40,40,40,40,40,25,25,25,25,25","(0,1),(0,1),(0,1),(0,1)",FP32,33410000000,838.1310755722797,0.0001533031463623047,0.036612510681152344,912.5296074600818,908.7246145765108
*** input parameters ***
  einsum_str: aib,bjc,ckd,dle,ema->ijklm
  dim_sizes:  40,40,40,40,40,25,25,25,25,25
  cont_path:  (0,1),(0,1),(0,1),(0,1)
  backend:    torch
  dtype:      FP32
*** benchmarking opt_einsum expression ***
  #flops :          33410000000
  #bytes :          39862500
  arith. intensity: 838.13
  time (eval):      0.037858
  time (compile):   0.000154
  gflops (eval):    882.51
  gflops (total):   878.95
CSV_DATA: opt_einsum,torch,"aib,bjc,ckd,dle,ema->ijklm","40,40,40,40,40,25,25,25,25,25","(0,1),(0,1),(0,1),(0,1)",FP32,33410000000,838.1310755722797,0.00015354156494140625,0.037857770919799805,882.513660690107,878.9488659043725
*** input parameters ***
  einsum_str: aib,bjc,ckd,dle,ema->ijklm
  dim_sizes:  40,40,40,40,40,25,25,25,25,25
  cont_path:  (0,1),(0,1),(0,1),(0,1)
  backend:    torch
  dtype:      FP32
*** benchmarking opt_einsum expression ***
  #flops :          33410000000
  #bytes :          39862500
  arith. intensity: 838.13
  time (eval):      0.036361
  time (compile):   0.000156
  gflops (eval):    918.84
  gflops (total):   914.91
CSV_DATA: opt_einsum,torch,"aib,bjc,ckd,dle,ema->ijklm","40,40,40,40,40,25,25,25,25,25","(0,1),(0,1),(0,1),(0,1)",FP32,33410000000,838.1310755722797,0.00015592575073242188,0.0363612174987793,918.8361198609928,914.9127512992609
*** input parameters ***
  einsum_str: aib,bjc,ckd,dle,ema->ijklm
  dim_sizes:  40,40,40,40,40,25,25,25,25,25
  cont_path:  (0,1),(0,1),(0,1),(0,1)
  backend:    torch
  dtype:      FP32
*** benchmarking opt_einsum expression ***
  #flops :          33410000000
  #bytes :          39862500
  arith. intensity: 838.13
  time (eval):      0.035962
  time (compile):   0.000178
  gflops (eval):    929.04
  gflops (total):   924.46
CSV_DATA: opt_einsum,torch,"aib,bjc,ckd,dle,ema->ijklm","40,40,40,40,40,25,25,25,25,25","(0,1),(0,1),(0,1),(0,1)",FP32,33410000000,838.1310755722797,0.00017833709716796875,0.03596186637878418,929.0396568435708,924.4552267734508
*** input parameters ***
  einsum_str: aib,bjc,ckd,dle,ema->ijklm
  dim_sizes:  40,40,40,40,40,25,25,25,25,25
  cont_path:  (0,1),(0,1),(0,1),(0,1)
  backend:    torch
  dtype:      FP32
*** benchmarking opt_einsum expression ***
  #flops :          33410000000
  #bytes :          39862500
  arith. intensity: 838.13
  time (eval):      0.036606
  time (compile):   0.000154
  gflops (eval):    912.69
  gflops (total):   908.87
CSV_DATA: opt_einsum,torch,"aib,bjc,ckd,dle,ema->ijklm","40,40,40,40,40,25,25,25,25,25","(0,1),(0,1),(0,1),(0,1)",FP32,33410000000,838.1310755722797,0.0001537799835205078,0.0366060733795166,912.6900788734964,908.8719606698577
*** input parameters ***
  einsum_str: aib,bjc,ckd,dle,ema->ijklm
  dim_sizes:  40,40,40,40,40,25,25,25,25,25
  cont_path:  (0,1),(0,1),(0,1),(0,1)
  backend:    torch
  dtype:      FP32
*** benchmarking opt_einsum expression ***
  #flops :          33410000000
  #bytes :          39862500
  arith. intensity: 838.13
  time (eval):      0.036368
  time (compile):   0.000152
  gflops (eval):    918.66
  gflops (total):   914.84
CSV_DATA: opt_einsum,torch,"aib,bjc,ckd,dle,ema->ijklm","40,40,40,40,40,25,25,25,25,25","(0,1),(0,1),(0,1),(0,1)",FP32,33410000000,838.1310755722797,0.0001518726348876953,0.036368370056152344,918.6554126130851,914.8351034424229
*** input parameters ***
  einsum_str: aib,bjc,ckd,dle,ema->ijklm
  dim_sizes:  40,40,40,40,40,25,25,25,25,25
  cont_path:  (0,1),(0,1),(0,1),(0,1)
  backend:    torch
  dtype:      FP32
*** benchmarking opt_einsum expression ***
  #flops :          33410000000
  #bytes :          39862500
  arith. intensity: 838.13
  time (eval):      0.036360
  time (compile):   0.000155
  gflops (eval):    918.86
  gflops (total):   914.95
CSV_DATA: opt_einsum,torch,"aib,bjc,ckd,dle,ema->ijklm","40,40,40,40,40,25,25,25,25,25","(0,1),(0,1),(0,1),(0,1)",FP32,33410000000,838.1310755722797,0.00015544891357421875,0.03636026382446289,918.8602195323464,914.9485932174617
*** input parameters ***
  einsum_str: aib,bjc,ckd,dle,ema->ijklm
  dim_sizes:  40,40,40,40,40,25,25,25,25,25
  cont_path:  (0,1),(0,1),(0,1),(0,1)
  backend:    torch
  dtype:      FP32
*** benchmarking opt_einsum expression ***
  #flops :          33410000000
  #bytes :          39862500
  arith. intensity: 838.13
  time (eval):      0.035906
  time (compile):   0.000153
  gflops (eval):    930.48
  gflops (total):   926.53
CSV_DATA: opt_einsum,torch,"aib,bjc,ckd,dle,ema->ijklm","40,40,40,40,40,25,25,25,25,25","(0,1),(0,1),(0,1),(0,1)",FP32,33410000000,838.1310755722797,0.00015282630920410156,0.035906314849853516,930.4769965870308,926.5334371838696
*** input parameters ***
  einsum_str: aib,bjc,ckd,dle,ema->ijklm
  dim_sizes:  40,40,40,40,40,25,25,25,25,25
  cont_path:  (0,1),(0,1),(0,1),(0,1)
  backend:    torch
  dtype:      FP32
*** benchmarking opt_einsum expression ***
  #flops :          33410000000
  #bytes :          39862500
  arith. intensity: 838.13
  time (eval):      0.037302
  time (compile):   0.000151
  gflops (eval):    895.67
  gflops (total):   892.07
CSV_DATA: opt_einsum,torch,"aib,bjc,ckd,dle,ema->ijklm","40,40,40,40,40,25,25,25,25,25","(0,1),(0,1),(0,1),(0,1)",FP32,33410000000,838.1310755722797,0.0001506805419921875,0.03730154037475586,895.6734672172013,892.0699275556065
*** input parameters ***
  einsum_str: aib,bjc,ckd,dle,ema->ijklm
  dim_sizes:  40,40,40,40,40,25,25,25,25,25
  cont_path:  (0,1),(0,1),(0,1),(0,1)
  backend:    torch
  dtype:      FP32
*** benchmarking opt_einsum expression ***
  #flops :          33410000000
  #bytes :          39862500
  arith. intensity: 838.13
  time (eval):      0.036942
  time (compile):   0.000152
  gflops (eval):    904.38
  gflops (total):   900.68
CSV_DATA: opt_einsum,torch,"aib,bjc,ckd,dle,ema->ijklm","40,40,40,40,40,25,25,25,25,25","(0,1),(0,1),(0,1),(0,1)",FP32,33410000000,838.1310755722797,0.00015163421630859375,0.036942481994628906,904.378866716576,900.6819251336899
*** input parameters ***
  einsum_str: aib,bjc,ckd,dle,ema->ijklm
  dim_sizes:  40,40,40,40,40,25,25,25,25,25
  cont_path:  (0,1),(0,1),(0,1),(0,1)
  backend:    torch
  dtype:      FP32
*** benchmarking opt_einsum expression ***
  #flops :          33410000000
  #bytes :          39862500
  arith. intensity: 838.13
  time (eval):      0.036668
  time (compile):   0.000151
  gflops (eval):    911.15
  gflops (total):   907.42
CSV_DATA: opt_einsum,torch,"aib,bjc,ckd,dle,ema->ijklm","40,40,40,40,40,25,25,25,25,25","(0,1),(0,1),(0,1),(0,1)",FP32,33410000000,838.1310755722797,0.0001506805419921875,0.036667823791503906,911.1530640588833,907.424150024607
*** input parameters ***
  einsum_str: aib,bjc,ckd,dle,ema->ijklm
  dim_sizes:  40,40,40,40,40,25,25,25,25,25
  cont_path:  (0,1),(0,1),(0,1),(0,1)
  backend:    torch
  dtype:      FP32
*** benchmarking opt_einsum expression ***
  #flops :          33410000000
  #bytes :          39862500
  arith. intensity: 838.13
  time (eval):      0.037161
  time (compile):   0.000156
  gflops (eval):    899.06
  gflops (total):   895.30
CSV_DATA: opt_einsum,torch,"aib,bjc,ckd,dle,ema->ijklm","40,40,40,40,40,25,25,25,25,25","(0,1),(0,1),(0,1),(0,1)",FP32,33410000000,838.1310755722797,0.000156402587890625,0.03716087341308594,899.0639059693066,895.2957873754153
*** input parameters ***
  einsum_str: aib,bjc,ckd,dle,ema->ijklm
  dim_sizes:  40,40,40,40,40,25,25,25,25,25
  cont_path:  (0,1),(0,1),(0,1),(0,1)
  backend:    torch
  dtype:      FP32
*** benchmarking opt_einsum expression ***
  #flops :          33410000000
  #bytes :          39862500
  arith. intensity: 838.13
  time (eval):      0.036498
  time (compile):   0.000151
  gflops (eval):    915.39
  gflops (total):   911.62
CSV_DATA: opt_einsum,torch,"aib,bjc,ckd,dle,ema->ijklm","40,40,40,40,40,25,25,25,25,25","(0,1),(0,1),(0,1),(0,1)",FP32,33410000000,838.1310755722797,0.00015091896057128906,0.036498069763183594,915.3908745525332,911.6213342701199
*** input parameters ***
  einsum_str: aib,bjc,ckd,dle,ema->ijklm
  dim_sizes:  40,40,40,40,40,25,25,25,25,25
  cont_path:  (0,1),(0,1),(0,1),(0,1)
  backend:    torch
  dtype:      FP32
*** benchmarking opt_einsum expression ***
  #flops :          33410000000
  #bytes :          39862500
  arith. intensity: 838.13
  time (eval):      0.036330
  time (compile):   0.000151
  gflops (eval):    919.64
  gflops (total):   915.84
CSV_DATA: opt_einsum,torch,"aib,bjc,ckd,dle,ema->ijklm","40,40,40,40,40,25,25,25,25,25","(0,1),(0,1),(0,1),(0,1)",FP32,33410000000,838.1310755722797,0.0001506805419921875,0.03632950782775879,919.6381123135382,915.8395691756695
*** input parameters ***
  einsum_str: aib,bjc,ckd,dle,ema->ijklm
  dim_sizes:  40,40,40,40,40,25,25,25,25,25
  cont_path:  (0,1),(0,1),(0,1),(0,1)
  backend:    torch
  dtype:      FP32
*** benchmarking opt_einsum expression ***
  #flops :          33410000000
  #bytes :          39862500
  arith. intensity: 838.13
  time (eval):      0.037201
  time (compile):   0.000161
  gflops (eval):    898.08
  gflops (total):   894.21
CSV_DATA: opt_einsum,torch,"aib,bjc,ckd,dle,ema->ijklm","40,40,40,40,40,25,25,25,25,25","(0,1),(0,1),(0,1),(0,1)",FP32,33410000000,838.1310755722797,0.00016117095947265625,0.0372014045715332,898.0843703295436,894.2103033628997
*** input parameters ***
  einsum_str: aib,bjc,ckd,dle,ema->ijklm
  dim_sizes:  40,40,40,40,40,25,25,25,25,25
  cont_path:  (0,1),(0,1),(0,1),(0,1)
  backend:    torch
  dtype:      FP32
*** benchmarking opt_einsum expression ***
  #flops :          33410000000
  #bytes :          39862500
  arith. intensity: 838.13
  time (eval):      0.035408
  time (compile):   0.000153
  gflops (eval):    943.56
  gflops (total):   939.50
CSV_DATA: opt_einsum,torch,"aib,bjc,ckd,dle,ema->ijklm","40,40,40,40,40,25,25,25,25,25","(0,1),(0,1),(0,1),(0,1)",FP32,33410000000,838.1310755722797,0.00015306472778320312,0.03540849685668945,943.5588337799804,939.4975504840571
*** input parameters ***
  einsum_str: aib,bjc,ckd,dle,ema->ijklm
  dim_sizes:  40,40,40,40,40,25,25,25,25,25
  cont_path:  (0,1),(0,1),(0,1),(0,1)
  backend:    torch
  dtype:      FP32
*** benchmarking opt_einsum expression ***
  #flops :          33410000000
  #bytes :          39862500
  arith. intensity: 838.13
  time (eval):      0.035839
  time (compile):   0.000149
  gflops (eval):    932.22
  gflops (total):   928.35
CSV_DATA: opt_einsum,torch,"aib,bjc,ckd,dle,ema->ijklm","40,40,40,40,40,25,25,25,25,25","(0,1),(0,1),(0,1),(0,1)",FP32,33410000000,838.1310755722797,0.00014925003051757812,0.03583931922912598,932.2163679060145,928.3503258759698
*** input parameters ***
  einsum_str: aib,bjc,ckd,dle,ema->ijklm
  dim_sizes:  40,40,40,40,40,25,25,25,25,25
  cont_path:  (0,1),(0,1),(0,1),(0,1)
  backend:    torch
  dtype:      FP32
*** benchmarking opt_einsum expression ***
  #flops :          33410000000
  #bytes :          39862500
  arith. intensity: 838.13
  time (eval):      0.035952
  time (compile):   0.000153
  gflops (eval):    929.29
  gflops (total):   925.35
CSV_DATA: opt_einsum,torch,"aib,bjc,ckd,dle,ema->ijklm","40,40,40,40,40,25,25,25,25,25","(0,1),(0,1),(0,1),(0,1)",FP32,33410000000,838.1310755722797,0.0001533031463623047,0.035952091217041016,929.2922572516148,925.3464915443387
*** input parameters ***
  einsum_str: aib,bjc,ckd,dle,ema->ijklm
  dim_sizes:  40,40,40,40,40,25,25,25,25,25
  cont_path:  (0,1),(0,1),(0,1),(0,1)
  backend:    torch
  dtype:      FP32
*** benchmarking opt_einsum expression ***
  #flops :          33410000000
  #bytes :          39862500
  arith. intensity: 838.13
  time (eval):      0.037593
  time (compile):   0.000161
  gflops (eval):    888.74
  gflops (total):   884.94
CSV_DATA: opt_einsum,torch,"aib,bjc,ckd,dle,ema->ijklm","40,40,40,40,40,25,25,25,25,25","(0,1),(0,1),(0,1),(0,1)",FP32,33410000000,838.1310755722797,0.00016117095947265625,0.03759264945983887,888.7375718408118,884.9435534982413
*** input parameters ***
  einsum_str: aib,bjc,ckd,dle,ema->ijklm
  dim_sizes:  40,40,40,40,40,25,25,25,25,25
  cont_path:  (0,1),(0,1),(0,1),(0,1)
  backend:    torch
  dtype:      FP32
*** benchmarking opt_einsum expression ***
  #flops :          33410000000
  #bytes :          39862500
  arith. intensity: 838.13
  time (eval):      0.036050
  time (compile):   0.000156
  gflops (eval):    926.76
  gflops (total):   922.76
CSV_DATA: opt_einsum,torch,"aib,bjc,ckd,dle,ema->ijklm","40,40,40,40,40,25,25,25,25,25","(0,1),(0,1),(0,1),(0,1)",FP32,33410000000,838.1310755722797,0.000156402587890625,0.03605031967163086,926.7601592529397,922.756822905006
*** input parameters ***
  einsum_str: aib,bjc,ckd,dle,ema->ijklm
  dim_sizes:  40,40,40,40,40,25,25,25,25,25
  cont_path:  (0,1),(0,1),(0,1),(0,1)
  backend:    torch
  dtype:      FP32
*** benchmarking opt_einsum expression ***
  #flops :          33410000000
  #bytes :          39862500
  arith. intensity: 838.13
  time (eval):      0.035543
  time (compile):   0.000152
  gflops (eval):    940.00
  gflops (total):   936.00
CSV_DATA: opt_einsum,torch,"aib,bjc,ckd,dle,ema->ijklm","40,40,40,40,40,25,25,25,25,25","(0,1),(0,1),(0,1),(0,1)",FP32,33410000000,838.1310755722797,0.00015163421630859375,0.03554272651672363,939.9954160601569,936.0021951333551
*** input parameters ***
  einsum_str: aib,bjc,ckd,dle,ema->ijklm
  dim_sizes:  40,40,40,40,40,25,25,25,25,25
  cont_path:  (0,1),(0,1),(0,1),(0,1)
  backend:    torch
  dtype:      FP32
*** benchmarking opt_einsum expression ***
  #flops :          33410000000
  #bytes :          39862500
  arith. intensity: 838.13
  time (eval):      0.036563
  time (compile):   0.000152
  gflops (eval):    913.77
  gflops (total):   909.98
CSV_DATA: opt_einsum,torch,"aib,bjc,ckd,dle,ema->ijklm","40,40,40,40,40,25,25,25,25,25","(0,1),(0,1),(0,1),(0,1)",FP32,33410000000,838.1310755722797,0.00015234947204589844,0.03656291961669922,913.7672907483243,909.9756267411279
*** input parameters ***
  einsum_str: aib,bjc,ckd,dle,ema->ijklm
  dim_sizes:  40,40,40,40,40,25,25,25,25,25
  cont_path:  (0,1),(0,1),(0,1),(0,1)
  backend:    torch
  dtype:      FP32
*** benchmarking opt_einsum expression ***
  #flops :          33410000000
  #bytes :          39862500
  arith. intensity: 838.13
  time (eval):      0.036536
  time (compile):   0.000153
  gflops (eval):    914.44
  gflops (total):   910.63
CSV_DATA: opt_einsum,torch,"aib,bjc,ckd,dle,ema->ijklm","40,40,40,40,40,25,25,25,25,25","(0,1),(0,1),(0,1),(0,1)",FP32,33410000000,838.1310755722797,0.000152587890625,0.036536216735839844,914.4351272480488,910.6320126848796
*** input parameters ***
  einsum_str: aib,bjc,ckd,dle,ema->ijklm
  dim_sizes:  40,40,40,40,40,25,25,25,25,25
  cont_path:  (0,1),(0,1),(0,1),(0,1)
  backend:    torch
  dtype:      FP32
*** benchmarking opt_einsum expression ***
  #flops :          33410000000
  #bytes :          39862500
  arith. intensity: 838.13
  time (eval):      0.035968
  time (compile):   0.000151
  gflops (eval):    928.89
  gflops (total):   925.01
CSV_DATA: opt_einsum,torch,"aib,bjc,ckd,dle,ema->ijklm","40,40,40,40,40,25,25,25,25,25","(0,1),(0,1),(0,1),(0,1)",FP32,33410000000,838.1310755722797,0.00015091896057128906,0.03596758842468262,928.891856899489,925.0105394344256
*** input parameters ***
  einsum_str: aib,bjc,ckd,dle,ema->ijklm
  dim_sizes:  40,40,40,40,40,25,25,25,25,25
  cont_path:  (0,1),(0,1),(0,1),(0,1)
  backend:    torch
  dtype:      FP32
*** benchmarking opt_einsum expression ***
  #flops :          33410000000
  #bytes :          39862500
  arith. intensity: 838.13
  time (eval):      0.036714
  time (compile):   0.000152
  gflops (eval):    910.01
  gflops (total):   906.25
CSV_DATA: opt_einsum,torch,"aib,bjc,ckd,dle,ema->ijklm","40,40,40,40,40,25,25,25,25,25","(0,1),(0,1),(0,1),(0,1)",FP32,33410000000,838.1310755722797,0.00015234947204589844,0.03671383857727051,910.0110828695557,906.2504633054816
*** input parameters ***
  einsum_str: aib,bjc,ckd,dle,ema->ijklm
  dim_sizes:  40,40,40,40,40,25,25,25,25,25
  cont_path:  (0,1),(0,1),(0,1),(0,1)
  backend:    torch
  dtype:      FP32
*** benchmarking opt_einsum expression ***
  #flops :          33410000000
  #bytes :          39862500
  arith. intensity: 838.13
  time (eval):      0.036652
  time (compile):   0.000153
  gflops (eval):    911.55
  gflops (total):   907.77
CSV_DATA: opt_einsum,torch,"aib,bjc,ckd,dle,ema->ijklm","40,40,40,40,40,25,25,25,25,25","(0,1),(0,1),(0,1),(0,1)",FP32,33410000000,838.1310755722797,0.00015282630920410156,0.0366518497467041,911.5501736172096,907.7650880352401
*** input parameters ***
  einsum_str: aib,bjc,ckd,dle,ema->ijklm
  dim_sizes:  40,40,40,40,40,25,25,25,25,25
  cont_path:  (0,1),(0,1),(0,1),(0,1)
  backend:    torch
  dtype:      FP32
*** benchmarking opt_einsum expression ***
  #flops :          33410000000
  #bytes :          39862500
  arith. intensity: 838.13
  time (eval):      0.036538
  time (compile):   0.000150
  gflops (eval):    914.38
  gflops (total):   910.65
CSV_DATA: opt_einsum,torch,"aib,bjc,ckd,dle,ema->ijklm","40,40,40,40,40,25,25,25,25,25","(0,1),(0,1),(0,1),(0,1)",FP32,33410000000,838.1310755722797,0.00014972686767578125,0.03653836250305176,914.3814257469675,910.6497659880038
*** input parameters ***
  einsum_str: aib,bjc,ckd,dle,ema->ijklm
  dim_sizes:  40,40,40,40,40,25,25,25,25,25
  cont_path:  (0,1),(0,1),(0,1),(0,1)
  backend:    torch
  dtype:      FP32
*** benchmarking opt_einsum expression ***
  #flops :          33410000000
  #bytes :          39862500
  arith. intensity: 838.13
  time (eval):      0.036664
  time (compile):   0.000155
  gflops (eval):    911.24
  gflops (total):   907.41
CSV_DATA: opt_einsum,torch,"aib,bjc,ckd,dle,ema->ijklm","40,40,40,40,40,25,25,25,25,25","(0,1),(0,1),(0,1),(0,1)",FP32,33410000000,838.1310755722797,0.00015473365783691406,0.036664485931396484,911.2360135776619,907.4065222656074
*** input parameters ***
  einsum_str: aib,bjc,ckd,dle,ema->ijklm
  dim_sizes:  40,40,40,40,40,25,25,25,25,25
  cont_path:  (0,1),(0,1),(0,1),(0,1)
  backend:    torch
  dtype:      FP32
*** benchmarking opt_einsum expression ***
  #flops :          33410000000
  #bytes :          39862500
  arith. intensity: 838.13
  time (eval):      0.037170
  time (compile):   0.000149
  gflops (eval):    898.84
  gflops (total):   895.26
CSV_DATA: opt_einsum,torch,"aib,bjc,ckd,dle,ema->ijklm","40,40,40,40,40,25,25,25,25,25","(0,1),(0,1),(0,1),(0,1)",FP32,33410000000,838.1310755722797,0.00014853477478027344,0.0371701717376709,898.8390001475276,895.2614686377983
*** input parameters ***
  einsum_str: aib,bjc,ckd,dle,ema->ijklm
  dim_sizes:  40,40,40,40,40,25,25,25,25,25
  cont_path:  (0,1),(0,1),(0,1),(0,1)
  backend:    torch
  dtype:      FP32
*** benchmarking opt_einsum expression ***
  #flops :          33410000000
  #bytes :          39862500
  arith. intensity: 838.13
  time (eval):      0.036431
  time (compile):   0.000155
  gflops (eval):    917.09
  gflops (total):   913.21
CSV_DATA: opt_einsum,torch,"aib,bjc,ckd,dle,ema->ijklm","40,40,40,40,40,25,25,25,25,25","(0,1),(0,1),(0,1),(0,1)",FP32,33410000000,838.1310755722797,0.00015473365783691406,0.03643059730529785,917.0862536239947,913.2075375692409
*** input parameters ***
  einsum_str: aib,bjc,ckd,dle,ema->ijklm
  dim_sizes:  40,40,40,40,40,25,25,25,25,25
  cont_path:  (0,1),(0,1),(0,1),(0,1)
  backend:    torch
  dtype:      FP32
*** benchmarking opt_einsum expression ***
  #flops :          33410000000
  #bytes :          39862500
  arith. intensity: 838.13
  time (eval):      0.037035
  time (compile):   0.000163
  gflops (eval):    902.13
  gflops (total):   898.17
CSV_DATA: opt_einsum,torch,"aib,bjc,ckd,dle,ema->ijklm","40,40,40,40,40,25,25,25,25,25","(0,1),(0,1),(0,1),(0,1)",FP32,33410000000,838.1310755722797,0.00016307830810546875,0.03703474998474121,902.125706634049,898.1707140796955
*** input parameters ***
  einsum_str: aib,bjc,ckd,dle,ema->ijklm
  dim_sizes:  40,40,40,40,40,25,25,25,25,25
  cont_path:  (0,1),(0,1),(0,1),(0,1)
  backend:    torch
  dtype:      FP32
*** benchmarking opt_einsum expression ***
  #flops :          33410000000
  #bytes :          39862500
  arith. intensity: 838.13
  time (eval):      0.035347
  time (compile):   0.000152
  gflops (eval):    945.21
  gflops (total):   941.16
CSV_DATA: opt_einsum,torch,"aib,bjc,ckd,dle,ema->ijklm","40,40,40,40,40,25,25,25,25,25","(0,1),(0,1),(0,1),(0,1)",FP32,33410000000,838.1310755722797,0.00015211105346679688,0.03534650802612305,945.2135972047972,941.1633710340382
*** input parameters ***
  einsum_str: aib,bjc,ckd,dle,ema->ijklm
  dim_sizes:  40,40,40,40,40,25,25,25,25,25
  cont_path:  (0,1),(0,1),(0,1),(0,1)
  backend:    torch
  dtype:      FP32
*** benchmarking opt_einsum expression ***
  #flops :          33410000000
  #bytes :          39862500
  arith. intensity: 838.13
  time (eval):      0.037081
  time (compile):   0.000154
  gflops (eval):    901.00
  gflops (total):   897.29
CSV_DATA: opt_einsum,torch,"aib,bjc,ckd,dle,ema->ijklm","40,40,40,40,40,25,25,25,25,25","(0,1),(0,1),(0,1),(0,1)",FP32,33410000000,838.1310755722797,0.00015354156494140625,0.037081003189086914,901.0004349028156,897.28504056399
*** input parameters ***
  einsum_str: aib,bjc,ckd,dle,ema->ijklm
  dim_sizes:  40,40,40,40,40,25,25,25,25,25
  cont_path:  (0,1),(0,1),(0,1),(0,1)
  backend:    torch
  dtype:      FP32
*** benchmarking opt_einsum expression ***
  #flops :          33410000000
  #bytes :          39862500
  arith. intensity: 838.13
  time (eval):      0.036676
  time (compile):   0.000153
  gflops (eval):    910.96
  gflops (total):   907.18
CSV_DATA: opt_einsum,torch,"aib,bjc,ckd,dle,ema->ijklm","40,40,40,40,40,25,25,25,25,25","(0,1),(0,1),(0,1),(0,1)",FP32,33410000000,838.1310755722797,0.00015282630920410156,0.03667569160461426,910.9575999323926,907.1774237068687
*** input parameters ***
  einsum_str: aib,bjc,ckd,dle,ema->ijklm
  dim_sizes:  40,40,40,40,40,25,25,25,25,25
  cont_path:  (0,1),(0,1),(0,1),(0,1)
  backend:    torch
  dtype:      FP32
*** benchmarking opt_einsum expression ***
  #flops :          33410000000
  #bytes :          39862500
  arith. intensity: 838.13
  time (eval):      0.035643
  time (compile):   0.000149
  gflops (eval):    937.34
  gflops (total):   933.45
CSV_DATA: opt_einsum,torch,"aib,bjc,ckd,dle,ema->ijklm","40,40,40,40,40,25,25,25,25,25","(0,1),(0,1),(0,1),(0,1)",FP32,33410000000,838.1310755722797,0.00014853477478027344,0.03564333915710449,937.3420333246377,933.4521032227123
*** input parameters ***
  einsum_str: aib,bjc,ckd,dle,ema->ijklm
  dim_sizes:  40,40,40,40,40,25,25,25,25,25
  cont_path:  (0,1),(0,1),(0,1),(0,1)
  backend:    torch
  dtype:      FP32
*** benchmarking opt_einsum expression ***
  #flops :          33410000000
  #bytes :          39862500
  arith. intensity: 838.13
  time (eval):      0.035487
  time (compile):   0.000153
  gflops (eval):    941.48
  gflops (total):   937.45
CSV_DATA: opt_einsum,torch,"aib,bjc,ckd,dle,ema->ijklm","40,40,40,40,40,25,25,25,25,25","(0,1),(0,1),(0,1),(0,1)",FP32,33410000000,838.1310755722797,0.000152587890625,0.035486698150634766,941.479532927534,937.448633547852
*** input parameters ***
  einsum_str: aib,bjc,ckd,dle,ema->ijklm
  dim_sizes:  40,40,40,40,40,25,25,25,25,25
  cont_path:  (0,1),(0,1),(0,1),(0,1)
  backend:    torch
  dtype:      FP32
*** benchmarking opt_einsum expression ***
  #flops :          33410000000
  #bytes :          39862500
  arith. intensity: 838.13
  time (eval):      0.036282
  time (compile):   0.000153
  gflops (eval):    920.83
  gflops (total):   916.98
CSV_DATA: opt_einsum,torch,"aib,bjc,ckd,dle,ema->ijklm","40,40,40,40,40,25,25,25,25,25","(0,1),(0,1),(0,1),(0,1)",FP32,33410000000,838.1310755722797,0.000152587890625,0.03628230094909668,920.8346528758896,916.9782333348603
*** input parameters ***
  einsum_str: aib,bjc,ckd,dle,ema->ijklm
  dim_sizes:  40,40,40,40,40,25,25,25,25,25
  cont_path:  (0,1),(0,1),(0,1),(0,1)
  backend:    torch
  dtype:      FP32
*** benchmarking opt_einsum expression ***
  #flops :          33410000000
  #bytes :          39862500
  arith. intensity: 838.13
  time (eval):      0.036805
  time (compile):   0.000169
  gflops (eval):    907.76
  gflops (total):   903.60
CSV_DATA: opt_einsum,torch,"aib,bjc,ckd,dle,ema->ijklm","40,40,40,40,40,25,25,25,25,25","(0,1),(0,1),(0,1),(0,1)",FP32,33410000000,838.1310755722797,0.00016927719116210938,0.036804914474487305,907.7592076231936,903.6032566207336
*** input parameters ***
  einsum_str: aib,bjc,ckd,dle,ema->ijklm
  dim_sizes:  40,40,40,40,40,25,25,25,25,25
  cont_path:  (0,1),(0,1),(0,1),(0,1)
  backend:    torch
  dtype:      FP32
*** benchmarking opt_einsum expression ***
  #flops :          33410000000
  #bytes :          39862500
  arith. intensity: 838.13
  time (eval):      0.036398
  time (compile):   0.000154
  gflops (eval):    917.92
  gflops (total):   914.06
CSV_DATA: opt_einsum,torch,"aib,bjc,ckd,dle,ema->ijklm","40,40,40,40,40,25,25,25,25,25","(0,1),(0,1),(0,1),(0,1)",FP32,33410000000,838.1310755722797,0.00015354156494140625,0.036397695541381836,917.9152554318991,914.0593491490931
*** input parameters ***
  einsum_str: aib,bjc,ckd,dle,ema->ijklm
  dim_sizes:  40,40,40,40,40,25,25,25,25,25
  cont_path:  (0,1),(0,1),(0,1),(0,1)
  backend:    torch
  dtype:      FP32
*** benchmarking opt_einsum expression ***
  #flops :          33410000000
  #bytes :          39862500
  arith. intensity: 838.13
  time (eval):      0.036092
  time (compile):   0.000152
  gflops (eval):    925.69
  gflops (total):   921.81
CSV_DATA: opt_einsum,torch,"aib,bjc,ckd,dle,ema->ijklm","40,40,40,40,40,25,25,25,25,25","(0,1),(0,1),(0,1),(0,1)",FP32,33410000000,838.1310755722797,0.0001518726348876953,0.03609204292297363,925.6888026899016,921.8098951439962
*** input parameters ***
  einsum_str: aib,bjc,ckd,dle,ema->ijklm
  dim_sizes:  40,40,40,40,40,25,25,25,25,25
  cont_path:  (0,1),(0,1),(0,1),(0,1)
  backend:    torch
  dtype:      FP32
*** benchmarking opt_einsum expression ***
  #flops :          33410000000
  #bytes :          39862500
  arith. intensity: 838.13
  time (eval):      0.036889
  time (compile):   0.000154
  gflops (eval):    905.69
  gflops (total):   901.93
CSV_DATA: opt_einsum,torch,"aib,bjc,ckd,dle,ema->ijklm","40,40,40,40,40,25,25,25,25,25","(0,1),(0,1),(0,1),(0,1)",FP32,33410000000,838.1310755722797,0.00015401840209960938,0.036888837814331055,905.6940250641469,901.9282909718155
*** input parameters ***
  einsum_str: aib,bjc,ckd,dle,ema->ijklm
  dim_sizes:  40,40,40,40,40,25,25,25,25,25
  cont_path:  (0,1),(0,1),(0,1),(0,1)
  backend:    torch
  dtype:      FP32
*** benchmarking opt_einsum expression ***
  #flops :          33410000000
  #bytes :          39862500
  arith. intensity: 838.13
  time (eval):      0.037120
  time (compile):   0.000150
  gflops (eval):    900.05
  gflops (total):   896.42
CSV_DATA: opt_einsum,torch,"aib,bjc,ckd,dle,ema->ijklm","40,40,40,40,40,25,25,25,25,25","(0,1),(0,1),(0,1),(0,1)",FP32,33410000000,838.1310755722797,0.0001499652862548828,0.03712034225463867,900.0455806903285,896.424049180223
*** input parameters ***
  einsum_str: aib,bjc,ckd,dle,ema->ijklm
  dim_sizes:  40,40,40,40,40,25,25,25,25,25
  cont_path:  (0,1),(0,1),(0,1),(0,1)
  backend:    torch
  dtype:      FP32
*** benchmarking opt_einsum expression ***
  #flops :          33410000000
  #bytes :          39862500
  arith. intensity: 838.13
  time (eval):      0.036161
  time (compile):   0.000150
  gflops (eval):    923.93
  gflops (total):   920.10
CSV_DATA: opt_einsum,torch,"aib,bjc,ckd,dle,ema->ijklm","40,40,40,40,40,25,25,25,25,25","(0,1),(0,1),(0,1),(0,1)",FP32,33410000000,838.1310755722797,0.00015044212341308594,0.03616070747375488,923.9310382477632,920.1030639527249
*** input parameters ***
  einsum_str: aib,bjc,ckd,dle,ema->ijklm
  dim_sizes:  40,40,40,40,40,25,25,25,25,25
  cont_path:  (0,1),(0,1),(0,1),(0,1)
  backend:    torch
  dtype:      FP32
*** benchmarking opt_einsum expression ***
  #flops :          33410000000
  #bytes :          39862500
  arith. intensity: 838.13
  time (eval):      0.036450
  time (compile):   0.000155
  gflops (eval):    916.59
  gflops (total):   912.70
CSV_DATA: opt_einsum,torch,"aib,bjc,ckd,dle,ema->ijklm","40,40,40,40,40,25,25,25,25,25","(0,1),(0,1),(0,1),(0,1)",FP32,33410000000,838.1310755722797,0.0001552104949951172,0.03645038604736328,916.5883718374716,912.7019678900576
*** input parameters ***
  einsum_str: aib,bjc,ckd,dle,ema->ijklm
  dim_sizes:  40,40,40,40,40,25,25,25,25,25
  cont_path:  (0,1),(0,1),(0,1),(0,1)
  backend:    torch
  dtype:      FP32
*** benchmarking opt_einsum expression ***
  #flops :          33410000000
  #bytes :          39862500
  arith. intensity: 838.13
  time (eval):      0.036666
  time (compile):   0.000151
  gflops (eval):    911.21
  gflops (total):   907.46
CSV_DATA: opt_einsum,torch,"aib,bjc,ckd,dle,ema->ijklm","40,40,40,40,40,25,25,25,25,25","(0,1),(0,1),(0,1),(0,1)",FP32,33410000000,838.1310755722797,0.0001513957977294922,0.03666567802429199,911.2063870158076,907.4594075973631
*** input parameters ***
  einsum_str: aib,bjc,ckd,dle,ema->ijklm
  dim_sizes:  40,40,40,40,40,25,25,25,25,25
  cont_path:  (0,1),(0,1),(0,1),(0,1)
  backend:    torch
  dtype:      FP32
*** benchmarking opt_einsum expression ***
  #flops :          33410000000
  #bytes :          39862500
  arith. intensity: 838.13
  time (eval):      0.036820
  time (compile):   0.000153
  gflops (eval):    907.39
  gflops (total):   903.63
CSV_DATA: opt_einsum,torch,"aib,bjc,ckd,dle,ema->ijklm","40,40,40,40,40,25,25,25,25,25","(0,1),(0,1),(0,1),(0,1)",FP32,33410000000,838.1310755722797,0.00015306472778320312,0.0368199348449707,907.3888951914735,903.6323908277232
*** input parameters ***
  einsum_str: aib,bjc,ckd,dle,ema->ijklm
  dim_sizes:  40,40,40,40,40,25,25,25,25,25
  cont_path:  (0,1),(0,1),(0,1),(0,1)
  backend:    torch
  dtype:      FP32
*** benchmarking opt_einsum expression ***
  #flops :          33410000000
  #bytes :          39862500
  arith. intensity: 838.13
  time (eval):      0.038090
  time (compile):   0.000154
  gflops (eval):    877.12
  gflops (total):   873.58
CSV_DATA: opt_einsum,torch,"aib,bjc,ckd,dle,ema->ijklm","40,40,40,40,40,25,25,25,25,25","(0,1),(0,1),(0,1),(0,1)",FP32,33410000000,838.1310755722797,0.00015425682067871094,0.03809046745300293,877.1223414683,873.5845436070072
*** input parameters ***
  einsum_str: aib,bjc,ckd,dle,ema->ijklm
  dim_sizes:  40,40,40,40,40,25,25,25,25,25
  cont_path:  (0,1),(0,1),(0,1),(0,1)
  backend:    torch
  dtype:      FP32
*** benchmarking opt_einsum expression ***
  #flops :          33410000000
  #bytes :          39862500
  arith. intensity: 838.13
  time (eval):      0.036713
  time (compile):   0.000156
  gflops (eval):    910.04
  gflops (total):   906.19
CSV_DATA: opt_einsum,torch,"aib,bjc,ckd,dle,ema->ijklm","40,40,40,40,40,25,25,25,25,25","(0,1),(0,1),(0,1),(0,1)",FP32,33410000000,838.1310755722797,0.00015616416931152344,0.036712646484375,910.0406317539486,906.1859986161318
*** input parameters ***
  einsum_str: aib,bjc,ckd,dle,ema->ijklm
  dim_sizes:  40,40,40,40,40,25,25,25,25,25
  cont_path:  (0,1),(0,1),(0,1),(0,1)
  backend:    torch
  dtype:      FP32
*** benchmarking opt_einsum expression ***
  #flops :          33410000000
  #bytes :          39862500
  arith. intensity: 838.13
  time (eval):      0.036571
  time (compile):   0.000156
  gflops (eval):    913.58
  gflops (total):   909.70
CSV_DATA: opt_einsum,torch,"aib,bjc,ckd,dle,ema->ijklm","40,40,40,40,40,25,25,25,25,25","(0,1),(0,1),(0,1),(0,1)",FP32,33410000000,838.1310755722797,0.0001556873321533203,0.03657054901123047,913.5766594518477,909.703888185613
*** input parameters ***
  einsum_str: aib,bjc,ckd,dle,ema->ijklm
  dim_sizes:  40,40,40,40,40,25,25,25,25,25
  cont_path:  (0,1),(0,1),(0,1),(0,1)
  backend:    torch
  dtype:      FP32
*** benchmarking opt_einsum expression ***
  #flops :          33410000000
  #bytes :          39862500
  arith. intensity: 838.13
  time (eval):      0.035950
  time (compile):   0.000154
  gflops (eval):    929.34
  gflops (total):   925.38
CSV_DATA: opt_einsum,torch,"aib,bjc,ckd,dle,ema->ijklm","40,40,40,40,40,25,25,25,25,25","(0,1),(0,1),(0,1),(0,1)",FP32,33410000000,838.1310755722797,0.0001537799835205078,0.0359501838684082,929.3415611528923,925.3831556286361
*** input parameters ***
  einsum_str: aib,bjc,ckd,dle,ema->ijklm
  dim_sizes:  40,40,40,40,40,25,25,25,25,25
  cont_path:  (0,1),(0,1),(0,1),(0,1)
  backend:    torch
  dtype:      FP32
*** benchmarking opt_einsum expression ***
  #flops :          33410000000
  #bytes :          39862500
  arith. intensity: 838.13
  time (eval):      0.036374
  time (compile):   0.000155
  gflops (eval):    918.51
  gflops (total):   914.61
CSV_DATA: opt_einsum,torch,"aib,bjc,ckd,dle,ema->ijklm","40,40,40,40,40,25,25,25,25,25","(0,1),(0,1),(0,1),(0,1)",FP32,33410000000,838.1310755722797,0.0001552104949951172,0.03637409210205078,918.510897983797,914.6082083346931
*** input parameters ***
  einsum_str: aib,bjc,ckd,dle,ema->ijklm
  dim_sizes:  40,40,40,40,40,25,25,25,25,25
  cont_path:  (0,1),(0,1),(0,1),(0,1)
  backend:    torch
  dtype:      FP32
*** benchmarking opt_einsum expression ***
  #flops :          33410000000
  #bytes :          39862500
  arith. intensity: 838.13
  time (eval):      0.036021
  time (compile):   0.000154
  gflops (eval):    927.52
  gflops (total):   923.56
CSV_DATA: opt_einsum,torch,"aib,bjc,ckd,dle,ema->ijklm","40,40,40,40,40,25,25,25,25,25","(0,1),(0,1),(0,1),(0,1)",FP32,33410000000,838.1310755722797,0.0001544952392578125,0.036020755767822266,927.5207942706611,923.5595903249193
*** input parameters ***
  einsum_str: aib,bjc,ckd,dle,ema->ijklm
  dim_sizes:  40,40,40,40,40,25,25,25,25,25
  cont_path:  (0,1),(0,1),(0,1),(0,1)
  backend:    torch
  dtype:      FP32
*** benchmarking opt_einsum expression ***
  #flops :          33410000000
  #bytes :          39862500
  arith. intensity: 838.13
  time (eval):      0.036357
  time (compile):   0.000150
  gflops (eval):    918.94
  gflops (total):   915.16
CSV_DATA: opt_einsum,torch,"aib,bjc,ckd,dle,ema->ijklm","40,40,40,40,40,25,25,25,25,25","(0,1),(0,1),(0,1),(0,1)",FP32,33410000000,838.1310755722797,0.00015020370483398438,0.03635692596435547,918.9445783385358,915.1637037133789
*** input parameters ***
  einsum_str: aib,bjc,ckd,dle,ema->ijklm
  dim_sizes:  40,40,40,40,40,25,25,25,25,25
  cont_path:  (0,1),(0,1),(0,1),(0,1)
  backend:    torch
  dtype:      FP32
*** benchmarking opt_einsum expression ***
  #flops :          33410000000
  #bytes :          39862500
  arith. intensity: 838.13
  time (eval):      0.035708
  time (compile):   0.000156
  gflops (eval):    935.63
  gflops (total):   931.57
CSV_DATA: opt_einsum,torch,"aib,bjc,ckd,dle,ema->ijklm","40,40,40,40,40,25,25,25,25,25","(0,1),(0,1),(0,1),(0,1)",FP32,33410000000,838.1310755722797,0.00015592575073242188,0.03570842742919922,935.6334738135299,931.5656644463058
*** input parameters ***
  einsum_str: aib,bjc,ckd,dle,ema->ijklm
  dim_sizes:  40,40,40,40,40,25,25,25,25,25
  cont_path:  (0,1),(0,1),(0,1),(0,1)
  backend:    torch
  dtype:      FP32
*** benchmarking opt_einsum expression ***
  #flops :          33410000000
  #bytes :          39862500
  arith. intensity: 838.13
  time (eval):      0.036650
  time (compile):   0.000152
  gflops (eval):    911.60
  gflops (total):   907.84
CSV_DATA: opt_einsum,torch,"aib,bjc,ckd,dle,ema->ijklm","40,40,40,40,40,25,25,25,25,25","(0,1),(0,1),(0,1),(0,1)",FP32,33410000000,838.1310755722797,0.0001518726348876953,0.03664994239807129,911.5976128180275,907.835658922764
*** input parameters ***
  einsum_str: aib,bjc,ckd,dle,ema->ijklm
  dim_sizes:  40,40,40,40,40,25,25,25,25,25
  cont_path:  (0,1),(0,1),(0,1),(0,1)
  backend:    torch
  dtype:      FP32
*** benchmarking opt_einsum expression ***
  #flops :          33410000000
  #bytes :          39862500
  arith. intensity: 838.13
  time (eval):      0.036720
  time (compile):   0.000155
  gflops (eval):    909.86
  gflops (total):   906.02
CSV_DATA: opt_einsum,torch,"aib,bjc,ckd,dle,ema->ijklm","40,40,40,40,40,25,25,25,25,25","(0,1),(0,1),(0,1),(0,1)",FP32,33410000000,838.1310755722797,0.00015544891357421875,0.03672003746032715,909.8574595980912,906.0219480561466
*** input parameters ***
  einsum_str: aib,bjc,ckd,dle,ema->ijklm
  dim_sizes:  40,40,40,40,40,25,25,25,25,25
  cont_path:  (0,1),(0,1),(0,1),(0,1)
  backend:    torch
  dtype:      FP32
*** benchmarking opt_einsum expression ***
  #flops :          33410000000
  #bytes :          39862500
  arith. intensity: 838.13
  time (eval):      0.036612
  time (compile):   0.000154
  gflops (eval):    912.54
  gflops (total):   908.70
CSV_DATA: opt_einsum,torch,"aib,bjc,ckd,dle,ema->ijklm","40,40,40,40,40,25,25,25,25,25","(0,1),(0,1),(0,1),(0,1)",FP32,33410000000,838.1310755722797,0.0001544952392578125,0.03661227226257324,912.5355498394797,908.7010436350196
*** input parameters ***
  einsum_str: aib,bjc,ckd,dle,ema->ijklm
  dim_sizes:  40,40,40,40,40,25,25,25,25,25
  cont_path:  (0,1),(0,1),(0,1),(0,1)
  backend:    torch
  dtype:      FP32
*** benchmarking opt_einsum expression ***
  #flops :          33410000000
  #bytes :          39862500
  arith. intensity: 838.13
  time (eval):      0.037433
  time (compile):   0.000155
  gflops (eval):    892.53
  gflops (total):   888.84
CSV_DATA: opt_einsum,torch,"aib,bjc,ckd,dle,ema->ijklm","40,40,40,40,40,25,25,25,25,25","(0,1),(0,1),(0,1),(0,1)",FP32,33410000000,838.1310755722797,0.0001552104949951172,0.03743290901184082,892.5301527976817,888.8446785406202
*** input parameters ***
  einsum_str: aib,bjc,ckd,dle,ema->ijklm
  dim_sizes:  40,40,40,40,40,25,25,25,25,25
  cont_path:  (0,1),(0,1),(0,1),(0,1)
  backend:    torch
  dtype:      FP32
*** benchmarking opt_einsum expression ***
  #flops :          33410000000
  #bytes :          39862500
  arith. intensity: 838.13
  time (eval):      0.037170
  time (compile):   0.000153
  gflops (eval):    898.83
  gflops (total):   895.16
CSV_DATA: opt_einsum,torch,"aib,bjc,ckd,dle,ema->ijklm","40,40,40,40,40,25,25,25,25,25","(0,1),(0,1),(0,1),(0,1)",FP32,33410000000,838.1310755722797,0.000152587890625,0.03717041015625,898.833234811166,895.1585282093214
*** input parameters ***
  einsum_str: aib,bjc,ckd,dle,ema->ijklm
  dim_sizes:  40,40,40,40,40,25,25,25,25,25
  cont_path:  (0,1),(0,1),(0,1),(0,1)
  backend:    torch
  dtype:      FP32
*** benchmarking opt_einsum expression ***
  #flops :          33410000000
  #bytes :          39862500
  arith. intensity: 838.13
  time (eval):      0.037140
  time (compile):   0.000152
  gflops (eval):    899.57
  gflops (total):   895.90
CSV_DATA: opt_einsum,torch,"aib,bjc,ckd,dle,ema->ijklm","40,40,40,40,40,25,25,25,25,25","(0,1),(0,1),(0,1),(0,1)",FP32,33410000000,838.1310755722797,0.0001518726348876953,0.0371401309967041,899.5660247661722,895.9025192118353
*** input parameters ***
  einsum_str: aib,bjc,ckd,dle,ema->ijklm
  dim_sizes:  40,40,40,40,40,25,25,25,25,25
  cont_path:  (0,1),(0,1),(0,1),(0,1)
  backend:    torch
  dtype:      FP32
*** benchmarking opt_einsum expression ***
  #flops :          33410000000
  #bytes :          39862500
  arith. intensity: 838.13
  time (eval):      0.037493
  time (compile):   0.000153
  gflops (eval):    891.09
  gflops (total):   887.48
CSV_DATA: opt_einsum,torch,"aib,bjc,ckd,dle,ema->ijklm","40,40,40,40,40,25,25,25,25,25","(0,1),(0,1),(0,1),(0,1)",FP32,33410000000,838.1310755722797,0.000152587890625,0.037493228912353516,891.094231390454,887.4824040836489
*** input parameters ***
  einsum_str: aib,bjc,ckd,dle,ema->ijklm
  dim_sizes:  40,40,40,40,40,25,25,25,25,25
  cont_path:  (0,1),(0,1),(0,1),(0,1)
  backend:    torch
  dtype:      FP32
*** benchmarking opt_einsum expression ***
  #flops :          33410000000
  #bytes :          39862500
  arith. intensity: 838.13
  time (eval):      0.035571
  time (compile):   0.000152
  gflops (eval):    939.25
  gflops (total):   935.27
CSV_DATA: opt_einsum,torch,"aib,bjc,ckd,dle,ema->ijklm","40,40,40,40,40,25,25,25,25,25","(0,1),(0,1),(0,1),(0,1)",FP32,33410000000,838.1310755722797,0.00015163421630859375,0.03557085990905762,939.2519631354938,935.2650428816467
*** input parameters ***
  einsum_str: aib,bjc,ckd,dle,ema->ijklm
  dim_sizes:  40,40,40,40,40,25,25,25,25,25
  cont_path:  (0,1),(0,1),(0,1),(0,1)
  backend:    torch
  dtype:      FP32
*** benchmarking opt_einsum expression ***
  #flops :          33410000000
  #bytes :          39862500
  arith. intensity: 838.13
  time (eval):      0.036731
  time (compile):   0.000153
  gflops (eval):    909.60
  gflops (total):   905.82
CSV_DATA: opt_einsum,torch,"aib,bjc,ckd,dle,ema->ijklm","40,40,40,40,40,25,25,25,25,25","(0,1),(0,1),(0,1),(0,1)",FP32,33410000000,838.1310755722797,0.0001533031463623047,0.03673052787780762,909.5975998805652,905.8169683649857
*** input parameters ***
  einsum_str: aib,bjc,ckd,dle,ema->ijklm
  dim_sizes:  40,40,40,40,40,25,25,25,25,25
  cont_path:  (0,1),(0,1),(0,1),(0,1)
  backend:    torch
  dtype:      FP32
*** benchmarking opt_einsum expression ***
  #flops :          33410000000
  #bytes :          39862500
  arith. intensity: 838.13
  time (eval):      0.037036
  time (compile):   0.000161
  gflops (eval):    902.09
  gflops (total):   898.17
CSV_DATA: opt_einsum,torch,"aib,bjc,ckd,dle,ema->ijklm","40,40,40,40,40,25,25,25,25,25","(0,1),(0,1),(0,1),(0,1)",FP32,33410000000,838.1310755722797,0.0001614093780517578,0.03703641891479492,902.0850551685958,898.1707140796955
*** input parameters ***
  einsum_str: aib,bjc,ckd,dle,ema->ijklm
  dim_sizes:  40,40,40,40,40,25,25,25,25,25
  cont_path:  (0,1),(0,1),(0,1),(0,1)
  backend:    torch
  dtype:      FP32
*** benchmarking opt_einsum expression ***
  #flops :          33410000000
  #bytes :          39862500
  arith. intensity: 838.13
  time (eval):      0.036439
  time (compile):   0.000164
  gflops (eval):    916.87
  gflops (total):   912.76
CSV_DATA: opt_einsum,torch,"aib,bjc,ckd,dle,ema->ijklm","40,40,40,40,40,25,25,25,25,25","(0,1),(0,1),(0,1),(0,1)",FP32,33410000000,838.1310755722797,0.000164031982421875,0.03643918037414551,916.870238489371,912.7614176192803
*** input parameters ***
  einsum_str: aib,bjc,ckd,dle,ema->ijklm
  dim_sizes:  40,40,40,40,40,25,25,25,25,25
  cont_path:  (0,1),(0,1),(0,1),(0,1)
  backend:    torch
  dtype:      FP32
*** benchmarking opt_einsum expression ***
  #flops :          33410000000
  #bytes :          39862500
  arith. intensity: 838.13
  time (eval):      0.036110
  time (compile):   0.000150
  gflops (eval):    925.23
  gflops (total):   921.39
CSV_DATA: opt_einsum,torch,"aib,bjc,ckd,dle,ema->ijklm","40,40,40,40,40,25,25,25,25,25","(0,1),(0,1),(0,1),(0,1)",FP32,33410000000,838.1310755722797,0.00015044212341308594,0.03610992431640625,925.2304077751955,921.3916813402856
*** input parameters ***
  einsum_str: aib,bjc,ckd,dle,ema->ijklm
  dim_sizes:  40,40,40,40,40,25,25,25,25,25
  cont_path:  (0,1),(0,1),(0,1),(0,1)
  backend:    torch
  dtype:      FP32
*** benchmarking opt_einsum expression ***
  #flops :          33410000000
  #bytes :          39862500
  arith. intensity: 838.13
  time (eval):      0.035647
  time (compile):   0.000157
  gflops (eval):    937.24
  gflops (total):   933.13
CSV_DATA: opt_einsum,torch,"aib,bjc,ckd,dle,ema->ijklm","40,40,40,40,40,25,25,25,25,25","(0,1),(0,1),(0,1),(0,1)",FP32,33410000000,838.1310755722797,0.0001571178436279297,0.03564715385437012,937.2417258469051,933.1288814308735
*** input parameters ***
  einsum_str: aib,bjc,ckd,dle,ema->ijklm
  dim_sizes:  40,40,40,40,40,25,25,25,25,25
  cont_path:  (0,1),(0,1),(0,1),(0,1)
  backend:    torch
  dtype:      FP32
*** benchmarking opt_einsum expression ***
  #flops :          33410000000
  #bytes :          39862500
  arith. intensity: 838.13
  time (eval):      0.035957
  time (compile):   0.000154
  gflops (eval):    929.16
  gflops (total):   925.19
CSV_DATA: opt_einsum,torch,"aib,bjc,ckd,dle,ema->ijklm","40,40,40,40,40,25,25,25,25,25","(0,1),(0,1),(0,1),(0,1)",FP32,33410000000,838.1310755722797,0.0001544952392578125,0.03595709800720215,929.1628593972748,925.1876474122394
*** input parameters ***
  einsum_str: aib,bjc,ckd,dle,ema->ijklm
  dim_sizes:  40,40,40,40,40,25,25,25,25,25
  cont_path:  (0,1),(0,1),(0,1),(0,1)
  backend:    torch
  dtype:      FP32
*** benchmarking opt_einsum expression ***
  #flops :          33410000000
  #bytes :          39862500
  arith. intensity: 838.13
  time (eval):      0.035226
  time (compile):   0.000156
  gflops (eval):    948.46
  gflops (total):   944.27
CSV_DATA: opt_einsum,torch,"aib,bjc,ckd,dle,ema->ijklm","40,40,40,40,40,25,25,25,25,25","(0,1),(0,1),(0,1),(0,1)",FP32,33410000000,838.1310755722797,0.00015616416931152344,0.035225629806518555,948.457137133072,944.2709440573577
*** input parameters ***
  einsum_str: aib,bjc,ckd,dle,ema->ijklm
  dim_sizes:  40,40,40,40,40,25,25,25,25,25
  cont_path:  (0,1),(0,1),(0,1),(0,1)
  backend:    torch
  dtype:      FP32
*** benchmarking opt_einsum expression ***
  #flops :          33410000000
  #bytes :          39862500
  arith. intensity: 838.13
  time (eval):      0.035993
  time (compile):   0.000151
  gflops (eval):    928.24
  gflops (total):   924.36
CSV_DATA: opt_einsum,torch,"aib,bjc,ckd,dle,ema->ijklm","40,40,40,40,40,25,25,25,25,25","(0,1),(0,1),(0,1),(0,1)",FP32,33410000000,838.1310755722797,0.00015115737915039062,0.03599286079406738,928.2396359421059,924.3576582958991
*** input parameters ***
  einsum_str: aib,bjc,ckd,dle,ema->ijklm
  dim_sizes:  40,40,40,40,40,25,25,25,25,25
  cont_path:  (0,1),(0,1),(0,1),(0,1)
  backend:    torch
  dtype:      FP32
*** benchmarking opt_einsum expression ***
  #flops :          33410000000
  #bytes :          39862500
  arith. intensity: 838.13
  time (eval):      0.036150
  time (compile):   0.000164
  gflops (eval):    924.22
  gflops (total):   920.04
CSV_DATA: opt_einsum,torch,"aib,bjc,ckd,dle,ema->ijklm","40,40,40,40,40,25,25,25,25,25","(0,1),(0,1),(0,1),(0,1)",FP32,33410000000,838.1310755722797,0.000164031982421875,0.03614950180053711,924.2174396855339,920.0426540607972
*** input parameters ***
  einsum_str: aib,bjc,ckd,dle,ema->ijklm
  dim_sizes:  40,40,40,40,40,25,25,25,25,25
  cont_path:  (0,1),(0,1),(0,1),(0,1)
  backend:    torch
  dtype:      FP32
*** benchmarking opt_einsum expression ***
  #flops :          33410000000
  #bytes :          39862500
  arith. intensity: 838.13
  time (eval):      0.035273
  time (compile):   0.000150
  gflops (eval):    947.19
  gflops (total):   943.18
CSV_DATA: opt_einsum,torch,"aib,bjc,ckd,dle,ema->ijklm","40,40,40,40,40,25,25,25,25,25","(0,1),(0,1),(0,1),(0,1)",FP32,33410000000,838.1310755722797,0.0001499652862548828,0.03527259826660156,947.1941859081816,943.1841360139462
*** input parameters ***
  einsum_str: aib,bjc,ckd,dle,ema->ijklm
  dim_sizes:  40,40,40,40,40,25,25,25,25,25
  cont_path:  (0,1),(0,1),(0,1),(0,1)
  backend:    torch
  dtype:      FP32
*** benchmarking opt_einsum expression ***
  #flops :          33410000000
  #bytes :          39862500
  arith. intensity: 838.13
  time (eval):      0.035713
  time (compile):   0.000156
  gflops (eval):    935.52
  gflops (total):   931.44
CSV_DATA: opt_einsum,torch,"aib,bjc,ckd,dle,ema->ijklm","40,40,40,40,40,25,25,25,25,25","(0,1),(0,1),(0,1),(0,1)",FP32,33410000000,838.1310755722797,0.000156402587890625,0.03571271896362305,935.5210403898792,931.4418239102403
*** input parameters ***
  einsum_str: aib,bjc,ckd,dle,ema->ijklm
  dim_sizes:  40,40,40,40,40,25,25,25,25,25
  cont_path:  (0,1),(0,1),(0,1),(0,1)
  backend:    torch
  dtype:      FP32
*** benchmarking opt_einsum expression ***
  #flops :          33410000000
  #bytes :          39862500
  arith. intensity: 838.13
  time (eval):      0.036665
  time (compile):   0.000149
  gflops (eval):    911.22
  gflops (total):   907.54
CSV_DATA: opt_einsum,torch,"aib,bjc,ckd,dle,ema->ijklm","40,40,40,40,40,25,25,25,25,25","(0,1),(0,1),(0,1),(0,1)",FP32,33410000000,838.1310755722797,0.00014901161193847656,0.03666496276855469,911.2241627217397,907.5358084049504
*** input parameters ***
  einsum_str: aib,bjc,ckd,dle,ema->ijklm
  dim_sizes:  40,40,40,40,40,25,25,25,25,25
  cont_path:  (0,1),(0,1),(0,1),(0,1)
  backend:    torch
  dtype:      FP32
*** benchmarking opt_einsum expression ***
  #flops :          33410000000
  #bytes :          39862500
  arith. intensity: 838.13
  time (eval):      0.036952
  time (compile):   0.000151
  gflops (eval):    904.13
  gflops (total):   900.46
CSV_DATA: opt_einsum,torch,"aib,bjc,ckd,dle,ema->ijklm","40,40,40,40,40,25,25,25,25,25","(0,1),(0,1),(0,1),(0,1)",FP32,33410000000,838.1310755722797,0.00015091896057128906,0.03695249557495117,904.1337934060263,900.456209172166
*** input parameters ***
  einsum_str: aib,bjc,ckd,dle,ema->ijklm
  dim_sizes:  40,40,40,40,40,25,25,25,25,25
  cont_path:  (0,1),(0,1),(0,1),(0,1)
  backend:    torch
  dtype:      FP32
*** benchmarking opt_einsum expression ***
  #flops :          33410000000
  #bytes :          39862500
  arith. intensity: 838.13
  time (eval):      0.036202
  time (compile):   0.000150
  gflops (eval):    922.87
  gflops (total):   919.05
CSV_DATA: opt_einsum,torch,"aib,bjc,ckd,dle,ema->ijklm","40,40,40,40,40,25,25,25,25,25","(0,1),(0,1),(0,1),(0,1)",FP32,33410000000,838.1310755722797,0.00015020370483398438,0.036202430725097656,922.8662090039778,919.0530624237575
*** input parameters ***
  einsum_str: aib,bjc,ckd,dle,ema->ijklm
  dim_sizes:  40,40,40,40,40,25,25,25,25,25
  cont_path:  (0,1),(0,1),(0,1),(0,1)
  backend:    torch
  dtype:      FP32
*** benchmarking opt_einsum expression ***
  #flops :          33410000000
  #bytes :          39862500
  arith. intensity: 838.13
  time (eval):      0.036067
  time (compile):   0.000153
  gflops (eval):    926.33
  gflops (total):   922.42
CSV_DATA: opt_einsum,torch,"aib,bjc,ckd,dle,ema->ijklm","40,40,40,40,40,25,25,25,25,25","(0,1),(0,1),(0,1),(0,1)",FP32,33410000000,838.1310755722797,0.000152587890625,0.03606724739074707,926.3251957667061,922.4227482111943
*** input parameters ***
  einsum_str: aib,bjc,ckd,dle,ema->ijklm
  dim_sizes:  40,40,40,40,40,25,25,25,25,25
  cont_path:  (0,1),(0,1),(0,1),(0,1)
  backend:    torch
  dtype:      FP32
*** benchmarking opt_einsum expression ***
  #flops :          33410000000
  #bytes :          39862500
  arith. intensity: 838.13
  time (eval):      0.036195
  time (compile):   0.000161
  gflops (eval):    923.07
  gflops (total):   918.99
CSV_DATA: opt_einsum,torch,"aib,bjc,ckd,dle,ema->ijklm","40,40,40,40,40,25,25,25,25,25","(0,1),(0,1),(0,1),(0,1)",FP32,33410000000,838.1310755722797,0.00016069412231445312,0.036194562911987305,923.0668175560401,918.9867635505133
*** input parameters ***
  einsum_str: aib,bjc,ckd,dle,ema->ijklm
  dim_sizes:  40,40,40,40,40,25,25,25,25,25
  cont_path:  (0,1),(0,1),(0,1),(0,1)
  backend:    torch
  dtype:      FP32
*** benchmarking opt_einsum expression ***
  #flops :          33410000000
  #bytes :          39862500
  arith. intensity: 838.13
  time (eval):      0.037072
  time (compile):   0.000149
  gflops (eval):    901.22
  gflops (total):   897.62
CSV_DATA: opt_einsum,torch,"aib,bjc,ckd,dle,ema->ijklm","40,40,40,40,40,25,25,25,25,25","(0,1),(0,1),(0,1),(0,1)",FP32,33410000000,838.1310755722797,0.00014853477478027344,0.037071943283081055,901.2206278176873,897.6241505566446
*** input parameters ***
  einsum_str: aib,bjc,ckd,dle,ema->ijklm
  dim_sizes:  40,40,40,40,40,25,25,25,25,25
  cont_path:  (0,1),(0,1),(0,1),(0,1)
  backend:    torch
  dtype:      FP32
*** benchmarking opt_einsum expression ***
  #flops :          33410000000
  #bytes :          39862500
  arith. intensity: 838.13
  time (eval):      0.035594
  time (compile):   0.000151
  gflops (eval):    938.63
  gflops (total):   934.67
CSV_DATA: opt_einsum,torch,"aib,bjc,ckd,dle,ema->ijklm","40,40,40,40,40,25,25,25,25,25","(0,1),(0,1),(0,1),(0,1)",FP32,33410000000,838.1310755722797,0.0001506805419921875,0.03559446334838867,938.6291253499807,934.6724159918894
*** input parameters ***
  einsum_str: aib,bjc,ckd,dle,ema->ijklm
  dim_sizes:  40,40,40,40,40,25,25,25,25,25
  cont_path:  (0,1),(0,1),(0,1),(0,1)
  backend:    torch
  dtype:      FP32
*** benchmarking opt_einsum expression ***
  #flops :          33410000000
  #bytes :          39862500
  arith. intensity: 838.13
  time (eval):      0.034933
  time (compile):   0.000149
  gflops (eval):    956.39
  gflops (total):   952.32
CSV_DATA: opt_einsum,torch,"aib,bjc,ckd,dle,ema->ijklm","40,40,40,40,40,25,25,25,25,25","(0,1),(0,1),(0,1),(0,1)",FP32,33410000000,838.1310755722797,0.00014925003051757812,0.03493332862854004,956.3932585772689,952.3245233677887
*** input parameters ***
  einsum_str: aib,bjc,ckd,dle,ema->ijklm
  dim_sizes:  40,40,40,40,40,25,25,25,25,25
  cont_path:  (0,1),(0,1),(0,1),(0,1)
  backend:    torch
  dtype:      FP32
*** benchmarking opt_einsum expression ***
  #flops :          33410000000
  #bytes :          39862500
  arith. intensity: 838.13
  time (eval):      0.034888
  time (compile):   0.000155
  gflops (eval):    957.63
  gflops (total):   953.38
CSV_DATA: opt_einsum,torch,"aib,bjc,ckd,dle,ema->ijklm","40,40,40,40,40,25,25,25,25,25","(0,1),(0,1),(0,1),(0,1)",FP32,33410000000,838.1310755722797,0.00015544891357421875,0.034888267517089844,957.6285203509827,953.3806172100366
*** input parameters ***
  einsum_str: aib,bjc,ckd,dle,ema->ijklm
  dim_sizes:  40,40,40,40,40,25,25,25,25,25
  cont_path:  (0,1),(0,1),(0,1),(0,1)
  backend:    torch
  dtype:      FP32
*** benchmarking opt_einsum expression ***
  #flops :          33410000000
  #bytes :          39862500
  arith. intensity: 838.13
  time (eval):      0.035885
  time (compile):   0.000149
  gflops (eval):    931.03
  gflops (total):   927.18
CSV_DATA: opt_einsum,torch,"aib,bjc,ckd,dle,ema->ijklm","40,40,40,40,40,25,25,25,25,25","(0,1),(0,1),(0,1),(0,1)",FP32,33410000000,838.1310755722797,0.00014901161193847656,0.035884857177734375,931.0333836504731,927.1832618088225
*** input parameters ***
  einsum_str: aib,bjc,ckd,dle,ema->ijklm
  dim_sizes:  40,40,40,40,40,25,25,25,25,25
  cont_path:  (0,1),(0,1),(0,1),(0,1)
  backend:    torch
  dtype:      FP32
*** benchmarking opt_einsum expression ***
  #flops :          33410000000
  #bytes :          39862500
  arith. intensity: 838.13
  time (eval):      0.036968
  time (compile):   0.000153
  gflops (eval):    903.75
  gflops (total):   900.02
CSV_DATA: opt_einsum,torch,"aib,bjc,ckd,dle,ema->ijklm","40,40,40,40,40,25,25,25,25,25","(0,1),(0,1),(0,1),(0,1)",FP32,33410000000,838.1310755722797,0.0001533031463623047,0.03696799278259277,903.7547750153173,900.0224578350397
*** input parameters ***
  einsum_str: aib,bjc,ckd,dle,ema->ijklm
  dim_sizes:  40,40,40,40,40,25,25,25,25,25
  cont_path:  (0,1),(0,1),(0,1),(0,1)
  backend:    torch
  dtype:      FP32
*** benchmarking opt_einsum expression ***
  #flops :          33410000000
  #bytes :          39862500
  arith. intensity: 838.13
  time (eval):      0.036006
  time (compile):   0.000153
  gflops (eval):    927.90
  gflops (total):   923.97
CSV_DATA: opt_einsum,torch,"aib,bjc,ckd,dle,ema->ijklm","40,40,40,40,40,25,25,25,25,25","(0,1),(0,1),(0,1),(0,1)",FP32,33410000000,838.1310755722797,0.00015306472778320312,0.03600597381591797,927.9015801880546,923.9736825308912
*** input parameters ***
  einsum_str: aib,bjc,ckd,dle,ema->ijklm
  dim_sizes:  40,40,40,40,40,25,25,25,25,25
  cont_path:  (0,1),(0,1),(0,1),(0,1)
  backend:    torch
  dtype:      FP32
*** benchmarking opt_einsum expression ***
  #flops :          33410000000
  #bytes :          39862500
  arith. intensity: 838.13
  time (eval):      0.035974
  time (compile):   0.000152
  gflops (eval):    928.72
  gflops (total):   924.82
CSV_DATA: opt_einsum,torch,"aib,bjc,ckd,dle,ema->ijklm","40,40,40,40,40,25,25,25,25,25","(0,1),(0,1),(0,1),(0,1)",FP32,33410000000,838.1310755722797,0.0001518726348876953,0.03597426414489746,928.7194830568573,924.8151886169848
*** input parameters ***
  einsum_str: aib,bjc,ckd,dle,ema->ijklm
  dim_sizes:  40,40,40,40,40,25,25,25,25,25
  cont_path:  (0,1),(0,1),(0,1),(0,1)
  backend:    torch
  dtype:      FP32
*** benchmarking opt_einsum expression ***
  #flops :          33410000000
  #bytes :          39862500
  arith. intensity: 838.13
  time (eval):      0.036876
  time (compile):   0.000151
  gflops (eval):    906.01
  gflops (total):   902.31
CSV_DATA: opt_einsum,torch,"aib,bjc,ckd,dle,ema->ijklm","40,40,40,40,40,25,25,25,25,25","(0,1),(0,1),(0,1),(0,1)",FP32,33410000000,838.1310755722797,0.00015115737915039062,0.03687596321105957,906.0102324318383,902.3115885720174
