*** input parameters ***
  einsum_str: aefi,bfgj,cghk,dhel,ijkl->abcd
  dim_sizes:  40,40,20,20,6,6,6,6,4,4,4,4
  cont_path:  (2,3),(2,3),(0,2),(0,1)
  backend:    torch
  dtype:      FP32
*** benchmarking opt_einsum expression ***
  #flops :          305049600
  #bytes :          2630144
  arith. intensity: 115.98
  time (eval):      0.002805
  time (compile):   0.000105
  gflops (eval):    108.74
  gflops (total):   104.83
CSV_DATA: opt_einsum,torch,"aefi,bfgj,cghk,dhel,ijkl->abcd","40,40,20,20,6,6,6,6,4,4,4,4","(2,3),(2,3),(0,2),(0,1)",FP32,305049600,115.98209071442476,0.00010466575622558594,0.0028052330017089844,108.74305264987252,104.83168844558789
*** input parameters ***
  einsum_str: aefi,bfgj,cghk,dhel,ijkl->abcd
  dim_sizes:  40,40,20,20,6,6,6,6,4,4,4,4
  cont_path:  (2,3),(2,3),(0,2),(0,1)
  backend:    torch
  dtype:      FP32
*** benchmarking opt_einsum expression ***
  #flops :          305049600
  #bytes :          2630144
  arith. intensity: 115.98
  time (eval):      0.002858
  time (compile):   0.000107
  gflops (eval):    106.75
  gflops (total):   102.91
CSV_DATA: opt_einsum,torch,"aefi,bfgj,cghk,dhel,ijkl->abcd","40,40,20,20,6,6,6,6,4,4,4,4","(2,3),(2,3),(0,2),(0,1)",FP32,305049600,115.98209071442476,0.00010657310485839844,0.002857685089111328,106.74710140817622,102.90925420078823
*** input parameters ***
  einsum_str: aefi,bfgj,cghk,dhel,ijkl->abcd
  dim_sizes:  40,40,20,20,6,6,6,6,4,4,4,4
  cont_path:  (2,3),(2,3),(0,2),(0,1)
  backend:    torch
  dtype:      FP32
*** benchmarking opt_einsum expression ***
  #flops :          305049600
  #bytes :          2630144
  arith. intensity: 115.98
  time (eval):      0.002814
  time (compile):   0.000107
  gflops (eval):    108.41
  gflops (total):   104.43
CSV_DATA: opt_einsum,torch,"aefi,bfgj,cghk,dhel,ijkl->abcd","40,40,20,20,6,6,6,6,4,4,4,4","(2,3),(2,3),(0,2),(0,1)",FP32,305049600,115.98209071442476,0.00010728836059570312,0.0028138160705566406,108.41135040488054,104.42954272595495
*** input parameters ***
  einsum_str: aefi,bfgj,cghk,dhel,ijkl->abcd
  dim_sizes:  40,40,20,20,6,6,6,6,4,4,4,4
  cont_path:  (2,3),(2,3),(0,2),(0,1)
  backend:    torch
  dtype:      FP32
*** benchmarking opt_einsum expression ***
  #flops :          305049600
  #bytes :          2630144
  arith. intensity: 115.98
  time (eval):      0.002777
  time (compile):   0.000105
  gflops (eval):    109.84
  gflops (total):   105.83
CSV_DATA: opt_einsum,torch,"aefi,bfgj,cghk,dhel,ijkl->abcd","40,40,20,20,6,6,6,6,4,4,4,4","(2,3),(2,3),(0,2),(0,1)",FP32,305049600,115.98209071442476,0.00010538101196289062,0.002777099609375,109.84467354725275,105.82884677240696
*** input parameters ***
  einsum_str: aefi,bfgj,cghk,dhel,ijkl->abcd
  dim_sizes:  40,40,20,20,6,6,6,6,4,4,4,4
  cont_path:  (2,3),(2,3),(0,2),(0,1)
  backend:    torch
  dtype:      FP32
*** benchmarking opt_einsum expression ***
  #flops :          305049600
  #bytes :          2630144
  arith. intensity: 115.98
  time (eval):      0.002742
  time (compile):   0.000107
  gflops (eval):    111.25
  gflops (total):   107.08
CSV_DATA: opt_einsum,torch,"aefi,bfgj,cghk,dhel,ijkl->abcd","40,40,20,20,6,6,6,6,4,4,4,4","(2,3),(2,3),(0,2),(0,1)",FP32,305049600,115.98209071442476,0.0001068115234375,0.0027420520782470703,111.24865294134425,107.0776431064022
*** input parameters ***
  einsum_str: aefi,bfgj,cghk,dhel,ijkl->abcd
  dim_sizes:  40,40,20,20,6,6,6,6,4,4,4,4
  cont_path:  (2,3),(2,3),(0,2),(0,1)
  backend:    torch
  dtype:      FP32
*** benchmarking opt_einsum expression ***
  #flops :          305049600
  #bytes :          2630144
  arith. intensity: 115.98
  time (eval):      0.002857
  time (compile):   0.000106
  gflops (eval):    106.77
  gflops (total):   102.97
CSV_DATA: opt_einsum,torch,"aefi,bfgj,cghk,dhel,ijkl->abcd","40,40,20,20,6,6,6,6,4,4,4,4","(2,3),(2,3),(0,2),(0,1)",FP32,305049600,115.98209071442476,0.00010561943054199219,0.0028569698333740234,106.7738260434282,102.96722657962337
*** input parameters ***
  einsum_str: aefi,bfgj,cghk,dhel,ijkl->abcd
  dim_sizes:  40,40,20,20,6,6,6,6,4,4,4,4
  cont_path:  (2,3),(2,3),(0,2),(0,1)
  backend:    torch
  dtype:      FP32
*** benchmarking opt_einsum expression ***
  #flops :          305049600
  #bytes :          2630144
  arith. intensity: 115.98
  time (eval):      0.002681
  time (compile):   0.000110
  gflops (eval):    113.78
  gflops (total):   109.29
CSV_DATA: opt_einsum,torch,"aefi,bfgj,cghk,dhel,ijkl->abcd","40,40,20,20,6,6,6,6,4,4,4,4","(2,3),(2,3),(0,2),(0,1)",FP32,305049600,115.98209071442476,0.00011014938354492188,0.0026810169219970703,113.78130346628724,109.29108716822414
*** input parameters ***
  einsum_str: aefi,bfgj,cghk,dhel,ijkl->abcd
  dim_sizes:  40,40,20,20,6,6,6,6,4,4,4,4
  cont_path:  (2,3),(2,3),(0,2),(0,1)
  backend:    torch
  dtype:      FP32
*** benchmarking opt_einsum expression ***
  #flops :          305049600
  #bytes :          2630144
  arith. intensity: 115.98
  time (eval):      0.002779
  time (compile):   0.000102
  gflops (eval):    109.75
  gflops (total):   105.88
CSV_DATA: opt_einsum,torch,"aefi,bfgj,cghk,dhel,ijkl->abcd","40,40,20,20,6,6,6,6,4,4,4,4","(2,3),(2,3),(0,2),(0,1)",FP32,305049600,115.98209071442476,0.00010156631469726562,0.0027794837951660156,109.75045097601647,105.88139336961272
*** input parameters ***
  einsum_str: aefi,bfgj,cghk,dhel,ijkl->abcd
  dim_sizes:  40,40,20,20,6,6,6,6,4,4,4,4
  cont_path:  (2,3),(2,3),(0,2),(0,1)
  backend:    torch
  dtype:      FP32
*** benchmarking opt_einsum expression ***
  #flops :          305049600
  #bytes :          2630144
  arith. intensity: 115.98
  time (eval):      0.002770
  time (compile):   0.000103
  gflops (eval):    110.14
  gflops (total):   106.20
CSV_DATA: opt_einsum,torch,"aefi,bfgj,cghk,dhel,ijkl->abcd","40,40,20,20,6,6,6,6,4,4,4,4","(2,3),(2,3),(0,2),(0,1)",FP32,305049600,115.98209071442476,0.00010275840759277344,0.0027697086334228516,110.13779439428424,106.19777203505976
*** input parameters ***
  einsum_str: aefi,bfgj,cghk,dhel,ijkl->abcd
  dim_sizes:  40,40,20,20,6,6,6,6,4,4,4,4
  cont_path:  (2,3),(2,3),(0,2),(0,1)
  backend:    torch
  dtype:      FP32
*** benchmarking opt_einsum expression ***
  #flops :          305049600
  #bytes :          2630144
  arith. intensity: 115.98
  time (eval):      0.002703
  time (compile):   0.000109
  gflops (eval):    112.84
  gflops (total):   108.45
CSV_DATA: opt_einsum,torch,"aefi,bfgj,cghk,dhel,ijkl->abcd","40,40,20,20,6,6,6,6,4,4,4,4","(2,3),(2,3),(0,2),(0,1)",FP32,305049600,115.98209071442476,0.00010943412780761719,0.002703428268432617,112.83805957124967,108.44810624499068
*** input parameters ***
  einsum_str: aefi,bfgj,cghk,dhel,ijkl->abcd
  dim_sizes:  40,40,20,20,6,6,6,6,4,4,4,4
  cont_path:  (2,3),(2,3),(0,2),(0,1)
  backend:    torch
  dtype:      FP32
*** benchmarking opt_einsum expression ***
  #flops :          305049600
  #bytes :          2630144
  arith. intensity: 115.98
  time (eval):      0.002698
  time (compile):   0.000102
  gflops (eval):    113.07
  gflops (total):   108.96
CSV_DATA: opt_einsum,torch,"aefi,bfgj,cghk,dhel,ijkl->abcd","40,40,20,20,6,6,6,6,4,4,4,4","(2,3),(2,3),(0,2),(0,1)",FP32,305049600,115.98209071442476,0.00010180473327636719,0.0026979446411132812,113.06740522078474,108.95603827628375
*** input parameters ***
  einsum_str: aefi,bfgj,cghk,dhel,ijkl->abcd
  dim_sizes:  40,40,20,20,6,6,6,6,4,4,4,4
  cont_path:  (2,3),(2,3),(0,2),(0,1)
  backend:    torch
  dtype:      FP32
*** benchmarking opt_einsum expression ***
  #flops :          305049600
  #bytes :          2630144
  arith. intensity: 115.98
  time (eval):      0.003000
  time (compile):   0.000102
  gflops (eval):    101.67
  gflops (total):   98.32
CSV_DATA: opt_einsum,torch,"aefi,bfgj,cghk,dhel,ijkl->abcd","40,40,20,20,6,6,6,6,4,4,4,4","(2,3),(2,3),(0,2),(0,1)",FP32,305049600,115.98209071442476,0.00010204315185546875,0.003000497817993164,101.6663295572825,98.32250499334513
*** input parameters ***
  einsum_str: aefi,bfgj,cghk,dhel,ijkl->abcd
  dim_sizes:  40,40,20,20,6,6,6,6,4,4,4,4
  cont_path:  (2,3),(2,3),(0,2),(0,1)
  backend:    torch
  dtype:      FP32
*** benchmarking opt_einsum expression ***
  #flops :          305049600
  #bytes :          2630144
  arith. intensity: 115.98
  time (eval):      0.002685
  time (compile):   0.000107
  gflops (eval):    113.62
  gflops (total):   109.28
CSV_DATA: opt_einsum,torch,"aefi,bfgj,cghk,dhel,ijkl->abcd","40,40,20,20,6,6,6,6,4,4,4,4","(2,3),(2,3),(0,2),(0,1)",FP32,305049600,115.98209071442476,0.00010657310485839844,0.0026848316192626953,113.61963923971228,109.28175243238812
*** input parameters ***
  einsum_str: aefi,bfgj,cghk,dhel,ijkl->abcd
  dim_sizes:  40,40,20,20,6,6,6,6,4,4,4,4
  cont_path:  (2,3),(2,3),(0,2),(0,1)
  backend:    torch
  dtype:      FP32
*** benchmarking opt_einsum expression ***
  #flops :          305049600
  #bytes :          2630144
  arith. intensity: 115.98
  time (eval):      0.002775
  time (compile):   0.000102
  gflops (eval):    109.91
  gflops (total):   106.01
CSV_DATA: opt_einsum,torch,"aefi,bfgj,cghk,dhel,ijkl->abcd","40,40,20,20,6,6,6,6,4,4,4,4","(2,3),(2,3),(0,2),(0,1)",FP32,305049600,115.98209071442476,0.00010204315185546875,0.002775430679321289,109.91072566604244,106.0129884396719
*** input parameters ***
  einsum_str: aefi,bfgj,cghk,dhel,ijkl->abcd
  dim_sizes:  40,40,20,20,6,6,6,6,4,4,4,4
  cont_path:  (2,3),(2,3),(0,2),(0,1)
  backend:    torch
  dtype:      FP32
*** benchmarking opt_einsum expression ***
  #flops :          305049600
  #bytes :          2630144
  arith. intensity: 115.98
  time (eval):      0.002751
  time (compile):   0.000105
  gflops (eval):    110.89
  gflops (total):   106.81
CSV_DATA: opt_einsum,torch,"aefi,bfgj,cghk,dhel,ijkl->abcd","40,40,20,20,6,6,6,6,4,4,4,4","(2,3),(2,3),(0,2),(0,1)",FP32,305049600,115.98209071442476,0.00010514259338378906,0.002750873565673828,110.89190132418098,106.80947971269723
*** input parameters ***
  einsum_str: aefi,bfgj,cghk,dhel,ijkl->abcd
  dim_sizes:  40,40,20,20,6,6,6,6,4,4,4,4
  cont_path:  (2,3),(2,3),(0,2),(0,1)
  backend:    torch
  dtype:      FP32
*** benchmarking opt_einsum expression ***
  #flops :          305049600
  #bytes :          2630144
  arith. intensity: 115.98
  time (eval):      0.003208
  time (compile):   0.000113
  gflops (eval):    95.08
  gflops (total):   91.86
CSV_DATA: opt_einsum,torch,"aefi,bfgj,cghk,dhel,ijkl->abcd","40,40,20,20,6,6,6,6,4,4,4,4","(2,3),(2,3),(0,2),(0,1)",FP32,305049600,115.98209071442476,0.0001125335693359375,0.0032083988189697266,95.07845414865126,91.8566126411372
*** input parameters ***
  einsum_str: aefi,bfgj,cghk,dhel,ijkl->abcd
  dim_sizes:  40,40,20,20,6,6,6,6,4,4,4,4
  cont_path:  (2,3),(2,3),(0,2),(0,1)
  backend:    torch
  dtype:      FP32
*** benchmarking opt_einsum expression ***
  #flops :          305049600
  #bytes :          2630144
  arith. intensity: 115.98
  time (eval):      0.002826
  time (compile):   0.000103
  gflops (eval):    107.94
  gflops (total):   104.13
CSV_DATA: opt_einsum,torch,"aefi,bfgj,cghk,dhel,ijkl->abcd","40,40,20,20,6,6,6,6,4,4,4,4","(2,3),(2,3),(0,2),(0,1)",FP32,305049600,115.98209071442476,0.00010347366333007812,0.0028259754180908203,107.94488800121489,104.13207108963945
*** input parameters ***
  einsum_str: aefi,bfgj,cghk,dhel,ijkl->abcd
  dim_sizes:  40,40,20,20,6,6,6,6,4,4,4,4
  cont_path:  (2,3),(2,3),(0,2),(0,1)
  backend:    torch
  dtype:      FP32
*** benchmarking opt_einsum expression ***
  #flops :          305049600
  #bytes :          2630144
  arith. intensity: 115.98
  time (eval):      0.002779
  time (compile):   0.000100
  gflops (eval):    109.77
  gflops (total):   105.95
CSV_DATA: opt_einsum,torch,"aefi,bfgj,cghk,dhel,ijkl->abcd","40,40,20,20,6,6,6,6,4,4,4,4","(2,3),(2,3),(0,2),(0,1)",FP32,305049600,115.98209071442476,0.00010013580322265625,0.0027790069580078125,109.76928255648593,105.95153672394834
*** input parameters ***
  einsum_str: aefi,bfgj,cghk,dhel,ijkl->abcd
  dim_sizes:  40,40,20,20,6,6,6,6,4,4,4,4
  cont_path:  (2,3),(2,3),(0,2),(0,1)
  backend:    torch
  dtype:      FP32
*** benchmarking opt_einsum expression ***
  #flops :          305049600
  #bytes :          2630144
  arith. intensity: 115.98
  time (eval):      0.002723
  time (compile):   0.000104
  gflops (eval):    112.01
  gflops (total):   107.89
CSV_DATA: opt_einsum,torch,"aefi,bfgj,cghk,dhel,ijkl->abcd","40,40,20,20,6,6,6,6,4,4,4,4","(2,3),(2,3),(0,2),(0,1)",FP32,305049600,115.98209071442476,0.00010395050048828125,0.0027234554290771484,112.00829532333013,107.89027384082975
*** input parameters ***
  einsum_str: aefi,bfgj,cghk,dhel,ijkl->abcd
  dim_sizes:  40,40,20,20,6,6,6,6,4,4,4,4
  cont_path:  (2,3),(2,3),(0,2),(0,1)
  backend:    torch
  dtype:      FP32
*** benchmarking opt_einsum expression ***
  #flops :          305049600
  #bytes :          2630144
  arith. intensity: 115.98
  time (eval):      0.002795
  time (compile):   0.000106
  gflops (eval):    109.14
  gflops (total):   105.17
CSV_DATA: opt_einsum,torch,"aefi,bfgj,cghk,dhel,ijkl->abcd","40,40,20,20,6,6,6,6,4,4,4,4","(2,3),(2,3),(0,2),(0,1)",FP32,305049600,115.98209071442476,0.00010561943054199219,0.002794981002807617,109.1419225009298,105.16774268275522
*** input parameters ***
  einsum_str: aefi,bfgj,cghk,dhel,ijkl->abcd
  dim_sizes:  40,40,20,20,6,6,6,6,4,4,4,4
  cont_path:  (2,3),(2,3),(0,2),(0,1)
  backend:    torch
  dtype:      FP32
*** benchmarking opt_einsum expression ***
  #flops :          305049600
  #bytes :          2630144
  arith. intensity: 115.98
  time (eval):      0.002698
  time (compile):   0.000103
  gflops (eval):    113.05
  gflops (total):   108.89
CSV_DATA: opt_einsum,torch,"aefi,bfgj,cghk,dhel,ijkl->abcd","40,40,20,20,6,6,6,6,4,4,4,4","(2,3),(2,3),(0,2),(0,1)",FP32,305049600,115.98209071442476,0.000102996826171875,0.0026984214782714844,113.04742511737057,108.89112829603405
*** input parameters ***
  einsum_str: aefi,bfgj,cghk,dhel,ijkl->abcd
  dim_sizes:  40,40,20,20,6,6,6,6,4,4,4,4
  cont_path:  (2,3),(2,3),(0,2),(0,1)
  backend:    torch
  dtype:      FP32
*** benchmarking opt_einsum expression ***
  #flops :          305049600
  #bytes :          2630144
  arith. intensity: 115.98
  time (eval):      0.002784
  time (compile):   0.000103
  gflops (eval):    109.55
  gflops (total):   105.66
CSV_DATA: opt_einsum,torch,"aefi,bfgj,cghk,dhel,ijkl->abcd","40,40,20,20,6,6,6,6,4,4,4,4","(2,3),(2,3),(0,2),(0,1)",FP32,305049600,115.98209071442476,0.00010251998901367188,0.0027844905853271484,109.55310878314926,105.66279275566934
*** input parameters ***
  einsum_str: aefi,bfgj,cghk,dhel,ijkl->abcd
  dim_sizes:  40,40,20,20,6,6,6,6,4,4,4,4
  cont_path:  (2,3),(2,3),(0,2),(0,1)
  backend:    torch
  dtype:      FP32
*** benchmarking opt_einsum expression ***
  #flops :          305049600
  #bytes :          2630144
  arith. intensity: 115.98
  time (eval):      0.002983
  time (compile):   0.000102
  gflops (eval):    102.26
  gflops (total):   98.89
CSV_DATA: opt_einsum,torch,"aefi,bfgj,cghk,dhel,ijkl->abcd","40,40,20,20,6,6,6,6,4,4,4,4","(2,3),(2,3),(0,2),(0,1)",FP32,305049600,115.98209071442476,0.00010156631469726562,0.00298309326171875,102.25949148644501,98.89246850196322
*** input parameters ***
  einsum_str: aefi,bfgj,cghk,dhel,ijkl->abcd
  dim_sizes:  40,40,20,20,6,6,6,6,4,4,4,4
  cont_path:  (2,3),(2,3),(0,2),(0,1)
  backend:    torch
  dtype:      FP32
*** benchmarking opt_einsum expression ***
  #flops :          305049600
  #bytes :          2630144
  arith. intensity: 115.98
  time (eval):      0.002808
  time (compile):   0.000106
  gflops (eval):    108.65
  gflops (total):   104.69
CSV_DATA: opt_einsum,torch,"aefi,bfgj,cghk,dhel,ijkl->abcd","40,40,20,20,6,6,6,6,4,4,4,4","(2,3),(2,3),(0,2),(0,1)",FP32,305049600,115.98209071442476,0.00010633468627929688,0.0028076171875,108.65070970434783,104.68587444594992
*** input parameters ***
  einsum_str: aefi,bfgj,cghk,dhel,ijkl->abcd
  dim_sizes:  40,40,20,20,6,6,6,6,4,4,4,4
  cont_path:  (2,3),(2,3),(0,2),(0,1)
  backend:    torch
  dtype:      FP32
*** benchmarking opt_einsum expression ***
  #flops :          305049600
  #bytes :          2630144
  arith. intensity: 115.98
  time (eval):      0.002974
  time (compile):   0.000103
  gflops (eval):    102.58
  gflops (total):   99.15
CSV_DATA: opt_einsum,torch,"aefi,bfgj,cghk,dhel,ijkl->abcd","40,40,20,20,6,6,6,6,4,4,4,4","(2,3),(2,3),(0,2),(0,1)",FP32,305049600,115.98209071442476,0.000102996826171875,0.002973794937133789,102.57923173882787,99.14535121878342
*** input parameters ***
  einsum_str: aefi,bfgj,cghk,dhel,ijkl->abcd
  dim_sizes:  40,40,20,20,6,6,6,6,4,4,4,4
  cont_path:  (2,3),(2,3),(0,2),(0,1)
  backend:    torch
  dtype:      FP32
*** benchmarking opt_einsum expression ***
  #flops :          305049600
  #bytes :          2630144
  arith. intensity: 115.98
  time (eval):      0.002820
  time (compile):   0.000110
  gflops (eval):    108.15
  gflops (total):   104.10
CSV_DATA: opt_einsum,torch,"aefi,bfgj,cghk,dhel,ijkl->abcd","40,40,20,20,6,6,6,6,4,4,4,4","(2,3),(2,3),(0,2),(0,1)",FP32,305049600,115.98209071442476,0.00010991096496582031,0.0028204917907714844,108.15475549267963,104.09818220473518
*** input parameters ***
  einsum_str: aefi,bfgj,cghk,dhel,ijkl->abcd
  dim_sizes:  40,40,20,20,6,6,6,6,4,4,4,4
  cont_path:  (2,3),(2,3),(0,2),(0,1)
  backend:    torch
  dtype:      FP32
*** benchmarking opt_einsum expression ***
  #flops :          305049600
  #bytes :          2630144
  arith. intensity: 115.98
  time (eval):      0.002882
  time (compile):   0.000102
  gflops (eval):    105.86
  gflops (total):   102.25
CSV_DATA: opt_einsum,torch,"aefi,bfgj,cghk,dhel,ijkl->abcd","40,40,20,20,6,6,6,6,4,4,4,4","(2,3),(2,3),(0,2),(0,1)",FP32,305049600,115.98209071442476,0.00010156631469726562,0.002881765365600586,105.85511354996278,102.25131922627668
*** input parameters ***
  einsum_str: aefi,bfgj,cghk,dhel,ijkl->abcd
  dim_sizes:  40,40,20,20,6,6,6,6,4,4,4,4
  cont_path:  (2,3),(2,3),(0,2),(0,1)
  backend:    torch
  dtype:      FP32
*** benchmarking opt_einsum expression ***
  #flops :          305049600
  #bytes :          2630144
  arith. intensity: 115.98
  time (eval):      0.002736
  time (compile):   0.000102
  gflops (eval):    111.50
  gflops (total):   107.50
CSV_DATA: opt_einsum,torch,"aefi,bfgj,cghk,dhel,ijkl->abcd","40,40,20,20,6,6,6,6,4,4,4,4","(2,3),(2,3),(0,2),(0,1)",FP32,305049600,115.98209071442476,0.00010180473327636719,0.0027358531951904297,111.5007196059608,107.50048374041339
*** input parameters ***
  einsum_str: aefi,bfgj,cghk,dhel,ijkl->abcd
  dim_sizes:  40,40,20,20,6,6,6,6,4,4,4,4
  cont_path:  (2,3),(2,3),(0,2),(0,1)
  backend:    torch
  dtype:      FP32
*** benchmarking opt_einsum expression ***
  #flops :          305049600
  #bytes :          2630144
  arith. intensity: 115.98
  time (eval):      0.002729
  time (compile):   0.000106
  gflops (eval):    111.76
  gflops (total):   107.57
CSV_DATA: opt_einsum,torch,"aefi,bfgj,cghk,dhel,ijkl->abcd","40,40,20,20,6,6,6,6,4,4,4,4","(2,3),(2,3),(0,2),(0,1)",FP32,305049600,115.98209071442476,0.00010633468627929688,0.0027294158935546875,111.76369300125786,107.57278942983018
*** input parameters ***
  einsum_str: aefi,bfgj,cghk,dhel,ijkl->abcd
  dim_sizes:  40,40,20,20,6,6,6,6,4,4,4,4
  cont_path:  (2,3),(2,3),(0,2),(0,1)
  backend:    torch
  dtype:      FP32
*** benchmarking opt_einsum expression ***
  #flops :          305049600
  #bytes :          2630144
  arith. intensity: 115.98
  time (eval):      0.002773
  time (compile):   0.000103
  gflops (eval):    110.01
  gflops (total):   106.06
CSV_DATA: opt_einsum,torch,"aefi,bfgj,cghk,dhel,ijkl->abcd","40,40,20,20,6,6,6,6,4,4,4,4","(2,3),(2,3),(0,2),(0,1)",FP32,305049600,115.98209071442476,0.00010323524475097656,0.0027730464935302734,110.00522375362394,106.0569261835544
*** input parameters ***
  einsum_str: aefi,bfgj,cghk,dhel,ijkl->abcd
  dim_sizes:  40,40,20,20,6,6,6,6,4,4,4,4
  cont_path:  (2,3),(2,3),(0,2),(0,1)
  backend:    torch
  dtype:      FP32
*** benchmarking opt_einsum expression ***
  #flops :          305049600
  #bytes :          2630144
  arith. intensity: 115.98
  time (eval):      0.002821
  time (compile):   0.000104
  gflops (eval):    108.13
  gflops (total):   104.29
CSV_DATA: opt_einsum,torch,"aefi,bfgj,cghk,dhel,ijkl->abcd","40,40,20,20,6,6,6,6,4,4,4,4","(2,3),(2,3),(0,2),(0,1)",FP32,305049600,115.98209071442476,0.00010371208190917969,0.002821207046508789,108.12733520480015,104.29334508301271
*** input parameters ***
  einsum_str: aefi,bfgj,cghk,dhel,ijkl->abcd
  dim_sizes:  40,40,20,20,6,6,6,6,4,4,4,4
  cont_path:  (2,3),(2,3),(0,2),(0,1)
  backend:    torch
  dtype:      FP32
*** benchmarking opt_einsum expression ***
  #flops :          305049600
  #bytes :          2630144
  arith. intensity: 115.98
  time (eval):      0.002729
  time (compile):   0.000108
  gflops (eval):    111.76
  gflops (total):   107.49
CSV_DATA: opt_einsum,torch,"aefi,bfgj,cghk,dhel,ijkl->abcd","40,40,20,20,6,6,6,6,4,4,4,4","(2,3),(2,3),(0,2),(0,1)",FP32,305049600,115.98209071442476,0.00010848045349121094,0.0027294158935546875,111.76369300125786,107.49145236313535
*** input parameters ***
  einsum_str: aefi,bfgj,cghk,dhel,ijkl->abcd
  dim_sizes:  40,40,20,20,6,6,6,6,4,4,4,4
  cont_path:  (2,3),(2,3),(0,2),(0,1)
  backend:    torch
  dtype:      FP32
*** benchmarking opt_einsum expression ***
  #flops :          305049600
  #bytes :          2630144
  arith. intensity: 115.98
  time (eval):      0.002774
  time (compile):   0.000106
  gflops (eval):    109.98
  gflops (total):   105.92
CSV_DATA: opt_einsum,torch,"aefi,bfgj,cghk,dhel,ijkl->abcd","40,40,20,20,6,6,6,6,4,4,4,4","(2,3),(2,3),(0,2),(0,1)",FP32,305049600,115.98209071442476,0.00010633468627929688,0.002773761749267578,109.97685726993296,105.91645343364239
*** input parameters ***
  einsum_str: aefi,bfgj,cghk,dhel,ijkl->abcd
  dim_sizes:  40,40,20,20,6,6,6,6,4,4,4,4
  cont_path:  (2,3),(2,3),(0,2),(0,1)
  backend:    torch
  dtype:      FP32
*** benchmarking opt_einsum expression ***
  #flops :          305049600
  #bytes :          2630144
  arith. intensity: 115.98
  time (eval):      0.002903
  time (compile):   0.000105
  gflops (eval):    105.06
  gflops (total):   101.41
CSV_DATA: opt_einsum,torch,"aefi,bfgj,cghk,dhel,ijkl->abcd","40,40,20,20,6,6,6,6,4,4,4,4","(2,3),(2,3),(0,2),(0,1)",FP32,305049600,115.98209071442476,0.00010466575622558594,0.002903461456298828,105.06411212665462,101.40847725120076
*** input parameters ***
  einsum_str: aefi,bfgj,cghk,dhel,ijkl->abcd
  dim_sizes:  40,40,20,20,6,6,6,6,4,4,4,4
  cont_path:  (2,3),(2,3),(0,2),(0,1)
  backend:    torch
  dtype:      FP32
*** benchmarking opt_einsum expression ***
  #flops :          305049600
  #bytes :          2630144
  arith. intensity: 115.98
  time (eval):      0.002714
  time (compile):   0.000102
  gflops (eval):    112.41
  gflops (total):   108.34
CSV_DATA: opt_einsum,torch,"aefi,bfgj,cghk,dhel,ijkl->abcd","40,40,20,20,6,6,6,6,4,4,4,4","(2,3),(2,3),(0,2),(0,1)",FP32,305049600,115.98209071442476,0.00010204315185546875,0.0027136802673339844,112.41176923900896,108.33791341900084
*** input parameters ***
  einsum_str: aefi,bfgj,cghk,dhel,ijkl->abcd
  dim_sizes:  40,40,20,20,6,6,6,6,4,4,4,4
  cont_path:  (2,3),(2,3),(0,2),(0,1)
  backend:    torch
  dtype:      FP32
*** benchmarking opt_einsum expression ***
  #flops :          305049600
  #bytes :          2630144
  arith. intensity: 115.98
  time (eval):      0.002803
  time (compile):   0.000102
  gflops (eval):    108.84
  gflops (total):   105.04
CSV_DATA: opt_einsum,torch,"aefi,bfgj,cghk,dhel,ijkl->abcd","40,40,20,20,6,6,6,6,4,4,4,4","(2,3),(2,3),(0,2),(0,1)",FP32,305049600,115.98209071442476,0.00010156631469726562,0.002802610397338867,108.84481135503191,105.03823639096954
*** input parameters ***
  einsum_str: aefi,bfgj,cghk,dhel,ijkl->abcd
  dim_sizes:  40,40,20,20,6,6,6,6,4,4,4,4
  cont_path:  (2,3),(2,3),(0,2),(0,1)
  backend:    torch
  dtype:      FP32
*** benchmarking opt_einsum expression ***
  #flops :          305049600
  #bytes :          2630144
  arith. intensity: 115.98
  time (eval):      0.002934
  time (compile):   0.000101
  gflops (eval):    103.95
  gflops (total):   100.50
CSV_DATA: opt_einsum,torch,"aefi,bfgj,cghk,dhel,ijkl->abcd","40,40,20,20,6,6,6,6,4,4,4,4","(2,3),(2,3),(0,2),(0,1)",FP32,305049600,115.98209071442476,0.00010085105895996094,0.0029344558715820312,103.95440018511538,100.50041296664835
*** input parameters ***
  einsum_str: aefi,bfgj,cghk,dhel,ijkl->abcd
  dim_sizes:  40,40,20,20,6,6,6,6,4,4,4,4
  cont_path:  (2,3),(2,3),(0,2),(0,1)
  backend:    torch
  dtype:      FP32
*** benchmarking opt_einsum expression ***
  #flops :          305049600
  #bytes :          2630144
  arith. intensity: 115.98
  time (eval):      0.002718
  time (compile):   0.000108
  gflops (eval):    112.23
  gflops (total):   107.96
CSV_DATA: opt_einsum,torch,"aefi,bfgj,cghk,dhel,ijkl->abcd","40,40,20,20,6,6,6,6,4,4,4,4","(2,3),(2,3),(0,2),(0,1)",FP32,305049600,115.98209071442476,0.00010752677917480469,0.0027179718017578125,112.23427697178948,107.96310501041263
*** input parameters ***
  einsum_str: aefi,bfgj,cghk,dhel,ijkl->abcd
  dim_sizes:  40,40,20,20,6,6,6,6,4,4,4,4
  cont_path:  (2,3),(2,3),(0,2),(0,1)
  backend:    torch
  dtype:      FP32
*** benchmarking opt_einsum expression ***
  #flops :          305049600
  #bytes :          2630144
  arith. intensity: 115.98
  time (eval):      0.002752
  time (compile):   0.000107
  gflops (eval):    110.85
  gflops (total):   106.70
CSV_DATA: opt_einsum,torch,"aefi,bfgj,cghk,dhel,ijkl->abcd","40,40,20,20,6,6,6,6,4,4,4,4","(2,3),(2,3),(0,2),(0,1)",FP32,305049600,115.98209071442476,0.00010704994201660156,0.0027518272399902344,110.85347058381564,106.70259006574932
*** input parameters ***
  einsum_str: aefi,bfgj,cghk,dhel,ijkl->abcd
  dim_sizes:  40,40,20,20,6,6,6,6,4,4,4,4
  cont_path:  (2,3),(2,3),(0,2),(0,1)
  backend:    torch
  dtype:      FP32
*** benchmarking opt_einsum expression ***
  #flops :          305049600
  #bytes :          2630144
  arith. intensity: 115.98
  time (eval):      0.002782
  time (compile):   0.000103
  gflops (eval):    109.65
  gflops (total):   105.75
CSV_DATA: opt_einsum,torch,"aefi,bfgj,cghk,dhel,ijkl->abcd","40,40,20,20,6,6,6,6,4,4,4,4","(2,3),(2,3),(0,2),(0,1)",FP32,305049600,115.98209071442476,0.00010251998901367188,0.002782106399536133,109.64699267104295,105.75012459528887
*** input parameters ***
  einsum_str: aefi,bfgj,cghk,dhel,ijkl->abcd
  dim_sizes:  40,40,20,20,6,6,6,6,4,4,4,4
  cont_path:  (2,3),(2,3),(0,2),(0,1)
  backend:    torch
  dtype:      FP32
*** benchmarking opt_einsum expression ***
  #flops :          305049600
  #bytes :          2630144
  arith. intensity: 115.98
  time (eval):      0.002789
  time (compile):   0.000102
  gflops (eval):    109.39
  gflops (total):   105.53
CSV_DATA: opt_einsum,torch,"aefi,bfgj,cghk,dhel,ijkl->abcd","40,40,20,20,6,6,6,6,4,4,4,4","(2,3),(2,3),(0,2),(0,1)",FP32,305049600,115.98209071442476,0.00010204315185546875,0.002788543701171875,109.3938746134063,105.53206511699109
*** input parameters ***
  einsum_str: aefi,bfgj,cghk,dhel,ijkl->abcd
  dim_sizes:  40,40,20,20,6,6,6,6,4,4,4,4
  cont_path:  (2,3),(2,3),(0,2),(0,1)
  backend:    torch
  dtype:      FP32
*** benchmarking opt_einsum expression ***
  #flops :          305049600
  #bytes :          2630144
  arith. intensity: 115.98
  time (eval):      0.002807
  time (compile):   0.000101
  gflops (eval):    108.66
  gflops (total):   104.90
CSV_DATA: opt_einsum,torch,"aefi,bfgj,cghk,dhel,ijkl->abcd","40,40,20,20,6,6,6,6,4,4,4,4","(2,3),(2,3),(0,2),(0,1)",FP32,305049600,115.98209071442476,0.00010061264038085938,0.0028073787689208984,108.65993694084077,104.90044744432238
*** input parameters ***
  einsum_str: aefi,bfgj,cghk,dhel,ijkl->abcd
  dim_sizes:  40,40,20,20,6,6,6,6,4,4,4,4
  cont_path:  (2,3),(2,3),(0,2),(0,1)
  backend:    torch
  dtype:      FP32
*** benchmarking opt_einsum expression ***
  #flops :          305049600
  #bytes :          2630144
  arith. intensity: 115.98
  time (eval):      0.002770
  time (compile):   0.000105
  gflops (eval):    110.12
  gflops (total):   106.08
CSV_DATA: opt_einsum,torch,"aefi,bfgj,cghk,dhel,ijkl->abcd","40,40,20,20,6,6,6,6,4,4,4,4","(2,3),(2,3),(0,2),(0,1)",FP32,305049600,115.98209071442476,0.00010538101196289062,0.0027701854705810547,110.11883617164989,106.08330631609319
*** input parameters ***
  einsum_str: aefi,bfgj,cghk,dhel,ijkl->abcd
  dim_sizes:  40,40,20,20,6,6,6,6,4,4,4,4
  cont_path:  (2,3),(2,3),(0,2),(0,1)
  backend:    torch
  dtype:      FP32
*** benchmarking opt_einsum expression ***
  #flops :          305049600
  #bytes :          2630144
  arith. intensity: 115.98
  time (eval):      0.002738
  time (compile):   0.000103
  gflops (eval):    111.40
  gflops (total):   107.35
CSV_DATA: opt_einsum,torch,"aefi,bfgj,cghk,dhel,ijkl->abcd","40,40,20,20,6,6,6,6,4,4,4,4","(2,3),(2,3),(0,2),(0,1)",FP32,305049600,115.98209071442476,0.00010347366333007812,0.0027382373809814453,111.40363582746193,107.34715642909642
*** input parameters ***
  einsum_str: aefi,bfgj,cghk,dhel,ijkl->abcd
  dim_sizes:  40,40,20,20,6,6,6,6,4,4,4,4
  cont_path:  (2,3),(2,3),(0,2),(0,1)
  backend:    torch
  dtype:      FP32
*** benchmarking opt_einsum expression ***
  #flops :          305049600
  #bytes :          2630144
  arith. intensity: 115.98
  time (eval):      0.002771
  time (compile):   0.000105
  gflops (eval):    110.10
  gflops (total):   106.07
CSV_DATA: opt_einsum,torch,"aefi,bfgj,cghk,dhel,ijkl->abcd","40,40,20,20,6,6,6,6,4,4,4,4","(2,3),(2,3),(0,2),(0,1)",FP32,305049600,115.98209071442476,0.00010538101196289062,0.002770662307739258,110.09988447452027,106.06571810315842
*** input parameters ***
  einsum_str: aefi,bfgj,cghk,dhel,ijkl->abcd
  dim_sizes:  40,40,20,20,6,6,6,6,4,4,4,4
  cont_path:  (2,3),(2,3),(0,2),(0,1)
  backend:    torch
  dtype:      FP32
*** benchmarking opt_einsum expression ***
  #flops :          305049600
  #bytes :          2630144
  arith. intensity: 115.98
  time (eval):      0.002687
  time (compile):   0.000102
  gflops (eval):    113.52
  gflops (total):   109.38
CSV_DATA: opt_einsum,torch,"aefi,bfgj,cghk,dhel,ijkl->abcd","40,40,20,20,6,6,6,6,4,4,4,4","(2,3),(2,3),(0,2),(0,1)",FP32,305049600,115.98209071442476,0.00010156631469726562,0.002687215805053711,113.51883217801438,109.38452231156707
*** input parameters ***
  einsum_str: aefi,bfgj,cghk,dhel,ijkl->abcd
  dim_sizes:  40,40,20,20,6,6,6,6,4,4,4,4
  cont_path:  (2,3),(2,3),(0,2),(0,1)
  backend:    torch
  dtype:      FP32
*** benchmarking opt_einsum expression ***
  #flops :          305049600
  #bytes :          2630144
  arith. intensity: 115.98
  time (eval):      0.002753
  time (compile):   0.000104
  gflops (eval):    110.82
  gflops (total):   106.79
CSV_DATA: opt_einsum,torch,"aefi,bfgj,cghk,dhel,ijkl->abcd","40,40,20,20,6,6,6,6,4,4,4,4","(2,3),(2,3),(0,2),(0,1)",FP32,305049600,115.98209071442476,0.00010395050048828125,0.002752542495727539,110.82466500462539,106.79164990221184
*** input parameters ***
  einsum_str: aefi,bfgj,cghk,dhel,ijkl->abcd
  dim_sizes:  40,40,20,20,6,6,6,6,4,4,4,4
  cont_path:  (2,3),(2,3),(0,2),(0,1)
  backend:    torch
  dtype:      FP32
*** benchmarking opt_einsum expression ***
  #flops :          305049600
  #bytes :          2630144
  arith. intensity: 115.98
  time (eval):      0.002971
  time (compile):   0.000101
  gflops (eval):    102.66
  gflops (total):   99.28
CSV_DATA: opt_einsum,torch,"aefi,bfgj,cghk,dhel,ijkl->abcd","40,40,20,20,6,6,6,6,4,4,4,4","(2,3),(2,3),(0,2),(0,1)",FP32,305049600,115.98209071442476,0.00010132789611816406,0.0029714107513427734,102.66153875298083,99.27612953743017
*** input parameters ***
  einsum_str: aefi,bfgj,cghk,dhel,ijkl->abcd
  dim_sizes:  40,40,20,20,6,6,6,6,4,4,4,4
  cont_path:  (2,3),(2,3),(0,2),(0,1)
  backend:    torch
  dtype:      FP32
*** benchmarking opt_einsum expression ***
  #flops :          305049600
  #bytes :          2630144
  arith. intensity: 115.98
  time (eval):      0.002693
  time (compile):   0.000103
  gflops (eval):    113.28
  gflops (total):   109.09
CSV_DATA: opt_einsum,torch,"aefi,bfgj,cghk,dhel,ijkl->abcd","40,40,20,20,6,6,6,6,4,4,4,4","(2,3),(2,3),(0,2),(0,1)",FP32,305049600,115.98209071442476,0.00010347366333007812,0.0026929378509521484,113.27762350406375,109.08609067085004
*** input parameters ***
  einsum_str: aefi,bfgj,cghk,dhel,ijkl->abcd
  dim_sizes:  40,40,20,20,6,6,6,6,4,4,4,4
  cont_path:  (2,3),(2,3),(0,2),(0,1)
  backend:    torch
  dtype:      FP32
*** benchmarking opt_einsum expression ***
  #flops :          305049600
  #bytes :          2630144
  arith. intensity: 115.98
  time (eval):      0.002777
  time (compile):   0.000107
  gflops (eval):    109.84
  gflops (total):   105.76
CSV_DATA: opt_einsum,torch,"aefi,bfgj,cghk,dhel,ijkl->abcd","40,40,20,20,6,6,6,6,4,4,4,4","(2,3),(2,3),(0,2),(0,1)",FP32,305049600,115.98209071442476,0.00010704994201660156,0.0027773380279541016,109.83524401050735,105.75886571982146
*** input parameters ***
  einsum_str: aefi,bfgj,cghk,dhel,ijkl->abcd
  dim_sizes:  40,40,20,20,6,6,6,6,4,4,4,4
  cont_path:  (2,3),(2,3),(0,2),(0,1)
  backend:    torch
  dtype:      FP32
*** benchmarking opt_einsum expression ***
  #flops :          305049600
  #bytes :          2630144
  arith. intensity: 115.98
  time (eval):      0.002756
  time (compile):   0.000106
  gflops (eval):    110.68
  gflops (total):   106.59
CSV_DATA: opt_einsum,torch,"aefi,bfgj,cghk,dhel,ijkl->abcd","40,40,20,20,6,6,6,6,4,4,4,4","(2,3),(2,3),(0,2),(0,1)",FP32,305049600,115.98209071442476,0.00010585784912109375,0.0027561187744140625,110.68086137356401,106.5870341118294
*** input parameters ***
  einsum_str: aefi,bfgj,cghk,dhel,ijkl->abcd
  dim_sizes:  40,40,20,20,6,6,6,6,4,4,4,4
  cont_path:  (2,3),(2,3),(0,2),(0,1)
  backend:    torch
  dtype:      FP32
*** benchmarking opt_einsum expression ***
  #flops :          305049600
  #bytes :          2630144
  arith. intensity: 115.98
  time (eval):      0.002768
  time (compile):   0.000106
  gflops (eval):    110.21
  gflops (total):   106.16
CSV_DATA: opt_einsum,torch,"aefi,bfgj,cghk,dhel,ijkl->abcd","40,40,20,20,6,6,6,6,4,4,4,4","(2,3),(2,3),(0,2),(0,1)",FP32,305049600,115.98209071442476,0.00010561943054199219,0.002767801284790039,110.2136926073219,106.1625255126452
*** input parameters ***
  einsum_str: aefi,bfgj,cghk,dhel,ijkl->abcd
  dim_sizes:  40,40,20,20,6,6,6,6,4,4,4,4
  cont_path:  (2,3),(2,3),(0,2),(0,1)
  backend:    torch
  dtype:      FP32
*** benchmarking opt_einsum expression ***
  #flops :          305049600
  #bytes :          2630144
  arith. intensity: 115.98
  time (eval):      0.002687
  time (compile):   0.000103
  gflops (eval):    113.54
  gflops (total):   109.34
CSV_DATA: opt_einsum,torch,"aefi,bfgj,cghk,dhel,ijkl->abcd","40,40,20,20,6,6,6,6,4,4,4,4","(2,3),(2,3),(0,2),(0,1)",FP32,305049600,115.98209071442476,0.00010323524475097656,0.002686738967895508,113.5389792775224,109.33778477853359
*** input parameters ***
  einsum_str: aefi,bfgj,cghk,dhel,ijkl->abcd
  dim_sizes:  40,40,20,20,6,6,6,6,4,4,4,4
  cont_path:  (2,3),(2,3),(0,2),(0,1)
  backend:    torch
  dtype:      FP32
*** benchmarking opt_einsum expression ***
  #flops :          305049600
  #bytes :          2630144
  arith. intensity: 115.98
  time (eval):      0.002652
  time (compile):   0.000103
  gflops (eval):    115.04
  gflops (total):   110.76
CSV_DATA: opt_einsum,torch,"aefi,bfgj,cghk,dhel,ijkl->abcd","40,40,20,20,6,6,6,6,4,4,4,4","(2,3),(2,3),(0,2),(0,1)",FP32,305049600,115.98209071442476,0.00010251998901367188,0.002651691436767578,115.03962933630643,110.75751016952908
*** input parameters ***
  einsum_str: aefi,bfgj,cghk,dhel,ijkl->abcd
  dim_sizes:  40,40,20,20,6,6,6,6,4,4,4,4
  cont_path:  (2,3),(2,3),(0,2),(0,1)
  backend:    torch
  dtype:      FP32
*** benchmarking opt_einsum expression ***
  #flops :          305049600
  #bytes :          2630144
  arith. intensity: 115.98
  time (eval):      0.002725
  time (compile):   0.000104
  gflops (eval):    111.95
  gflops (total):   107.84
CSV_DATA: opt_einsum,torch,"aefi,bfgj,cghk,dhel,ijkl->abcd","40,40,20,20,6,6,6,6,4,4,4,4","(2,3),(2,3),(0,2),(0,1)",FP32,305049600,115.98209071442476,0.00010371208190917969,0.002724885940551758,111.94949317336601,107.84480423789617
*** input parameters ***
  einsum_str: aefi,bfgj,cghk,dhel,ijkl->abcd
  dim_sizes:  40,40,20,20,6,6,6,6,4,4,4,4
  cont_path:  (2,3),(2,3),(0,2),(0,1)
  backend:    torch
  dtype:      FP32
*** benchmarking opt_einsum expression ***
  #flops :          305049600
  #bytes :          2630144
  arith. intensity: 115.98
  time (eval):      0.002748
  time (compile):   0.000100
  gflops (eval):    111.02
  gflops (total):   107.10
CSV_DATA: opt_einsum,torch,"aefi,bfgj,cghk,dhel,ijkl->abcd","40,40,20,20,6,6,6,6,4,4,4,4","(2,3),(2,3),(0,2),(0,1)",FP32,305049600,115.98209071442476,0.00010037422180175781,0.002747774124145508,111.01698546450325,107.10453352405827
*** input parameters ***
  einsum_str: aefi,bfgj,cghk,dhel,ijkl->abcd
  dim_sizes:  40,40,20,20,6,6,6,6,4,4,4,4
  cont_path:  (2,3),(2,3),(0,2),(0,1)
  backend:    torch
  dtype:      FP32
*** benchmarking opt_einsum expression ***
  #flops :          305049600
  #bytes :          2630144
  arith. intensity: 115.98
  time (eval):      0.002715
  time (compile):   0.000103
  gflops (eval):    112.36
  gflops (total):   108.25
CSV_DATA: opt_einsum,torch,"aefi,bfgj,cghk,dhel,ijkl->abcd","40,40,20,20,6,6,6,6,4,4,4,4","(2,3),(2,3),(0,2),(0,1)",FP32,305049600,115.98209071442476,0.00010323524475097656,0.002714872360229492,112.36240954407658,108.24625697786803
*** input parameters ***
  einsum_str: aefi,bfgj,cghk,dhel,ijkl->abcd
  dim_sizes:  40,40,20,20,6,6,6,6,4,4,4,4
  cont_path:  (2,3),(2,3),(0,2),(0,1)
  backend:    torch
  dtype:      FP32
*** benchmarking opt_einsum expression ***
  #flops :          305049600
  #bytes :          2630144
  arith. intensity: 115.98
  time (eval):      0.002748
  time (compile):   0.000106
  gflops (eval):    111.03
  gflops (total):   106.90
CSV_DATA: opt_einsum,torch,"aefi,bfgj,cghk,dhel,ijkl->abcd","40,40,20,20,6,6,6,6,4,4,4,4","(2,3),(2,3),(0,2),(0,1)",FP32,305049600,115.98209071442476,0.00010609626770019531,0.0027475357055664062,111.02661901062132,106.8987181450748
*** input parameters ***
  einsum_str: aefi,bfgj,cghk,dhel,ijkl->abcd
  dim_sizes:  40,40,20,20,6,6,6,6,4,4,4,4
  cont_path:  (2,3),(2,3),(0,2),(0,1)
  backend:    torch
  dtype:      FP32
*** benchmarking opt_einsum expression ***
  #flops :          305049600
  #bytes :          2630144
  arith. intensity: 115.98
  time (eval):      0.002770
  time (compile):   0.000106
  gflops (eval):    110.11
  gflops (total):   106.07
CSV_DATA: opt_einsum,torch,"aefi,bfgj,cghk,dhel,ijkl->abcd","40,40,20,20,6,6,6,6,4,4,4,4","(2,3),(2,3),(0,2),(0,1)",FP32,305049600,115.98209071442476,0.00010561943054199219,0.0027704238891601562,110.10935950760758,106.06571810315842
*** input parameters ***
  einsum_str: aefi,bfgj,cghk,dhel,ijkl->abcd
  dim_sizes:  40,40,20,20,6,6,6,6,4,4,4,4
  cont_path:  (2,3),(2,3),(0,2),(0,1)
  backend:    torch
  dtype:      FP32
*** benchmarking opt_einsum expression ***
  #flops :          305049600
  #bytes :          2630144
  arith. intensity: 115.98
  time (eval):      0.002730
  time (compile):   0.000106
  gflops (eval):    111.73
  gflops (total):   107.57
CSV_DATA: opt_einsum,torch,"aefi,bfgj,cghk,dhel,ijkl->abcd","40,40,20,20,6,6,6,6,4,4,4,4","(2,3),(2,3),(0,2),(0,1)",FP32,305049600,115.98209071442476,0.00010561943054199219,0.002730131149291992,111.73441249483889,107.57278942983018
*** input parameters ***
  einsum_str: aefi,bfgj,cghk,dhel,ijkl->abcd
  dim_sizes:  40,40,20,20,6,6,6,6,4,4,4,4
  cont_path:  (2,3),(2,3),(0,2),(0,1)
  backend:    torch
  dtype:      FP32
*** benchmarking opt_einsum expression ***
  #flops :          305049600
  #bytes :          2630144
  arith. intensity: 115.98
  time (eval):      0.002699
  time (compile):   0.000110
  gflops (eval):    113.04
  gflops (total):   108.60
CSV_DATA: opt_einsum,torch,"aefi,bfgj,cghk,dhel,ijkl->abcd","40,40,20,20,6,6,6,6,4,4,4,4","(2,3),(2,3),(0,2),(0,1)",FP32,305049600,115.98209071442476,0.00011038780212402344,0.002698659896850586,113.03743771343758,108.59537917827195
*** input parameters ***
  einsum_str: aefi,bfgj,cghk,dhel,ijkl->abcd
  dim_sizes:  40,40,20,20,6,6,6,6,4,4,4,4
  cont_path:  (2,3),(2,3),(0,2),(0,1)
  backend:    torch
  dtype:      FP32
*** benchmarking opt_einsum expression ***
  #flops :          305049600
  #bytes :          2630144
  arith. intensity: 115.98
  time (eval):      0.002747
  time (compile):   0.000107
  gflops (eval):    111.06
  gflops (total):   106.89
CSV_DATA: opt_einsum,torch,"aefi,bfgj,cghk,dhel,ijkl->abcd","40,40,20,20,6,6,6,6,4,4,4,4","(2,3),(2,3),(0,2),(0,1)",FP32,305049600,115.98209071442476,0.00010704994201660156,0.0027468204498291016,111.05552968304835,106.88978759218045
*** input parameters ***
  einsum_str: aefi,bfgj,cghk,dhel,ijkl->abcd
  dim_sizes:  40,40,20,20,6,6,6,6,4,4,4,4
  cont_path:  (2,3),(2,3),(0,2),(0,1)
  backend:    torch
  dtype:      FP32
*** benchmarking opt_einsum expression ***
  #flops :          305049600
  #bytes :          2630144
  arith. intensity: 115.98
  time (eval):      0.002773
  time (compile):   0.000105
  gflops (eval):    110.01
  gflops (total):   105.99
CSV_DATA: opt_einsum,torch,"aefi,bfgj,cghk,dhel,ijkl->abcd","40,40,20,20,6,6,6,6,4,4,4,4","(2,3),(2,3),(0,2),(0,1)",FP32,305049600,115.98209071442476,0.00010538101196289062,0.002772808074951172,110.01468250029235,105.98664326361829
*** input parameters ***
  einsum_str: aefi,bfgj,cghk,dhel,ijkl->abcd
  dim_sizes:  40,40,20,20,6,6,6,6,4,4,4,4
  cont_path:  (2,3),(2,3),(0,2),(0,1)
  backend:    torch
  dtype:      FP32
*** benchmarking opt_einsum expression ***
  #flops :          305049600
  #bytes :          2630144
  arith. intensity: 115.98
  time (eval):      0.002741
  time (compile):   0.000102
  gflops (eval):    111.29
  gflops (total):   107.29
CSV_DATA: opt_einsum,torch,"aefi,bfgj,cghk,dhel,ijkl->abcd","40,40,20,20,6,6,6,6,4,4,4,4","(2,3),(2,3),(0,2),(0,1)",FP32,305049600,115.98209071442476,0.00010204315185546875,0.002741098403930664,111.28735822200575,107.29314528120756
*** input parameters ***
  einsum_str: aefi,bfgj,cghk,dhel,ijkl->abcd
  dim_sizes:  40,40,20,20,6,6,6,6,4,4,4,4
  cont_path:  (2,3),(2,3),(0,2),(0,1)
  backend:    torch
  dtype:      FP32
*** benchmarking opt_einsum expression ***
  #flops :          305049600
  #bytes :          2630144
  arith. intensity: 115.98
  time (eval):      0.002738
  time (compile):   0.000106
  gflops (eval):    111.41
  gflops (total):   107.28
CSV_DATA: opt_einsum,torch,"aefi,bfgj,cghk,dhel,ijkl->abcd","40,40,20,20,6,6,6,6,4,4,4,4","(2,3),(2,3),(0,2),(0,1)",FP32,305049600,115.98209071442476,0.00010561943054199219,0.0027379989624023438,111.41333659686521,107.27515364118388
*** input parameters ***
  einsum_str: aefi,bfgj,cghk,dhel,ijkl->abcd
  dim_sizes:  40,40,20,20,6,6,6,6,4,4,4,4
  cont_path:  (2,3),(2,3),(0,2),(0,1)
  backend:    torch
  dtype:      FP32
*** benchmarking opt_einsum expression ***
  #flops :          305049600
  #bytes :          2630144
  arith. intensity: 115.98
  time (eval):      0.002689
  time (compile):   0.000108
  gflops (eval):    113.43
  gflops (total):   109.06
CSV_DATA: opt_einsum,torch,"aefi,bfgj,cghk,dhel,ijkl->abcd","40,40,20,20,6,6,6,6,4,4,4,4","(2,3),(2,3),(0,2),(0,1)",FP32,305049600,115.98209071442476,0.00010776519775390625,0.002689361572265625,113.42825864170214,109.05819617101945
*** input parameters ***
  einsum_str: aefi,bfgj,cghk,dhel,ijkl->abcd
  dim_sizes:  40,40,20,20,6,6,6,6,4,4,4,4
  cont_path:  (2,3),(2,3),(0,2),(0,1)
  backend:    torch
  dtype:      FP32
*** benchmarking opt_einsum expression ***
  #flops :          305049600
  #bytes :          2630144
  arith. intensity: 115.98
  time (eval):      0.002625
  time (compile):   0.000104
  gflops (eval):    116.20
  gflops (total):   111.77
CSV_DATA: opt_einsum,torch,"aefi,bfgj,cghk,dhel,ijkl->abcd","40,40,20,20,6,6,6,6,4,4,4,4","(2,3),(2,3),(0,2),(0,1)",FP32,305049600,115.98209071442476,0.00010395050048828125,0.0026252269744873047,116.19932408304425,111.77345658062376
*** input parameters ***
  einsum_str: aefi,bfgj,cghk,dhel,ijkl->abcd
  dim_sizes:  40,40,20,20,6,6,6,6,4,4,4,4
  cont_path:  (2,3),(2,3),(0,2),(0,1)
  backend:    torch
  dtype:      FP32
*** benchmarking opt_einsum expression ***
  #flops :          305049600
  #bytes :          2630144
  arith. intensity: 115.98
  time (eval):      0.002690
  time (compile):   0.000109
  gflops (eval):    113.41
  gflops (total):   109.00
CSV_DATA: opt_einsum,torch,"aefi,bfgj,cghk,dhel,ijkl->abcd","40,40,20,20,6,6,6,6,4,4,4,4","(2,3),(2,3),(0,2),(0,1)",FP32,305049600,115.98209071442476,0.0001087188720703125,0.002689838409423828,113.40815081354371,109.0024499470438
*** input parameters ***
  einsum_str: aefi,bfgj,cghk,dhel,ijkl->abcd
  dim_sizes:  40,40,20,20,6,6,6,6,4,4,4,4
  cont_path:  (2,3),(2,3),(0,2),(0,1)
  backend:    torch
  dtype:      FP32
*** benchmarking opt_einsum expression ***
  #flops :          305049600
  #bytes :          2630144
  arith. intensity: 115.98
  time (eval):      0.002741
  time (compile):   0.000103
  gflops (eval):    111.29
  gflops (total):   107.25
CSV_DATA: opt_einsum,torch,"aefi,bfgj,cghk,dhel,ijkl->abcd","40,40,20,20,6,6,6,6,4,4,4,4","(2,3),(2,3),(0,2),(0,1)",FP32,305049600,115.98209071442476,0.00010323524475097656,0.002741098403930664,111.28735822200575,107.24817749190278
*** input parameters ***
  einsum_str: aefi,bfgj,cghk,dhel,ijkl->abcd
  dim_sizes:  40,40,20,20,6,6,6,6,4,4,4,4
  cont_path:  (2,3),(2,3),(0,2),(0,1)
  backend:    torch
  dtype:      FP32
*** benchmarking opt_einsum expression ***
  #flops :          305049600
  #bytes :          2630144
  arith. intensity: 115.98
  time (eval):      0.002774
  time (compile):   0.000100
  gflops (eval):    109.95
  gflops (total):   106.14
CSV_DATA: opt_einsum,torch,"aefi,bfgj,cghk,dhel,ijkl->abcd","40,40,20,20,6,6,6,6,4,4,4,4","(2,3),(2,3),(0,2),(0,1)",FP32,305049600,115.98209071442476,9.965896606445312e-05,0.002774477005004883,109.9485054119103,106.13610597083368
*** input parameters ***
  einsum_str: aefi,bfgj,cghk,dhel,ijkl->abcd
  dim_sizes:  40,40,20,20,6,6,6,6,4,4,4,4
  cont_path:  (2,3),(2,3),(0,2),(0,1)
  backend:    torch
  dtype:      FP32
*** benchmarking opt_einsum expression ***
  #flops :          305049600
  #bytes :          2630144
  arith. intensity: 115.98
  time (eval):      0.002683
  time (compile):   0.000111
  gflops (eval):    113.70
  gflops (total):   109.19
CSV_DATA: opt_einsum,torch,"aefi,bfgj,cghk,dhel,ijkl->abcd","40,40,20,20,6,6,6,6,4,4,4,4","(2,3),(2,3),(0,2),(0,1)",FP32,305049600,115.98209071442476,0.00011086463928222656,0.002682924270629883,113.70041388770996,109.18849270168973
*** input parameters ***
  einsum_str: aefi,bfgj,cghk,dhel,ijkl->abcd
  dim_sizes:  40,40,20,20,6,6,6,6,4,4,4,4
  cont_path:  (2,3),(2,3),(0,2),(0,1)
  backend:    torch
  dtype:      FP32
*** benchmarking opt_einsum expression ***
  #flops :          305049600
  #bytes :          2630144
  arith. intensity: 115.98
  time (eval):      0.002679
  time (compile):   0.000110
  gflops (eval):    113.85
  gflops (total):   109.37
CSV_DATA: opt_einsum,torch,"aefi,bfgj,cghk,dhel,ijkl->abcd","40,40,20,20,6,6,6,6,4,4,4,4","(2,3),(2,3),(0,2),(0,1)",FP32,305049600,115.98209071442476,0.00010991096496582031,0.0026793479919433594,113.85217631948747,109.3658225043508
*** input parameters ***
  einsum_str: aefi,bfgj,cghk,dhel,ijkl->abcd
  dim_sizes:  40,40,20,20,6,6,6,6,4,4,4,4
  cont_path:  (2,3),(2,3),(0,2),(0,1)
  backend:    torch
  dtype:      FP32
*** benchmarking opt_einsum expression ***
  #flops :          305049600
  #bytes :          2630144
  arith. intensity: 115.98
  time (eval):      0.002719
  time (compile):   0.000112
  gflops (eval):    112.19
  gflops (total):   107.75
CSV_DATA: opt_einsum,torch,"aefi,bfgj,cghk,dhel,ijkl->abcd","40,40,20,20,6,6,6,6,4,4,4,4","(2,3),(2,3),(0,2),(0,1)",FP32,305049600,115.98209071442476,0.00011181831359863281,0.0027191638946533203,112.18507299240686,107.75397991227894
*** input parameters ***
  einsum_str: aefi,bfgj,cghk,dhel,ijkl->abcd
  dim_sizes:  40,40,20,20,6,6,6,6,4,4,4,4
  cont_path:  (2,3),(2,3),(0,2),(0,1)
  backend:    torch
  dtype:      FP32
*** benchmarking opt_einsum expression ***
  #flops :          305049600
  #bytes :          2630144
  arith. intensity: 115.98
  time (eval):      0.002758
  time (compile):   0.000113
  gflops (eval):    110.62
  gflops (total):   106.25
CSV_DATA: opt_einsum,torch,"aefi,bfgj,cghk,dhel,ijkl->abcd","40,40,20,20,6,6,6,6,4,4,4,4","(2,3),(2,3),(0,2),(0,1)",FP32,305049600,115.98209071442476,0.00011348724365234375,0.002757549285888672,110.62344436091995,106.25068572316893
*** input parameters ***
  einsum_str: aefi,bfgj,cghk,dhel,ijkl->abcd
  dim_sizes:  40,40,20,20,6,6,6,6,4,4,4,4
  cont_path:  (2,3),(2,3),(0,2),(0,1)
  backend:    torch
  dtype:      FP32
*** benchmarking opt_einsum expression ***
  #flops :          305049600
  #bytes :          2630144
  arith. intensity: 115.98
  time (eval):      0.002665
  time (compile):   0.000103
  gflops (eval):    114.47
  gflops (total):   110.19
CSV_DATA: opt_einsum,torch,"aefi,bfgj,cghk,dhel,ijkl->abcd","40,40,20,20,6,6,6,6,4,4,4,4","(2,3),(2,3),(0,2),(0,1)",FP32,305049600,115.98209071442476,0.00010347366333007812,0.002664804458618164,114.47354008037935,110.19470824893637
*** input parameters ***
  einsum_str: aefi,bfgj,cghk,dhel,ijkl->abcd
  dim_sizes:  40,40,20,20,6,6,6,6,4,4,4,4
  cont_path:  (2,3),(2,3),(0,2),(0,1)
  backend:    torch
  dtype:      FP32
*** benchmarking opt_einsum expression ***
  #flops :          305049600
  #bytes :          2630144
  arith. intensity: 115.98
  time (eval):      0.002739
  time (compile):   0.000101
  gflops (eval):    111.37
  gflops (total):   107.40
CSV_DATA: opt_einsum,torch,"aefi,bfgj,cghk,dhel,ijkl->abcd","40,40,20,20,6,6,6,6,4,4,4,4","(2,3),(2,3),(0,2),(0,1)",FP32,305049600,115.98209071442476,0.00010132789611816406,0.00273895263671875,111.37454365236769,107.40122198257366
*** input parameters ***
  einsum_str: aefi,bfgj,cghk,dhel,ijkl->abcd
  dim_sizes:  40,40,20,20,6,6,6,6,4,4,4,4
  cont_path:  (2,3),(2,3),(0,2),(0,1)
  backend:    torch
  dtype:      FP32
*** benchmarking opt_einsum expression ***
  #flops :          305049600
  #bytes :          2630144
  arith. intensity: 115.98
  time (eval):      0.002666
  time (compile):   0.000105
  gflops (eval):    114.40
  gflops (total):   110.07
CSV_DATA: opt_einsum,torch,"aefi,bfgj,cghk,dhel,ijkl->abcd","40,40,20,20,6,6,6,6,4,4,4,4","(2,3),(2,3),(0,2),(0,1)",FP32,305049600,115.98209071442476,0.0001049041748046875,0.002666473388671875,114.40189176309013,110.07146915677909
*** input parameters ***
  einsum_str: aefi,bfgj,cghk,dhel,ijkl->abcd
  dim_sizes:  40,40,20,20,6,6,6,6,4,4,4,4
  cont_path:  (2,3),(2,3),(0,2),(0,1)
  backend:    torch
  dtype:      FP32
*** benchmarking opt_einsum expression ***
  #flops :          305049600
  #bytes :          2630144
  arith. intensity: 115.98
  time (eval):      0.002928
  time (compile):   0.000106
  gflops (eval):    104.19
  gflops (total):   100.56
CSV_DATA: opt_einsum,torch,"aefi,bfgj,cghk,dhel,ijkl->abcd","40,40,20,20,6,6,6,6,4,4,4,4","(2,3),(2,3),(0,2),(0,1)",FP32,305049600,115.98209071442476,0.00010585784912109375,0.0029277801513671875,104.1914297620847,100.55570241106571
*** input parameters ***
  einsum_str: aefi,bfgj,cghk,dhel,ijkl->abcd
  dim_sizes:  40,40,20,20,6,6,6,6,4,4,4,4
  cont_path:  (2,3),(2,3),(0,2),(0,1)
  backend:    torch
  dtype:      FP32
*** benchmarking opt_einsum expression ***
  #flops :          305049600
  #bytes :          2630144
  arith. intensity: 115.98
  time (eval):      0.002725
  time (compile):   0.000104
  gflops (eval):    111.94
  gflops (total):   107.83
CSV_DATA: opt_einsum,torch,"aefi,bfgj,cghk,dhel,ijkl->abcd","40,40,20,20,6,6,6,6,4,4,4,4","(2,3),(2,3),(0,2),(0,1)",FP32,305049600,115.98209071442476,0.00010395050048828125,0.0027251243591308594,111.93969881700788,107.82662712610822
*** input parameters ***
  einsum_str: aefi,bfgj,cghk,dhel,ijkl->abcd
  dim_sizes:  40,40,20,20,6,6,6,6,4,4,4,4
  cont_path:  (2,3),(2,3),(0,2),(0,1)
  backend:    torch
  dtype:      FP32
*** benchmarking opt_einsum expression ***
  #flops :          305049600
  #bytes :          2630144
  arith. intensity: 115.98
  time (eval):      0.002762
  time (compile):   0.000106
  gflops (eval):    110.46
  gflops (total):   106.39
CSV_DATA: opt_einsum,torch,"aefi,bfgj,cghk,dhel,ijkl->abcd","40,40,20,20,6,6,6,6,4,4,4,4","(2,3),(2,3),(0,2),(0,1)",FP32,305049600,115.98209071442476,0.00010561943054199219,0.0027616024017333984,110.46108585672106,106.39204702132047
*** input parameters ***
  einsum_str: aefi,bfgj,cghk,dhel,ijkl->abcd
  dim_sizes:  40,40,20,20,6,6,6,6,4,4,4,4
  cont_path:  (2,3),(2,3),(0,2),(0,1)
  backend:    torch
  dtype:      FP32
*** benchmarking opt_einsum expression ***
  #flops :          305049600
  #bytes :          2630144
  arith. intensity: 115.98
  time (eval):      0.002724
  time (compile):   0.000106
  gflops (eval):    111.97
  gflops (total):   107.78
CSV_DATA: opt_einsum,torch,"aefi,bfgj,cghk,dhel,ijkl->abcd","40,40,20,20,6,6,6,6,4,4,4,4","(2,3),(2,3),(0,2),(0,1)",FP32,305049600,115.98209071442476,0.00010585784912109375,0.0027244091033935547,111.96908702882646,107.78121114298712
*** input parameters ***
  einsum_str: aefi,bfgj,cghk,dhel,ijkl->abcd
  dim_sizes:  40,40,20,20,6,6,6,6,4,4,4,4
  cont_path:  (2,3),(2,3),(0,2),(0,1)
  backend:    torch
  dtype:      FP32
*** benchmarking opt_einsum expression ***
  #flops :          305049600
  #bytes :          2630144
  arith. intensity: 115.98
  time (eval):      0.002751
  time (compile):   0.000105
  gflops (eval):    110.88
  gflops (total):   106.82
CSV_DATA: opt_einsum,torch,"aefi,bfgj,cghk,dhel,ijkl->abcd","40,40,20,20,6,6,6,6,4,4,4,4","(2,3),(2,3),(0,2),(0,1)",FP32,305049600,115.98209071442476,0.00010466575622558594,0.0027511119842529297,110.88229114120809,106.81839685075973
*** input parameters ***
  einsum_str: aefi,bfgj,cghk,dhel,ijkl->abcd
  dim_sizes:  40,40,20,20,6,6,6,6,4,4,4,4
  cont_path:  (2,3),(2,3),(0,2),(0,1)
  backend:    torch
  dtype:      FP32
*** benchmarking opt_einsum expression ***
  #flops :          305049600
  #bytes :          2630144
  arith. intensity: 115.98
  time (eval):      0.002655
  time (compile):   0.000104
  gflops (eval):    114.92
  gflops (total):   110.59
CSV_DATA: opt_einsum,torch,"aefi,bfgj,cghk,dhel,ijkl->abcd","40,40,20,20,6,6,6,6,4,4,4,4","(2,3),(2,3),(0,2),(0,1)",FP32,305049600,115.98209071442476,0.00010371208190917969,0.002654552459716797,114.91564195063769,110.59475818812344
*** input parameters ***
  einsum_str: aefi,bfgj,cghk,dhel,ijkl->abcd
  dim_sizes:  40,40,20,20,6,6,6,6,4,4,4,4
  cont_path:  (2,3),(2,3),(0,2),(0,1)
  backend:    torch
  dtype:      FP32
*** benchmarking opt_einsum expression ***
  #flops :          305049600
  #bytes :          2630144
  arith. intensity: 115.98
  time (eval):      0.002745
  time (compile):   0.000103
  gflops (eval):    111.14
  gflops (total):   107.13
CSV_DATA: opt_einsum,torch,"aefi,bfgj,cghk,dhel,ijkl->abcd","40,40,20,20,6,6,6,6,4,4,4,4","(2,3),(2,3),(0,2),(0,1)",FP32,305049600,115.98209071442476,0.00010275840759277344,0.0027446746826171875,111.14235210896456,107.13143745109271
*** input parameters ***
  einsum_str: aefi,bfgj,cghk,dhel,ijkl->abcd
  dim_sizes:  40,40,20,20,6,6,6,6,4,4,4,4
  cont_path:  (2,3),(2,3),(0,2),(0,1)
  backend:    torch
  dtype:      FP32
*** benchmarking opt_einsum expression ***
  #flops :          305049600
  #bytes :          2630144
  arith. intensity: 115.98
  time (eval):      0.002803
  time (compile):   0.000100
  gflops (eval):    108.83
  gflops (total):   105.07
CSV_DATA: opt_einsum,torch,"aefi,bfgj,cghk,dhel,ijkl->abcd","40,40,20,20,6,6,6,6,4,4,4,4","(2,3),(2,3),(0,2),(0,1)",FP32,305049600,115.98209071442476,0.00010013580322265625,0.0028030872344970703,108.8262956092881,105.0727402051737
*** input parameters ***
  einsum_str: aefi,bfgj,cghk,dhel,ijkl->abcd
  dim_sizes:  40,40,20,20,6,6,6,6,4,4,4,4
  cont_path:  (2,3),(2,3),(0,2),(0,1)
  backend:    torch
  dtype:      FP32
*** benchmarking opt_einsum expression ***
  #flops :          305049600
  #bytes :          2630144
  arith. intensity: 115.98
  time (eval):      0.002791
  time (compile):   0.000106
  gflops (eval):    109.29
  gflops (total):   105.31
CSV_DATA: opt_einsum,torch,"aefi,bfgj,cghk,dhel,ijkl->abcd","40,40,20,20,6,6,6,6,4,4,4,4","(2,3),(2,3),(0,2),(0,1)",FP32,305049600,115.98209071442476,0.00010561943054199219,0.002791166305541992,109.29108716822414,105.30623518340741
*** input parameters ***
  einsum_str: aefi,bfgj,cghk,dhel,ijkl->abcd
  dim_sizes:  40,40,20,20,6,6,6,6,4,4,4,4
  cont_path:  (2,3),(2,3),(0,2),(0,1)
  backend:    torch
  dtype:      FP32
*** benchmarking opt_einsum expression ***
  #flops :          305049600
  #bytes :          2630144
  arith. intensity: 115.98
  time (eval):      0.002737
  time (compile):   0.000103
  gflops (eval):    111.45
  gflops (total):   107.39
CSV_DATA: opt_einsum,torch,"aefi,bfgj,cghk,dhel,ijkl->abcd","40,40,20,20,6,6,6,6,4,4,4,4","(2,3),(2,3),(0,2),(0,1)",FP32,305049600,115.98209071442476,0.00010347366333007812,0.0027370452880859375,111.45215657477353,107.39220727533994
*** input parameters ***
  einsum_str: aefi,bfgj,cghk,dhel,ijkl->abcd
  dim_sizes:  40,40,20,20,6,6,6,6,4,4,4,4
  cont_path:  (2,3),(2,3),(0,2),(0,1)
  backend:    torch
  dtype:      FP32
*** benchmarking opt_einsum expression ***
  #flops :          305049600
  #bytes :          2630144
  arith. intensity: 115.98
  time (eval):      0.002771
  time (compile):   0.000104
  gflops (eval):    110.10
  gflops (total):   106.11
CSV_DATA: opt_einsum,torch,"aefi,bfgj,cghk,dhel,ijkl->abcd","40,40,20,20,6,6,6,6,4,4,4,4","(2,3),(2,3),(0,2),(0,1)",FP32,305049600,115.98209071442476,0.00010418891906738281,0.002770662307739258,110.09988447452027,106.10969957525295
*** input parameters ***
  einsum_str: aefi,bfgj,cghk,dhel,ijkl->abcd
  dim_sizes:  40,40,20,20,6,6,6,6,4,4,4,4
  cont_path:  (2,3),(2,3),(0,2),(0,1)
  backend:    torch
  dtype:      FP32
*** benchmarking opt_einsum expression ***
  #flops :          305049600
  #bytes :          2630144
  arith. intensity: 115.98
  time (eval):      0.002739
  time (compile):   0.000103
  gflops (eval):    111.36
  gflops (total):   107.34
CSV_DATA: opt_einsum,torch,"aefi,bfgj,cghk,dhel,ijkl->abcd","40,40,20,20,6,6,6,6,4,4,4,4","(2,3),(2,3),(0,2),(0,1)",FP32,305049600,115.98209071442476,0.00010251998901367188,0.002739429473876953,111.35515730882507,107.33815079516779
*** input parameters ***
  einsum_str: aefi,bfgj,cghk,dhel,ijkl->abcd
  dim_sizes:  40,40,20,20,6,6,6,6,4,4,4,4
  cont_path:  (2,3),(2,3),(0,2),(0,1)
  backend:    torch
  dtype:      FP32
*** benchmarking opt_einsum expression ***
  #flops :          305049600
  #bytes :          2630144
  arith. intensity: 115.98
  time (eval):      0.002762
  time (compile):   0.000109
  gflops (eval):    110.43
  gflops (total):   106.23
CSV_DATA: opt_einsum,torch,"aefi,bfgj,cghk,dhel,ijkl->abcd","40,40,20,20,6,6,6,6,4,4,4,4","(2,3),(2,3),(0,2),(0,1)",FP32,305049600,115.98209071442476,0.00010919570922851562,0.002762317657470703,110.43248381481098,106.23304196931252
*** input parameters ***
  einsum_str: aefi,bfgj,cghk,dhel,ijkl->abcd
  dim_sizes:  40,40,20,20,6,6,6,6,4,4,4,4
  cont_path:  (2,3),(2,3),(0,2),(0,1)
  backend:    torch
  dtype:      FP32
*** benchmarking opt_einsum expression ***
  #flops :          305049600
  #bytes :          2630144
  arith. intensity: 115.98
  time (eval):      0.002813
  time (compile):   0.000105
  gflops (eval):    108.46
  gflops (total):   104.56
CSV_DATA: opt_einsum,torch,"aefi,bfgj,cghk,dhel,ijkl->abcd","40,40,20,20,6,6,6,6,4,4,4,4","(2,3),(2,3),(0,2),(0,1)",FP32,305049600,115.98209071442476,0.0001049041748046875,0.002812623977661133,108.4572990996355,104.55755148144154
*** input parameters ***
  einsum_str: aefi,bfgj,cghk,dhel,ijkl->abcd
  dim_sizes:  40,40,20,20,6,6,6,6,4,4,4,4
  cont_path:  (2,3),(2,3),(0,2),(0,1)
  backend:    torch
  dtype:      FP32
*** benchmarking opt_einsum expression ***
  #flops :          305049600
  #bytes :          2630144
  arith. intensity: 115.98
  time (eval):      0.002749
  time (compile):   0.000103
  gflops (eval):    110.98
  gflops (total):   106.97
CSV_DATA: opt_einsum,torch,"aefi,bfgj,cghk,dhel,ijkl->abcd","40,40,20,20,6,6,6,6,4,4,4,4","(2,3),(2,3),(0,2),(0,1)",FP32,305049600,115.98209071442476,0.000102996826171875,0.002748727798461914,110.97846799188136,106.97021632626036
*** input parameters ***
  einsum_str: aefi,bfgj,cghk,dhel,ijkl->abcd
  dim_sizes:  40,40,20,20,6,6,6,6,4,4,4,4
  cont_path:  (2,3),(2,3),(0,2),(0,1)
  backend:    torch
  dtype:      FP32
*** benchmarking opt_einsum expression ***
  #flops :          305049600
  #bytes :          2630144
  arith. intensity: 115.98
  time (eval):      0.002717
  time (compile):   0.000100
  gflops (eval):    112.28
  gflops (total):   108.31
CSV_DATA: opt_einsum,torch,"aefi,bfgj,cghk,dhel,ijkl->abcd","40,40,20,20,6,6,6,6,4,4,4,4","(2,3),(2,3),(0,2),(0,1)",FP32,305049600,115.98209071442476,9.965896606445312e-05,0.0027167797088623047,112.28352413149628,108.31040019287227
*** input parameters ***
  einsum_str: aefi,bfgj,cghk,dhel,ijkl->abcd
  dim_sizes:  40,40,20,20,6,6,6,6,4,4,4,4
  cont_path:  (2,3),(2,3),(0,2),(0,1)
  backend:    torch
  dtype:      FP32
*** benchmarking opt_einsum expression ***
  #flops :          305049600
  #bytes :          2630144
  arith. intensity: 115.98
  time (eval):      0.002778
  time (compile):   0.000103
  gflops (eval):    109.83
  gflops (total):   105.92
CSV_DATA: opt_einsum,torch,"aefi,bfgj,cghk,dhel,ijkl->abcd","40,40,20,20,6,6,6,6,4,4,4,4","(2,3),(2,3),(0,2),(0,1)",FP32,305049600,115.98209071442476,0.00010251998901367188,0.002777576446533203,109.82581609256654,105.91645343364239
*** input parameters ***
  einsum_str: aefi,bfgj,cghk,dhel,ijkl->abcd
  dim_sizes:  40,40,20,20,6,6,6,6,4,4,4,4
  cont_path:  (2,3),(2,3),(0,2),(0,1)
  backend:    torch
  dtype:      FP32
*** benchmarking opt_einsum expression ***
  #flops :          305049600
  #bytes :          2630144
  arith. intensity: 115.98
  time (eval):      0.002797
  time (compile):   0.000108
  gflops (eval):    109.06
  gflops (total):   104.99
CSV_DATA: opt_einsum,torch,"aefi,bfgj,cghk,dhel,ijkl->abcd","40,40,20,20,6,6,6,6,4,4,4,4","(2,3),(2,3),(0,2),(0,1)",FP32,305049600,115.98209071442476,0.00010848045349121094,0.0027971267700195312,109.05819617101945,104.98652313763849
*** input parameters ***
  einsum_str: aefi,bfgj,cghk,dhel,ijkl->abcd
  dim_sizes:  40,40,20,20,6,6,6,6,4,4,4,4
  cont_path:  (2,3),(2,3),(0,2),(0,1)
  backend:    torch
  dtype:      FP32
*** benchmarking opt_einsum expression ***
  #flops :          305049600
  #bytes :          2630144
  arith. intensity: 115.98
  time (eval):      0.002759
  time (compile):   0.000099
  gflops (eval):    110.57
  gflops (total):   106.74
CSV_DATA: opt_einsum,torch,"aefi,bfgj,cghk,dhel,ijkl->abcd","40,40,20,20,6,6,6,6,4,4,4,4","(2,3),(2,3),(0,2),(0,1)",FP32,305049600,115.98209071442476,9.894371032714844e-05,0.0027589797973632812,110.56608688890425,106.73819616904981
*** input parameters ***
  einsum_str: aefi,bfgj,cghk,dhel,ijkl->abcd
  dim_sizes:  40,40,20,20,6,6,6,6,4,4,4,4
  cont_path:  (2,3),(2,3),(0,2),(0,1)
  backend:    torch
  dtype:      FP32
*** benchmarking opt_einsum expression ***
  #flops :          305049600
  #bytes :          2630144
  arith. intensity: 115.98
  time (eval):      0.002748
  time (compile):   0.000104
  gflops (eval):    111.03
  gflops (total):   106.98
CSV_DATA: opt_einsum,torch,"aefi,bfgj,cghk,dhel,ijkl->abcd","40,40,20,20,6,6,6,6,4,4,4,4","(2,3),(2,3),(0,2),(0,1)",FP32,305049600,115.98209071442476,0.00010395050048828125,0.0027475357055664062,111.02661901062132,106.97916032428094
*** input parameters ***
  einsum_str: aefi,bfgj,cghk,dhel,ijkl->abcd
  dim_sizes:  40,40,20,20,6,6,6,6,4,4,4,4
  cont_path:  (2,3),(2,3),(0,2),(0,1)
  backend:    torch
  dtype:      FP32
*** benchmarking opt_einsum expression ***
  #flops :          305049600
  #bytes :          2630144
  arith. intensity: 115.98
  time (eval):      0.002780
  time (compile):   0.000106
  gflops (eval):    109.71
  gflops (total):   105.67
CSV_DATA: opt_einsum,torch,"aefi,bfgj,cghk,dhel,ijkl->abcd","40,40,20,20,6,6,6,6,4,4,4,4","(2,3),(2,3),(0,2),(0,1)",FP32,305049600,115.98209071442476,0.00010633468627929688,0.002780437469482422,109.71280719245414,105.6715194481665
*** input parameters ***
  einsum_str: aefi,bfgj,cghk,dhel,ijkl->abcd
  dim_sizes:  40,40,20,20,6,6,6,6,4,4,4,4
  cont_path:  (2,3),(2,3),(0,2),(0,1)
  backend:    torch
  dtype:      FP32
*** benchmarking opt_einsum expression ***
  #flops :          305049600
  #bytes :          2630144
  arith. intensity: 115.98
  time (eval):      0.002664
  time (compile):   0.000106
  gflops (eval):    114.52
  gflops (total):   110.14
CSV_DATA: opt_einsum,torch,"aefi,bfgj,cghk,dhel,ijkl->abcd","40,40,20,20,6,6,6,6,4,4,4,4","(2,3),(2,3),(0,2),(0,1)",FP32,305049600,115.98209071442476,0.00010609626770019531,0.0026636123657226562,114.52477242019336,110.13779439428424
*** input parameters ***
  einsum_str: aefi,bfgj,cghk,dhel,ijkl->abcd
  dim_sizes:  40,40,20,20,6,6,6,6,4,4,4,4
  cont_path:  (2,3),(2,3),(0,2),(0,1)
  backend:    torch
  dtype:      FP32
*** benchmarking opt_einsum expression ***
  #flops :          305049600
  #bytes :          2630144
  arith. intensity: 115.98
  time (eval):      0.002954
  time (compile):   0.000103
  gflops (eval):    103.27
  gflops (total):   99.77
CSV_DATA: opt_einsum,torch,"aefi,bfgj,cghk,dhel,ijkl->abcd","40,40,20,20,6,6,6,6,4,4,4,4","(2,3),(2,3),(0,2),(0,1)",FP32,305049600,115.98209071442476,0.00010347366333007812,0.0029540061950683594,103.26640496193704,99.7715812132252
