*** input parameters ***
  einsum_str: aefg,behi,cfhj,dgij->abcd
  dim_sizes:  60,60,20,20,8,8,8,8,8,8
  cont_path:  (2,3),(0,2),(0,1)
  backend:    torch
  dtype:      FP32
*** benchmarking opt_einsum expression ***
  #flops :          3073638400
  #bytes :          6087680
  arith. intensity: 504.89
  time (eval):      0.009017
  time (compile):   0.000157
  gflops (eval):    340.85
  gflops (total):   335.03
CSV_DATA: opt_einsum,torch,"aefg,behi,cfhj,dgij->abcd","60,60,20,20,8,8,8,8,8,8","(2,3),(0,2),(0,1)",FP32,3073638400,504.89486963835157,0.00015687942504882812,0.009017467498779297,340.8538373347153,335.0253075798753
*** input parameters ***
  einsum_str: aefg,behi,cfhj,dgij->abcd
  dim_sizes:  60,60,20,20,8,8,8,8,8,8
  cont_path:  (2,3),(0,2),(0,1)
  backend:    torch
  dtype:      FP32
*** benchmarking opt_einsum expression ***
  #flops :          3073638400
  #bytes :          6087680
  arith. intensity: 504.89
  time (eval):      0.009133
  time (compile):   0.000147
  gflops (eval):    336.55
  gflops (total):   331.23
CSV_DATA: opt_einsum,torch,"aefg,behi,cfhj,dgij->abcd","60,60,20,20,8,8,8,8,8,8","(2,3),(0,2),(0,1)",FP32,3073638400,504.89486963835157,0.00014662742614746094,0.009132862091064453,336.5471162656921,331.2292550467254
*** input parameters ***
  einsum_str: aefg,behi,cfhj,dgij->abcd
  dim_sizes:  60,60,20,20,8,8,8,8,8,8
  cont_path:  (2,3),(0,2),(0,1)
  backend:    torch
  dtype:      FP32
*** benchmarking opt_einsum expression ***
  #flops :          3073638400
  #bytes :          6087680
  arith. intensity: 504.89
  time (eval):      0.009688
  time (compile):   0.000152
  gflops (eval):    317.27
  gflops (total):   312.37
CSV_DATA: opt_einsum,torch,"aefg,behi,cfhj,dgij->abcd","60,60,20,20,8,8,8,8,8,8","(2,3),(0,2),(0,1)",FP32,3073638400,504.89486963835157,0.0001518726348876953,0.00968790054321289,317.265684787951,312.36882643196435
*** input parameters ***
  einsum_str: aefg,behi,cfhj,dgij->abcd
  dim_sizes:  60,60,20,20,8,8,8,8,8,8
  cont_path:  (2,3),(0,2),(0,1)
  backend:    torch
  dtype:      FP32
*** benchmarking opt_einsum expression ***
  #flops :          3073638400
  #bytes :          6087680
  arith. intensity: 504.89
  time (eval):      0.009317
  time (compile):   0.000149
  gflops (eval):    329.88
  gflops (total):   324.67
CSV_DATA: opt_einsum,torch,"aefg,behi,cfhj,dgij->abcd","60,60,20,20,8,8,8,8,8,8","(2,3),(0,2),(0,1)",FP32,3073638400,504.89486963835157,0.0001494884490966797,0.009317398071289062,329.8816232260389,324.67257248529484
*** input parameters ***
  einsum_str: aefg,behi,cfhj,dgij->abcd
  dim_sizes:  60,60,20,20,8,8,8,8,8,8
  cont_path:  (2,3),(0,2),(0,1)
  backend:    torch
  dtype:      FP32
*** benchmarking opt_einsum expression ***
  #flops :          3073638400
  #bytes :          6087680
  arith. intensity: 504.89
  time (eval):      0.008565
  time (compile):   0.000156
  gflops (eval):    358.87
  gflops (total):   352.45
CSV_DATA: opt_einsum,torch,"aefg,behi,cfhj,dgij->abcd","60,60,20,20,8,8,8,8,8,8","(2,3),(0,2),(0,1)",FP32,3073638400,504.89486963835157,0.00015616416931152344,0.00856471061706543,358.8724169939482,352.44611065869105
*** input parameters ***
  einsum_str: aefg,behi,cfhj,dgij->abcd
  dim_sizes:  60,60,20,20,8,8,8,8,8,8
  cont_path:  (2,3),(0,2),(0,1)
  backend:    torch
  dtype:      FP32
*** benchmarking opt_einsum expression ***
  #flops :          3073638400
  #bytes :          6087680
  arith. intensity: 504.89
  time (eval):      0.008613
  time (compile):   0.000149
  gflops (eval):    356.86
  gflops (total):   350.77
CSV_DATA: opt_einsum,torch,"aefg,behi,cfhj,dgij->abcd","60,60,20,20,8,8,8,8,8,8","(2,3),(0,2),(0,1)",FP32,3073638400,504.89486963835157,0.0001494884490966797,0.008613109588623047,356.8558333519792,350.76793284013826
*** input parameters ***
  einsum_str: aefg,behi,cfhj,dgij->abcd
  dim_sizes:  60,60,20,20,8,8,8,8,8,8
  cont_path:  (2,3),(0,2),(0,1)
  backend:    torch
  dtype:      FP32
*** benchmarking opt_einsum expression ***
  #flops :          3073638400
  #bytes :          6087680
  arith. intensity: 504.89
  time (eval):      0.009245
  time (compile):   0.000154
  gflops (eval):    332.46
  gflops (total):   327.00
CSV_DATA: opt_einsum,torch,"aefg,behi,cfhj,dgij->abcd","60,60,20,20,8,8,8,8,8,8","(2,3),(0,2),(0,1)",FP32,3073638400,504.89486963835157,0.00015425682067871094,0.009245157241821289,332.4592886420714,327.0031918545455
*** input parameters ***
  einsum_str: aefg,behi,cfhj,dgij->abcd
  dim_sizes:  60,60,20,20,8,8,8,8,8,8
  cont_path:  (2,3),(0,2),(0,1)
  backend:    torch
  dtype:      FP32
*** benchmarking opt_einsum expression ***
  #flops :          3073638400
  #bytes :          6087680
  arith. intensity: 504.89
  time (eval):      0.009265
  time (compile):   0.000148
  gflops (eval):    331.74
  gflops (total):   326.51
CSV_DATA: opt_einsum,torch,"aefg,behi,cfhj,dgij->abcd","60,60,20,20,8,8,8,8,8,8","(2,3),(0,2),(0,1)",FP32,3073638400,504.89486963835157,0.00014829635620117188,0.00926518440246582,331.74066122008185,326.51454640411316
*** input parameters ***
  einsum_str: aefg,behi,cfhj,dgij->abcd
  dim_sizes:  60,60,20,20,8,8,8,8,8,8
  cont_path:  (2,3),(0,2),(0,1)
  backend:    torch
  dtype:      FP32
*** benchmarking opt_einsum expression ***
  #flops :          3073638400
  #bytes :          6087680
  arith. intensity: 504.89
  time (eval):      0.009729
  time (compile):   0.000148
  gflops (eval):    315.94
  gflops (total):   311.19
CSV_DATA: opt_einsum,torch,"aefg,behi,cfhj,dgij->abcd","60,60,20,20,8,8,8,8,8,8","(2,3),(0,2),(0,1)",FP32,3073638400,504.89486963835157,0.00014829635620117188,0.009728670120239258,315.9361312504252,311.19255161304466
*** input parameters ***
  einsum_str: aefg,behi,cfhj,dgij->abcd
  dim_sizes:  60,60,20,20,8,8,8,8,8,8
  cont_path:  (2,3),(0,2),(0,1)
  backend:    torch
  dtype:      FP32
*** benchmarking opt_einsum expression ***
  #flops :          3073638400
  #bytes :          6087680
  arith. intensity: 504.89
  time (eval):      0.008917
  time (compile):   0.000146
  gflops (eval):    344.69
  gflops (total):   339.13
CSV_DATA: opt_einsum,torch,"aefg,behi,cfhj,dgij->abcd","60,60,20,20,8,8,8,8,8,8","(2,3),(0,2),(0,1)",FP32,3073638400,504.89486963835157,0.0001461505889892578,0.008917093276977539,344.6906188517313,339.1322627367181
*** input parameters ***
  einsum_str: aefg,behi,cfhj,dgij->abcd
  dim_sizes:  60,60,20,20,8,8,8,8,8,8
  cont_path:  (2,3),(0,2),(0,1)
  backend:    torch
  dtype:      FP32
*** benchmarking opt_einsum expression ***
  #flops :          3073638400
  #bytes :          6087680
  arith. intensity: 504.89
  time (eval):      0.008785
  time (compile):   0.000154
  gflops (eval):    349.85
  gflops (total):   343.84
CSV_DATA: opt_einsum,torch,"aefg,behi,cfhj,dgij->abcd","60,60,20,20,8,8,8,8,8,8","(2,3),(0,2),(0,1)",FP32,3073638400,504.89486963835157,0.00015354156494140625,0.008785486221313477,349.8541028433228,343.8448199843598
*** input parameters ***
  einsum_str: aefg,behi,cfhj,dgij->abcd
  dim_sizes:  60,60,20,20,8,8,8,8,8,8
  cont_path:  (2,3),(0,2),(0,1)
  backend:    torch
  dtype:      FP32
*** benchmarking opt_einsum expression ***
  #flops :          3073638400
  #bytes :          6087680
  arith. intensity: 504.89
  time (eval):      0.011496
  time (compile):   0.000144
  gflops (eval):    267.37
  gflops (total):   264.06
CSV_DATA: opt_einsum,torch,"aefg,behi,cfhj,dgij->abcd","60,60,20,20,8,8,8,8,8,8","(2,3),(0,2),(0,1)",FP32,3073638400,504.89486963835157,0.00014400482177734375,0.011495828628540039,267.3698868795985,264.06206009040375
*** input parameters ***
  einsum_str: aefg,behi,cfhj,dgij->abcd
  dim_sizes:  60,60,20,20,8,8,8,8,8,8
  cont_path:  (2,3),(0,2),(0,1)
  backend:    torch
  dtype:      FP32
*** benchmarking opt_einsum expression ***
  #flops :          3073638400
  #bytes :          6087680
  arith. intensity: 504.89
  time (eval):      0.008225
  time (compile):   0.000149
  gflops (eval):    373.69
  gflops (total):   367.03
CSV_DATA: opt_einsum,torch,"aefg,behi,cfhj,dgij->abcd","60,60,20,20,8,8,8,8,8,8","(2,3),(0,2),(0,1)",FP32,3073638400,504.89486963835157,0.00014925003051757812,0.008225202560424805,373.68543539446364,367.02558962771815
*** input parameters ***
  einsum_str: aefg,behi,cfhj,dgij->abcd
  dim_sizes:  60,60,20,20,8,8,8,8,8,8
  cont_path:  (2,3),(0,2),(0,1)
  backend:    torch
  dtype:      FP32
*** benchmarking opt_einsum expression ***
  #flops :          3073638400
  #bytes :          6087680
  arith. intensity: 504.89
  time (eval):      0.008544
  time (compile):   0.000155
  gflops (eval):    359.73
  gflops (total):   353.33
CSV_DATA: opt_einsum,torch,"aefg,behi,cfhj,dgij->abcd","60,60,20,20,8,8,8,8,8,8","(2,3),(0,2),(0,1)",FP32,3073638400,504.89486963835157,0.00015497207641601562,0.008544206619262695,359.733622671362,353.32512499448023
*** input parameters ***
  einsum_str: aefg,behi,cfhj,dgij->abcd
  dim_sizes:  60,60,20,20,8,8,8,8,8,8
  cont_path:  (2,3),(0,2),(0,1)
  backend:    torch
  dtype:      FP32
*** benchmarking opt_einsum expression ***
  #flops :          3073638400
  #bytes :          6087680
  arith. intensity: 504.89
  time (eval):      0.007863
  time (compile):   0.000149
  gflops (eval):    390.88
  gflops (total):   383.60
CSV_DATA: opt_einsum,torch,"aefg,behi,cfhj,dgij->abcd","60,60,20,20,8,8,8,8,8,8","(2,3),(0,2),(0,1)",FP32,3073638400,504.89486963835157,0.00014925003051757812,0.007863283157348633,390.88486812630305,383.60382764524064
*** input parameters ***
  einsum_str: aefg,behi,cfhj,dgij->abcd
  dim_sizes:  60,60,20,20,8,8,8,8,8,8
  cont_path:  (2,3),(0,2),(0,1)
  backend:    torch
  dtype:      FP32
*** benchmarking opt_einsum expression ***
  #flops :          3073638400
  #bytes :          6087680
  arith. intensity: 504.89
  time (eval):      0.008673
  time (compile):   0.000156
  gflops (eval):    354.38
  gflops (total):   348.12
CSV_DATA: opt_einsum,torch,"aefg,behi,cfhj,dgij->abcd","60,60,20,20,8,8,8,8,8,8","(2,3),(0,2),(0,1)",FP32,3073638400,504.89486963835157,0.00015616416931152344,0.00867319107055664,354.3837988804662,348.1158381895499
*** input parameters ***
  einsum_str: aefg,behi,cfhj,dgij->abcd
  dim_sizes:  60,60,20,20,8,8,8,8,8,8
  cont_path:  (2,3),(0,2),(0,1)
  backend:    torch
  dtype:      FP32
*** benchmarking opt_einsum expression ***
  #flops :          3073638400
  #bytes :          6087680
  arith. intensity: 504.89
  time (eval):      0.009661
  time (compile):   0.000147
  gflops (eval):    318.14
  gflops (total):   313.37
CSV_DATA: opt_einsum,torch,"aefg,behi,cfhj,dgij->abcd","60,60,20,20,8,8,8,8,8,8","(2,3),(0,2),(0,1)",FP32,3073638400,504.89486963835157,0.00014710426330566406,0.009661197662353516,318.14258515555997,313.3711037135954
*** input parameters ***
  einsum_str: aefg,behi,cfhj,dgij->abcd
  dim_sizes:  60,60,20,20,8,8,8,8,8,8
  cont_path:  (2,3),(0,2),(0,1)
  backend:    torch
  dtype:      FP32
*** benchmarking opt_einsum expression ***
  #flops :          3073638400
  #bytes :          6087680
  arith. intensity: 504.89
  time (eval):      0.007059
  time (compile):   0.000146
  gflops (eval):    435.42
  gflops (total):   426.57
CSV_DATA: opt_einsum,torch,"aefg,behi,cfhj,dgij->abcd","60,60,20,20,8,8,8,8,8,8","(2,3),(0,2),(0,1)",FP32,3073638400,504.89486963835157,0.00014638900756835938,0.0070590972900390625,435.41522006463117,426.56918257142485
*** input parameters ***
  einsum_str: aefg,behi,cfhj,dgij->abcd
  dim_sizes:  60,60,20,20,8,8,8,8,8,8
  cont_path:  (2,3),(0,2),(0,1)
  backend:    torch
  dtype:      FP32
*** benchmarking opt_einsum expression ***
  #flops :          3073638400
  #bytes :          6087680
  arith. intensity: 504.89
  time (eval):      0.010937
  time (compile):   0.000151
  gflops (eval):    281.04
  gflops (total):   277.22
CSV_DATA: opt_einsum,torch,"aefg,behi,cfhj,dgij->abcd","60,60,20,20,8,8,8,8,8,8","(2,3),(0,2),(0,1)",FP32,3073638400,504.89486963835157,0.0001506805419921875,0.010936737060546875,281.03797165315666,277.21860131759854
*** input parameters ***
  einsum_str: aefg,behi,cfhj,dgij->abcd
  dim_sizes:  60,60,20,20,8,8,8,8,8,8
  cont_path:  (2,3),(0,2),(0,1)
  backend:    torch
  dtype:      FP32
*** benchmarking opt_einsum expression ***
  #flops :          3073638400
  #bytes :          6087680
  arith. intensity: 504.89
  time (eval):      0.008371
  time (compile):   0.000150
  gflops (eval):    367.19
  gflops (total):   360.71
CSV_DATA: opt_einsum,torch,"aefg,behi,cfhj,dgij->abcd","60,60,20,20,8,8,8,8,8,8","(2,3),(0,2),(0,1)",FP32,3073638400,504.89486963835157,0.00015044212341308594,0.008370637893676758,367.19285185204933,360.709956230375
*** input parameters ***
  einsum_str: aefg,behi,cfhj,dgij->abcd
  dim_sizes:  60,60,20,20,8,8,8,8,8,8
  cont_path:  (2,3),(0,2),(0,1)
  backend:    torch
  dtype:      FP32
*** benchmarking opt_einsum expression ***
  #flops :          3073638400
  #bytes :          6087680
  arith. intensity: 504.89
  time (eval):      0.007367
  time (compile):   0.000145
  gflops (eval):    417.22
  gflops (total):   409.17
CSV_DATA: opt_einsum,torch,"aefg,behi,cfhj,dgij->abcd","60,60,20,20,8,8,8,8,8,8","(2,3),(0,2),(0,1)",FP32,3073638400,504.89486963835157,0.00014495849609375,0.00736689567565918,417.2230116079356,409.17173439786717
*** input parameters ***
  einsum_str: aefg,behi,cfhj,dgij->abcd
  dim_sizes:  60,60,20,20,8,8,8,8,8,8
  cont_path:  (2,3),(0,2),(0,1)
  backend:    torch
  dtype:      FP32
*** benchmarking opt_einsum expression ***
  #flops :          3073638400
  #bytes :          6087680
  arith. intensity: 504.89
  time (eval):      0.008923
  time (compile):   0.000169
  gflops (eval):    344.46
  gflops (total):   338.06
CSV_DATA: opt_einsum,torch,"aefg,behi,cfhj,dgij->abcd","60,60,20,20,8,8,8,8,8,8","(2,3),(0,2),(0,1)",FP32,3073638400,504.89486963835157,0.0001690387725830078,0.008923053741455078,344.46037074957513,338.05621700992793
*** input parameters ***
  einsum_str: aefg,behi,cfhj,dgij->abcd
  dim_sizes:  60,60,20,20,8,8,8,8,8,8
  cont_path:  (2,3),(0,2),(0,1)
  backend:    torch
  dtype:      FP32
*** benchmarking opt_einsum expression ***
  #flops :          3073638400
  #bytes :          6087680
  arith. intensity: 504.89
  time (eval):      0.009220
  time (compile):   0.000144
  gflops (eval):    333.35
  gflops (total):   328.24
CSV_DATA: opt_einsum,torch,"aefg,behi,cfhj,dgij->abcd","60,60,20,20,8,8,8,8,8,8","(2,3),(0,2),(0,1)",FP32,3073638400,504.89486963835157,0.0001437664031982422,0.009220361709594727,333.3533430474388,328.235406754089
*** input parameters ***
  einsum_str: aefg,behi,cfhj,dgij->abcd
  dim_sizes:  60,60,20,20,8,8,8,8,8,8
  cont_path:  (2,3),(0,2),(0,1)
  backend:    torch
  dtype:      FP32
*** benchmarking opt_einsum expression ***
  #flops :          3073638400
  #bytes :          6087680
  arith. intensity: 504.89
  time (eval):      0.008261
  time (compile):   0.000156
  gflops (eval):    372.07
  gflops (total):   365.18
CSV_DATA: opt_einsum,torch,"aefg,behi,cfhj,dgij->abcd","60,60,20,20,8,8,8,8,8,8","(2,3),(0,2),(0,1)",FP32,3073638400,504.89486963835157,0.00015592575073242188,0.008260965347290039,372.0677028391469,365.1750229633062
*** input parameters ***
  einsum_str: aefg,behi,cfhj,dgij->abcd
  dim_sizes:  60,60,20,20,8,8,8,8,8,8
  cont_path:  (2,3),(0,2),(0,1)
  backend:    torch
  dtype:      FP32
*** benchmarking opt_einsum expression ***
  #flops :          3073638400
  #bytes :          6087680
  arith. intensity: 504.89
  time (eval):      0.007581
  time (compile):   0.000151
  gflops (eval):    405.41
  gflops (total):   397.51
CSV_DATA: opt_einsum,torch,"aefg,behi,cfhj,dgij->abcd","60,60,20,20,8,8,8,8,8,8","(2,3),(0,2),(0,1)",FP32,3073638400,504.89486963835157,0.0001506805419921875,0.007581472396850586,405.4144418275292,397.51391679792795
*** input parameters ***
  einsum_str: aefg,behi,cfhj,dgij->abcd
  dim_sizes:  60,60,20,20,8,8,8,8,8,8
  cont_path:  (2,3),(0,2),(0,1)
  backend:    torch
  dtype:      FP32
*** benchmarking opt_einsum expression ***
  #flops :          3073638400
  #bytes :          6087680
  arith. intensity: 504.89
  time (eval):      0.009011
  time (compile):   0.000159
  gflops (eval):    341.09
  gflops (total):   335.16
CSV_DATA: opt_einsum,torch,"aefg,behi,cfhj,dgij->abcd","60,60,20,20,8,8,8,8,8,8","(2,3),(0,2),(0,1)",FP32,3073638400,504.89486963835157,0.00015926361083984375,0.009011268615722656,341.08831187621973,335.1646691886856
*** input parameters ***
  einsum_str: aefg,behi,cfhj,dgij->abcd
  dim_sizes:  60,60,20,20,8,8,8,8,8,8
  cont_path:  (2,3),(0,2),(0,1)
  backend:    torch
  dtype:      FP32
*** benchmarking opt_einsum expression ***
  #flops :          3073638400
  #bytes :          6087680
  arith. intensity: 504.89
  time (eval):      0.008572
  time (compile):   0.000151
  gflops (eval):    358.58
  gflops (total):   352.37
CSV_DATA: opt_einsum,torch,"aefg,behi,cfhj,dgij->abcd","60,60,20,20,8,8,8,8,8,8","(2,3),(0,2),(0,1)",FP32,3073638400,504.89486963835157,0.00015115737915039062,0.008571624755859375,358.5829393545172,352.3690437783196
*** input parameters ***
  einsum_str: aefg,behi,cfhj,dgij->abcd
  dim_sizes:  60,60,20,20,8,8,8,8,8,8
  cont_path:  (2,3),(0,2),(0,1)
  backend:    torch
  dtype:      FP32
*** benchmarking opt_einsum expression ***
  #flops :          3073638400
  #bytes :          6087680
  arith. intensity: 504.89
  time (eval):      0.012094
  time (compile):   0.000146
  gflops (eval):    254.16
  gflops (total):   251.13
CSV_DATA: opt_einsum,torch,"aefg,behi,cfhj,dgij->abcd","60,60,20,20,8,8,8,8,8,8","(2,3),(0,2),(0,1)",FP32,3073638400,504.89486963835157,0.0001456737518310547,0.012093544006347656,254.1553078557212,251.1302977631947
*** input parameters ***
  einsum_str: aefg,behi,cfhj,dgij->abcd
  dim_sizes:  60,60,20,20,8,8,8,8,8,8
  cont_path:  (2,3),(0,2),(0,1)
  backend:    torch
  dtype:      FP32
*** benchmarking opt_einsum expression ***
  #flops :          3073638400
  #bytes :          6087680
  arith. intensity: 504.89
  time (eval):      0.007256
  time (compile):   0.000149
  gflops (eval):    423.58
  gflops (total):   415.03
CSV_DATA: opt_einsum,torch,"aefg,behi,cfhj,dgij->abcd","60,60,20,20,8,8,8,8,8,8","(2,3),(0,2),(0,1)",FP32,3073638400,504.89486963835157,0.0001494884490966797,0.007256269454956055,423.58382900192544,415.0336049086859
*** input parameters ***
  einsum_str: aefg,behi,cfhj,dgij->abcd
  dim_sizes:  60,60,20,20,8,8,8,8,8,8
  cont_path:  (2,3),(0,2),(0,1)
  backend:    torch
  dtype:      FP32
*** benchmarking opt_einsum expression ***
  #flops :          3073638400
  #bytes :          6087680
  arith. intensity: 504.89
  time (eval):      0.009649
  time (compile):   0.000149
  gflops (eval):    318.54
  gflops (total):   313.68
CSV_DATA: opt_einsum,torch,"aefg,behi,cfhj,dgij->abcd","60,60,20,20,8,8,8,8,8,8","(2,3),(0,2),(0,1)",FP32,3073638400,504.89486963835157,0.00014925003051757812,0.009649276733398438,318.53562551081245,313.6837275700424
*** input parameters ***
  einsum_str: aefg,behi,cfhj,dgij->abcd
  dim_sizes:  60,60,20,20,8,8,8,8,8,8
  cont_path:  (2,3),(0,2),(0,1)
  backend:    torch
  dtype:      FP32
*** benchmarking opt_einsum expression ***
  #flops :          3073638400
  #bytes :          6087680
  arith. intensity: 504.89
  time (eval):      0.009016
  time (compile):   0.000163
  gflops (eval):    340.90
  gflops (total):   334.86
CSV_DATA: opt_einsum,torch,"aefg,behi,cfhj,dgij->abcd","60,60,20,20,8,8,8,8,8,8","(2,3),(0,2),(0,1)",FP32,3073638400,504.89486963835157,0.00016260147094726562,0.009016275405883789,340.8989035532591,334.85996612051224
*** input parameters ***
  einsum_str: aefg,behi,cfhj,dgij->abcd
  dim_sizes:  60,60,20,20,8,8,8,8,8,8
  cont_path:  (2,3),(0,2),(0,1)
  backend:    torch
  dtype:      FP32
*** benchmarking opt_einsum expression ***
  #flops :          3073638400
  #bytes :          6087680
  arith. intensity: 504.89
  time (eval):      0.008245
  time (compile):   0.000150
  gflops (eval):    372.80
  gflops (total):   366.15
CSV_DATA: opt_einsum,torch,"aefg,behi,cfhj,dgij->abcd","60,60,20,20,8,8,8,8,8,8","(2,3),(0,2),(0,1)",FP32,3073638400,504.89486963835157,0.00014972686767578125,0.008244752883911133,372.7993359264799,366.1499569903604
*** input parameters ***
  einsum_str: aefg,behi,cfhj,dgij->abcd
  dim_sizes:  60,60,20,20,8,8,8,8,8,8
  cont_path:  (2,3),(0,2),(0,1)
  backend:    torch
  dtype:      FP32
*** benchmarking opt_einsum expression ***
  #flops :          3073638400
  #bytes :          6087680
  arith. intensity: 504.89
  time (eval):      0.007591
  time (compile):   0.000153
  gflops (eval):    404.88
  gflops (total):   396.90
CSV_DATA: opt_einsum,torch,"aefg,behi,cfhj,dgij->abcd","60,60,20,20,8,8,8,8,8,8","(2,3),(0,2),(0,1)",FP32,3073638400,504.89486963835157,0.000152587890625,0.0075914859771728516,404.8796782661851,396.9019991894831
*** input parameters ***
  einsum_str: aefg,behi,cfhj,dgij->abcd
  dim_sizes:  60,60,20,20,8,8,8,8,8,8
  cont_path:  (2,3),(0,2),(0,1)
  backend:    torch
  dtype:      FP32
*** benchmarking opt_einsum expression ***
  #flops :          3073638400
  #bytes :          6087680
  arith. intensity: 504.89
  time (eval):      0.009028
  time (compile):   0.000151
  gflops (eval):    340.45
  gflops (total):   334.85
CSV_DATA: opt_einsum,torch,"aefg,behi,cfhj,dgij->abcd","60,60,20,20,8,8,8,8,8,8","(2,3),(0,2),(0,1)",FP32,3073638400,504.89486963835157,0.00015091896057128906,0.009028196334838867,340.4487769211609,334.8512684590546
*** input parameters ***
  einsum_str: aefg,behi,cfhj,dgij->abcd
  dim_sizes:  60,60,20,20,8,8,8,8,8,8
  cont_path:  (2,3),(0,2),(0,1)
  backend:    torch
  dtype:      FP32
*** benchmarking opt_einsum expression ***
  #flops :          3073638400
  #bytes :          6087680
  arith. intensity: 504.89
  time (eval):      0.008589
  time (compile):   0.000145
  gflops (eval):    357.87
  gflops (total):   351.92
CSV_DATA: opt_einsum,torch,"aefg,behi,cfhj,dgij->abcd","60,60,20,20,8,8,8,8,8,8","(2,3),(0,2),(0,1)",FP32,3073638400,504.89486963835157,0.00014519691467285156,0.008588790893554688,357.8662512678659,351.91695563217866
*** input parameters ***
  einsum_str: aefg,behi,cfhj,dgij->abcd
  dim_sizes:  60,60,20,20,8,8,8,8,8,8
  cont_path:  (2,3),(0,2),(0,1)
  backend:    torch
  dtype:      FP32
*** benchmarking opt_einsum expression ***
  #flops :          3073638400
  #bytes :          6087680
  arith. intensity: 504.89
  time (eval):      0.011860
  time (compile):   0.000148
  gflops (eval):    259.15
  gflops (total):   255.95
CSV_DATA: opt_einsum,torch,"aefg,behi,cfhj,dgij->abcd","60,60,20,20,8,8,8,8,8,8","(2,3),(0,2),(0,1)",FP32,3073638400,504.89486963835157,0.00014829635620117188,0.011860370635986328,259.1519687145419,255.95167240457437
*** input parameters ***
  einsum_str: aefg,behi,cfhj,dgij->abcd
  dim_sizes:  60,60,20,20,8,8,8,8,8,8
  cont_path:  (2,3),(0,2),(0,1)
  backend:    torch
  dtype:      FP32
*** benchmarking opt_einsum expression ***
  #flops :          3073638400
  #bytes :          6087680
  arith. intensity: 504.89
  time (eval):      0.007919
  time (compile):   0.000159
  gflops (eval):    388.13
  gflops (total):   380.48
CSV_DATA: opt_einsum,torch,"aefg,behi,cfhj,dgij->abcd","60,60,20,20,8,8,8,8,8,8","(2,3),(0,2),(0,1)",FP32,3073638400,504.89486963835157,0.00015926361083984375,0.007919073104858398,388.1310804056481,380.4791144725556
*** input parameters ***
  einsum_str: aefg,behi,cfhj,dgij->abcd
  dim_sizes:  60,60,20,20,8,8,8,8,8,8
  cont_path:  (2,3),(0,2),(0,1)
  backend:    torch
  dtype:      FP32
*** benchmarking opt_einsum expression ***
  #flops :          3073638400
  #bytes :          6087680
  arith. intensity: 504.89
  time (eval):      0.007510
  time (compile):   0.000150
  gflops (eval):    409.29
  gflops (total):   401.26
CSV_DATA: opt_einsum,torch,"aefg,behi,cfhj,dgij->abcd","60,60,20,20,8,8,8,8,8,8","(2,3),(0,2),(0,1)",FP32,3073638400,504.89486963835157,0.00015020370483398438,0.007509708404541016,409.28864803078295,401.2628808414343
*** input parameters ***
  einsum_str: aefg,behi,cfhj,dgij->abcd
  dim_sizes:  60,60,20,20,8,8,8,8,8,8
  cont_path:  (2,3),(0,2),(0,1)
  backend:    torch
  dtype:      FP32
*** benchmarking opt_einsum expression ***
  #flops :          3073638400
  #bytes :          6087680
  arith. intensity: 504.89
  time (eval):      0.008935
  time (compile):   0.000151
  gflops (eval):    344.00
  gflops (total):   338.29
CSV_DATA: opt_einsum,torch,"aefg,behi,cfhj,dgij->abcd","60,60,20,20,8,8,8,8,8,8","(2,3),(0,2),(0,1)",FP32,3073638400,504.89486963835157,0.00015091896057128906,0.008934974670410156,344.00079612748425,338.28685705931935
*** input parameters ***
  einsum_str: aefg,behi,cfhj,dgij->abcd
  dim_sizes:  60,60,20,20,8,8,8,8,8,8
  cont_path:  (2,3),(0,2),(0,1)
  backend:    torch
  dtype:      FP32
*** benchmarking opt_einsum expression ***
  #flops :          3073638400
  #bytes :          6087680
  arith. intensity: 504.89
  time (eval):      0.008390
  time (compile):   0.000162
  gflops (eval):    366.34
  gflops (total):   359.38
CSV_DATA: opt_einsum,torch,"aefg,behi,cfhj,dgij->abcd","60,60,20,20,8,8,8,8,8,8","(2,3),(0,2),(0,1)",FP32,3073638400,504.89486963835157,0.00016236305236816406,0.008390188217163086,366.33724064884774,359.38263368849243
*** input parameters ***
  einsum_str: aefg,behi,cfhj,dgij->abcd
  dim_sizes:  60,60,20,20,8,8,8,8,8,8
  cont_path:  (2,3),(0,2),(0,1)
  backend:    torch
  dtype:      FP32
*** benchmarking opt_einsum expression ***
  #flops :          3073638400
  #bytes :          6087680
  arith. intensity: 504.89
  time (eval):      0.012779
  time (compile):   0.000180
  gflops (eval):    240.52
  gflops (total):   237.18
CSV_DATA: opt_einsum,torch,"aefg,behi,cfhj,dgij->abcd","60,60,20,20,8,8,8,8,8,8","(2,3),(0,2),(0,1)",FP32,3073638400,504.89486963835157,0.0001800060272216797,0.012778997421264648,240.52265593898397,237.18169473587227
*** input parameters ***
  einsum_str: aefg,behi,cfhj,dgij->abcd
  dim_sizes:  60,60,20,20,8,8,8,8,8,8
  cont_path:  (2,3),(0,2),(0,1)
  backend:    torch
  dtype:      FP32
*** benchmarking opt_einsum expression ***
  #flops :          3073638400
  #bytes :          6087680
  arith. intensity: 504.89
  time (eval):      0.008835
  time (compile):   0.000151
  gflops (eval):    347.89
  gflops (total):   342.03
CSV_DATA: opt_einsum,torch,"aefg,behi,cfhj,dgij->abcd","60,60,20,20,8,8,8,8,8,8","(2,3),(0,2),(0,1)",FP32,3073638400,504.89486963835157,0.0001513957977294922,0.008835077285766602,347.890380648018,342.02944486027803
*** input parameters ***
  einsum_str: aefg,behi,cfhj,dgij->abcd
  dim_sizes:  60,60,20,20,8,8,8,8,8,8
  cont_path:  (2,3),(0,2),(0,1)
  backend:    torch
  dtype:      FP32
*** benchmarking opt_einsum expression ***
  #flops :          3073638400
  #bytes :          6087680
  arith. intensity: 504.89
  time (eval):      0.009820
  time (compile):   0.000150
  gflops (eval):    313.01
  gflops (total):   308.30
CSV_DATA: opt_einsum,torch,"aefg,behi,cfhj,dgij->abcd","60,60,20,20,8,8,8,8,8,8","(2,3),(0,2),(0,1)",FP32,3073638400,504.89486963835157,0.0001499652862548828,0.009819746017456055,313.0058959301139,308.297633338282
*** input parameters ***
  einsum_str: aefg,behi,cfhj,dgij->abcd
  dim_sizes:  60,60,20,20,8,8,8,8,8,8
  cont_path:  (2,3),(0,2),(0,1)
  backend:    torch
  dtype:      FP32
*** benchmarking opt_einsum expression ***
  #flops :          3073638400
  #bytes :          6087680
  arith. intensity: 504.89
  time (eval):      0.008494
  time (compile):   0.000149
  gflops (eval):    361.85
  gflops (total):   355.63
CSV_DATA: opt_einsum,torch,"aefg,behi,cfhj,dgij->abcd","60,60,20,20,8,8,8,8,8,8","(2,3),(0,2),(0,1)",FP32,3073638400,504.89486963835157,0.000148773193359375,0.008494138717651367,361.8540386693687,355.6253299405148
*** input parameters ***
  einsum_str: aefg,behi,cfhj,dgij->abcd
  dim_sizes:  60,60,20,20,8,8,8,8,8,8
  cont_path:  (2,3),(0,2),(0,1)
  backend:    torch
  dtype:      FP32
*** benchmarking opt_einsum expression ***
  #flops :          3073638400
  #bytes :          6087680
  arith. intensity: 504.89
  time (eval):      0.009604
  time (compile):   0.000146
  gflops (eval):    320.04
  gflops (total):   315.23
CSV_DATA: opt_einsum,torch,"aefg,behi,cfhj,dgij->abcd","60,60,20,20,8,8,8,8,8,8","(2,3),(0,2),(0,1)",FP32,3073638400,504.89486963835157,0.00014638900756835938,0.00960397720336914,320.0380774458468,315.233123916119
*** input parameters ***
  einsum_str: aefg,behi,cfhj,dgij->abcd
  dim_sizes:  60,60,20,20,8,8,8,8,8,8
  cont_path:  (2,3),(0,2),(0,1)
  backend:    torch
  dtype:      FP32
*** benchmarking opt_einsum expression ***
  #flops :          3073638400
  #bytes :          6087680
  arith. intensity: 504.89
  time (eval):      0.008416
  time (compile):   0.000161
  gflops (eval):    365.22
  gflops (total):   358.37
CSV_DATA: opt_einsum,torch,"aefg,behi,cfhj,dgij->abcd","60,60,20,20,8,8,8,8,8,8","(2,3),(0,2),(0,1)",FP32,3073638400,504.89486963835157,0.00016069412231445312,0.008415937423706055,365.2164037415678,358.3736089754427
*** input parameters ***
  einsum_str: aefg,behi,cfhj,dgij->abcd
  dim_sizes:  60,60,20,20,8,8,8,8,8,8
  cont_path:  (2,3),(0,2),(0,1)
  backend:    torch
  dtype:      FP32
*** benchmarking opt_einsum expression ***
  #flops :          3073638400
  #bytes :          6087680
  arith. intensity: 504.89
  time (eval):      0.008823
  time (compile):   0.000155
  gflops (eval):    348.38
  gflops (total):   342.35
CSV_DATA: opt_einsum,torch,"aefg,behi,cfhj,dgij->abcd","60,60,20,20,8,8,8,8,8,8","(2,3),(0,2),(0,1)",FP32,3073638400,504.89486963835157,0.00015544891357421875,0.00882267951965332,348.37924160717745,342.34734141523757
*** input parameters ***
  einsum_str: aefg,behi,cfhj,dgij->abcd
  dim_sizes:  60,60,20,20,8,8,8,8,8,8
  cont_path:  (2,3),(0,2),(0,1)
  backend:    torch
  dtype:      FP32
*** benchmarking opt_einsum expression ***
  #flops :          3073638400
  #bytes :          6087680
  arith. intensity: 504.89
  time (eval):      0.009195
  time (compile):   0.000149
  gflops (eval):    334.28
  gflops (total):   328.96
CSV_DATA: opt_einsum,torch,"aefg,behi,cfhj,dgij->abcd","60,60,20,20,8,8,8,8,8,8","(2,3),(0,2),(0,1)",FP32,3073638400,504.89486963835157,0.00014853477478027344,0.00919485092163086,334.2782200817715,328.9640928748782
*** input parameters ***
  einsum_str: aefg,behi,cfhj,dgij->abcd
  dim_sizes:  60,60,20,20,8,8,8,8,8,8
  cont_path:  (2,3),(0,2),(0,1)
  backend:    torch
  dtype:      FP32
*** benchmarking opt_einsum expression ***
  #flops :          3073638400
  #bytes :          6087680
  arith. intensity: 504.89
  time (eval):      0.010334
  time (compile):   0.000149
  gflops (eval):    297.44
  gflops (total):   293.21
CSV_DATA: opt_einsum,torch,"aefg,behi,cfhj,dgij->abcd","60,60,20,20,8,8,8,8,8,8","(2,3),(0,2),(0,1)",FP32,3073638400,504.89486963835157,0.00014901161193847656,0.010333776473999023,297.4361219960224,293.2081021577875
*** input parameters ***
  einsum_str: aefg,behi,cfhj,dgij->abcd
  dim_sizes:  60,60,20,20,8,8,8,8,8,8
  cont_path:  (2,3),(0,2),(0,1)
  backend:    torch
  dtype:      FP32
*** benchmarking opt_einsum expression ***
  #flops :          3073638400
  #bytes :          6087680
  arith. intensity: 504.89
  time (eval):      0.009844
  time (compile):   0.000154
  gflops (eval):    312.23
  gflops (total):   307.44
CSV_DATA: opt_einsum,torch,"aefg,behi,cfhj,dgij->abcd","60,60,20,20,8,8,8,8,8,8","(2,3),(0,2),(0,1)",FP32,3073638400,504.89486963835157,0.00015354156494140625,0.009844064712524414,312.2326487847514,307.43743199088067
*** input parameters ***
  einsum_str: aefg,behi,cfhj,dgij->abcd
  dim_sizes:  60,60,20,20,8,8,8,8,8,8
  cont_path:  (2,3),(0,2),(0,1)
  backend:    torch
  dtype:      FP32
*** benchmarking opt_einsum expression ***
  #flops :          3073638400
  #bytes :          6087680
  arith. intensity: 504.89
  time (eval):      0.008575
  time (compile):   0.000150
  gflops (eval):    358.42
  gflops (total):   352.26
CSV_DATA: opt_einsum,torch,"aefg,behi,cfhj,dgij->abcd","60,60,20,20,8,8,8,8,8,8","(2,3),(0,2),(0,1)",FP32,3073638400,504.89486963835157,0.0001499652862548828,0.008575439453125,358.4234273708185,352.263131832489
*** input parameters ***
  einsum_str: aefg,behi,cfhj,dgij->abcd
  dim_sizes:  60,60,20,20,8,8,8,8,8,8
  cont_path:  (2,3),(0,2),(0,1)
  backend:    torch
  dtype:      FP32
*** benchmarking opt_einsum expression ***
  #flops :          3073638400
  #bytes :          6087680
  arith. intensity: 504.89
  time (eval):      0.010362
  time (compile):   0.000157
  gflops (eval):    296.62
  gflops (total):   292.19
CSV_DATA: opt_einsum,torch,"aefg,behi,cfhj,dgij->abcd","60,60,20,20,8,8,8,8,8,8","(2,3),(0,2),(0,1)",FP32,3073638400,504.89486963835157,0.0001571178436279297,0.01036214828491211,296.6217347492891,292.1913337339045
*** input parameters ***
  einsum_str: aefg,behi,cfhj,dgij->abcd
  dim_sizes:  60,60,20,20,8,8,8,8,8,8
  cont_path:  (2,3),(0,2),(0,1)
  backend:    torch
  dtype:      FP32
*** benchmarking opt_einsum expression ***
  #flops :          3073638400
  #bytes :          6087680
  arith. intensity: 504.89
  time (eval):      0.009925
  time (compile):   0.000150
  gflops (eval):    309.70
  gflops (total):   305.09
CSV_DATA: opt_einsum,torch,"aefg,behi,cfhj,dgij->abcd","60,60,20,20,8,8,8,8,8,8","(2,3),(0,2),(0,1)",FP32,3073638400,504.89486963835157,0.0001499652862548828,0.009924650192260742,309.6974039847599,305.0874156492238
*** input parameters ***
  einsum_str: aefg,behi,cfhj,dgij->abcd
  dim_sizes:  60,60,20,20,8,8,8,8,8,8
  cont_path:  (2,3),(0,2),(0,1)
  backend:    torch
  dtype:      FP32
*** benchmarking opt_einsum expression ***
  #flops :          3073638400
  #bytes :          6087680
  arith. intensity: 504.89
  time (eval):      0.009264
  time (compile):   0.000165
  gflops (eval):    331.77
  gflops (total):   325.94
CSV_DATA: opt_einsum,torch,"aefg,behi,cfhj,dgij->abcd","60,60,20,20,8,8,8,8,8,8","(2,3),(0,2),(0,1)",FP32,3073638400,504.89486963835157,0.00016546249389648438,0.009264469146728516,331.76627298557827,325.94492909773464
*** input parameters ***
  einsum_str: aefg,behi,cfhj,dgij->abcd
  dim_sizes:  60,60,20,20,8,8,8,8,8,8
  cont_path:  (2,3),(0,2),(0,1)
  backend:    torch
  dtype:      FP32
*** benchmarking opt_einsum expression ***
  #flops :          3073638400
  #bytes :          6087680
  arith. intensity: 504.89
  time (eval):      0.008789
  time (compile):   0.000153
  gflops (eval):    349.70
  gflops (total):   343.72
CSV_DATA: opt_einsum,torch,"aefg,behi,cfhj,dgij->abcd","60,60,20,20,8,8,8,8,8,8","(2,3),(0,2),(0,1)",FP32,3073638400,504.89486963835157,0.00015306472778320312,0.008789300918579102,349.7022605635047,343.716475209257
*** input parameters ***
  einsum_str: aefg,behi,cfhj,dgij->abcd
  dim_sizes:  60,60,20,20,8,8,8,8,8,8
  cont_path:  (2,3),(0,2),(0,1)
  backend:    torch
  dtype:      FP32
*** benchmarking opt_einsum expression ***
  #flops :          3073638400
  #bytes :          6087680
  arith. intensity: 504.89
  time (eval):      0.007538
  time (compile):   0.000151
  gflops (eval):    407.74
  gflops (total):   399.74
CSV_DATA: opt_einsum,torch,"aefg,behi,cfhj,dgij->abcd","60,60,20,20,8,8,8,8,8,8","(2,3),(0,2),(0,1)",FP32,3073638400,504.89486963835157,0.0001506805419921875,0.007538318634033203,407.73527217640583,399.7449251371659
*** input parameters ***
  einsum_str: aefg,behi,cfhj,dgij->abcd
  dim_sizes:  60,60,20,20,8,8,8,8,8,8
  cont_path:  (2,3),(0,2),(0,1)
  backend:    torch
  dtype:      FP32
*** benchmarking opt_einsum expression ***
  #flops :          3073638400
  #bytes :          6087680
  arith. intensity: 504.89
  time (eval):      0.008738
  time (compile):   0.000152
  gflops (eval):    351.77
  gflops (total):   345.74
CSV_DATA: opt_einsum,torch,"aefg,behi,cfhj,dgij->abcd","60,60,20,20,8,8,8,8,8,8","(2,3),(0,2),(0,1)",FP32,3073638400,504.89486963835157,0.00015234947204589844,0.008737564086914062,351.7729162757477,345.7444641744737
*** input parameters ***
  einsum_str: aefg,behi,cfhj,dgij->abcd
  dim_sizes:  60,60,20,20,8,8,8,8,8,8
  cont_path:  (2,3),(0,2),(0,1)
  backend:    torch
  dtype:      FP32
*** benchmarking opt_einsum expression ***
  #flops :          3073638400
  #bytes :          6087680
  arith. intensity: 504.89
  time (eval):      0.008441
  time (compile):   0.000158
  gflops (eval):    364.13
  gflops (total):   357.44
CSV_DATA: opt_einsum,torch,"aefg,behi,cfhj,dgij->abcd","60,60,20,20,8,8,8,8,8,8","(2,3),(0,2),(0,1)",FP32,3073638400,504.89486963835157,0.00015807151794433594,0.008440971374511719,364.13325713686595,357.43959396882474
*** input parameters ***
  einsum_str: aefg,behi,cfhj,dgij->abcd
  dim_sizes:  60,60,20,20,8,8,8,8,8,8
  cont_path:  (2,3),(0,2),(0,1)
  backend:    torch
  dtype:      FP32
*** benchmarking opt_einsum expression ***
  #flops :          3073638400
  #bytes :          6087680
  arith. intensity: 504.89
  time (eval):      0.011573
  time (compile):   0.000146
  gflops (eval):    265.58
  gflops (total):   262.27
CSV_DATA: opt_einsum,torch,"aefg,behi,cfhj,dgij->abcd","60,60,20,20,8,8,8,8,8,8","(2,3),(0,2),(0,1)",FP32,3073638400,504.89486963835157,0.00014591217041015625,0.011573314666748047,265.5797831913312,262.2731382120194
*** input parameters ***
  einsum_str: aefg,behi,cfhj,dgij->abcd
  dim_sizes:  60,60,20,20,8,8,8,8,8,8
  cont_path:  (2,3),(0,2),(0,1)
  backend:    torch
  dtype:      FP32
*** benchmarking opt_einsum expression ***
  #flops :          3073638400
  #bytes :          6087680
  arith. intensity: 504.89
  time (eval):      0.007440
  time (compile):   0.000157
  gflops (eval):    413.14
  gflops (total):   404.63
CSV_DATA: opt_einsum,torch,"aefg,behi,cfhj,dgij->abcd","60,60,20,20,8,8,8,8,8,8","(2,3),(0,2),(0,1)",FP32,3073638400,504.89486963835157,0.00015664100646972656,0.007439613342285156,413.1449120520959,404.6255244867895
*** input parameters ***
  einsum_str: aefg,behi,cfhj,dgij->abcd
  dim_sizes:  60,60,20,20,8,8,8,8,8,8
  cont_path:  (2,3),(0,2),(0,1)
  backend:    torch
  dtype:      FP32
*** benchmarking opt_einsum expression ***
  #flops :          3073638400
  #bytes :          6087680
  arith. intensity: 504.89
  time (eval):      0.009035
  time (compile):   0.000152
  gflops (eval):    340.18
  gflops (total):   334.56
CSV_DATA: opt_einsum,torch,"aefg,behi,cfhj,dgij->abcd","60,60,20,20,8,8,8,8,8,8","(2,3),(0,2),(0,1)",FP32,3073638400,504.89486963835157,0.0001518726348876953,0.009035348892211914,340.17927106825346,334.55581656909743
*** input parameters ***
  einsum_str: aefg,behi,cfhj,dgij->abcd
  dim_sizes:  60,60,20,20,8,8,8,8,8,8
  cont_path:  (2,3),(0,2),(0,1)
  backend:    torch
  dtype:      FP32
*** benchmarking opt_einsum expression ***
  #flops :          3073638400
  #bytes :          6087680
  arith. intensity: 504.89
  time (eval):      0.008555
  time (compile):   0.000154
  gflops (eval):    359.27
  gflops (total):   352.91
CSV_DATA: opt_einsum,torch,"aefg,behi,cfhj,dgij->abcd","60,60,20,20,8,8,8,8,8,8","(2,3),(0,2),(0,1)",FP32,3073638400,504.89486963835157,0.00015425682067871094,0.008555173873901367,359.2724642776134,352.90922079588285
*** input parameters ***
  einsum_str: aefg,behi,cfhj,dgij->abcd
  dim_sizes:  60,60,20,20,8,8,8,8,8,8
  cont_path:  (2,3),(0,2),(0,1)
  backend:    torch
  dtype:      FP32
*** benchmarking opt_einsum expression ***
  #flops :          3073638400
  #bytes :          6087680
  arith. intensity: 504.89
  time (eval):      0.007972
  time (compile):   0.000151
  gflops (eval):    385.58
  gflops (total):   378.42
CSV_DATA: opt_einsum,torch,"aefg,behi,cfhj,dgij->abcd","60,60,20,20,8,8,8,8,8,8","(2,3),(0,2),(0,1)",FP32,3073638400,504.89486963835157,0.0001506805419921875,0.007971525192260742,385.5772045961897,378.42410061565744
*** input parameters ***
  einsum_str: aefg,behi,cfhj,dgij->abcd
  dim_sizes:  60,60,20,20,8,8,8,8,8,8
  cont_path:  (2,3),(0,2),(0,1)
  backend:    torch
  dtype:      FP32
*** benchmarking opt_einsum expression ***
  #flops :          3073638400
  #bytes :          6087680
  arith. intensity: 504.89
  time (eval):      0.007341
  time (compile):   0.000160
  gflops (eval):    418.69
  gflops (total):   409.73
CSV_DATA: opt_einsum,torch,"aefg,behi,cfhj,dgij->abcd","60,60,20,20,8,8,8,8,8,8","(2,3),(0,2),(0,1)",FP32,3073638400,504.89486963835157,0.00016045570373535156,0.007341146469116211,418.68642901086685,409.73092536465805
*** input parameters ***
  einsum_str: aefg,behi,cfhj,dgij->abcd
  dim_sizes:  60,60,20,20,8,8,8,8,8,8
  cont_path:  (2,3),(0,2),(0,1)
  backend:    torch
  dtype:      FP32
*** benchmarking opt_einsum expression ***
  #flops :          3073638400
  #bytes :          6087680
  arith. intensity: 504.89
  time (eval):      0.009346
  time (compile):   0.000150
  gflops (eval):    328.86
  gflops (total):   323.66
CSV_DATA: opt_einsum,torch,"aefg,behi,cfhj,dgij->abcd","60,60,20,20,8,8,8,8,8,8","(2,3),(0,2),(0,1)",FP32,3073638400,504.89486963835157,0.0001499652862548828,0.009346485137939453,328.85500320579564,323.6618170689564
*** input parameters ***
  einsum_str: aefg,behi,cfhj,dgij->abcd
  dim_sizes:  60,60,20,20,8,8,8,8,8,8
  cont_path:  (2,3),(0,2),(0,1)
  backend:    torch
  dtype:      FP32
*** benchmarking opt_einsum expression ***
  #flops :          3073638400
  #bytes :          6087680
  arith. intensity: 504.89
  time (eval):      0.009787
  time (compile):   0.000146
  gflops (eval):    314.06
  gflops (total):   309.45
CSV_DATA: opt_einsum,torch,"aefg,behi,cfhj,dgij->abcd","60,60,20,20,8,8,8,8,8,8","(2,3),(0,2),(0,1)",FP32,3073638400,504.89486963835157,0.0001456737518310547,0.009786844253540039,314.05817037378745,309.45208438966876
*** input parameters ***
  einsum_str: aefg,behi,cfhj,dgij->abcd
  dim_sizes:  60,60,20,20,8,8,8,8,8,8
  cont_path:  (2,3),(0,2),(0,1)
  backend:    torch
  dtype:      FP32
*** benchmarking opt_einsum expression ***
  #flops :          3073638400
  #bytes :          6087680
  arith. intensity: 504.89
  time (eval):      0.006606
  time (compile):   0.000146
  gflops (eval):    465.31
  gflops (total):   455.27
CSV_DATA: opt_einsum,torch,"aefg,behi,cfhj,dgij->abcd","60,60,20,20,8,8,8,8,8,8","(2,3),(0,2),(0,1)",FP32,3073638400,504.89486963835157,0.0001456737518310547,0.006605625152587891,465.30620932915616,455.2662300269661
*** input parameters ***
  einsum_str: aefg,behi,cfhj,dgij->abcd
  dim_sizes:  60,60,20,20,8,8,8,8,8,8
  cont_path:  (2,3),(0,2),(0,1)
  backend:    torch
  dtype:      FP32
*** benchmarking opt_einsum expression ***
  #flops :          3073638400
  #bytes :          6087680
  arith. intensity: 504.89
  time (eval):      0.009279
  time (compile):   0.000152
  gflops (eval):    331.23
  gflops (total):   325.90
CSV_DATA: opt_einsum,torch,"aefg,behi,cfhj,dgij->abcd","60,60,20,20,8,8,8,8,8,8","(2,3),(0,2),(0,1)",FP32,3073638400,504.89486963835157,0.00015163421630859375,0.009279489517211914,331.2292550467254,325.9037296982481
*** input parameters ***
  einsum_str: aefg,behi,cfhj,dgij->abcd
  dim_sizes:  60,60,20,20,8,8,8,8,8,8
  cont_path:  (2,3),(0,2),(0,1)
  backend:    torch
  dtype:      FP32
*** benchmarking opt_einsum expression ***
  #flops :          3073638400
  #bytes :          6087680
  arith. intensity: 504.89
  time (eval):      0.007238
  time (compile):   0.000153
  gflops (eval):    424.66
  gflops (total):   415.85
CSV_DATA: opt_einsum,torch,"aefg,behi,cfhj,dgij->abcd","60,60,20,20,8,8,8,8,8,8","(2,3),(0,2),(0,1)",FP32,3073638400,504.89486963835157,0.0001533031463623047,0.007237911224365234,424.6582065904737,415.8502575940647
*** input parameters ***
  einsum_str: aefg,behi,cfhj,dgij->abcd
  dim_sizes:  60,60,20,20,8,8,8,8,8,8
  cont_path:  (2,3),(0,2),(0,1)
  backend:    torch
  dtype:      FP32
*** benchmarking opt_einsum expression ***
  #flops :          3073638400
  #bytes :          6087680
  arith. intensity: 504.89
  time (eval):      0.008066
  time (compile):   0.000146
  gflops (eval):    381.08
  gflops (total):   374.30
CSV_DATA: opt_einsum,torch,"aefg,behi,cfhj,dgij->abcd","60,60,20,20,8,8,8,8,8,8","(2,3),(0,2),(0,1)",FP32,3073638400,504.89486963835157,0.00014591217041015625,0.00806570053100586,381.0751946696305,374.30386840699146
*** input parameters ***
  einsum_str: aefg,behi,cfhj,dgij->abcd
  dim_sizes:  60,60,20,20,8,8,8,8,8,8
  cont_path:  (2,3),(0,2),(0,1)
  backend:    torch
  dtype:      FP32
*** benchmarking opt_einsum expression ***
  #flops :          3073638400
  #bytes :          6087680
  arith. intensity: 504.89
  time (eval):      0.007725
  time (compile):   0.000151
  gflops (eval):    397.91
  gflops (total):   390.26
CSV_DATA: opt_einsum,torch,"aefg,behi,cfhj,dgij->abcd","60,60,20,20,8,8,8,8,8,8","(2,3),(0,2),(0,1)",FP32,3073638400,504.89486963835157,0.0001513957977294922,0.0077245235443115234,397.9065352533597,390.2577294809469
*** input parameters ***
  einsum_str: aefg,behi,cfhj,dgij->abcd
  dim_sizes:  60,60,20,20,8,8,8,8,8,8
  cont_path:  (2,3),(0,2),(0,1)
  backend:    torch
  dtype:      FP32
*** benchmarking opt_einsum expression ***
  #flops :          3073638400
  #bytes :          6087680
  arith. intensity: 504.89
  time (eval):      0.007901
  time (compile):   0.000154
  gflops (eval):    389.03
  gflops (total):   381.61
CSV_DATA: opt_einsum,torch,"aefg,behi,cfhj,dgij->abcd","60,60,20,20,8,8,8,8,8,8","(2,3),(0,2),(0,1)",FP32,3073638400,504.89486963835157,0.0001537799835205078,0.007900714874267578,389.03294814634563,381.6053587802623
*** input parameters ***
  einsum_str: aefg,behi,cfhj,dgij->abcd
  dim_sizes:  60,60,20,20,8,8,8,8,8,8
  cont_path:  (2,3),(0,2),(0,1)
  backend:    torch
  dtype:      FP32
*** benchmarking opt_einsum expression ***
  #flops :          3073638400
  #bytes :          6087680
  arith. intensity: 504.89
  time (eval):      0.010854
  time (compile):   0.000152
  gflops (eval):    283.17
  gflops (total):   279.26
CSV_DATA: opt_einsum,torch,"aefg,behi,cfhj,dgij->abcd","60,60,20,20,8,8,8,8,8,8","(2,3),(0,2),(0,1)",FP32,3073638400,504.89486963835157,0.00015211105346679688,0.010854244232177734,283.1738750532356,279.26032916717793
*** input parameters ***
  einsum_str: aefg,behi,cfhj,dgij->abcd
  dim_sizes:  60,60,20,20,8,8,8,8,8,8
  cont_path:  (2,3),(0,2),(0,1)
  backend:    torch
  dtype:      FP32
*** benchmarking opt_einsum expression ***
  #flops :          3073638400
  #bytes :          6087680
  arith. intensity: 504.89
  time (eval):      0.007495
  time (compile):   0.000154
  gflops (eval):    410.07
  gflops (total):   401.80
CSV_DATA: opt_einsum,torch,"aefg,behi,cfhj,dgij->abcd","60,60,20,20,8,8,8,8,8,8","(2,3),(0,2),(0,1)",FP32,3073638400,504.89486963835157,0.00015425682067871094,0.007495403289794922,410.06978292746356,401.8006493898582
*** input parameters ***
  einsum_str: aefg,behi,cfhj,dgij->abcd
  dim_sizes:  60,60,20,20,8,8,8,8,8,8
  cont_path:  (2,3),(0,2),(0,1)
  backend:    torch
  dtype:      FP32
*** benchmarking opt_einsum expression ***
  #flops :          3073638400
  #bytes :          6087680
  arith. intensity: 504.89
  time (eval):      0.008931
  time (compile):   0.000147
  gflops (eval):    344.15
  gflops (total):   338.57
CSV_DATA: opt_einsum,torch,"aefg,behi,cfhj,dgij->abcd","60,60,20,20,8,8,8,8,8,8","(2,3),(0,2),(0,1)",FP32,3073638400,504.89486963835157,0.00014710426330566406,0.008931159973144531,344.1477265262574,338.57115412647005
*** input parameters ***
  einsum_str: aefg,behi,cfhj,dgij->abcd
  dim_sizes:  60,60,20,20,8,8,8,8,8,8
  cont_path:  (2,3),(0,2),(0,1)
  backend:    torch
  dtype:      FP32
*** benchmarking opt_einsum expression ***
  #flops :          3073638400
  #bytes :          6087680
  arith. intensity: 504.89
  time (eval):      0.008870
  time (compile):   0.000156
  gflops (eval):    346.51
  gflops (total):   340.51
CSV_DATA: opt_einsum,torch,"aefg,behi,cfhj,dgij->abcd","60,60,20,20,8,8,8,8,8,8","(2,3),(0,2),(0,1)",FP32,3073638400,504.89486963835157,0.00015616416931152344,0.008870363235473633,346.50648664624646,340.51172307642895
*** input parameters ***
  einsum_str: aefg,behi,cfhj,dgij->abcd
  dim_sizes:  60,60,20,20,8,8,8,8,8,8
  cont_path:  (2,3),(0,2),(0,1)
  backend:    torch
  dtype:      FP32
*** benchmarking opt_einsum expression ***
  #flops :          3073638400
  #bytes :          6087680
  arith. intensity: 504.89
  time (eval):      0.012394
  time (compile):   0.000155
  gflops (eval):    247.99
  gflops (total):   244.92
CSV_DATA: opt_einsum,torch,"aefg,behi,cfhj,dgij->abcd","60,60,20,20,8,8,8,8,8,8","(2,3),(0,2),(0,1)",FP32,3073638400,504.89486963835157,0.00015497207641601562,0.012394428253173828,247.98549293412844,244.9231293349343
*** input parameters ***
  einsum_str: aefg,behi,cfhj,dgij->abcd
  dim_sizes:  60,60,20,20,8,8,8,8,8,8
  cont_path:  (2,3),(0,2),(0,1)
  backend:    torch
  dtype:      FP32
*** benchmarking opt_einsum expression ***
  #flops :          3073638400
  #bytes :          6087680
  arith. intensity: 504.89
  time (eval):      0.009251
  time (compile):   0.000144
  gflops (eval):    332.26
  gflops (total):   327.15
CSV_DATA: opt_einsum,torch,"aefg,behi,cfhj,dgij->abcd","60,60,20,20,8,8,8,8,8,8","(2,3),(0,2),(0,1)",FP32,3073638400,504.89486963835157,0.00014448165893554688,0.009250640869140625,332.2622122596289,327.1525614290616
*** input parameters ***
  einsum_str: aefg,behi,cfhj,dgij->abcd
  dim_sizes:  60,60,20,20,8,8,8,8,8,8
  cont_path:  (2,3),(0,2),(0,1)
  backend:    torch
  dtype:      FP32
*** benchmarking opt_einsum expression ***
  #flops :          3073638400
  #bytes :          6087680
  arith. intensity: 504.89
  time (eval):      0.008668
  time (compile):   0.000149
  gflops (eval):    354.58
  gflops (total):   348.60
CSV_DATA: opt_einsum,torch,"aefg,behi,cfhj,dgij->abcd","60,60,20,20,8,8,8,8,8,8","(2,3),(0,2),(0,1)",FP32,3073638400,504.89486963835157,0.000148773193359375,0.00866842269897461,354.57874018575285,348.5959070811098
*** input parameters ***
  einsum_str: aefg,behi,cfhj,dgij->abcd
  dim_sizes:  60,60,20,20,8,8,8,8,8,8
  cont_path:  (2,3),(0,2),(0,1)
  backend:    torch
  dtype:      FP32
*** benchmarking opt_einsum expression ***
  #flops :          3073638400
  #bytes :          6087680
  arith. intensity: 504.89
  time (eval):      0.008505
  time (compile):   0.000149
  gflops (eval):    361.41
  gflops (total):   355.16
CSV_DATA: opt_einsum,torch,"aefg,behi,cfhj,dgij->abcd","60,60,20,20,8,8,8,8,8,8","(2,3),(0,2),(0,1)",FP32,3073638400,504.89486963835157,0.0001494884490966797,0.008504629135131836,361.40769352341124,355.1648530407626
*** input parameters ***
  einsum_str: aefg,behi,cfhj,dgij->abcd
  dim_sizes:  60,60,20,20,8,8,8,8,8,8
  cont_path:  (2,3),(0,2),(0,1)
  backend:    torch
  dtype:      FP32
*** benchmarking opt_einsum expression ***
  #flops :          3073638400
  #bytes :          6087680
  arith. intensity: 504.89
  time (eval):      0.007208
  time (compile):   0.000158
  gflops (eval):    426.43
  gflops (total):   417.29
CSV_DATA: opt_einsum,torch,"aefg,behi,cfhj,dgij->abcd","60,60,20,20,8,8,8,8,8,8","(2,3),(0,2),(0,1)",FP32,3073638400,504.89486963835157,0.00015783309936523438,0.0072078704833984375,426.42808400613916,417.2905365337477
*** input parameters ***
  einsum_str: aefg,behi,cfhj,dgij->abcd
  dim_sizes:  60,60,20,20,8,8,8,8,8,8
  cont_path:  (2,3),(0,2),(0,1)
  backend:    torch
  dtype:      FP32
*** benchmarking opt_einsum expression ***
  #flops :          3073638400
  #bytes :          6087680
  arith. intensity: 504.89
  time (eval):      0.008581
  time (compile):   0.000153
  gflops (eval):    358.19
  gflops (total):   351.94
CSV_DATA: opt_einsum,torch,"aefg,behi,cfhj,dgij->abcd","60,60,20,20,8,8,8,8,8,8","(2,3),(0,2),(0,1)",FP32,3073638400,504.89486963835157,0.000152587890625,0.008580923080444336,358.1943773630519,351.93616979262373
*** input parameters ***
  einsum_str: aefg,behi,cfhj,dgij->abcd
  dim_sizes:  60,60,20,20,8,8,8,8,8,8
  cont_path:  (2,3),(0,2),(0,1)
  backend:    torch
  dtype:      FP32
*** benchmarking opt_einsum expression ***
  #flops :          3073638400
  #bytes :          6087680
  arith. intensity: 504.89
  time (eval):      0.007026
  time (compile):   0.000150
  gflops (eval):    437.44
  gflops (total):   428.28
CSV_DATA: opt_einsum,torch,"aefg,behi,cfhj,dgij->abcd","60,60,20,20,8,8,8,8,8,8","(2,3),(0,2),(0,1)",FP32,3073638400,504.89486963835157,0.00015020370483398438,0.0070264339447021484,437.4393076473007,428.28390537435973
*** input parameters ***
  einsum_str: aefg,behi,cfhj,dgij->abcd
  dim_sizes:  60,60,20,20,8,8,8,8,8,8
  cont_path:  (2,3),(0,2),(0,1)
  backend:    torch
  dtype:      FP32
*** benchmarking opt_einsum expression ***
  #flops :          3073638400
  #bytes :          6087680
  arith. intensity: 504.89
  time (eval):      0.009141
  time (compile):   0.000148
  gflops (eval):    336.26
  gflops (total):   330.91
CSV_DATA: opt_einsum,torch,"aefg,behi,cfhj,dgij->abcd","60,60,20,20,8,8,8,8,8,8","(2,3),(0,2),(0,1)",FP32,3073638400,504.89486963835157,0.0001475811004638672,0.009140729904174805,336.25743591834953,330.914673126793
*** input parameters ***
  einsum_str: aefg,behi,cfhj,dgij->abcd
  dim_sizes:  60,60,20,20,8,8,8,8,8,8
  cont_path:  (2,3),(0,2),(0,1)
  backend:    torch
  dtype:      FP32
*** benchmarking opt_einsum expression ***
  #flops :          3073638400
  #bytes :          6087680
  arith. intensity: 504.89
  time (eval):      0.011375
  time (compile):   0.000157
  gflops (eval):    270.20
  gflops (total):   266.51
CSV_DATA: opt_einsum,torch,"aefg,behi,cfhj,dgij->abcd","60,60,20,20,8,8,8,8,8,8","(2,3),(0,2),(0,1)",FP32,3073638400,504.89486963835157,0.00015735626220703125,0.01137542724609375,270.1998204995305,266.51314470506907
*** input parameters ***
  einsum_str: aefg,behi,cfhj,dgij->abcd
  dim_sizes:  60,60,20,20,8,8,8,8,8,8
  cont_path:  (2,3),(0,2),(0,1)
  backend:    torch
  dtype:      FP32
*** benchmarking opt_einsum expression ***
  #flops :          3073638400
  #bytes :          6087680
  arith. intensity: 504.89
  time (eval):      0.009122
  time (compile):   0.000150
  gflops (eval):    336.96
  gflops (total):   331.49
CSV_DATA: opt_einsum,torch,"aefg,behi,cfhj,dgij->abcd","60,60,20,20,8,8,8,8,8,8","(2,3),(0,2),(0,1)",FP32,3073638400,504.89486963835157,0.00015044212341308594,0.00912165641784668,336.9605540049035,331.493284537763
*** input parameters ***
  einsum_str: aefg,behi,cfhj,dgij->abcd
  dim_sizes:  60,60,20,20,8,8,8,8,8,8
  cont_path:  (2,3),(0,2),(0,1)
  backend:    torch
  dtype:      FP32
*** benchmarking opt_einsum expression ***
  #flops :          3073638400
  #bytes :          6087680
  arith. intensity: 504.89
  time (eval):      0.011296
  time (compile):   0.000153
  gflops (eval):    272.11
  gflops (total):   268.48
CSV_DATA: opt_einsum,torch,"aefg,behi,cfhj,dgij->abcd","60,60,20,20,8,8,8,8,8,8","(2,3),(0,2),(0,1)",FP32,3073638400,504.89486963835157,0.00015282630920410156,0.011295557022094727,272.1103876495684,268.4779423481528
*** input parameters ***
  einsum_str: aefg,behi,cfhj,dgij->abcd
  dim_sizes:  60,60,20,20,8,8,8,8,8,8
  cont_path:  (2,3),(0,2),(0,1)
  backend:    torch
  dtype:      FP32
*** benchmarking opt_einsum expression ***
  #flops :          3073638400
  #bytes :          6087680
  arith. intensity: 504.89
  time (eval):      0.009490
  time (compile):   0.000157
  gflops (eval):    323.89
  gflops (total):   318.62
CSV_DATA: opt_einsum,torch,"aefg,behi,cfhj,dgij->abcd","60,60,20,20,8,8,8,8,8,8","(2,3),(0,2),(0,1)",FP32,3073638400,504.89486963835157,0.00015687942504882812,0.009489774703979492,323.8895016876517,318.6222247515781
*** input parameters ***
  einsum_str: aefg,behi,cfhj,dgij->abcd
  dim_sizes:  60,60,20,20,8,8,8,8,8,8
  cont_path:  (2,3),(0,2),(0,1)
  backend:    torch
  dtype:      FP32
*** benchmarking opt_einsum expression ***
  #flops :          3073638400
  #bytes :          6087680
  arith. intensity: 504.89
  time (eval):      0.008159
  time (compile):   0.000155
  gflops (eval):    376.73
  gflops (total):   369.70
CSV_DATA: opt_einsum,torch,"aefg,behi,cfhj,dgij->abcd","60,60,20,20,8,8,8,8,8,8","(2,3),(0,2),(0,1)",FP32,3073638400,504.89486963835157,0.0001552104949951172,0.008158683776855469,376.73214014241967,369.69900019137964
*** input parameters ***
  einsum_str: aefg,behi,cfhj,dgij->abcd
  dim_sizes:  60,60,20,20,8,8,8,8,8,8
  cont_path:  (2,3),(0,2),(0,1)
  backend:    torch
  dtype:      FP32
*** benchmarking opt_einsum expression ***
  #flops :          3073638400
  #bytes :          6087680
  arith. intensity: 504.89
  time (eval):      0.008218
  time (compile):   0.000149
  gflops (eval):    374.02
  gflops (total):   367.37
CSV_DATA: opt_einsum,torch,"aefg,behi,cfhj,dgij->abcd","60,60,20,20,8,8,8,8,8,8","(2,3),(0,2),(0,1)",FP32,3073638400,504.89486963835157,0.000148773193359375,0.008217811584472656,374.0215224461414,367.370735087017
*** input parameters ***
  einsum_str: aefg,behi,cfhj,dgij->abcd
  dim_sizes:  60,60,20,20,8,8,8,8,8,8
  cont_path:  (2,3),(0,2),(0,1)
  backend:    torch
  dtype:      FP32
*** benchmarking opt_einsum expression ***
  #flops :          3073638400
  #bytes :          6087680
  arith. intensity: 504.89
  time (eval):      0.008479
  time (compile):   0.000150
  gflops (eval):    362.51
  gflops (total):   356.21
CSV_DATA: opt_einsum,torch,"aefg,behi,cfhj,dgij->abcd","60,60,20,20,8,8,8,8,8,8","(2,3),(0,2),(0,1)",FP32,3073638400,504.89486963835157,0.0001499652862548828,0.008478879928588867,362.50523959378006,356.2050684038904
*** input parameters ***
  einsum_str: aefg,behi,cfhj,dgij->abcd
  dim_sizes:  60,60,20,20,8,8,8,8,8,8
  cont_path:  (2,3),(0,2),(0,1)
  backend:    torch
  dtype:      FP32
*** benchmarking opt_einsum expression ***
  #flops :          3073638400
  #bytes :          6087680
  arith. intensity: 504.89
  time (eval):      0.013066
  time (compile):   0.000152
  gflops (eval):    235.24
  gflops (total):   232.53
CSV_DATA: opt_einsum,torch,"aefg,behi,cfhj,dgij->abcd","60,60,20,20,8,8,8,8,8,8","(2,3),(0,2),(0,1)",FP32,3073638400,504.89486963835157,0.00015211105346679688,0.01306605339050293,235.23846934791163,232.53140880708503
*** input parameters ***
  einsum_str: aefg,behi,cfhj,dgij->abcd
  dim_sizes:  60,60,20,20,8,8,8,8,8,8
  cont_path:  (2,3),(0,2),(0,1)
  backend:    torch
  dtype:      FP32
*** benchmarking opt_einsum expression ***
  #flops :          3073638400
  #bytes :          6087680
  arith. intensity: 504.89
  time (eval):      0.009756
  time (compile):   0.000155
  gflops (eval):    315.05
  gflops (total):   310.12
CSV_DATA: opt_einsum,torch,"aefg,behi,cfhj,dgij->abcd","60,60,20,20,8,8,8,8,8,8","(2,3),(0,2),(0,1)",FP32,3073638400,504.89486963835157,0.00015497207641601562,0.009756088256835938,315.04823645341156,310.1220552242868
*** input parameters ***
  einsum_str: aefg,behi,cfhj,dgij->abcd
  dim_sizes:  60,60,20,20,8,8,8,8,8,8
  cont_path:  (2,3),(0,2),(0,1)
  backend:    torch
  dtype:      FP32
*** benchmarking opt_einsum expression ***
  #flops :          3073638400
  #bytes :          6087680
  arith. intensity: 504.89
  time (eval):      0.008836
  time (compile):   0.000153
  gflops (eval):    347.84
  gflops (total):   341.94
CSV_DATA: opt_einsum,torch,"aefg,behi,cfhj,dgij->abcd","60,60,20,20,8,8,8,8,8,8","(2,3),(0,2),(0,1)",FP32,3073638400,504.89486963835157,0.000152587890625,0.00883626937866211,347.8434470798554,341.93872568228744
*** input parameters ***
  einsum_str: aefg,behi,cfhj,dgij->abcd
  dim_sizes:  60,60,20,20,8,8,8,8,8,8
  cont_path:  (2,3),(0,2),(0,1)
  backend:    torch
  dtype:      FP32
*** benchmarking opt_einsum expression ***
  #flops :          3073638400
  #bytes :          6087680
  arith. intensity: 504.89
  time (eval):      0.010157
  time (compile):   0.000154
  gflops (eval):    302.61
  gflops (total):   298.08
CSV_DATA: opt_einsum,torch,"aefg,behi,cfhj,dgij->abcd","60,60,20,20,8,8,8,8,8,8","(2,3),(0,2),(0,1)",FP32,3073638400,504.89486963835157,0.00015425682067871094,0.010157108306884766,302.6095919363786,298.0825877054637
*** input parameters ***
  einsum_str: aefg,behi,cfhj,dgij->abcd
  dim_sizes:  60,60,20,20,8,8,8,8,8,8
  cont_path:  (2,3),(0,2),(0,1)
  backend:    torch
  dtype:      FP32
*** benchmarking opt_einsum expression ***
  #flops :          3073638400
  #bytes :          6087680
  arith. intensity: 504.89
  time (eval):      0.008838
  time (compile):   0.000146
  gflops (eval):    347.78
  gflops (total):   342.11
CSV_DATA: opt_einsum,torch,"aefg,behi,cfhj,dgij->abcd","60,60,20,20,8,8,8,8,8,8","(2,3),(0,2),(0,1)",FP32,3073638400,504.89486963835157,0.00014638900756835938,0.00883793830871582,347.7777613551377,342.11113328751964
*** input parameters ***
  einsum_str: aefg,behi,cfhj,dgij->abcd
  dim_sizes:  60,60,20,20,8,8,8,8,8,8
  cont_path:  (2,3),(0,2),(0,1)
  backend:    torch
  dtype:      FP32
*** benchmarking opt_einsum expression ***
  #flops :          3073638400
  #bytes :          6087680
  arith. intensity: 504.89
  time (eval):      0.008759
  time (compile):   0.000150
  gflops (eval):    350.90
  gflops (total):   344.98
CSV_DATA: opt_einsum,torch,"aefg,behi,cfhj,dgij->abcd","60,60,20,20,8,8,8,8,8,8","(2,3),(0,2),(0,1)",FP32,3073638400,504.89486963835157,0.00015044212341308594,0.008759260177612305,350.9015987281527,344.97655433967356
*** input parameters ***
  einsum_str: aefg,behi,cfhj,dgij->abcd
  dim_sizes:  60,60,20,20,8,8,8,8,8,8
  cont_path:  (2,3),(0,2),(0,1)
  backend:    torch
  dtype:      FP32
*** benchmarking opt_einsum expression ***
  #flops :          3073638400
  #bytes :          6087680
  arith. intensity: 504.89
  time (eval):      0.008298
  time (compile):   0.000145
  gflops (eval):    370.42
  gflops (total):   364.05
CSV_DATA: opt_einsum,torch,"aefg,behi,cfhj,dgij->abcd","60,60,20,20,8,8,8,8,8,8","(2,3),(0,2),(0,1)",FP32,3073638400,504.89486963835157,0.00014519691467285156,0.00829768180847168,370.42133826605755,364.05099502071613
*** input parameters ***
  einsum_str: aefg,behi,cfhj,dgij->abcd
  dim_sizes:  60,60,20,20,8,8,8,8,8,8
  cont_path:  (2,3),(0,2),(0,1)
  backend:    torch
  dtype:      FP32
*** benchmarking opt_einsum expression ***
  #flops :          3073638400
  #bytes :          6087680
  arith. intensity: 504.89
  time (eval):      0.010733
  time (compile):   0.000147
  gflops (eval):    286.37
  gflops (total):   282.50
CSV_DATA: opt_einsum,torch,"aefg,behi,cfhj,dgij->abcd","60,60,20,20,8,8,8,8,8,8","(2,3),(0,2),(0,1)",FP32,3073638400,504.89486963835157,0.0001468658447265625,0.01073312759399414,286.36931528885333,282.50369977809527
*** input parameters ***
  einsum_str: aefg,behi,cfhj,dgij->abcd
  dim_sizes:  60,60,20,20,8,8,8,8,8,8
  cont_path:  (2,3),(0,2),(0,1)
  backend:    torch
  dtype:      FP32
*** benchmarking opt_einsum expression ***
  #flops :          3073638400
  #bytes :          6087680
  arith. intensity: 504.89
  time (eval):      0.011588
  time (compile):   0.000156
  gflops (eval):    265.24
  gflops (total):   261.72
CSV_DATA: opt_einsum,torch,"aefg,behi,cfhj,dgij->abcd","60,60,20,20,8,8,8,8,8,8","(2,3),(0,2),(0,1)",FP32,3073638400,504.89486963835157,0.0001556873321533203,0.011588335037231445,265.23554851709906,261.7193924981445
