*** input parameters ***
  einsum_str: iaje,bf,dcba,cigj,dh->hgfei
  dim_sizes:  24,48,12,56,32,64,8,84,8,72
  cont_path:  (1,2),(2,3),(0,1),(0,1)
  backend:    torch
  dtype:      FP32
*** benchmarking opt_einsum expression ***
  #flops :          6699220992
  #bytes :          49158528
  arith. intensity: 136.28
  time (eval):      0.013872
  time (compile):   0.000099
  gflops (eval):    482.92
  gflops (total):   479.49
CSV_DATA: opt_einsum,torch,"iaje,bf,dcba,cigj,dh->hgfei","24,48,12,56,32,64,8,84,8,72","(1,2),(2,3),(0,1),(0,1)",FP32,6699220992,136.27790059132772,9.918212890625e-05,0.013872385025024414,482.9177520603174,479.4895889768019
*** input parameters ***
  einsum_str: iaje,bf,dcba,cigj,dh->hgfei
  dim_sizes:  24,48,12,56,32,64,8,84,8,72
  cont_path:  (1,2),(2,3),(0,1),(0,1)
  backend:    torch
  dtype:      FP32
*** benchmarking opt_einsum expression ***
  #flops :          6699220992
  #bytes :          49158528
  arith. intensity: 136.28
  time (eval):      0.013574
  time (compile):   0.000099
  gflops (eval):    493.53
  gflops (total):   489.95
CSV_DATA: opt_einsum,torch,"iaje,bf,dcba,cigj,dh->hgfei","24,48,12,56,32,64,8,84,8,72","(1,2),(2,3),(0,1),(0,1)",FP32,6699220992,136.27790059132772,9.918212890625e-05,0.01357412338256836,493.5288123727398,489.94889980173616
*** input parameters ***
  einsum_str: iaje,bf,dcba,cigj,dh->hgfei
  dim_sizes:  24,48,12,56,32,64,8,84,8,72
  cont_path:  (1,2),(2,3),(0,1),(0,1)
  backend:    torch
  dtype:      FP32
*** benchmarking opt_einsum expression ***
  #flops :          6699220992
  #bytes :          49158528
  arith. intensity: 136.28
  time (eval):      0.013592
  time (compile):   0.000099
  gflops (eval):    492.90
  gflops (total):   489.33
CSV_DATA: opt_einsum,torch,"iaje,bf,dcba,cigj,dh->hgfei","24,48,12,56,32,64,8,84,8,72","(1,2),(2,3),(0,1),(0,1)",FP32,6699220992,136.27790059132772,9.918212890625e-05,0.013591527938842773,492.8968267691612,489.3260436345988
*** input parameters ***
  einsum_str: iaje,bf,dcba,cigj,dh->hgfei
  dim_sizes:  24,48,12,56,32,64,8,84,8,72
  cont_path:  (1,2),(2,3),(0,1),(0,1)
  backend:    torch
  dtype:      FP32
*** benchmarking opt_einsum expression ***
  #flops :          6699220992
  #bytes :          49158528
  arith. intensity: 136.28
  time (eval):      0.013614
  time (compile):   0.000098
  gflops (eval):    492.09
  gflops (total):   488.56
CSV_DATA: opt_einsum,torch,"iaje,bf,dcba,cigj,dh->hgfei","24,48,12,56,32,64,8,84,8,72","(1,2),(2,3),(0,1),(0,1)",FP32,6699220992,136.27790059132772,9.846687316894531e-05,0.013613700866699219,492.09403508983485,488.5603151223127
*** input parameters ***
  einsum_str: iaje,bf,dcba,cigj,dh->hgfei
  dim_sizes:  24,48,12,56,32,64,8,84,8,72
  cont_path:  (1,2),(2,3),(0,1),(0,1)
  backend:    torch
  dtype:      FP32
*** benchmarking opt_einsum expression ***
  #flops :          6699220992
  #bytes :          49158528
  arith. intensity: 136.28
  time (eval):      0.013590
  time (compile):   0.000098
  gflops (eval):    492.95
  gflops (total):   489.43
CSV_DATA: opt_einsum,torch,"iaje,bf,dcba,cigj,dh->hgfei","24,48,12,56,32,64,8,84,8,72","(1,2),(2,3),(0,1),(0,1)",FP32,6699220992,136.27790059132772,9.775161743164062e-05,0.013590097427368164,492.9487097354357,489.42832216177334
*** input parameters ***
  einsum_str: iaje,bf,dcba,cigj,dh->hgfei
  dim_sizes:  24,48,12,56,32,64,8,84,8,72
  cont_path:  (1,2),(2,3),(0,1),(0,1)
  backend:    torch
  dtype:      FP32
*** benchmarking opt_einsum expression ***
  #flops :          6699220992
  #bytes :          49158528
  arith. intensity: 136.28
  time (eval):      0.013549
  time (compile):   0.000098
  gflops (eval):    494.46
  gflops (total):   490.91
CSV_DATA: opt_einsum,torch,"iaje,bf,dcba,cigj,dh->hgfei","24,48,12,56,32,64,8,84,8,72","(1,2),(2,3),(0,1),(0,1)",FP32,6699220992,136.27790059132772,9.799003601074219e-05,0.013548612594604492,494.45808160961457,490.9076034038501
*** input parameters ***
  einsum_str: iaje,bf,dcba,cigj,dh->hgfei
  dim_sizes:  24,48,12,56,32,64,8,84,8,72
  cont_path:  (1,2),(2,3),(0,1),(0,1)
  backend:    torch
  dtype:      FP32
*** benchmarking opt_einsum expression ***
  #flops :          6699220992
  #bytes :          49158528
  arith. intensity: 136.28
  time (eval):      0.013679
  time (compile):   0.000101
  gflops (eval):    489.76
  gflops (total):   486.16
CSV_DATA: opt_einsum,torch,"iaje,bf,dcba,cigj,dh->hgfei","24,48,12,56,32,64,8,84,8,72","(1,2),(2,3),(0,1),(0,1)",FP32,6699220992,136.27790059132772,0.00010132789611816406,0.013678550720214844,489.76102286184147,486.1596519478445
*** input parameters ***
  einsum_str: iaje,bf,dcba,cigj,dh->hgfei
  dim_sizes:  24,48,12,56,32,64,8,84,8,72
  cont_path:  (1,2),(2,3),(0,1),(0,1)
  backend:    torch
  dtype:      FP32
*** benchmarking opt_einsum expression ***
  #flops :          6699220992
  #bytes :          49158528
  arith. intensity: 136.28
  time (eval):      0.013548
  time (compile):   0.000101
  gflops (eval):    494.48
  gflops (total):   490.80
CSV_DATA: opt_einsum,torch,"iaje,bf,dcba,cigj,dh->hgfei","24,48,12,56,32,64,8,84,8,72","(1,2),(2,3),(0,1),(0,1)",FP32,6699220992,136.27790059132772,0.00010132789611816406,0.013548135757446289,494.47548444574693,490.80470574025446
*** input parameters ***
  einsum_str: iaje,bf,dcba,cigj,dh->hgfei
  dim_sizes:  24,48,12,56,32,64,8,84,8,72
  cont_path:  (1,2),(2,3),(0,1),(0,1)
  backend:    torch
  dtype:      FP32
*** benchmarking opt_einsum expression ***
  #flops :          6699220992
  #bytes :          49158528
  arith. intensity: 136.28
  time (eval):      0.013503
  time (compile):   0.000100
  gflops (eval):    496.13
  gflops (total):   492.46
CSV_DATA: opt_einsum,torch,"iaje,bf,dcba,cigj,dh->hgfei","24,48,12,56,32,64,8,84,8,72","(1,2),(2,3),(0,1),(0,1)",FP32,6699220992,136.27790059132772,0.00010037422180175781,0.013503074645996094,496.1255986233062,492.4648930653482
*** input parameters ***
  einsum_str: iaje,bf,dcba,cigj,dh->hgfei
  dim_sizes:  24,48,12,56,32,64,8,84,8,72
  cont_path:  (1,2),(2,3),(0,1),(0,1)
  backend:    torch
  dtype:      FP32
*** benchmarking opt_einsum expression ***
  #flops :          6699220992
  #bytes :          49158528
  arith. intensity: 136.28
  time (eval):      0.013607
  time (compile):   0.000099
  gflops (eval):    492.34
  gflops (total):   488.80
CSV_DATA: opt_einsum,torch,"iaje,bf,dcba,cigj,dh->hgfei","24,48,12,56,32,64,8,84,8,72","(1,2),(2,3),(0,1),(0,1)",FP32,6699220992,136.27790059132772,9.870529174804688e-05,0.013606786727905273,492.34408725323846,488.79828483307944
*** input parameters ***
  einsum_str: iaje,bf,dcba,cigj,dh->hgfei
  dim_sizes:  24,48,12,56,32,64,8,84,8,72
  cont_path:  (1,2),(2,3),(0,1),(0,1)
  backend:    torch
  dtype:      FP32
*** benchmarking opt_einsum expression ***
  #flops :          6699220992
  #bytes :          49158528
  arith. intensity: 136.28
  time (eval):      0.013367
  time (compile):   0.000097
  gflops (eval):    501.16
  gflops (total):   497.56
CSV_DATA: opt_einsum,torch,"iaje,bf,dcba,cigj,dh->hgfei","24,48,12,56,32,64,8,84,8,72","(1,2),(2,3),(0,1),(0,1)",FP32,6699220992,136.27790059132772,9.679794311523438e-05,0.013367414474487305,501.1605651029941,497.55758333415207
*** input parameters ***
  einsum_str: iaje,bf,dcba,cigj,dh->hgfei
  dim_sizes:  24,48,12,56,32,64,8,84,8,72
  cont_path:  (1,2),(2,3),(0,1),(0,1)
  backend:    torch
  dtype:      FP32
*** benchmarking opt_einsum expression ***
  #flops :          6699220992
  #bytes :          49158528
  arith. intensity: 136.28
  time (eval):      0.013534
  time (compile):   0.000098
  gflops (eval):    495.01
  gflops (total):   491.43
CSV_DATA: opt_einsum,torch,"iaje,bf,dcba,cigj,dh->hgfei","24,48,12,56,32,64,8,84,8,72","(1,2),(2,3),(0,1),(0,1)",FP32,6699220992,136.27790059132772,9.846687316894531e-05,0.013533592224121094,495.00686004561993,491.43133434124854
*** input parameters ***
  einsum_str: iaje,bf,dcba,cigj,dh->hgfei
  dim_sizes:  24,48,12,56,32,64,8,84,8,72
  cont_path:  (1,2),(2,3),(0,1),(0,1)
  backend:    torch
  dtype:      FP32
*** benchmarking opt_einsum expression ***
  #flops :          6699220992
  #bytes :          49158528
  arith. intensity: 136.28
  time (eval):      0.013598
  time (compile):   0.000100
  gflops (eval):    492.66
  gflops (total):   489.07
CSV_DATA: opt_einsum,torch,"iaje,bf,dcba,cigj,dh->hgfei","24,48,12,56,32,64,8,84,8,72","(1,2),(2,3),(0,1),(0,1)",FP32,6699220992,136.27790059132772,9.989738464355469e-05,0.013597965240478516,492.6634885091274,489.07053423893564
*** input parameters ***
  einsum_str: iaje,bf,dcba,cigj,dh->hgfei
  dim_sizes:  24,48,12,56,32,64,8,84,8,72
  cont_path:  (1,2),(2,3),(0,1),(0,1)
  backend:    torch
  dtype:      FP32
*** benchmarking opt_einsum expression ***
  #flops :          6699220992
  #bytes :          49158528
  arith. intensity: 136.28
  time (eval):      0.013482
  time (compile):   0.000101
  gflops (eval):    496.91
  gflops (total):   493.23
CSV_DATA: opt_einsum,torch,"iaje,bf,dcba,cigj,dh->hgfei","24,48,12,56,32,64,8,84,8,72","(1,2),(2,3),(0,1),(0,1)",FP32,6699220992,136.27790059132772,0.00010061264038085938,0.013481855392456055,496.9064566401325,493.22560346205074
*** input parameters ***
  einsum_str: iaje,bf,dcba,cigj,dh->hgfei
  dim_sizes:  24,48,12,56,32,64,8,84,8,72
  cont_path:  (1,2),(2,3),(0,1),(0,1)
  backend:    torch
  dtype:      FP32
*** benchmarking opt_einsum expression ***
  #flops :          6699220992
  #bytes :          49158528
  arith. intensity: 136.28
  time (eval):      0.013660
  time (compile):   0.000096
  gflops (eval):    490.43
  gflops (total):   487.00
CSV_DATA: opt_einsum,torch,"iaje,bf,dcba,cigj,dh->hgfei","24,48,12,56,32,64,8,84,8,72","(1,2),(2,3),(0,1),(0,1)",FP32,6699220992,136.27790059132772,9.608268737792969e-05,0.013659954071044922,490.42778307727804,487.002260145754
*** input parameters ***
  einsum_str: iaje,bf,dcba,cigj,dh->hgfei
  dim_sizes:  24,48,12,56,32,64,8,84,8,72
  cont_path:  (1,2),(2,3),(0,1),(0,1)
  backend:    torch
  dtype:      FP32
*** benchmarking opt_einsum expression ***
  #flops :          6699220992
  #bytes :          49158528
  arith. intensity: 136.28
  time (eval):      0.013545
  time (compile):   0.000098
  gflops (eval):    494.60
  gflops (total):   491.06
CSV_DATA: opt_einsum,torch,"iaje,bf,dcba,cigj,dh->hgfei","24,48,12,56,32,64,8,84,8,72","(1,2),(2,3),(0,1),(0,1)",FP32,6699220992,136.27790059132772,9.751319885253906e-05,0.013544797897338867,494.5973386074804,491.06203082190785
*** input parameters ***
  einsum_str: iaje,bf,dcba,cigj,dh->hgfei
  dim_sizes:  24,48,12,56,32,64,8,84,8,72
  cont_path:  (1,2),(2,3),(0,1),(0,1)
  backend:    torch
  dtype:      FP32
*** benchmarking opt_einsum expression ***
  #flops :          6699220992
  #bytes :          49158528
  arith. intensity: 136.28
  time (eval):      0.013570
  time (compile):   0.000101
  gflops (eval):    493.68
  gflops (total):   490.03
CSV_DATA: opt_einsum,torch,"iaje,bf,dcba,cigj,dh->hgfei","24,48,12,56,32,64,8,84,8,72","(1,2),(2,3),(0,1),(0,1)",FP32,6699220992,136.27790059132772,0.0001010894775390625,0.013570070266723633,493.6762198223654,490.02580010166497
*** input parameters ***
  einsum_str: iaje,bf,dcba,cigj,dh->hgfei
  dim_sizes:  24,48,12,56,32,64,8,84,8,72
  cont_path:  (1,2),(2,3),(0,1),(0,1)
  backend:    torch
  dtype:      FP32
*** benchmarking opt_einsum expression ***
  #flops :          6699220992
  #bytes :          49158528
  arith. intensity: 136.28
  time (eval):      0.013598
  time (compile):   0.000098
  gflops (eval):    492.67
  gflops (total):   489.14
CSV_DATA: opt_einsum,torch,"iaje,bf,dcba,cigj,dh->hgfei","24,48,12,56,32,64,8,84,8,72","(1,2),(2,3),(0,1),(0,1)",FP32,6699220992,136.27790059132772,9.822845458984375e-05,0.013597726821899414,492.67212672715044,489.1386439834549
*** input parameters ***
  einsum_str: iaje,bf,dcba,cigj,dh->hgfei
  dim_sizes:  24,48,12,56,32,64,8,84,8,72
  cont_path:  (1,2),(2,3),(0,1),(0,1)
  backend:    torch
  dtype:      FP32
*** benchmarking opt_einsum expression ***
  #flops :          6699220992
  #bytes :          49158528
  arith. intensity: 136.28
  time (eval):      0.013654
  time (compile):   0.000100
  gflops (eval):    490.66
  gflops (total):   487.09
CSV_DATA: opt_einsum,torch,"iaje,bf,dcba,cigj,dh->hgfei","24,48,12,56,32,64,8,84,8,72","(1,2),(2,3),(0,1),(0,1)",FP32,6699220992,136.27790059132772,0.00010013580322265625,0.01365351676940918,490.65900786892223,487.0866816376232
*** input parameters ***
  einsum_str: iaje,bf,dcba,cigj,dh->hgfei
  dim_sizes:  24,48,12,56,32,64,8,84,8,72
  cont_path:  (1,2),(2,3),(0,1),(0,1)
  backend:    torch
  dtype:      FP32
*** benchmarking opt_einsum expression ***
  #flops :          6699220992
  #bytes :          49158528
  arith. intensity: 136.28
  time (eval):      0.013788
  time (compile):   0.000101
  gflops (eval):    485.86
  gflops (total):   482.33
CSV_DATA: opt_einsum,torch,"iaje,bf,dcba,cigj,dh->hgfei","24,48,12,56,32,64,8,84,8,72","(1,2),(2,3),(0,1),(0,1)",FP32,6699220992,136.27790059132772,0.00010085105895996094,0.013788461685180664,485.85702632804055,482.3291919052041
*** input parameters ***
  einsum_str: iaje,bf,dcba,cigj,dh->hgfei
  dim_sizes:  24,48,12,56,32,64,8,84,8,72
  cont_path:  (1,2),(2,3),(0,1),(0,1)
  backend:    torch
  dtype:      FP32
*** benchmarking opt_einsum expression ***
  #flops :          6699220992
  #bytes :          49158528
  arith. intensity: 136.28
  time (eval):      0.013740
  time (compile):   0.000103
  gflops (eval):    487.56
  gflops (total):   483.94
CSV_DATA: opt_einsum,torch,"iaje,bf,dcba,cigj,dh->hgfei","24,48,12,56,32,64,8,84,8,72","(1,2),(2,3),(0,1),(0,1)",FP32,6699220992,136.27790059132772,0.00010275840759277344,0.013740301132202148,487.5599834052779,483.940777162853
*** input parameters ***
  einsum_str: iaje,bf,dcba,cigj,dh->hgfei
  dim_sizes:  24,48,12,56,32,64,8,84,8,72
  cont_path:  (1,2),(2,3),(0,1),(0,1)
  backend:    torch
  dtype:      FP32
*** benchmarking opt_einsum expression ***
  #flops :          6699220992
  #bytes :          49158528
  arith. intensity: 136.28
  time (eval):      0.013704
  time (compile):   0.000098
  gflops (eval):    488.85
  gflops (total):   485.39
CSV_DATA: opt_einsum,torch,"iaje,bf,dcba,cigj,dh->hgfei","24,48,12,56,32,64,8,84,8,72","(1,2),(2,3),(0,1),(0,1)",FP32,6699220992,136.27790059132772,9.775161743164062e-05,0.013704061508178711,488.8493085062296,485.3870235041125
*** input parameters ***
  einsum_str: iaje,bf,dcba,cigj,dh->hgfei
  dim_sizes:  24,48,12,56,32,64,8,84,8,72
  cont_path:  (1,2),(2,3),(0,1),(0,1)
  backend:    torch
  dtype:      FP32
*** benchmarking opt_einsum expression ***
  #flops :          6699220992
  #bytes :          49158528
  arith. intensity: 136.28
  time (eval):      0.013749
  time (compile):   0.000100
  gflops (eval):    487.24
  gflops (total):   483.71
CSV_DATA: opt_einsum,torch,"iaje,bf,dcba,cigj,dh->hgfei","24,48,12,56,32,64,8,84,8,72","(1,2),(2,3),(0,1),(0,1)",FP32,6699220992,136.27790059132772,0.00010037422180175781,0.013749361038208008,487.2387141034103,483.70751254311534
*** input parameters ***
  einsum_str: iaje,bf,dcba,cigj,dh->hgfei
  dim_sizes:  24,48,12,56,32,64,8,84,8,72
  cont_path:  (1,2),(2,3),(0,1),(0,1)
  backend:    torch
  dtype:      FP32
*** benchmarking opt_einsum expression ***
  #flops :          6699220992
  #bytes :          49158528
  arith. intensity: 136.28
  time (eval):      0.013726
  time (compile):   0.000097
  gflops (eval):    488.08
  gflops (total):   484.65
CSV_DATA: opt_einsum,torch,"iaje,bf,dcba,cigj,dh->hgfei","24,48,12,56,32,64,8,84,8,72","(1,2),(2,3),(0,1),(0,1)",FP32,6699220992,136.27790059132772,9.703636169433594e-05,0.013725757598876953,488.0765920380332,484.65028207098624
*** input parameters ***
  einsum_str: iaje,bf,dcba,cigj,dh->hgfei
  dim_sizes:  24,48,12,56,32,64,8,84,8,72
  cont_path:  (1,2),(2,3),(0,1),(0,1)
  backend:    torch
  dtype:      FP32
*** benchmarking opt_einsum expression ***
  #flops :          6699220992
  #bytes :          49158528
  arith. intensity: 136.28
  time (eval):      0.013741
  time (compile):   0.000099
  gflops (eval):    487.54
  gflops (total):   484.05
CSV_DATA: opt_einsum,torch,"iaje,bf,dcba,cigj,dh->hgfei","24,48,12,56,32,64,8,84,8,72","(1,2),(2,3),(0,1),(0,1)",FP32,6699220992,136.27790059132772,9.918212890625e-05,0.013740777969360352,487.5430639326353,484.0491550867296
*** input parameters ***
  einsum_str: iaje,bf,dcba,cigj,dh->hgfei
  dim_sizes:  24,48,12,56,32,64,8,84,8,72
  cont_path:  (1,2),(2,3),(0,1),(0,1)
  backend:    torch
  dtype:      FP32
*** benchmarking opt_einsum expression ***
  #flops :          6699220992
  #bytes :          49158528
  arith. intensity: 136.28
  time (eval):      0.013616
  time (compile):   0.000098
  gflops (eval):    492.02
  gflops (total):   488.50
CSV_DATA: opt_einsum,torch,"iaje,bf,dcba,cigj,dh->hgfei","24,48,12,56,32,64,8,84,8,72","(1,2),(2,3),(0,1),(0,1)",FP32,6699220992,136.27790059132772,9.799003601074219e-05,0.013615846633911133,492.0164843304833,488.50085889481176
*** input parameters ***
  einsum_str: iaje,bf,dcba,cigj,dh->hgfei
  dim_sizes:  24,48,12,56,32,64,8,84,8,72
  cont_path:  (1,2),(2,3),(0,1),(0,1)
  backend:    torch
  dtype:      FP32
*** benchmarking opt_einsum expression ***
  #flops :          6699220992
  #bytes :          49158528
  arith. intensity: 136.28
  time (eval):      0.013603
  time (compile):   0.000095
  gflops (eval):    492.49
  gflops (total):   489.08
CSV_DATA: opt_einsum,torch,"iaje,bf,dcba,cigj,dh->hgfei","24,48,12,56,32,64,8,84,8,72","(1,2),(2,3),(0,1),(0,1)",FP32,6699220992,136.27790059132772,9.489059448242188e-05,0.013602733612060547,492.49078773845076,489.07904691968196
*** input parameters ***
  einsum_str: iaje,bf,dcba,cigj,dh->hgfei
  dim_sizes:  24,48,12,56,32,64,8,84,8,72
  cont_path:  (1,2),(2,3),(0,1),(0,1)
  backend:    torch
  dtype:      FP32
*** benchmarking opt_einsum expression ***
  #flops :          6699220992
  #bytes :          49158528
  arith. intensity: 136.28
  time (eval):      0.013527
  time (compile):   0.000097
  gflops (eval):    495.26
  gflops (total):   491.74
CSV_DATA: opt_einsum,torch,"iaje,bf,dcba,cigj,dh->hgfei","24,48,12,56,32,64,8,84,8,72","(1,2),(2,3),(0,1),(0,1)",FP32,6699220992,136.27790059132772,9.679794311523438e-05,0.013526678085327148,495.2598819710861,491.7409461442672
*** input parameters ***
  einsum_str: iaje,bf,dcba,cigj,dh->hgfei
  dim_sizes:  24,48,12,56,32,64,8,84,8,72
  cont_path:  (1,2),(2,3),(0,1),(0,1)
  backend:    torch
  dtype:      FP32
*** benchmarking opt_einsum expression ***
  #flops :          6699220992
  #bytes :          49158528
  arith. intensity: 136.28
  time (eval):      0.013630
  time (compile):   0.000099
  gflops (eval):    491.52
  gflops (total):   487.96
CSV_DATA: opt_einsum,torch,"iaje,bf,dcba,cigj,dh->hgfei","24,48,12,56,32,64,8,84,8,72","(1,2),(2,3),(0,1),(0,1)",FP32,6699220992,136.27790059132772,9.942054748535156e-05,0.013629674911499023,491.51729850489914,487.95792934894365
*** input parameters ***
  einsum_str: iaje,bf,dcba,cigj,dh->hgfei
  dim_sizes:  24,48,12,56,32,64,8,84,8,72
  cont_path:  (1,2),(2,3),(0,1),(0,1)
  backend:    torch
  dtype:      FP32
*** benchmarking opt_einsum expression ***
  #flops :          6699220992
  #bytes :          49158528
  arith. intensity: 136.28
  time (eval):      0.013730
  time (compile):   0.000100
  gflops (eval):    487.94
  gflops (total):   484.42
CSV_DATA: opt_einsum,torch,"iaje,bf,dcba,cigj,dh->hgfei","24,48,12,56,32,64,8,84,8,72","(1,2),(2,3),(0,1),(0,1)",FP32,6699220992,136.27790059132772,9.989738464355469e-05,0.013729572296142578,487.9409822461982,484.4163331373083
*** input parameters ***
  einsum_str: iaje,bf,dcba,cigj,dh->hgfei
  dim_sizes:  24,48,12,56,32,64,8,84,8,72
  cont_path:  (1,2),(2,3),(0,1),(0,1)
  backend:    torch
  dtype:      FP32
*** benchmarking opt_einsum expression ***
  #flops :          6699220992
  #bytes :          49158528
  arith. intensity: 136.28
  time (eval):      0.013670
  time (compile):   0.000099
  gflops (eval):    490.07
  gflops (total):   486.56
CSV_DATA: opt_einsum,torch,"iaje,bf,dcba,cigj,dh->hgfei","24,48,12,56,32,64,8,84,8,72","(1,2),(2,3),(0,1),(0,1)",FP32,6699220992,136.27790059132772,9.870529174804688e-05,0.013669967651367188,490.0685329222403,486.55531434856397
*** input parameters ***
  einsum_str: iaje,bf,dcba,cigj,dh->hgfei
  dim_sizes:  24,48,12,56,32,64,8,84,8,72
  cont_path:  (1,2),(2,3),(0,1),(0,1)
  backend:    torch
  dtype:      FP32
*** benchmarking opt_einsum expression ***
  #flops :          6699220992
  #bytes :          49158528
  arith. intensity: 136.28
  time (eval):      0.013603
  time (compile):   0.000097
  gflops (eval):    492.49
  gflops (total):   489.00
CSV_DATA: opt_einsum,torch,"iaje,bf,dcba,cigj,dh->hgfei","24,48,12,56,32,64,8,84,8,72","(1,2),(2,3),(0,1),(0,1)",FP32,6699220992,136.27790059132772,9.703636169433594e-05,0.013602733612060547,492.49078773845076,489.0024434595564
*** input parameters ***
  einsum_str: iaje,bf,dcba,cigj,dh->hgfei
  dim_sizes:  24,48,12,56,32,64,8,84,8,72
  cont_path:  (1,2),(2,3),(0,1),(0,1)
  backend:    torch
  dtype:      FP32
*** benchmarking opt_einsum expression ***
  #flops :          6699220992
  #bytes :          49158528
  arith. intensity: 136.28
  time (eval):      0.013728
  time (compile):   0.000096
  gflops (eval):    487.98
  gflops (total):   484.58
CSV_DATA: opt_einsum,torch,"iaje,bf,dcba,cigj,dh->hgfei","24,48,12,56,32,64,8,84,8,72","(1,2),(2,3),(0,1),(0,1)",FP32,6699220992,136.27790059132772,9.632110595703125e-05,0.01372838020324707,487.98335221044385,484.5834164633883
*** input parameters ***
  einsum_str: iaje,bf,dcba,cigj,dh->hgfei
  dim_sizes:  24,48,12,56,32,64,8,84,8,72
  cont_path:  (1,2),(2,3),(0,1),(0,1)
  backend:    torch
  dtype:      FP32
*** benchmarking opt_einsum expression ***
  #flops :          6699220992
  #bytes :          49158528
  arith. intensity: 136.28
  time (eval):      0.013629
  time (compile):   0.000097
  gflops (eval):    491.54
  gflops (total):   488.07
CSV_DATA: opt_einsum,torch,"iaje,bf,dcba,cigj,dh->hgfei","24,48,12,56,32,64,8,84,8,72","(1,2),(2,3),(0,1),(0,1)",FP32,6699220992,136.27790059132772,9.703636169433594e-05,0.013628959655761719,491.5430936188785,488.0681142177411
*** input parameters ***
  einsum_str: iaje,bf,dcba,cigj,dh->hgfei
  dim_sizes:  24,48,12,56,32,64,8,84,8,72
  cont_path:  (1,2),(2,3),(0,1),(0,1)
  backend:    torch
  dtype:      FP32
*** benchmarking opt_einsum expression ***
  #flops :          6699220992
  #bytes :          49158528
  arith. intensity: 136.28
  time (eval):      0.013743
  time (compile):   0.000099
  gflops (eval):    487.45
  gflops (total):   483.97
CSV_DATA: opt_einsum,torch,"iaje,bf,dcba,cigj,dh->hgfei","24,48,12,56,32,64,8,84,8,72","(1,2),(2,3),(0,1),(0,1)",FP32,6699220992,136.27790059132772,9.870529174804688e-05,0.013743400573730469,487.45002781954014,483.9741190469801
*** input parameters ***
  einsum_str: iaje,bf,dcba,cigj,dh->hgfei
  dim_sizes:  24,48,12,56,32,64,8,84,8,72
  cont_path:  (1,2),(2,3),(0,1),(0,1)
  backend:    torch
  dtype:      FP32
*** benchmarking opt_einsum expression ***
  #flops :          6699220992
  #bytes :          49158528
  arith. intensity: 136.28
  time (eval):      0.013681
  time (compile):   0.000097
  gflops (eval):    489.67
  gflops (total):   486.21
CSV_DATA: opt_einsum,torch,"iaje,bf,dcba,cigj,dh->hgfei","24,48,12,56,32,64,8,84,8,72","(1,2),(2,3),(0,1),(0,1)",FP32,6699220992,136.27790059132772,9.72747802734375e-05,0.013681173324584961,489.66713841433125,486.2101262070144
*** input parameters ***
  einsum_str: iaje,bf,dcba,cigj,dh->hgfei
  dim_sizes:  24,48,12,56,32,64,8,84,8,72
  cont_path:  (1,2),(2,3),(0,1),(0,1)
  backend:    torch
  dtype:      FP32
*** benchmarking opt_einsum expression ***
  #flops :          6699220992
  #bytes :          49158528
  arith. intensity: 136.28
  time (eval):      0.013678
  time (compile):   0.000099
  gflops (eval):    489.77
  gflops (total):   486.24
CSV_DATA: opt_einsum,torch,"iaje,bf,dcba,cigj,dh->hgfei","24,48,12,56,32,64,8,84,8,72","(1,2),(2,3),(0,1),(0,1)",FP32,6699220992,136.27790059132772,9.918212890625e-05,0.013678312301635742,489.7695595968271,486.24378153615123
*** input parameters ***
  einsum_str: iaje,bf,dcba,cigj,dh->hgfei
  dim_sizes:  24,48,12,56,32,64,8,84,8,72
  cont_path:  (1,2),(2,3),(0,1),(0,1)
  backend:    torch
  dtype:      FP32
*** benchmarking opt_einsum expression ***
  #flops :          6699220992
  #bytes :          49158528
  arith. intensity: 136.28
  time (eval):      0.013610
  time (compile):   0.000101
  gflops (eval):    492.23
  gflops (total):   488.60
CSV_DATA: opt_einsum,torch,"iaje,bf,dcba,cigj,dh->hgfei","24,48,12,56,32,64,8,84,8,72","(1,2),(2,3),(0,1),(0,1)",FP32,6699220992,136.27790059132772,0.0001010894775390625,0.013609886169433594,492.23196348590795,488.60279271804916
*** input parameters ***
  einsum_str: iaje,bf,dcba,cigj,dh->hgfei
  dim_sizes:  24,48,12,56,32,64,8,84,8,72
  cont_path:  (1,2),(2,3),(0,1),(0,1)
  backend:    torch
  dtype:      FP32
*** benchmarking opt_einsum expression ***
  #flops :          6699220992
  #bytes :          49158528
  arith. intensity: 136.28
  time (eval):      0.013585
  time (compile):   0.000098
  gflops (eval):    493.12
  gflops (total):   489.59
CSV_DATA: opt_einsum,torch,"iaje,bf,dcba,cigj,dh->hgfei","24,48,12,56,32,64,8,84,8,72","(1,2),(2,3),(0,1),(0,1)",FP32,6699220992,136.27790059132772,9.799003601074219e-05,0.013585329055786133,493.1217318690365,489.59035063475
*** input parameters ***
  einsum_str: iaje,bf,dcba,cigj,dh->hgfei
  dim_sizes:  24,48,12,56,32,64,8,84,8,72
  cont_path:  (1,2),(2,3),(0,1),(0,1)
  backend:    torch
  dtype:      FP32
*** benchmarking opt_einsum expression ***
  #flops :          6699220992
  #bytes :          49158528
  arith. intensity: 136.28
  time (eval):      0.013610
  time (compile):   0.000097
  gflops (eval):    492.24
  gflops (total):   488.76
CSV_DATA: opt_einsum,torch,"iaje,bf,dcba,cigj,dh->hgfei","24,48,12,56,32,64,8,84,8,72","(1,2),(2,3),(0,1),(0,1)",FP32,6699220992,136.27790059132772,9.679794311523438e-05,0.013609647750854492,492.24058657795786,488.76427496789944
*** input parameters ***
  einsum_str: iaje,bf,dcba,cigj,dh->hgfei
  dim_sizes:  24,48,12,56,32,64,8,84,8,72
  cont_path:  (1,2),(2,3),(0,1),(0,1)
  backend:    torch
  dtype:      FP32
*** benchmarking opt_einsum expression ***
  #flops :          6699220992
  #bytes :          49158528
  arith. intensity: 136.28
  time (eval):      0.013558
  time (compile):   0.000099
  gflops (eval):    494.13
  gflops (total):   490.56
CSV_DATA: opt_einsum,torch,"iaje,bf,dcba,cigj,dh->hgfei","24,48,12,56,32,64,8,84,8,72","(1,2),(2,3),(0,1),(0,1)",FP32,6699220992,136.27790059132772,9.870529174804688e-05,0.013557672500610352,494.12766031178353,490.55621438275057
*** input parameters ***
  einsum_str: iaje,bf,dcba,cigj,dh->hgfei
  dim_sizes:  24,48,12,56,32,64,8,84,8,72
  cont_path:  (1,2),(2,3),(0,1),(0,1)
  backend:    torch
  dtype:      FP32
*** benchmarking opt_einsum expression ***
  #flops :          6699220992
  #bytes :          49158528
  arith. intensity: 136.28
  time (eval):      0.013773
  time (compile):   0.000100
  gflops (eval):    486.40
  gflops (total):   482.91
CSV_DATA: opt_einsum,torch,"iaje,bf,dcba,cigj,dh->hgfei","24,48,12,56,32,64,8,84,8,72","(1,2),(2,3),(0,1),(0,1)",FP32,6699220992,136.27790059132772,9.965896606445312e-05,0.013772964477539062,486.4037079980191,482.9094525079842
*** input parameters ***
  einsum_str: iaje,bf,dcba,cigj,dh->hgfei
  dim_sizes:  24,48,12,56,32,64,8,84,8,72
  cont_path:  (1,2),(2,3),(0,1),(0,1)
  backend:    torch
  dtype:      FP32
*** benchmarking opt_einsum expression ***
  #flops :          6699220992
  #bytes :          49158528
  arith. intensity: 136.28
  time (eval):      0.013636
  time (compile):   0.000099
  gflops (eval):    491.29
  gflops (total):   487.74
CSV_DATA: opt_einsum,torch,"iaje,bf,dcba,cigj,dh->hgfei","24,48,12,56,32,64,8,84,8,72","(1,2),(2,3),(0,1),(0,1)",FP32,6699220992,136.27790059132772,9.918212890625e-05,0.013636112213134766,491.2852642520119,487.7377087941255
*** input parameters ***
  einsum_str: iaje,bf,dcba,cigj,dh->hgfei
  dim_sizes:  24,48,12,56,32,64,8,84,8,72
  cont_path:  (1,2),(2,3),(0,1),(0,1)
  backend:    torch
  dtype:      FP32
*** benchmarking opt_einsum expression ***
  #flops :          6699220992
  #bytes :          49158528
  arith. intensity: 136.28
  time (eval):      0.013548
  time (compile):   0.000100
  gflops (eval):    494.48
  gflops (total):   490.86
CSV_DATA: opt_einsum,torch,"iaje,bf,dcba,cigj,dh->hgfei","24,48,12,56,32,64,8,84,8,72","(1,2),(2,3),(0,1),(0,1)",FP32,6699220992,136.27790059132772,9.989738464355469e-05,0.013548135757446289,494.47548444574693,490.8561491794698
*** input parameters ***
  einsum_str: iaje,bf,dcba,cigj,dh->hgfei
  dim_sizes:  24,48,12,56,32,64,8,84,8,72
  cont_path:  (1,2),(2,3),(0,1),(0,1)
  backend:    torch
  dtype:      FP32
*** benchmarking opt_einsum expression ***
  #flops :          6699220992
  #bytes :          49158528
  arith. intensity: 136.28
  time (eval):      0.013762
  time (compile):   0.000100
  gflops (eval):    486.78
  gflops (total):   483.26
CSV_DATA: opt_einsum,torch,"iaje,bf,dcba,cigj,dh->hgfei","24,48,12,56,32,64,8,84,8,72","(1,2),(2,3),(0,1),(0,1)",FP32,6699220992,136.27790059132772,0.00010037422180175781,0.013762235641479492,486.7829011594957,483.2582795065625
*** input parameters ***
  einsum_str: iaje,bf,dcba,cigj,dh->hgfei
  dim_sizes:  24,48,12,56,32,64,8,84,8,72
  cont_path:  (1,2),(2,3),(0,1),(0,1)
  backend:    torch
  dtype:      FP32
*** benchmarking opt_einsum expression ***
  #flops :          6699220992
  #bytes :          49158528
  arith. intensity: 136.28
  time (eval):      0.013640
  time (compile):   0.000098
  gflops (eval):    491.15
  gflops (total):   487.63
CSV_DATA: opt_einsum,torch,"iaje,bf,dcba,cigj,dh->hgfei","24,48,12,56,32,64,8,84,8,72","(1,2),(2,3),(0,1),(0,1)",FP32,6699220992,136.27790059132772,9.846687316894531e-05,0.01363992691040039,491.14786582117756,487.6276730407922
*** input parameters ***
  einsum_str: iaje,bf,dcba,cigj,dh->hgfei
  dim_sizes:  24,48,12,56,32,64,8,84,8,72
  cont_path:  (1,2),(2,3),(0,1),(0,1)
  backend:    torch
  dtype:      FP32
*** benchmarking opt_einsum expression ***
  #flops :          6699220992
  #bytes :          49158528
  arith. intensity: 136.28
  time (eval):      0.013694
  time (compile):   0.000101
  gflops (eval):    489.20
  gflops (total):   485.61
CSV_DATA: opt_einsum,torch,"iaje,bf,dcba,cigj,dh->hgfei","24,48,12,56,32,64,8,84,8,72","(1,2),(2,3),(0,1),(0,1)",FP32,6699220992,136.27790059132772,0.0001010894775390625,0.013694286346435547,489.1982555734804,485.61351843402525
*** input parameters ***
  einsum_str: iaje,bf,dcba,cigj,dh->hgfei
  dim_sizes:  24,48,12,56,32,64,8,84,8,72
  cont_path:  (1,2),(2,3),(0,1),(0,1)
  backend:    torch
  dtype:      FP32
*** benchmarking opt_einsum expression ***
  #flops :          6699220992
  #bytes :          49158528
  arith. intensity: 136.28
  time (eval):      0.013565
  time (compile):   0.000100
  gflops (eval):    493.88
  gflops (total):   490.26
CSV_DATA: opt_einsum,torch,"iaje,bf,dcba,cigj,dh->hgfei","24,48,12,56,32,64,8,84,8,72","(1,2),(2,3),(0,1),(0,1)",FP32,6699220992,136.27790059132772,0.00010013580322265625,0.013564586639404297,493.8757936448407,490.25664590901994
*** input parameters ***
  einsum_str: iaje,bf,dcba,cigj,dh->hgfei
  dim_sizes:  24,48,12,56,32,64,8,84,8,72
  cont_path:  (1,2),(2,3),(0,1),(0,1)
  backend:    torch
  dtype:      FP32
*** benchmarking opt_einsum expression ***
  #flops :          6699220992
  #bytes :          49158528
  arith. intensity: 136.28
  time (eval):      0.013523
  time (compile):   0.000102
  gflops (eval):    495.40
  gflops (total):   491.71
CSV_DATA: opt_einsum,torch,"iaje,bf,dcba,cigj,dh->hgfei","24,48,12,56,32,64,8,84,8,72","(1,2),(2,3),(0,1),(0,1)",FP32,6699220992,136.27790059132772,0.00010156631469726562,0.013522863388061523,495.3995910299824,491.7065255688086
*** input parameters ***
  einsum_str: iaje,bf,dcba,cigj,dh->hgfei
  dim_sizes:  24,48,12,56,32,64,8,84,8,72
  cont_path:  (1,2),(2,3),(0,1),(0,1)
  backend:    torch
  dtype:      FP32
*** benchmarking opt_einsum expression ***
  #flops :          6699220992
  #bytes :          49158528
  arith. intensity: 136.28
  time (eval):      0.013398
  time (compile):   0.000100
  gflops (eval):    500.02
  gflops (total):   496.32
CSV_DATA: opt_einsum,torch,"iaje,bf,dcba,cigj,dh->hgfei","24,48,12,56,32,64,8,84,8,72","(1,2),(2,3),(0,1),(0,1)",FP32,6699220992,136.27790059132772,9.989738464355469e-05,0.013397932052612305,500.0190302274147,496.3183912747654
*** input parameters ***
  einsum_str: iaje,bf,dcba,cigj,dh->hgfei
  dim_sizes:  24,48,12,56,32,64,8,84,8,72
  cont_path:  (1,2),(2,3),(0,1),(0,1)
  backend:    torch
  dtype:      FP32
*** benchmarking opt_einsum expression ***
  #flops :          6699220992
  #bytes :          49158528
  arith. intensity: 136.28
  time (eval):      0.013652
  time (compile):   0.000097
  gflops (eval):    490.70
  gflops (total):   487.25
CSV_DATA: opt_einsum,torch,"iaje,bf,dcba,cigj,dh->hgfei","24,48,12,56,32,64,8,84,8,72","(1,2),(2,3),(0,1),(0,1)",FP32,6699220992,136.27790059132772,9.679794311523438e-05,0.013652324676513672,490.70185120375766,487.24716313431315
*** input parameters ***
  einsum_str: iaje,bf,dcba,cigj,dh->hgfei
  dim_sizes:  24,48,12,56,32,64,8,84,8,72
  cont_path:  (1,2),(2,3),(0,1),(0,1)
  backend:    torch
  dtype:      FP32
*** benchmarking opt_einsum expression ***
  #flops :          6699220992
  #bytes :          49158528
  arith. intensity: 136.28
  time (eval):      0.013571
  time (compile):   0.000096
  gflops (eval):    493.63
  gflops (total):   490.17
CSV_DATA: opt_einsum,torch,"iaje,bf,dcba,cigj,dh->hgfei","24,48,12,56,32,64,8,84,8,72","(1,2),(2,3),(0,1),(0,1)",FP32,6699220992,136.27790059132772,9.584426879882812e-05,0.01357126235961914,493.63285555021906,490.17112210644
*** input parameters ***
  einsum_str: iaje,bf,dcba,cigj,dh->hgfei
  dim_sizes:  24,48,12,56,32,64,8,84,8,72
  cont_path:  (1,2),(2,3),(0,1),(0,1)
  backend:    torch
  dtype:      FP32
*** benchmarking opt_einsum expression ***
  #flops :          6699220992
  #bytes :          49158528
  arith. intensity: 136.28
  time (eval):      0.013452
  time (compile):   0.000095
  gflops (eval):    498.02
  gflops (total):   494.51
CSV_DATA: opt_einsum,torch,"iaje,bf,dcba,cigj,dh->hgfei","24,48,12,56,32,64,8,84,8,72","(1,2),(2,3),(0,1),(0,1)",FP32,6699220992,136.27790059132772,9.5367431640625e-05,0.013451814651489258,498.0161536241748,494.5102937933083
*** input parameters ***
  einsum_str: iaje,bf,dcba,cigj,dh->hgfei
  dim_sizes:  24,48,12,56,32,64,8,84,8,72
  cont_path:  (1,2),(2,3),(0,1),(0,1)
  backend:    torch
  dtype:      FP32
*** benchmarking opt_einsum expression ***
  #flops :          6699220992
  #bytes :          49158528
  arith. intensity: 136.28
  time (eval):      0.013434
  time (compile):   0.000097
  gflops (eval):    498.67
  gflops (total):   495.09
CSV_DATA: opt_einsum,torch,"iaje,bf,dcba,cigj,dh->hgfei","24,48,12,56,32,64,8,84,8,72","(1,2),(2,3),(0,1),(0,1)",FP32,6699220992,136.27790059132772,9.703636169433594e-05,0.013434171676635742,498.6701936860804,495.09407977639586
*** input parameters ***
  einsum_str: iaje,bf,dcba,cigj,dh->hgfei
  dim_sizes:  24,48,12,56,32,64,8,84,8,72
  cont_path:  (1,2),(2,3),(0,1),(0,1)
  backend:    torch
  dtype:      FP32
*** benchmarking opt_einsum expression ***
  #flops :          6699220992
  #bytes :          49158528
  arith. intensity: 136.28
  time (eval):      0.013568
  time (compile):   0.000101
  gflops (eval):    493.75
  gflops (total):   490.10
CSV_DATA: opt_einsum,torch,"iaje,bf,dcba,cigj,dh->hgfei","24,48,12,56,32,64,8,84,8,72","(1,2),(2,3),(0,1),(0,1)",FP32,6699220992,136.27790059132772,0.00010085105895996094,0.01356816291809082,493.7456185072584,490.1027245452726
*** input parameters ***
  einsum_str: iaje,bf,dcba,cigj,dh->hgfei
  dim_sizes:  24,48,12,56,32,64,8,84,8,72
  cont_path:  (1,2),(2,3),(0,1),(0,1)
  backend:    torch
  dtype:      FP32
*** benchmarking opt_einsum expression ***
  #flops :          6699220992
  #bytes :          49158528
  arith. intensity: 136.28
  time (eval):      0.013662
  time (compile):   0.000100
  gflops (eval):    490.36
  gflops (total):   486.80
CSV_DATA: opt_einsum,torch,"iaje,bf,dcba,cigj,dh->hgfei","24,48,12,56,32,64,8,84,8,72","(1,2),(2,3),(0,1),(0,1)",FP32,6699220992,136.27790059132772,9.989738464355469e-05,0.013661861419677734,490.35931387437734,486.7997679116711
*** input parameters ***
  einsum_str: iaje,bf,dcba,cigj,dh->hgfei
  dim_sizes:  24,48,12,56,32,64,8,84,8,72
  cont_path:  (1,2),(2,3),(0,1),(0,1)
  backend:    torch
  dtype:      FP32
*** benchmarking opt_einsum expression ***
  #flops :          6699220992
  #bytes :          49158528
  arith. intensity: 136.28
  time (eval):      0.013572
  time (compile):   0.000094
  gflops (eval):    493.61
  gflops (total):   490.21
CSV_DATA: opt_einsum,torch,"iaje,bf,dcba,cigj,dh->hgfei","24,48,12,56,32,64,8,84,8,72","(1,2),(2,3),(0,1),(0,1)",FP32,6699220992,136.27790059132772,9.417533874511719e-05,0.013571977615356445,493.60684064347066,490.2053280465731
*** input parameters ***
  einsum_str: iaje,bf,dcba,cigj,dh->hgfei
  dim_sizes:  24,48,12,56,32,64,8,84,8,72
  cont_path:  (1,2),(2,3),(0,1),(0,1)
  backend:    torch
  dtype:      FP32
*** benchmarking opt_einsum expression ***
  #flops :          6699220992
  #bytes :          49158528
  arith. intensity: 136.28
  time (eval):      0.013861
  time (compile):   0.000101
  gflops (eval):    483.30
  gflops (total):   479.82
CSV_DATA: opt_einsum,torch,"iaje,bf,dcba,cigj,dh->hgfei","24,48,12,56,32,64,8,84,8,72","(1,2),(2,3),(0,1),(0,1)",FP32,6699220992,136.27790059132772,0.00010061264038085938,0.013861417770385742,483.29984010095757,479.8171035950474
*** input parameters ***
  einsum_str: iaje,bf,dcba,cigj,dh->hgfei
  dim_sizes:  24,48,12,56,32,64,8,84,8,72
  cont_path:  (1,2),(2,3),(0,1),(0,1)
  backend:    torch
  dtype:      FP32
*** benchmarking opt_einsum expression ***
  #flops :          6699220992
  #bytes :          49158528
  arith. intensity: 136.28
  time (eval):      0.013646
  time (compile):   0.000098
  gflops (eval):    490.92
  gflops (total):   487.41
CSV_DATA: opt_einsum,torch,"iaje,bf,dcba,cigj,dh->hgfei","24,48,12,56,32,64,8,84,8,72","(1,2),(2,3),(0,1),(0,1)",FP32,6699220992,136.27790059132772,9.822845458984375e-05,0.013646364212036133,490.91618015670934,487.4077504142235
*** input parameters ***
  einsum_str: iaje,bf,dcba,cigj,dh->hgfei
  dim_sizes:  24,48,12,56,32,64,8,84,8,72
  cont_path:  (1,2),(2,3),(0,1),(0,1)
  backend:    torch
  dtype:      FP32
*** benchmarking opt_einsum expression ***
  #flops :          6699220992
  #bytes :          49158528
  arith. intensity: 136.28
  time (eval):      0.013433
  time (compile):   0.000101
  gflops (eval):    498.70
  gflops (total):   494.96
CSV_DATA: opt_einsum,torch,"iaje,bf,dcba,cigj,dh->hgfei","24,48,12,56,32,64,8,84,8,72","(1,2),(2,3),(0,1),(0,1)",FP32,6699220992,136.27790059132772,0.00010132789611816406,0.013433456420898438,498.6967450594486,494.9632617032107
*** input parameters ***
  einsum_str: iaje,bf,dcba,cigj,dh->hgfei
  dim_sizes:  24,48,12,56,32,64,8,84,8,72
  cont_path:  (1,2),(2,3),(0,1),(0,1)
  backend:    torch
  dtype:      FP32
*** benchmarking opt_einsum expression ***
  #flops :          6699220992
  #bytes :          49158528
  arith. intensity: 136.28
  time (eval):      0.013528
  time (compile):   0.000099
  gflops (eval):    495.22
  gflops (total):   491.62
CSV_DATA: opt_einsum,torch,"iaje,bf,dcba,cigj,dh->hgfei","24,48,12,56,32,64,8,84,8,72","(1,2),(2,3),(0,1),(0,1)",FP32,6699220992,136.27790059132772,9.894371032714844e-05,0.013527870178222656,495.2162390488116,491.6204952082857
*** input parameters ***
  einsum_str: iaje,bf,dcba,cigj,dh->hgfei
  dim_sizes:  24,48,12,56,32,64,8,84,8,72
  cont_path:  (1,2),(2,3),(0,1),(0,1)
  backend:    torch
  dtype:      FP32
*** benchmarking opt_einsum expression ***
  #flops :          6699220992
  #bytes :          49158528
  arith. intensity: 136.28
  time (eval):      0.013606
  time (compile):   0.000105
  gflops (eval):    492.36
  gflops (total):   488.58
CSV_DATA: opt_einsum,torch,"iaje,bf,dcba,cigj,dh->hgfei","24,48,12,56,32,64,8,84,8,72","(1,2),(2,3),(0,1),(0,1)",FP32,6699220992,136.27790059132772,0.00010538101196289062,0.01360630989074707,492.36134159753226,488.5773052742879
*** input parameters ***
  einsum_str: iaje,bf,dcba,cigj,dh->hgfei
  dim_sizes:  24,48,12,56,32,64,8,84,8,72
  cont_path:  (1,2),(2,3),(0,1),(0,1)
  backend:    torch
  dtype:      FP32
*** benchmarking opt_einsum expression ***
  #flops :          6699220992
  #bytes :          49158528
  arith. intensity: 136.28
  time (eval):      0.013579
  time (compile):   0.000102
  gflops (eval):    493.35
  gflops (total):   489.66
CSV_DATA: opt_einsum,torch,"iaje,bf,dcba,cigj,dh->hgfei","24,48,12,56,32,64,8,84,8,72","(1,2),(2,3),(0,1),(0,1)",FP32,6699220992,136.27790059132772,0.00010228157043457031,0.013579130172729492,493.3468423076037,489.65860524936517
*** input parameters ***
  einsum_str: iaje,bf,dcba,cigj,dh->hgfei
  dim_sizes:  24,48,12,56,32,64,8,84,8,72
  cont_path:  (1,2),(2,3),(0,1),(0,1)
  backend:    torch
  dtype:      FP32
*** benchmarking opt_einsum expression ***
  #flops :          6699220992
  #bytes :          49158528
  arith. intensity: 136.28
  time (eval):      0.013558
  time (compile):   0.000099
  gflops (eval):    494.13
  gflops (total):   490.53
CSV_DATA: opt_einsum,torch,"iaje,bf,dcba,cigj,dh->hgfei","24,48,12,56,32,64,8,84,8,72","(1,2),(2,3),(0,1),(0,1)",FP32,6699220992,136.27790059132772,9.942054748535156e-05,0.013557672500610352,494.12766031178353,490.530522740644
*** input parameters ***
  einsum_str: iaje,bf,dcba,cigj,dh->hgfei
  dim_sizes:  24,48,12,56,32,64,8,84,8,72
  cont_path:  (1,2),(2,3),(0,1),(0,1)
  backend:    torch
  dtype:      FP32
*** benchmarking opt_einsum expression ***
  #flops :          6699220992
  #bytes :          49158528
  arith. intensity: 136.28
  time (eval):      0.013562
  time (compile):   0.000098
  gflops (eval):    493.97
  gflops (total):   490.41
CSV_DATA: opt_einsum,torch,"iaje,bf,dcba,cigj,dh->hgfei","24,48,12,56,32,64,8,84,8,72","(1,2),(2,3),(0,1),(0,1)",FP32,6699220992,136.27790059132772,9.846687316894531e-05,0.01356196403503418,493.9712990459288,490.41066398404024
*** input parameters ***
  einsum_str: iaje,bf,dcba,cigj,dh->hgfei
  dim_sizes:  24,48,12,56,32,64,8,84,8,72
  cont_path:  (1,2),(2,3),(0,1),(0,1)
  backend:    torch
  dtype:      FP32
*** benchmarking opt_einsum expression ***
  #flops :          6699220992
  #bytes :          49158528
  arith. intensity: 136.28
  time (eval):      0.013841
  time (compile):   0.000098
  gflops (eval):    484.02
  gflops (total):   480.61
CSV_DATA: opt_einsum,torch,"iaje,bf,dcba,cigj,dh->hgfei","24,48,12,56,32,64,8,84,8,72","(1,2),(2,3),(0,1),(0,1)",FP32,6699220992,136.27790059132772,9.799003601074219e-05,0.013840913772583008,484.0158028634105,480.61318766470936
*** input parameters ***
  einsum_str: iaje,bf,dcba,cigj,dh->hgfei
  dim_sizes:  24,48,12,56,32,64,8,84,8,72
  cont_path:  (1,2),(2,3),(0,1),(0,1)
  backend:    torch
  dtype:      FP32
*** benchmarking opt_einsum expression ***
  #flops :          6699220992
  #bytes :          49158528
  arith. intensity: 136.28
  time (eval):      0.013662
  time (compile):   0.000098
  gflops (eval):    490.35
  gflops (total):   486.86
CSV_DATA: opt_einsum,torch,"iaje,bf,dcba,cigj,dh->hgfei","24,48,12,56,32,64,8,84,8,72","(1,2),(2,3),(0,1),(0,1)",FP32,6699220992,136.27790059132772,9.799003601074219e-05,0.013662099838256836,490.350756568235,486.8588107500705
*** input parameters ***
  einsum_str: iaje,bf,dcba,cigj,dh->hgfei
  dim_sizes:  24,48,12,56,32,64,8,84,8,72
  cont_path:  (1,2),(2,3),(0,1),(0,1)
  backend:    torch
  dtype:      FP32
*** benchmarking opt_einsum expression ***
  #flops :          6699220992
  #bytes :          49158528
  arith. intensity: 136.28
  time (eval):      0.013494
  time (compile):   0.000096
  gflops (eval):    496.45
  gflops (total):   492.95
CSV_DATA: opt_einsum,torch,"iaje,bf,dcba,cigj,dh->hgfei","24,48,12,56,32,64,8,84,8,72","(1,2),(2,3),(0,1),(0,1)",FP32,6699220992,136.27790059132772,9.584426879882812e-05,0.013494253158569336,496.4499267412776,492.9487097354357
*** input parameters ***
  einsum_str: iaje,bf,dcba,cigj,dh->hgfei
  dim_sizes:  24,48,12,56,32,64,8,84,8,72
  cont_path:  (1,2),(2,3),(0,1),(0,1)
  backend:    torch
  dtype:      FP32
*** benchmarking opt_einsum expression ***
  #flops :          6699220992
  #bytes :          49158528
  arith. intensity: 136.28
  time (eval):      0.013442
  time (compile):   0.000101
  gflops (eval):    498.37
  gflops (total):   494.65
CSV_DATA: opt_einsum,torch,"iaje,bf,dcba,cigj,dh->hgfei","24,48,12,56,32,64,8,84,8,72","(1,2),(2,3),(0,1),(0,1)",FP32,6699220992,136.27790059132772,0.0001010894775390625,0.013442277908325195,498.3694755969133,494.64958020648834
*** input parameters ***
  einsum_str: iaje,bf,dcba,cigj,dh->hgfei
  dim_sizes:  24,48,12,56,32,64,8,84,8,72
  cont_path:  (1,2),(2,3),(0,1),(0,1)
  backend:    torch
  dtype:      FP32
*** benchmarking opt_einsum expression ***
  #flops :          6699220992
  #bytes :          49158528
  arith. intensity: 136.28
  time (eval):      0.013481
  time (compile):   0.000100
  gflops (eval):    496.94
  gflops (total):   493.27
CSV_DATA: opt_einsum,torch,"iaje,bf,dcba,cigj,dh->hgfei","24,48,12,56,32,64,8,84,8,72","(1,2),(2,3),(0,1),(0,1)",FP32,6699220992,136.27790059132772,0.00010037422180175781,0.013480901718139648,496.9416091050982,493.2688962086505
*** input parameters ***
  einsum_str: iaje,bf,dcba,cigj,dh->hgfei
  dim_sizes:  24,48,12,56,32,64,8,84,8,72
  cont_path:  (1,2),(2,3),(0,1),(0,1)
  backend:    torch
  dtype:      FP32
*** benchmarking opt_einsum expression ***
  #flops :          6699220992
  #bytes :          49158528
  arith. intensity: 136.28
  time (eval):      0.013570
  time (compile):   0.000099
  gflops (eval):    493.67
  gflops (total):   490.09
CSV_DATA: opt_einsum,torch,"iaje,bf,dcba,cigj,dh->hgfei","24,48,12,56,32,64,8,84,8,72","(1,2),(2,3),(0,1),(0,1)",FP32,6699220992,136.27790059132772,9.918212890625e-05,0.013570308685302734,493.6675463584379,490.08562813739786
*** input parameters ***
  einsum_str: iaje,bf,dcba,cigj,dh->hgfei
  dim_sizes:  24,48,12,56,32,64,8,84,8,72
  cont_path:  (1,2),(2,3),(0,1),(0,1)
  backend:    torch
  dtype:      FP32
*** benchmarking opt_einsum expression ***
  #flops :          6699220992
  #bytes :          49158528
  arith. intensity: 136.28
  time (eval):      0.013412
  time (compile):   0.000098
  gflops (eval):    499.51
  gflops (total):   495.90
CSV_DATA: opt_einsum,torch,"iaje,bf,dcba,cigj,dh->hgfei","24,48,12,56,32,64,8,84,8,72","(1,2),(2,3),(0,1),(0,1)",FP32,6699220992,136.27790059132772,9.775161743164062e-05,0.013411521911621094,499.5123622916442,495.8979457772329
*** input parameters ***
  einsum_str: iaje,bf,dcba,cigj,dh->hgfei
  dim_sizes:  24,48,12,56,32,64,8,84,8,72
  cont_path:  (1,2),(2,3),(0,1),(0,1)
  backend:    torch
  dtype:      FP32
*** benchmarking opt_einsum expression ***
  #flops :          6699220992
  #bytes :          49158528
  arith. intensity: 136.28
  time (eval):      0.013600
  time (compile):   0.000096
  gflops (eval):    492.59
  gflops (total):   489.13
CSV_DATA: opt_einsum,torch,"iaje,bf,dcba,cigj,dh->hgfei","24,48,12,56,32,64,8,84,8,72","(1,2),(2,3),(0,1),(0,1)",FP32,6699220992,136.27790059132772,9.608268737792969e-05,0.01360011100769043,492.5857581759299,489.1301292279631
*** input parameters ***
  einsum_str: iaje,bf,dcba,cigj,dh->hgfei
  dim_sizes:  24,48,12,56,32,64,8,84,8,72
  cont_path:  (1,2),(2,3),(0,1),(0,1)
  backend:    torch
  dtype:      FP32
*** benchmarking opt_einsum expression ***
  #flops :          6699220992
  #bytes :          49158528
  arith. intensity: 136.28
  time (eval):      0.013665
  time (compile):   0.000102
  gflops (eval):    490.26
  gflops (total):   486.63
CSV_DATA: opt_einsum,torch,"iaje,bf,dcba,cigj,dh->hgfei","24,48,12,56,32,64,8,84,8,72","(1,2),(2,3),(0,1),(0,1)",FP32,6699220992,136.27790059132772,0.00010180473327636719,0.013664722442626953,490.25664590901994,486.631152969806
*** input parameters ***
  einsum_str: iaje,bf,dcba,cigj,dh->hgfei
  dim_sizes:  24,48,12,56,32,64,8,84,8,72
  cont_path:  (1,2),(2,3),(0,1),(0,1)
  backend:    torch
  dtype:      FP32
*** benchmarking opt_einsum expression ***
  #flops :          6699220992
  #bytes :          49158528
  arith. intensity: 136.28
  time (eval):      0.013779
  time (compile):   0.000097
  gflops (eval):    486.19
  gflops (total):   482.80
CSV_DATA: opt_einsum,torch,"iaje,bf,dcba,cigj,dh->hgfei","24,48,12,56,32,64,8,84,8,72","(1,2),(2,3),(0,1),(0,1)",FP32,6699220992,136.27790059132772,9.679794311523438e-05,0.013778924942016602,486.193300289474,482.8015842820249
*** input parameters ***
  einsum_str: iaje,bf,dcba,cigj,dh->hgfei
  dim_sizes:  24,48,12,56,32,64,8,84,8,72
  cont_path:  (1,2),(2,3),(0,1),(0,1)
  backend:    torch
  dtype:      FP32
*** benchmarking opt_einsum expression ***
  #flops :          6699220992
  #bytes :          49158528
  arith. intensity: 136.28
  time (eval):      0.013605
  time (compile):   0.000098
  gflops (eval):    492.41
  gflops (total):   488.91
CSV_DATA: opt_einsum,torch,"iaje,bf,dcba,cigj,dh->hgfei","24,48,12,56,32,64,8,84,8,72","(1,2),(2,3),(0,1),(0,1)",FP32,6699220992,136.27790059132772,9.751319885253906e-05,0.013604879379272461,492.41311188738007,488.90884958987976
*** input parameters ***
  einsum_str: iaje,bf,dcba,cigj,dh->hgfei
  dim_sizes:  24,48,12,56,32,64,8,84,8,72
  cont_path:  (1,2),(2,3),(0,1),(0,1)
  backend:    torch
  dtype:      FP32
*** benchmarking opt_einsum expression ***
  #flops :          6699220992
  #bytes :          49158528
  arith. intensity: 136.28
  time (eval):      0.013681
  time (compile):   0.000097
  gflops (eval):    489.68
  gflops (total):   486.23
CSV_DATA: opt_einsum,torch,"iaje,bf,dcba,cigj,dh->hgfei","24,48,12,56,32,64,8,84,8,72","(1,2),(2,3),(0,1),(0,1)",FP32,6699220992,136.27790059132772,9.72747802734375e-05,0.013680696487426758,489.6842056365272,486.22695328919986
*** input parameters ***
  einsum_str: iaje,bf,dcba,cigj,dh->hgfei
  dim_sizes:  24,48,12,56,32,64,8,84,8,72
  cont_path:  (1,2),(2,3),(0,1),(0,1)
  backend:    torch
  dtype:      FP32
*** benchmarking opt_einsum expression ***
  #flops :          6699220992
  #bytes :          49158528
  arith. intensity: 136.28
  time (eval):      0.013706
  time (compile):   0.000104
  gflops (eval):    488.79
  gflops (total):   485.11
CSV_DATA: opt_einsum,torch,"iaje,bf,dcba,cigj,dh->hgfei","24,48,12,56,32,64,8,84,8,72","(1,2),(2,3),(0,1),(0,1)",FP32,6699220992,136.27790059132772,0.00010395050048828125,0.013705730438232422,488.7897819230694,485.1104831260932
*** input parameters ***
  einsum_str: iaje,bf,dcba,cigj,dh->hgfei
  dim_sizes:  24,48,12,56,32,64,8,84,8,72
  cont_path:  (1,2),(2,3),(0,1),(0,1)
  backend:    torch
  dtype:      FP32
*** benchmarking opt_einsum expression ***
  #flops :          6699220992
  #bytes :          49158528
  arith. intensity: 136.28
  time (eval):      0.013587
  time (compile):   0.000099
  gflops (eval):    493.08
  gflops (total):   489.52
CSV_DATA: opt_einsum,torch,"iaje,bf,dcba,cigj,dh->hgfei","24,48,12,56,32,64,8,84,8,72","(1,2),(2,3),(0,1),(0,1)",FP32,6699220992,136.27790059132772,9.870529174804688e-05,0.01358652114868164,493.07846494980464,489.5221150458113
*** input parameters ***
  einsum_str: iaje,bf,dcba,cigj,dh->hgfei
  dim_sizes:  24,48,12,56,32,64,8,84,8,72
  cont_path:  (1,2),(2,3),(0,1),(0,1)
  backend:    torch
  dtype:      FP32
*** benchmarking opt_einsum expression ***
  #flops :          6699220992
  #bytes :          49158528
  arith. intensity: 136.28
  time (eval):      0.013675
  time (compile):   0.000098
  gflops (eval):    489.87
  gflops (total):   486.37
CSV_DATA: opt_einsum,torch,"iaje,bf,dcba,cigj,dh->hgfei","24,48,12,56,32,64,8,84,8,72","(1,2),(2,3),(0,1),(0,1)",FP32,6699220992,136.27790059132772,9.846687316894531e-05,0.013675451278686523,489.87202363412143,486.3700305274107
*** input parameters ***
  einsum_str: iaje,bf,dcba,cigj,dh->hgfei
  dim_sizes:  24,48,12,56,32,64,8,84,8,72
  cont_path:  (1,2),(2,3),(0,1),(0,1)
  backend:    torch
  dtype:      FP32
*** benchmarking opt_einsum expression ***
  #flops :          6699220992
  #bytes :          49158528
  arith. intensity: 136.28
  time (eval):      0.013482
  time (compile):   0.000098
  gflops (eval):    496.91
  gflops (total):   493.33
CSV_DATA: opt_einsum,torch,"iaje,bf,dcba,cigj,dh->hgfei","24,48,12,56,32,64,8,84,8,72","(1,2),(2,3),(0,1),(0,1)",FP32,6699220992,136.27790059132772,9.775161743164062e-05,0.013481855392456055,496.9064566401325,493.3295188234909
*** input parameters ***
  einsum_str: iaje,bf,dcba,cigj,dh->hgfei
  dim_sizes:  24,48,12,56,32,64,8,84,8,72
  cont_path:  (1,2),(2,3),(0,1),(0,1)
  backend:    torch
  dtype:      FP32
*** benchmarking opt_einsum expression ***
  #flops :          6699220992
  #bytes :          49158528
  arith. intensity: 136.28
  time (eval):      0.013641
  time (compile):   0.000100
  gflops (eval):    491.12
  gflops (total):   487.53
CSV_DATA: opt_einsum,torch,"iaje,bf,dcba,cigj,dh->hgfei","24,48,12,56,32,64,8,84,8,72","(1,2),(2,3),(0,1),(0,1)",FP32,6699220992,136.27790059132772,0.00010037422180175781,0.013640642166137695,491.1221121708278,487.53460463666534
*** input parameters ***
  einsum_str: iaje,bf,dcba,cigj,dh->hgfei
  dim_sizes:  24,48,12,56,32,64,8,84,8,72
  cont_path:  (1,2),(2,3),(0,1),(0,1)
  backend:    torch
  dtype:      FP32
*** benchmarking opt_einsum expression ***
  #flops :          6699220992
  #bytes :          49158528
  arith. intensity: 136.28
  time (eval):      0.013696
  time (compile):   0.000098
  gflops (eval):    489.15
  gflops (total):   485.67
CSV_DATA: opt_einsum,torch,"iaje,bf,dcba,cigj,dh->hgfei","24,48,12,56,32,64,8,84,8,72","(1,2),(2,3),(0,1),(0,1)",FP32,6699220992,136.27790059132772,9.799003601074219e-05,0.013695716857910156,489.14715903540093,485.6722738506537
*** input parameters ***
  einsum_str: iaje,bf,dcba,cigj,dh->hgfei
  dim_sizes:  24,48,12,56,32,64,8,84,8,72
  cont_path:  (1,2),(2,3),(0,1),(0,1)
  backend:    torch
  dtype:      FP32
*** benchmarking opt_einsum expression ***
  #flops :          6699220992
  #bytes :          49158528
  arith. intensity: 136.28
  time (eval):      0.013446
  time (compile):   0.000100
  gflops (eval):    498.24
  gflops (total):   494.55
CSV_DATA: opt_einsum,torch,"iaje,bf,dcba,cigj,dh->hgfei","24,48,12,56,32,64,8,84,8,72","(1,2),(2,3),(0,1),(0,1)",FP32,6699220992,136.27790059132772,0.00010013580322265625,0.013445854187011719,498.2369211225897,494.5538123702754
*** input parameters ***
  einsum_str: iaje,bf,dcba,cigj,dh->hgfei
  dim_sizes:  24,48,12,56,32,64,8,84,8,72
  cont_path:  (1,2),(2,3),(0,1),(0,1)
  backend:    torch
  dtype:      FP32
*** benchmarking opt_einsum expression ***
  #flops :          6699220992
  #bytes :          49158528
  arith. intensity: 136.28
  time (eval):      0.013543
  time (compile):   0.000098
  gflops (eval):    494.65
  gflops (total):   491.10
CSV_DATA: opt_einsum,torch,"iaje,bf,dcba,cigj,dh->hgfei","24,48,12,56,32,64,8,84,8,72","(1,2),(2,3),(0,1),(0,1)",FP32,6699220992,136.27790059132772,9.799003601074219e-05,0.013543367385864258,494.64958020648834,491.0963612211544
*** input parameters ***
  einsum_str: iaje,bf,dcba,cigj,dh->hgfei
  dim_sizes:  24,48,12,56,32,64,8,84,8,72
  cont_path:  (1,2),(2,3),(0,1),(0,1)
  backend:    torch
  dtype:      FP32
*** benchmarking opt_einsum expression ***
  #flops :          6699220992
  #bytes :          49158528
  arith. intensity: 136.28
  time (eval):      0.013786
  time (compile):   0.000101
  gflops (eval):    485.94
  gflops (total):   482.42
CSV_DATA: opt_einsum,torch,"iaje,bf,dcba,cigj,dh->hgfei","24,48,12,56,32,64,8,84,8,72","(1,2),(2,3),(0,1),(0,1)",FP32,6699220992,136.27790059132772,0.00010061264038085938,0.013786077499389648,485.94105120159054,482.42028334843457
*** input parameters ***
  einsum_str: iaje,bf,dcba,cigj,dh->hgfei
  dim_sizes:  24,48,12,56,32,64,8,84,8,72
  cont_path:  (1,2),(2,3),(0,1),(0,1)
  backend:    torch
  dtype:      FP32
*** benchmarking opt_einsum expression ***
  #flops :          6699220992
  #bytes :          49158528
  arith. intensity: 136.28
  time (eval):      0.013674
  time (compile):   0.000100
  gflops (eval):    489.91
  gflops (total):   486.37
CSV_DATA: opt_einsum,torch,"iaje,bf,dcba,cigj,dh->hgfei","24,48,12,56,32,64,8,84,8,72","(1,2),(2,3),(0,1),(0,1)",FP32,6699220992,136.27790059132772,9.965896606445312e-05,0.013674259185791016,489.91472963750687,486.3700305274107
*** input parameters ***
  einsum_str: iaje,bf,dcba,cigj,dh->hgfei
  dim_sizes:  24,48,12,56,32,64,8,84,8,72
  cont_path:  (1,2),(2,3),(0,1),(0,1)
  backend:    torch
  dtype:      FP32
*** benchmarking opt_einsum expression ***
  #flops :          6699220992
  #bytes :          49158528
  arith. intensity: 136.28
  time (eval):      0.013606
  time (compile):   0.000098
  gflops (eval):    492.39
  gflops (total):   488.86
CSV_DATA: opt_einsum,torch,"iaje,bf,dcba,cigj,dh->hgfei","24,48,12,56,32,64,8,84,8,72","(1,2),(2,3),(0,1),(0,1)",FP32,6699220992,136.27790059132772,9.822845458984375e-05,0.013605594635009766,492.3872253816558,488.8578134874138
*** input parameters ***
  einsum_str: iaje,bf,dcba,cigj,dh->hgfei
  dim_sizes:  24,48,12,56,32,64,8,84,8,72
  cont_path:  (1,2),(2,3),(0,1),(0,1)
  backend:    torch
  dtype:      FP32
*** benchmarking opt_einsum expression ***
  #flops :          6699220992
  #bytes :          49158528
  arith. intensity: 136.28
  time (eval):      0.013522
  time (compile):   0.000099
  gflops (eval):    495.43
  gflops (total):   491.82
CSV_DATA: opt_einsum,torch,"iaje,bf,dcba,cigj,dh->hgfei","24,48,12,56,32,64,8,84,8,72","(1,2),(2,3),(0,1),(0,1)",FP32,6699220992,136.27790059132772,9.942054748535156e-05,0.013521909713745117,495.43453061147085,491.8184100614292
*** input parameters ***
  einsum_str: iaje,bf,dcba,cigj,dh->hgfei
  dim_sizes:  24,48,12,56,32,64,8,84,8,72
  cont_path:  (1,2),(2,3),(0,1),(0,1)
  backend:    torch
  dtype:      FP32
*** benchmarking opt_einsum expression ***
  #flops :          6699220992
  #bytes :          49158528
  arith. intensity: 136.28
  time (eval):      0.013696
  time (compile):   0.000099
  gflops (eval):    489.15
  gflops (total):   485.64
CSV_DATA: opt_einsum,torch,"iaje,bf,dcba,cigj,dh->hgfei","24,48,12,56,32,64,8,84,8,72","(1,2),(2,3),(0,1),(0,1)",FP32,6699220992,136.27790059132772,9.894371032714844e-05,0.013695716857910156,489.14715903540093,485.63869758602067
*** input parameters ***
  einsum_str: iaje,bf,dcba,cigj,dh->hgfei
  dim_sizes:  24,48,12,56,32,64,8,84,8,72
  cont_path:  (1,2),(2,3),(0,1),(0,1)
  backend:    torch
  dtype:      FP32
*** benchmarking opt_einsum expression ***
  #flops :          6699220992
  #bytes :          49158528
  arith. intensity: 136.28
  time (eval):      0.013365
  time (compile):   0.000101
  gflops (eval):    501.27
  gflops (total):   497.52
CSV_DATA: opt_einsum,torch,"iaje,bf,dcba,cigj,dh->hgfei","24,48,12,56,32,64,8,84,8,72","(1,2),(2,3),(0,1),(0,1)",FP32,6699220992,136.27790059132772,0.00010061264038085938,0.013364553451538086,501.2678512823044,497.5223436731691
*** input parameters ***
  einsum_str: iaje,bf,dcba,cigj,dh->hgfei
  dim_sizes:  24,48,12,56,32,64,8,84,8,72
  cont_path:  (1,2),(2,3),(0,1),(0,1)
  backend:    torch
  dtype:      FP32
*** benchmarking opt_einsum expression ***
  #flops :          6699220992
  #bytes :          49158528
  arith. intensity: 136.28
  time (eval):      0.013402
  time (compile):   0.000099
  gflops (eval):    499.86
  gflops (total):   496.20
CSV_DATA: opt_einsum,torch,"iaje,bf,dcba,cigj,dh->hgfei","24,48,12,56,32,64,8,84,8,72","(1,2),(2,3),(0,1),(0,1)",FP32,6699220992,136.27790059132772,9.894371032714844e-05,0.013402223587036133,499.8589188200162,496.19568770978265
*** input parameters ***
  einsum_str: iaje,bf,dcba,cigj,dh->hgfei
  dim_sizes:  24,48,12,56,32,64,8,84,8,72
  cont_path:  (1,2),(2,3),(0,1),(0,1)
  backend:    torch
  dtype:      FP32
*** benchmarking opt_einsum expression ***
  #flops :          6699220992
  #bytes :          49158528
  arith. intensity: 136.28
  time (eval):      0.013528
  time (compile):   0.000097
  gflops (eval):    495.21
  gflops (total):   491.70
CSV_DATA: opt_einsum,torch,"iaje,bf,dcba,cigj,dh->hgfei","24,48,12,56,32,64,8,84,8,72","(1,2),(2,3),(0,1),(0,1)",FP32,6699220992,136.27790059132772,9.655952453613281e-05,0.013528108596801758,495.20751138734903,491.6979211778527
*** input parameters ***
  einsum_str: iaje,bf,dcba,cigj,dh->hgfei
  dim_sizes:  24,48,12,56,32,64,8,84,8,72
  cont_path:  (1,2),(2,3),(0,1),(0,1)
  backend:    torch
  dtype:      FP32
*** benchmarking opt_einsum expression ***
  #flops :          6699220992
  #bytes :          49158528
  arith. intensity: 136.28
  time (eval):      0.013450
  time (compile):   0.000101
  gflops (eval):    498.10
  gflops (total):   494.37
CSV_DATA: opt_einsum,torch,"iaje,bf,dcba,cigj,dh->hgfei","24,48,12,56,32,64,8,84,8,72","(1,2),(2,3),(0,1),(0,1)",FP32,6699220992,136.27790059132772,0.00010132789611816406,0.013449668884277344,498.0956073819324,494.3710858002634
*** input parameters ***
  einsum_str: iaje,bf,dcba,cigj,dh->hgfei
  dim_sizes:  24,48,12,56,32,64,8,84,8,72
  cont_path:  (1,2),(2,3),(0,1),(0,1)
  backend:    torch
  dtype:      FP32
*** benchmarking opt_einsum expression ***
  #flops :          6699220992
  #bytes :          49158528
  arith. intensity: 136.28
  time (eval):      0.013622
  time (compile):   0.000100
  gflops (eval):    491.80
  gflops (total):   488.23
CSV_DATA: opt_einsum,torch,"iaje,bf,dcba,cigj,dh->hgfei","24,48,12,56,32,64,8,84,8,72","(1,2),(2,3),(0,1),(0,1)",FP32,6699220992,136.27790059132772,9.965896606445312e-05,0.013621807098388672,491.8011937485485,488.229243182332
*** input parameters ***
  einsum_str: iaje,bf,dcba,cigj,dh->hgfei
  dim_sizes:  24,48,12,56,32,64,8,84,8,72
  cont_path:  (1,2),(2,3),(0,1),(0,1)
  backend:    torch
  dtype:      FP32
*** benchmarking opt_einsum expression ***
  #flops :          6699220992
  #bytes :          49158528
  arith. intensity: 136.28
  time (eval):      0.013631
  time (compile):   0.000098
  gflops (eval):    491.46
  gflops (total):   487.93
CSV_DATA: opt_einsum,torch,"iaje,bf,dcba,cigj,dh->hgfei","24,48,12,56,32,64,8,84,8,72","(1,2),(2,3),(0,1),(0,1)",FP32,6699220992,136.27790059132772,9.846687316894531e-05,0.013631343841552734,491.45712043288154,487.93250913625593
*** input parameters ***
  einsum_str: iaje,bf,dcba,cigj,dh->hgfei
  dim_sizes:  24,48,12,56,32,64,8,84,8,72
  cont_path:  (1,2),(2,3),(0,1),(0,1)
  backend:    torch
  dtype:      FP32
*** benchmarking opt_einsum expression ***
  #flops :          6699220992
  #bytes :          49158528
  arith. intensity: 136.28
  time (eval):      0.013534
  time (compile):   0.000102
  gflops (eval):    495.01
  gflops (total):   491.31
CSV_DATA: opt_einsum,torch,"iaje,bf,dcba,cigj,dh->hgfei","24,48,12,56,32,64,8,84,8,72","(1,2),(2,3),(0,1),(0,1)",FP32,6699220992,136.27790059132772,0.00010180473327636719,0.013533592224121094,495.00686004561993,491.3110350165161
*** input parameters ***
  einsum_str: iaje,bf,dcba,cigj,dh->hgfei
  dim_sizes:  24,48,12,56,32,64,8,84,8,72
  cont_path:  (1,2),(2,3),(0,1),(0,1)
  backend:    torch
  dtype:      FP32
*** benchmarking opt_einsum expression ***
  #flops :          6699220992
  #bytes :          49158528
  arith. intensity: 136.28
  time (eval):      0.013669
  time (compile):   0.000099
  gflops (eval):    490.12
  gflops (total):   486.60
CSV_DATA: opt_einsum,torch,"iaje,bf,dcba,cigj,dh->hgfei","24,48,12,56,32,64,8,84,8,72","(1,2),(2,3),(0,1),(0,1)",FP32,6699220992,136.27790059132772,9.894371032714844e-05,0.013668537139892578,490.11982214598936,486.5974439973949
*** input parameters ***
  einsum_str: iaje,bf,dcba,cigj,dh->hgfei
  dim_sizes:  24,48,12,56,32,64,8,84,8,72
  cont_path:  (1,2),(2,3),(0,1),(0,1)
  backend:    torch
  dtype:      FP32
*** benchmarking opt_einsum expression ***
  #flops :          6699220992
  #bytes :          49158528
  arith. intensity: 136.28
  time (eval):      0.013578
  time (compile):   0.000098
  gflops (eval):    493.39
  gflops (total):   489.84
CSV_DATA: opt_einsum,torch,"iaje,bf,dcba,cigj,dh->hgfei","24,48,12,56,32,64,8,84,8,72","(1,2),(2,3),(0,1),(0,1)",FP32,6699220992,136.27790059132772,9.846687316894531e-05,0.013577938079833984,493.3901563411689,489.8378641917189
*** input parameters ***
  einsum_str: iaje,bf,dcba,cigj,dh->hgfei
  dim_sizes:  24,48,12,56,32,64,8,84,8,72
  cont_path:  (1,2),(2,3),(0,1),(0,1)
  backend:    torch
  dtype:      FP32
*** benchmarking opt_einsum expression ***
  #flops :          6699220992
  #bytes :          49158528
  arith. intensity: 136.28
  time (eval):      0.013675
  time (compile):   0.000104
  gflops (eval):    489.87
  gflops (total):   486.16
CSV_DATA: opt_einsum,torch,"iaje,bf,dcba,cigj,dh->hgfei","24,48,12,56,32,64,8,84,8,72","(1,2),(2,3),(0,1),(0,1)",FP32,6699220992,136.27790059132772,0.00010442733764648438,0.013675451278686523,489.87202363412143,486.1596519478445
