running bench_gemm!
  M:     2048
  N:     2048
  K:     2048
  LDA:   2048
  LDB:   2048
  LDC:   2048
  BENCH: sgemm
  TIME:  10

*** running SGEMM ***
  max error: 3.05176e-05
  #repetitions: 3898
  time: 10.3697
  gflops: 6457.99
CSV_DATA: sgemm,2048,2048,2048,2048,2048,2048,66967130079232,10.3697,6457.99

finished running bench_gemm!
running bench_gemm!
  M:     2048
  N:     2048
  K:     2048
  LDA:   2048
  LDB:   2048
  LDC:   2048
  BENCH: sgemm
  TIME:  10

*** running SGEMM ***
  max error: 3.05176e-05
  #repetitions: 3459
  time: 9.25764
  gflops: 6419.04
CSV_DATA: sgemm,2048,2048,2048,2048,2048,2048,59425167507456,9.25764,6419.04

finished running bench_gemm!
running bench_gemm!
  M:     2048
  N:     2048
  K:     2048
  LDA:   2048
  LDB:   2048
  LDC:   2048
  BENCH: sgemm
  TIME:  10

*** running SGEMM ***
  max error: 3.05176e-05
  #repetitions: 3904
  time: 10.3922
  gflops: 6453.87
CSV_DATA: sgemm,2048,2048,2048,2048,2048,2048,67070209294336,10.3922,6453.87

finished running bench_gemm!
running bench_gemm!
  M:     2048
  N:     2048
  K:     2048
  LDA:   2048
  LDB:   2048
  LDC:   2048
  BENCH: sgemm
  TIME:  10

*** running SGEMM ***
  max error: 3.05176e-05
  #repetitions: 3438
  time: 9.10159
  gflops: 6489.46
CSV_DATA: sgemm,2048,2048,2048,2048,2048,2048,59064390254592,9.10159,6489.46

finished running bench_gemm!
running bench_gemm!
  M:     2048
  N:     2048
  K:     2048
  LDA:   2048
  LDB:   2048
  LDC:   2048
  BENCH: sgemm
  TIME:  10

*** running SGEMM ***
  max error: 3.05176e-05
  #repetitions: 3928
  time: 10.3437
  gflops: 6524.02
CSV_DATA: sgemm,2048,2048,2048,2048,2048,2048,67482526154752,10.3437,6524.02

finished running bench_gemm!
running bench_gemm!
  M:     2048
  N:     2048
  K:     2048
  LDA:   2048
  LDB:   2048
  LDC:   2048
  BENCH: sgemm
  TIME:  10

*** running SGEMM ***
  max error: 3.05176e-05
  #repetitions: 3432
  time: 9.0433
  gflops: 6519.89
CSV_DATA: sgemm,2048,2048,2048,2048,2048,2048,58961311039488,9.0433,6519.89

finished running bench_gemm!
running bench_gemm!
  M:     2048
  N:     2048
  K:     2048
  LDA:   2048
  LDB:   2048
  LDC:   2048
  BENCH: sgemm
  TIME:  10

*** running SGEMM ***
  max error: 3.05176e-05
  #repetitions: 3578
  time: 9.45416
  gflops: 6501.85
CSV_DATA: sgemm,2048,2048,2048,2048,2048,2048,61469571940352,9.45416,6501.85

finished running bench_gemm!
running bench_gemm!
  M:     2048
  N:     2048
  K:     2048
  LDA:   2048
  LDB:   2048
  LDC:   2048
  BENCH: sgemm
  TIME:  10

*** running SGEMM ***
  max error: 3.05176e-05
  #repetitions: 3912
  time: 10.3113
  gflops: 6517.86
CSV_DATA: sgemm,2048,2048,2048,2048,2048,2048,67207648247808,10.3113,6517.86

finished running bench_gemm!
running bench_gemm!
  M:     2048
  N:     2048
  K:     2048
  LDA:   2048
  LDB:   2048
  LDC:   2048
  BENCH: sgemm
  TIME:  10

*** running SGEMM ***
  max error: 3.05176e-05
  #repetitions: 3389
  time: 8.9864
  gflops: 6478.96
CSV_DATA: sgemm,2048,2048,2048,2048,2048,2048,58222576664576,8.9864,6478.96

finished running bench_gemm!
running bench_gemm!
  M:     2048
  N:     2048
  K:     2048
  LDA:   2048
  LDB:   2048
  LDC:   2048
  BENCH: sgemm
  TIME:  10

*** running SGEMM ***
  max error: 3.05176e-05
  #repetitions: 3468
  time: 9.14759
  gflops: 6513.16
CSV_DATA: sgemm,2048,2048,2048,2048,2048,2048,59579786330112,9.14759,6513.16

finished running bench_gemm!
running bench_gemm!
  M:     2048
  N:     2048
  K:     2048
  LDA:   2048
  LDB:   2048
  LDC:   2048
  BENCH: sgemm
  TIME:  10

*** running SGEMM ***
  max error: 3.05176e-05
  #repetitions: 3826
  time: 10.1321
  gflops: 6487.3
CSV_DATA: sgemm,2048,2048,2048,2048,2048,2048,65730179497984,10.1321,6487.3

finished running bench_gemm!
running bench_gemm!
  M:     2048
  N:     2048
  K:     2048
  LDA:   2048
  LDB:   2048
  LDC:   2048
  BENCH: sgemm
  TIME:  10

*** running SGEMM ***
  max error: 3.05176e-05
  #repetitions: 3471
  time: 9.15815
  gflops: 6511.29
CSV_DATA: sgemm,2048,2048,2048,2048,2048,2048,59631325937664,9.15815,6511.29

finished running bench_gemm!
running bench_gemm!
  M:     2048
  N:     2048
  K:     2048
  LDA:   2048
  LDB:   2048
  LDC:   2048
  BENCH: sgemm
  TIME:  10

*** running SGEMM ***
  max error: 3.05176e-05
  #repetitions: 3902
  time: 10.333
  gflops: 6487.53
CSV_DATA: sgemm,2048,2048,2048,2048,2048,2048,67035849555968,10.333,6487.53

finished running bench_gemm!
running bench_gemm!
  M:     2048
  N:     2048
  K:     2048
  LDA:   2048
  LDB:   2048
  LDC:   2048
  BENCH: sgemm
  TIME:  10

*** running SGEMM ***
  max error: 3.05176e-05
  #repetitions: 3913
  time: 10.3131
  gflops: 6518.39
CSV_DATA: sgemm,2048,2048,2048,2048,2048,2048,67224828116992,10.3131,6518.39

finished running bench_gemm!
running bench_gemm!
  M:     2048
  N:     2048
  K:     2048
  LDA:   2048
  LDB:   2048
  LDC:   2048
  BENCH: sgemm
  TIME:  10

*** running SGEMM ***
  max error: 3.05176e-05
  #repetitions: 3915
  time: 10.3126
  gflops: 6522.02
CSV_DATA: sgemm,2048,2048,2048,2048,2048,2048,67259187855360,10.3126,6522.02

finished running bench_gemm!
running bench_gemm!
  M:     2048
  N:     2048
  K:     2048
  LDA:   2048
  LDB:   2048
  LDC:   2048
  BENCH: sgemm
  TIME:  10

*** running SGEMM ***
  max error: 3.05176e-05
  #repetitions: 3906
  time: 10.3202
  gflops: 6502.24
CSV_DATA: sgemm,2048,2048,2048,2048,2048,2048,67104569032704,10.3202,6502.24

finished running bench_gemm!
running bench_gemm!
  M:     2048
  N:     2048
  K:     2048
  LDA:   2048
  LDB:   2048
  LDC:   2048
  BENCH: sgemm
  TIME:  10

*** running SGEMM ***
  max error: 3.05176e-05
  #repetitions: 3915
  time: 10.3541
  gflops: 6495.92
CSV_DATA: sgemm,2048,2048,2048,2048,2048,2048,67259187855360,10.3541,6495.92

finished running bench_gemm!
running bench_gemm!
  M:     2048
  N:     2048
  K:     2048
  LDA:   2048
  LDB:   2048
  LDC:   2048
  BENCH: sgemm
  TIME:  10

*** running SGEMM ***
  max error: 3.05176e-05
  #repetitions: 3898
  time: 10.2898
  gflops: 6508.08
CSV_DATA: sgemm,2048,2048,2048,2048,2048,2048,66967130079232,10.2898,6508.08

finished running bench_gemm!
running bench_gemm!
  M:     2048
  N:     2048
  K:     2048
  LDA:   2048
  LDB:   2048
  LDC:   2048
  BENCH: sgemm
  TIME:  10

*** running SGEMM ***
  max error: 3.05176e-05
  #repetitions: 3588
  time: 9.44753
  gflops: 6524.6
CSV_DATA: sgemm,2048,2048,2048,2048,2048,2048,61641370632192,9.44753,6524.6

finished running bench_gemm!
running bench_gemm!
  M:     2048
  N:     2048
  K:     2048
  LDA:   2048
  LDB:   2048
  LDC:   2048
  BENCH: sgemm
  TIME:  10

*** running SGEMM ***
  max error: 3.05176e-05
  #repetitions: 3917
  time: 10.3187
  gflops: 6521.54
CSV_DATA: sgemm,2048,2048,2048,2048,2048,2048,67293547593728,10.3187,6521.54

finished running bench_gemm!
running bench_gemm!
  M:     2048
  N:     2048
  K:     2048
  LDA:   2048
  LDB:   2048
  LDC:   2048
  BENCH: sgemm
  TIME:  10

*** running SGEMM ***
  max error: 3.05176e-05
  #repetitions: 3909
  time: 10.3163
  gflops: 6509.68
CSV_DATA: sgemm,2048,2048,2048,2048,2048,2048,67156108640256,10.3163,6509.68

finished running bench_gemm!
running bench_gemm!
  M:     2048
  N:     2048
  K:     2048
  LDA:   2048
  LDB:   2048
  LDC:   2048
  BENCH: sgemm
  TIME:  10

*** running SGEMM ***
  max error: 3.05176e-05
  #repetitions: 3911
  time: 10.3241
  gflops: 6508.13
CSV_DATA: sgemm,2048,2048,2048,2048,2048,2048,67190468378624,10.3241,6508.13

finished running bench_gemm!
running bench_gemm!
  M:     2048
  N:     2048
  K:     2048
  LDA:   2048
  LDB:   2048
  LDC:   2048
  BENCH: sgemm
  TIME:  10

*** running SGEMM ***
  max error: 3.05176e-05
  #repetitions: 3454
  time: 9.32975
  gflops: 6360.22
CSV_DATA: sgemm,2048,2048,2048,2048,2048,2048,59339268161536,9.32975,6360.22

finished running bench_gemm!
running bench_gemm!
  M:     2048
  N:     2048
  K:     2048
  LDA:   2048
  LDB:   2048
  LDC:   2048
  BENCH: sgemm
  TIME:  10

*** running SGEMM ***
  max error: 3.05176e-05
  #repetitions: 3890
  time: 10.2504
  gflops: 6519.73
CSV_DATA: sgemm,2048,2048,2048,2048,2048,2048,66829691125760,10.2504,6519.73

finished running bench_gemm!
running bench_gemm!
  M:     2048
  N:     2048
  K:     2048
  LDA:   2048
  LDB:   2048
  LDC:   2048
  BENCH: sgemm
  TIME:  10

*** running SGEMM ***
  max error: 3.05176e-05
  #repetitions: 3905
  time: 10.3091
  gflops: 6507.58
CSV_DATA: sgemm,2048,2048,2048,2048,2048,2048,67087389163520,10.3091,6507.58

finished running bench_gemm!
running bench_gemm!
  M:     2048
  N:     2048
  K:     2048
  LDA:   2048
  LDB:   2048
  LDC:   2048
  BENCH: sgemm
  TIME:  10

*** running SGEMM ***
  max error: 3.05176e-05
  #repetitions: 3891
  time: 10.2937
  gflops: 6493.97
CSV_DATA: sgemm,2048,2048,2048,2048,2048,2048,66846870994944,10.2937,6493.97

finished running bench_gemm!
running bench_gemm!
  M:     2048
  N:     2048
  K:     2048
  LDA:   2048
  LDB:   2048
  LDC:   2048
  BENCH: sgemm
  TIME:  10

*** running SGEMM ***
  max error: 3.05176e-05
  #repetitions: 3446
  time: 9.09782
  gflops: 6507.25
CSV_DATA: sgemm,2048,2048,2048,2048,2048,2048,59201829208064,9.09782,6507.25

finished running bench_gemm!
running bench_gemm!
  M:     2048
  N:     2048
  K:     2048
  LDA:   2048
  LDB:   2048
  LDC:   2048
  BENCH: sgemm
  TIME:  10

*** running SGEMM ***
  max error: 3.05176e-05
  #repetitions: 3899
  time: 10.3221
  gflops: 6489.39
CSV_DATA: sgemm,2048,2048,2048,2048,2048,2048,66984309948416,10.3221,6489.39

finished running bench_gemm!
running bench_gemm!
  M:     2048
  N:     2048
  K:     2048
  LDA:   2048
  LDB:   2048
  LDC:   2048
  BENCH: sgemm
  TIME:  10

*** running SGEMM ***
  max error: 3.05176e-05
  #repetitions: 3902
  time: 10.3057
  gflops: 6504.72
CSV_DATA: sgemm,2048,2048,2048,2048,2048,2048,67035849555968,10.3057,6504.72

finished running bench_gemm!
running bench_gemm!
  M:     2048
  N:     2048
  K:     2048
  LDA:   2048
  LDB:   2048
  LDC:   2048
  BENCH: sgemm
  TIME:  10

*** running SGEMM ***
  max error: 3.05176e-05
  #repetitions: 3530
  time: 9.30153
  gflops: 6519.89
CSV_DATA: sgemm,2048,2048,2048,2048,2048,2048,60644938219520,9.30153,6519.89

finished running bench_gemm!
running bench_gemm!
  M:     2048
  N:     2048
  K:     2048
  LDA:   2048
  LDB:   2048
  LDC:   2048
  BENCH: sgemm
  TIME:  10

*** running SGEMM ***
  max error: 3.05176e-05
  #repetitions: 3912
  time: 10.3313
  gflops: 6505.28
CSV_DATA: sgemm,2048,2048,2048,2048,2048,2048,67207648247808,10.3313,6505.28

finished running bench_gemm!
running bench_gemm!
  M:     2048
  N:     2048
  K:     2048
  LDA:   2048
  LDB:   2048
  LDC:   2048
  BENCH: sgemm
  TIME:  10

*** running SGEMM ***
  max error: 3.05176e-05
  #repetitions: 3445
  time: 9.10598
  gflops: 6499.54
CSV_DATA: sgemm,2048,2048,2048,2048,2048,2048,59184649338880,9.10598,6499.54

finished running bench_gemm!
running bench_gemm!
  M:     2048
  N:     2048
  K:     2048
  LDA:   2048
  LDB:   2048
  LDC:   2048
  BENCH: sgemm
  TIME:  10

*** running SGEMM ***
  max error: 3.05176e-05
  #repetitions: 3895
  time: 10.3085
  gflops: 6491.29
CSV_DATA: sgemm,2048,2048,2048,2048,2048,2048,66915590471680,10.3085,6491.29

finished running bench_gemm!
running bench_gemm!
  M:     2048
  N:     2048
  K:     2048
  LDA:   2048
  LDB:   2048
  LDC:   2048
  BENCH: sgemm
  TIME:  10

*** running SGEMM ***
  max error: 3.05176e-05
  #repetitions: 3903
  time: 10.3103
  gflops: 6503.53
CSV_DATA: sgemm,2048,2048,2048,2048,2048,2048,67053029425152,10.3103,6503.53

finished running bench_gemm!
running bench_gemm!
  M:     2048
  N:     2048
  K:     2048
  LDA:   2048
  LDB:   2048
  LDC:   2048
  BENCH: sgemm
  TIME:  10

*** running SGEMM ***
  max error: 3.05176e-05
  #repetitions: 3894
  time: 10.3077
  gflops: 6490.12
CSV_DATA: sgemm,2048,2048,2048,2048,2048,2048,66898410602496,10.3077,6490.12

finished running bench_gemm!
running bench_gemm!
  M:     2048
  N:     2048
  K:     2048
  LDA:   2048
  LDB:   2048
  LDC:   2048
  BENCH: sgemm
  TIME:  10

*** running SGEMM ***
  max error: 3.05176e-05
  #repetitions: 3912
  time: 10.3388
  gflops: 6500.55
CSV_DATA: sgemm,2048,2048,2048,2048,2048,2048,67207648247808,10.3388,6500.55

finished running bench_gemm!
running bench_gemm!
  M:     2048
  N:     2048
  K:     2048
  LDA:   2048
  LDB:   2048
  LDC:   2048
  BENCH: sgemm
  TIME:  10

*** running SGEMM ***
  max error: 3.05176e-05
  #repetitions: 3894
  time: 10.2741
  gflops: 6511.38
CSV_DATA: sgemm,2048,2048,2048,2048,2048,2048,66898410602496,10.2741,6511.38

finished running bench_gemm!
running bench_gemm!
  M:     2048
  N:     2048
  K:     2048
  LDA:   2048
  LDB:   2048
  LDC:   2048
  BENCH: sgemm
  TIME:  10

*** running SGEMM ***
  max error: 3.05176e-05
  #repetitions: 3905
  time: 10.3269
  gflops: 6496.39
CSV_DATA: sgemm,2048,2048,2048,2048,2048,2048,67087389163520,10.3269,6496.39

finished running bench_gemm!
running bench_gemm!
  M:     2048
  N:     2048
  K:     2048
  LDA:   2048
  LDB:   2048
  LDC:   2048
  BENCH: sgemm
  TIME:  10

*** running SGEMM ***
  max error: 3.05176e-05
  #repetitions: 3898
  time: 10.2812
  gflops: 6513.58
CSV_DATA: sgemm,2048,2048,2048,2048,2048,2048,66967130079232,10.2812,6513.58

finished running bench_gemm!
running bench_gemm!
  M:     2048
  N:     2048
  K:     2048
  LDA:   2048
  LDB:   2048
  LDC:   2048
  BENCH: sgemm
  TIME:  10

*** running SGEMM ***
  max error: 3.05176e-05
  #repetitions: 3895
  time: 10.2988
  gflops: 6497.41
CSV_DATA: sgemm,2048,2048,2048,2048,2048,2048,66915590471680,10.2988,6497.41

finished running bench_gemm!
running bench_gemm!
  M:     2048
  N:     2048
  K:     2048
  LDA:   2048
  LDB:   2048
  LDC:   2048
  BENCH: sgemm
  TIME:  10

*** running SGEMM ***
  max error: 3.05176e-05
  #repetitions: 3898
  time: 10.3098
  gflops: 6495.49
CSV_DATA: sgemm,2048,2048,2048,2048,2048,2048,66967130079232,10.3098,6495.49

finished running bench_gemm!
running bench_gemm!
  M:     2048
  N:     2048
  K:     2048
  LDA:   2048
  LDB:   2048
  LDC:   2048
  BENCH: sgemm
  TIME:  10

*** running SGEMM ***
  max error: 3.05176e-05
  #repetitions: 3896
  time: 10.3051
  gflops: 6495.13
CSV_DATA: sgemm,2048,2048,2048,2048,2048,2048,66932770340864,10.3051,6495.13

finished running bench_gemm!
running bench_gemm!
  M:     2048
  N:     2048
  K:     2048
  LDA:   2048
  LDB:   2048
  LDC:   2048
  BENCH: sgemm
  TIME:  10

*** running SGEMM ***
  max error: 3.05176e-05
  #repetitions: 3904
  time: 10.3191
  gflops: 6499.6
CSV_DATA: sgemm,2048,2048,2048,2048,2048,2048,67070209294336,10.3191,6499.6

finished running bench_gemm!
running bench_gemm!
  M:     2048
  N:     2048
  K:     2048
  LDA:   2048
  LDB:   2048
  LDC:   2048
  BENCH: sgemm
  TIME:  10

*** running SGEMM ***
  max error: 3.05176e-05
  #repetitions: 3907
  time: 10.3282
  gflops: 6498.9
CSV_DATA: sgemm,2048,2048,2048,2048,2048,2048,67121748901888,10.3282,6498.9

finished running bench_gemm!
running bench_gemm!
  M:     2048
  N:     2048
  K:     2048
  LDA:   2048
  LDB:   2048
  LDC:   2048
  BENCH: sgemm
  TIME:  10

*** running SGEMM ***
  max error: 3.05176e-05
  #repetitions: 3878
  time: 10.2525
  gflops: 6498.27
CSV_DATA: sgemm,2048,2048,2048,2048,2048,2048,66623532695552,10.2525,6498.27

finished running bench_gemm!
running bench_gemm!
  M:     2048
  N:     2048
  K:     2048
  LDA:   2048
  LDB:   2048
  LDC:   2048
  BENCH: sgemm
  TIME:  10

*** running SGEMM ***
  max error: 3.05176e-05
  #repetitions: 3905
  time: 10.2852
  gflops: 6522.73
CSV_DATA: sgemm,2048,2048,2048,2048,2048,2048,67087389163520,10.2852,6522.73

finished running bench_gemm!
running bench_gemm!
  M:     2048
  N:     2048
  K:     2048
  LDA:   2048
  LDB:   2048
  LDC:   2048
  BENCH: sgemm
  TIME:  10

*** running SGEMM ***
  max error: 3.05176e-05
  #repetitions: 3898
  time: 10.3112
  gflops: 6494.61
CSV_DATA: sgemm,2048,2048,2048,2048,2048,2048,66967130079232,10.3112,6494.61

finished running bench_gemm!
running bench_gemm!
  M:     2048
  N:     2048
  K:     2048
  LDA:   2048
  LDB:   2048
  LDC:   2048
  BENCH: sgemm
  TIME:  10

*** running SGEMM ***
  max error: 3.05176e-05
  #repetitions: 3907
  time: 10.317
  gflops: 6505.94
CSV_DATA: sgemm,2048,2048,2048,2048,2048,2048,67121748901888,10.317,6505.94

finished running bench_gemm!
running bench_gemm!
  M:     2048
  N:     2048
  K:     2048
  LDA:   2048
  LDB:   2048
  LDC:   2048
  BENCH: sgemm
  TIME:  10

*** running SGEMM ***
  max error: 3.05176e-05
  #repetitions: 3911
  time: 10.3138
  gflops: 6514.64
CSV_DATA: sgemm,2048,2048,2048,2048,2048,2048,67190468378624,10.3138,6514.64

finished running bench_gemm!
running bench_gemm!
  M:     2048
  N:     2048
  K:     2048
  LDA:   2048
  LDB:   2048
  LDC:   2048
  BENCH: sgemm
  TIME:  10

*** running SGEMM ***
  max error: 3.05176e-05
  #repetitions: 3889
  time: 10.3059
  gflops: 6482.95
CSV_DATA: sgemm,2048,2048,2048,2048,2048,2048,66812511256576,10.3059,6482.95

finished running bench_gemm!
running bench_gemm!
  M:     2048
  N:     2048
  K:     2048
  LDA:   2048
  LDB:   2048
  LDC:   2048
  BENCH: sgemm
  TIME:  10

*** running SGEMM ***
  max error: 3.05176e-05
  #repetitions: 3898
  time: 10.3099
  gflops: 6495.42
CSV_DATA: sgemm,2048,2048,2048,2048,2048,2048,66967130079232,10.3099,6495.42

finished running bench_gemm!
running bench_gemm!
  M:     2048
  N:     2048
  K:     2048
  LDA:   2048
  LDB:   2048
  LDC:   2048
  BENCH: sgemm
  TIME:  10

*** running SGEMM ***
  max error: 3.05176e-05
  #repetitions: 3912
  time: 10.3171
  gflops: 6514.17
CSV_DATA: sgemm,2048,2048,2048,2048,2048,2048,67207648247808,10.3171,6514.17

finished running bench_gemm!
running bench_gemm!
  M:     2048
  N:     2048
  K:     2048
  LDA:   2048
  LDB:   2048
  LDC:   2048
  BENCH: sgemm
  TIME:  10

*** running SGEMM ***
  max error: 3.05176e-05
  #repetitions: 3914
  time: 10.321
  gflops: 6515.08
CSV_DATA: sgemm,2048,2048,2048,2048,2048,2048,67242007986176,10.321,6515.08

finished running bench_gemm!
running bench_gemm!
  M:     2048
  N:     2048
  K:     2048
  LDA:   2048
  LDB:   2048
  LDC:   2048
  BENCH: sgemm
  TIME:  10

*** running SGEMM ***
  max error: 3.05176e-05
  #repetitions: 3886
  time: 10.2378
  gflops: 6521.02
CSV_DATA: sgemm,2048,2048,2048,2048,2048,2048,66760971649024,10.2378,6521.02

finished running bench_gemm!
running bench_gemm!
  M:     2048
  N:     2048
  K:     2048
  LDA:   2048
  LDB:   2048
  LDC:   2048
  BENCH: sgemm
  TIME:  10

*** running SGEMM ***
  max error: 3.05176e-05
  #repetitions: 3411
  time: 9.02784
  gflops: 6491.09
CSV_DATA: sgemm,2048,2048,2048,2048,2048,2048,58600533786624,9.02784,6491.09

finished running bench_gemm!
running bench_gemm!
  M:     2048
  N:     2048
  K:     2048
  LDA:   2048
  LDB:   2048
  LDC:   2048
  BENCH: sgemm
  TIME:  10

*** running SGEMM ***
  max error: 3.05176e-05
  #repetitions: 3908
  time: 10.2987
  gflops: 6519.19
CSV_DATA: sgemm,2048,2048,2048,2048,2048,2048,67138928771072,10.2987,6519.19

finished running bench_gemm!
running bench_gemm!
  M:     2048
  N:     2048
  K:     2048
  LDA:   2048
  LDB:   2048
  LDC:   2048
  BENCH: sgemm
  TIME:  10

*** running SGEMM ***
  max error: 3.05176e-05
  #repetitions: 3904
  time: 10.3366
  gflops: 6488.63
CSV_DATA: sgemm,2048,2048,2048,2048,2048,2048,67070209294336,10.3366,6488.63

finished running bench_gemm!
running bench_gemm!
  M:     2048
  N:     2048
  K:     2048
  LDA:   2048
  LDB:   2048
  LDC:   2048
  BENCH: sgemm
  TIME:  10

*** running SGEMM ***
  max error: 3.05176e-05
  #repetitions: 3472
  time: 9.15711
  gflops: 6513.9
CSV_DATA: sgemm,2048,2048,2048,2048,2048,2048,59648505806848,9.15711,6513.9

finished running bench_gemm!
running bench_gemm!
  M:     2048
  N:     2048
  K:     2048
  LDA:   2048
  LDB:   2048
  LDC:   2048
  BENCH: sgemm
  TIME:  10

*** running SGEMM ***
  max error: 3.05176e-05
  #repetitions: 3536
  time: 9.32407
  gflops: 6515.18
CSV_DATA: sgemm,2048,2048,2048,2048,2048,2048,60748017434624,9.32407,6515.18

finished running bench_gemm!
running bench_gemm!
  M:     2048
  N:     2048
  K:     2048
  LDA:   2048
  LDB:   2048
  LDC:   2048
  BENCH: sgemm
  TIME:  10

*** running SGEMM ***
  max error: 3.05176e-05
  #repetitions: 3451
  time: 9.11293
  gflops: 6505.89
CSV_DATA: sgemm,2048,2048,2048,2048,2048,2048,59287728553984,9.11293,6505.89

finished running bench_gemm!
running bench_gemm!
  M:     2048
  N:     2048
  K:     2048
  LDA:   2048
  LDB:   2048
  LDC:   2048
  BENCH: sgemm
  TIME:  10

*** running SGEMM ***
  max error: 3.05176e-05
  #repetitions: 3906
  time: 10.2993
  gflops: 6515.48
CSV_DATA: sgemm,2048,2048,2048,2048,2048,2048,67104569032704,10.2993,6515.48

finished running bench_gemm!
running bench_gemm!
  M:     2048
  N:     2048
  K:     2048
  LDA:   2048
  LDB:   2048
  LDC:   2048
  BENCH: sgemm
  TIME:  10

*** running SGEMM ***
  max error: 3.05176e-05
  #repetitions: 3902
  time: 10.2987
  gflops: 6509.15
CSV_DATA: sgemm,2048,2048,2048,2048,2048,2048,67035849555968,10.2987,6509.15

finished running bench_gemm!
running bench_gemm!
  M:     2048
  N:     2048
  K:     2048
  LDA:   2048
  LDB:   2048
  LDC:   2048
  BENCH: sgemm
  TIME:  10

*** running SGEMM ***
  max error: 3.05176e-05
  #repetitions: 3906
  time: 10.3197
  gflops: 6502.54
CSV_DATA: sgemm,2048,2048,2048,2048,2048,2048,67104569032704,10.3197,6502.54

finished running bench_gemm!
running bench_gemm!
  M:     2048
  N:     2048
  K:     2048
  LDA:   2048
  LDB:   2048
  LDC:   2048
  BENCH: sgemm
  TIME:  10

*** running SGEMM ***
  max error: 3.05176e-05
  #repetitions: 3908
  time: 10.2935
  gflops: 6522.43
CSV_DATA: sgemm,2048,2048,2048,2048,2048,2048,67138928771072,10.2935,6522.43

finished running bench_gemm!
running bench_gemm!
  M:     2048
  N:     2048
  K:     2048
  LDA:   2048
  LDB:   2048
  LDC:   2048
  BENCH: sgemm
  TIME:  10

*** running SGEMM ***
  max error: 3.05176e-05
  #repetitions: 3904
  time: 10.3253
  gflops: 6495.72
CSV_DATA: sgemm,2048,2048,2048,2048,2048,2048,67070209294336,10.3253,6495.72

finished running bench_gemm!
running bench_gemm!
  M:     2048
  N:     2048
  K:     2048
  LDA:   2048
  LDB:   2048
  LDC:   2048
  BENCH: sgemm
  TIME:  10

*** running SGEMM ***
  max error: 3.05176e-05
  #repetitions: 3894
  time: 10.325
  gflops: 6479.26
CSV_DATA: sgemm,2048,2048,2048,2048,2048,2048,66898410602496,10.325,6479.26

finished running bench_gemm!
running bench_gemm!
  M:     2048
  N:     2048
  K:     2048
  LDA:   2048
  LDB:   2048
  LDC:   2048
  BENCH: sgemm
  TIME:  10

*** running SGEMM ***
  max error: 3.05176e-05
  #repetitions: 3916
  time: 10.3217
  gflops: 6517.97
CSV_DATA: sgemm,2048,2048,2048,2048,2048,2048,67276367724544,10.3217,6517.97

finished running bench_gemm!
running bench_gemm!
  M:     2048
  N:     2048
  K:     2048
  LDA:   2048
  LDB:   2048
  LDC:   2048
  BENCH: sgemm
  TIME:  10

*** running SGEMM ***
  max error: 3.05176e-05
  #repetitions: 3910
  time: 10.3118
  gflops: 6514.18
CSV_DATA: sgemm,2048,2048,2048,2048,2048,2048,67173288509440,10.3118,6514.18

finished running bench_gemm!
running bench_gemm!
  M:     2048
  N:     2048
  K:     2048
  LDA:   2048
  LDB:   2048
  LDC:   2048
  BENCH: sgemm
  TIME:  10

*** running SGEMM ***
  max error: 3.05176e-05
  #repetitions: 3888
  time: 10.2876
  gflops: 6492.78
CSV_DATA: sgemm,2048,2048,2048,2048,2048,2048,66795331387392,10.2876,6492.78

finished running bench_gemm!
running bench_gemm!
  M:     2048
  N:     2048
  K:     2048
  LDA:   2048
  LDB:   2048
  LDC:   2048
  BENCH: sgemm
  TIME:  10

*** running SGEMM ***
  max error: 3.05176e-05
  #repetitions: 3918
  time: 10.3243
  gflops: 6519.63
CSV_DATA: sgemm,2048,2048,2048,2048,2048,2048,67310727462912,10.3243,6519.63

finished running bench_gemm!
running bench_gemm!
  M:     2048
  N:     2048
  K:     2048
  LDA:   2048
  LDB:   2048
  LDC:   2048
  BENCH: sgemm
  TIME:  10

*** running SGEMM ***
  max error: 3.05176e-05
  #repetitions: 3447
  time: 9.10838
  gflops: 6501.59
CSV_DATA: sgemm,2048,2048,2048,2048,2048,2048,59219009077248,9.10838,6501.59

finished running bench_gemm!
running bench_gemm!
  M:     2048
  N:     2048
  K:     2048
  LDA:   2048
  LDB:   2048
  LDC:   2048
  BENCH: sgemm
  TIME:  10

*** running SGEMM ***
  max error: 3.05176e-05
  #repetitions: 3881
  time: 10.3165
  gflops: 6462.93
CSV_DATA: sgemm,2048,2048,2048,2048,2048,2048,66675072303104,10.3165,6462.93

finished running bench_gemm!
running bench_gemm!
  M:     2048
  N:     2048
  K:     2048
  LDA:   2048
  LDB:   2048
  LDC:   2048
  BENCH: sgemm
  TIME:  10

*** running SGEMM ***
  max error: 3.05176e-05
  #repetitions: 3897
  time: 10.3063
  gflops: 6496.05
CSV_DATA: sgemm,2048,2048,2048,2048,2048,2048,66949950210048,10.3063,6496.05

finished running bench_gemm!
running bench_gemm!
  M:     2048
  N:     2048
  K:     2048
  LDA:   2048
  LDB:   2048
  LDC:   2048
  BENCH: sgemm
  TIME:  10

*** running SGEMM ***
  max error: 3.05176e-05
  #repetitions: 3922
  time: 10.3409
  gflops: 6515.81
CSV_DATA: sgemm,2048,2048,2048,2048,2048,2048,67379446939648,10.3409,6515.81

finished running bench_gemm!
running bench_gemm!
  M:     2048
  N:     2048
  K:     2048
  LDA:   2048
  LDB:   2048
  LDC:   2048
  BENCH: sgemm
  TIME:  10

*** running SGEMM ***
  max error: 3.05176e-05
  #repetitions: 3900
  time: 10.3073
  gflops: 6500.4
CSV_DATA: sgemm,2048,2048,2048,2048,2048,2048,67001489817600,10.3073,6500.4

finished running bench_gemm!
running bench_gemm!
  M:     2048
  N:     2048
  K:     2048
  LDA:   2048
  LDB:   2048
  LDC:   2048
  BENCH: sgemm
  TIME:  10

*** running SGEMM ***
  max error: 3.05176e-05
  #repetitions: 3908
  time: 10.3141
  gflops: 6509.41
CSV_DATA: sgemm,2048,2048,2048,2048,2048,2048,67138928771072,10.3141,6509.41

finished running bench_gemm!
running bench_gemm!
  M:     2048
  N:     2048
  K:     2048
  LDA:   2048
  LDB:   2048
  LDC:   2048
  BENCH: sgemm
  TIME:  10

*** running SGEMM ***
  max error: 3.05176e-05
  #repetitions: 3918
  time: 10.3231
  gflops: 6520.39
CSV_DATA: sgemm,2048,2048,2048,2048,2048,2048,67310727462912,10.3231,6520.39

finished running bench_gemm!
running bench_gemm!
  M:     2048
  N:     2048
  K:     2048
  LDA:   2048
  LDB:   2048
  LDC:   2048
  BENCH: sgemm
  TIME:  10

*** running SGEMM ***
  max error: 3.05176e-05
  #repetitions: 3909
  time: 10.3154
  gflops: 6510.28
CSV_DATA: sgemm,2048,2048,2048,2048,2048,2048,67156108640256,10.3154,6510.28

finished running bench_gemm!
running bench_gemm!
  M:     2048
  N:     2048
  K:     2048
  LDA:   2048
  LDB:   2048
  LDC:   2048
  BENCH: sgemm
  TIME:  10

*** running SGEMM ***
  max error: 3.05176e-05
  #repetitions: 3918
  time: 10.3237
  gflops: 6519.99
CSV_DATA: sgemm,2048,2048,2048,2048,2048,2048,67310727462912,10.3237,6519.99

finished running bench_gemm!
running bench_gemm!
  M:     2048
  N:     2048
  K:     2048
  LDA:   2048
  LDB:   2048
  LDC:   2048
  BENCH: sgemm
  TIME:  10

*** running SGEMM ***
  max error: 3.05176e-05
  #repetitions: 3915
  time: 10.3271
  gflops: 6512.86
CSV_DATA: sgemm,2048,2048,2048,2048,2048,2048,67259187855360,10.3271,6512.86

finished running bench_gemm!
running bench_gemm!
  M:     2048
  N:     2048
  K:     2048
  LDA:   2048
  LDB:   2048
  LDC:   2048
  BENCH: sgemm
  TIME:  10

*** running SGEMM ***
  max error: 3.05176e-05
  #repetitions: 3900
  time: 10.3143
  gflops: 6495.99
CSV_DATA: sgemm,2048,2048,2048,2048,2048,2048,67001489817600,10.3143,6495.99

finished running bench_gemm!
running bench_gemm!
  M:     2048
  N:     2048
  K:     2048
  LDA:   2048
  LDB:   2048
  LDC:   2048
  BENCH: sgemm
  TIME:  10

*** running SGEMM ***
  max error: 3.05176e-05
  #repetitions: 3911
  time: 10.3169
  gflops: 6512.65
CSV_DATA: sgemm,2048,2048,2048,2048,2048,2048,67190468378624,10.3169,6512.65

finished running bench_gemm!
running bench_gemm!
  M:     2048
  N:     2048
  K:     2048
  LDA:   2048
  LDB:   2048
  LDC:   2048
  BENCH: sgemm
  TIME:  10

*** running SGEMM ***
  max error: 3.05176e-05
  #repetitions: 3859
  time: 10.1923
  gflops: 6504.64
CSV_DATA: sgemm,2048,2048,2048,2048,2048,2048,66297115181056,10.1923,6504.64

finished running bench_gemm!
running bench_gemm!
  M:     2048
  N:     2048
  K:     2048
  LDA:   2048
  LDB:   2048
  LDC:   2048
  BENCH: sgemm
  TIME:  10

*** running SGEMM ***
  max error: 3.05176e-05
  #repetitions: 3896
  time: 10.3201
  gflops: 6485.7
CSV_DATA: sgemm,2048,2048,2048,2048,2048,2048,66932770340864,10.3201,6485.7

finished running bench_gemm!
running bench_gemm!
  M:     2048
  N:     2048
  K:     2048
  LDA:   2048
  LDB:   2048
  LDC:   2048
  BENCH: sgemm
  TIME:  10

*** running SGEMM ***
  max error: 3.05176e-05
  #repetitions: 3434
  time: 9.06312
  gflops: 6509.42
CSV_DATA: sgemm,2048,2048,2048,2048,2048,2048,58995670777856,9.06312,6509.42

finished running bench_gemm!
running bench_gemm!
  M:     2048
  N:     2048
  K:     2048
  LDA:   2048
  LDB:   2048
  LDC:   2048
  BENCH: sgemm
  TIME:  10

*** running SGEMM ***
  max error: 3.05176e-05
  #repetitions: 3910
  time: 10.3255
  gflops: 6505.58
CSV_DATA: sgemm,2048,2048,2048,2048,2048,2048,67173288509440,10.3255,6505.58

finished running bench_gemm!
running bench_gemm!
  M:     2048
  N:     2048
  K:     2048
  LDA:   2048
  LDB:   2048
  LDC:   2048
  BENCH: sgemm
  TIME:  10

*** running SGEMM ***
  max error: 3.05176e-05
  #repetitions: 3899
  time: 10.3102
  gflops: 6496.91
CSV_DATA: sgemm,2048,2048,2048,2048,2048,2048,66984309948416,10.3102,6496.91

finished running bench_gemm!
running bench_gemm!
  M:     2048
  N:     2048
  K:     2048
  LDA:   2048
  LDB:   2048
  LDC:   2048
  BENCH: sgemm
  TIME:  10

*** running SGEMM ***
  max error: 3.05176e-05
  #repetitions: 3904
  time: 10.2862
  gflops: 6520.43
CSV_DATA: sgemm,2048,2048,2048,2048,2048,2048,67070209294336,10.2862,6520.43

finished running bench_gemm!
running bench_gemm!
  M:     2048
  N:     2048
  K:     2048
  LDA:   2048
  LDB:   2048
  LDC:   2048
  BENCH: sgemm
  TIME:  10

*** running SGEMM ***
  max error: 3.05176e-05
  #repetitions: 3437
  time: 9.09629
  gflops: 6491.35
CSV_DATA: sgemm,2048,2048,2048,2048,2048,2048,59047210385408,9.09629,6491.35

finished running bench_gemm!
running bench_gemm!
  M:     2048
  N:     2048
  K:     2048
  LDA:   2048
  LDB:   2048
  LDC:   2048
  BENCH: sgemm
  TIME:  10

*** running SGEMM ***
  max error: 3.05176e-05
  #repetitions: 3441
  time: 9.07264
  gflops: 6515.84
CSV_DATA: sgemm,2048,2048,2048,2048,2048,2048,59115929862144,9.07264,6515.84

finished running bench_gemm!
running bench_gemm!
  M:     2048
  N:     2048
  K:     2048
  LDA:   2048
  LDB:   2048
  LDC:   2048
  BENCH: sgemm
  TIME:  10

*** running SGEMM ***
  max error: 3.05176e-05
  #repetitions: 3901
  time: 10.311
  gflops: 6499.71
CSV_DATA: sgemm,2048,2048,2048,2048,2048,2048,67018669686784,10.311,6499.71

finished running bench_gemm!
running bench_gemm!
  M:     2048
  N:     2048
  K:     2048
  LDA:   2048
  LDB:   2048
  LDC:   2048
  BENCH: sgemm
  TIME:  10

*** running SGEMM ***
  max error: 3.05176e-05
  #repetitions: 3446
  time: 9.10037
  gflops: 6505.43
CSV_DATA: sgemm,2048,2048,2048,2048,2048,2048,59201829208064,9.10037,6505.43

finished running bench_gemm!
running bench_gemm!
  M:     2048
  N:     2048
  K:     2048
  LDA:   2048
  LDB:   2048
  LDC:   2048
  BENCH: sgemm
  TIME:  10

*** running SGEMM ***
  max error: 3.05176e-05
  #repetitions: 3443
  time: 9.10088
  gflops: 6499.4
CSV_DATA: sgemm,2048,2048,2048,2048,2048,2048,59150289600512,9.10088,6499.4

finished running bench_gemm!
running bench_gemm!
  M:     2048
  N:     2048
  K:     2048
  LDA:   2048
  LDB:   2048
  LDC:   2048
  BENCH: sgemm
  TIME:  10

*** running SGEMM ***
  max error: 3.05176e-05
  #repetitions: 3894
  time: 10.2952
  gflops: 6498.01
CSV_DATA: sgemm,2048,2048,2048,2048,2048,2048,66898410602496,10.2952,6498.01

finished running bench_gemm!
running bench_gemm!
  M:     2048
  N:     2048
  K:     2048
  LDA:   2048
  LDB:   2048
  LDC:   2048
  BENCH: sgemm
  TIME:  10

*** running SGEMM ***
  max error: 3.05176e-05
  #repetitions: 3909
  time: 10.3231
  gflops: 6505.41
CSV_DATA: sgemm,2048,2048,2048,2048,2048,2048,67156108640256,10.3231,6505.41

finished running bench_gemm!
running bench_gemm!
  M:     2048
  N:     2048
  K:     2048
  LDA:   2048
  LDB:   2048
  LDC:   2048
  BENCH: sgemm
  TIME:  10

*** running SGEMM ***
  max error: 3.05176e-05
  #repetitions: 3918
  time: 10.3368
  gflops: 6511.74
CSV_DATA: sgemm,2048,2048,2048,2048,2048,2048,67310727462912,10.3368,6511.74

finished running bench_gemm!
running bench_gemm!
  M:     2048
  N:     2048
  K:     2048
  LDA:   2048
  LDB:   2048
  LDC:   2048
  BENCH: sgemm
  TIME:  10

*** running SGEMM ***
  max error: 3.05176e-05
  #repetitions: 3915
  time: 10.3212
  gflops: 6516.58
CSV_DATA: sgemm,2048,2048,2048,2048,2048,2048,67259187855360,10.3212,6516.58

finished running bench_gemm!
running bench_gemm!
  M:     2048
  N:     2048
  K:     2048
  LDA:   2048
  LDB:   2048
  LDC:   2048
  BENCH: sgemm
  TIME:  10

*** running SGEMM ***
  max error: 3.05176e-05
  #repetitions: 3918
  time: 10.3414
  gflops: 6508.88
CSV_DATA: sgemm,2048,2048,2048,2048,2048,2048,67310727462912,10.3414,6508.88

finished running bench_gemm!
running bench_gemm!
  M:     2048
  N:     2048
  K:     2048
  LDA:   2048
  LDB:   2048
  LDC:   2048
  BENCH: sgemm
  TIME:  10

*** running SGEMM ***
  max error: 3.05176e-05
  #repetitions: 3892
  time: 10.2977
  gflops: 6493.1
CSV_DATA: sgemm,2048,2048,2048,2048,2048,2048,66864050864128,10.2977,6493.1

finished running bench_gemm!
running bench_gemm!
  M:     2048
  N:     2048
  K:     2048
  LDA:   2048
  LDB:   2048
  LDC:   2048
  BENCH: sgemm
  TIME:  10

*** running SGEMM ***
  max error: 3.05176e-05
  #repetitions: 3870
  time: 10.213
  gflops: 6509.96
CSV_DATA: sgemm,2048,2048,2048,2048,2048,2048,66486093742080,10.213,6509.96

finished running bench_gemm!
