*** input parameters ***
  einsum_str: Babcd,aij,bik,ckl,dlm,ejp,fop,gno,hmn->Befgh
  dim_sizes:  128,4,7,4,7,3,4,5,5,50,50,50,50,50,50,50,50
  cont_path:  (1,5),(4,5),(1,2),(1,2),(1,2),(1,2),(1,2),(0,1)
  backend:    torch
  dtype:      FP32
*** benchmarking opt_einsum expression ***
  #flops :          1564961200
  #bytes :          945008
  arith. intensity: 1656.03
  time (eval):      0.032026
  time (compile):   0.000247
  gflops (eval):    48.87
  gflops (total):   48.49
CSV_DATA: opt_einsum,torch,"Babcd,aij,bik,ckl,dlm,ejp,fop,gno,hmn->Befgh","128,4,7,4,7,3,4,5,5,50,50,50,50,50,50,50,50","(1,5),(4,5),(1,2),(1,2),(1,2),(1,2),(1,2),(0,1)",FP32,1564961200,1656.029578585578,0.0002474784851074219,0.032026052474975586,48.86525434949638,48.490547933400805
*** input parameters ***
  einsum_str: Babcd,aij,bik,ckl,dlm,ejp,fop,gno,hmn->Befgh
  dim_sizes:  128,4,7,4,7,3,4,5,5,50,50,50,50,50,50,50,50
  cont_path:  (1,5),(4,5),(1,2),(1,2),(1,2),(1,2),(1,2),(0,1)
  backend:    torch
  dtype:      FP32
*** benchmarking opt_einsum expression ***
  #flops :          1564961200
  #bytes :          945008
  arith. intensity: 1656.03
  time (eval):      0.026284
  time (compile):   0.000249
  gflops (eval):    59.54
  gflops (total):   58.98
CSV_DATA: opt_einsum,torch,"Babcd,aij,bik,ckl,dlm,ejp,fop,gno,hmn->Befgh","128,4,7,4,7,3,4,5,5,50,50,50,50,50,50,50,50","(1,5),(4,5),(1,2),(1,2),(1,2),(1,2),(1,2),(0,1)",FP32,1564961200,1656.029578585578,0.0002486705780029297,0.026284217834472656,59.53995701357716,58.98193877995453
*** input parameters ***
  einsum_str: Babcd,aij,bik,ckl,dlm,ejp,fop,gno,hmn->Befgh
  dim_sizes:  128,4,7,4,7,3,4,5,5,50,50,50,50,50,50,50,50
  cont_path:  (1,5),(4,5),(1,2),(1,2),(1,2),(1,2),(1,2),(0,1)
  backend:    torch
  dtype:      FP32
*** benchmarking opt_einsum expression ***
  #flops :          1564961200
  #bytes :          945008
  arith. intensity: 1656.03
  time (eval):      0.027706
  time (compile):   0.000263
  gflops (eval):    56.48
  gflops (total):   55.95
CSV_DATA: opt_einsum,torch,"Babcd,aij,bik,ckl,dlm,ejp,fop,gno,hmn->Befgh","128,4,7,4,7,3,4,5,5,50,50,50,50,50,50,50,50","(1,5),(4,5),(1,2),(1,2),(1,2),(1,2),(1,2),(0,1)",FP32,1564961200,1656.029578585578,0.0002627372741699219,0.027706384658813477,56.48377510351867,55.953175925572204
*** input parameters ***
  einsum_str: Babcd,aij,bik,ckl,dlm,ejp,fop,gno,hmn->Befgh
  dim_sizes:  128,4,7,4,7,3,4,5,5,50,50,50,50,50,50,50,50
  cont_path:  (1,5),(4,5),(1,2),(1,2),(1,2),(1,2),(1,2),(0,1)
  backend:    torch
  dtype:      FP32
*** benchmarking opt_einsum expression ***
  #flops :          1564961200
  #bytes :          945008
  arith. intensity: 1656.03
  time (eval):      0.028743
  time (compile):   0.000262
  gflops (eval):    54.45
  gflops (total):   53.96
CSV_DATA: opt_einsum,torch,"Babcd,aij,bik,ckl,dlm,ejp,fop,gno,hmn->Befgh","128,4,7,4,7,3,4,5,5,50,50,50,50,50,50,50,50","(1,5),(4,5),(1,2),(1,2),(1,2),(1,2),(1,2),(0,1)",FP32,1564961200,1656.029578585578,0.00026154518127441406,0.02874279022216797,54.44708700524902,53.95611305109451
*** input parameters ***
  einsum_str: Babcd,aij,bik,ckl,dlm,ejp,fop,gno,hmn->Befgh
  dim_sizes:  128,4,7,4,7,3,4,5,5,50,50,50,50,50,50,50,50
  cont_path:  (1,5),(4,5),(1,2),(1,2),(1,2),(1,2),(1,2),(0,1)
  backend:    torch
  dtype:      FP32
*** benchmarking opt_einsum expression ***
  #flops :          1564961200
  #bytes :          945008
  arith. intensity: 1656.03
  time (eval):      0.027199
  time (compile):   0.000254
  gflops (eval):    57.54
  gflops (total):   57.01
CSV_DATA: opt_einsum,torch,"Babcd,aij,bik,ckl,dlm,ejp,fop,gno,hmn->Befgh","128,4,7,4,7,3,4,5,5,50,50,50,50,50,50,50,50","(1,5),(4,5),(1,2),(1,2),(1,2),(1,2),(1,2),(0,1)",FP32,1564961200,1656.029578585578,0.0002536773681640625,0.02719855308532715,57.53839901300678,57.006704888745304
*** input parameters ***
  einsum_str: Babcd,aij,bik,ckl,dlm,ejp,fop,gno,hmn->Befgh
  dim_sizes:  128,4,7,4,7,3,4,5,5,50,50,50,50,50,50,50,50
  cont_path:  (1,5),(4,5),(1,2),(1,2),(1,2),(1,2),(1,2),(0,1)
  backend:    torch
  dtype:      FP32
*** benchmarking opt_einsum expression ***
  #flops :          1564961200
  #bytes :          945008
  arith. intensity: 1656.03
  time (eval):      0.041203
  time (compile):   0.000250
  gflops (eval):    37.98
  gflops (total):   37.75
CSV_DATA: opt_einsum,torch,"Babcd,aij,bik,ckl,dlm,ejp,fop,gno,hmn->Befgh","128,4,7,4,7,3,4,5,5,50,50,50,50,50,50,50,50","(1,5),(4,5),(1,2),(1,2),(1,2),(1,2),(1,2),(0,1)",FP32,1564961200,1656.029578585578,0.00024962425231933594,0.04120349884033203,37.98126965053119,37.75255235901465
*** input parameters ***
  einsum_str: Babcd,aij,bik,ckl,dlm,ejp,fop,gno,hmn->Befgh
  dim_sizes:  128,4,7,4,7,3,4,5,5,50,50,50,50,50,50,50,50
  cont_path:  (1,5),(4,5),(1,2),(1,2),(1,2),(1,2),(1,2),(0,1)
  backend:    torch
  dtype:      FP32
*** benchmarking opt_einsum expression ***
  #flops :          1564961200
  #bytes :          945008
  arith. intensity: 1656.03
  time (eval):      0.029759
  time (compile):   0.000253
  gflops (eval):    52.59
  gflops (total):   52.15
CSV_DATA: opt_einsum,torch,"Babcd,aij,bik,ckl,dlm,ejp,fop,gno,hmn->Befgh","128,4,7,4,7,3,4,5,5,50,50,50,50,50,50,50,50","(1,5),(4,5),(1,2),(1,2),(1,2),(1,2),(1,2),(0,1)",FP32,1564961200,1656.029578585578,0.00025272369384765625,0.029758930206298828,52.58795222648016,52.145116867163445
*** input parameters ***
  einsum_str: Babcd,aij,bik,ckl,dlm,ejp,fop,gno,hmn->Befgh
  dim_sizes:  128,4,7,4,7,3,4,5,5,50,50,50,50,50,50,50,50
  cont_path:  (1,5),(4,5),(1,2),(1,2),(1,2),(1,2),(1,2),(0,1)
  backend:    torch
  dtype:      FP32
*** benchmarking opt_einsum expression ***
  #flops :          1564961200
  #bytes :          945008
  arith. intensity: 1656.03
  time (eval):      0.027826
  time (compile):   0.000251
  gflops (eval):    56.24
  gflops (total):   55.74
CSV_DATA: opt_einsum,torch,"Babcd,aij,bik,ckl,dlm,ejp,fop,gno,hmn->Befgh","128,4,7,4,7,3,4,5,5,50,50,50,50,50,50,50,50","(1,5),(4,5),(1,2),(1,2),(1,2),(1,2),(1,2),(0,1)",FP32,1564961200,1656.029578585578,0.0002512931823730469,0.02782583236694336,56.24130769432612,55.73794216402976
*** input parameters ***
  einsum_str: Babcd,aij,bik,ckl,dlm,ejp,fop,gno,hmn->Befgh
  dim_sizes:  128,4,7,4,7,3,4,5,5,50,50,50,50,50,50,50,50
  cont_path:  (1,5),(4,5),(1,2),(1,2),(1,2),(1,2),(1,2),(0,1)
  backend:    torch
  dtype:      FP32
*** benchmarking opt_einsum expression ***
  #flops :          1564961200
  #bytes :          945008
  arith. intensity: 1656.03
  time (eval):      0.043605
  time (compile):   0.000259
  gflops (eval):    35.89
  gflops (total):   35.68
CSV_DATA: opt_einsum,torch,"Babcd,aij,bik,ckl,dlm,ejp,fop,gno,hmn->Befgh","128,4,7,4,7,3,4,5,5,50,50,50,50,50,50,50,50","(1,5),(4,5),(1,2),(1,2),(1,2),(1,2),(1,2),(0,1)",FP32,1564961200,1656.029578585578,0.0002586841583251953,0.04360485076904297,35.88961256372504,35.67795442367687
*** input parameters ***
  einsum_str: Babcd,aij,bik,ckl,dlm,ejp,fop,gno,hmn->Befgh
  dim_sizes:  128,4,7,4,7,3,4,5,5,50,50,50,50,50,50,50,50
  cont_path:  (1,5),(4,5),(1,2),(1,2),(1,2),(1,2),(1,2),(0,1)
  backend:    torch
  dtype:      FP32
*** benchmarking opt_einsum expression ***
  #flops :          1564961200
  #bytes :          945008
  arith. intensity: 1656.03
  time (eval):      0.026990
  time (compile):   0.000254
  gflops (eval):    57.98
  gflops (total):   57.44
CSV_DATA: opt_einsum,torch,"Babcd,aij,bik,ckl,dlm,ejp,fop,gno,hmn->Befgh","128,4,7,4,7,3,4,5,5,50,50,50,50,50,50,50,50","(1,5),(4,5),(1,2),(1,2),(1,2),(1,2),(1,2),(0,1)",FP32,1564961200,1656.029578585578,0.0002543926239013672,0.026990413665771484,57.982112441079096,57.440716713526385
*** input parameters ***
  einsum_str: Babcd,aij,bik,ckl,dlm,ejp,fop,gno,hmn->Befgh
  dim_sizes:  128,4,7,4,7,3,4,5,5,50,50,50,50,50,50,50,50
  cont_path:  (1,5),(4,5),(1,2),(1,2),(1,2),(1,2),(1,2),(0,1)
  backend:    torch
  dtype:      FP32
*** benchmarking opt_einsum expression ***
  #flops :          1564961200
  #bytes :          945008
  arith. intensity: 1656.03
  time (eval):      0.028630
  time (compile):   0.000249
  gflops (eval):    54.66
  gflops (total):   54.19
CSV_DATA: opt_einsum,torch,"Babcd,aij,bik,ckl,dlm,ejp,fop,gno,hmn->Befgh","128,4,7,4,7,3,4,5,5,50,50,50,50,50,50,50,50","(1,5),(4,5),(1,2),(1,2),(1,2),(1,2),(1,2),(0,1)",FP32,1564961200,1656.029578585578,0.00024890899658203125,0.028629541397094727,54.662461346964136,54.19131493089618
*** input parameters ***
  einsum_str: Babcd,aij,bik,ckl,dlm,ejp,fop,gno,hmn->Befgh
  dim_sizes:  128,4,7,4,7,3,4,5,5,50,50,50,50,50,50,50,50
  cont_path:  (1,5),(4,5),(1,2),(1,2),(1,2),(1,2),(1,2),(0,1)
  backend:    torch
  dtype:      FP32
*** benchmarking opt_einsum expression ***
  #flops :          1564961200
  #bytes :          945008
  arith. intensity: 1656.03
  time (eval):      0.026843
  time (compile):   0.000254
  gflops (eval):    58.30
  gflops (total):   57.75
CSV_DATA: opt_einsum,torch,"Babcd,aij,bik,ckl,dlm,ejp,fop,gno,hmn->Befgh","128,4,7,4,7,3,4,5,5,50,50,50,50,50,50,50,50","(1,5),(4,5),(1,2),(1,2),(1,2),(1,2),(1,2),(0,1)",FP32,1564961200,1656.029578585578,0.0002541542053222656,0.026842594146728516,58.30141421673033,57.75457555524584
*** input parameters ***
  einsum_str: Babcd,aij,bik,ckl,dlm,ejp,fop,gno,hmn->Befgh
  dim_sizes:  128,4,7,4,7,3,4,5,5,50,50,50,50,50,50,50,50
  cont_path:  (1,5),(4,5),(1,2),(1,2),(1,2),(1,2),(1,2),(0,1)
  backend:    torch
  dtype:      FP32
*** benchmarking opt_einsum expression ***
  #flops :          1564961200
  #bytes :          945008
  arith. intensity: 1656.03
  time (eval):      0.028248
  time (compile):   0.000247
  gflops (eval):    55.40
  gflops (total):   54.92
CSV_DATA: opt_einsum,torch,"Babcd,aij,bik,ckl,dlm,ejp,fop,gno,hmn->Befgh","128,4,7,4,7,3,4,5,5,50,50,50,50,50,50,50,50","(1,5),(4,5),(1,2),(1,2),(1,2),(1,2),(1,2),(0,1)",FP32,1564961200,1656.029578585578,0.0002467632293701172,0.028247833251953125,55.40110584912897,54.92133222612057
*** input parameters ***
  einsum_str: Babcd,aij,bik,ckl,dlm,ejp,fop,gno,hmn->Befgh
  dim_sizes:  128,4,7,4,7,3,4,5,5,50,50,50,50,50,50,50,50
  cont_path:  (1,5),(4,5),(1,2),(1,2),(1,2),(1,2),(1,2),(0,1)
  backend:    torch
  dtype:      FP32
*** benchmarking opt_einsum expression ***
  #flops :          1564961200
  #bytes :          945008
  arith. intensity: 1656.03
  time (eval):      0.041816
  time (compile):   0.000244
  gflops (eval):    37.42
  gflops (total):   37.21
CSV_DATA: opt_einsum,torch,"Babcd,aij,bik,ckl,dlm,ejp,fop,gno,hmn->Befgh","128,4,7,4,7,3,4,5,5,50,50,50,50,50,50,50,50","(1,5),(4,5),(1,2),(1,2),(1,2),(1,2),(1,2),(0,1)",FP32,1564961200,1656.029578585578,0.00024437904357910156,0.041815996170043945,37.424941250618915,37.20749498908704
*** input parameters ***
  einsum_str: Babcd,aij,bik,ckl,dlm,ejp,fop,gno,hmn->Befgh
  dim_sizes:  128,4,7,4,7,3,4,5,5,50,50,50,50,50,50,50,50
  cont_path:  (1,5),(4,5),(1,2),(1,2),(1,2),(1,2),(1,2),(0,1)
  backend:    torch
  dtype:      FP32
*** benchmarking opt_einsum expression ***
  #flops :          1564961200
  #bytes :          945008
  arith. intensity: 1656.03
  time (eval):      0.027395
  time (compile):   0.000261
  gflops (eval):    57.13
  gflops (total):   56.59
CSV_DATA: opt_einsum,torch,"Babcd,aij,bik,ckl,dlm,ejp,fop,gno,hmn->Befgh","128,4,7,4,7,3,4,5,5,50,50,50,50,50,50,50,50","(1,5),(4,5),(1,2),(1,2),(1,2),(1,2),(1,2),(0,1)",FP32,1564961200,1656.029578585578,0.00026106834411621094,0.027394771575927734,57.126273006603896,56.58700674159504
*** input parameters ***
  einsum_str: Babcd,aij,bik,ckl,dlm,ejp,fop,gno,hmn->Befgh
  dim_sizes:  128,4,7,4,7,3,4,5,5,50,50,50,50,50,50,50,50
  cont_path:  (1,5),(4,5),(1,2),(1,2),(1,2),(1,2),(1,2),(0,1)
  backend:    torch
  dtype:      FP32
*** benchmarking opt_einsum expression ***
  #flops :          1564961200
  #bytes :          945008
  arith. intensity: 1656.03
  time (eval):      0.044575
  time (compile):   0.000249
  gflops (eval):    35.11
  gflops (total):   34.91
CSV_DATA: opt_einsum,torch,"Babcd,aij,bik,ckl,dlm,ejp,fop,gno,hmn->Befgh","128,4,7,4,7,3,4,5,5,50,50,50,50,50,50,50,50","(1,5),(4,5),(1,2),(1,2),(1,2),(1,2),(1,2),(0,1)",FP32,1564961200,1656.029578585578,0.0002491474151611328,0.04457521438598633,35.10832693812005,34.91318419529485
*** input parameters ***
  einsum_str: Babcd,aij,bik,ckl,dlm,ejp,fop,gno,hmn->Befgh
  dim_sizes:  128,4,7,4,7,3,4,5,5,50,50,50,50,50,50,50,50
  cont_path:  (1,5),(4,5),(1,2),(1,2),(1,2),(1,2),(1,2),(0,1)
  backend:    torch
  dtype:      FP32
*** benchmarking opt_einsum expression ***
  #flops :          1564961200
  #bytes :          945008
  arith. intensity: 1656.03
  time (eval):      0.027597
  time (compile):   0.000259
  gflops (eval):    56.71
  gflops (total):   56.18
CSV_DATA: opt_einsum,torch,"Babcd,aij,bik,ckl,dlm,ejp,fop,gno,hmn->Befgh","128,4,7,4,7,3,4,5,5,50,50,50,50,50,50,50,50","(1,5),(4,5),(1,2),(1,2),(1,2),(1,2),(1,2),(0,1)",FP32,1564961200,1656.029578585578,0.0002589225769042969,0.027596712112426758,56.708248200889855,56.18113596957077
*** input parameters ***
  einsum_str: Babcd,aij,bik,ckl,dlm,ejp,fop,gno,hmn->Befgh
  dim_sizes:  128,4,7,4,7,3,4,5,5,50,50,50,50,50,50,50,50
  cont_path:  (1,5),(4,5),(1,2),(1,2),(1,2),(1,2),(1,2),(0,1)
  backend:    torch
  dtype:      FP32
*** benchmarking opt_einsum expression ***
  #flops :          1564961200
  #bytes :          945008
  arith. intensity: 1656.03
  time (eval):      0.028476
  time (compile):   0.000269
  gflops (eval):    54.96
  gflops (total):   54.44
CSV_DATA: opt_einsum,torch,"Babcd,aij,bik,ckl,dlm,ejp,fop,gno,hmn->Befgh","128,4,7,4,7,3,4,5,5,50,50,50,50,50,50,50,50","(1,5),(4,5),(1,2),(1,2),(1,2),(1,2),(1,2),(0,1)",FP32,1564961200,1656.029578585578,0.00026869773864746094,0.028475522994995117,54.95811965508268,54.444377341158905
*** input parameters ***
  einsum_str: Babcd,aij,bik,ckl,dlm,ejp,fop,gno,hmn->Befgh
  dim_sizes:  128,4,7,4,7,3,4,5,5,50,50,50,50,50,50,50,50
  cont_path:  (1,5),(4,5),(1,2),(1,2),(1,2),(1,2),(1,2),(0,1)
  backend:    torch
  dtype:      FP32
*** benchmarking opt_einsum expression ***
  #flops :          1564961200
  #bytes :          945008
  arith. intensity: 1656.03
  time (eval):      0.027942
  time (compile):   0.000262
  gflops (eval):    56.01
  gflops (total):   55.49
CSV_DATA: opt_einsum,torch,"Babcd,aij,bik,ckl,dlm,ejp,fop,gno,hmn->Befgh","128,4,7,4,7,3,4,5,5,50,50,50,50,50,50,50,50","(1,5),(4,5),(1,2),(1,2),(1,2),(1,2),(1,2),(0,1)",FP32,1564961200,1656.029578585578,0.0002624988555908203,0.02794194221496582,56.00760276291032,55.48633976064515
*** input parameters ***
  einsum_str: Babcd,aij,bik,ckl,dlm,ejp,fop,gno,hmn->Befgh
  dim_sizes:  128,4,7,4,7,3,4,5,5,50,50,50,50,50,50,50,50
  cont_path:  (1,5),(4,5),(1,2),(1,2),(1,2),(1,2),(1,2),(0,1)
  backend:    torch
  dtype:      FP32
*** benchmarking opt_einsum expression ***
  #flops :          1564961200
  #bytes :          945008
  arith. intensity: 1656.03
  time (eval):      0.030672
  time (compile):   0.000261
  gflops (eval):    51.02
  gflops (total):   50.59
CSV_DATA: opt_einsum,torch,"Babcd,aij,bik,ckl,dlm,ejp,fop,gno,hmn->Befgh","128,4,7,4,7,3,4,5,5,50,50,50,50,50,50,50,50","(1,5),(4,5),(1,2),(1,2),(1,2),(1,2),(1,2),(0,1)",FP32,1564961200,1656.029578585578,0.0002608299255371094,0.030672311782836914,51.0219513638256,50.59173150770986
*** input parameters ***
  einsum_str: Babcd,aij,bik,ckl,dlm,ejp,fop,gno,hmn->Befgh
  dim_sizes:  128,4,7,4,7,3,4,5,5,50,50,50,50,50,50,50,50
  cont_path:  (1,5),(4,5),(1,2),(1,2),(1,2),(1,2),(1,2),(0,1)
  backend:    torch
  dtype:      FP32
*** benchmarking opt_einsum expression ***
  #flops :          1564961200
  #bytes :          945008
  arith. intensity: 1656.03
  time (eval):      0.026383
  time (compile):   0.000244
  gflops (eval):    59.32
  gflops (total):   58.77
CSV_DATA: opt_einsum,torch,"Babcd,aij,bik,ckl,dlm,ejp,fop,gno,hmn->Befgh","128,4,7,4,7,3,4,5,5,50,50,50,50,50,50,50,50","(1,5),(4,5),(1,2),(1,2),(1,2),(1,2),(1,2),(0,1)",FP32,1564961200,1656.029578585578,0.00024437904357910156,0.026383161544799805,59.31666670586939,58.772277327144444
*** input parameters ***
  einsum_str: Babcd,aij,bik,ckl,dlm,ejp,fop,gno,hmn->Befgh
  dim_sizes:  128,4,7,4,7,3,4,5,5,50,50,50,50,50,50,50,50
  cont_path:  (1,5),(4,5),(1,2),(1,2),(1,2),(1,2),(1,2),(0,1)
  backend:    torch
  dtype:      FP32
*** benchmarking opt_einsum expression ***
  #flops :          1564961200
  #bytes :          945008
  arith. intensity: 1656.03
  time (eval):      0.040154
  time (compile):   0.000246
  gflops (eval):    38.97
  gflops (total):   38.74
CSV_DATA: opt_einsum,torch,"Babcd,aij,bik,ckl,dlm,ejp,fop,gno,hmn->Befgh","128,4,7,4,7,3,4,5,5,50,50,50,50,50,50,50,50","(1,5),(4,5),(1,2),(1,2),(1,2),(1,2),(1,2),(0,1)",FP32,1564961200,1656.029578585578,0.0002460479736328125,0.04015350341796875,38.974462171081136,38.73709350954157
*** input parameters ***
  einsum_str: Babcd,aij,bik,ckl,dlm,ejp,fop,gno,hmn->Befgh
  dim_sizes:  128,4,7,4,7,3,4,5,5,50,50,50,50,50,50,50,50
  cont_path:  (1,5),(4,5),(1,2),(1,2),(1,2),(1,2),(1,2),(0,1)
  backend:    torch
  dtype:      FP32
*** benchmarking opt_einsum expression ***
  #flops :          1564961200
  #bytes :          945008
  arith. intensity: 1656.03
  time (eval):      0.027823
  time (compile):   0.000254
  gflops (eval):    56.25
  gflops (total):   55.74
CSV_DATA: opt_einsum,torch,"Babcd,aij,bik,ckl,dlm,ejp,fop,gno,hmn->Befgh","128,4,7,4,7,3,4,5,5,50,50,50,50,50,50,50,50","(1,5),(4,5),(1,2),(1,2),(1,2),(1,2),(1,2),(0,1)",FP32,1564961200,1656.029578585578,0.00025391578674316406,0.02782297134399414,56.24709096132582,55.73841547009503
*** input parameters ***
  einsum_str: Babcd,aij,bik,ckl,dlm,ejp,fop,gno,hmn->Befgh
  dim_sizes:  128,4,7,4,7,3,4,5,5,50,50,50,50,50,50,50,50
  cont_path:  (1,5),(4,5),(1,2),(1,2),(1,2),(1,2),(1,2),(0,1)
  backend:    torch
  dtype:      FP32
*** benchmarking opt_einsum expression ***
  #flops :          1564961200
  #bytes :          945008
  arith. intensity: 1656.03
  time (eval):      0.041387
  time (compile):   0.000252
  gflops (eval):    37.81
  gflops (total):   37.58
CSV_DATA: opt_einsum,torch,"Babcd,aij,bik,ckl,dlm,ejp,fop,gno,hmn->Befgh","128,4,7,4,7,3,4,5,5,50,50,50,50,50,50,50,50","(1,5),(4,5),(1,2),(1,2),(1,2),(1,2),(1,2),(0,1)",FP32,1564961200,1656.029578585578,0.00025200843811035156,0.041387081146240234,37.81279463681548,37.58394373224161
*** input parameters ***
  einsum_str: Babcd,aij,bik,ckl,dlm,ejp,fop,gno,hmn->Befgh
  dim_sizes:  128,4,7,4,7,3,4,5,5,50,50,50,50,50,50,50,50
  cont_path:  (1,5),(4,5),(1,2),(1,2),(1,2),(1,2),(1,2),(0,1)
  backend:    torch
  dtype:      FP32
*** benchmarking opt_einsum expression ***
  #flops :          1564961200
  #bytes :          945008
  arith. intensity: 1656.03
  time (eval):      0.024985
  time (compile):   0.000277
  gflops (eval):    62.64
  gflops (total):   61.95
CSV_DATA: opt_einsum,torch,"Babcd,aij,bik,ckl,dlm,ejp,fop,gno,hmn->Befgh","128,4,7,4,7,3,4,5,5,50,50,50,50,50,50,50,50","(1,5),(4,5),(1,2),(1,2),(1,2),(1,2),(1,2),(0,1)",FP32,1564961200,1656.029578585578,0.0002770423889160156,0.02498459815979004,62.637037025419644,61.950101656408854
*** input parameters ***
  einsum_str: Babcd,aij,bik,ckl,dlm,ejp,fop,gno,hmn->Befgh
  dim_sizes:  128,4,7,4,7,3,4,5,5,50,50,50,50,50,50,50,50
  cont_path:  (1,5),(4,5),(1,2),(1,2),(1,2),(1,2),(1,2),(0,1)
  backend:    torch
  dtype:      FP32
*** benchmarking opt_einsum expression ***
  #flops :          1564961200
  #bytes :          945008
  arith. intensity: 1656.03
  time (eval):      0.027845
  time (compile):   0.000261
  gflops (eval):    56.20
  gflops (total):   55.68
CSV_DATA: opt_einsum,torch,"Babcd,aij,bik,ckl,dlm,ejp,fop,gno,hmn->Befgh","128,4,7,4,7,3,4,5,5,50,50,50,50,50,50,50,50","(1,5),(4,5),(1,2),(1,2),(1,2),(1,2),(1,2),(0,1)",FP32,1564961200,1656.029578585578,0.0002608299255371094,0.027845144271850586,56.202301727057744,55.68073139928575
*** input parameters ***
  einsum_str: Babcd,aij,bik,ckl,dlm,ejp,fop,gno,hmn->Befgh
  dim_sizes:  128,4,7,4,7,3,4,5,5,50,50,50,50,50,50,50,50
  cont_path:  (1,5),(4,5),(1,2),(1,2),(1,2),(1,2),(1,2),(0,1)
  backend:    torch
  dtype:      FP32
*** benchmarking opt_einsum expression ***
  #flops :          1564961200
  #bytes :          945008
  arith. intensity: 1656.03
  time (eval):      0.028264
  time (compile):   0.000285
  gflops (eval):    55.37
  gflops (total):   54.82
CSV_DATA: opt_einsum,torch,"Babcd,aij,bik,ckl,dlm,ejp,fop,gno,hmn->Befgh","128,4,7,4,7,3,4,5,5,50,50,50,50,50,50,50,50","(1,5),(4,5),(1,2),(1,2),(1,2),(1,2),(1,2),(0,1)",FP32,1564961200,1656.029578585578,0.0002853870391845703,0.02826380729675293,55.36979443600261,54.816299948262966
*** input parameters ***
  einsum_str: Babcd,aij,bik,ckl,dlm,ejp,fop,gno,hmn->Befgh
  dim_sizes:  128,4,7,4,7,3,4,5,5,50,50,50,50,50,50,50,50
  cont_path:  (1,5),(4,5),(1,2),(1,2),(1,2),(1,2),(1,2),(0,1)
  backend:    torch
  dtype:      FP32
*** benchmarking opt_einsum expression ***
  #flops :          1564961200
  #bytes :          945008
  arith. intensity: 1656.03
  time (eval):      0.043761
  time (compile):   0.000251
  gflops (eval):    35.76
  gflops (total):   35.56
CSV_DATA: opt_einsum,torch,"Babcd,aij,bik,ckl,dlm,ejp,fop,gno,hmn->Befgh","128,4,7,4,7,3,4,5,5,50,50,50,50,50,50,50,50","(1,5),(4,5),(1,2),(1,2),(1,2),(1,2),(1,2),(0,1)",FP32,1564961200,1656.029578585578,0.0002510547637939453,0.043761253356933594,35.76134319635627,35.557353540906064
*** input parameters ***
  einsum_str: Babcd,aij,bik,ckl,dlm,ejp,fop,gno,hmn->Befgh
  dim_sizes:  128,4,7,4,7,3,4,5,5,50,50,50,50,50,50,50,50
  cont_path:  (1,5),(4,5),(1,2),(1,2),(1,2),(1,2),(1,2),(0,1)
  backend:    torch
  dtype:      FP32
*** benchmarking opt_einsum expression ***
  #flops :          1564961200
  #bytes :          945008
  arith. intensity: 1656.03
  time (eval):      0.027715
  time (compile):   0.000264
  gflops (eval):    56.47
  gflops (total):   55.93
CSV_DATA: opt_einsum,torch,"Babcd,aij,bik,ckl,dlm,ejp,fop,gno,hmn->Befgh","128,4,7,4,7,3,4,5,5,50,50,50,50,50,50,50,50","(1,5),(4,5),(1,2),(1,2),(1,2),(1,2),(1,2),(0,1)",FP32,1564961200,1656.029578585578,0.0002644062042236328,0.02771472930908203,56.46676835797805,55.933150588436604
*** input parameters ***
  einsum_str: Babcd,aij,bik,ckl,dlm,ejp,fop,gno,hmn->Befgh
  dim_sizes:  128,4,7,4,7,3,4,5,5,50,50,50,50,50,50,50,50
  cont_path:  (1,5),(4,5),(1,2),(1,2),(1,2),(1,2),(1,2),(0,1)
  backend:    torch
  dtype:      FP32
*** benchmarking opt_einsum expression ***
  #flops :          1564961200
  #bytes :          945008
  arith. intensity: 1656.03
  time (eval):      0.027740
  time (compile):   0.000252
  gflops (eval):    56.41
  gflops (total):   55.91
CSV_DATA: opt_einsum,torch,"Babcd,aij,bik,ckl,dlm,ejp,fop,gno,hmn->Befgh","128,4,7,4,7,3,4,5,5,50,50,50,50,50,50,50,50","(1,5),(4,5),(1,2),(1,2),(1,2),(1,2),(1,2),(0,1)",FP32,1564961200,1656.029578585578,0.00025200843811035156,0.0277402400970459,56.414839760765275,55.90694859809213
*** input parameters ***
  einsum_str: Babcd,aij,bik,ckl,dlm,ejp,fop,gno,hmn->Befgh
  dim_sizes:  128,4,7,4,7,3,4,5,5,50,50,50,50,50,50,50,50
  cont_path:  (1,5),(4,5),(1,2),(1,2),(1,2),(1,2),(1,2),(0,1)
  backend:    torch
  dtype:      FP32
*** benchmarking opt_einsum expression ***
  #flops :          1564961200
  #bytes :          945008
  arith. intensity: 1656.03
  time (eval):      0.028115
  time (compile):   0.000256
  gflops (eval):    55.66
  gflops (total):   55.16
CSV_DATA: opt_einsum,torch,"Babcd,aij,bik,ckl,dlm,ejp,fop,gno,hmn->Befgh","128,4,7,4,7,3,4,5,5,50,50,50,50,50,50,50,50","(1,5),(4,5),(1,2),(1,2),(1,2),(1,2),(1,2),(0,1)",FP32,1564961200,1656.029578585578,0.0002562999725341797,0.028115034103393555,55.66278860786107,55.15994404111667
*** input parameters ***
  einsum_str: Babcd,aij,bik,ckl,dlm,ejp,fop,gno,hmn->Befgh
  dim_sizes:  128,4,7,4,7,3,4,5,5,50,50,50,50,50,50,50,50
  cont_path:  (1,5),(4,5),(1,2),(1,2),(1,2),(1,2),(1,2),(0,1)
  backend:    torch
  dtype:      FP32
*** benchmarking opt_einsum expression ***
  #flops :          1564961200
  #bytes :          945008
  arith. intensity: 1656.03
  time (eval):      0.028091
  time (compile):   0.000253
  gflops (eval):    55.71
  gflops (total):   55.21
CSV_DATA: opt_einsum,torch,"Babcd,aij,bik,ckl,dlm,ejp,fop,gno,hmn->Befgh","128,4,7,4,7,3,4,5,5,50,50,50,50,50,50,50,50","(1,5),(4,5),(1,2),(1,2),(1,2),(1,2),(1,2),(0,1)",FP32,1564961200,1656.029578585578,0.00025272369384765625,0.0280911922454834,55.71003132669174,55.2133023309035
*** input parameters ***
  einsum_str: Babcd,aij,bik,ckl,dlm,ejp,fop,gno,hmn->Befgh
  dim_sizes:  128,4,7,4,7,3,4,5,5,50,50,50,50,50,50,50,50
  cont_path:  (1,5),(4,5),(1,2),(1,2),(1,2),(1,2),(1,2),(0,1)
  backend:    torch
  dtype:      FP32
*** benchmarking opt_einsum expression ***
  #flops :          1564961200
  #bytes :          945008
  arith. intensity: 1656.03
  time (eval):      0.026158
  time (compile):   0.000257
  gflops (eval):    59.83
  gflops (total):   59.24
CSV_DATA: opt_einsum,torch,"Babcd,aij,bik,ckl,dlm,ejp,fop,gno,hmn->Befgh","128,4,7,4,7,3,4,5,5,50,50,50,50,50,50,50,50","(1,5),(4,5),(1,2),(1,2),(1,2),(1,2),(1,2),(0,1)",FP32,1564961200,1656.029578585578,0.0002574920654296875,0.02615809440612793,59.827033869614915,59.24385595924726
*** input parameters ***
  einsum_str: Babcd,aij,bik,ckl,dlm,ejp,fop,gno,hmn->Befgh
  dim_sizes:  128,4,7,4,7,3,4,5,5,50,50,50,50,50,50,50,50
  cont_path:  (1,5),(4,5),(1,2),(1,2),(1,2),(1,2),(1,2),(0,1)
  backend:    torch
  dtype:      FP32
*** benchmarking opt_einsum expression ***
  #flops :          1564961200
  #bytes :          945008
  arith. intensity: 1656.03
  time (eval):      0.042054
  time (compile):   0.000260
  gflops (eval):    37.21
  gflops (total):   36.98
CSV_DATA: opt_einsum,torch,"Babcd,aij,bik,ckl,dlm,ejp,fop,gno,hmn->Befgh","128,4,7,4,7,3,4,5,5,50,50,50,50,50,50,50,50","(1,5),(4,5),(1,2),(1,2),(1,2),(1,2),(1,2),(0,1)",FP32,1564961200,1656.029578585578,0.0002601146697998047,0.042054176330566406,37.212979460081186,36.98422360394638
*** input parameters ***
  einsum_str: Babcd,aij,bik,ckl,dlm,ejp,fop,gno,hmn->Befgh
  dim_sizes:  128,4,7,4,7,3,4,5,5,50,50,50,50,50,50,50,50
  cont_path:  (1,5),(4,5),(1,2),(1,2),(1,2),(1,2),(1,2),(0,1)
  backend:    torch
  dtype:      FP32
*** benchmarking opt_einsum expression ***
  #flops :          1564961200
  #bytes :          945008
  arith. intensity: 1656.03
  time (eval):      0.028795
  time (compile):   0.000260
  gflops (eval):    54.35
  gflops (total):   53.86
CSV_DATA: opt_einsum,torch,"Babcd,aij,bik,ckl,dlm,ejp,fop,gno,hmn->Befgh","128,4,7,4,7,3,4,5,5,50,50,50,50,50,50,50,50","(1,5),(4,5),(1,2),(1,2),(1,2),(1,2),(1,2),(0,1)",FP32,1564961200,1656.029578585578,0.00026035308837890625,0.028795480728149414,54.347458713205334,53.860481508872645
*** input parameters ***
  einsum_str: Babcd,aij,bik,ckl,dlm,ejp,fop,gno,hmn->Befgh
  dim_sizes:  128,4,7,4,7,3,4,5,5,50,50,50,50,50,50,50,50
  cont_path:  (1,5),(4,5),(1,2),(1,2),(1,2),(1,2),(1,2),(0,1)
  backend:    torch
  dtype:      FP32
*** benchmarking opt_einsum expression ***
  #flops :          1564961200
  #bytes :          945008
  arith. intensity: 1656.03
  time (eval):      0.027320
  time (compile):   0.000256
  gflops (eval):    57.28
  gflops (total):   56.75
CSV_DATA: opt_einsum,torch,"Babcd,aij,bik,ckl,dlm,ejp,fop,gno,hmn->Befgh","128,4,7,4,7,3,4,5,5,50,50,50,50,50,50,50,50","(1,5),(4,5),(1,2),(1,2),(1,2),(1,2),(1,2),(0,1)",FP32,1564961200,1656.029578585578,0.000255584716796875,0.027320146560668945,57.28231349435636,56.751394342127426
*** input parameters ***
  einsum_str: Babcd,aij,bik,ckl,dlm,ejp,fop,gno,hmn->Befgh
  dim_sizes:  128,4,7,4,7,3,4,5,5,50,50,50,50,50,50,50,50
  cont_path:  (1,5),(4,5),(1,2),(1,2),(1,2),(1,2),(1,2),(0,1)
  backend:    torch
  dtype:      FP32
*** benchmarking opt_einsum expression ***
  #flops :          1564961200
  #bytes :          945008
  arith. intensity: 1656.03
  time (eval):      0.040428
  time (compile):   0.000271
  gflops (eval):    38.71
  gflops (total):   38.45
CSV_DATA: opt_einsum,torch,"Babcd,aij,bik,ckl,dlm,ejp,fop,gno,hmn->Befgh","128,4,7,4,7,3,4,5,5,50,50,50,50,50,50,50,50","(1,5),(4,5),(1,2),(1,2),(1,2),(1,2),(1,2),(0,1)",FP32,1564961200,1656.029578585578,0.00027108192443847656,0.04042840003967285,38.70945173354092,38.451624553353724
*** input parameters ***
  einsum_str: Babcd,aij,bik,ckl,dlm,ejp,fop,gno,hmn->Befgh
  dim_sizes:  128,4,7,4,7,3,4,5,5,50,50,50,50,50,50,50,50
  cont_path:  (1,5),(4,5),(1,2),(1,2),(1,2),(1,2),(1,2),(0,1)
  backend:    torch
  dtype:      FP32
*** benchmarking opt_einsum expression ***
  #flops :          1564961200
  #bytes :          945008
  arith. intensity: 1656.03
  time (eval):      0.027491
  time (compile):   0.000253
  gflops (eval):    56.93
  gflops (total):   56.41
CSV_DATA: opt_einsum,torch,"Babcd,aij,bik,ckl,dlm,ejp,fop,gno,hmn->Befgh","128,4,7,4,7,3,4,5,5,50,50,50,50,50,50,50,50","(1,5),(4,5),(1,2),(1,2),(1,2),(1,2),(1,2),(0,1)",FP32,1564961200,1656.029578585578,0.00025272369384765625,0.027490615844726562,56.927105920044404,56.4085371850813
*** input parameters ***
  einsum_str: Babcd,aij,bik,ckl,dlm,ejp,fop,gno,hmn->Befgh
  dim_sizes:  128,4,7,4,7,3,4,5,5,50,50,50,50,50,50,50,50
  cont_path:  (1,5),(4,5),(1,2),(1,2),(1,2),(1,2),(1,2),(0,1)
  backend:    torch
  dtype:      FP32
*** benchmarking opt_einsum expression ***
  #flops :          1564961200
  #bytes :          945008
  arith. intensity: 1656.03
  time (eval):      0.030992
  time (compile):   0.000251
  gflops (eval):    50.50
  gflops (total):   50.09
CSV_DATA: opt_einsum,torch,"Babcd,aij,bik,ckl,dlm,ejp,fop,gno,hmn->Befgh","128,4,7,4,7,3,4,5,5,50,50,50,50,50,50,50,50","(1,5),(4,5),(1,2),(1,2),(1,2),(1,2),(1,2),(0,1)",FP32,1564961200,1656.029578585578,0.0002510547637939453,0.030991554260253906,50.49637675019848,50.090605390715886
*** input parameters ***
  einsum_str: Babcd,aij,bik,ckl,dlm,ejp,fop,gno,hmn->Befgh
  dim_sizes:  128,4,7,4,7,3,4,5,5,50,50,50,50,50,50,50,50
  cont_path:  (1,5),(4,5),(1,2),(1,2),(1,2),(1,2),(1,2),(0,1)
  backend:    torch
  dtype:      FP32
*** benchmarking opt_einsum expression ***
  #flops :          1564961200
  #bytes :          945008
  arith. intensity: 1656.03
  time (eval):      0.028557
  time (compile):   0.000255
  gflops (eval):    54.80
  gflops (total):   54.32
CSV_DATA: opt_einsum,torch,"Babcd,aij,bik,ckl,dlm,ejp,fop,gno,hmn->Befgh","128,4,7,4,7,3,4,5,5,50,50,50,50,50,50,50,50","(1,5),(4,5),(1,2),(1,2),(1,2),(1,2),(1,2),(0,1)",FP32,1564961200,1656.029578585578,0.00025463104248046875,0.02855706214904785,54.80119740020873,54.316877165003106
*** input parameters ***
  einsum_str: Babcd,aij,bik,ckl,dlm,ejp,fop,gno,hmn->Befgh
  dim_sizes:  128,4,7,4,7,3,4,5,5,50,50,50,50,50,50,50,50
  cont_path:  (1,5),(4,5),(1,2),(1,2),(1,2),(1,2),(1,2),(0,1)
  backend:    torch
  dtype:      FP32
*** benchmarking opt_einsum expression ***
  #flops :          1564961200
  #bytes :          945008
  arith. intensity: 1656.03
  time (eval):      0.027260
  time (compile):   0.000270
  gflops (eval):    57.41
  gflops (total):   56.85
CSV_DATA: opt_einsum,torch,"Babcd,aij,bik,ckl,dlm,ejp,fop,gno,hmn->Befgh","128,4,7,4,7,3,4,5,5,50,50,50,50,50,50,50,50","(1,5),(4,5),(1,2),(1,2),(1,2),(1,2),(1,2),(0,1)",FP32,1564961200,1656.029578585578,0.0002696514129638672,0.027260303497314453,57.40806224531477,56.84575964981771
*** input parameters ***
  einsum_str: Babcd,aij,bik,ckl,dlm,ejp,fop,gno,hmn->Befgh
  dim_sizes:  128,4,7,4,7,3,4,5,5,50,50,50,50,50,50,50,50
  cont_path:  (1,5),(4,5),(1,2),(1,2),(1,2),(1,2),(1,2),(0,1)
  backend:    torch
  dtype:      FP32
*** benchmarking opt_einsum expression ***
  #flops :          1564961200
  #bytes :          945008
  arith. intensity: 1656.03
  time (eval):      0.028243
  time (compile):   0.000250
  gflops (eval):    55.41
  gflops (total):   54.92
CSV_DATA: opt_einsum,torch,"Babcd,aij,bik,ckl,dlm,ejp,fop,gno,hmn->Befgh","128,4,7,4,7,3,4,5,5,50,50,50,50,50,50,50,50","(1,5),(4,5),(1,2),(1,2),(1,2),(1,2),(1,2),(0,1)",FP32,1564961200,1656.029578585578,0.0002503395080566406,0.028243064880371094,55.410459404058756,54.92362999752992
*** input parameters ***
  einsum_str: Babcd,aij,bik,ckl,dlm,ejp,fop,gno,hmn->Befgh
  dim_sizes:  128,4,7,4,7,3,4,5,5,50,50,50,50,50,50,50,50
  cont_path:  (1,5),(4,5),(1,2),(1,2),(1,2),(1,2),(1,2),(0,1)
  backend:    torch
  dtype:      FP32
*** benchmarking opt_einsum expression ***
  #flops :          1564961200
  #bytes :          945008
  arith. intensity: 1656.03
  time (eval):      0.042299
  time (compile):   0.000254
  gflops (eval):    37.00
  gflops (total):   36.78
CSV_DATA: opt_einsum,torch,"Babcd,aij,bik,ckl,dlm,ejp,fop,gno,hmn->Befgh","128,4,7,4,7,3,4,5,5,50,50,50,50,50,50,50,50","(1,5),(4,5),(1,2),(1,2),(1,2),(1,2),(1,2),(0,1)",FP32,1564961200,1656.029578585578,0.0002541542053222656,0.04229927062988281,36.99735661386121,36.77638653200211
*** input parameters ***
  einsum_str: Babcd,aij,bik,ckl,dlm,ejp,fop,gno,hmn->Befgh
  dim_sizes:  128,4,7,4,7,3,4,5,5,50,50,50,50,50,50,50,50
  cont_path:  (1,5),(4,5),(1,2),(1,2),(1,2),(1,2),(1,2),(0,1)
  backend:    torch
  dtype:      FP32
*** benchmarking opt_einsum expression ***
  #flops :          1564961200
  #bytes :          945008
  arith. intensity: 1656.03
  time (eval):      0.029502
  time (compile):   0.000276
  gflops (eval):    53.05
  gflops (total):   52.56
CSV_DATA: opt_einsum,torch,"Babcd,aij,bik,ckl,dlm,ejp,fop,gno,hmn->Befgh","128,4,7,4,7,3,4,5,5,50,50,50,50,50,50,50,50","(1,5),(4,5),(1,2),(1,2),(1,2),(1,2),(1,2),(0,1)",FP32,1564961200,1656.029578585578,0.00027561187744140625,0.029501914978027344,53.04608874256344,52.555110019574684
*** input parameters ***
  einsum_str: Babcd,aij,bik,ckl,dlm,ejp,fop,gno,hmn->Befgh
  dim_sizes:  128,4,7,4,7,3,4,5,5,50,50,50,50,50,50,50,50
  cont_path:  (1,5),(4,5),(1,2),(1,2),(1,2),(1,2),(1,2),(0,1)
  backend:    torch
  dtype:      FP32
*** benchmarking opt_einsum expression ***
  #flops :          1564961200
  #bytes :          945008
  arith. intensity: 1656.03
  time (eval):      0.027891
  time (compile):   0.000248
  gflops (eval):    56.11
  gflops (total):   55.61
CSV_DATA: opt_einsum,torch,"Babcd,aij,bik,ckl,dlm,ejp,fop,gno,hmn->Befgh","128,4,7,4,7,3,4,5,5,50,50,50,50,50,50,50,50","(1,5),(4,5),(1,2),(1,2),(1,2),(1,2),(1,2),(0,1)",FP32,1564961200,1656.029578585578,0.000247955322265625,0.02789139747619629,56.10909963674659,55.614683507772085
*** input parameters ***
  einsum_str: Babcd,aij,bik,ckl,dlm,ejp,fop,gno,hmn->Befgh
  dim_sizes:  128,4,7,4,7,3,4,5,5,50,50,50,50,50,50,50,50
  cont_path:  (1,5),(4,5),(1,2),(1,2),(1,2),(1,2),(1,2),(0,1)
  backend:    torch
  dtype:      FP32
*** benchmarking opt_einsum expression ***
  #flops :          1564961200
  #bytes :          945008
  arith. intensity: 1656.03
  time (eval):      0.027961
  time (compile):   0.000260
  gflops (eval):    55.97
  gflops (total):   55.45
CSV_DATA: opt_einsum,torch,"Babcd,aij,bik,ckl,dlm,ejp,fop,gno,hmn->Befgh","128,4,7,4,7,3,4,5,5,50,50,50,50,50,50,50,50","(1,5),(4,5),(1,2),(1,2),(1,2),(1,2),(1,2),(0,1)",FP32,1564961200,1656.029578585578,0.0002598762512207031,0.027960777282714844,55.96987466322862,55.45446345238329
*** input parameters ***
  einsum_str: Babcd,aij,bik,ckl,dlm,ejp,fop,gno,hmn->Befgh
  dim_sizes:  128,4,7,4,7,3,4,5,5,50,50,50,50,50,50,50,50
  cont_path:  (1,5),(4,5),(1,2),(1,2),(1,2),(1,2),(1,2),(0,1)
  backend:    torch
  dtype:      FP32
*** benchmarking opt_einsum expression ***
  #flops :          1564961200
  #bytes :          945008
  arith. intensity: 1656.03
  time (eval):      0.029314
  time (compile):   0.000256
  gflops (eval):    53.39
  gflops (total):   52.92
CSV_DATA: opt_einsum,torch,"Babcd,aij,bik,ckl,dlm,ejp,fop,gno,hmn->Befgh","128,4,7,4,7,3,4,5,5,50,50,50,50,50,50,50,50","(1,5),(4,5),(1,2),(1,2),(1,2),(1,2),(1,2),(0,1)",FP32,1564961200,1656.029578585578,0.0002560615539550781,0.029314279556274414,53.38562719905004,52.92333944225693
*** input parameters ***
  einsum_str: Babcd,aij,bik,ckl,dlm,ejp,fop,gno,hmn->Befgh
  dim_sizes:  128,4,7,4,7,3,4,5,5,50,50,50,50,50,50,50,50
  cont_path:  (1,5),(4,5),(1,2),(1,2),(1,2),(1,2),(1,2),(0,1)
  backend:    torch
  dtype:      FP32
*** benchmarking opt_einsum expression ***
  #flops :          1564961200
  #bytes :          945008
  arith. intensity: 1656.03
  time (eval):      0.040799
  time (compile):   0.000254
  gflops (eval):    38.36
  gflops (total):   38.12
CSV_DATA: opt_einsum,torch,"Babcd,aij,bik,ckl,dlm,ejp,fop,gno,hmn->Befgh","128,4,7,4,7,3,4,5,5,50,50,50,50,50,50,50,50","(1,5),(4,5),(1,2),(1,2),(1,2),(1,2),(1,2),(0,1)",FP32,1564961200,1656.029578585578,0.0002541542053222656,0.04079890251159668,38.357923955311676,38.12045497101906
*** input parameters ***
  einsum_str: Babcd,aij,bik,ckl,dlm,ejp,fop,gno,hmn->Befgh
  dim_sizes:  128,4,7,4,7,3,4,5,5,50,50,50,50,50,50,50,50
  cont_path:  (1,5),(4,5),(1,2),(1,2),(1,2),(1,2),(1,2),(0,1)
  backend:    torch
  dtype:      FP32
*** benchmarking opt_einsum expression ***
  #flops :          1564961200
  #bytes :          945008
  arith. intensity: 1656.03
  time (eval):      0.028269
  time (compile):   0.000261
  gflops (eval):    55.36
  gflops (total):   54.85
CSV_DATA: opt_einsum,torch,"Babcd,aij,bik,ckl,dlm,ejp,fop,gno,hmn->Befgh","128,4,7,4,7,3,4,5,5,50,50,50,50,50,50,50,50","(1,5),(4,5),(1,2),(1,2),(1,2),(1,2),(1,2),(0,1)",FP32,1564961200,1656.029578585578,0.0002605915069580078,0.028269290924072266,55.359053900689894,54.8534051545156
*** input parameters ***
  einsum_str: Babcd,aij,bik,ckl,dlm,ejp,fop,gno,hmn->Befgh
  dim_sizes:  128,4,7,4,7,3,4,5,5,50,50,50,50,50,50,50,50
  cont_path:  (1,5),(4,5),(1,2),(1,2),(1,2),(1,2),(1,2),(0,1)
  backend:    torch
  dtype:      FP32
*** benchmarking opt_einsum expression ***
  #flops :          1564961200
  #bytes :          945008
  arith. intensity: 1656.03
  time (eval):      0.041419
  time (compile):   0.000265
  gflops (eval):    37.78
  gflops (total):   37.54
CSV_DATA: opt_einsum,torch,"Babcd,aij,bik,ckl,dlm,ejp,fop,gno,hmn->Befgh","128,4,7,4,7,3,4,5,5,50,50,50,50,50,50,50,50","(1,5),(4,5),(1,2),(1,2),(1,2),(1,2),(1,2),(0,1)",FP32,1564961200,1656.029578585578,0.0002646446228027344,0.041419029235839844,37.78362817460339,37.543744471926516
*** input parameters ***
  einsum_str: Babcd,aij,bik,ckl,dlm,ejp,fop,gno,hmn->Befgh
  dim_sizes:  128,4,7,4,7,3,4,5,5,50,50,50,50,50,50,50,50
  cont_path:  (1,5),(4,5),(1,2),(1,2),(1,2),(1,2),(1,2),(0,1)
  backend:    torch
  dtype:      FP32
*** benchmarking opt_einsum expression ***
  #flops :          1564961200
  #bytes :          945008
  arith. intensity: 1656.03
  time (eval):      0.028331
  time (compile):   0.000273
  gflops (eval):    55.24
  gflops (total):   54.71
CSV_DATA: opt_einsum,torch,"Babcd,aij,bik,ckl,dlm,ejp,fop,gno,hmn->Befgh","128,4,7,4,7,3,4,5,5,50,50,50,50,50,50,50,50","(1,5),(4,5),(1,2),(1,2),(1,2),(1,2),(1,2),(0,1)",FP32,1564961200,1656.029578585578,0.0002734661102294922,0.028330564498901367,55.239322889619366,54.711212604437634
*** input parameters ***
  einsum_str: Babcd,aij,bik,ckl,dlm,ejp,fop,gno,hmn->Befgh
  dim_sizes:  128,4,7,4,7,3,4,5,5,50,50,50,50,50,50,50,50
  cont_path:  (1,5),(4,5),(1,2),(1,2),(1,2),(1,2),(1,2),(0,1)
  backend:    torch
  dtype:      FP32
*** benchmarking opt_einsum expression ***
  #flops :          1564961200
  #bytes :          945008
  arith. intensity: 1656.03
  time (eval):      0.028769
  time (compile):   0.000249
  gflops (eval):    54.40
  gflops (total):   53.93
CSV_DATA: opt_einsum,torch,"Babcd,aij,bik,ckl,dlm,ejp,fop,gno,hmn->Befgh","128,4,7,4,7,3,4,5,5,50,50,50,50,50,50,50,50","(1,5),(4,5),(1,2),(1,2),(1,2),(1,2),(1,2),(0,1)",FP32,1564961200,1656.029578585578,0.00024890899658203125,0.028768539428710938,54.39835428134987,53.93173021498012
*** input parameters ***
  einsum_str: Babcd,aij,bik,ckl,dlm,ejp,fop,gno,hmn->Befgh
  dim_sizes:  128,4,7,4,7,3,4,5,5,50,50,50,50,50,50,50,50
  cont_path:  (1,5),(4,5),(1,2),(1,2),(1,2),(1,2),(1,2),(0,1)
  backend:    torch
  dtype:      FP32
*** benchmarking opt_einsum expression ***
  #flops :          1564961200
  #bytes :          945008
  arith. intensity: 1656.03
  time (eval):      0.042221
  time (compile):   0.000249
  gflops (eval):    37.07
  gflops (total):   36.85
CSV_DATA: opt_einsum,torch,"Babcd,aij,bik,ckl,dlm,ejp,fop,gno,hmn->Befgh","128,4,7,4,7,3,4,5,5,50,50,50,50,50,50,50,50","(1,5),(4,5),(1,2),(1,2),(1,2),(1,2),(1,2),(0,1)",FP32,1564961200,1656.029578585578,0.0002491474151611328,0.0422208309173584,37.066091926594275,36.848646065865765
*** input parameters ***
  einsum_str: Babcd,aij,bik,ckl,dlm,ejp,fop,gno,hmn->Befgh
  dim_sizes:  128,4,7,4,7,3,4,5,5,50,50,50,50,50,50,50,50
  cont_path:  (1,5),(4,5),(1,2),(1,2),(1,2),(1,2),(1,2),(0,1)
  backend:    torch
  dtype:      FP32
*** benchmarking opt_einsum expression ***
  #flops :          1564961200
  #bytes :          945008
  arith. intensity: 1656.03
  time (eval):      0.028480
  time (compile):   0.000246
  gflops (eval):    54.95
  gflops (total):   54.48
CSV_DATA: opt_einsum,torch,"Babcd,aij,bik,ckl,dlm,ejp,fop,gno,hmn->Befgh","128,4,7,4,7,3,4,5,5,50,50,50,50,50,50,50,50","(1,5),(4,5),(1,2),(1,2),(1,2),(1,2),(1,2),(0,1)",FP32,1564961200,1656.029578585578,0.00024580955505371094,0.028480052947998047,54.94937817908819,54.47917185545753
*** input parameters ***
  einsum_str: Babcd,aij,bik,ckl,dlm,ejp,fop,gno,hmn->Befgh
  dim_sizes:  128,4,7,4,7,3,4,5,5,50,50,50,50,50,50,50,50
  cont_path:  (1,5),(4,5),(1,2),(1,2),(1,2),(1,2),(1,2),(0,1)
  backend:    torch
  dtype:      FP32
*** benchmarking opt_einsum expression ***
  #flops :          1564961200
  #bytes :          945008
  arith. intensity: 1656.03
  time (eval):      0.028831
  time (compile):   0.000257
  gflops (eval):    54.28
  gflops (total):   53.80
CSV_DATA: opt_einsum,torch,"Babcd,aij,bik,ckl,dlm,ejp,fop,gno,hmn->Befgh","128,4,7,4,7,3,4,5,5,50,50,50,50,50,50,50,50","(1,5),(4,5),(1,2),(1,2),(1,2),(1,2),(1,2),(0,1)",FP32,1564961200,1656.029578585578,0.0002570152282714844,0.028830528259277344,54.28139179157818,53.80176571699481
*** input parameters ***
  einsum_str: Babcd,aij,bik,ckl,dlm,ejp,fop,gno,hmn->Befgh
  dim_sizes:  128,4,7,4,7,3,4,5,5,50,50,50,50,50,50,50,50
  cont_path:  (1,5),(4,5),(1,2),(1,2),(1,2),(1,2),(1,2),(0,1)
  backend:    torch
  dtype:      FP32
*** benchmarking opt_einsum expression ***
  #flops :          1564961200
  #bytes :          945008
  arith. intensity: 1656.03
  time (eval):      0.042347
  time (compile):   0.000263
  gflops (eval):    36.96
  gflops (total):   36.73
CSV_DATA: opt_einsum,torch,"Babcd,aij,bik,ckl,dlm,ejp,fop,gno,hmn->Befgh","128,4,7,4,7,3,4,5,5,50,50,50,50,50,50,50,50","(1,5),(4,5),(1,2),(1,2),(1,2),(1,2),(1,2),(0,1)",FP32,1564961200,1656.029578585578,0.0002627372741699219,0.04234719276428223,36.95548861316654,36.727617214760606
*** input parameters ***
  einsum_str: Babcd,aij,bik,ckl,dlm,ejp,fop,gno,hmn->Befgh
  dim_sizes:  128,4,7,4,7,3,4,5,5,50,50,50,50,50,50,50,50
  cont_path:  (1,5),(4,5),(1,2),(1,2),(1,2),(1,2),(1,2),(0,1)
  backend:    torch
  dtype:      FP32
*** benchmarking opt_einsum expression ***
  #flops :          1564961200
  #bytes :          945008
  arith. intensity: 1656.03
  time (eval):      0.029804
  time (compile):   0.000253
  gflops (eval):    52.51
  gflops (total):   52.07
CSV_DATA: opt_einsum,torch,"Babcd,aij,bik,ckl,dlm,ejp,fop,gno,hmn->Befgh","128,4,7,4,7,3,4,5,5,50,50,50,50,50,50,50,50","(1,5),(4,5),(1,2),(1,2),(1,2),(1,2),(1,2),(0,1)",FP32,1564961200,1656.029578585578,0.00025272369384765625,0.029803752899169922,52.50886374257876,52.067353775044815
*** input parameters ***
  einsum_str: Babcd,aij,bik,ckl,dlm,ejp,fop,gno,hmn->Befgh
  dim_sizes:  128,4,7,4,7,3,4,5,5,50,50,50,50,50,50,50,50
  cont_path:  (1,5),(4,5),(1,2),(1,2),(1,2),(1,2),(1,2),(0,1)
  backend:    torch
  dtype:      FP32
*** benchmarking opt_einsum expression ***
  #flops :          1564961200
  #bytes :          945008
  arith. intensity: 1656.03
  time (eval):      0.028056
  time (compile):   0.000257
  gflops (eval):    55.78
  gflops (total):   55.27
CSV_DATA: opt_einsum,torch,"Babcd,aij,bik,ckl,dlm,ejp,fop,gno,hmn->Befgh","128,4,7,4,7,3,4,5,5,50,50,50,50,50,50,50,50","(1,5),(4,5),(1,2),(1,2),(1,2),(1,2),(1,2),(0,1)",FP32,1564961200,1656.029578585578,0.00025653839111328125,0.028055906295776367,55.780097905288294,55.27467575856035
*** input parameters ***
  einsum_str: Babcd,aij,bik,ckl,dlm,ejp,fop,gno,hmn->Befgh
  dim_sizes:  128,4,7,4,7,3,4,5,5,50,50,50,50,50,50,50,50
  cont_path:  (1,5),(4,5),(1,2),(1,2),(1,2),(1,2),(1,2),(0,1)
  backend:    torch
  dtype:      FP32
*** benchmarking opt_einsum expression ***
  #flops :          1564961200
  #bytes :          945008
  arith. intensity: 1656.03
  time (eval):      0.027882
  time (compile):   0.000259
  gflops (eval):    56.13
  gflops (total):   55.61
CSV_DATA: opt_einsum,torch,"Babcd,aij,bik,ckl,dlm,ejp,fop,gno,hmn->Befgh","128,4,7,4,7,3,4,5,5,50,50,50,50,50,50,50,50","(1,5),(4,5),(1,2),(1,2),(1,2),(1,2),(1,2),(0,1)",FP32,1564961200,1656.029578585578,0.00025916099548339844,0.027881622314453125,56.128771215323574,55.61185638522761
*** input parameters ***
  einsum_str: Babcd,aij,bik,ckl,dlm,ejp,fop,gno,hmn->Befgh
  dim_sizes:  128,4,7,4,7,3,4,5,5,50,50,50,50,50,50,50,50
  cont_path:  (1,5),(4,5),(1,2),(1,2),(1,2),(1,2),(1,2),(0,1)
  backend:    torch
  dtype:      FP32
*** benchmarking opt_einsum expression ***
  #flops :          1564961200
  #bytes :          945008
  arith. intensity: 1656.03
  time (eval):      0.027996
  time (compile):   0.000252
  gflops (eval):    55.90
  gflops (total):   55.40
CSV_DATA: opt_einsum,torch,"Babcd,aij,bik,ckl,dlm,ejp,fop,gno,hmn->Befgh","128,4,7,4,7,3,4,5,5,50,50,50,50,50,50,50,50","(1,5),(4,5),(1,2),(1,2),(1,2),(1,2),(1,2),(0,1)",FP32,1564961200,1656.029578585578,0.0002524852752685547,0.027995824813842773,55.89980686070702,55.40017066731487
*** input parameters ***
  einsum_str: Babcd,aij,bik,ckl,dlm,ejp,fop,gno,hmn->Befgh
  dim_sizes:  128,4,7,4,7,3,4,5,5,50,50,50,50,50,50,50,50
  cont_path:  (1,5),(4,5),(1,2),(1,2),(1,2),(1,2),(1,2),(0,1)
  backend:    torch
  dtype:      FP32
*** benchmarking opt_einsum expression ***
  #flops :          1564961200
  #bytes :          945008
  arith. intensity: 1656.03
  time (eval):      0.023926
  time (compile):   0.000273
  gflops (eval):    65.41
  gflops (total):   64.67
CSV_DATA: opt_einsum,torch,"Babcd,aij,bik,ckl,dlm,ejp,fop,gno,hmn->Befgh","128,4,7,4,7,3,4,5,5,50,50,50,50,50,50,50,50","(1,5),(4,5),(1,2),(1,2),(1,2),(1,2),(1,2),(0,1)",FP32,1564961200,1656.029578585578,0.0002734661102294922,0.023926258087158203,65.40768699807482,64.66855519654783
*** input parameters ***
  einsum_str: Babcd,aij,bik,ckl,dlm,ejp,fop,gno,hmn->Befgh
  dim_sizes:  128,4,7,4,7,3,4,5,5,50,50,50,50,50,50,50,50
  cont_path:  (1,5),(4,5),(1,2),(1,2),(1,2),(1,2),(1,2),(0,1)
  backend:    torch
  dtype:      FP32
*** benchmarking opt_einsum expression ***
  #flops :          1564961200
  #bytes :          945008
  arith. intensity: 1656.03
  time (eval):      0.024125
  time (compile):   0.000265
  gflops (eval):    64.87
  gflops (total):   64.16
CSV_DATA: opt_einsum,torch,"Babcd,aij,bik,ckl,dlm,ejp,fop,gno,hmn->Befgh","128,4,7,4,7,3,4,5,5,50,50,50,50,50,50,50,50","(1,5),(4,5),(1,2),(1,2),(1,2),(1,2),(1,2),(0,1)",FP32,1564961200,1656.029578585578,0.0002651214599609375,0.024125337600708008,64.86795028120449,64.16284318828556
*** input parameters ***
  einsum_str: Babcd,aij,bik,ckl,dlm,ejp,fop,gno,hmn->Befgh
  dim_sizes:  128,4,7,4,7,3,4,5,5,50,50,50,50,50,50,50,50
  cont_path:  (1,5),(4,5),(1,2),(1,2),(1,2),(1,2),(1,2),(0,1)
  backend:    torch
  dtype:      FP32
*** benchmarking opt_einsum expression ***
  #flops :          1564961200
  #bytes :          945008
  arith. intensity: 1656.03
  time (eval):      0.028040
  time (compile):   0.000256
  gflops (eval):    55.81
  gflops (total):   55.31
CSV_DATA: opt_einsum,torch,"Babcd,aij,bik,ckl,dlm,ejp,fop,gno,hmn->Befgh","128,4,7,4,7,3,4,5,5,50,50,50,50,50,50,50,50","(1,5),(4,5),(1,2),(1,2),(1,2),(1,2),(1,2),(0,1)",FP32,1564961200,1656.029578585578,0.0002562999725341797,0.028040170669555664,55.81140066665647,55.305879655259346
*** input parameters ***
  einsum_str: Babcd,aij,bik,ckl,dlm,ejp,fop,gno,hmn->Befgh
  dim_sizes:  128,4,7,4,7,3,4,5,5,50,50,50,50,50,50,50,50
  cont_path:  (1,5),(4,5),(1,2),(1,2),(1,2),(1,2),(1,2),(0,1)
  backend:    torch
  dtype:      FP32
*** benchmarking opt_einsum expression ***
  #flops :          1564961200
  #bytes :          945008
  arith. intensity: 1656.03
  time (eval):      0.026413
  time (compile):   0.000257
  gflops (eval):    59.25
  gflops (total):   58.68
CSV_DATA: opt_einsum,torch,"Babcd,aij,bik,ckl,dlm,ejp,fop,gno,hmn->Befgh","128,4,7,4,7,3,4,5,5,50,50,50,50,50,50,50,50","(1,5),(4,5),(1,2),(1,2),(1,2),(1,2),(1,2),(0,1)",FP32,1564961200,1656.029578585578,0.0002570152282714844,0.0264129638671875,59.24973841894859,58.67875615494806
*** input parameters ***
  einsum_str: Babcd,aij,bik,ckl,dlm,ejp,fop,gno,hmn->Befgh
  dim_sizes:  128,4,7,4,7,3,4,5,5,50,50,50,50,50,50,50,50
  cont_path:  (1,5),(4,5),(1,2),(1,2),(1,2),(1,2),(1,2),(0,1)
  backend:    torch
  dtype:      FP32
*** benchmarking opt_einsum expression ***
  #flops :          1564961200
  #bytes :          945008
  arith. intensity: 1656.03
  time (eval):      0.042508
  time (compile):   0.000259
  gflops (eval):    36.82
  gflops (total):   36.59
CSV_DATA: opt_einsum,torch,"Babcd,aij,bik,ckl,dlm,ejp,fop,gno,hmn->Befgh","128,4,7,4,7,3,4,5,5,50,50,50,50,50,50,50,50","(1,5),(4,5),(1,2),(1,2),(1,2),(1,2),(1,2),(0,1)",FP32,1564961200,1656.029578585578,0.0002589225769042969,0.04250764846801758,36.81599091931572,36.593095068486306
*** input parameters ***
  einsum_str: Babcd,aij,bik,ckl,dlm,ejp,fop,gno,hmn->Befgh
  dim_sizes:  128,4,7,4,7,3,4,5,5,50,50,50,50,50,50,50,50
  cont_path:  (1,5),(4,5),(1,2),(1,2),(1,2),(1,2),(1,2),(0,1)
  backend:    torch
  dtype:      FP32
*** benchmarking opt_einsum expression ***
  #flops :          1564961200
  #bytes :          945008
  arith. intensity: 1656.03
  time (eval):      0.041065
  time (compile):   0.000251
  gflops (eval):    38.11
  gflops (total):   37.88
CSV_DATA: opt_einsum,torch,"Babcd,aij,bik,ckl,dlm,ejp,fop,gno,hmn->Befgh","128,4,7,4,7,3,4,5,5,50,50,50,50,50,50,50,50","(1,5),(4,5),(1,2),(1,2),(1,2),(1,2),(1,2),(0,1)",FP32,1564961200,1656.029578585578,0.0002505779266357422,0.04106450080871582,38.109831342886835,37.878693394838656
*** input parameters ***
  einsum_str: Babcd,aij,bik,ckl,dlm,ejp,fop,gno,hmn->Befgh
  dim_sizes:  128,4,7,4,7,3,4,5,5,50,50,50,50,50,50,50,50
  cont_path:  (1,5),(4,5),(1,2),(1,2),(1,2),(1,2),(1,2),(0,1)
  backend:    torch
  dtype:      FP32
*** benchmarking opt_einsum expression ***
  #flops :          1564961200
  #bytes :          945008
  arith. intensity: 1656.03
  time (eval):      0.027889
  time (compile):   0.000249
  gflops (eval):    56.11
  gflops (total):   55.62
CSV_DATA: opt_einsum,torch,"Babcd,aij,bik,ckl,dlm,ejp,fop,gno,hmn->Befgh","128,4,7,4,7,3,4,5,5,50,50,50,50,50,50,50,50","(1,5),(4,5),(1,2),(1,2),(1,2),(1,2),(1,2),(0,1)",FP32,1564961200,1656.029578585578,0.0002493858337402344,0.02788853645324707,56.11485574452908,55.617510917774254
*** input parameters ***
  einsum_str: Babcd,aij,bik,ckl,dlm,ejp,fop,gno,hmn->Befgh
  dim_sizes:  128,4,7,4,7,3,4,5,5,50,50,50,50,50,50,50,50
  cont_path:  (1,5),(4,5),(1,2),(1,2),(1,2),(1,2),(1,2),(0,1)
  backend:    torch
  dtype:      FP32
*** benchmarking opt_einsum expression ***
  #flops :          1564961200
  #bytes :          945008
  arith. intensity: 1656.03
  time (eval):      0.032574
  time (compile):   0.000251
  gflops (eval):    48.04
  gflops (total):   47.68
CSV_DATA: opt_einsum,torch,"Babcd,aij,bik,ckl,dlm,ejp,fop,gno,hmn->Befgh","128,4,7,4,7,3,4,5,5,50,50,50,50,50,50,50,50","(1,5),(4,5),(1,2),(1,2),(1,2),(1,2),(1,2),(0,1)",FP32,1564961200,1656.029578585578,0.0002510547637939453,0.03257393836975098,48.043352395277594,47.67590334697483
*** input parameters ***
  einsum_str: Babcd,aij,bik,ckl,dlm,ejp,fop,gno,hmn->Befgh
  dim_sizes:  128,4,7,4,7,3,4,5,5,50,50,50,50,50,50,50,50
  cont_path:  (1,5),(4,5),(1,2),(1,2),(1,2),(1,2),(1,2),(0,1)
  backend:    torch
  dtype:      FP32
*** benchmarking opt_einsum expression ***
  #flops :          1564961200
  #bytes :          945008
  arith. intensity: 1656.03
  time (eval):      0.027687
  time (compile):   0.000259
  gflops (eval):    56.52
  gflops (total):   56.00
CSV_DATA: opt_einsum,torch,"Babcd,aij,bik,ckl,dlm,ejp,fop,gno,hmn->Befgh","128,4,7,4,7,3,4,5,5,50,50,50,50,50,50,50,50","(1,5),(4,5),(1,2),(1,2),(1,2),(1,2),(1,2),(0,1)",FP32,1564961200,1656.029578585578,0.00025916099548339844,0.02768683433532715,56.523659622695845,55.99947976355043
*** input parameters ***
  einsum_str: Babcd,aij,bik,ckl,dlm,ejp,fop,gno,hmn->Befgh
  dim_sizes:  128,4,7,4,7,3,4,5,5,50,50,50,50,50,50,50,50
  cont_path:  (1,5),(4,5),(1,2),(1,2),(1,2),(1,2),(1,2),(0,1)
  backend:    torch
  dtype:      FP32
*** benchmarking opt_einsum expression ***
  #flops :          1564961200
  #bytes :          945008
  arith. intensity: 1656.03
  time (eval):      0.041526
  time (compile):   0.000255
  gflops (eval):    37.69
  gflops (total):   37.46
CSV_DATA: opt_einsum,torch,"Babcd,aij,bik,ckl,dlm,ejp,fop,gno,hmn->Befgh","128,4,7,4,7,3,4,5,5,50,50,50,50,50,50,50,50","(1,5),(4,5),(1,2),(1,2),(1,2),(1,2),(1,2),(0,1)",FP32,1564961200,1656.029578585578,0.0002551078796386719,0.04152560234069824,37.68665863435819,37.45654853033709
*** input parameters ***
  einsum_str: Babcd,aij,bik,ckl,dlm,ejp,fop,gno,hmn->Befgh
  dim_sizes:  128,4,7,4,7,3,4,5,5,50,50,50,50,50,50,50,50
  cont_path:  (1,5),(4,5),(1,2),(1,2),(1,2),(1,2),(1,2),(0,1)
  backend:    torch
  dtype:      FP32
*** benchmarking opt_einsum expression ***
  #flops :          1564961200
  #bytes :          945008
  arith. intensity: 1656.03
  time (eval):      0.041600
  time (compile):   0.000263
  gflops (eval):    37.62
  gflops (total):   37.38
CSV_DATA: opt_einsum,torch,"Babcd,aij,bik,ckl,dlm,ejp,fop,gno,hmn->Befgh","128,4,7,4,7,3,4,5,5,50,50,50,50,50,50,50,50","(1,5),(4,5),(1,2),(1,2),(1,2),(1,2),(1,2),(0,1)",FP32,1564961200,1656.029578585578,0.00026297569274902344,0.04159975051879883,37.619485224864455,37.3831649685611
*** input parameters ***
  einsum_str: Babcd,aij,bik,ckl,dlm,ejp,fop,gno,hmn->Befgh
  dim_sizes:  128,4,7,4,7,3,4,5,5,50,50,50,50,50,50,50,50
  cont_path:  (1,5),(4,5),(1,2),(1,2),(1,2),(1,2),(1,2),(0,1)
  backend:    torch
  dtype:      FP32
*** benchmarking opt_einsum expression ***
  #flops :          1564961200
  #bytes :          945008
  arith. intensity: 1656.03
  time (eval):      0.028851
  time (compile):   0.000269
  gflops (eval):    54.24
  gflops (total):   53.74
CSV_DATA: opt_einsum,torch,"Babcd,aij,bik,ckl,dlm,ejp,fop,gno,hmn->Befgh","128,4,7,4,7,3,4,5,5,50,50,50,50,50,50,50,50","(1,5),(4,5),(1,2),(1,2),(1,2),(1,2),(1,2),(0,1)",FP32,1564961200,1656.029578585578,0.0002694129943847656,0.02885127067565918,54.242366570020906,53.740537747396864
*** input parameters ***
  einsum_str: Babcd,aij,bik,ckl,dlm,ejp,fop,gno,hmn->Befgh
  dim_sizes:  128,4,7,4,7,3,4,5,5,50,50,50,50,50,50,50,50
  cont_path:  (1,5),(4,5),(1,2),(1,2),(1,2),(1,2),(1,2),(0,1)
  backend:    torch
  dtype:      FP32
*** benchmarking opt_einsum expression ***
  #flops :          1564961200
  #bytes :          945008
  arith. intensity: 1656.03
  time (eval):      0.029376
  time (compile):   0.000255
  gflops (eval):    53.27
  gflops (total):   52.81
CSV_DATA: opt_einsum,torch,"Babcd,aij,bik,ckl,dlm,ejp,fop,gno,hmn->Befgh","128,4,7,4,7,3,4,5,5,50,50,50,50,50,50,50,50","(1,5),(4,5),(1,2),(1,2),(1,2),(1,2),(1,2),(0,1)",FP32,1564961200,1656.029578585578,0.00025534629821777344,0.02937602996826172,53.2734069815018,52.814327148562555
*** input parameters ***
  einsum_str: Babcd,aij,bik,ckl,dlm,ejp,fop,gno,hmn->Befgh
  dim_sizes:  128,4,7,4,7,3,4,5,5,50,50,50,50,50,50,50,50
  cont_path:  (1,5),(4,5),(1,2),(1,2),(1,2),(1,2),(1,2),(0,1)
  backend:    torch
  dtype:      FP32
*** benchmarking opt_einsum expression ***
  #flops :          1564961200
  #bytes :          945008
  arith. intensity: 1656.03
  time (eval):      0.027412
  time (compile):   0.000275
  gflops (eval):    57.09
  gflops (total):   56.52
CSV_DATA: opt_einsum,torch,"Babcd,aij,bik,ckl,dlm,ejp,fop,gno,hmn->Befgh","128,4,7,4,7,3,4,5,5,50,50,50,50,50,50,50,50","(1,5),(4,5),(1,2),(1,2),(1,2),(1,2),(1,2),(0,1)",FP32,1564961200,1656.029578585578,0.0002753734588623047,0.02741217613220215,57.090002357075896,56.52219944032378
*** input parameters ***
  einsum_str: Babcd,aij,bik,ckl,dlm,ejp,fop,gno,hmn->Befgh
  dim_sizes:  128,4,7,4,7,3,4,5,5,50,50,50,50,50,50,50,50
  cont_path:  (1,5),(4,5),(1,2),(1,2),(1,2),(1,2),(1,2),(0,1)
  backend:    torch
  dtype:      FP32
*** benchmarking opt_einsum expression ***
  #flops :          1564961200
  #bytes :          945008
  arith. intensity: 1656.03
  time (eval):      0.027066
  time (compile):   0.000276
  gflops (eval):    57.82
  gflops (total):   57.24
CSV_DATA: opt_einsum,torch,"Babcd,aij,bik,ckl,dlm,ejp,fop,gno,hmn->Befgh","128,4,7,4,7,3,4,5,5,50,50,50,50,50,50,50,50","(1,5),(4,5),(1,2),(1,2),(1,2),(1,2),(1,2),(0,1)",FP32,1564961200,1656.029578585578,0.0002758502960205078,0.02706623077392578,57.819694698960575,57.236360173043494
*** input parameters ***
  einsum_str: Babcd,aij,bik,ckl,dlm,ejp,fop,gno,hmn->Befgh
  dim_sizes:  128,4,7,4,7,3,4,5,5,50,50,50,50,50,50,50,50
  cont_path:  (1,5),(4,5),(1,2),(1,2),(1,2),(1,2),(1,2),(0,1)
  backend:    torch
  dtype:      FP32
*** benchmarking opt_einsum expression ***
  #flops :          1564961200
  #bytes :          945008
  arith. intensity: 1656.03
  time (eval):      0.028053
  time (compile):   0.000277
  gflops (eval):    55.79
  gflops (total):   55.24
CSV_DATA: opt_einsum,torch,"Babcd,aij,bik,ckl,dlm,ejp,fop,gno,hmn->Befgh","128,4,7,4,7,3,4,5,5,50,50,50,50,50,50,50,50","(1,5),(4,5),(1,2),(1,2),(1,2),(1,2),(1,2),(0,1)",FP32,1564961200,1656.029578585578,0.0002770423889160156,0.028052568435668945,55.78673495044918,55.24118243946711
*** input parameters ***
  einsum_str: Babcd,aij,bik,ckl,dlm,ejp,fop,gno,hmn->Befgh
  dim_sizes:  128,4,7,4,7,3,4,5,5,50,50,50,50,50,50,50,50
  cont_path:  (1,5),(4,5),(1,2),(1,2),(1,2),(1,2),(1,2),(0,1)
  backend:    torch
  dtype:      FP32
*** benchmarking opt_einsum expression ***
  #flops :          1564961200
  #bytes :          945008
  arith. intensity: 1656.03
  time (eval):      0.028635
  time (compile):   0.000261
  gflops (eval):    54.65
  gflops (total):   54.16
CSV_DATA: opt_einsum,torch,"Babcd,aij,bik,ckl,dlm,ejp,fop,gno,hmn->Befgh","128,4,7,4,7,3,4,5,5,50,50,50,50,50,50,50,50","(1,5),(4,5),(1,2),(1,2),(1,2),(1,2),(1,2),(0,1)",FP32,1564961200,1656.029578585578,0.0002605915069580078,0.028635025024414062,54.6519934473856,54.15912127366849
*** input parameters ***
  einsum_str: Babcd,aij,bik,ckl,dlm,ejp,fop,gno,hmn->Befgh
  dim_sizes:  128,4,7,4,7,3,4,5,5,50,50,50,50,50,50,50,50
  cont_path:  (1,5),(4,5),(1,2),(1,2),(1,2),(1,2),(1,2),(0,1)
  backend:    torch
  dtype:      FP32
*** benchmarking opt_einsum expression ***
  #flops :          1564961200
  #bytes :          945008
  arith. intensity: 1656.03
  time (eval):      0.028665
  time (compile):   0.000248
  gflops (eval):    54.60
  gflops (total):   54.13
CSV_DATA: opt_einsum,torch,"Babcd,aij,bik,ckl,dlm,ejp,fop,gno,hmn->Befgh","128,4,7,4,7,3,4,5,5,50,50,50,50,50,50,50,50","(1,5),(4,5),(1,2),(1,2),(1,2),(1,2),(1,2),(0,1)",FP32,1564961200,1656.029578585578,0.00024819374084472656,0.028664827346801758,54.59517272043184,54.12651951022347
*** input parameters ***
  einsum_str: Babcd,aij,bik,ckl,dlm,ejp,fop,gno,hmn->Befgh
  dim_sizes:  128,4,7,4,7,3,4,5,5,50,50,50,50,50,50,50,50
  cont_path:  (1,5),(4,5),(1,2),(1,2),(1,2),(1,2),(1,2),(0,1)
  backend:    torch
  dtype:      FP32
*** benchmarking opt_einsum expression ***
  #flops :          1564961200
  #bytes :          945008
  arith. intensity: 1656.03
  time (eval):      0.040359
  time (compile):   0.000261
  gflops (eval):    38.78
  gflops (total):   38.53
CSV_DATA: opt_einsum,torch,"Babcd,aij,bik,ckl,dlm,ejp,fop,gno,hmn->Befgh","128,4,7,4,7,3,4,5,5,50,50,50,50,50,50,50,50","(1,5),(4,5),(1,2),(1,2),(1,2),(1,2),(1,2),(0,1)",FP32,1564961200,1656.029578585578,0.0002605915069580078,0.040358543395996094,38.7764539627874,38.52768415031373
*** input parameters ***
  einsum_str: Babcd,aij,bik,ckl,dlm,ejp,fop,gno,hmn->Befgh
  dim_sizes:  128,4,7,4,7,3,4,5,5,50,50,50,50,50,50,50,50
  cont_path:  (1,5),(4,5),(1,2),(1,2),(1,2),(1,2),(1,2),(0,1)
  backend:    torch
  dtype:      FP32
*** benchmarking opt_einsum expression ***
  #flops :          1564961200
  #bytes :          945008
  arith. intensity: 1656.03
  time (eval):      0.027374
  time (compile):   0.000266
  gflops (eval):    57.17
  gflops (total):   56.62
CSV_DATA: opt_einsum,torch,"Babcd,aij,bik,ckl,dlm,ejp,fop,gno,hmn->Befgh","128,4,7,4,7,3,4,5,5,50,50,50,50,50,50,50,50","(1,5),(4,5),(1,2),(1,2),(1,2),(1,2),(1,2),(0,1)",FP32,1564961200,1656.029578585578,0.0002658367156982422,0.0273740291595459,57.169559909461306,56.61971035111533
*** input parameters ***
  einsum_str: Babcd,aij,bik,ckl,dlm,ejp,fop,gno,hmn->Befgh
  dim_sizes:  128,4,7,4,7,3,4,5,5,50,50,50,50,50,50,50,50
  cont_path:  (1,5),(4,5),(1,2),(1,2),(1,2),(1,2),(1,2),(0,1)
  backend:    torch
  dtype:      FP32
*** benchmarking opt_einsum expression ***
  #flops :          1564961200
  #bytes :          945008
  arith. intensity: 1656.03
  time (eval):      0.026560
  time (compile):   0.000266
  gflops (eval):    58.92
  gflops (total):   58.34
CSV_DATA: opt_einsum,torch,"Babcd,aij,bik,ckl,dlm,ejp,fop,gno,hmn->Befgh","128,4,7,4,7,3,4,5,5,50,50,50,50,50,50,50,50","(1,5),(4,5),(1,2),(1,2),(1,2),(1,2),(1,2),(0,1)",FP32,1564961200,1656.029578585578,0.0002655982971191406,0.02655959129333496,58.92263863234679,58.33924098552879
*** input parameters ***
  einsum_str: Babcd,aij,bik,ckl,dlm,ejp,fop,gno,hmn->Befgh
  dim_sizes:  128,4,7,4,7,3,4,5,5,50,50,50,50,50,50,50,50
  cont_path:  (1,5),(4,5),(1,2),(1,2),(1,2),(1,2),(1,2),(0,1)
  backend:    torch
  dtype:      FP32
*** benchmarking opt_einsum expression ***
  #flops :          1564961200
  #bytes :          945008
  arith. intensity: 1656.03
  time (eval):      0.027724
  time (compile):   0.000257
  gflops (eval):    56.45
  gflops (total):   55.93
CSV_DATA: opt_einsum,torch,"Babcd,aij,bik,ckl,dlm,ejp,fop,gno,hmn->Befgh","128,4,7,4,7,3,4,5,5,50,50,50,50,50,50,50,50","(1,5),(4,5),(1,2),(1,2),(1,2),(1,2),(1,2),(0,1)",FP32,1564961200,1656.029578585578,0.0002574920654296875,0.02772378921508789,56.44831548309111,55.92886130949371
*** input parameters ***
  einsum_str: Babcd,aij,bik,ckl,dlm,ejp,fop,gno,hmn->Befgh
  dim_sizes:  128,4,7,4,7,3,4,5,5,50,50,50,50,50,50,50,50
  cont_path:  (1,5),(4,5),(1,2),(1,2),(1,2),(1,2),(1,2),(0,1)
  backend:    torch
  dtype:      FP32
*** benchmarking opt_einsum expression ***
  #flops :          1564961200
  #bytes :          945008
  arith. intensity: 1656.03
  time (eval):      0.026720
  time (compile):   0.000249
  gflops (eval):    58.57
  gflops (total):   58.03
CSV_DATA: opt_einsum,torch,"Babcd,aij,bik,ckl,dlm,ejp,fop,gno,hmn->Befgh","128,4,7,4,7,3,4,5,5,50,50,50,50,50,50,50,50","(1,5),(4,5),(1,2),(1,2),(1,2),(1,2),(1,2),(0,1)",FP32,1564961200,1656.029578585578,0.0002491474151611328,0.02671957015991211,58.56984938881771,58.02875852897317
*** input parameters ***
  einsum_str: Babcd,aij,bik,ckl,dlm,ejp,fop,gno,hmn->Befgh
  dim_sizes:  128,4,7,4,7,3,4,5,5,50,50,50,50,50,50,50,50
  cont_path:  (1,5),(4,5),(1,2),(1,2),(1,2),(1,2),(1,2),(0,1)
  backend:    torch
  dtype:      FP32
*** benchmarking opt_einsum expression ***
  #flops :          1564961200
  #bytes :          945008
  arith. intensity: 1656.03
  time (eval):      0.042660
  time (compile):   0.000239
  gflops (eval):    36.68
  gflops (total):   36.48
CSV_DATA: opt_einsum,torch,"Babcd,aij,bik,ckl,dlm,ejp,fop,gno,hmn->Befgh","128,4,7,4,7,3,4,5,5,50,50,50,50,50,50,50,50","(1,5),(4,5),(1,2),(1,2),(1,2),(1,2),(1,2),(0,1)",FP32,1564961200,1656.029578585578,0.00023889541625976562,0.042659759521484375,36.684716874970945,36.4804258378525
*** input parameters ***
  einsum_str: Babcd,aij,bik,ckl,dlm,ejp,fop,gno,hmn->Befgh
  dim_sizes:  128,4,7,4,7,3,4,5,5,50,50,50,50,50,50,50,50
  cont_path:  (1,5),(4,5),(1,2),(1,2),(1,2),(1,2),(1,2),(0,1)
  backend:    torch
  dtype:      FP32
*** benchmarking opt_einsum expression ***
  #flops :          1564961200
  #bytes :          945008
  arith. intensity: 1656.03
  time (eval):      0.027730
  time (compile):   0.000251
  gflops (eval):    56.43
  gflops (total):   55.93
CSV_DATA: opt_einsum,torch,"Babcd,aij,bik,ckl,dlm,ejp,fop,gno,hmn->Befgh","128,4,7,4,7,3,4,5,5,50,50,50,50,50,50,50,50","(1,5),(4,5),(1,2),(1,2),(1,2),(1,2),(1,2),(0,1)",FP32,1564961200,1656.029578585578,0.0002505779266357422,0.027730464935302734,56.43472634343393,55.92933786355604
*** input parameters ***
  einsum_str: Babcd,aij,bik,ckl,dlm,ejp,fop,gno,hmn->Befgh
  dim_sizes:  128,4,7,4,7,3,4,5,5,50,50,50,50,50,50,50,50
  cont_path:  (1,5),(4,5),(1,2),(1,2),(1,2),(1,2),(1,2),(0,1)
  backend:    torch
  dtype:      FP32
*** benchmarking opt_einsum expression ***
  #flops :          1564961200
  #bytes :          945008
  arith. intensity: 1656.03
  time (eval):      0.026978
  time (compile):   0.000252
  gflops (eval):    58.01
  gflops (total):   57.47
CSV_DATA: opt_einsum,torch,"Babcd,aij,bik,ckl,dlm,ejp,fop,gno,hmn->Befgh","128,4,7,4,7,3,4,5,5,50,50,50,50,50,50,50,50","(1,5),(4,5),(1,2),(1,2),(1,2),(1,2),(1,2),(0,1)",FP32,1564961200,1656.029578585578,0.00025153160095214844,0.0269775390625,58.009783485972854,57.473911590399894
*** input parameters ***
  einsum_str: Babcd,aij,bik,ckl,dlm,ejp,fop,gno,hmn->Befgh
  dim_sizes:  128,4,7,4,7,3,4,5,5,50,50,50,50,50,50,50,50
  cont_path:  (1,5),(4,5),(1,2),(1,2),(1,2),(1,2),(1,2),(0,1)
  backend:    torch
  dtype:      FP32
*** benchmarking opt_einsum expression ***
  #flops :          1564961200
  #bytes :          945008
  arith. intensity: 1656.03
  time (eval):      0.028623
  time (compile):   0.000256
  gflops (eval):    54.67
  gflops (total):   54.19
CSV_DATA: opt_einsum,torch,"Babcd,aij,bik,ckl,dlm,ejp,fop,gno,hmn->Befgh","128,4,7,4,7,3,4,5,5,50,50,50,50,50,50,50,50","(1,5),(4,5),(1,2),(1,2),(1,2),(1,2),(1,2),(0,1)",FP32,1564961200,1656.029578585578,0.00025582313537597656,0.028623342514038086,54.674299454456715,54.18997276438809
*** input parameters ***
  einsum_str: Babcd,aij,bik,ckl,dlm,ejp,fop,gno,hmn->Befgh
  dim_sizes:  128,4,7,4,7,3,4,5,5,50,50,50,50,50,50,50,50
  cont_path:  (1,5),(4,5),(1,2),(1,2),(1,2),(1,2),(1,2),(0,1)
  backend:    torch
  dtype:      FP32
*** benchmarking opt_einsum expression ***
  #flops :          1564961200
  #bytes :          945008
  arith. intensity: 1656.03
  time (eval):      0.028570
  time (compile):   0.000266
  gflops (eval):    54.78
  gflops (total):   54.27
CSV_DATA: opt_einsum,torch,"Babcd,aij,bik,ckl,dlm,ejp,fop,gno,hmn->Befgh","128,4,7,4,7,3,4,5,5,50,50,50,50,50,50,50,50","(1,5),(4,5),(1,2),(1,2),(1,2),(1,2),(1,2),(0,1)",FP32,1564961200,1656.029578585578,0.0002655982971191406,0.028569936752319336,54.77650208213902,54.27196677005912
*** input parameters ***
  einsum_str: Babcd,aij,bik,ckl,dlm,ejp,fop,gno,hmn->Befgh
  dim_sizes:  128,4,7,4,7,3,4,5,5,50,50,50,50,50,50,50,50
  cont_path:  (1,5),(4,5),(1,2),(1,2),(1,2),(1,2),(1,2),(0,1)
  backend:    torch
  dtype:      FP32
*** benchmarking opt_einsum expression ***
  #flops :          1564961200
  #bytes :          945008
  arith. intensity: 1656.03
  time (eval):      0.045085
  time (compile):   0.000253
  gflops (eval):    34.71
  gflops (total):   34.52
CSV_DATA: opt_einsum,torch,"Babcd,aij,bik,ckl,dlm,ejp,fop,gno,hmn->Befgh","128,4,7,4,7,3,4,5,5,50,50,50,50,50,50,50,50","(1,5),(4,5),(1,2),(1,2),(1,2),(1,2),(1,2),(0,1)",FP32,1564961200,1656.029578585578,0.00025343894958496094,0.04508519172668457,34.71120206135769,34.51716950108748
*** input parameters ***
  einsum_str: Babcd,aij,bik,ckl,dlm,ejp,fop,gno,hmn->Befgh
  dim_sizes:  128,4,7,4,7,3,4,5,5,50,50,50,50,50,50,50,50
  cont_path:  (1,5),(4,5),(1,2),(1,2),(1,2),(1,2),(1,2),(0,1)
  backend:    torch
  dtype:      FP32
*** benchmarking opt_einsum expression ***
  #flops :          1564961200
  #bytes :          945008
  arith. intensity: 1656.03
  time (eval):      0.028460
  time (compile):   0.000252
  gflops (eval):    54.99
  gflops (total):   54.51
CSV_DATA: opt_einsum,torch,"Babcd,aij,bik,ckl,dlm,ejp,fop,gno,hmn->Befgh","128,4,7,4,7,3,4,5,5,50,50,50,50,50,50,50,50","(1,5),(4,5),(1,2),(1,2),(1,2),(1,2),(1,2),(0,1)",FP32,1564961200,1656.029578585578,0.00025153160095214844,0.028460264205932617,54.98758510027394,54.50586269580323
*** input parameters ***
  einsum_str: Babcd,aij,bik,ckl,dlm,ejp,fop,gno,hmn->Befgh
  dim_sizes:  128,4,7,4,7,3,4,5,5,50,50,50,50,50,50,50,50
  cont_path:  (1,5),(4,5),(1,2),(1,2),(1,2),(1,2),(1,2),(0,1)
  backend:    torch
  dtype:      FP32
*** benchmarking opt_einsum expression ***
  #flops :          1564961200
  #bytes :          945008
  arith. intensity: 1656.03
  time (eval):      0.042037
  time (compile):   0.000263
  gflops (eval):    37.23
  gflops (total):   37.00
CSV_DATA: opt_einsum,torch,"Babcd,aij,bik,ckl,dlm,ejp,fop,gno,hmn->Befgh","128,4,7,4,7,3,4,5,5,50,50,50,50,50,50,50,50","(1,5),(4,5),(1,2),(1,2),(1,2),(1,2),(1,2),(0,1)",FP32,1564961200,1656.029578585578,0.0002627372741699219,0.042037010192871094,37.22817566757867,36.99693954956543
*** input parameters ***
  einsum_str: Babcd,aij,bik,ckl,dlm,ejp,fop,gno,hmn->Befgh
  dim_sizes:  128,4,7,4,7,3,4,5,5,50,50,50,50,50,50,50,50
  cont_path:  (1,5),(4,5),(1,2),(1,2),(1,2),(1,2),(1,2),(0,1)
  backend:    torch
  dtype:      FP32
*** benchmarking opt_einsum expression ***
  #flops :          1564961200
  #bytes :          945008
  arith. intensity: 1656.03
  time (eval):      0.042839
  time (compile):   0.000262
  gflops (eval):    36.53
  gflops (total):   36.31
CSV_DATA: opt_einsum,torch,"Babcd,aij,bik,ckl,dlm,ejp,fop,gno,hmn->Befgh","128,4,7,4,7,3,4,5,5,50,50,50,50,50,50,50,50","(1,5),(4,5),(1,2),(1,2),(1,2),(1,2),(1,2),(0,1)",FP32,1564961200,1656.029578585578,0.0002620220184326172,0.04283905029296875,36.5311833315049,36.309101283914615
*** input parameters ***
  einsum_str: Babcd,aij,bik,ckl,dlm,ejp,fop,gno,hmn->Befgh
  dim_sizes:  128,4,7,4,7,3,4,5,5,50,50,50,50,50,50,50,50
  cont_path:  (1,5),(4,5),(1,2),(1,2),(1,2),(1,2),(1,2),(0,1)
  backend:    torch
  dtype:      FP32
*** benchmarking opt_einsum expression ***
  #flops :          1564961200
  #bytes :          945008
  arith. intensity: 1656.03
  time (eval):      0.028183
  time (compile):   0.000257
  gflops (eval):    55.53
  gflops (total):   55.03
CSV_DATA: opt_einsum,torch,"Babcd,aij,bik,ckl,dlm,ejp,fop,gno,hmn->Befgh","128,4,7,4,7,3,4,5,5,50,50,50,50,50,50,50,50","(1,5),(4,5),(1,2),(1,2),(1,2),(1,2),(1,2),(0,1)",FP32,1564961200,1656.029578585578,0.0002570152282714844,0.028182506561279297,55.52952490571376,55.02769039439322
*** input parameters ***
  einsum_str: Babcd,aij,bik,ckl,dlm,ejp,fop,gno,hmn->Befgh
  dim_sizes:  128,4,7,4,7,3,4,5,5,50,50,50,50,50,50,50,50
  cont_path:  (1,5),(4,5),(1,2),(1,2),(1,2),(1,2),(1,2),(0,1)
  backend:    torch
  dtype:      FP32
*** benchmarking opt_einsum expression ***
  #flops :          1564961200
  #bytes :          945008
  arith. intensity: 1656.03
  time (eval):      0.027271
  time (compile):   0.000279
  gflops (eval):    57.39
  gflops (total):   56.81
CSV_DATA: opt_einsum,torch,"Babcd,aij,bik,ckl,dlm,ejp,fop,gno,hmn->Befgh","128,4,7,4,7,3,4,5,5,50,50,50,50,50,50,50,50","(1,5),(4,5),(1,2),(1,2),(1,2),(1,2),(1,2),(0,1)",FP32,1564961200,1656.029578585578,0.00027871131896972656,0.02727055549621582,57.386480455712054,56.80591104288015
*** input parameters ***
  einsum_str: Babcd,aij,bik,ckl,dlm,ejp,fop,gno,hmn->Befgh
  dim_sizes:  128,4,7,4,7,3,4,5,5,50,50,50,50,50,50,50,50
  cont_path:  (1,5),(4,5),(1,2),(1,2),(1,2),(1,2),(1,2),(0,1)
  backend:    torch
  dtype:      FP32
*** benchmarking opt_einsum expression ***
  #flops :          1564961200
  #bytes :          945008
  arith. intensity: 1656.03
  time (eval):      0.029270
  time (compile):   0.000282
  gflops (eval):    53.47
  gflops (total):   52.96
CSV_DATA: opt_einsum,torch,"Babcd,aij,bik,ckl,dlm,ejp,fop,gno,hmn->Befgh","128,4,7,4,7,3,4,5,5,50,50,50,50,50,50,50,50","(1,5),(4,5),(1,2),(1,2),(1,2),(1,2),(1,2),(0,1)",FP32,1564961200,1656.029578585578,0.00028204917907714844,0.029270410537719727,53.465638890964335,52.955361922395774
*** input parameters ***
  einsum_str: Babcd,aij,bik,ckl,dlm,ejp,fop,gno,hmn->Befgh
  dim_sizes:  128,4,7,4,7,3,4,5,5,50,50,50,50,50,50,50,50
  cont_path:  (1,5),(4,5),(1,2),(1,2),(1,2),(1,2),(1,2),(0,1)
  backend:    torch
  dtype:      FP32
*** benchmarking opt_einsum expression ***
  #flops :          1564961200
  #bytes :          945008
  arith. intensity: 1656.03
  time (eval):      0.041499
  time (compile):   0.000267
  gflops (eval):    37.71
  gflops (total):   37.47
CSV_DATA: opt_einsum,torch,"Babcd,aij,bik,ckl,dlm,ejp,fop,gno,hmn->Befgh","128,4,7,4,7,3,4,5,5,50,50,50,50,50,50,50,50","(1,5),(4,5),(1,2),(1,2),(1,2),(1,2),(1,2),(0,1)",FP32,1564961200,1656.029578585578,0.00026702880859375,0.04149937629699707,37.710475184014804,37.46937750672048
*** input parameters ***
  einsum_str: Babcd,aij,bik,ckl,dlm,ejp,fop,gno,hmn->Befgh
  dim_sizes:  128,4,7,4,7,3,4,5,5,50,50,50,50,50,50,50,50
  cont_path:  (1,5),(4,5),(1,2),(1,2),(1,2),(1,2),(1,2),(0,1)
  backend:    torch
  dtype:      FP32
*** benchmarking opt_einsum expression ***
  #flops :          1564961200
  #bytes :          945008
  arith. intensity: 1656.03
  time (eval):      0.026188
  time (compile):   0.000264
  gflops (eval):    59.76
  gflops (total):   59.16
CSV_DATA: opt_einsum,torch,"Babcd,aij,bik,ckl,dlm,ejp,fop,gno,hmn->Befgh","128,4,7,4,7,3,4,5,5,50,50,50,50,50,50,50,50","(1,5),(4,5),(1,2),(1,2),(1,2),(1,2),(1,2),(0,1)",FP32,1564961200,1656.029578585578,0.00026416778564453125,0.026187658309936523,59.759493631631756,59.162690482886426
*** input parameters ***
  einsum_str: Babcd,aij,bik,ckl,dlm,ejp,fop,gno,hmn->Befgh
  dim_sizes:  128,4,7,4,7,3,4,5,5,50,50,50,50,50,50,50,50
  cont_path:  (1,5),(4,5),(1,2),(1,2),(1,2),(1,2),(1,2),(0,1)
  backend:    torch
  dtype:      FP32
*** benchmarking opt_einsum expression ***
  #flops :          1564961200
  #bytes :          945008
  arith. intensity: 1656.03
  time (eval):      0.028537
  time (compile):   0.000257
  gflops (eval):    54.84
  gflops (total):   54.35
CSV_DATA: opt_einsum,torch,"Babcd,aij,bik,ckl,dlm,ejp,fop,gno,hmn->Befgh","128,4,7,4,7,3,4,5,5,50,50,50,50,50,50,50,50","(1,5),(4,5),(1,2),(1,2),(1,2),(1,2),(1,2),(0,1)",FP32,1564961200,1656.029578585578,0.00025653839111328125,0.02853679656982422,54.84011480303446,54.351508851722315
*** input parameters ***
  einsum_str: Babcd,aij,bik,ckl,dlm,ejp,fop,gno,hmn->Befgh
  dim_sizes:  128,4,7,4,7,3,4,5,5,50,50,50,50,50,50,50,50
  cont_path:  (1,5),(4,5),(1,2),(1,2),(1,2),(1,2),(1,2),(0,1)
  backend:    torch
  dtype:      FP32
*** benchmarking opt_einsum expression ***
  #flops :          1564961200
  #bytes :          945008
  arith. intensity: 1656.03
  time (eval):      0.026141
  time (compile):   0.000271
  gflops (eval):    59.87
  gflops (total):   59.25
CSV_DATA: opt_einsum,torch,"Babcd,aij,bik,ckl,dlm,ejp,fop,gno,hmn->Befgh","128,4,7,4,7,3,4,5,5,50,50,50,50,50,50,50,50","(1,5),(4,5),(1,2),(1,2),(1,2),(1,2),(1,2),(0,1)",FP32,1564961200,1656.029578585578,0.00027060508728027344,0.02614140510559082,59.865228884169824,59.25187778484203
*** input parameters ***
  einsum_str: Babcd,aij,bik,ckl,dlm,ejp,fop,gno,hmn->Befgh
  dim_sizes:  128,4,7,4,7,3,4,5,5,50,50,50,50,50,50,50,50
  cont_path:  (1,5),(4,5),(1,2),(1,2),(1,2),(1,2),(1,2),(0,1)
  backend:    torch
  dtype:      FP32
*** benchmarking opt_einsum expression ***
  #flops :          1564961200
  #bytes :          945008
  arith. intensity: 1656.03
  time (eval):      0.031138
  time (compile):   0.000256
  gflops (eval):    50.26
  gflops (total):   49.85
CSV_DATA: opt_einsum,torch,"Babcd,aij,bik,ckl,dlm,ejp,fop,gno,hmn->Befgh","128,4,7,4,7,3,4,5,5,50,50,50,50,50,50,50,50","(1,5),(4,5),(1,2),(1,2),(1,2),(1,2),(1,2),(0,1)",FP32,1564961200,1656.029578585578,0.0002560615539550781,0.031137943267822266,50.258977818140615,49.849046303083334
