*** input parameters ***
  einsum_str: aib,bjc,ckd,dle,ema->ijklm
  dim_sizes:  40,40,40,40,40,25,25,25,25,25
  cont_path:  (0,1),(0,1),(0,1),(0,1)
  backend:    torch
  dtype:      FP32
*** benchmarking opt_einsum expression ***
  #flops :          33410000000
  #bytes :          39862500
  arith. intensity: 838.13
  time (eval):      0.075778
  time (compile):   0.000103
  gflops (eval):    440.89
  gflops (total):   440.30
CSV_DATA: opt_einsum,torch,"aib,bjc,ckd,dle,ema->ijklm","40,40,40,40,40,25,25,25,25,25","(0,1),(0,1),(0,1),(0,1)",FP32,33410000000,838.1310755722797,0.00010251998901367188,0.07577776908874512,440.8944787075055,440.2987970402024
*** input parameters ***
  einsum_str: aib,bjc,ckd,dle,ema->ijklm
  dim_sizes:  40,40,40,40,40,25,25,25,25,25
  cont_path:  (0,1),(0,1),(0,1),(0,1)
  backend:    torch
  dtype:      FP32
*** benchmarking opt_einsum expression ***
  #flops :          33410000000
  #bytes :          39862500
  arith. intensity: 838.13
  time (eval):      0.076024
  time (compile):   0.000095
  gflops (eval):    439.46
  gflops (total):   438.91
CSV_DATA: opt_einsum,torch,"aib,bjc,ckd,dle,ema->ijklm","40,40,40,40,40,25,25,25,25,25","(0,1),(0,1),(0,1),(0,1)",FP32,33410000000,838.1310755722797,9.5367431640625e-05,0.07602429389953613,439.46478535072396,438.914196617899
*** input parameters ***
  einsum_str: aib,bjc,ckd,dle,ema->ijklm
  dim_sizes:  40,40,40,40,40,25,25,25,25,25
  cont_path:  (0,1),(0,1),(0,1),(0,1)
  backend:    torch
  dtype:      FP32
*** benchmarking opt_einsum expression ***
  #flops :          33410000000
  #bytes :          39862500
  arith. intensity: 838.13
  time (eval):      0.075502
  time (compile):   0.000098
  gflops (eval):    442.51
  gflops (total):   441.93
CSV_DATA: opt_einsum,torch,"aib,bjc,ckd,dle,ema->ijklm","40,40,40,40,40,25,25,25,25,25","(0,1),(0,1),(0,1),(0,1)",FP32,33410000000,838.1310755722797,9.775161743164062e-05,0.07550191879272461,442.5053102520542,441.9331436068221
*** input parameters ***
  einsum_str: aib,bjc,ckd,dle,ema->ijklm
  dim_sizes:  40,40,40,40,40,25,25,25,25,25
  cont_path:  (0,1),(0,1),(0,1),(0,1)
  backend:    torch
  dtype:      FP32
*** benchmarking opt_einsum expression ***
  #flops :          33410000000
  #bytes :          39862500
  arith. intensity: 838.13
  time (eval):      0.075656
  time (compile):   0.000094
  gflops (eval):    441.60
  gflops (total):   441.06
CSV_DATA: opt_einsum,torch,"aib,bjc,ckd,dle,ema->ijklm","40,40,40,40,40,25,25,25,25,25","(0,1),(0,1),(0,1),(0,1)",FP32,33410000000,838.1310755722797,9.369850158691406e-05,0.07565617561340332,441.60307772788155,441.0568385801245
*** input parameters ***
  einsum_str: aib,bjc,ckd,dle,ema->ijklm
  dim_sizes:  40,40,40,40,40,25,25,25,25,25
  cont_path:  (0,1),(0,1),(0,1),(0,1)
  backend:    torch
  dtype:      FP32
*** benchmarking opt_einsum expression ***
  #flops :          33410000000
  #bytes :          39862500
  arith. intensity: 838.13
  time (eval):      0.075307
  time (compile):   0.000096
  gflops (eval):    443.65
  gflops (total):   443.09
CSV_DATA: opt_einsum,torch,"aib,bjc,ckd,dle,ema->ijklm","40,40,40,40,40,25,25,25,25,25","(0,1),(0,1),(0,1),(0,1)",FP32,33410000000,838.1310755722797,9.608268737792969e-05,0.07530665397644043,443.65269515828265,443.08736629756345
*** input parameters ***
  einsum_str: aib,bjc,ckd,dle,ema->ijklm
  dim_sizes:  40,40,40,40,40,25,25,25,25,25
  cont_path:  (0,1),(0,1),(0,1),(0,1)
  backend:    torch
  dtype:      FP32
*** benchmarking opt_einsum expression ***
  #flops :          33410000000
  #bytes :          39862500
  arith. intensity: 838.13
  time (eval):      0.075006
  time (compile):   0.000097
  gflops (eval):    445.43
  gflops (total):   444.86
CSV_DATA: opt_einsum,torch,"aib,bjc,ckd,dle,ema->ijklm","40,40,40,40,40,25,25,25,25,25","(0,1),(0,1),(0,1),(0,1)",FP32,33410000000,838.1310755722797,9.703636169433594e-05,0.07500600814819336,445.4309837951926,444.85546781797115
*** input parameters ***
  einsum_str: aib,bjc,ckd,dle,ema->ijklm
  dim_sizes:  40,40,40,40,40,25,25,25,25,25
  cont_path:  (0,1),(0,1),(0,1),(0,1)
  backend:    torch
  dtype:      FP32
*** benchmarking opt_einsum expression ***
  #flops :          33410000000
  #bytes :          39862500
  arith. intensity: 838.13
  time (eval):      0.074791
  time (compile):   0.000100
  gflops (eval):    446.71
  gflops (total):   446.12
CSV_DATA: opt_einsum,torch,"aib,bjc,ckd,dle,ema->ijklm","40,40,40,40,40,25,25,25,25,25","(0,1),(0,1),(0,1),(0,1)",FP32,33410000000,838.1310755722797,9.965896606445312e-05,0.07479095458984375,446.711773946751,446.1173225007481
*** input parameters ***
  einsum_str: aib,bjc,ckd,dle,ema->ijklm
  dim_sizes:  40,40,40,40,40,25,25,25,25,25
  cont_path:  (0,1),(0,1),(0,1),(0,1)
  backend:    torch
  dtype:      FP32
*** benchmarking opt_einsum expression ***
  #flops :          33410000000
  #bytes :          39862500
  arith. intensity: 838.13
  time (eval):      0.075227
  time (compile):   0.000097
  gflops (eval):    444.12
  gflops (total):   443.55
CSV_DATA: opt_einsum,torch,"aib,bjc,ckd,dle,ema->ijklm","40,40,40,40,40,25,25,25,25,25","(0,1),(0,1),(0,1),(0,1)",FP32,33410000000,838.1310755722797,9.655952453613281e-05,0.0752267837524414,444.12373271129934,443.5543955762213
*** input parameters ***
  einsum_str: aib,bjc,ckd,dle,ema->ijklm
  dim_sizes:  40,40,40,40,40,25,25,25,25,25
  cont_path:  (0,1),(0,1),(0,1),(0,1)
  backend:    torch
  dtype:      FP32
*** benchmarking opt_einsum expression ***
  #flops :          33410000000
  #bytes :          39862500
  arith. intensity: 838.13
  time (eval):      0.074818
  time (compile):   0.000094
  gflops (eval):    446.55
  gflops (total):   445.99
CSV_DATA: opt_einsum,torch,"aib,bjc,ckd,dle,ema->ijklm","40,40,40,40,40,25,25,25,25,25","(0,1),(0,1),(0,1),(0,1)",FP32,33410000000,838.1310755722797,9.369850158691406e-05,0.07481837272644043,446.5480707814577,445.9895374979313
*** input parameters ***
  einsum_str: aib,bjc,ckd,dle,ema->ijklm
  dim_sizes:  40,40,40,40,40,25,25,25,25,25
  cont_path:  (0,1),(0,1),(0,1),(0,1)
  backend:    torch
  dtype:      FP32
*** benchmarking opt_einsum expression ***
  #flops :          33410000000
  #bytes :          39862500
  arith. intensity: 838.13
  time (eval):      0.075457
  time (compile):   0.000104
  gflops (eval):    442.77
  gflops (total):   442.16
CSV_DATA: opt_einsum,torch,"aib,bjc,ckd,dle,ema->ijklm","40,40,40,40,40,25,25,25,25,25","(0,1),(0,1),(0,1),(0,1)",FP32,33410000000,838.1310755722797,0.00010395050048828125,0.07545661926269531,442.77096332246407,442.1618326160215
*** input parameters ***
  einsum_str: aib,bjc,ckd,dle,ema->ijklm
  dim_sizes:  40,40,40,40,40,25,25,25,25,25
  cont_path:  (0,1),(0,1),(0,1),(0,1)
  backend:    torch
  dtype:      FP32
*** benchmarking opt_einsum expression ***
  #flops :          33410000000
  #bytes :          39862500
  arith. intensity: 838.13
  time (eval):      0.074635
  time (compile):   0.000098
  gflops (eval):    447.64
  gflops (total):   447.06
CSV_DATA: opt_einsum,torch,"aib,bjc,ckd,dle,ema->ijklm","40,40,40,40,40,25,25,25,25,25","(0,1),(0,1),(0,1),(0,1)",FP32,33410000000,838.1310755722797,9.799003601074219e-05,0.07463526725769043,447.6436037221724,447.0566546925546
*** input parameters ***
  einsum_str: aib,bjc,ckd,dle,ema->ijklm
  dim_sizes:  40,40,40,40,40,25,25,25,25,25
  cont_path:  (0,1),(0,1),(0,1),(0,1)
  backend:    torch
  dtype:      FP32
*** benchmarking opt_einsum expression ***
  #flops :          33410000000
  #bytes :          39862500
  arith. intensity: 838.13
  time (eval):      0.075396
  time (compile):   0.000095
  gflops (eval):    443.13
  gflops (total):   442.57
CSV_DATA: opt_einsum,torch,"aib,bjc,ckd,dle,ema->ijklm","40,40,40,40,40,25,25,25,25,25","(0,1),(0,1),(0,1),(0,1)",FP32,33410000000,838.1310755722797,9.5367431640625e-05,0.07539629936218262,443.1251968947144,442.565403824593
*** input parameters ***
  einsum_str: aib,bjc,ckd,dle,ema->ijklm
  dim_sizes:  40,40,40,40,40,25,25,25,25,25
  cont_path:  (0,1),(0,1),(0,1),(0,1)
  backend:    torch
  dtype:      FP32
*** benchmarking opt_einsum expression ***
  #flops :          33410000000
  #bytes :          39862500
  arith. intensity: 838.13
  time (eval):      0.075402
  time (compile):   0.000098
  gflops (eval):    443.09
  gflops (total):   442.52
CSV_DATA: opt_einsum,torch,"aib,bjc,ckd,dle,ema->ijklm","40,40,40,40,40,25,25,25,25,25","(0,1),(0,1),(0,1),(0,1)",FP32,33410000000,838.1310755722797,9.751319885253906e-05,0.07540202140808105,443.09156937826276,442.51928404511983
*** input parameters ***
  einsum_str: aib,bjc,ckd,dle,ema->ijklm
  dim_sizes:  40,40,40,40,40,25,25,25,25,25
  cont_path:  (0,1),(0,1),(0,1),(0,1)
  backend:    torch
  dtype:      FP32
*** benchmarking opt_einsum expression ***
  #flops :          33410000000
  #bytes :          39862500
  arith. intensity: 838.13
  time (eval):      0.074870
  time (compile):   0.000096
  gflops (eval):    446.24
  gflops (total):   445.67
CSV_DATA: opt_einsum,torch,"aib,bjc,ckd,dle,ema->ijklm","40,40,40,40,40,25,25,25,25,25","(0,1),(0,1),(0,1),(0,1)",FP32,33410000000,838.1310755722797,9.560585021972656e-05,0.07487034797668457,446.23807559174475,445.66897764208255
*** input parameters ***
  einsum_str: aib,bjc,ckd,dle,ema->ijklm
  dim_sizes:  40,40,40,40,40,25,25,25,25,25
  cont_path:  (0,1),(0,1),(0,1),(0,1)
  backend:    torch
  dtype:      FP32
*** benchmarking opt_einsum expression ***
  #flops :          33410000000
  #bytes :          39862500
  arith. intensity: 838.13
  time (eval):      0.075378
  time (compile):   0.000098
  gflops (eval):    443.23
  gflops (total):   442.66
CSV_DATA: opt_einsum,torch,"aib,bjc,ckd,dle,ema->ijklm","40,40,40,40,40,25,25,25,25,25","(0,1),(0,1),(0,1),(0,1)",FP32,33410000000,838.1310755722797,9.751319885253906e-05,0.07537841796875,443.2303157894737,442.65767222943504
*** input parameters ***
  einsum_str: aib,bjc,ckd,dle,ema->ijklm
  dim_sizes:  40,40,40,40,40,25,25,25,25,25
  cont_path:  (0,1),(0,1),(0,1),(0,1)
  backend:    torch
  dtype:      FP32
*** benchmarking opt_einsum expression ***
  #flops :          33410000000
  #bytes :          39862500
  arith. intensity: 838.13
  time (eval):      0.074962
  time (compile):   0.000097
  gflops (eval):    445.69
  gflops (total):   445.12
CSV_DATA: opt_einsum,torch,"aib,bjc,ckd,dle,ema->ijklm","40,40,40,40,40,25,25,25,25,25","(0,1),(0,1),(0,1),(0,1)",FP32,33410000000,838.1310755722797,9.679794311523438e-05,0.07496166229248047,445.6944920677328,445.11970929235304
*** input parameters ***
  einsum_str: aib,bjc,ckd,dle,ema->ijklm
  dim_sizes:  40,40,40,40,40,25,25,25,25,25
  cont_path:  (0,1),(0,1),(0,1),(0,1)
  backend:    torch
  dtype:      FP32
*** benchmarking opt_einsum expression ***
  #flops :          33410000000
  #bytes :          39862500
  arith. intensity: 838.13
  time (eval):      0.074629
  time (compile):   0.000098
  gflops (eval):    447.68
  gflops (total):   447.10
CSV_DATA: opt_einsum,torch,"aib,bjc,ckd,dle,ema->ijklm","40,40,40,40,40,25,25,25,25,25","(0,1),(0,1),(0,1),(0,1)",FP32,33410000000,838.1310755722797,9.751319885253906e-05,0.07462859153747559,447.68364659840586,447.09944560722863
*** input parameters ***
  einsum_str: aib,bjc,ckd,dle,ema->ijklm
  dim_sizes:  40,40,40,40,40,25,25,25,25,25
  cont_path:  (0,1),(0,1),(0,1),(0,1)
  backend:    torch
  dtype:      FP32
*** benchmarking opt_einsum expression ***
  #flops :          33410000000
  #bytes :          39862500
  arith. intensity: 838.13
  time (eval):      0.074331
  time (compile):   0.000098
  gflops (eval):    449.48
  gflops (total):   448.89
CSV_DATA: opt_einsum,torch,"aib,bjc,ckd,dle,ema->ijklm","40,40,40,40,40,25,25,25,25,25","(0,1),(0,1),(0,1),(0,1)",FP32,33410000000,838.1310755722797,9.751319885253906e-05,0.07433056831359863,449.4786029220727,448.88971099450947
*** input parameters ***
  einsum_str: aib,bjc,ckd,dle,ema->ijklm
  dim_sizes:  40,40,40,40,40,25,25,25,25,25
  cont_path:  (0,1),(0,1),(0,1),(0,1)
  backend:    torch
  dtype:      FP32
*** benchmarking opt_einsum expression ***
  #flops :          33410000000
  #bytes :          39862500
  arith. intensity: 838.13
  time (eval):      0.075504
  time (compile):   0.000097
  gflops (eval):    442.49
  gflops (total):   441.92
CSV_DATA: opt_einsum,torch,"aib,bjc,ckd,dle,ema->ijklm","40,40,40,40,40,25,25,25,25,25","(0,1),(0,1),(0,1),(0,1)",FP32,33410000000,838.1310755722797,9.72747802734375e-05,0.07550406455993652,442.4927345928314,441.9233877544585
*** input parameters ***
  einsum_str: aib,bjc,ckd,dle,ema->ijklm
  dim_sizes:  40,40,40,40,40,25,25,25,25,25
  cont_path:  (0,1),(0,1),(0,1),(0,1)
  backend:    torch
  dtype:      FP32
*** benchmarking opt_einsum expression ***
  #flops :          33410000000
  #bytes :          39862500
  arith. intensity: 838.13
  time (eval):      0.075400
  time (compile):   0.000098
  gflops (eval):    443.10
  gflops (total):   442.53
CSV_DATA: opt_einsum,torch,"aib,bjc,ckd,dle,ema->ijklm","40,40,40,40,40,25,25,25,25,25","(0,1),(0,1),(0,1),(0,1)",FP32,33410000000,838.1310755722797,9.751319885253906e-05,0.07540011405944824,443.1027779833108,442.5304637150256
*** input parameters ***
  einsum_str: aib,bjc,ckd,dle,ema->ijklm
  dim_sizes:  40,40,40,40,40,25,25,25,25,25
  cont_path:  (0,1),(0,1),(0,1),(0,1)
  backend:    torch
  dtype:      FP32
*** benchmarking opt_einsum expression ***
  #flops :          33410000000
  #bytes :          39862500
  arith. intensity: 838.13
  time (eval):      0.075298
  time (compile):   0.000096
  gflops (eval):    443.70
  gflops (total):   443.14
CSV_DATA: opt_einsum,torch,"aib,bjc,ckd,dle,ema->ijklm","40,40,40,40,40,25,25,25,25,25","(0,1),(0,1),(0,1),(0,1)",FP32,33410000000,838.1310755722797,9.584426879882812e-05,0.07529807090759277,443.70326619657214,443.1392098663926
*** input parameters ***
  einsum_str: aib,bjc,ckd,dle,ema->ijklm
  dim_sizes:  40,40,40,40,40,25,25,25,25,25
  cont_path:  (0,1),(0,1),(0,1),(0,1)
  backend:    torch
  dtype:      FP32
*** benchmarking opt_einsum expression ***
  #flops :          33410000000
  #bytes :          39862500
  arith. intensity: 838.13
  time (eval):      0.075167
  time (compile):   0.000104
  gflops (eval):    444.47
  gflops (total):   443.86
CSV_DATA: opt_einsum,torch,"aib,bjc,ckd,dle,ema->ijklm","40,40,40,40,40,25,25,25,25,25","(0,1),(0,1),(0,1),(0,1)",FP32,33410000000,838.1310755722797,0.00010371208190917969,0.07516741752624512,444.4744957259536,443.8620779829591
*** input parameters ***
  einsum_str: aib,bjc,ckd,dle,ema->ijklm
  dim_sizes:  40,40,40,40,40,25,25,25,25,25
  cont_path:  (0,1),(0,1),(0,1),(0,1)
  backend:    torch
  dtype:      FP32
*** benchmarking opt_einsum expression ***
  #flops :          33410000000
  #bytes :          39862500
  arith. intensity: 838.13
  time (eval):      0.074596
  time (compile):   0.000096
  gflops (eval):    447.88
  gflops (total):   447.30
CSV_DATA: opt_einsum,torch,"aib,bjc,ckd,dle,ema->ijklm","40,40,40,40,40,25,25,25,25,25","(0,1),(0,1),(0,1),(0,1)",FP32,33410000000,838.1310755722797,9.608268737792969e-05,0.07459568977355957,447.8811054823461,447.30495607763027
*** input parameters ***
  einsum_str: aib,bjc,ckd,dle,ema->ijklm
  dim_sizes:  40,40,40,40,40,25,25,25,25,25
  cont_path:  (0,1),(0,1),(0,1),(0,1)
  backend:    torch
  dtype:      FP32
*** benchmarking opt_einsum expression ***
  #flops :          33410000000
  #bytes :          39862500
  arith. intensity: 838.13
  time (eval):      0.075121
  time (compile):   0.000099
  gflops (eval):    444.75
  gflops (total):   444.16
CSV_DATA: opt_einsum,torch,"aib,bjc,ckd,dle,ema->ijklm","40,40,40,40,40,25,25,25,25,25","(0,1),(0,1),(0,1),(0,1)",FP32,33410000000,838.1310755722797,9.918212890625e-05,0.07512116432189941,444.74816520196396,444.1617404919857
*** input parameters ***
  einsum_str: aib,bjc,ckd,dle,ema->ijklm
  dim_sizes:  40,40,40,40,40,25,25,25,25,25
  cont_path:  (0,1),(0,1),(0,1),(0,1)
  backend:    torch
  dtype:      FP32
*** benchmarking opt_einsum expression ***
  #flops :          33410000000
  #bytes :          39862500
  arith. intensity: 838.13
  time (eval):      0.074968
  time (compile):   0.000097
  gflops (eval):    445.66
  gflops (total):   445.08
CSV_DATA: opt_einsum,torch,"aib,bjc,ckd,dle,ema->ijklm","40,40,40,40,40,25,25,25,25,25","(0,1),(0,1),(0,1),(0,1)",FP32,33410000000,838.1310755722797,9.703636169433594e-05,0.07496809959411621,445.6562215246837,445.08012374303627
*** input parameters ***
  einsum_str: aib,bjc,ckd,dle,ema->ijklm
  dim_sizes:  40,40,40,40,40,25,25,25,25,25
  cont_path:  (0,1),(0,1),(0,1),(0,1)
  backend:    torch
  dtype:      FP32
*** benchmarking opt_einsum expression ***
  #flops :          33410000000
  #bytes :          39862500
  arith. intensity: 838.13
  time (eval):      0.075163
  time (compile):   0.000098
  gflops (eval):    444.50
  gflops (total):   443.92
CSV_DATA: opt_einsum,torch,"aib,bjc,ckd,dle,ema->ijklm","40,40,40,40,40,25,25,25,25,25","(0,1),(0,1),(0,1),(0,1)",FP32,33410000000,838.1310755722797,9.799003601074219e-05,0.07516312599182129,444.49987356347367,443.9211343563491
*** input parameters ***
  einsum_str: aib,bjc,ckd,dle,ema->ijklm
  dim_sizes:  40,40,40,40,40,25,25,25,25,25
  cont_path:  (0,1),(0,1),(0,1),(0,1)
  backend:    torch
  dtype:      FP32
*** benchmarking opt_einsum expression ***
  #flops :          33410000000
  #bytes :          39862500
  arith. intensity: 838.13
  time (eval):      0.075565
  time (compile):   0.000094
  gflops (eval):    442.13
  gflops (total):   441.58
CSV_DATA: opt_einsum,torch,"aib,bjc,ckd,dle,ema->ijklm","40,40,40,40,40,25,25,25,25,25","(0,1),(0,1),(0,1),(0,1)",FP32,33410000000,838.1310755722797,9.417533874511719e-05,0.07556533813476562,442.1339310414458,441.5835955870536
*** input parameters ***
  einsum_str: aib,bjc,ckd,dle,ema->ijklm
  dim_sizes:  40,40,40,40,40,25,25,25,25,25
  cont_path:  (0,1),(0,1),(0,1),(0,1)
  backend:    torch
  dtype:      FP32
*** benchmarking opt_einsum expression ***
  #flops :          33410000000
  #bytes :          39862500
  arith. intensity: 838.13
  time (eval):      0.075331
  time (compile):   0.000097
  gflops (eval):    443.51
  gflops (total):   442.94
CSV_DATA: opt_einsum,torch,"aib,bjc,ckd,dle,ema->ijklm","40,40,40,40,40,25,25,25,25,25","(0,1),(0,1),(0,1),(0,1)",FP32,33410000000,838.1310755722797,9.679794311523438e-05,0.07533121109008789,443.50806945138976,442.9389086127548
*** input parameters ***
  einsum_str: aib,bjc,ckd,dle,ema->ijklm
  dim_sizes:  40,40,40,40,40,25,25,25,25,25
  cont_path:  (0,1),(0,1),(0,1),(0,1)
  backend:    torch
  dtype:      FP32
*** benchmarking opt_einsum expression ***
  #flops :          33410000000
  #bytes :          39862500
  arith. intensity: 838.13
  time (eval):      0.074903
  time (compile):   0.000093
  gflops (eval):    446.05
  gflops (total):   445.49
CSV_DATA: opt_einsum,torch,"aib,bjc,ckd,dle,ema->ijklm","40,40,40,40,40,25,25,25,25,25","(0,1),(0,1),(0,1),(0,1)",FP32,33410000000,838.1310755722797,9.34600830078125e-05,0.07490253448486328,446.0463217937129,445.4904584239373
*** input parameters ***
  einsum_str: aib,bjc,ckd,dle,ema->ijklm
  dim_sizes:  40,40,40,40,40,25,25,25,25,25
  cont_path:  (0,1),(0,1),(0,1),(0,1)
  backend:    torch
  dtype:      FP32
*** benchmarking opt_einsum expression ***
  #flops :          33410000000
  #bytes :          39862500
  arith. intensity: 838.13
  time (eval):      0.075454
  time (compile):   0.000097
  gflops (eval):    442.79
  gflops (total):   442.22
CSV_DATA: opt_einsum,torch,"aib,bjc,ckd,dle,ema->ijklm","40,40,40,40,40,25,25,25,25,25","(0,1),(0,1),(0,1),(0,1)",FP32,33410000000,838.1310755722797,9.679794311523438e-05,0.07545351982116699,442.78915124417415,442.2218329278184
*** input parameters ***
  einsum_str: aib,bjc,ckd,dle,ema->ijklm
  dim_sizes:  40,40,40,40,40,25,25,25,25,25
  cont_path:  (0,1),(0,1),(0,1),(0,1)
  backend:    torch
  dtype:      FP32
*** benchmarking opt_einsum expression ***
  #flops :          33410000000
  #bytes :          39862500
  arith. intensity: 838.13
  time (eval):      0.075638
  time (compile):   0.000095
  gflops (eval):    441.71
  gflops (total):   441.16
CSV_DATA: opt_einsum,torch,"aib,bjc,ckd,dle,ema->ijklm","40,40,40,40,40,25,25,25,25,25","(0,1),(0,1),(0,1),(0,1)",FP32,33410000000,838.1310755722797,9.489059448242188e-05,0.0756375789642334,441.7116525609383,441.15820063278187
*** input parameters ***
  einsum_str: aib,bjc,ckd,dle,ema->ijklm
  dim_sizes:  40,40,40,40,40,25,25,25,25,25
  cont_path:  (0,1),(0,1),(0,1),(0,1)
  backend:    torch
  dtype:      FP32
*** benchmarking opt_einsum expression ***
  #flops :          33410000000
  #bytes :          39862500
  arith. intensity: 838.13
  time (eval):      0.075774
  time (compile):   0.000094
  gflops (eval):    440.92
  gflops (total):   440.37
CSV_DATA: opt_einsum,torch,"aib,bjc,ckd,dle,ema->ijklm","40,40,40,40,40,25,25,25,25,25","(0,1),(0,1),(0,1),(0,1)",FP32,33410000000,838.1310755722797,9.393692016601562e-05,0.07577371597290039,440.9180620355046,440.3721312835468
*** input parameters ***
  einsum_str: aib,bjc,ckd,dle,ema->ijklm
  dim_sizes:  40,40,40,40,40,25,25,25,25,25
  cont_path:  (0,1),(0,1),(0,1),(0,1)
  backend:    torch
  dtype:      FP32
*** benchmarking opt_einsum expression ***
  #flops :          33410000000
  #bytes :          39862500
  arith. intensity: 838.13
  time (eval):      0.074777
  time (compile):   0.000095
  gflops (eval):    446.80
  gflops (total):   446.23
CSV_DATA: opt_einsum,torch,"aib,bjc,ckd,dle,ema->ijklm","40,40,40,40,40,25,25,25,25,25","(0,1),(0,1),(0,1),(0,1)",FP32,33410000000,838.1310755722797,9.512901306152344e-05,0.07477664947509766,446.7972319504139,446.2295496998742
*** input parameters ***
  einsum_str: aib,bjc,ckd,dle,ema->ijklm
  dim_sizes:  40,40,40,40,40,25,25,25,25,25
  cont_path:  (0,1),(0,1),(0,1),(0,1)
  backend:    torch
  dtype:      FP32
*** benchmarking opt_einsum expression ***
  #flops :          33410000000
  #bytes :          39862500
  arith. intensity: 838.13
  time (eval):      0.075317
  time (compile):   0.000097
  gflops (eval):    443.59
  gflops (total):   443.02
CSV_DATA: opt_einsum,torch,"aib,bjc,ckd,dle,ema->ijklm","40,40,40,40,40,25,25,25,25,25","(0,1),(0,1),(0,1),(0,1)",FP32,33410000000,838.1310755722797,9.703636169433594e-05,0.0753166675567627,443.5937101813543,443.02292904384336
*** input parameters ***
  einsum_str: aib,bjc,ckd,dle,ema->ijklm
  dim_sizes:  40,40,40,40,40,25,25,25,25,25
  cont_path:  (0,1),(0,1),(0,1),(0,1)
  backend:    torch
  dtype:      FP32
*** benchmarking opt_einsum expression ***
  #flops :          33410000000
  #bytes :          39862500
  arith. intensity: 838.13
  time (eval):      0.074755
  time (compile):   0.000093
  gflops (eval):    446.93
  gflops (total):   446.37
CSV_DATA: opt_einsum,torch,"aib,bjc,ckd,dle,ema->ijklm","40,40,40,40,40,25,25,25,25,25","(0,1),(0,1),(0,1),(0,1)",FP32,33410000000,838.1310755722797,9.34600830078125e-05,0.07475495338439941,446.92690567542144,446.3688467431364
*** input parameters ***
  einsum_str: aib,bjc,ckd,dle,ema->ijklm
  dim_sizes:  40,40,40,40,40,25,25,25,25,25
  cont_path:  (0,1),(0,1),(0,1),(0,1)
  backend:    torch
  dtype:      FP32
*** benchmarking opt_einsum expression ***
  #flops :          33410000000
  #bytes :          39862500
  arith. intensity: 838.13
  time (eval):      0.075859
  time (compile):   0.000097
  gflops (eval):    440.42
  gflops (total):   439.86
CSV_DATA: opt_einsum,torch,"aib,bjc,ckd,dle,ema->ijklm","40,40,40,40,40,25,25,25,25,25","(0,1),(0,1),(0,1),(0,1)",FP32,33410000000,838.1310755722797,9.655952453613281e-05,0.07585883140563965,440.4233413687436,439.86344604181056
*** input parameters ***
  einsum_str: aib,bjc,ckd,dle,ema->ijklm
  dim_sizes:  40,40,40,40,40,25,25,25,25,25
  cont_path:  (0,1),(0,1),(0,1),(0,1)
  backend:    torch
  dtype:      FP32
*** benchmarking opt_einsum expression ***
  #flops :          33410000000
  #bytes :          39862500
  arith. intensity: 838.13
  time (eval):      0.075686
  time (compile):   0.000094
  gflops (eval):    441.43
  gflops (total):   440.88
CSV_DATA: opt_einsum,torch,"aib,bjc,ckd,dle,ema->ijklm","40,40,40,40,40,25,25,25,25,25","(0,1),(0,1),(0,1),(0,1)",FP32,33410000000,838.1310755722797,9.369850158691406e-05,0.07568645477294922,441.4264097879365,440.8806073400557
*** input parameters ***
  einsum_str: aib,bjc,ckd,dle,ema->ijklm
  dim_sizes:  40,40,40,40,40,25,25,25,25,25
  cont_path:  (0,1),(0,1),(0,1),(0,1)
  backend:    torch
  dtype:      FP32
*** benchmarking opt_einsum expression ***
  #flops :          33410000000
  #bytes :          39862500
  arith. intensity: 838.13
  time (eval):      0.074465
  time (compile):   0.000096
  gflops (eval):    448.67
  gflops (total):   448.09
CSV_DATA: opt_einsum,torch,"aib,bjc,ckd,dle,ema->ijklm","40,40,40,40,40,25,25,25,25,25","(0,1),(0,1),(0,1),(0,1)",FP32,33410000000,838.1310755722797,9.608268737792969e-05,0.07446503639221191,448.6669397974572,448.088768146528
*** input parameters ***
  einsum_str: aib,bjc,ckd,dle,ema->ijklm
  dim_sizes:  40,40,40,40,40,25,25,25,25,25
  cont_path:  (0,1),(0,1),(0,1),(0,1)
  backend:    torch
  dtype:      FP32
*** benchmarking opt_einsum expression ***
  #flops :          33410000000
  #bytes :          39862500
  arith. intensity: 838.13
  time (eval):      0.075366
  time (compile):   0.000097
  gflops (eval):    443.31
  gflops (total):   442.73
CSV_DATA: opt_einsum,torch,"aib,bjc,ckd,dle,ema->ijklm","40,40,40,40,40,25,25,25,25,25","(0,1),(0,1),(0,1),(0,1)",FP32,33410000000,838.1310755722797,9.72747802734375e-05,0.07536554336547852,443.30603228031106,442.7345919611771
*** input parameters ***
  einsum_str: aib,bjc,ckd,dle,ema->ijklm
  dim_sizes:  40,40,40,40,40,25,25,25,25,25
  cont_path:  (0,1),(0,1),(0,1),(0,1)
  backend:    torch
  dtype:      FP32
*** benchmarking opt_einsum expression ***
  #flops :          33410000000
  #bytes :          39862500
  arith. intensity: 838.13
  time (eval):      0.075550
  time (compile):   0.000099
  gflops (eval):    442.22
  gflops (total):   441.64
CSV_DATA: opt_einsum,torch,"aib,bjc,ckd,dle,ema->ijklm","40,40,40,40,40,25,25,25,25,25","(0,1),(0,1),(0,1),(0,1)",FP32,33410000000,838.1310755722797,9.918212890625e-05,0.07555007934570312,442.2232284776572,441.6434390600575
*** input parameters ***
  einsum_str: aib,bjc,ckd,dle,ema->ijklm
  dim_sizes:  40,40,40,40,40,25,25,25,25,25
  cont_path:  (0,1),(0,1),(0,1),(0,1)
  backend:    torch
  dtype:      FP32
*** benchmarking opt_einsum expression ***
  #flops :          33410000000
  #bytes :          39862500
  arith. intensity: 838.13
  time (eval):      0.075557
  time (compile):   0.000097
  gflops (eval):    442.18
  gflops (total):   441.62
CSV_DATA: opt_einsum,torch,"aib,bjc,ckd,dle,ema->ijklm","40,40,40,40,40,25,25,25,25,25","(0,1),(0,1),(0,1),(0,1)",FP32,33410000000,838.1310755722797,9.679794311523438e-05,0.07555723190307617,442.18136581363797,441.6156028690643
*** input parameters ***
  einsum_str: aib,bjc,ckd,dle,ema->ijklm
  dim_sizes:  40,40,40,40,40,25,25,25,25,25
  cont_path:  (0,1),(0,1),(0,1),(0,1)
  backend:    torch
  dtype:      FP32
*** benchmarking opt_einsum expression ***
  #flops :          33410000000
  #bytes :          39862500
  arith. intensity: 838.13
  time (eval):      0.075388
  time (compile):   0.000096
  gflops (eval):    443.17
  gflops (total):   442.61
CSV_DATA: opt_einsum,torch,"aib,bjc,ckd,dle,ema->ijklm","40,40,40,40,40,25,25,25,25,25","(0,1),(0,1),(0,1),(0,1)",FP32,33410000000,838.1310755722797,9.584426879882812e-05,0.07538819313049316,443.1728446146597,442.6101352166594
*** input parameters ***
  einsum_str: aib,bjc,ckd,dle,ema->ijklm
  dim_sizes:  40,40,40,40,40,25,25,25,25,25
  cont_path:  (0,1),(0,1),(0,1),(0,1)
  backend:    torch
  dtype:      FP32
*** benchmarking opt_einsum expression ***
  #flops :          33410000000
  #bytes :          39862500
  arith. intensity: 838.13
  time (eval):      0.075469
  time (compile):   0.000097
  gflops (eval):    442.70
  gflops (total):   442.13
CSV_DATA: opt_einsum,torch,"aib,bjc,ckd,dle,ema->ijklm","40,40,40,40,40,25,25,25,25,25","(0,1),(0,1),(0,1),(0,1)",FP32,33410000000,838.1310755722797,9.655952453613281e-05,0.07546877861022949,442.69962513307996,442.1339310414458
*** input parameters ***
  einsum_str: aib,bjc,ckd,dle,ema->ijklm
  dim_sizes:  40,40,40,40,40,25,25,25,25,25
  cont_path:  (0,1),(0,1),(0,1),(0,1)
  backend:    torch
  dtype:      FP32
*** benchmarking opt_einsum expression ***
  #flops :          33410000000
  #bytes :          39862500
  arith. intensity: 838.13
  time (eval):      0.075017
  time (compile):   0.000095
  gflops (eval):    445.37
  gflops (total):   444.80
CSV_DATA: opt_einsum,torch,"aib,bjc,ckd,dle,ema->ijklm","40,40,40,40,40,25,25,25,25,25","(0,1),(0,1),(0,1),(0,1)",FP32,33410000000,838.1310755722797,9.489059448242188e-05,0.07501673698425293,445.36727859828443,444.80463380956763
*** input parameters ***
  einsum_str: aib,bjc,ckd,dle,ema->ijklm
  dim_sizes:  40,40,40,40,40,25,25,25,25,25
  cont_path:  (0,1),(0,1),(0,1),(0,1)
  backend:    torch
  dtype:      FP32
*** benchmarking opt_einsum expression ***
  #flops :          33410000000
  #bytes :          39862500
  arith. intensity: 838.13
  time (eval):      0.075274
  time (compile):   0.000097
  gflops (eval):    443.85
  gflops (total):   443.28
CSV_DATA: opt_einsum,torch,"aib,bjc,ckd,dle,ema->ijklm","40,40,40,40,40,25,25,25,25,25","(0,1),(0,1),(0,1),(0,1)",FP32,33410000000,838.1310755722797,9.703636169433594e-05,0.07527351379394531,443.84801925757006,443.27658390457003
*** input parameters ***
  einsum_str: aib,bjc,ckd,dle,ema->ijklm
  dim_sizes:  40,40,40,40,40,25,25,25,25,25
  cont_path:  (0,1),(0,1),(0,1),(0,1)
  backend:    torch
  dtype:      FP32
*** benchmarking opt_einsum expression ***
  #flops :          33410000000
  #bytes :          39862500
  arith. intensity: 838.13
  time (eval):      0.074934
  time (compile):   0.000095
  gflops (eval):    445.86
  gflops (total):   445.30
CSV_DATA: opt_einsum,torch,"aib,bjc,ckd,dle,ema->ijklm","40,40,40,40,40,25,25,25,25,25","(0,1),(0,1),(0,1),(0,1)",FP32,33410000000,838.1310755722797,9.489059448242188e-05,0.07493400573730469,445.8589884694683,445.2951014000903
*** input parameters ***
  einsum_str: aib,bjc,ckd,dle,ema->ijklm
  dim_sizes:  40,40,40,40,40,25,25,25,25,25
  cont_path:  (0,1),(0,1),(0,1),(0,1)
  backend:    torch
  dtype:      FP32
*** benchmarking opt_einsum expression ***
  #flops :          33410000000
  #bytes :          39862500
  arith. intensity: 838.13
  time (eval):      0.074767
  time (compile):   0.000097
  gflops (eval):    446.86
  gflops (total):   446.28
CSV_DATA: opt_einsum,torch,"aib,bjc,ckd,dle,ema->ijklm","40,40,40,40,40,25,25,25,25,25","(0,1),(0,1),(0,1),(0,1)",FP32,33410000000,838.1310755722797,9.72747802734375e-05,0.07476663589477539,446.85707201030635,446.2764461372858
*** input parameters ***
  einsum_str: aib,bjc,ckd,dle,ema->ijklm
  dim_sizes:  40,40,40,40,40,25,25,25,25,25
  cont_path:  (0,1),(0,1),(0,1),(0,1)
  backend:    torch
  dtype:      FP32
*** benchmarking opt_einsum expression ***
  #flops :          33410000000
  #bytes :          39862500
  arith. intensity: 838.13
  time (eval):      0.075080
  time (compile):   0.000096
  gflops (eval):    444.99
  gflops (total):   444.43
CSV_DATA: opt_einsum,torch,"aib,bjc,ckd,dle,ema->ijklm","40,40,40,40,40,25,25,25,25,25","(0,1),(0,1),(0,1),(0,1)",FP32,33410000000,838.1310755722797,9.560585021972656e-05,0.07507967948913574,444.9939081697137,444.42797721592854
*** input parameters ***
  einsum_str: aib,bjc,ckd,dle,ema->ijklm
  dim_sizes:  40,40,40,40,40,25,25,25,25,25
  cont_path:  (0,1),(0,1),(0,1),(0,1)
  backend:    torch
  dtype:      FP32
*** benchmarking opt_einsum expression ***
  #flops :          33410000000
  #bytes :          39862500
  arith. intensity: 838.13
  time (eval):      0.074570
  time (compile):   0.000095
  gflops (eval):    448.03
  gflops (total):   447.46
CSV_DATA: opt_einsum,torch,"aib,bjc,ckd,dle,ema->ijklm","40,40,40,40,40,25,25,25,25,25","(0,1),(0,1),(0,1),(0,1)",FP32,33410000000,838.1310755722797,9.465217590332031e-05,0.0745704174041748,448.0328951213508,447.46492821744243
*** input parameters ***
  einsum_str: aib,bjc,ckd,dle,ema->ijklm
  dim_sizes:  40,40,40,40,40,25,25,25,25,25
  cont_path:  (0,1),(0,1),(0,1),(0,1)
  backend:    torch
  dtype:      FP32
*** benchmarking opt_einsum expression ***
  #flops :          33410000000
  #bytes :          39862500
  arith. intensity: 838.13
  time (eval):      0.074881
  time (compile):   0.000095
  gflops (eval):    446.18
  gflops (total):   445.61
CSV_DATA: opt_einsum,torch,"aib,bjc,ckd,dle,ema->ijklm","40,40,40,40,40,25,25,25,25,25","(0,1),(0,1),(0,1),(0,1)",FP32,33410000000,838.1310755722797,9.5367431640625e-05,0.07488059997558594,446.176980564966,445.6094553410161
*** input parameters ***
  einsum_str: aib,bjc,ckd,dle,ema->ijklm
  dim_sizes:  40,40,40,40,40,25,25,25,25,25
  cont_path:  (0,1),(0,1),(0,1),(0,1)
  backend:    torch
  dtype:      FP32
*** benchmarking opt_einsum expression ***
  #flops :          33410000000
  #bytes :          39862500
  arith. intensity: 838.13
  time (eval):      0.074462
  time (compile):   0.000093
  gflops (eval):    448.69
  gflops (total):   448.12
CSV_DATA: opt_einsum,torch,"aib,bjc,ckd,dle,ema->ijklm","40,40,40,40,40,25,25,25,25,25","(0,1),(0,1),(0,1),(0,1)",FP32,33410000000,838.1310755722797,9.34600830078125e-05,0.0744619369506836,448.68561533831127,448.1231584737199
*** input parameters ***
  einsum_str: aib,bjc,ckd,dle,ema->ijklm
  dim_sizes:  40,40,40,40,40,25,25,25,25,25
  cont_path:  (0,1),(0,1),(0,1),(0,1)
  backend:    torch
  dtype:      FP32
*** benchmarking opt_einsum expression ***
  #flops :          33410000000
  #bytes :          39862500
  arith. intensity: 838.13
  time (eval):      0.075632
  time (compile):   0.000099
  gflops (eval):    441.74
  gflops (total):   441.17
CSV_DATA: opt_einsum,torch,"aib,bjc,ckd,dle,ema->ijklm","40,40,40,40,40,25,25,25,25,25","(0,1),(0,1),(0,1),(0,1)",FP32,33410000000,838.1310755722797,9.894371032714844e-05,0.07563233375549316,441.74228588541257,441.16514494396176
*** input parameters ***
  einsum_str: aib,bjc,ckd,dle,ema->ijklm
  dim_sizes:  40,40,40,40,40,25,25,25,25,25
  cont_path:  (0,1),(0,1),(0,1),(0,1)
  backend:    torch
  dtype:      FP32
*** benchmarking opt_einsum expression ***
  #flops :          33410000000
  #bytes :          39862500
  arith. intensity: 838.13
  time (eval):      0.074735
  time (compile):   0.000096
  gflops (eval):    447.04
  gflops (total):   446.47
CSV_DATA: opt_einsum,torch,"aib,bjc,ckd,dle,ema->ijklm","40,40,40,40,40,25,25,25,25,25","(0,1),(0,1),(0,1),(0,1)",FP32,33410000000,838.1310755722797,9.584426879882812e-05,0.07473540306091309,447.0438190153224,446.4712428591911
*** input parameters ***
  einsum_str: aib,bjc,ckd,dle,ema->ijklm
  dim_sizes:  40,40,40,40,40,25,25,25,25,25
  cont_path:  (0,1),(0,1),(0,1),(0,1)
  backend:    torch
  dtype:      FP32
*** benchmarking opt_einsum expression ***
  #flops :          33410000000
  #bytes :          39862500
  arith. intensity: 838.13
  time (eval):      0.074655
  time (compile):   0.000101
  gflops (eval):    447.52
  gflops (total):   446.92
CSV_DATA: opt_einsum,torch,"aib,bjc,ckd,dle,ema->ijklm","40,40,40,40,40,25,25,25,25,25","(0,1),(0,1),(0,1),(0,1)",FP32,33410000000,838.1310755722797,0.0001010894775390625,0.07465529441833496,447.5235180613617,446.9183534417049
*** input parameters ***
  einsum_str: aib,bjc,ckd,dle,ema->ijklm
  dim_sizes:  40,40,40,40,40,25,25,25,25,25
  cont_path:  (0,1),(0,1),(0,1),(0,1)
  backend:    torch
  dtype:      FP32
*** benchmarking opt_einsum expression ***
  #flops :          33410000000
  #bytes :          39862500
  arith. intensity: 838.13
  time (eval):      0.074911
  time (compile):   0.000099
  gflops (eval):    446.00
  gflops (total):   445.41
CSV_DATA: opt_einsum,torch,"aib,bjc,ckd,dle,ema->ijklm","40,40,40,40,40,25,25,25,25,25","(0,1),(0,1),(0,1),(0,1)",FP32,33410000000,838.1310755722797,9.894371032714844e-05,0.07491111755371094,445.9952152768937,445.4069152456177
*** input parameters ***
  einsum_str: aib,bjc,ckd,dle,ema->ijklm
  dim_sizes:  40,40,40,40,40,25,25,25,25,25
  cont_path:  (0,1),(0,1),(0,1),(0,1)
  backend:    torch
  dtype:      FP32
*** benchmarking opt_einsum expression ***
  #flops :          33410000000
  #bytes :          39862500
  arith. intensity: 838.13
  time (eval):      0.074846
  time (compile):   0.000099
  gflops (eval):    446.39
  gflops (total):   445.79
CSV_DATA: opt_einsum,torch,"aib,bjc,ckd,dle,ema->ijklm","40,40,40,40,40,25,25,25,25,25","(0,1),(0,1),(0,1),(0,1)",FP32,33410000000,838.1310755722797,9.942054748535156e-05,0.07484555244445801,446.385909500677,445.7937426115505
*** input parameters ***
  einsum_str: aib,bjc,ckd,dle,ema->ijklm
  dim_sizes:  40,40,40,40,40,25,25,25,25,25
  cont_path:  (0,1),(0,1),(0,1),(0,1)
  backend:    torch
  dtype:      FP32
*** benchmarking opt_einsum expression ***
  #flops :          33410000000
  #bytes :          39862500
  arith. intensity: 838.13
  time (eval):      0.074863
  time (compile):   0.000097
  gflops (eval):    446.28
  gflops (total):   445.70
CSV_DATA: opt_einsum,torch,"aib,bjc,ckd,dle,ema->ijklm","40,40,40,40,40,25,25,25,25,25","(0,1),(0,1),(0,1),(0,1)",FP32,33410000000,838.1310755722797,9.72747802734375e-05,0.07486295700073242,446.28213122376576,445.7029975254925
*** input parameters ***
  einsum_str: aib,bjc,ckd,dle,ema->ijklm
  dim_sizes:  40,40,40,40,40,25,25,25,25,25
  cont_path:  (0,1),(0,1),(0,1),(0,1)
  backend:    torch
  dtype:      FP32
*** benchmarking opt_einsum expression ***
  #flops :          33410000000
  #bytes :          39862500
  arith. intensity: 838.13
  time (eval):      0.075523
  time (compile):   0.000094
  gflops (eval):    442.38
  gflops (total):   441.83
CSV_DATA: opt_einsum,torch,"aib,bjc,ckd,dle,ema->ijklm","40,40,40,40,40,25,25,25,25,25","(0,1),(0,1),(0,1),(0,1)",FP32,33410000000,838.1310755722797,9.417533874511719e-05,0.07552337646484375,442.37958581674917,441.8286390278816
*** input parameters ***
  einsum_str: aib,bjc,ckd,dle,ema->ijklm
  dim_sizes:  40,40,40,40,40,25,25,25,25,25
  cont_path:  (0,1),(0,1),(0,1),(0,1)
  backend:    torch
  dtype:      FP32
*** benchmarking opt_einsum expression ***
  #flops :          33410000000
  #bytes :          39862500
  arith. intensity: 838.13
  time (eval):      0.074625
  time (compile):   0.000100
  gflops (eval):    447.71
  gflops (total):   447.11
CSV_DATA: opt_einsum,torch,"aib,bjc,ckd,dle,ema->ijklm","40,40,40,40,40,25,25,25,25,25","(0,1),(0,1),(0,1),(0,1)",FP32,33410000000,838.1310755722797,9.965896606445312e-05,0.07462501525878906,447.705101086262,447.1080047731783
*** input parameters ***
  einsum_str: aib,bjc,ckd,dle,ema->ijklm
  dim_sizes:  40,40,40,40,40,25,25,25,25,25
  cont_path:  (0,1),(0,1),(0,1),(0,1)
  backend:    torch
  dtype:      FP32
*** benchmarking opt_einsum expression ***
  #flops :          33410000000
  #bytes :          39862500
  arith. intensity: 838.13
  time (eval):      0.074793
  time (compile):   0.000097
  gflops (eval):    446.70
  gflops (total):   446.12
CSV_DATA: opt_einsum,torch,"aib,bjc,ckd,dle,ema->ijklm","40,40,40,40,40,25,25,25,25,25","(0,1),(0,1),(0,1),(0,1)",FP32,33410000000,838.1310755722797,9.72747802734375e-05,0.07479310035705566,446.6989580656987,446.11874274544516
*** input parameters ***
  einsum_str: aib,bjc,ckd,dle,ema->ijklm
  dim_sizes:  40,40,40,40,40,25,25,25,25,25
  cont_path:  (0,1),(0,1),(0,1),(0,1)
  backend:    torch
  dtype:      FP32
*** benchmarking opt_einsum expression ***
  #flops :          33410000000
  #bytes :          39862500
  arith. intensity: 838.13
  time (eval):      0.074963
  time (compile):   0.000094
  gflops (eval):    445.69
  gflops (total):   445.13
CSV_DATA: opt_einsum,torch,"aib,bjc,ckd,dle,ema->ijklm","40,40,40,40,40,25,25,25,25,25","(0,1),(0,1),(0,1),(0,1)",FP32,33410000000,838.1310755722797,9.441375732421875e-05,0.07496285438537598,445.6874044342386,445.1267788814312
*** input parameters ***
  einsum_str: aib,bjc,ckd,dle,ema->ijklm
  dim_sizes:  40,40,40,40,40,25,25,25,25,25
  cont_path:  (0,1),(0,1),(0,1),(0,1)
  backend:    torch
  dtype:      FP32
*** benchmarking opt_einsum expression ***
  #flops :          33410000000
  #bytes :          39862500
  arith. intensity: 838.13
  time (eval):      0.074711
  time (compile):   0.000095
  gflops (eval):    447.19
  gflops (total):   446.62
CSV_DATA: opt_einsum,torch,"aib,bjc,ckd,dle,ema->ijklm","40,40,40,40,40,25,25,25,25,25","(0,1),(0,1),(0,1),(0,1)",FP32,33410000000,838.1310755722797,9.489059448242188e-05,0.07471108436584473,447.1893331971752,446.62207821927024
*** input parameters ***
  einsum_str: aib,bjc,ckd,dle,ema->ijklm
  dim_sizes:  40,40,40,40,40,25,25,25,25,25
  cont_path:  (0,1),(0,1),(0,1),(0,1)
  backend:    torch
  dtype:      FP32
*** benchmarking opt_einsum expression ***
  #flops :          33410000000
  #bytes :          39862500
  arith. intensity: 838.13
  time (eval):      0.074485
  time (compile):   0.000098
  gflops (eval):    448.54
  gflops (total):   447.95
CSV_DATA: opt_einsum,torch,"aib,bjc,ckd,dle,ema->ijklm","40,40,40,40,40,25,25,25,25,25","(0,1),(0,1),(0,1),(0,1)",FP32,33410000000,838.1310755722797,9.846687316894531e-05,0.07448530197143555,448.5448687958927,447.95269155156046
*** input parameters ***
  einsum_str: aib,bjc,ckd,dle,ema->ijklm
  dim_sizes:  40,40,40,40,40,25,25,25,25,25
  cont_path:  (0,1),(0,1),(0,1),(0,1)
  backend:    torch
  dtype:      FP32
*** benchmarking opt_einsum expression ***
  #flops :          33410000000
  #bytes :          39862500
  arith. intensity: 838.13
  time (eval):      0.075576
  time (compile):   0.000096
  gflops (eval):    442.07
  gflops (total):   441.51
CSV_DATA: opt_einsum,torch,"aib,bjc,ckd,dle,ema->ijklm","40,40,40,40,40,25,25,25,25,25","(0,1),(0,1),(0,1),(0,1)",FP32,33410000000,838.1310755722797,9.608268737792969e-05,0.0755758285522461,442.07255997072446,441.51124839708757
*** input parameters ***
  einsum_str: aib,bjc,ckd,dle,ema->ijklm
  dim_sizes:  40,40,40,40,40,25,25,25,25,25
  cont_path:  (0,1),(0,1),(0,1),(0,1)
  backend:    torch
  dtype:      FP32
*** benchmarking opt_einsum expression ***
  #flops :          33410000000
  #bytes :          39862500
  arith. intensity: 838.13
  time (eval):      0.074326
  time (compile):   0.000098
  gflops (eval):    449.51
  gflops (total):   448.92
CSV_DATA: opt_einsum,torch,"aib,bjc,ckd,dle,ema->ijklm","40,40,40,40,40,25,25,25,25,25","(0,1),(0,1),(0,1),(0,1)",FP32,33410000000,838.1310755722797,9.799003601074219e-05,0.0743255615234375,449.5088811332376,448.9170336531531
*** input parameters ***
  einsum_str: aib,bjc,ckd,dle,ema->ijklm
  dim_sizes:  40,40,40,40,40,25,25,25,25,25
  cont_path:  (0,1),(0,1),(0,1),(0,1)
  backend:    torch
  dtype:      FP32
*** benchmarking opt_einsum expression ***
  #flops :          33410000000
  #bytes :          39862500
  arith. intensity: 838.13
  time (eval):      0.075365
  time (compile):   0.000098
  gflops (eval):    443.31
  gflops (total):   442.73
CSV_DATA: opt_einsum,torch,"aib,bjc,ckd,dle,ema->ijklm","40,40,40,40,40,25,25,25,25,25","(0,1),(0,1),(0,1),(0,1)",FP32,33410000000,838.1310755722797,9.822845458984375e-05,0.07536458969116211,443.31164193836173,442.7345919611771
*** input parameters ***
  einsum_str: aib,bjc,ckd,dle,ema->ijklm
  dim_sizes:  40,40,40,40,40,25,25,25,25,25
  cont_path:  (0,1),(0,1),(0,1),(0,1)
  backend:    torch
  dtype:      FP32
*** benchmarking opt_einsum expression ***
  #flops :          33410000000
  #bytes :          39862500
  arith. intensity: 838.13
  time (eval):      0.074865
  time (compile):   0.000094
  gflops (eval):    446.27
  gflops (total):   445.71
CSV_DATA: opt_einsum,torch,"aib,bjc,ckd,dle,ema->ijklm","40,40,40,40,40,25,25,25,25,25","(0,1),(0,1),(0,1),(0,1)",FP32,33410000000,838.1310755722797,9.369850158691406e-05,0.07486534118652344,446.26791877913945,445.7100856549439
*** input parameters ***
  einsum_str: aib,bjc,ckd,dle,ema->ijklm
  dim_sizes:  40,40,40,40,40,25,25,25,25,25
  cont_path:  (0,1),(0,1),(0,1),(0,1)
  backend:    torch
  dtype:      FP32
*** benchmarking opt_einsum expression ***
  #flops :          33410000000
  #bytes :          39862500
  arith. intensity: 838.13
  time (eval):      0.074902
  time (compile):   0.000095
  gflops (eval):    446.05
  gflops (total):   445.49
CSV_DATA: opt_einsum,torch,"aib,bjc,ckd,dle,ema->ijklm","40,40,40,40,40,25,25,25,25,25","(0,1),(0,1),(0,1),(0,1)",FP32,33410000000,838.1310755722797,9.465217590332031e-05,0.07490181922912598,446.0505811988121,445.4876259386187
*** input parameters ***
  einsum_str: aib,bjc,ckd,dle,ema->ijklm
  dim_sizes:  40,40,40,40,40,25,25,25,25,25
  cont_path:  (0,1),(0,1),(0,1),(0,1)
  backend:    torch
  dtype:      FP32
*** benchmarking opt_einsum expression ***
  #flops :          33410000000
  #bytes :          39862500
  arith. intensity: 838.13
  time (eval):      0.075208
  time (compile):   0.000093
  gflops (eval):    444.23
  gflops (total):   443.68
CSV_DATA: opt_einsum,torch,"aib,bjc,ckd,dle,ema->ijklm","40,40,40,40,40,25,25,25,25,25","(0,1),(0,1),(0,1),(0,1)",FP32,33410000000,838.1310755722797,9.34600830078125e-05,0.07520794868469238,444.23495899443645,443.6835983117874
*** input parameters ***
  einsum_str: aib,bjc,ckd,dle,ema->ijklm
  dim_sizes:  40,40,40,40,40,25,25,25,25,25
  cont_path:  (0,1),(0,1),(0,1),(0,1)
  backend:    torch
  dtype:      FP32
*** benchmarking opt_einsum expression ***
  #flops :          33410000000
  #bytes :          39862500
  arith. intensity: 838.13
  time (eval):      0.074347
  time (compile):   0.000095
  gflops (eval):    449.38
  gflops (total):   448.81
CSV_DATA: opt_einsum,torch,"aib,bjc,ckd,dle,ema->ijklm","40,40,40,40,40,25,25,25,25,25","(0,1),(0,1),(0,1),(0,1)",FP32,33410000000,838.1310755722797,9.489059448242188e-05,0.07434701919555664,449.37914608413456,448.8063255527941
*** input parameters ***
  einsum_str: aib,bjc,ckd,dle,ema->ijklm
  dim_sizes:  40,40,40,40,40,25,25,25,25,25
  cont_path:  (0,1),(0,1),(0,1),(0,1)
  backend:    torch
  dtype:      FP32
*** benchmarking opt_einsum expression ***
  #flops :          33410000000
  #bytes :          39862500
  arith. intensity: 838.13
  time (eval):      0.074856
  time (compile):   0.000094
  gflops (eval):    446.33
  gflops (total):   445.77
CSV_DATA: opt_einsum,torch,"aib,bjc,ckd,dle,ema->ijklm","40,40,40,40,40,25,25,25,25,25","(0,1),(0,1),(0,1),(0,1)",FP32,33410000000,838.1310755722797,9.393692016601562e-05,0.07485556602478027,446.32619555558387,445.7667988077402
*** input parameters ***
  einsum_str: aib,bjc,ckd,dle,ema->ijklm
  dim_sizes:  40,40,40,40,40,25,25,25,25,25
  cont_path:  (0,1),(0,1),(0,1),(0,1)
  backend:    torch
  dtype:      FP32
*** benchmarking opt_einsum expression ***
  #flops :          33410000000
  #bytes :          39862500
  arith. intensity: 838.13
  time (eval):      0.074677
  time (compile):   0.000095
  gflops (eval):    447.39
  gflops (total):   446.82
CSV_DATA: opt_einsum,torch,"aib,bjc,ckd,dle,ema->ijklm","40,40,40,40,40,25,25,25,25,25","(0,1),(0,1),(0,1),(0,1)",FP32,33410000000,838.1310755722797,9.5367431640625e-05,0.0746774673461914,447.39064121065064,446.8200262738346
*** input parameters ***
  einsum_str: aib,bjc,ckd,dle,ema->ijklm
  dim_sizes:  40,40,40,40,40,25,25,25,25,25
  cont_path:  (0,1),(0,1),(0,1),(0,1)
  backend:    torch
  dtype:      FP32
*** benchmarking opt_einsum expression ***
  #flops :          33410000000
  #bytes :          39862500
  arith. intensity: 838.13
  time (eval):      0.074493
  time (compile):   0.000095
  gflops (eval):    448.50
  gflops (total):   447.92
CSV_DATA: opt_einsum,torch,"aib,bjc,ckd,dle,ema->ijklm","40,40,40,40,40,25,25,25,25,25","(0,1),(0,1),(0,1),(0,1)",FP32,33410000000,838.1310755722797,9.5367431640625e-05,0.0744931697845459,448.49749442305415,447.9240543780187
*** input parameters ***
  einsum_str: aib,bjc,ckd,dle,ema->ijklm
  dim_sizes:  40,40,40,40,40,25,25,25,25,25
  cont_path:  (0,1),(0,1),(0,1),(0,1)
  backend:    torch
  dtype:      FP32
*** benchmarking opt_einsum expression ***
  #flops :          33410000000
  #bytes :          39862500
  arith. intensity: 838.13
  time (eval):      0.074671
  time (compile):   0.000098
  gflops (eval):    447.43
  gflops (total):   446.84
CSV_DATA: opt_einsum,torch,"aib,bjc,ckd,dle,ema->ijklm","40,40,40,40,40,25,25,25,25,25","(0,1),(0,1),(0,1),(0,1)",FP32,33410000000,838.1310755722797,9.846687316894531e-05,0.07467079162597656,447.4306388413498,446.8413980644442
*** input parameters ***
  einsum_str: aib,bjc,ckd,dle,ema->ijklm
  dim_sizes:  40,40,40,40,40,25,25,25,25,25
  cont_path:  (0,1),(0,1),(0,1),(0,1)
  backend:    torch
  dtype:      FP32
*** benchmarking opt_einsum expression ***
  #flops :          33410000000
  #bytes :          39862500
  arith. intensity: 838.13
  time (eval):      0.074529
  time (compile):   0.000097
  gflops (eval):    448.28
  gflops (total):   447.70
CSV_DATA: opt_einsum,torch,"aib,bjc,ckd,dle,ema->ijklm","40,40,40,40,40,25,25,25,25,25","(0,1),(0,1),(0,1),(0,1)",FP32,33410000000,838.1310755722797,9.72747802734375e-05,0.07452869415283203,448.28371649029424,447.6993796884385
*** input parameters ***
  einsum_str: aib,bjc,ckd,dle,ema->ijklm
  dim_sizes:  40,40,40,40,40,25,25,25,25,25
  cont_path:  (0,1),(0,1),(0,1),(0,1)
  backend:    torch
  dtype:      FP32
*** benchmarking opt_einsum expression ***
  #flops :          33410000000
  #bytes :          39862500
  arith. intensity: 838.13
  time (eval):      0.075450
  time (compile):   0.000094
  gflops (eval):    442.81
  gflops (total):   442.26
CSV_DATA: opt_einsum,torch,"aib,bjc,ckd,dle,ema->ijklm","40,40,40,40,40,25,25,25,25,25","(0,1),(0,1),(0,1),(0,1)",FP32,33410000000,838.1310755722797,9.393692016601562e-05,0.07545018196105957,442.8087399079192,442.25812008647495
*** input parameters ***
  einsum_str: aib,bjc,ckd,dle,ema->ijklm
  dim_sizes:  40,40,40,40,40,25,25,25,25,25
  cont_path:  (0,1),(0,1),(0,1),(0,1)
  backend:    torch
  dtype:      FP32
*** benchmarking opt_einsum expression ***
  #flops :          33410000000
  #bytes :          39862500
  arith. intensity: 838.13
  time (eval):      0.075359
  time (compile):   0.000094
  gflops (eval):    443.34
  gflops (total):   442.79
CSV_DATA: opt_einsum,torch,"aib,bjc,ckd,dle,ema->ijklm","40,40,40,40,40,25,25,25,25,25","(0,1),(0,1),(0,1),(0,1)",FP32,33410000000,838.1310755722797,9.417533874511719e-05,0.07535934448242188,443.3424975955454,442.78915124417415
*** input parameters ***
  einsum_str: aib,bjc,ckd,dle,ema->ijklm
  dim_sizes:  40,40,40,40,40,25,25,25,25,25
  cont_path:  (0,1),(0,1),(0,1),(0,1)
  backend:    torch
  dtype:      FP32
*** benchmarking opt_einsum expression ***
  #flops :          33410000000
  #bytes :          39862500
  arith. intensity: 838.13
  time (eval):      0.074563
  time (compile):   0.000098
  gflops (eval):    448.08
  gflops (total):   447.49
CSV_DATA: opt_einsum,torch,"aib,bjc,ckd,dle,ema->ijklm","40,40,40,40,40,25,25,25,25,25","(0,1),(0,1),(0,1),(0,1)",FP32,33410000000,838.1310755722797,9.751319885253906e-05,0.07456326484680176,448.0758731346386,447.4906486987067
*** input parameters ***
  einsum_str: aib,bjc,ckd,dle,ema->ijklm
  dim_sizes:  40,40,40,40,40,25,25,25,25,25
  cont_path:  (0,1),(0,1),(0,1),(0,1)
  backend:    torch
  dtype:      FP32
*** benchmarking opt_einsum expression ***
  #flops :          33410000000
  #bytes :          39862500
  arith. intensity: 838.13
  time (eval):      0.074840
  time (compile):   0.000102
  gflops (eval):    446.42
  gflops (total):   445.81
CSV_DATA: opt_einsum,torch,"aib,bjc,ckd,dle,ema->ijklm","40,40,40,40,40,25,25,25,25,25","(0,1),(0,1),(0,1),(0,1)",FP32,33410000000,838.1310755722797,0.00010156631469726562,0.07484006881713867,446.41861676574223,445.813598024993
*** input parameters ***
  einsum_str: aib,bjc,ckd,dle,ema->ijklm
  dim_sizes:  40,40,40,40,40,25,25,25,25,25
  cont_path:  (0,1),(0,1),(0,1),(0,1)
  backend:    torch
  dtype:      FP32
*** benchmarking opt_einsum expression ***
  #flops :          33410000000
  #bytes :          39862500
  arith. intensity: 838.13
  time (eval):      0.075195
  time (compile):   0.000096
  gflops (eval):    444.31
  gflops (total):   443.75
CSV_DATA: opt_einsum,torch,"aib,bjc,ckd,dle,ema->ijklm","40,40,40,40,40,25,25,25,25,25","(0,1),(0,1),(0,1),(0,1)",FP32,33410000000,838.1310755722797,9.560585021972656e-05,0.0751945972442627,444.31383669056316,443.7496331106115
*** input parameters ***
  einsum_str: aib,bjc,ckd,dle,ema->ijklm
  dim_sizes:  40,40,40,40,40,25,25,25,25,25
  cont_path:  (0,1),(0,1),(0,1),(0,1)
  backend:    torch
  dtype:      FP32
*** benchmarking opt_einsum expression ***
  #flops :          33410000000
  #bytes :          39862500
  arith. intensity: 838.13
  time (eval):      0.075068
  time (compile):   0.000095
  gflops (eval):    445.06
  gflops (total):   444.50
CSV_DATA: opt_einsum,torch,"aib,bjc,ckd,dle,ema->ijklm","40,40,40,40,40,25,25,25,25,25","(0,1),(0,1),(0,1),(0,1)",FP32,33410000000,838.1310755722797,9.5367431640625e-05,0.07506823539733887,445.0617471312556,444.497053660641
*** input parameters ***
  einsum_str: aib,bjc,ckd,dle,ema->ijklm
  dim_sizes:  40,40,40,40,40,25,25,25,25,25
  cont_path:  (0,1),(0,1),(0,1),(0,1)
  backend:    torch
  dtype:      FP32
*** benchmarking opt_einsum expression ***
  #flops :          33410000000
  #bytes :          39862500
  arith. intensity: 838.13
  time (eval):      0.074706
  time (compile):   0.000096
  gflops (eval):    447.22
  gflops (total):   446.64
CSV_DATA: opt_einsum,torch,"aib,bjc,ckd,dle,ema->ijklm","40,40,40,40,40,25,25,25,25,25","(0,1),(0,1),(0,1),(0,1)",FP32,33410000000,838.1310755722797,9.632110595703125e-05,0.0747063159942627,447.21787649876654,446.6420074901592
*** input parameters ***
  einsum_str: aib,bjc,ckd,dle,ema->ijklm
  dim_sizes:  40,40,40,40,40,25,25,25,25,25
  cont_path:  (0,1),(0,1),(0,1),(0,1)
  backend:    torch
  dtype:      FP32
*** benchmarking opt_einsum expression ***
  #flops :          33410000000
  #bytes :          39862500
  arith. intensity: 838.13
  time (eval):      0.075302
  time (compile):   0.000097
  gflops (eval):    443.68
  gflops (total):   443.11
CSV_DATA: opt_einsum,torch,"aib,bjc,ckd,dle,ema->ijklm","40,40,40,40,40,25,25,25,25,25","(0,1),(0,1),(0,1),(0,1)",FP32,33410000000,838.1310755722797,9.679794311523438e-05,0.0753016471862793,443.6821935295943,443.1125859779158
*** input parameters ***
  einsum_str: aib,bjc,ckd,dle,ema->ijklm
  dim_sizes:  40,40,40,40,40,25,25,25,25,25
  cont_path:  (0,1),(0,1),(0,1),(0,1)
  backend:    torch
  dtype:      FP32
*** benchmarking opt_einsum expression ***
  #flops :          33410000000
  #bytes :          39862500
  arith. intensity: 838.13
  time (eval):      0.075090
  time (compile):   0.000096
  gflops (eval):    444.93
  gflops (total):   444.37
CSV_DATA: opt_einsum,torch,"aib,bjc,ckd,dle,ema->ijklm","40,40,40,40,40,25,25,25,25,25","(0,1),(0,1),(0,1),(0,1)",FP32,33410000000,838.1310755722797,9.560585021972656e-05,0.07508969306945801,444.9345660408511,444.3687859204059
*** input parameters ***
  einsum_str: aib,bjc,ckd,dle,ema->ijklm
  dim_sizes:  40,40,40,40,40,25,25,25,25,25
  cont_path:  (0,1),(0,1),(0,1),(0,1)
  backend:    torch
  dtype:      FP32
*** benchmarking opt_einsum expression ***
  #flops :          33410000000
  #bytes :          39862500
  arith. intensity: 838.13
  time (eval):      0.075509
  time (compile):   0.000094
  gflops (eval):    442.47
  gflops (total):   441.92
CSV_DATA: opt_einsum,torch,"aib,bjc,ckd,dle,ema->ijklm","40,40,40,40,40,25,25,25,25,25","(0,1),(0,1),(0,1),(0,1)",FP32,33410000000,838.1310755722797,9.417533874511719e-05,0.07550859451293945,442.46618832608164,441.91502593810804
*** input parameters ***
  einsum_str: aib,bjc,ckd,dle,ema->ijklm
  dim_sizes:  40,40,40,40,40,25,25,25,25,25
  cont_path:  (0,1),(0,1),(0,1),(0,1)
  backend:    torch
  dtype:      FP32
*** benchmarking opt_einsum expression ***
  #flops :          33410000000
  #bytes :          39862500
  arith. intensity: 838.13
  time (eval):      0.075207
  time (compile):   0.000097
  gflops (eval):    444.24
  gflops (total):   443.67
CSV_DATA: opt_einsum,torch,"aib,bjc,ckd,dle,ema->ijklm","40,40,40,40,40,25,25,25,25,25","(0,1),(0,1),(0,1),(0,1)",FP32,33410000000,838.1310755722797,9.655952453613281e-05,0.07520723342895508,444.23918387532416,443.6695508901462
*** input parameters ***
  einsum_str: aib,bjc,ckd,dle,ema->ijklm
  dim_sizes:  40,40,40,40,40,25,25,25,25,25
  cont_path:  (0,1),(0,1),(0,1),(0,1)
  backend:    torch
  dtype:      FP32
*** benchmarking opt_einsum expression ***
  #flops :          33410000000
  #bytes :          39862500
  arith. intensity: 838.13
  time (eval):      0.075077
  time (compile):   0.000095
  gflops (eval):    445.01
  gflops (total):   444.45
CSV_DATA: opt_einsum,torch,"aib,bjc,ckd,dle,ema->ijklm","40,40,40,40,40,25,25,25,25,25","(0,1),(0,1),(0,1),(0,1)",FP32,33410000000,838.1310755722797,9.5367431640625e-05,0.07507681846618652,445.0108659711968,444.44630152714126
*** input parameters ***
  einsum_str: aib,bjc,ckd,dle,ema->ijklm
  dim_sizes:  40,40,40,40,40,25,25,25,25,25
  cont_path:  (0,1),(0,1),(0,1),(0,1)
  backend:    torch
  dtype:      FP32
*** benchmarking opt_einsum expression ***
  #flops :          33410000000
  #bytes :          39862500
  arith. intensity: 838.13
  time (eval):      0.075056
  time (compile):   0.000096
  gflops (eval):    445.13
  gflops (total):   444.56
CSV_DATA: opt_einsum,torch,"aib,bjc,ckd,dle,ema->ijklm","40,40,40,40,40,25,25,25,25,25","(0,1),(0,1),(0,1),(0,1)",FP32,33410000000,838.1310755722797,9.608268737792969e-05,0.07505607604980469,445.1338486950777,444.56474120509756
*** input parameters ***
  einsum_str: aib,bjc,ckd,dle,ema->ijklm
  dim_sizes:  40,40,40,40,40,25,25,25,25,25
  cont_path:  (0,1),(0,1),(0,1),(0,1)
  backend:    torch
  dtype:      FP32
*** benchmarking opt_einsum expression ***
  #flops :          33410000000
  #bytes :          39862500
  arith. intensity: 838.13
  time (eval):      0.074494
  time (compile):   0.000092
  gflops (eval):    448.49
  gflops (total):   447.94
CSV_DATA: opt_einsum,torch,"aib,bjc,ckd,dle,ema->ijklm","40,40,40,40,40,25,25,25,25,25","(0,1),(0,1),(0,1),(0,1)",FP32,33410000000,838.1310755722797,9.202957153320312e-05,0.0744941234588623,448.491752754832,447.9383725070884
*** input parameters ***
  einsum_str: aib,bjc,ckd,dle,ema->ijklm
  dim_sizes:  40,40,40,40,40,25,25,25,25,25
  cont_path:  (0,1),(0,1),(0,1),(0,1)
  backend:    torch
  dtype:      FP32
*** benchmarking opt_einsum expression ***
  #flops :          33410000000
  #bytes :          39862500
  arith. intensity: 838.13
  time (eval):      0.075365
  time (compile):   0.000094
  gflops (eval):    443.31
  gflops (total):   442.76
CSV_DATA: opt_einsum,torch,"aib,bjc,ckd,dle,ema->ijklm","40,40,40,40,40,25,25,25,25,25","(0,1),(0,1),(0,1),(0,1)",FP32,33410000000,838.1310755722797,9.417533874511719e-05,0.07536458969116211,443.31164193836173,442.7583725596136
*** input parameters ***
  einsum_str: aib,bjc,ckd,dle,ema->ijklm
  dim_sizes:  40,40,40,40,40,25,25,25,25,25
  cont_path:  (0,1),(0,1),(0,1),(0,1)
  backend:    torch
  dtype:      FP32
*** benchmarking opt_einsum expression ***
  #flops :          33410000000
  #bytes :          39862500
  arith. intensity: 838.13
  time (eval):      0.075359
  time (compile):   0.000094
  gflops (eval):    443.35
  gflops (total):   442.79
CSV_DATA: opt_einsum,torch,"aib,bjc,ckd,dle,ema->ijklm","40,40,40,40,40,25,25,25,25,25","(0,1),(0,1),(0,1),(0,1)",FP32,33410000000,838.1310755722797,9.393692016601562e-05,0.07535886764526367,443.34530286827936,442.79334866907664
*** input parameters ***
  einsum_str: aib,bjc,ckd,dle,ema->ijklm
  dim_sizes:  40,40,40,40,40,25,25,25,25,25
  cont_path:  (0,1),(0,1),(0,1),(0,1)
  backend:    torch
  dtype:      FP32
*** benchmarking opt_einsum expression ***
  #flops :          33410000000
  #bytes :          39862500
  arith. intensity: 838.13
  time (eval):      0.074339
  time (compile):   0.000095
  gflops (eval):    449.43
  gflops (total):   448.85
CSV_DATA: opt_einsum,torch,"aib,bjc,ckd,dle,ema->ijklm","40,40,40,40,40,25,25,25,25,25","(0,1),(0,1),(0,1),(0,1)",FP32,33410000000,838.1310755722797,9.5367431640625e-05,0.07433867454528809,449.4295897036232,448.8537651946355
*** input parameters ***
  einsum_str: aib,bjc,ckd,dle,ema->ijklm
  dim_sizes:  40,40,40,40,40,25,25,25,25,25
  cont_path:  (0,1),(0,1),(0,1),(0,1)
  backend:    torch
  dtype:      FP32
*** benchmarking opt_einsum expression ***
  #flops :          33410000000
  #bytes :          39862500
  arith. intensity: 838.13
  time (eval):      0.075029
  time (compile):   0.000094
  gflops (eval):    445.30
  gflops (total):   444.74
CSV_DATA: opt_einsum,torch,"aib,bjc,ckd,dle,ema->ijklm","40,40,40,40,40,25,25,25,25,25","(0,1),(0,1),(0,1),(0,1)",FP32,33410000000,838.1310755722797,9.393692016601562e-05,0.07502865791320801,445.29651641441023,444.73969614741327
*** input parameters ***
  einsum_str: aib,bjc,ckd,dle,ema->ijklm
  dim_sizes:  40,40,40,40,40,25,25,25,25,25
  cont_path:  (0,1),(0,1),(0,1),(0,1)
  backend:    torch
  dtype:      FP32
*** benchmarking opt_einsum expression ***
  #flops :          33410000000
  #bytes :          39862500
  arith. intensity: 838.13
  time (eval):      0.074809
  time (compile):   0.000094
  gflops (eval):    446.60
  gflops (total):   446.04
CSV_DATA: opt_einsum,torch,"aib,bjc,ckd,dle,ema->ijklm","40,40,40,40,40,25,25,25,25,25","(0,1),(0,1),(0,1),(0,1)",FP32,33410000000,838.1310755722797,9.441375732421875e-05,0.07480883598327637,446.6049974025643,446.0420624699603
*** input parameters ***
  einsum_str: aib,bjc,ckd,dle,ema->ijklm
  dim_sizes:  40,40,40,40,40,25,25,25,25,25
  cont_path:  (0,1),(0,1),(0,1),(0,1)
  backend:    torch
  dtype:      FP32
*** benchmarking opt_einsum expression ***
  #flops :          33410000000
  #bytes :          39862500
  arith. intensity: 838.13
  time (eval):      0.075030
  time (compile):   0.000097
  gflops (eval):    445.29
  gflops (total):   444.72
CSV_DATA: opt_einsum,torch,"aib,bjc,ckd,dle,ema->ijklm","40,40,40,40,40,25,25,25,25,25","(0,1),(0,1),(0,1),(0,1)",FP32,33410000000,838.1310755722797,9.655952453613281e-05,0.07502961158752441,445.2908564110875,444.71852492208876
*** input parameters ***
  einsum_str: aib,bjc,ckd,dle,ema->ijklm
  dim_sizes:  40,40,40,40,40,25,25,25,25,25
  cont_path:  (0,1),(0,1),(0,1),(0,1)
  backend:    torch
  dtype:      FP32
*** benchmarking opt_einsum expression ***
  #flops :          33410000000
  #bytes :          39862500
  arith. intensity: 838.13
  time (eval):      0.074534
  time (compile):   0.000093
  gflops (eval):    448.25
  gflops (total):   447.70
CSV_DATA: opt_einsum,torch,"aib,bjc,ckd,dle,ema->ijklm","40,40,40,40,40,25,25,25,25,25","(0,1),(0,1),(0,1),(0,1)",FP32,33410000000,838.1310755722797,9.274482727050781e-05,0.07453370094299316,448.2536030989998,447.69651904436336
*** input parameters ***
  einsum_str: aib,bjc,ckd,dle,ema->ijklm
  dim_sizes:  40,40,40,40,40,25,25,25,25,25
  cont_path:  (0,1),(0,1),(0,1),(0,1)
  backend:    torch
  dtype:      FP32
*** benchmarking opt_einsum expression ***
  #flops :          33410000000
  #bytes :          39862500
  arith. intensity: 838.13
  time (eval):      0.075148
  time (compile):   0.000093
  gflops (eval):    444.59
  gflops (total):   444.04
CSV_DATA: opt_einsum,torch,"aib,bjc,ckd,dle,ema->ijklm","40,40,40,40,40,25,25,25,25,25","(0,1),(0,1),(0,1),(0,1)",FP32,33410000000,838.1310755722797,9.298324584960938e-05,0.07514834403991699,444.58730830121044,444.03788722531175
*** input parameters ***
  einsum_str: aib,bjc,ckd,dle,ema->ijklm
  dim_sizes:  40,40,40,40,40,25,25,25,25,25
  cont_path:  (0,1),(0,1),(0,1),(0,1)
  backend:    torch
  dtype:      FP32
*** benchmarking opt_einsum expression ***
  #flops :          33410000000
  #bytes :          39862500
  arith. intensity: 838.13
  time (eval):      0.074691
  time (compile):   0.000098
  gflops (eval):    447.31
  gflops (total):   446.72
CSV_DATA: opt_einsum,torch,"aib,bjc,ckd,dle,ema->ijklm","40,40,40,40,40,25,25,25,25,25","(0,1),(0,1),(0,1),(0,1)",FP32,33410000000,838.1310755722797,9.775161743164062e-05,0.0746912956237793,447.30781171994204,446.7231664583918
*** input parameters ***
  einsum_str: aib,bjc,ckd,dle,ema->ijklm
  dim_sizes:  40,40,40,40,40,25,25,25,25,25
  cont_path:  (0,1),(0,1),(0,1),(0,1)
  backend:    torch
  dtype:      FP32
*** benchmarking opt_einsum expression ***
  #flops :          33410000000
  #bytes :          39862500
  arith. intensity: 838.13
  time (eval):      0.074934
  time (compile):   0.000096
  gflops (eval):    445.86
  gflops (total):   445.29
CSV_DATA: opt_einsum,torch,"aib,bjc,ckd,dle,ema->ijklm","40,40,40,40,40,25,25,25,25,25","(0,1),(0,1),(0,1),(0,1)",FP32,33410000000,838.1310755722797,9.584426879882812e-05,0.07493352890014648,445.8618256791412,445.29227139842897
*** input parameters ***
  einsum_str: aib,bjc,ckd,dle,ema->ijklm
  dim_sizes:  40,40,40,40,40,25,25,25,25,25
  cont_path:  (0,1),(0,1),(0,1),(0,1)
  backend:    torch
  dtype:      FP32
*** benchmarking opt_einsum expression ***
  #flops :          33410000000
  #bytes :          39862500
  arith. intensity: 838.13
  time (eval):      0.074904
  time (compile):   0.000095
  gflops (eval):    446.04
  gflops (total):   445.47
CSV_DATA: opt_einsum,torch,"aib,bjc,ckd,dle,ema->ijklm","40,40,40,40,40,25,25,25,25,25","(0,1),(0,1),(0,1),(0,1)",FP32,33410000000,838.1310755722797,9.465217590332031e-05,0.07490396499633789,446.037803227552,445.4748802004025
