*** input parameters ***
  einsum_str: aefi,bfgj,cghk,dhel,ijkl->abcd
  dim_sizes:  40,40,20,20,6,6,6,6,4,4,4,4
  cont_path:  (2,3),(2,3),(0,2),(0,1)
  backend:    torch
  dtype:      FP32
*** benchmarking opt_einsum expression ***
  #flops :          305049600
  #bytes :          2630144
  arith. intensity: 115.98
  time (eval):      0.004844
  time (compile):   0.000190
  gflops (eval):    62.97
  gflops (total):   60.59
CSV_DATA: opt_einsum,torch,"aefi,bfgj,cghk,dhel,ijkl->abcd","40,40,20,20,6,6,6,6,4,4,4,4","(2,3),(2,3),(0,2),(0,1)",FP32,305049600,115.98209071442476,0.00019025802612304688,0.0048444271087646484,62.969179461508936,60.58960825299048
*** input parameters ***
  einsum_str: aefi,bfgj,cghk,dhel,ijkl->abcd
  dim_sizes:  40,40,20,20,6,6,6,6,4,4,4,4
  cont_path:  (2,3),(2,3),(0,2),(0,1)
  backend:    torch
  dtype:      FP32
*** benchmarking opt_einsum expression ***
  #flops :          305049600
  #bytes :          2630144
  arith. intensity: 115.98
  time (eval):      0.004956
  time (compile):   0.000177
  gflops (eval):    61.56
  gflops (total):   59.44
CSV_DATA: opt_einsum,torch,"aefi,bfgj,cghk,dhel,ijkl->abcd","40,40,20,20,6,6,6,6,4,4,4,4","(2,3),(2,3),(0,2),(0,1)",FP32,305049600,115.98209071442476,0.0001766681671142578,0.0049555301666259766,61.55740954911715,59.43838880787885
*** input parameters ***
  einsum_str: aefi,bfgj,cghk,dhel,ijkl->abcd
  dim_sizes:  40,40,20,20,6,6,6,6,4,4,4,4
  cont_path:  (2,3),(2,3),(0,2),(0,1)
  backend:    torch
  dtype:      FP32
*** benchmarking opt_einsum expression ***
  #flops :          305049600
  #bytes :          2630144
  arith. intensity: 115.98
  time (eval):      0.009724
  time (compile):   0.000182
  gflops (eval):    31.37
  gflops (total):   30.80
CSV_DATA: opt_einsum,torch,"aefi,bfgj,cghk,dhel,ijkl->abcd","40,40,20,20,6,6,6,6,4,4,4,4","(2,3),(2,3),(0,2),(0,1)",FP32,305049600,115.98209071442476,0.00018215179443359375,0.009723663330078125,31.371880087249902,30.79500234616348
*** input parameters ***
  einsum_str: aefi,bfgj,cghk,dhel,ijkl->abcd
  dim_sizes:  40,40,20,20,6,6,6,6,4,4,4,4
  cont_path:  (2,3),(2,3),(0,2),(0,1)
  backend:    torch
  dtype:      FP32
*** benchmarking opt_einsum expression ***
  #flops :          305049600
  #bytes :          2630144
  arith. intensity: 115.98
  time (eval):      0.005296
  time (compile):   0.000177
  gflops (eval):    57.60
  gflops (total):   55.73
CSV_DATA: opt_einsum,torch,"aefi,bfgj,cghk,dhel,ijkl->abcd","40,40,20,20,6,6,6,6,4,4,4,4","(2,3),(2,3),(0,2),(0,1)",FP32,305049600,115.98209071442476,0.0001773834228515625,0.005295991897583008,57.600088123099084,55.7333605209043
*** input parameters ***
  einsum_str: aefi,bfgj,cghk,dhel,ijkl->abcd
  dim_sizes:  40,40,20,20,6,6,6,6,4,4,4,4
  cont_path:  (2,3),(2,3),(0,2),(0,1)
  backend:    torch
  dtype:      FP32
*** benchmarking opt_einsum expression ***
  #flops :          305049600
  #bytes :          2630144
  arith. intensity: 115.98
  time (eval):      0.006140
  time (compile):   0.000179
  gflops (eval):    49.68
  gflops (total):   48.28
CSV_DATA: opt_einsum,torch,"aefi,bfgj,cghk,dhel,ijkl->abcd","40,40,20,20,6,6,6,6,4,4,4,4","(2,3),(2,3),(0,2),(0,1)",FP32,305049600,115.98209071442476,0.0001785755157470703,0.006140232086181641,49.68046740228314,48.27645011803947
*** input parameters ***
  einsum_str: aefi,bfgj,cghk,dhel,ijkl->abcd
  dim_sizes:  40,40,20,20,6,6,6,6,4,4,4,4
  cont_path:  (2,3),(2,3),(0,2),(0,1)
  backend:    torch
  dtype:      FP32
*** benchmarking opt_einsum expression ***
  #flops :          305049600
  #bytes :          2630144
  arith. intensity: 115.98
  time (eval):      0.005717
  time (compile):   0.000183
  gflops (eval):    53.36
  gflops (total):   51.71
CSV_DATA: opt_einsum,torch,"aefi,bfgj,cghk,dhel,ijkl->abcd","40,40,20,20,6,6,6,6,4,4,4,4","(2,3),(2,3),(0,2),(0,1)",FP32,305049600,115.98209071442476,0.00018262863159179688,0.005716800689697266,53.360195073750944,51.70832353210476
*** input parameters ***
  einsum_str: aefi,bfgj,cghk,dhel,ijkl->abcd
  dim_sizes:  40,40,20,20,6,6,6,6,4,4,4,4
  cont_path:  (2,3),(2,3),(0,2),(0,1)
  backend:    torch
  dtype:      FP32
*** benchmarking opt_einsum expression ***
  #flops :          305049600
  #bytes :          2630144
  arith. intensity: 115.98
  time (eval):      0.004990
  time (compile):   0.000181
  gflops (eval):    61.13
  gflops (total):   58.99
CSV_DATA: opt_einsum,torch,"aefi,bfgj,cghk,dhel,ijkl->abcd","40,40,20,20,6,6,6,6,4,4,4,4","(2,3),(2,3),(0,2),(0,1)",FP32,305049600,115.98209071442476,0.00018095970153808594,0.004990100860595703,61.13094875673197,58.99168968040943
*** input parameters ***
  einsum_str: aefi,bfgj,cghk,dhel,ijkl->abcd
  dim_sizes:  40,40,20,20,6,6,6,6,4,4,4,4
  cont_path:  (2,3),(2,3),(0,2),(0,1)
  backend:    torch
  dtype:      FP32
*** benchmarking opt_einsum expression ***
  #flops :          305049600
  #bytes :          2630144
  arith. intensity: 115.98
  time (eval):      0.006178
  time (compile):   0.000172
  gflops (eval):    49.37
  gflops (total):   48.04
CSV_DATA: opt_einsum,torch,"aefi,bfgj,cghk,dhel,ijkl->abcd","40,40,20,20,6,6,6,6,4,4,4,4","(2,3),(2,3),(0,2),(0,1)",FP32,305049600,115.98209071442476,0.00017189979553222656,0.006178379058837891,49.373726845658716,48.037197577563354
*** input parameters ***
  einsum_str: aefi,bfgj,cghk,dhel,ijkl->abcd
  dim_sizes:  40,40,20,20,6,6,6,6,4,4,4,4
  cont_path:  (2,3),(2,3),(0,2),(0,1)
  backend:    torch
  dtype:      FP32
*** benchmarking opt_einsum expression ***
  #flops :          305049600
  #bytes :          2630144
  arith. intensity: 115.98
  time (eval):      0.008827
  time (compile):   0.000184
  gflops (eval):    34.56
  gflops (total):   33.85
CSV_DATA: opt_einsum,torch,"aefi,bfgj,cghk,dhel,ijkl->abcd","40,40,20,20,6,6,6,6,4,4,4,4","(2,3),(2,3),(0,2),(0,1)",FP32,305049600,115.98209071442476,0.00018358230590820312,0.00882720947265625,34.5578748238548,33.853806357580574
*** input parameters ***
  einsum_str: aefi,bfgj,cghk,dhel,ijkl->abcd
  dim_sizes:  40,40,20,20,6,6,6,6,4,4,4,4
  cont_path:  (2,3),(2,3),(0,2),(0,1)
  backend:    torch
  dtype:      FP32
*** benchmarking opt_einsum expression ***
  #flops :          305049600
  #bytes :          2630144
  arith. intensity: 115.98
  time (eval):      0.005959
  time (compile):   0.000186
  gflops (eval):    51.20
  gflops (total):   49.64
CSV_DATA: opt_einsum,torch,"aefi,bfgj,cghk,dhel,ijkl->abcd","40,40,20,20,6,6,6,6,4,4,4,4","(2,3),(2,3),(0,2),(0,1)",FP32,305049600,115.98209071442476,0.00018644332885742188,0.00595855712890625,51.19521276722151,49.641916562365175
*** input parameters ***
  einsum_str: aefi,bfgj,cghk,dhel,ijkl->abcd
  dim_sizes:  40,40,20,20,6,6,6,6,4,4,4,4
  cont_path:  (2,3),(2,3),(0,2),(0,1)
  backend:    torch
  dtype:      FP32
*** benchmarking opt_einsum expression ***
  #flops :          305049600
  #bytes :          2630144
  arith. intensity: 115.98
  time (eval):      0.005965
  time (compile):   0.000186
  gflops (eval):    51.14
  gflops (total):   49.59
CSV_DATA: opt_einsum,torch,"aefi,bfgj,cghk,dhel,ijkl->abcd","40,40,20,20,6,6,6,6,4,4,4,4","(2,3),(2,3),(0,2),(0,1)",FP32,305049600,115.98209071442476,0.0001862049102783203,0.005964994430541992,51.13996392655182,49.591889824744186
*** input parameters ***
  einsum_str: aefi,bfgj,cghk,dhel,ijkl->abcd
  dim_sizes:  40,40,20,20,6,6,6,6,4,4,4,4
  cont_path:  (2,3),(2,3),(0,2),(0,1)
  backend:    torch
  dtype:      FP32
*** benchmarking opt_einsum expression ***
  #flops :          305049600
  #bytes :          2630144
  arith. intensity: 115.98
  time (eval):      0.006027
  time (compile):   0.000181
  gflops (eval):    50.62
  gflops (total):   49.14
CSV_DATA: opt_einsum,torch,"aefi,bfgj,cghk,dhel,ijkl->abcd","40,40,20,20,6,6,6,6,4,4,4,4","(2,3),(2,3),(0,2),(0,1)",FP32,305049600,115.98209071442476,0.00018072128295898438,0.006026506423950195,50.61798304697551,49.144258017222974
*** input parameters ***
  einsum_str: aefi,bfgj,cghk,dhel,ijkl->abcd
  dim_sizes:  40,40,20,20,6,6,6,6,4,4,4,4
  cont_path:  (2,3),(2,3),(0,2),(0,1)
  backend:    torch
  dtype:      FP32
*** benchmarking opt_einsum expression ***
  #flops :          305049600
  #bytes :          2630144
  arith. intensity: 115.98
  time (eval):      0.005456
  time (compile):   0.000175
  gflops (eval):    55.91
  gflops (total):   54.17
CSV_DATA: opt_einsum,torch,"aefi,bfgj,cghk,dhel,ijkl->abcd","40,40,20,20,6,6,6,6,4,4,4,4","(2,3),(2,3),(0,2),(0,1)",FP32,305049600,115.98209071442476,0.00017452239990234375,0.005456447601318359,55.906263981403484,54.17354380042341
*** input parameters ***
  einsum_str: aefi,bfgj,cghk,dhel,ijkl->abcd
  dim_sizes:  40,40,20,20,6,6,6,6,4,4,4,4
  cont_path:  (2,3),(2,3),(0,2),(0,1)
  backend:    torch
  dtype:      FP32
*** benchmarking opt_einsum expression ***
  #flops :          305049600
  #bytes :          2630144
  arith. intensity: 115.98
  time (eval):      0.004680
  time (compile):   0.000184
  gflops (eval):    65.18
  gflops (total):   62.71
CSV_DATA: opt_einsum,torch,"aefi,bfgj,cghk,dhel,ijkl->abcd","40,40,20,20,6,6,6,6,4,4,4,4","(2,3),(2,3),(0,2),(0,1)",FP32,305049600,115.98209071442476,0.0001842975616455078,0.00467991828918457,65.18267652342962,62.71300644438781
*** input parameters ***
  einsum_str: aefi,bfgj,cghk,dhel,ijkl->abcd
  dim_sizes:  40,40,20,20,6,6,6,6,4,4,4,4
  cont_path:  (2,3),(2,3),(0,2),(0,1)
  backend:    torch
  dtype:      FP32
*** benchmarking opt_einsum expression ***
  #flops :          305049600
  #bytes :          2630144
  arith. intensity: 115.98
  time (eval):      0.005030
  time (compile):   0.000180
  gflops (eval):    60.65
  gflops (total):   58.55
CSV_DATA: opt_einsum,torch,"aefi,bfgj,cghk,dhel,ijkl->abcd","40,40,20,20,6,6,6,6,4,4,4,4","(2,3),(2,3),(0,2),(0,1)",FP32,305049600,115.98209071442476,0.0001804828643798828,0.005029916763305664,60.64704732798028,58.54629621480736
*** input parameters ***
  einsum_str: aefi,bfgj,cghk,dhel,ijkl->abcd
  dim_sizes:  40,40,20,20,6,6,6,6,4,4,4,4
  cont_path:  (2,3),(2,3),(0,2),(0,1)
  backend:    torch
  dtype:      FP32
*** benchmarking opt_einsum expression ***
  #flops :          305049600
  #bytes :          2630144
  arith. intensity: 115.98
  time (eval):      0.005613
  time (compile):   0.000184
  gflops (eval):    54.35
  gflops (total):   52.62
CSV_DATA: opt_einsum,torch,"aefi,bfgj,cghk,dhel,ijkl->abcd","40,40,20,20,6,6,6,6,4,4,4,4","(2,3),(2,3),(0,2),(0,1)",FP32,305049600,115.98209071442476,0.0001838207244873047,0.005612850189208984,54.34843078236344,52.62496431861145
*** input parameters ***
  einsum_str: aefi,bfgj,cghk,dhel,ijkl->abcd
  dim_sizes:  40,40,20,20,6,6,6,6,4,4,4,4
  cont_path:  (2,3),(2,3),(0,2),(0,1)
  backend:    torch
  dtype:      FP32
*** benchmarking opt_einsum expression ***
  #flops :          305049600
  #bytes :          2630144
  arith. intensity: 115.98
  time (eval):      0.005983
  time (compile):   0.000179
  gflops (eval):    50.98
  gflops (total):   49.51
CSV_DATA: opt_einsum,torch,"aefi,bfgj,cghk,dhel,ijkl->abcd","40,40,20,20,6,6,6,6,4,4,4,4","(2,3),(2,3),(0,2),(0,1)",FP32,305049600,115.98209071442476,0.0001785755157470703,0.0059833526611328125,50.98305536652854,49.50554294751016
*** input parameters ***
  einsum_str: aefi,bfgj,cghk,dhel,ijkl->abcd
  dim_sizes:  40,40,20,20,6,6,6,6,4,4,4,4
  cont_path:  (2,3),(2,3),(0,2),(0,1)
  backend:    torch
  dtype:      FP32
*** benchmarking opt_einsum expression ***
  #flops :          305049600
  #bytes :          2630144
  arith. intensity: 115.98
  time (eval):      0.005097
  time (compile):   0.000185
  gflops (eval):    59.85
  gflops (total):   57.76
CSV_DATA: opt_einsum,torch,"aefi,bfgj,cghk,dhel,ijkl->abcd","40,40,20,20,6,6,6,6,4,4,4,4","(2,3),(2,3),(0,2),(0,1)",FP32,305049600,115.98209071442476,0.00018453598022460938,0.0050966739654541016,59.85268080078589,57.76130908213625
*** input parameters ***
  einsum_str: aefi,bfgj,cghk,dhel,ijkl->abcd
  dim_sizes:  40,40,20,20,6,6,6,6,4,4,4,4
  cont_path:  (2,3),(2,3),(0,2),(0,1)
  backend:    torch
  dtype:      FP32
*** benchmarking opt_einsum expression ***
  #flops :          305049600
  #bytes :          2630144
  arith. intensity: 115.98
  time (eval):      0.005597
  time (compile):   0.000186
  gflops (eval):    54.50
  gflops (total):   52.74
CSV_DATA: opt_einsum,torch,"aefi,bfgj,cghk,dhel,ijkl->abcd","40,40,20,20,6,6,6,6,4,4,4,4","(2,3),(2,3),(0,2),(0,1)",FP32,305049600,115.98209071442476,0.00018644332885742188,0.005597352981567383,54.4989035003791,52.74210633078033
*** input parameters ***
  einsum_str: aefi,bfgj,cghk,dhel,ijkl->abcd
  dim_sizes:  40,40,20,20,6,6,6,6,4,4,4,4
  cont_path:  (2,3),(2,3),(0,2),(0,1)
  backend:    torch
  dtype:      FP32
*** benchmarking opt_einsum expression ***
  #flops :          305049600
  #bytes :          2630144
  arith. intensity: 115.98
  time (eval):      0.005525
  time (compile):   0.000182
  gflops (eval):    55.21
  gflops (total):   53.45
CSV_DATA: opt_einsum,torch,"aefi,bfgj,cghk,dhel,ijkl->abcd","40,40,20,20,6,6,6,6,4,4,4,4","(2,3),(2,3),(0,2),(0,1)",FP32,305049600,115.98209071442476,0.00018167495727539062,0.005525350570678711,55.20909417382524,53.45159199057526
*** input parameters ***
  einsum_str: aefi,bfgj,cghk,dhel,ijkl->abcd
  dim_sizes:  40,40,20,20,6,6,6,6,4,4,4,4
  cont_path:  (2,3),(2,3),(0,2),(0,1)
  backend:    torch
  dtype:      FP32
*** benchmarking opt_einsum expression ***
  #flops :          305049600
  #bytes :          2630144
  arith. intensity: 115.98
  time (eval):      0.004566
  time (compile):   0.000180
  gflops (eval):    66.81
  gflops (total):   64.27
CSV_DATA: opt_einsum,torch,"aefi,bfgj,cghk,dhel,ijkl->abcd","40,40,20,20,6,6,6,6,4,4,4,4","(2,3),(2,3),(0,2),(0,1)",FP32,305049600,115.98209071442476,0.0001804828643798828,0.004566192626953125,66.80611724511279,64.2659479370335
*** input parameters ***
  einsum_str: aefi,bfgj,cghk,dhel,ijkl->abcd
  dim_sizes:  40,40,20,20,6,6,6,6,4,4,4,4
  cont_path:  (2,3),(2,3),(0,2),(0,1)
  backend:    torch
  dtype:      FP32
*** benchmarking opt_einsum expression ***
  #flops :          305049600
  #bytes :          2630144
  arith. intensity: 115.98
  time (eval):      0.004052
  time (compile):   0.000176
  gflops (eval):    75.28
  gflops (total):   72.14
CSV_DATA: opt_einsum,torch,"aefi,bfgj,cghk,dhel,ijkl->abcd","40,40,20,20,6,6,6,6,4,4,4,4","(2,3),(2,3),(0,2),(0,1)",FP32,305049600,115.98209071442476,0.00017642974853515625,0.004052162170410156,75.28069883963286,72.13975854073071
*** input parameters ***
  einsum_str: aefi,bfgj,cghk,dhel,ijkl->abcd
  dim_sizes:  40,40,20,20,6,6,6,6,4,4,4,4
  cont_path:  (2,3),(2,3),(0,2),(0,1)
  backend:    torch
  dtype:      FP32
*** benchmarking opt_einsum expression ***
  #flops :          305049600
  #bytes :          2630144
  arith. intensity: 115.98
  time (eval):      0.004659
  time (compile):   0.000183
  gflops (eval):    65.47
  gflops (total):   62.99
CSV_DATA: opt_einsum,torch,"aefi,bfgj,cghk,dhel,ijkl->abcd","40,40,20,20,6,6,6,6,4,4,4,4","(2,3),(2,3),(0,2),(0,1)",FP32,305049600,115.98209071442476,0.00018310546875,0.004659414291381836,65.46951632187485,62.99398146218306
*** input parameters ***
  einsum_str: aefi,bfgj,cghk,dhel,ijkl->abcd
  dim_sizes:  40,40,20,20,6,6,6,6,4,4,4,4
  cont_path:  (2,3),(2,3),(0,2),(0,1)
  backend:    torch
  dtype:      FP32
*** benchmarking opt_einsum expression ***
  #flops :          305049600
  #bytes :          2630144
  arith. intensity: 115.98
  time (eval):      0.005453
  time (compile):   0.000185
  gflops (eval):    55.95
  gflops (total):   54.11
CSV_DATA: opt_einsum,torch,"aefi,bfgj,cghk,dhel,ijkl->abcd","40,40,20,20,6,6,6,6,4,4,4,4","(2,3),(2,3),(0,2),(0,1)",FP32,305049600,115.98209071442476,0.00018453598022460938,0.005452632904052734,55.945376365474424,54.11397214846896
*** input parameters ***
  einsum_str: aefi,bfgj,cghk,dhel,ijkl->abcd
  dim_sizes:  40,40,20,20,6,6,6,6,4,4,4,4
  cont_path:  (2,3),(2,3),(0,2),(0,1)
  backend:    torch
  dtype:      FP32
*** benchmarking opt_einsum expression ***
  #flops :          305049600
  #bytes :          2630144
  arith. intensity: 115.98
  time (eval):      0.004548
  time (compile):   0.000195
  gflops (eval):    67.08
  gflops (total):   64.32
CSV_DATA: opt_einsum,torch,"aefi,bfgj,cghk,dhel,ijkl->abcd","40,40,20,20,6,6,6,6,4,4,4,4","(2,3),(2,3),(0,2),(0,1)",FP32,305049600,115.98209071442476,0.00019478797912597656,0.004547834396362305,67.07579331472608,64.32087057502514
*** input parameters ***
  einsum_str: aefi,bfgj,cghk,dhel,ijkl->abcd
  dim_sizes:  40,40,20,20,6,6,6,6,4,4,4,4
  cont_path:  (2,3),(2,3),(0,2),(0,1)
  backend:    torch
  dtype:      FP32
*** benchmarking opt_einsum expression ***
  #flops :          305049600
  #bytes :          2630144
  arith. intensity: 115.98
  time (eval):      0.008297
  time (compile):   0.000180
  gflops (eval):    36.77
  gflops (total):   35.98
CSV_DATA: opt_einsum,torch,"aefi,bfgj,cghk,dhel,ijkl->abcd","40,40,20,20,6,6,6,6,4,4,4,4","(2,3),(2,3),(0,2),(0,1)",FP32,305049600,115.98209071442476,0.00018024444580078125,0.008297204971313477,36.765344601545934,35.983653218168016
*** input parameters ***
  einsum_str: aefi,bfgj,cghk,dhel,ijkl->abcd
  dim_sizes:  40,40,20,20,6,6,6,6,4,4,4,4
  cont_path:  (2,3),(2,3),(0,2),(0,1)
  backend:    torch
  dtype:      FP32
*** benchmarking opt_einsum expression ***
  #flops :          305049600
  #bytes :          2630144
  arith. intensity: 115.98
  time (eval):      0.005383
  time (compile):   0.000185
  gflops (eval):    56.67
  gflops (total):   54.78
CSV_DATA: opt_einsum,torch,"aefi,bfgj,cghk,dhel,ijkl->abcd","40,40,20,20,6,6,6,6,4,4,4,4","(2,3),(2,3),(0,2),(0,1)",FP32,305049600,115.98209071442476,0.00018548965454101562,0.00538325309753418,56.66640495497587,54.778899579500795
*** input parameters ***
  einsum_str: aefi,bfgj,cghk,dhel,ijkl->abcd
  dim_sizes:  40,40,20,20,6,6,6,6,4,4,4,4
  cont_path:  (2,3),(2,3),(0,2),(0,1)
  backend:    torch
  dtype:      FP32
*** benchmarking opt_einsum expression ***
  #flops :          305049600
  #bytes :          2630144
  arith. intensity: 115.98
  time (eval):      0.004853
  time (compile):   0.000180
  gflops (eval):    62.85
  gflops (total):   60.60
CSV_DATA: opt_einsum,torch,"aefi,bfgj,cghk,dhel,ijkl->abcd","40,40,20,20,6,6,6,6,4,4,4,4","(2,3),(2,3),(0,2),(0,1)",FP32,305049600,115.98209071442476,0.0001800060272216797,0.004853487014770508,62.85163616831557,60.60395781917393
*** input parameters ***
  einsum_str: aefi,bfgj,cghk,dhel,ijkl->abcd
  dim_sizes:  40,40,20,20,6,6,6,6,4,4,4,4
  cont_path:  (2,3),(2,3),(0,2),(0,1)
  backend:    torch
  dtype:      FP32
*** benchmarking opt_einsum expression ***
  #flops :          305049600
  #bytes :          2630144
  arith. intensity: 115.98
  time (eval):      0.005089
  time (compile):   0.000186
  gflops (eval):    59.95
  gflops (total):   57.84
CSV_DATA: opt_einsum,torch,"aefi,bfgj,cghk,dhel,ijkl->abcd","40,40,20,20,6,6,6,6,4,4,4,4","(2,3),(2,3),(0,2),(0,1)",FP32,305049600,115.98209071442476,0.0001857280731201172,0.0050885677337646484,59.94802780670009,57.83702908771359
*** input parameters ***
  einsum_str: aefi,bfgj,cghk,dhel,ijkl->abcd
  dim_sizes:  40,40,20,20,6,6,6,6,4,4,4,4
  cont_path:  (2,3),(2,3),(0,2),(0,1)
  backend:    torch
  dtype:      FP32
*** benchmarking opt_einsum expression ***
  #flops :          305049600
  #bytes :          2630144
  arith. intensity: 115.98
  time (eval):      0.005878
  time (compile):   0.000180
  gflops (eval):    51.90
  gflops (total):   50.36
CSV_DATA: opt_einsum,torch,"aefi,bfgj,cghk,dhel,ijkl->abcd","40,40,20,20,6,6,6,6,4,4,4,4","(2,3),(2,3),(0,2),(0,1)",FP32,305049600,115.98209071442476,0.00018024444580078125,0.00587773323059082,51.89919107120432,50.355022136975094
*** input parameters ***
  einsum_str: aefi,bfgj,cghk,dhel,ijkl->abcd
  dim_sizes:  40,40,20,20,6,6,6,6,4,4,4,4
  cont_path:  (2,3),(2,3),(0,2),(0,1)
  backend:    torch
  dtype:      FP32
*** benchmarking opt_einsum expression ***
  #flops :          305049600
  #bytes :          2630144
  arith. intensity: 115.98
  time (eval):      0.005379
  time (compile):   0.000185
  gflops (eval):    56.71
  gflops (total):   54.82
CSV_DATA: opt_einsum,torch,"aefi,bfgj,cghk,dhel,ijkl->abcd","40,40,20,20,6,6,6,6,4,4,4,4","(2,3),(2,3),(0,2),(0,1)",FP32,305049600,115.98209071442476,0.0001850128173828125,0.005379199981689453,56.70910191819874,54.823496335521476
*** input parameters ***
  einsum_str: aefi,bfgj,cghk,dhel,ijkl->abcd
  dim_sizes:  40,40,20,20,6,6,6,6,4,4,4,4
  cont_path:  (2,3),(2,3),(0,2),(0,1)
  backend:    torch
  dtype:      FP32
*** benchmarking opt_einsum expression ***
  #flops :          305049600
  #bytes :          2630144
  arith. intensity: 115.98
  time (eval):      0.005348
  time (compile):   0.000190
  gflops (eval):    57.04
  gflops (total):   55.08
CSV_DATA: opt_einsum,torch,"aefi,bfgj,cghk,dhel,ijkl->abcd","40,40,20,20,6,6,6,6,4,4,4,4","(2,3),(2,3),(0,2),(0,1)",FP32,305049600,115.98209071442476,0.00019025802612304688,0.0053484439849853516,57.03520516553292,55.076008672825104
*** input parameters ***
  einsum_str: aefi,bfgj,cghk,dhel,ijkl->abcd
  dim_sizes:  40,40,20,20,6,6,6,6,4,4,4,4
  cont_path:  (2,3),(2,3),(0,2),(0,1)
  backend:    torch
  dtype:      FP32
*** benchmarking opt_einsum expression ***
  #flops :          305049600
  #bytes :          2630144
  arith. intensity: 115.98
  time (eval):      0.005634
  time (compile):   0.000181
  gflops (eval):    54.14
  gflops (total):   52.45
CSV_DATA: opt_einsum,torch,"aefi,bfgj,cghk,dhel,ijkl->abcd","40,40,20,20,6,6,6,6,4,4,4,4","(2,3),(2,3),(0,2),(0,1)",FP32,305049600,115.98209071442476,0.00018143653869628906,0.005634307861328125,54.141450468788086,52.45237393835937
*** input parameters ***
  einsum_str: aefi,bfgj,cghk,dhel,ijkl->abcd
  dim_sizes:  40,40,20,20,6,6,6,6,4,4,4,4
  cont_path:  (2,3),(2,3),(0,2),(0,1)
  backend:    torch
  dtype:      FP32
*** benchmarking opt_einsum expression ***
  #flops :          305049600
  #bytes :          2630144
  arith. intensity: 115.98
  time (eval):      0.005298
  time (compile):   0.000184
  gflops (eval):    57.57
  gflops (total):   55.64
CSV_DATA: opt_einsum,torch,"aefi,bfgj,cghk,dhel,ijkl->abcd","40,40,20,20,6,6,6,6,4,4,4,4","(2,3),(2,3),(0,2),(0,1)",FP32,305049600,115.98209071442476,0.00018405914306640625,0.0052983760833740234,57.57416899061333,55.64125929455969
*** input parameters ***
  einsum_str: aefi,bfgj,cghk,dhel,ijkl->abcd
  dim_sizes:  40,40,20,20,6,6,6,6,4,4,4,4
  cont_path:  (2,3),(2,3),(0,2),(0,1)
  backend:    torch
  dtype:      FP32
*** benchmarking opt_einsum expression ***
  #flops :          305049600
  #bytes :          2630144
  arith. intensity: 115.98
  time (eval):      0.005295
  time (compile):   0.000176
  gflops (eval):    57.61
  gflops (total):   55.75
CSV_DATA: opt_einsum,torch,"aefi,bfgj,cghk,dhel,ijkl->abcd","40,40,20,20,6,6,6,6,4,4,4,4","(2,3),(2,3),(0,2),(0,1)",FP32,305049600,115.98209071442476,0.0001761913299560547,0.005295276641845703,57.60786841415579,55.75278911841039
*** input parameters ***
  einsum_str: aefi,bfgj,cghk,dhel,ijkl->abcd
  dim_sizes:  40,40,20,20,6,6,6,6,4,4,4,4
  cont_path:  (2,3),(2,3),(0,2),(0,1)
  backend:    torch
  dtype:      FP32
*** benchmarking opt_einsum expression ***
  #flops :          305049600
  #bytes :          2630144
  arith. intensity: 115.98
  time (eval):      0.006343
  time (compile):   0.000171
  gflops (eval):    48.09
  gflops (total):   46.83
CSV_DATA: opt_einsum,torch,"aefi,bfgj,cghk,dhel,ijkl->abcd","40,40,20,20,6,6,6,6,4,4,4,4","(2,3),(2,3),(0,2),(0,1)",FP32,305049600,115.98209071442476,0.00017142295837402344,0.00634312629699707,48.09136468627702,46.82589509143611
*** input parameters ***
  einsum_str: aefi,bfgj,cghk,dhel,ijkl->abcd
  dim_sizes:  40,40,20,20,6,6,6,6,4,4,4,4
  cont_path:  (2,3),(2,3),(0,2),(0,1)
  backend:    torch
  dtype:      FP32
*** benchmarking opt_einsum expression ***
  #flops :          305049600
  #bytes :          2630144
  arith. intensity: 115.98
  time (eval):      0.005817
  time (compile):   0.000183
  gflops (eval):    52.44
  gflops (total):   50.84
CSV_DATA: opt_einsum,torch,"aefi,bfgj,cghk,dhel,ijkl->abcd","40,40,20,20,6,6,6,6,4,4,4,4","(2,3),(2,3),(0,2),(0,1)",FP32,305049600,115.98209071442476,0.00018334388732910156,0.005816936492919922,52.44162461998525,50.83922428093933
*** input parameters ***
  einsum_str: aefi,bfgj,cghk,dhel,ijkl->abcd
  dim_sizes:  40,40,20,20,6,6,6,6,4,4,4,4
  cont_path:  (2,3),(2,3),(0,2),(0,1)
  backend:    torch
  dtype:      FP32
*** benchmarking opt_einsum expression ***
  #flops :          305049600
  #bytes :          2630144
  arith. intensity: 115.98
  time (eval):      0.008308
  time (compile):   0.000181
  gflops (eval):    36.72
  gflops (total):   35.93
CSV_DATA: opt_einsum,torch,"aefi,bfgj,cghk,dhel,ijkl->abcd","40,40,20,20,6,6,6,6,4,4,4,4","(2,3),(2,3),(0,2),(0,1)",FP32,305049600,115.98209071442476,0.00018143653869628906,0.008307933807373047,36.71786596677954,35.93312431483697
*** input parameters ***
  einsum_str: aefi,bfgj,cghk,dhel,ijkl->abcd
  dim_sizes:  40,40,20,20,6,6,6,6,4,4,4,4
  cont_path:  (2,3),(2,3),(0,2),(0,1)
  backend:    torch
  dtype:      FP32
*** benchmarking opt_einsum expression ***
  #flops :          305049600
  #bytes :          2630144
  arith. intensity: 115.98
  time (eval):      0.005682
  time (compile):   0.000175
  gflops (eval):    53.69
  gflops (total):   52.09
CSV_DATA: opt_einsum,torch,"aefi,bfgj,cghk,dhel,ijkl->abcd","40,40,20,20,6,6,6,6,4,4,4,4","(2,3),(2,3),(0,2),(0,1)",FP32,305049600,115.98209071442476,0.00017452239990234375,0.005681514739990234,53.69159704063785,52.091472904421465
*** input parameters ***
  einsum_str: aefi,bfgj,cghk,dhel,ijkl->abcd
  dim_sizes:  40,40,20,20,6,6,6,6,4,4,4,4
  cont_path:  (2,3),(2,3),(0,2),(0,1)
  backend:    torch
  dtype:      FP32
*** benchmarking opt_einsum expression ***
  #flops :          305049600
  #bytes :          2630144
  arith. intensity: 115.98
  time (eval):      0.004597
  time (compile):   0.000193
  gflops (eval):    66.36
  gflops (total):   63.68
CSV_DATA: opt_einsum,torch,"aefi,bfgj,cghk,dhel,ijkl->abcd","40,40,20,20,6,6,6,6,4,4,4,4","(2,3),(2,3),(0,2),(0,1)",FP32,305049600,115.98209071442476,0.00019311904907226562,0.004597187042236328,66.35570778334198,63.68060708134581
*** input parameters ***
  einsum_str: aefi,bfgj,cghk,dhel,ijkl->abcd
  dim_sizes:  40,40,20,20,6,6,6,6,4,4,4,4
  cont_path:  (2,3),(2,3),(0,2),(0,1)
  backend:    torch
  dtype:      FP32
*** benchmarking opt_einsum expression ***
  #flops :          305049600
  #bytes :          2630144
  arith. intensity: 115.98
  time (eval):      0.006588
  time (compile):   0.000178
  gflops (eval):    46.30
  gflops (total):   45.08
CSV_DATA: opt_einsum,torch,"aefi,bfgj,cghk,dhel,ijkl->abcd","40,40,20,20,6,6,6,6,4,4,4,4","(2,3),(2,3),(0,2),(0,1)",FP32,305049600,115.98209071442476,0.00017786026000976562,0.006588459014892578,46.30059917052906,45.0835362043129
*** input parameters ***
  einsum_str: aefi,bfgj,cghk,dhel,ijkl->abcd
  dim_sizes:  40,40,20,20,6,6,6,6,4,4,4,4
  cont_path:  (2,3),(2,3),(0,2),(0,1)
  backend:    torch
  dtype:      FP32
*** benchmarking opt_einsum expression ***
  #flops :          305049600
  #bytes :          2630144
  arith. intensity: 115.98
  time (eval):      0.004747
  time (compile):   0.000173
  gflops (eval):    64.26
  gflops (total):   62.00
CSV_DATA: opt_einsum,torch,"aefi,bfgj,cghk,dhel,ijkl->abcd","40,40,20,20,6,6,6,6,4,4,4,4","(2,3),(2,3),(0,2),(0,1)",FP32,305049600,115.98209071442476,0.00017309188842773438,0.004746913909912109,64.26272011443497,62.001878148788535
*** input parameters ***
  einsum_str: aefi,bfgj,cghk,dhel,ijkl->abcd
  dim_sizes:  40,40,20,20,6,6,6,6,4,4,4,4
  cont_path:  (2,3),(2,3),(0,2),(0,1)
  backend:    torch
  dtype:      FP32
*** benchmarking opt_einsum expression ***
  #flops :          305049600
  #bytes :          2630144
  arith. intensity: 115.98
  time (eval):      0.005426
  time (compile):   0.000180
  gflops (eval):    56.22
  gflops (total):   54.42
CSV_DATA: opt_einsum,torch,"aefi,bfgj,cghk,dhel,ijkl->abcd","40,40,20,20,6,6,6,6,4,4,4,4","(2,3),(2,3),(0,2),(0,1)",FP32,305049600,115.98209071442476,0.00017952919006347656,0.0054264068603515625,56.215762630861164,54.41546197756135
*** input parameters ***
  einsum_str: aefi,bfgj,cghk,dhel,ijkl->abcd
  dim_sizes:  40,40,20,20,6,6,6,6,4,4,4,4
  cont_path:  (2,3),(2,3),(0,2),(0,1)
  backend:    torch
  dtype:      FP32
*** benchmarking opt_einsum expression ***
  #flops :          305049600
  #bytes :          2630144
  arith. intensity: 115.98
  time (eval):      0.004878
  time (compile):   0.000183
  gflops (eval):    62.54
  gflops (total):   60.28
CSV_DATA: opt_einsum,torch,"aefi,bfgj,cghk,dhel,ijkl->abcd","40,40,20,20,6,6,6,6,4,4,4,4","(2,3),(2,3),(0,2),(0,1)",FP32,305049600,115.98209071442476,0.00018334388732910156,0.004877567291259766,62.54134116132565,60.275628090563906
*** input parameters ***
  einsum_str: aefi,bfgj,cghk,dhel,ijkl->abcd
  dim_sizes:  40,40,20,20,6,6,6,6,4,4,4,4
  cont_path:  (2,3),(2,3),(0,2),(0,1)
  backend:    torch
  dtype:      FP32
*** benchmarking opt_einsum expression ***
  #flops :          305049600
  #bytes :          2630144
  arith. intensity: 115.98
  time (eval):      0.006261
  time (compile):   0.000181
  gflops (eval):    48.72
  gflops (total):   47.35
CSV_DATA: opt_einsum,torch,"aefi,bfgj,cghk,dhel,ijkl->abcd","40,40,20,20,6,6,6,6,4,4,4,4","(2,3),(2,3),(0,2),(0,1)",FP32,305049600,115.98209071442476,0.0001811981201171875,0.006260871887207031,48.723181929870535,47.35272973643227
*** input parameters ***
  einsum_str: aefi,bfgj,cghk,dhel,ijkl->abcd
  dim_sizes:  40,40,20,20,6,6,6,6,4,4,4,4
  cont_path:  (2,3),(2,3),(0,2),(0,1)
  backend:    torch
  dtype:      FP32
*** benchmarking opt_einsum expression ***
  #flops :          305049600
  #bytes :          2630144
  arith. intensity: 115.98
  time (eval):      0.005113
  time (compile):   0.000178
  gflops (eval):    59.66
  gflops (total):   57.65
CSV_DATA: opt_einsum,torch,"aefi,bfgj,cghk,dhel,ijkl->abcd","40,40,20,20,6,6,6,6,4,4,4,4","(2,3),(2,3),(0,2),(0,1)",FP32,305049600,115.98209071442476,0.00017786026000976562,0.005113124847412109,59.66011179140166,57.65459433482336
*** input parameters ***
  einsum_str: aefi,bfgj,cghk,dhel,ijkl->abcd
  dim_sizes:  40,40,20,20,6,6,6,6,4,4,4,4
  cont_path:  (2,3),(2,3),(0,2),(0,1)
  backend:    torch
  dtype:      FP32
*** benchmarking opt_einsum expression ***
  #flops :          305049600
  #bytes :          2630144
  arith. intensity: 115.98
  time (eval):      0.005520
  time (compile):   0.000177
  gflops (eval):    55.27
  gflops (total):   53.55
CSV_DATA: opt_einsum,torch,"aefi,bfgj,cghk,dhel,ijkl->abcd","40,40,20,20,6,6,6,6,4,4,4,4","(2,3),(2,3),(0,2),(0,1)",FP32,305049600,115.98209071442476,0.00017714500427246094,0.0055196285247802734,55.26632791146819,53.54778427548339
*** input parameters ***
  einsum_str: aefi,bfgj,cghk,dhel,ijkl->abcd
  dim_sizes:  40,40,20,20,6,6,6,6,4,4,4,4
  cont_path:  (2,3),(2,3),(0,2),(0,1)
  backend:    torch
  dtype:      FP32
*** benchmarking opt_einsum expression ***
  #flops :          305049600
  #bytes :          2630144
  arith. intensity: 115.98
  time (eval):      0.004525
  time (compile):   0.000182
  gflops (eval):    67.42
  gflops (total):   64.81
CSV_DATA: opt_einsum,torch,"aefi,bfgj,cghk,dhel,ijkl->abcd","40,40,20,20,6,6,6,6,4,4,4,4","(2,3),(2,3),(0,2),(0,1)",FP32,305049600,115.98209071442476,0.00018215179443359375,0.004524946212768555,67.41507758461458,64.80629881367574
*** input parameters ***
  einsum_str: aefi,bfgj,cghk,dhel,ijkl->abcd
  dim_sizes:  40,40,20,20,6,6,6,6,4,4,4,4
  cont_path:  (2,3),(2,3),(0,2),(0,1)
  backend:    torch
  dtype:      FP32
*** benchmarking opt_einsum expression ***
  #flops :          305049600
  #bytes :          2630144
  arith. intensity: 115.98
  time (eval):      0.005030
  time (compile):   0.000186
  gflops (eval):    60.64
  gflops (total):   58.48
CSV_DATA: opt_einsum,torch,"aefi,bfgj,cghk,dhel,ijkl->abcd","40,40,20,20,6,6,6,6,4,4,4,4","(2,3),(2,3),(0,2),(0,1)",FP32,305049600,115.98209071442476,0.00018644332885742188,0.005030155181884766,60.644172787866154,58.47672566171847
*** input parameters ***
  einsum_str: aefi,bfgj,cghk,dhel,ijkl->abcd
  dim_sizes:  40,40,20,20,6,6,6,6,4,4,4,4
  cont_path:  (2,3),(2,3),(0,2),(0,1)
  backend:    torch
  dtype:      FP32
*** benchmarking opt_einsum expression ***
  #flops :          305049600
  #bytes :          2630144
  arith. intensity: 115.98
  time (eval):      0.006484
  time (compile):   0.000182
  gflops (eval):    47.05
  gflops (total):   45.77
CSV_DATA: opt_einsum,torch,"aefi,bfgj,cghk,dhel,ijkl->abcd","40,40,20,20,6,6,6,6,4,4,4,4","(2,3),(2,3),(0,2),(0,1)",FP32,305049600,115.98209071442476,0.0001819133758544922,0.006483554840087891,47.049744703919984,45.7656671845477
*** input parameters ***
  einsum_str: aefi,bfgj,cghk,dhel,ijkl->abcd
  dim_sizes:  40,40,20,20,6,6,6,6,4,4,4,4
  cont_path:  (2,3),(2,3),(0,2),(0,1)
  backend:    torch
  dtype:      FP32
*** benchmarking opt_einsum expression ***
  #flops :          305049600
  #bytes :          2630144
  arith. intensity: 115.98
  time (eval):      0.005662
  time (compile):   0.000190
  gflops (eval):    53.87
  gflops (total):   52.12
CSV_DATA: opt_einsum,torch,"aefi,bfgj,cghk,dhel,ijkl->abcd","40,40,20,20,6,6,6,6,4,4,4,4","(2,3),(2,3),(0,2),(0,1)",FP32,305049600,115.98209071442476,0.00019049644470214844,0.005662202835083008,53.874721355779194,52.12118125624899
*** input parameters ***
  einsum_str: aefi,bfgj,cghk,dhel,ijkl->abcd
  dim_sizes:  40,40,20,20,6,6,6,6,4,4,4,4
  cont_path:  (2,3),(2,3),(0,2),(0,1)
  backend:    torch
  dtype:      FP32
*** benchmarking opt_einsum expression ***
  #flops :          305049600
  #bytes :          2630144
  arith. intensity: 115.98
  time (eval):      0.005127
  time (compile):   0.000185
  gflops (eval):    59.50
  gflops (total):   57.43
CSV_DATA: opt_einsum,torch,"aefi,bfgj,cghk,dhel,ijkl->abcd","40,40,20,20,6,6,6,6,4,4,4,4","(2,3),(2,3),(0,2),(0,1)",FP32,305049600,115.98209071442476,0.00018453598022460938,0.005126953125,59.499198171428574,57.43202969200108
*** input parameters ***
  einsum_str: aefi,bfgj,cghk,dhel,ijkl->abcd
  dim_sizes:  40,40,20,20,6,6,6,6,4,4,4,4
  cont_path:  (2,3),(2,3),(0,2),(0,1)
  backend:    torch
  dtype:      FP32
*** benchmarking opt_einsum expression ***
  #flops :          305049600
  #bytes :          2630144
  arith. intensity: 115.98
  time (eval):      0.007802
  time (compile):   0.000182
  gflops (eval):    39.10
  gflops (total):   38.21
CSV_DATA: opt_einsum,torch,"aefi,bfgj,cghk,dhel,ijkl->abcd","40,40,20,20,6,6,6,6,4,4,4,4","(2,3),(2,3),(0,2),(0,1)",FP32,305049600,115.98209071442476,0.00018215179443359375,0.007802009582519531,39.09884969680969,38.206842972957475
*** input parameters ***
  einsum_str: aefi,bfgj,cghk,dhel,ijkl->abcd
  dim_sizes:  40,40,20,20,6,6,6,6,4,4,4,4
  cont_path:  (2,3),(2,3),(0,2),(0,1)
  backend:    torch
  dtype:      FP32
*** benchmarking opt_einsum expression ***
  #flops :          305049600
  #bytes :          2630144
  arith. intensity: 115.98
  time (eval):      0.004945
  time (compile):   0.000178
  gflops (eval):    61.69
  gflops (total):   59.55
CSV_DATA: opt_einsum,torch,"aefi,bfgj,cghk,dhel,ijkl->abcd","40,40,20,20,6,6,6,6,4,4,4,4","(2,3),(2,3),(0,2),(0,1)",FP32,305049600,115.98209071442476,0.0001780986785888672,0.004944562911987305,61.693946548936786,59.549043911309695
*** input parameters ***
  einsum_str: aefi,bfgj,cghk,dhel,ijkl->abcd
  dim_sizes:  40,40,20,20,6,6,6,6,4,4,4,4
  cont_path:  (2,3),(2,3),(0,2),(0,1)
  backend:    torch
  dtype:      FP32
*** benchmarking opt_einsum expression ***
  #flops :          305049600
  #bytes :          2630144
  arith. intensity: 115.98
  time (eval):      0.004762
  time (compile):   0.000192
  gflops (eval):    64.06
  gflops (total):   61.58
CSV_DATA: opt_einsum,torch,"aefi,bfgj,cghk,dhel,ijkl->abcd","40,40,20,20,6,6,6,6,4,4,4,4","(2,3),(2,3),(0,2),(0,1)",FP32,305049600,115.98209071442476,0.0001919269561767578,0.004762172698974609,64.05681172916792,61.57518443998268
*** input parameters ***
  einsum_str: aefi,bfgj,cghk,dhel,ijkl->abcd
  dim_sizes:  40,40,20,20,6,6,6,6,4,4,4,4
  cont_path:  (2,3),(2,3),(0,2),(0,1)
  backend:    torch
  dtype:      FP32
*** benchmarking opt_einsum expression ***
  #flops :          305049600
  #bytes :          2630144
  arith. intensity: 115.98
  time (eval):      0.005607
  time (compile):   0.000191
  gflops (eval):    54.40
  gflops (total):   52.61
CSV_DATA: opt_einsum,torch,"aefi,bfgj,cghk,dhel,ijkl->abcd","40,40,20,20,6,6,6,6,4,4,4,4","(2,3),(2,3),(0,2),(0,1)",FP32,305049600,115.98209071442476,0.00019073486328125,0.0056073665618896484,54.40157989193418,52.611980652099184
*** input parameters ***
  einsum_str: aefi,bfgj,cghk,dhel,ijkl->abcd
  dim_sizes:  40,40,20,20,6,6,6,6,4,4,4,4
  cont_path:  (2,3),(2,3),(0,2),(0,1)
  backend:    torch
  dtype:      FP32
*** benchmarking opt_einsum expression ***
  #flops :          305049600
  #bytes :          2630144
  arith. intensity: 115.98
  time (eval):      0.005425
  time (compile):   0.000192
  gflops (eval):    56.23
  gflops (total):   54.31
CSV_DATA: opt_einsum,torch,"aefi,bfgj,cghk,dhel,ijkl->abcd","40,40,20,20,6,6,6,6,4,4,4,4","(2,3),(2,3),(0,2),(0,1)",FP32,305049600,115.98209071442476,0.00019216537475585938,0.0054247379302978516,56.233057507950605,54.30921335703553
*** input parameters ***
  einsum_str: aefi,bfgj,cghk,dhel,ijkl->abcd
  dim_sizes:  40,40,20,20,6,6,6,6,4,4,4,4
  cont_path:  (2,3),(2,3),(0,2),(0,1)
  backend:    torch
  dtype:      FP32
*** benchmarking opt_einsum expression ***
  #flops :          305049600
  #bytes :          2630144
  arith. intensity: 115.98
  time (eval):      0.005284
  time (compile):   0.000191
  gflops (eval):    57.74
  gflops (total):   55.72
CSV_DATA: opt_einsum,torch,"aefi,bfgj,cghk,dhel,ijkl->abcd","40,40,20,20,6,6,6,6,4,4,4,4","(2,3),(2,3),(0,2),(0,1)",FP32,305049600,115.98209071442476,0.0001914501190185547,0.0052835941314697266,57.735244685636935,55.7163716024386
*** input parameters ***
  einsum_str: aefi,bfgj,cghk,dhel,ijkl->abcd
  dim_sizes:  40,40,20,20,6,6,6,6,4,4,4,4
  cont_path:  (2,3),(2,3),(0,2),(0,1)
  backend:    torch
  dtype:      FP32
*** benchmarking opt_einsum expression ***
  #flops :          305049600
  #bytes :          2630144
  arith. intensity: 115.98
  time (eval):      0.004679
  time (compile):   0.000177
  gflops (eval):    65.20
  gflops (total):   62.82
CSV_DATA: opt_einsum,torch,"aefi,bfgj,cghk,dhel,ijkl->abcd","40,40,20,20,6,6,6,6,4,4,4,4","(2,3),(2,3),(0,2),(0,1)",FP32,305049600,115.98209071442476,0.00017690658569335938,0.004678964614868164,65.19596216450446,62.82077662288997
*** input parameters ***
  einsum_str: aefi,bfgj,cghk,dhel,ijkl->abcd
  dim_sizes:  40,40,20,20,6,6,6,6,4,4,4,4
  cont_path:  (2,3),(2,3),(0,2),(0,1)
  backend:    torch
  dtype:      FP32
*** benchmarking opt_einsum expression ***
  #flops :          305049600
  #bytes :          2630144
  arith. intensity: 115.98
  time (eval):      0.006071
  time (compile):   0.000175
  gflops (eval):    50.25
  gflops (total):   48.84
CSV_DATA: opt_einsum,torch,"aefi,bfgj,cghk,dhel,ijkl->abcd","40,40,20,20,6,6,6,6,4,4,4,4","(2,3),(2,3),(0,2),(0,1)",FP32,305049600,115.98209071442476,0.00017452239990234375,0.006070852279663086,50.248233023540045,48.844083125726286
*** input parameters ***
  einsum_str: aefi,bfgj,cghk,dhel,ijkl->abcd
  dim_sizes:  40,40,20,20,6,6,6,6,4,4,4,4
  cont_path:  (2,3),(2,3),(0,2),(0,1)
  backend:    torch
  dtype:      FP32
*** benchmarking opt_einsum expression ***
  #flops :          305049600
  #bytes :          2630144
  arith. intensity: 115.98
  time (eval):      0.006586
  time (compile):   0.000191
  gflops (eval):    46.32
  gflops (total):   45.01
CSV_DATA: opt_einsum,torch,"aefi,bfgj,cghk,dhel,ijkl->abcd","40,40,20,20,6,6,6,6,4,4,4,4","(2,3),(2,3),(0,2),(0,1)",FP32,305049600,115.98209071442476,0.00019121170043945312,0.006585836410522461,46.319036943069186,45.01216385148285
*** input parameters ***
  einsum_str: aefi,bfgj,cghk,dhel,ijkl->abcd
  dim_sizes:  40,40,20,20,6,6,6,6,4,4,4,4
  cont_path:  (2,3),(2,3),(0,2),(0,1)
  backend:    torch
  dtype:      FP32
*** benchmarking opt_einsum expression ***
  #flops :          305049600
  #bytes :          2630144
  arith. intensity: 115.98
  time (eval):      0.004969
  time (compile):   0.000180
  gflops (eval):    61.39
  gflops (total):   59.25
CSV_DATA: opt_einsum,torch,"aefi,bfgj,cghk,dhel,ijkl->abcd","40,40,20,20,6,6,6,6,4,4,4,4","(2,3),(2,3),(0,2),(0,1)",FP32,305049600,115.98209071442476,0.0001800060272216797,0.0049686431884765625,61.39494997497121,59.24847221479046
*** input parameters ***
  einsum_str: aefi,bfgj,cghk,dhel,ijkl->abcd
  dim_sizes:  40,40,20,20,6,6,6,6,4,4,4,4
  cont_path:  (2,3),(2,3),(0,2),(0,1)
  backend:    torch
  dtype:      FP32
*** benchmarking opt_einsum expression ***
  #flops :          305049600
  #bytes :          2630144
  arith. intensity: 115.98
  time (eval):      0.004912
  time (compile):   0.000178
  gflops (eval):    62.10
  gflops (total):   59.93
CSV_DATA: opt_einsum,torch,"aefi,bfgj,cghk,dhel,ijkl->abcd","40,40,20,20,6,6,6,6,4,4,4,4","(2,3),(2,3),(0,2),(0,1)",FP32,305049600,115.98209071442476,0.0001780986785888672,0.004912376403808594,62.098173047874205,59.925565897541105
*** input parameters ***
  einsum_str: aefi,bfgj,cghk,dhel,ijkl->abcd
  dim_sizes:  40,40,20,20,6,6,6,6,4,4,4,4
  cont_path:  (2,3),(2,3),(0,2),(0,1)
  backend:    torch
  dtype:      FP32
*** benchmarking opt_einsum expression ***
  #flops :          305049600
  #bytes :          2630144
  arith. intensity: 115.98
  time (eval):      0.004661
  time (compile):   0.000180
  gflops (eval):    65.44
  gflops (total):   63.02
CSV_DATA: opt_einsum,torch,"aefi,bfgj,cghk,dhel,ijkl->abcd","40,40,20,20,6,6,6,6,4,4,4,4","(2,3),(2,3),(0,2),(0,1)",FP32,305049600,115.98209071442476,0.00017952919006347656,0.0046613216400146484,65.44272709725334,63.015699245390074
*** input parameters ***
  einsum_str: aefi,bfgj,cghk,dhel,ijkl->abcd
  dim_sizes:  40,40,20,20,6,6,6,6,4,4,4,4
  cont_path:  (2,3),(2,3),(0,2),(0,1)
  backend:    torch
  dtype:      FP32
*** benchmarking opt_einsum expression ***
  #flops :          305049600
  #bytes :          2630144
  arith. intensity: 115.98
  time (eval):      0.004787
  time (compile):   0.000178
  gflops (eval):    63.72
  gflops (total):   61.44
CSV_DATA: opt_einsum,torch,"aefi,bfgj,cghk,dhel,ijkl->abcd","40,40,20,20,6,6,6,6,4,4,4,4","(2,3),(2,3),(0,2),(0,1)",FP32,305049600,115.98209071442476,0.0001780986785888672,0.0047872066497802734,63.721836619273866,61.4362219090752
*** input parameters ***
  einsum_str: aefi,bfgj,cghk,dhel,ijkl->abcd
  dim_sizes:  40,40,20,20,6,6,6,6,4,4,4,4
  cont_path:  (2,3),(2,3),(0,2),(0,1)
  backend:    torch
  dtype:      FP32
*** benchmarking opt_einsum expression ***
  #flops :          305049600
  #bytes :          2630144
  arith. intensity: 115.98
  time (eval):      0.004085
  time (compile):   0.000175
  gflops (eval):    74.67
  gflops (total):   71.59
CSV_DATA: opt_einsum,torch,"aefi,bfgj,cghk,dhel,ijkl->abcd","40,40,20,20,6,6,6,6,4,4,4,4","(2,3),(2,3),(0,2),(0,1)",FP32,305049600,115.98209071442476,0.00017547607421875,0.0040853023529052734,74.67001794446456,71.59480485022662
*** input parameters ***
  einsum_str: aefi,bfgj,cghk,dhel,ijkl->abcd
  dim_sizes:  40,40,20,20,6,6,6,6,4,4,4,4
  cont_path:  (2,3),(2,3),(0,2),(0,1)
  backend:    torch
  dtype:      FP32
*** benchmarking opt_einsum expression ***
  #flops :          305049600
  #bytes :          2630144
  arith. intensity: 115.98
  time (eval):      0.005341
  time (compile):   0.000178
  gflops (eval):    57.12
  gflops (total):   55.27
CSV_DATA: opt_einsum,torch,"aefi,bfgj,cghk,dhel,ijkl->abcd","40,40,20,20,6,6,6,6,4,4,4,4","(2,3),(2,3),(0,2),(0,1)",FP32,305049600,115.98209071442476,0.00017833709716796875,0.005340576171875,57.11923024457143,55.27349047340591
*** input parameters ***
  einsum_str: aefi,bfgj,cghk,dhel,ijkl->abcd
  dim_sizes:  40,40,20,20,6,6,6,6,4,4,4,4
  cont_path:  (2,3),(2,3),(0,2),(0,1)
  backend:    torch
  dtype:      FP32
*** benchmarking opt_einsum expression ***
  #flops :          305049600
  #bytes :          2630144
  arith. intensity: 115.98
  time (eval):      0.005483
  time (compile):   0.000182
  gflops (eval):    55.63
  gflops (total):   53.85
CSV_DATA: opt_einsum,torch,"aefi,bfgj,cghk,dhel,ijkl->abcd","40,40,20,20,6,6,6,6,4,4,4,4","(2,3),(2,3),(0,2),(0,1)",FP32,305049600,115.98209071442476,0.0001819133758544922,0.005483388900756836,55.63158213306666,53.845246926959014
*** input parameters ***
  einsum_str: aefi,bfgj,cghk,dhel,ijkl->abcd
  dim_sizes:  40,40,20,20,6,6,6,6,4,4,4,4
  cont_path:  (2,3),(2,3),(0,2),(0,1)
  backend:    torch
  dtype:      FP32
*** benchmarking opt_einsum expression ***
  #flops :          305049600
  #bytes :          2630144
  arith. intensity: 115.98
  time (eval):      0.004348
  time (compile):   0.000186
  gflops (eval):    70.15
  gflops (total):   67.28
CSV_DATA: opt_einsum,torch,"aefi,bfgj,cghk,dhel,ijkl->abcd","40,40,20,20,6,6,6,6,4,4,4,4","(2,3),(2,3),(0,2),(0,1)",FP32,305049600,115.98209071442476,0.00018596649169921875,0.004348278045654297,70.15411544458823,67.27683023863707
*** input parameters ***
  einsum_str: aefi,bfgj,cghk,dhel,ijkl->abcd
  dim_sizes:  40,40,20,20,6,6,6,6,4,4,4,4
  cont_path:  (2,3),(2,3),(0,2),(0,1)
  backend:    torch
  dtype:      FP32
*** benchmarking opt_einsum expression ***
  #flops :          305049600
  #bytes :          2630144
  arith. intensity: 115.98
  time (eval):      0.005241
  time (compile):   0.000188
  gflops (eval):    58.21
  gflops (total):   56.19
CSV_DATA: opt_einsum,torch,"aefi,bfgj,cghk,dhel,ijkl->abcd","40,40,20,20,6,6,6,6,4,4,4,4","(2,3),(2,3),(0,2),(0,1)",FP32,305049600,115.98209071442476,0.0001881122589111328,0.005240678787231445,58.20803227689369,56.191074109723324
*** input parameters ***
  einsum_str: aefi,bfgj,cghk,dhel,ijkl->abcd
  dim_sizes:  40,40,20,20,6,6,6,6,4,4,4,4
  cont_path:  (2,3),(2,3),(0,2),(0,1)
  backend:    torch
  dtype:      FP32
*** benchmarking opt_einsum expression ***
  #flops :          305049600
  #bytes :          2630144
  arith. intensity: 115.98
  time (eval):      0.005110
  time (compile):   0.000191
  gflops (eval):    59.70
  gflops (total):   57.55
CSV_DATA: opt_einsum,torch,"aefi,bfgj,cghk,dhel,ijkl->abcd","40,40,20,20,6,6,6,6,4,4,4,4","(2,3),(2,3),(0,2),(0,1)",FP32,305049600,115.98209071442476,0.00019097328186035156,0.005109548568725586,59.70186913715646,57.55086170737676
*** input parameters ***
  einsum_str: aefi,bfgj,cghk,dhel,ijkl->abcd
  dim_sizes:  40,40,20,20,6,6,6,6,4,4,4,4
  cont_path:  (2,3),(2,3),(0,2),(0,1)
  backend:    torch
  dtype:      FP32
*** benchmarking opt_einsum expression ***
  #flops :          305049600
  #bytes :          2630144
  arith. intensity: 115.98
  time (eval):      0.004598
  time (compile):   0.000190
  gflops (eval):    66.35
  gflops (total):   63.71
CSV_DATA: opt_einsum,torch,"aefi,bfgj,cghk,dhel,ijkl->abcd","40,40,20,20,6,6,6,6,4,4,4,4","(2,3),(2,3),(0,2),(0,1)",FP32,305049600,115.98209071442476,0.00019025802612304688,0.004597902297973633,66.34538540204304,63.70914492249167
*** input parameters ***
  einsum_str: aefi,bfgj,cghk,dhel,ijkl->abcd
  dim_sizes:  40,40,20,20,6,6,6,6,4,4,4,4
  cont_path:  (2,3),(2,3),(0,2),(0,1)
  backend:    torch
  dtype:      FP32
*** benchmarking opt_einsum expression ***
  #flops :          305049600
  #bytes :          2630144
  arith. intensity: 115.98
  time (eval):      0.005212
  time (compile):   0.000177
  gflops (eval):    58.53
  gflops (total):   56.61
CSV_DATA: opt_einsum,torch,"aefi,bfgj,cghk,dhel,ijkl->abcd","40,40,20,20,6,6,6,6,4,4,4,4","(2,3),(2,3),(0,2),(0,1)",FP32,305049600,115.98209071442476,0.0001773834228515625,0.005211591720581055,58.532904409094655,56.6062362287484
*** input parameters ***
  einsum_str: aefi,bfgj,cghk,dhel,ijkl->abcd
  dim_sizes:  40,40,20,20,6,6,6,6,4,4,4,4
  cont_path:  (2,3),(2,3),(0,2),(0,1)
  backend:    torch
  dtype:      FP32
*** benchmarking opt_einsum expression ***
  #flops :          305049600
  #bytes :          2630144
  arith. intensity: 115.98
  time (eval):      0.005643
  time (compile):   0.000175
  gflops (eval):    54.06
  gflops (total):   52.44
CSV_DATA: opt_einsum,torch,"aefi,bfgj,cghk,dhel,ijkl->abcd","40,40,20,20,6,6,6,6,4,4,4,4","(2,3),(2,3),(0,2),(0,1)",FP32,305049600,115.98209071442476,0.00017499923706054688,0.00564265251159668,54.06138325425276,52.43517714349412
*** input parameters ***
  einsum_str: aefi,bfgj,cghk,dhel,ijkl->abcd
  dim_sizes:  40,40,20,20,6,6,6,6,4,4,4,4
  cont_path:  (2,3),(2,3),(0,2),(0,1)
  backend:    torch
  dtype:      FP32
*** benchmarking opt_einsum expression ***
  #flops :          305049600
  #bytes :          2630144
  arith. intensity: 115.98
  time (eval):      0.006223
  time (compile):   0.000173
  gflops (eval):    49.02
  gflops (total):   47.70
CSV_DATA: opt_einsum,torch,"aefi,bfgj,cghk,dhel,ijkl->abcd","40,40,20,20,6,6,6,6,4,4,4,4","(2,3),(2,3),(0,2),(0,1)",FP32,305049600,115.98209071442476,0.00017309188842773438,0.006222724914550781,49.021868102620694,47.69517473639007
*** input parameters ***
  einsum_str: aefi,bfgj,cghk,dhel,ijkl->abcd
  dim_sizes:  40,40,20,20,6,6,6,6,4,4,4,4
  cont_path:  (2,3),(2,3),(0,2),(0,1)
  backend:    torch
  dtype:      FP32
*** benchmarking opt_einsum expression ***
  #flops :          305049600
  #bytes :          2630144
  arith. intensity: 115.98
  time (eval):      0.005722
  time (compile):   0.000178
  gflops (eval):    53.32
  gflops (total):   51.71
CSV_DATA: opt_einsum,torch,"aefi,bfgj,cghk,dhel,ijkl->abcd","40,40,20,20,6,6,6,6,4,4,4,4","(2,3),(2,3),(0,2),(0,1)",FP32,305049600,115.98209071442476,0.0001780986785888672,0.005721569061279297,53.31572453864489,51.706233884760564
*** input parameters ***
  einsum_str: aefi,bfgj,cghk,dhel,ijkl->abcd
  dim_sizes:  40,40,20,20,6,6,6,6,4,4,4,4
  cont_path:  (2,3),(2,3),(0,2),(0,1)
  backend:    torch
  dtype:      FP32
*** benchmarking opt_einsum expression ***
  #flops :          305049600
  #bytes :          2630144
  arith. intensity: 115.98
  time (eval):      0.005371
  time (compile):   0.000189
  gflops (eval):    56.80
  gflops (total):   54.86
CSV_DATA: opt_einsum,torch,"aefi,bfgj,cghk,dhel,ijkl->abcd","40,40,20,20,6,6,6,6,4,4,4,4","(2,3),(2,3),(0,2),(0,1)",FP32,305049600,115.98209071442476,0.00018930435180664062,0.0053708553314208984,56.797210346624055,54.863460292371684
*** input parameters ***
  einsum_str: aefi,bfgj,cghk,dhel,ijkl->abcd
  dim_sizes:  40,40,20,20,6,6,6,6,4,4,4,4
  cont_path:  (2,3),(2,3),(0,2),(0,1)
  backend:    torch
  dtype:      FP32
*** benchmarking opt_einsum expression ***
  #flops :          305049600
  #bytes :          2630144
  arith. intensity: 115.98
  time (eval):      0.004464
  time (compile):   0.000173
  gflops (eval):    68.33
  gflops (total):   65.78
CSV_DATA: opt_einsum,torch,"aefi,bfgj,cghk,dhel,ijkl->abcd","40,40,20,20,6,6,6,6,4,4,4,4","(2,3),(2,3),(0,2),(0,1)",FP32,305049600,115.98209071442476,0.00017309188842773438,0.004464387893676758,68.32954646079574,65.7791762623207
*** input parameters ***
  einsum_str: aefi,bfgj,cghk,dhel,ijkl->abcd
  dim_sizes:  40,40,20,20,6,6,6,6,4,4,4,4
  cont_path:  (2,3),(2,3),(0,2),(0,1)
  backend:    torch
  dtype:      FP32
*** benchmarking opt_einsum expression ***
  #flops :          305049600
  #bytes :          2630144
  arith. intensity: 115.98
  time (eval):      0.005636
  time (compile):   0.000182
  gflops (eval):    54.12
  gflops (total):   52.43
CSV_DATA: opt_einsum,torch,"aefi,bfgj,cghk,dhel,ijkl->abcd","40,40,20,20,6,6,6,6,4,4,4,4","(2,3),(2,3),(0,2),(0,1)",FP32,305049600,115.98209071442476,0.0001823902130126953,0.0056362152099609375,54.123128488934015,52.42658297391519
*** input parameters ***
  einsum_str: aefi,bfgj,cghk,dhel,ijkl->abcd
  dim_sizes:  40,40,20,20,6,6,6,6,4,4,4,4
  cont_path:  (2,3),(2,3),(0,2),(0,1)
  backend:    torch
  dtype:      FP32
*** benchmarking opt_einsum expression ***
  #flops :          305049600
  #bytes :          2630144
  arith. intensity: 115.98
  time (eval):      0.004352
  time (compile):   0.000179
  gflops (eval):    70.09
  gflops (total):   67.32
CSV_DATA: opt_einsum,torch,"aefi,bfgj,cghk,dhel,ijkl->abcd","40,40,20,20,6,6,6,6,4,4,4,4","(2,3),(2,3),(0,2),(0,1)",FP32,305049600,115.98209071442476,0.00017881393432617188,0.0043523311614990234,70.08878430448644,67.32284964369377
*** input parameters ***
  einsum_str: aefi,bfgj,cghk,dhel,ijkl->abcd
  dim_sizes:  40,40,20,20,6,6,6,6,4,4,4,4
  cont_path:  (2,3),(2,3),(0,2),(0,1)
  backend:    torch
  dtype:      FP32
*** benchmarking opt_einsum expression ***
  #flops :          305049600
  #bytes :          2630144
  arith. intensity: 115.98
  time (eval):      0.004795
  time (compile):   0.000196
  gflops (eval):    63.62
  gflops (total):   61.12
CSV_DATA: opt_einsum,torch,"aefi,bfgj,cghk,dhel,ijkl->abcd","40,40,20,20,6,6,6,6,4,4,4,4","(2,3),(2,3),(0,2),(0,1)",FP32,305049600,115.98209071442476,0.00019598007202148438,0.0047948360443115234,63.620444407458606,61.122187812468354
*** input parameters ***
  einsum_str: aefi,bfgj,cghk,dhel,ijkl->abcd
  dim_sizes:  40,40,20,20,6,6,6,6,4,4,4,4
  cont_path:  (2,3),(2,3),(0,2),(0,1)
  backend:    torch
  dtype:      FP32
*** benchmarking opt_einsum expression ***
  #flops :          305049600
  #bytes :          2630144
  arith. intensity: 115.98
  time (eval):      0.006248
  time (compile):   0.000175
  gflops (eval):    48.83
  gflops (total):   47.50
CSV_DATA: opt_einsum,torch,"aefi,bfgj,cghk,dhel,ijkl->abcd","40,40,20,20,6,6,6,6,4,4,4,4","(2,3),(2,3),(0,2),(0,1)",FP32,305049600,115.98209071442476,0.00017523765563964844,0.006247520446777344,48.82730718510151,47.49510959866365
*** input parameters ***
  einsum_str: aefi,bfgj,cghk,dhel,ijkl->abcd
  dim_sizes:  40,40,20,20,6,6,6,6,4,4,4,4
  cont_path:  (2,3),(2,3),(0,2),(0,1)
  backend:    torch
  dtype:      FP32
*** benchmarking opt_einsum expression ***
  #flops :          305049600
  #bytes :          2630144
  arith. intensity: 115.98
  time (eval):      0.008600
  time (compile):   0.000177
  gflops (eval):    35.47
  gflops (total):   34.76
CSV_DATA: opt_einsum,torch,"aefi,bfgj,cghk,dhel,ijkl->abcd","40,40,20,20,6,6,6,6,4,4,4,4","(2,3),(2,3),(0,2),(0,1)",FP32,305049600,115.98209071442476,0.0001766681671142578,0.008600234985351562,35.46991454530938,34.75594918855839
*** input parameters ***
  einsum_str: aefi,bfgj,cghk,dhel,ijkl->abcd
  dim_sizes:  40,40,20,20,6,6,6,6,4,4,4,4
  cont_path:  (2,3),(2,3),(0,2),(0,1)
  backend:    torch
  dtype:      FP32
*** benchmarking opt_einsum expression ***
  #flops :          305049600
  #bytes :          2630144
  arith. intensity: 115.98
  time (eval):      0.005491
  time (compile):   0.000191
  gflops (eval):    55.56
  gflops (total):   53.69
CSV_DATA: opt_einsum,torch,"aefi,bfgj,cghk,dhel,ijkl->abcd","40,40,20,20,6,6,6,6,4,4,4,4","(2,3),(2,3),(0,2),(0,1)",FP32,305049600,115.98209071442476,0.00019121170043945312,0.005490541458129883,55.55911057702897,53.68934402578155
*** input parameters ***
  einsum_str: aefi,bfgj,cghk,dhel,ijkl->abcd
  dim_sizes:  40,40,20,20,6,6,6,6,4,4,4,4
  cont_path:  (2,3),(2,3),(0,2),(0,1)
  backend:    torch
  dtype:      FP32
*** benchmarking opt_einsum expression ***
  #flops :          305049600
  #bytes :          2630144
  arith. intensity: 115.98
  time (eval):      0.004782
  time (compile):   0.000180
  gflops (eval):    63.79
  gflops (total):   61.47
CSV_DATA: opt_einsum,torch,"aefi,bfgj,cghk,dhel,ijkl->abcd","40,40,20,20,6,6,6,6,4,4,4,4","(2,3),(2,3),(0,2),(0,1)",FP32,305049600,115.98209071442476,0.0001800060272216797,0.004782438278198242,63.78537102938332,61.4716420427789
*** input parameters ***
  einsum_str: aefi,bfgj,cghk,dhel,ijkl->abcd
  dim_sizes:  40,40,20,20,6,6,6,6,4,4,4,4
  cont_path:  (2,3),(2,3),(0,2),(0,1)
  backend:    torch
  dtype:      FP32
*** benchmarking opt_einsum expression ***
  #flops :          305049600
  #bytes :          2630144
  arith. intensity: 115.98
  time (eval):      0.008815
  time (compile):   0.000179
  gflops (eval):    34.61
  gflops (total):   33.92
CSV_DATA: opt_einsum,torch,"aefi,bfgj,cghk,dhel,ijkl->abcd","40,40,20,20,6,6,6,6,4,4,4,4","(2,3),(2,3),(0,2),(0,1)",FP32,305049600,115.98209071442476,0.000179290771484375,0.008814811706542969,34.60647942979553,33.91662489339413
*** input parameters ***
  einsum_str: aefi,bfgj,cghk,dhel,ijkl->abcd
  dim_sizes:  40,40,20,20,6,6,6,6,4,4,4,4
  cont_path:  (2,3),(2,3),(0,2),(0,1)
  backend:    torch
  dtype:      FP32
*** benchmarking opt_einsum expression ***
  #flops :          305049600
  #bytes :          2630144
  arith. intensity: 115.98
  time (eval):      0.004519
  time (compile):   0.000176
  gflops (eval):    67.50
  gflops (total):   64.97
CSV_DATA: opt_einsum,torch,"aefi,bfgj,cghk,dhel,ijkl->abcd","40,40,20,20,6,6,6,6,4,4,4,4","(2,3),(2,3),(0,2),(0,1)",FP32,305049600,115.98209071442476,0.00017595291137695312,0.004518985748291016,67.50399691244064,64.97413962413164
*** input parameters ***
  einsum_str: aefi,bfgj,cghk,dhel,ijkl->abcd
  dim_sizes:  40,40,20,20,6,6,6,6,4,4,4,4
  cont_path:  (2,3),(2,3),(0,2),(0,1)
  backend:    torch
  dtype:      FP32
*** benchmarking opt_einsum expression ***
  #flops :          305049600
  #bytes :          2630144
  arith. intensity: 115.98
  time (eval):      0.004772
  time (compile):   0.000187
  gflops (eval):    63.92
  gflops (total):   61.51
CSV_DATA: opt_einsum,torch,"aefi,bfgj,cghk,dhel,ijkl->abcd","40,40,20,20,6,6,6,6,4,4,4,4","(2,3),(2,3),(0,2),(0,1)",FP32,305049600,115.98209071442476,0.000186920166015625,0.004772186279296875,63.922399953956834,61.513017186461546
*** input parameters ***
  einsum_str: aefi,bfgj,cghk,dhel,ijkl->abcd
  dim_sizes:  40,40,20,20,6,6,6,6,4,4,4,4
  cont_path:  (2,3),(2,3),(0,2),(0,1)
  backend:    torch
  dtype:      FP32
*** benchmarking opt_einsum expression ***
  #flops :          305049600
  #bytes :          2630144
  arith. intensity: 115.98
  time (eval):      0.005360
  time (compile):   0.000173
  gflops (eval):    56.91
  gflops (total):   55.13
CSV_DATA: opt_einsum,torch,"aefi,bfgj,cghk,dhel,ijkl->abcd","40,40,20,20,6,6,6,6,4,4,4,4","(2,3),(2,3),(0,2),(0,1)",FP32,305049600,115.98209071442476,0.00017309188842773438,0.005360126495361328,56.91089571561249,55.130591066804556
*** input parameters ***
  einsum_str: aefi,bfgj,cghk,dhel,ijkl->abcd
  dim_sizes:  40,40,20,20,6,6,6,6,4,4,4,4
  cont_path:  (2,3),(2,3),(0,2),(0,1)
  backend:    torch
  dtype:      FP32
*** benchmarking opt_einsum expression ***
  #flops :          305049600
  #bytes :          2630144
  arith. intensity: 115.98
  time (eval):      0.004786
  time (compile):   0.000179
  gflops (eval):    63.74
  gflops (total):   61.45
CSV_DATA: opt_einsum,torch,"aefi,bfgj,cghk,dhel,ijkl->abcd","40,40,20,20,6,6,6,6,4,4,4,4","(2,3),(2,3),(0,2),(0,1)",FP32,305049600,115.98209071442476,0.00017881393432617188,0.004785776138305664,63.740883648602605,61.44507311522836
*** input parameters ***
  einsum_str: aefi,bfgj,cghk,dhel,ijkl->abcd
  dim_sizes:  40,40,20,20,6,6,6,6,4,4,4,4
  cont_path:  (2,3),(2,3),(0,2),(0,1)
  backend:    torch
  dtype:      FP32
*** benchmarking opt_einsum expression ***
  #flops :          305049600
  #bytes :          2630144
  arith. intensity: 115.98
  time (eval):      0.007982
  time (compile):   0.000195
  gflops (eval):    38.22
  gflops (total):   37.31
CSV_DATA: opt_einsum,torch,"aefi,bfgj,cghk,dhel,ijkl->abcd","40,40,20,20,6,6,6,6,4,4,4,4","(2,3),(2,3),(0,2),(0,1)",FP32,305049600,115.98209071442476,0.00019502639770507812,0.007981538772583008,38.21939712275294,37.3077928992098
*** input parameters ***
  einsum_str: aefi,bfgj,cghk,dhel,ijkl->abcd
  dim_sizes:  40,40,20,20,6,6,6,6,4,4,4,4
  cont_path:  (2,3),(2,3),(0,2),(0,1)
  backend:    torch
  dtype:      FP32
*** benchmarking opt_einsum expression ***
  #flops :          305049600
  #bytes :          2630144
  arith. intensity: 115.98
  time (eval):      0.005596
  time (compile):   0.000179
  gflops (eval):    54.52
  gflops (total):   52.82
CSV_DATA: opt_einsum,torch,"aefi,bfgj,cghk,dhel,ijkl->abcd","40,40,20,20,6,6,6,6,4,4,4,4","(2,3),(2,3),(0,2),(0,1)",FP32,305049600,115.98209071442476,0.000179290771484375,0.005595684051513672,54.51515796669792,52.822671847015116
*** input parameters ***
  einsum_str: aefi,bfgj,cghk,dhel,ijkl->abcd
  dim_sizes:  40,40,20,20,6,6,6,6,4,4,4,4
  cont_path:  (2,3),(2,3),(0,2),(0,1)
  backend:    torch
  dtype:      FP32
*** benchmarking opt_einsum expression ***
  #flops :          305049600
  #bytes :          2630144
  arith. intensity: 115.98
  time (eval):      0.005978
  time (compile):   0.000192
  gflops (eval):    51.03
  gflops (total):   49.44
CSV_DATA: opt_einsum,torch,"aefi,bfgj,cghk,dhel,ijkl->abcd","40,40,20,20,6,6,6,6,4,4,4,4","(2,3),(2,3),(0,2),(0,1)",FP32,305049600,115.98209071442476,0.0001919269561767578,0.00597834587097168,51.02575304001596,49.43859186547141
*** input parameters ***
  einsum_str: aefi,bfgj,cghk,dhel,ijkl->abcd
  dim_sizes:  40,40,20,20,6,6,6,6,4,4,4,4
  cont_path:  (2,3),(2,3),(0,2),(0,1)
  backend:    torch
  dtype:      FP32
*** benchmarking opt_einsum expression ***
  #flops :          305049600
  #bytes :          2630144
  arith. intensity: 115.98
  time (eval):      0.004595
  time (compile):   0.000189
  gflops (eval):    66.39
  gflops (total):   63.76
CSV_DATA: opt_einsum,torch,"aefi,bfgj,cghk,dhel,ijkl->abcd","40,40,20,20,6,6,6,6,4,4,4,4","(2,3),(2,3),(0,2),(0,1)",FP32,305049600,115.98209071442476,0.00018930435180664062,0.004595041275024414,66.38669420839517,63.75994206799223
*** input parameters ***
  einsum_str: aefi,bfgj,cghk,dhel,ijkl->abcd
  dim_sizes:  40,40,20,20,6,6,6,6,4,4,4,4
  cont_path:  (2,3),(2,3),(0,2),(0,1)
  backend:    torch
  dtype:      FP32
*** benchmarking opt_einsum expression ***
  #flops :          305049600
  #bytes :          2630144
  arith. intensity: 115.98
  time (eval):      0.004758
  time (compile):   0.000190
  gflops (eval):    64.11
  gflops (total):   61.65
CSV_DATA: opt_einsum,torch,"aefi,bfgj,cghk,dhel,ijkl->abcd","40,40,20,20,6,6,6,6,4,4,4,4","(2,3),(2,3),(0,2),(0,1)",FP32,305049600,115.98209071442476,0.0001900196075439453,0.004758358001708984,64.10816502046298,61.646386773230546
*** input parameters ***
  einsum_str: aefi,bfgj,cghk,dhel,ijkl->abcd
  dim_sizes:  40,40,20,20,6,6,6,6,4,4,4,4
  cont_path:  (2,3),(2,3),(0,2),(0,1)
  backend:    torch
  dtype:      FP32
*** benchmarking opt_einsum expression ***
  #flops :          305049600
  #bytes :          2630144
  arith. intensity: 115.98
  time (eval):      0.005199
  time (compile):   0.000186
  gflops (eval):    58.68
  gflops (total):   56.65
CSV_DATA: opt_einsum,torch,"aefi,bfgj,cghk,dhel,ijkl->abcd","40,40,20,20,6,6,6,6,4,4,4,4","(2,3),(2,3),(0,2),(0,1)",FP32,305049600,115.98209071442476,0.0001862049102783203,0.005198955535888672,58.67517002102174,56.646334505618285
*** input parameters ***
  einsum_str: aefi,bfgj,cghk,dhel,ijkl->abcd
  dim_sizes:  40,40,20,20,6,6,6,6,4,4,4,4
  cont_path:  (2,3),(2,3),(0,2),(0,1)
  backend:    torch
  dtype:      FP32
*** benchmarking opt_einsum expression ***
  #flops :          305049600
  #bytes :          2630144
  arith. intensity: 115.98
  time (eval):      0.005541
  time (compile):   0.000180
  gflops (eval):    55.06
  gflops (total):   53.33
CSV_DATA: opt_einsum,torch,"aefi,bfgj,cghk,dhel,ijkl->abcd","40,40,20,20,6,6,6,6,4,4,4,4","(2,3),(2,3),(0,2),(0,1)",FP32,305049600,115.98209071442476,0.00017952919006347656,0.005540609359741211,55.05704881786652,53.329057914238085
*** input parameters ***
  einsum_str: aefi,bfgj,cghk,dhel,ijkl->abcd
  dim_sizes:  40,40,20,20,6,6,6,6,4,4,4,4
  cont_path:  (2,3),(2,3),(0,2),(0,1)
  backend:    torch
  dtype:      FP32
*** benchmarking opt_einsum expression ***
  #flops :          305049600
  #bytes :          2630144
  arith. intensity: 115.98
  time (eval):      0.005712
  time (compile):   0.000183
  gflops (eval):    53.41
  gflops (total):   51.75
CSV_DATA: opt_einsum,torch,"aefi,bfgj,cghk,dhel,ijkl->abcd","40,40,20,20,6,6,6,6,4,4,4,4","(2,3),(2,3),(0,2),(0,1)",FP32,305049600,115.98209071442476,0.00018310546875,0.005711793899536133,53.40696904781066,51.74805894755915
*** input parameters ***
  einsum_str: aefi,bfgj,cghk,dhel,ijkl->abcd
  dim_sizes:  40,40,20,20,6,6,6,6,4,4,4,4
  cont_path:  (2,3),(2,3),(0,2),(0,1)
  backend:    torch
  dtype:      FP32
*** benchmarking opt_einsum expression ***
  #flops :          305049600
  #bytes :          2630144
  arith. intensity: 115.98
  time (eval):      0.005539
  time (compile):   0.000176
  gflops (eval):    55.07
  gflops (total):   53.37
CSV_DATA: opt_einsum,torch,"aefi,bfgj,cghk,dhel,ijkl->abcd","40,40,20,20,6,6,6,6,4,4,4,4","(2,3),(2,3),(0,2),(0,1)",FP32,305049600,115.98209071442476,0.00017642974853515625,0.0055389404296875,55.07363797685951,53.37355070408811
*** input parameters ***
  einsum_str: aefi,bfgj,cghk,dhel,ijkl->abcd
  dim_sizes:  40,40,20,20,6,6,6,6,4,4,4,4
  cont_path:  (2,3),(2,3),(0,2),(0,1)
  backend:    torch
  dtype:      FP32
*** benchmarking opt_einsum expression ***
  #flops :          305049600
  #bytes :          2630144
  arith. intensity: 115.98
  time (eval):      0.005579
  time (compile):   0.000190
  gflops (eval):    54.67
  gflops (total):   52.87
CSV_DATA: opt_einsum,torch,"aefi,bfgj,cghk,dhel,ijkl->abcd","40,40,20,20,6,6,6,6,4,4,4,4","(2,3),(2,3),(0,2),(0,1)",FP32,305049600,115.98209071442476,0.00019025802612304688,0.005579471588134766,54.67356454484233,52.87069245778513
