*** input parameters ***
  einsum_str: iaje,bf,dcba,cigj,dh->hgfei
  dim_sizes:  24,48,12,56,32,64,8,84,8,72
  cont_path:  (1,2),(2,3),(0,1),(0,1)
  backend:    torch
  dtype:      FP32
*** benchmarking opt_einsum expression ***
  #flops :          6699220992
  #bytes :          49158528
  arith. intensity: 136.28
  time (eval):      0.014250
  time (compile):   0.000169
  gflops (eval):    470.12
  gflops (total):   464.62
CSV_DATA: opt_einsum,torch,"iaje,bf,dcba,cigj,dh->hgfei","24,48,12,56,32,64,8,84,8,72","(1,2),(2,3),(0,1),(0,1)",FP32,6699220992,136.27790059132772,0.0001685619354248047,0.014250040054321289,470.11944994277246,464.62347714183426
*** input parameters ***
  einsum_str: iaje,bf,dcba,cigj,dh->hgfei
  dim_sizes:  24,48,12,56,32,64,8,84,8,72
  cont_path:  (1,2),(2,3),(0,1),(0,1)
  backend:    torch
  dtype:      FP32
*** benchmarking opt_einsum expression ***
  #flops :          6699220992
  #bytes :          49158528
  arith. intensity: 136.28
  time (eval):      0.013588
  time (compile):   0.000166
  gflops (eval):    493.02
  gflops (total):   487.07
CSV_DATA: opt_einsum,torch,"iaje,bf,dcba,cigj,dh->hgfei","24,48,12,56,32,64,8,84,8,72","(1,2),(2,3),(0,1),(0,1)",FP32,6699220992,136.27790059132772,0.0001659393310546875,0.013588190078735352,493.01790401680154,487.0697949978258
*** input parameters ***
  einsum_str: iaje,bf,dcba,cigj,dh->hgfei
  dim_sizes:  24,48,12,56,32,64,8,84,8,72
  cont_path:  (1,2),(2,3),(0,1),(0,1)
  backend:    torch
  dtype:      FP32
*** benchmarking opt_einsum expression ***
  #flops :          6699220992
  #bytes :          49158528
  arith. intensity: 136.28
  time (eval):      0.009200
  time (compile):   0.000162
  gflops (eval):    728.17
  gflops (total):   715.60
CSV_DATA: opt_einsum,torch,"iaje,bf,dcba,cigj,dh->hgfei","24,48,12,56,32,64,8,84,8,72","(1,2),(2,3),(0,1),(0,1)",FP32,6699220992,136.27790059132772,0.00016164779663085938,0.009200096130371094,728.1685861829991,715.5954108803944
*** input parameters ***
  einsum_str: iaje,bf,dcba,cigj,dh->hgfei
  dim_sizes:  24,48,12,56,32,64,8,84,8,72
  cont_path:  (1,2),(2,3),(0,1),(0,1)
  backend:    torch
  dtype:      FP32
*** benchmarking opt_einsum expression ***
  #flops :          6699220992
  #bytes :          49158528
  arith. intensity: 136.28
  time (eval):      0.009751
  time (compile):   0.000162
  gflops (eval):    687.06
  gflops (total):   675.80
CSV_DATA: opt_einsum,torch,"iaje,bf,dcba,cigj,dh->hgfei","24,48,12,56,32,64,8,84,8,72","(1,2),(2,3),(0,1),(0,1)",FP32,6699220992,136.27790059132772,0.00016236305236816406,0.009750604629516602,687.0569822634807,675.8037761226988
*** input parameters ***
  einsum_str: iaje,bf,dcba,cigj,dh->hgfei
  dim_sizes:  24,48,12,56,32,64,8,84,8,72
  cont_path:  (1,2),(2,3),(0,1),(0,1)
  backend:    torch
  dtype:      FP32
*** benchmarking opt_einsum expression ***
  #flops :          6699220992
  #bytes :          49158528
  arith. intensity: 136.28
  time (eval):      0.009178
  time (compile):   0.000168
  gflops (eval):    729.91
  gflops (total):   716.82
CSV_DATA: opt_einsum,torch,"iaje,bf,dcba,cigj,dh->hgfei","24,48,12,56,32,64,8,84,8,72","(1,2),(2,3),(0,1),(0,1)",FP32,6699220992,136.27790059132772,0.00016760826110839844,0.00917816162109375,729.90880620401,716.8185260753991
*** input parameters ***
  einsum_str: iaje,bf,dcba,cigj,dh->hgfei
  dim_sizes:  24,48,12,56,32,64,8,84,8,72
  cont_path:  (1,2),(2,3),(0,1),(0,1)
  backend:    torch
  dtype:      FP32
*** benchmarking opt_einsum expression ***
  #flops :          6699220992
  #bytes :          49158528
  arith. intensity: 136.28
  time (eval):      0.009058
  time (compile):   0.000160
  gflops (eval):    739.57
  gflops (total):   726.74
CSV_DATA: opt_einsum,torch,"iaje,bf,dcba,cigj,dh->hgfei","24,48,12,56,32,64,8,84,8,72","(1,2),(2,3),(0,1),(0,1)",FP32,6699220992,136.27790059132772,0.00015997886657714844,0.009058237075805664,739.5722739354505,726.7372595600448
*** input parameters ***
  einsum_str: iaje,bf,dcba,cigj,dh->hgfei
  dim_sizes:  24,48,12,56,32,64,8,84,8,72
  cont_path:  (1,2),(2,3),(0,1),(0,1)
  backend:    torch
  dtype:      FP32
*** benchmarking opt_einsum expression ***
  #flops :          6699220992
  #bytes :          49158528
  arith. intensity: 136.28
  time (eval):      0.010157
  time (compile):   0.000168
  gflops (eval):    659.59
  gflops (total):   648.87
CSV_DATA: opt_einsum,torch,"iaje,bf,dcba,cigj,dh->hgfei","24,48,12,56,32,64,8,84,8,72","(1,2),(2,3),(0,1),(0,1)",FP32,6699220992,136.27790059132772,0.0001678466796875,0.010156631469726562,659.5908310711167,648.8677582585805
*** input parameters ***
  einsum_str: iaje,bf,dcba,cigj,dh->hgfei
  dim_sizes:  24,48,12,56,32,64,8,84,8,72
  cont_path:  (1,2),(2,3),(0,1),(0,1)
  backend:    torch
  dtype:      FP32
*** benchmarking opt_einsum expression ***
  #flops :          6699220992
  #bytes :          49158528
  arith. intensity: 136.28
  time (eval):      0.009549
  time (compile):   0.000168
  gflops (eval):    701.59
  gflops (total):   689.47
CSV_DATA: opt_einsum,torch,"iaje,bf,dcba,cigj,dh->hgfei","24,48,12,56,32,64,8,84,8,72","(1,2),(2,3),(0,1),(0,1)",FP32,6699220992,136.27790059132772,0.0001678466796875,0.009548664093017578,701.5872510269556,689.4677676701568
*** input parameters ***
  einsum_str: iaje,bf,dcba,cigj,dh->hgfei
  dim_sizes:  24,48,12,56,32,64,8,84,8,72
  cont_path:  (1,2),(2,3),(0,1),(0,1)
  backend:    torch
  dtype:      FP32
*** benchmarking opt_einsum expression ***
  #flops :          6699220992
  #bytes :          49158528
  arith. intensity: 136.28
  time (eval):      0.009656
  time (compile):   0.000168
  gflops (eval):    693.81
  gflops (total):   681.94
CSV_DATA: opt_einsum,torch,"iaje,bf,dcba,cigj,dh->hgfei","24,48,12,56,32,64,8,84,8,72","(1,2),(2,3),(0,1),(0,1)",FP32,6699220992,136.27790059132772,0.00016808509826660156,0.00965571403503418,693.8089682122909,681.9379041750697
*** input parameters ***
  einsum_str: iaje,bf,dcba,cigj,dh->hgfei
  dim_sizes:  24,48,12,56,32,64,8,84,8,72
  cont_path:  (1,2),(2,3),(0,1),(0,1)
  backend:    torch
  dtype:      FP32
*** benchmarking opt_einsum expression ***
  #flops :          6699220992
  #bytes :          49158528
  arith. intensity: 136.28
  time (eval):      0.008735
  time (compile):   0.000165
  gflops (eval):    766.92
  gflops (total):   752.67
CSV_DATA: opt_einsum,torch,"iaje,bf,dcba,cigj,dh->hgfei","24,48,12,56,32,64,8,84,8,72","(1,2),(2,3),(0,1),(0,1)",FP32,6699220992,136.27790059132772,0.00016546249389648438,0.008735179901123047,766.9242153946605,752.6671328519653
*** input parameters ***
  einsum_str: iaje,bf,dcba,cigj,dh->hgfei
  dim_sizes:  24,48,12,56,32,64,8,84,8,72
  cont_path:  (1,2),(2,3),(0,1),(0,1)
  backend:    torch
  dtype:      FP32
*** benchmarking opt_einsum expression ***
  #flops :          6699220992
  #bytes :          49158528
  arith. intensity: 136.28
  time (eval):      0.013232
  time (compile):   0.000158
  gflops (eval):    506.30
  gflops (total):   500.33
CSV_DATA: opt_einsum,torch,"iaje,bf,dcba,cigj,dh->hgfei","24,48,12,56,32,64,8,84,8,72","(1,2),(2,3),(0,1),(0,1)",FP32,6699220992,136.27790059132772,0.00015783309936523438,0.013231754302978516,506.2987747960209,500.3306517740308
*** input parameters ***
  einsum_str: iaje,bf,dcba,cigj,dh->hgfei
  dim_sizes:  24,48,12,56,32,64,8,84,8,72
  cont_path:  (1,2),(2,3),(0,1),(0,1)
  backend:    torch
  dtype:      FP32
*** benchmarking opt_einsum expression ***
  #flops :          6699220992
  #bytes :          49158528
  arith. intensity: 136.28
  time (eval):      0.009995
  time (compile):   0.000166
  gflops (eval):    670.24
  gflops (total):   659.30
CSV_DATA: opt_einsum,torch,"iaje,bf,dcba,cigj,dh->hgfei","24,48,12,56,32,64,8,84,8,72","(1,2),(2,3),(0,1),(0,1)",FP32,6699220992,136.27790059132772,0.0001659393310546875,0.009995222091674805,670.2423348431546,659.2967785173179
*** input parameters ***
  einsum_str: iaje,bf,dcba,cigj,dh->hgfei
  dim_sizes:  24,48,12,56,32,64,8,84,8,72
  cont_path:  (1,2),(2,3),(0,1),(0,1)
  backend:    torch
  dtype:      FP32
*** benchmarking opt_einsum expression ***
  #flops :          6699220992
  #bytes :          49158528
  arith. intensity: 136.28
  time (eval):      0.009484
  time (compile):   0.000168
  gflops (eval):    706.37
  gflops (total):   694.05
CSV_DATA: opt_einsum,torch,"iaje,bf,dcba,cigj,dh->hgfei","24,48,12,56,32,64,8,84,8,72","(1,2),(2,3),(0,1),(0,1)",FP32,6699220992,136.27790059132772,0.00016832351684570312,0.009484052658081055,706.3669122810924,694.0488922719419
*** input parameters ***
  einsum_str: iaje,bf,dcba,cigj,dh->hgfei
  dim_sizes:  24,48,12,56,32,64,8,84,8,72
  cont_path:  (1,2),(2,3),(0,1),(0,1)
  backend:    torch
  dtype:      FP32
*** benchmarking opt_einsum expression ***
  #flops :          6699220992
  #bytes :          49158528
  arith. intensity: 136.28
  time (eval):      0.013614
  time (compile):   0.000159
  gflops (eval):    492.09
  gflops (total):   486.40
CSV_DATA: opt_einsum,torch,"iaje,bf,dcba,cigj,dh->hgfei","24,48,12,56,32,64,8,84,8,72","(1,2),(2,3),(0,1),(0,1)",FP32,6699220992,136.27790059132772,0.00015926361083984375,0.01361393928527832,492.0854171315663,486.39528819314114
*** input parameters ***
  einsum_str: iaje,bf,dcba,cigj,dh->hgfei
  dim_sizes:  24,48,12,56,32,64,8,84,8,72
  cont_path:  (1,2),(2,3),(0,1),(0,1)
  backend:    torch
  dtype:      FP32
*** benchmarking opt_einsum expression ***
  #flops :          6699220992
  #bytes :          49158528
  arith. intensity: 136.28
  time (eval):      0.013165
  time (compile):   0.000167
  gflops (eval):    508.85
  gflops (total):   502.46
CSV_DATA: opt_einsum,torch,"iaje,bf,dcba,cigj,dh->hgfei","24,48,12,56,32,64,8,84,8,72","(1,2),(2,3),(0,1),(0,1)",FP32,6699220992,136.27790059132772,0.00016736984252929688,0.013165473937988281,508.8476893087572,502.46002295392816
*** input parameters ***
  einsum_str: iaje,bf,dcba,cigj,dh->hgfei
  dim_sizes:  24,48,12,56,32,64,8,84,8,72
  cont_path:  (1,2),(2,3),(0,1),(0,1)
  backend:    torch
  dtype:      FP32
*** benchmarking opt_einsum expression ***
  #flops :          6699220992
  #bytes :          49158528
  arith. intensity: 136.28
  time (eval):      0.008829
  time (compile):   0.000158
  gflops (eval):    758.76
  gflops (total):   745.46
CSV_DATA: opt_einsum,torch,"iaje,bf,dcba,cigj,dh->hgfei","24,48,12,56,32,64,8,84,8,72","(1,2),(2,3),(0,1),(0,1)",FP32,6699220992,136.27790059132772,0.0001575946807861328,0.008829116821289062,758.7645658789579,745.4585573880978
*** input parameters ***
  einsum_str: iaje,bf,dcba,cigj,dh->hgfei
  dim_sizes:  24,48,12,56,32,64,8,84,8,72
  cont_path:  (1,2),(2,3),(0,1),(0,1)
  backend:    torch
  dtype:      FP32
*** benchmarking opt_einsum expression ***
  #flops :          6699220992
  #bytes :          49158528
  arith. intensity: 136.28
  time (eval):      0.012883
  time (compile):   0.000163
  gflops (eval):    520.01
  gflops (total):   513.52
CSV_DATA: opt_einsum,torch,"iaje,bf,dcba,cigj,dh->hgfei","24,48,12,56,32,64,8,84,8,72","(1,2),(2,3),(0,1),(0,1)",FP32,6699220992,136.27790059132772,0.0001628398895263672,0.01288294792175293,520.0068363769699,513.5160167336081
*** input parameters ***
  einsum_str: iaje,bf,dcba,cigj,dh->hgfei
  dim_sizes:  24,48,12,56,32,64,8,84,8,72
  cont_path:  (1,2),(2,3),(0,1),(0,1)
  backend:    torch
  dtype:      FP32
*** benchmarking opt_einsum expression ***
  #flops :          6699220992
  #bytes :          49158528
  arith. intensity: 136.28
  time (eval):      0.008084
  time (compile):   0.000175
  gflops (eval):    828.72
  gflops (total):   811.16
CSV_DATA: opt_einsum,torch,"iaje,bf,dcba,cigj,dh->hgfei","24,48,12,56,32,64,8,84,8,72","(1,2),(2,3),(0,1),(0,1)",FP32,6699220992,136.27790059132772,0.00017499923706054688,0.008083820343017578,828.7196780401572,811.1596248160961
*** input parameters ***
  einsum_str: iaje,bf,dcba,cigj,dh->hgfei
  dim_sizes:  24,48,12,56,32,64,8,84,8,72
  cont_path:  (1,2),(2,3),(0,1),(0,1)
  backend:    torch
  dtype:      FP32
*** benchmarking opt_einsum expression ***
  #flops :          6699220992
  #bytes :          49158528
  arith. intensity: 136.28
  time (eval):      0.008908
  time (compile):   0.000161
  gflops (eval):    752.08
  gflops (total):   738.74
CSV_DATA: opt_einsum,torch,"iaje,bf,dcba,cigj,dh->hgfei","24,48,12,56,32,64,8,84,8,72","(1,2),(2,3),(0,1),(0,1)",FP32,6699220992,136.27790059132772,0.0001609325408935547,0.008907556533813477,752.0829047303223,738.7361816076761
*** input parameters ***
  einsum_str: iaje,bf,dcba,cigj,dh->hgfei
  dim_sizes:  24,48,12,56,32,64,8,84,8,72
  cont_path:  (1,2),(2,3),(0,1),(0,1)
  backend:    torch
  dtype:      FP32
*** benchmarking opt_einsum expression ***
  #flops :          6699220992
  #bytes :          49158528
  arith. intensity: 136.28
  time (eval):      0.009795
  time (compile):   0.000169
  gflops (eval):    683.96
  gflops (total):   672.36
CSV_DATA: opt_einsum,torch,"iaje,bf,dcba,cigj,dh->hgfei","24,48,12,56,32,64,8,84,8,72","(1,2),(2,3),(0,1),(0,1)",FP32,6699220992,136.27790059132772,0.0001690387725830078,0.00979471206665039,683.9630349941475,672.3593454004348
*** input parameters ***
  einsum_str: iaje,bf,dcba,cigj,dh->hgfei
  dim_sizes:  24,48,12,56,32,64,8,84,8,72
  cont_path:  (1,2),(2,3),(0,1),(0,1)
  backend:    torch
  dtype:      FP32
*** benchmarking opt_einsum expression ***
  #flops :          6699220992
  #bytes :          49158528
  arith. intensity: 136.28
  time (eval):      0.015188
  time (compile):   0.000167
  gflops (eval):    441.09
  gflops (total):   436.31
CSV_DATA: opt_einsum,torch,"iaje,bf,dcba,cigj,dh->hgfei","24,48,12,56,32,64,8,84,8,72","(1,2),(2,3),(0,1),(0,1)",FP32,6699220992,136.27790059132772,0.0001666545867919922,0.015187740325927734,441.0939908264979,436.3064145530282
*** input parameters ***
  einsum_str: iaje,bf,dcba,cigj,dh->hgfei
  dim_sizes:  24,48,12,56,32,64,8,84,8,72
  cont_path:  (1,2),(2,3),(0,1),(0,1)
  backend:    torch
  dtype:      FP32
*** benchmarking opt_einsum expression ***
  #flops :          6699220992
  #bytes :          49158528
  arith. intensity: 136.28
  time (eval):      0.007868
  time (compile):   0.000170
  gflops (eval):    851.42
  gflops (total):   833.37
CSV_DATA: opt_einsum,torch,"iaje,bf,dcba,cigj,dh->hgfei","24,48,12,56,32,64,8,84,8,72","(1,2),(2,3),(0,1),(0,1)",FP32,6699220992,136.27790059132772,0.0001704692840576172,0.007868289947509766,851.420198885812,833.3650503790244
*** input parameters ***
  einsum_str: iaje,bf,dcba,cigj,dh->hgfei
  dim_sizes:  24,48,12,56,32,64,8,84,8,72
  cont_path:  (1,2),(2,3),(0,1),(0,1)
  backend:    torch
  dtype:      FP32
*** benchmarking opt_einsum expression ***
  #flops :          6699220992
  #bytes :          49158528
  arith. intensity: 136.28
  time (eval):      0.014285
  time (compile):   0.000167
  gflops (eval):    468.96
  gflops (total):   463.54
CSV_DATA: opt_einsum,torch,"iaje,bf,dcba,cigj,dh->hgfei","24,48,12,56,32,64,8,84,8,72","(1,2),(2,3),(0,1),(0,1)",FP32,6699220992,136.27790059132772,0.0001671314239501953,0.01428532600402832,468.95821559206183,463.5350787493743
*** input parameters ***
  einsum_str: iaje,bf,dcba,cigj,dh->hgfei
  dim_sizes:  24,48,12,56,32,64,8,84,8,72
  cont_path:  (1,2),(2,3),(0,1),(0,1)
  backend:    torch
  dtype:      FP32
*** benchmarking opt_einsum expression ***
  #flops :          6699220992
  #bytes :          49158528
  arith. intensity: 136.28
  time (eval):      0.009272
  time (compile):   0.000165
  gflops (eval):    722.53
  gflops (total):   709.86
CSV_DATA: opt_einsum,torch,"iaje,bf,dcba,cigj,dh->hgfei","24,48,12,56,32,64,8,84,8,72","(1,2),(2,3),(0,1),(0,1)",FP32,6699220992,136.27790059132772,0.00016546249389648438,0.009271860122680664,722.5325774288249,709.8645732670483
*** input parameters ***
  einsum_str: iaje,bf,dcba,cigj,dh->hgfei
  dim_sizes:  24,48,12,56,32,64,8,84,8,72
  cont_path:  (1,2),(2,3),(0,1),(0,1)
  backend:    torch
  dtype:      FP32
*** benchmarking opt_einsum expression ***
  #flops :          6699220992
  #bytes :          49158528
  arith. intensity: 136.28
  time (eval):      0.009846
  time (compile):   0.000159
  gflops (eval):    680.37
  gflops (total):   669.59
CSV_DATA: opt_einsum,torch,"iaje,bf,dcba,cigj,dh->hgfei","24,48,12,56,32,64,8,84,8,72","(1,2),(2,3),(0,1),(0,1)",FP32,6699220992,136.27790059132772,0.00015854835510253906,0.00984644889831543,680.3692438952412,669.5874893630152
*** input parameters ***
  einsum_str: iaje,bf,dcba,cigj,dh->hgfei
  dim_sizes:  24,48,12,56,32,64,8,84,8,72
  cont_path:  (1,2),(2,3),(0,1),(0,1)
  backend:    torch
  dtype:      FP32
*** benchmarking opt_einsum expression ***
  #flops :          6699220992
  #bytes :          49158528
  arith. intensity: 136.28
  time (eval):      0.010135
  time (compile):   0.000166
  gflops (eval):    661.02
  gflops (total):   650.34
CSV_DATA: opt_einsum,torch,"iaje,bf,dcba,cigj,dh->hgfei","24,48,12,56,32,64,8,84,8,72","(1,2),(2,3),(0,1),(0,1)",FP32,6699220992,136.27790059132772,0.00016641616821289062,0.010134696960449219,661.0183825075179,650.3395223725772
*** input parameters ***
  einsum_str: iaje,bf,dcba,cigj,dh->hgfei
  dim_sizes:  24,48,12,56,32,64,8,84,8,72
  cont_path:  (1,2),(2,3),(0,1),(0,1)
  backend:    torch
  dtype:      FP32
*** benchmarking opt_einsum expression ***
  #flops :          6699220992
  #bytes :          49158528
  arith. intensity: 136.28
  time (eval):      0.009096
  time (compile):   0.000162
  gflops (eval):    736.49
  gflops (total):   723.63
CSV_DATA: opt_einsum,torch,"iaje,bf,dcba,cigj,dh->hgfei","24,48,12,56,32,64,8,84,8,72","(1,2),(2,3),(0,1),(0,1)",FP32,6699220992,136.27790059132772,0.00016164779663085938,0.009096145629882812,736.4900766310959,723.6304250226518
*** input parameters ***
  einsum_str: iaje,bf,dcba,cigj,dh->hgfei
  dim_sizes:  24,48,12,56,32,64,8,84,8,72
  cont_path:  (1,2),(2,3),(0,1),(0,1)
  backend:    torch
  dtype:      FP32
*** benchmarking opt_einsum expression ***
  #flops :          6699220992
  #bytes :          49158528
  arith. intensity: 136.28
  time (eval):      0.009413
  time (compile):   0.000167
  gflops (eval):    711.70
  gflops (total):   699.30
CSV_DATA: opt_einsum,torch,"iaje,bf,dcba,cigj,dh->hgfei","24,48,12,56,32,64,8,84,8,72","(1,2),(2,3),(0,1),(0,1)",FP32,6699220992,136.27790059132772,0.00016689300537109375,0.009413003921508789,711.698523432273,699.2999030295306
*** input parameters ***
  einsum_str: iaje,bf,dcba,cigj,dh->hgfei
  dim_sizes:  24,48,12,56,32,64,8,84,8,72
  cont_path:  (1,2),(2,3),(0,1),(0,1)
  backend:    torch
  dtype:      FP32
*** benchmarking opt_einsum expression ***
  #flops :          6699220992
  #bytes :          49158528
  arith. intensity: 136.28
  time (eval):      0.013966
  time (compile):   0.000169
  gflops (eval):    479.68
  gflops (total):   473.94
CSV_DATA: opt_einsum,torch,"iaje,bf,dcba,cigj,dh->hgfei","24,48,12,56,32,64,8,84,8,72","(1,2),(2,3),(0,1),(0,1)",FP32,6699220992,136.27790059132772,0.0001690387725830078,0.013966083526611328,479.67785522943035,473.9414948239845
*** input parameters ***
  einsum_str: iaje,bf,dcba,cigj,dh->hgfei
  dim_sizes:  24,48,12,56,32,64,8,84,8,72
  cont_path:  (1,2),(2,3),(0,1),(0,1)
  backend:    torch
  dtype:      FP32
*** benchmarking opt_einsum expression ***
  #flops :          6699220992
  #bytes :          49158528
  arith. intensity: 136.28
  time (eval):      0.009552
  time (compile):   0.000166
  gflops (eval):    701.32
  gflops (total):   689.35
CSV_DATA: opt_einsum,torch,"iaje,bf,dcba,cigj,dh->hgfei","24,48,12,56,32,64,8,84,8,72","(1,2),(2,3),(0,1),(0,1)",FP32,6699220992,136.27790059132772,0.0001659393310546875,0.009552240371704102,701.3245826439428,689.3493634510825
*** input parameters ***
  einsum_str: iaje,bf,dcba,cigj,dh->hgfei
  dim_sizes:  24,48,12,56,32,64,8,84,8,72
  cont_path:  (1,2),(2,3),(0,1),(0,1)
  backend:    torch
  dtype:      FP32
*** benchmarking opt_einsum expression ***
  #flops :          6699220992
  #bytes :          49158528
  arith. intensity: 136.28
  time (eval):      0.013663
  time (compile):   0.000164
  gflops (eval):    490.33
  gflops (total):   484.51
CSV_DATA: opt_einsum,torch,"iaje,bf,dcba,cigj,dh->hgfei","24,48,12,56,32,64,8,84,8,72","(1,2),(2,3),(0,1),(0,1)",FP32,6699220992,136.27790059132772,0.000164031982421875,0.01366281509399414,490.32508644172634,484.50821470547936
*** input parameters ***
  einsum_str: iaje,bf,dcba,cigj,dh->hgfei
  dim_sizes:  24,48,12,56,32,64,8,84,8,72
  cont_path:  (1,2),(2,3),(0,1),(0,1)
  backend:    torch
  dtype:      FP32
*** benchmarking opt_einsum expression ***
  #flops :          6699220992
  #bytes :          49158528
  arith. intensity: 136.28
  time (eval):      0.010144
  time (compile):   0.000166
  gflops (eval):    660.41
  gflops (total):   649.80
CSV_DATA: opt_einsum,torch,"iaje,bf,dcba,cigj,dh->hgfei","24,48,12,56,32,64,8,84,8,72","(1,2),(2,3),(0,1),(0,1)",FP32,6699220992,136.27790059132772,0.00016570091247558594,0.01014399528503418,660.4124709998254,649.7980991542845
*** input parameters ***
  einsum_str: iaje,bf,dcba,cigj,dh->hgfei
  dim_sizes:  24,48,12,56,32,64,8,84,8,72
  cont_path:  (1,2),(2,3),(0,1),(0,1)
  backend:    torch
  dtype:      FP32
*** benchmarking opt_einsum expression ***
  #flops :          6699220992
  #bytes :          49158528
  arith. intensity: 136.28
  time (eval):      0.013273
  time (compile):   0.000166
  gflops (eval):    504.74
  gflops (total):   498.50
CSV_DATA: opt_einsum,torch,"iaje,bf,dcba,cigj,dh->hgfei","24,48,12,56,32,64,8,84,8,72","(1,2),(2,3),(0,1),(0,1)",FP32,6699220992,136.27790059132772,0.00016617774963378906,0.013272523880004883,504.74356290987026,498.5021006214663
*** input parameters ***
  einsum_str: iaje,bf,dcba,cigj,dh->hgfei
  dim_sizes:  24,48,12,56,32,64,8,84,8,72
  cont_path:  (1,2),(2,3),(0,1),(0,1)
  backend:    torch
  dtype:      FP32
*** benchmarking opt_einsum expression ***
  #flops :          6699220992
  #bytes :          49158528
  arith. intensity: 136.28
  time (eval):      0.012543
  time (compile):   0.000161
  gflops (eval):    534.10
  gflops (total):   527.35
CSV_DATA: opt_einsum,torch,"iaje,bf,dcba,cigj,dh->hgfei","24,48,12,56,32,64,8,84,8,72","(1,2),(2,3),(0,1),(0,1)",FP32,6699220992,136.27790059132772,0.00016069412231445312,0.012542963027954102,534.1019484048275,527.3458589724597
*** input parameters ***
  einsum_str: iaje,bf,dcba,cigj,dh->hgfei
  dim_sizes:  24,48,12,56,32,64,8,84,8,72
  cont_path:  (1,2),(2,3),(0,1),(0,1)
  backend:    torch
  dtype:      FP32
*** benchmarking opt_einsum expression ***
  #flops :          6699220992
  #bytes :          49158528
  arith. intensity: 136.28
  time (eval):      0.013337
  time (compile):   0.000167
  gflops (eval):    502.32
  gflops (total):   496.11
CSV_DATA: opt_einsum,torch,"iaje,bf,dcba,cigj,dh->hgfei","24,48,12,56,32,64,8,84,8,72","(1,2),(2,3),(0,1),(0,1)",FP32,6699220992,136.27790059132772,0.00016689300537109375,0.013336658477783203,502.3163038297682,496.10807944541773
*** input parameters ***
  einsum_str: iaje,bf,dcba,cigj,dh->hgfei
  dim_sizes:  24,48,12,56,32,64,8,84,8,72
  cont_path:  (1,2),(2,3),(0,1),(0,1)
  backend:    torch
  dtype:      FP32
*** benchmarking opt_einsum expression ***
  #flops :          6699220992
  #bytes :          49158528
  arith. intensity: 136.28
  time (eval):      0.008864
  time (compile):   0.000164
  gflops (eval):    755.76
  gflops (total):   742.03
CSV_DATA: opt_einsum,torch,"iaje,bf,dcba,cigj,dh->hgfei","24,48,12,56,32,64,8,84,8,72","(1,2),(2,3),(0,1),(0,1)",FP32,6699220992,136.27790059132772,0.000164031982421875,0.008864164352416992,755.7645284604096,742.0331529730258
*** input parameters ***
  einsum_str: iaje,bf,dcba,cigj,dh->hgfei
  dim_sizes:  24,48,12,56,32,64,8,84,8,72
  cont_path:  (1,2),(2,3),(0,1),(0,1)
  backend:    torch
  dtype:      FP32
*** benchmarking opt_einsum expression ***
  #flops :          6699220992
  #bytes :          49158528
  arith. intensity: 136.28
  time (eval):      0.013263
  time (compile):   0.000173
  gflops (eval):    505.12
  gflops (total):   498.63
CSV_DATA: opt_einsum,torch,"iaje,bf,dcba,cigj,dh->hgfei","24,48,12,56,32,64,8,84,8,72","(1,2),(2,3),(0,1),(0,1)",FP32,6699220992,136.27790059132772,0.00017261505126953125,0.013262510299682617,505.1246589539175,498.6347962525877
*** input parameters ***
  einsum_str: iaje,bf,dcba,cigj,dh->hgfei
  dim_sizes:  24,48,12,56,32,64,8,84,8,72
  cont_path:  (1,2),(2,3),(0,1),(0,1)
  backend:    torch
  dtype:      FP32
*** benchmarking opt_einsum expression ***
  #flops :          6699220992
  #bytes :          49158528
  arith. intensity: 136.28
  time (eval):      0.013801
  time (compile):   0.000171
  gflops (eval):    485.41
  gflops (total):   479.48
CSV_DATA: opt_einsum,torch,"iaje,bf,dcba,cigj,dh->hgfei","24,48,12,56,32,64,8,84,8,72","(1,2),(2,3),(0,1),(0,1)",FP32,6699220992,136.27790059132772,0.00017070770263671875,0.013801097869873047,485.4121791733678,479.4814068398616
*** input parameters ***
  einsum_str: iaje,bf,dcba,cigj,dh->hgfei
  dim_sizes:  24,48,12,56,32,64,8,84,8,72
  cont_path:  (1,2),(2,3),(0,1),(0,1)
  backend:    torch
  dtype:      FP32
*** benchmarking opt_einsum expression ***
  #flops :          6699220992
  #bytes :          49158528
  arith. intensity: 136.28
  time (eval):      0.008322
  time (compile):   0.000162
  gflops (eval):    804.96
  gflops (total):   789.60
CSV_DATA: opt_einsum,torch,"iaje,bf,dcba,cigj,dh->hgfei","24,48,12,56,32,64,8,84,8,72","(1,2),(2,3),(0,1),(0,1)",FP32,6699220992,136.27790059132772,0.00016188621520996094,0.008322477340698242,804.9551495009473,789.596172754161
*** input parameters ***
  einsum_str: iaje,bf,dcba,cigj,dh->hgfei
  dim_sizes:  24,48,12,56,32,64,8,84,8,72
  cont_path:  (1,2),(2,3),(0,1),(0,1)
  backend:    torch
  dtype:      FP32
*** benchmarking opt_einsum expression ***
  #flops :          6699220992
  #bytes :          49158528
  arith. intensity: 136.28
  time (eval):      0.009812
  time (compile):   0.000165
  gflops (eval):    682.78
  gflops (total):   671.51
CSV_DATA: opt_einsum,torch,"iaje,bf,dcba,cigj,dh->hgfei","24,48,12,56,32,64,8,84,8,72","(1,2),(2,3),(0,1),(0,1)",FP32,6699220992,136.27790059132772,0.0001647472381591797,0.009811639785766602,682.7830146922355,671.5077287933651
*** input parameters ***
  einsum_str: iaje,bf,dcba,cigj,dh->hgfei
  dim_sizes:  24,48,12,56,32,64,8,84,8,72
  cont_path:  (1,2),(2,3),(0,1),(0,1)
  backend:    torch
  dtype:      FP32
*** benchmarking opt_einsum expression ***
  #flops :          6699220992
  #bytes :          49158528
  arith. intensity: 136.28
  time (eval):      0.009925
  time (compile):   0.000159
  gflops (eval):    675.01
  gflops (total):   664.35
CSV_DATA: opt_einsum,torch,"iaje,bf,dcba,cigj,dh->hgfei","24,48,12,56,32,64,8,84,8,72","(1,2),(2,3),(0,1),(0,1)",FP32,6699220992,136.27790059132772,0.00015926361083984375,0.009924650192260742,675.0082735635422,664.3473082782733
*** input parameters ***
  einsum_str: iaje,bf,dcba,cigj,dh->hgfei
  dim_sizes:  24,48,12,56,32,64,8,84,8,72
  cont_path:  (1,2),(2,3),(0,1),(0,1)
  backend:    torch
  dtype:      FP32
*** benchmarking opt_einsum expression ***
  #flops :          6699220992
  #bytes :          49158528
  arith. intensity: 136.28
  time (eval):      0.014030
  time (compile):   0.000173
  gflops (eval):    477.50
  gflops (total):   471.68
CSV_DATA: opt_einsum,torch,"iaje,bf,dcba,cigj,dh->hgfei","24,48,12,56,32,64,8,84,8,72","(1,2),(2,3),(0,1),(0,1)",FP32,6699220992,136.27790059132772,0.00017309188842773438,0.014029741287231445,477.5013918536761,471.6820164783128
*** input parameters ***
  einsum_str: iaje,bf,dcba,cigj,dh->hgfei
  dim_sizes:  24,48,12,56,32,64,8,84,8,72
  cont_path:  (1,2),(2,3),(0,1),(0,1)
  backend:    torch
  dtype:      FP32
*** benchmarking opt_einsum expression ***
  #flops :          6699220992
  #bytes :          49158528
  arith. intensity: 136.28
  time (eval):      0.009246
  time (compile):   0.000166
  gflops (eval):    724.54
  gflops (total):   711.73
CSV_DATA: opt_einsum,torch,"iaje,bf,dcba,cigj,dh->hgfei","24,48,12,56,32,64,8,84,8,72","(1,2),(2,3),(0,1),(0,1)",FP32,6699220992,136.27790059132772,0.00016641616821289062,0.009246110916137695,724.5447359178353,711.7345779687827
*** input parameters ***
  einsum_str: iaje,bf,dcba,cigj,dh->hgfei
  dim_sizes:  24,48,12,56,32,64,8,84,8,72
  cont_path:  (1,2),(2,3),(0,1),(0,1)
  backend:    torch
  dtype:      FP32
*** benchmarking opt_einsum expression ***
  #flops :          6699220992
  #bytes :          49158528
  arith. intensity: 136.28
  time (eval):      0.012726
  time (compile):   0.000162
  gflops (eval):    526.44
  gflops (total):   519.83
CSV_DATA: opt_einsum,torch,"iaje,bf,dcba,cigj,dh->hgfei","24,48,12,56,32,64,8,84,8,72","(1,2),(2,3),(0,1),(0,1)",FP32,6699220992,136.27790059132772,0.00016164779663085938,0.012725591659545898,526.4368974918889,519.8336707237262
*** input parameters ***
  einsum_str: iaje,bf,dcba,cigj,dh->hgfei
  dim_sizes:  24,48,12,56,32,64,8,84,8,72
  cont_path:  (1,2),(2,3),(0,1),(0,1)
  backend:    torch
  dtype:      FP32
*** benchmarking opt_einsum expression ***
  #flops :          6699220992
  #bytes :          49158528
  arith. intensity: 136.28
  time (eval):      0.009767
  time (compile):   0.000164
  gflops (eval):    685.90
  gflops (total):   674.59
CSV_DATA: opt_einsum,torch,"iaje,bf,dcba,cigj,dh->hgfei","24,48,12,56,32,64,8,84,8,72","(1,2),(2,3),(0,1),(0,1)",FP32,6699220992,136.27790059132772,0.00016379356384277344,0.00976705551147461,685.8997559837321,674.5869302002154
*** input parameters ***
  einsum_str: iaje,bf,dcba,cigj,dh->hgfei
  dim_sizes:  24,48,12,56,32,64,8,84,8,72
  cont_path:  (1,2),(2,3),(0,1),(0,1)
  backend:    torch
  dtype:      FP32
*** benchmarking opt_einsum expression ***
  #flops :          6699220992
  #bytes :          49158528
  arith. intensity: 136.28
  time (eval):      0.009306
  time (compile):   0.000163
  gflops (eval):    719.89
  gflops (total):   707.52
CSV_DATA: opt_einsum,torch,"iaje,bf,dcba,cigj,dh->hgfei","24,48,12,56,32,64,8,84,8,72","(1,2),(2,3),(0,1),(0,1)",FP32,6699220992,136.27790059132772,0.00016260147094726562,0.009305953979492188,719.8854633026638,707.5230247174692
*** input parameters ***
  einsum_str: iaje,bf,dcba,cigj,dh->hgfei
  dim_sizes:  24,48,12,56,32,64,8,84,8,72
  cont_path:  (1,2),(2,3),(0,1),(0,1)
  backend:    torch
  dtype:      FP32
*** benchmarking opt_einsum expression ***
  #flops :          6699220992
  #bytes :          49158528
  arith. intensity: 136.28
  time (eval):      0.012935
  time (compile):   0.000169
  gflops (eval):    517.91
  gflops (total):   511.25
CSV_DATA: opt_einsum,torch,"iaje,bf,dcba,cigj,dh->hgfei","24,48,12,56,32,64,8,84,8,72","(1,2),(2,3),(0,1),(0,1)",FP32,6699220992,136.27790059132772,0.0001685619354248047,0.012935161590576172,517.9077930406895,511.24559967303304
*** input parameters ***
  einsum_str: iaje,bf,dcba,cigj,dh->hgfei
  dim_sizes:  24,48,12,56,32,64,8,84,8,72
  cont_path:  (1,2),(2,3),(0,1),(0,1)
  backend:    torch
  dtype:      FP32
*** benchmarking opt_einsum expression ***
  #flops :          6699220992
  #bytes :          49158528
  arith. intensity: 136.28
  time (eval):      0.009550
  time (compile):   0.000170
  gflops (eval):    701.46
  gflops (total):   689.18
CSV_DATA: opt_einsum,torch,"iaje,bf,dcba,cigj,dh->hgfei","24,48,12,56,32,64,8,84,8,72","(1,2),(2,3),(0,1),(0,1)",FP32,6699220992,136.27790059132772,0.00017023086547851562,0.009550333023071289,701.4646479673856,689.180285095523
*** input parameters ***
  einsum_str: iaje,bf,dcba,cigj,dh->hgfei
  dim_sizes:  24,48,12,56,32,64,8,84,8,72
  cont_path:  (1,2),(2,3),(0,1),(0,1)
  backend:    torch
  dtype:      FP32
*** benchmarking opt_einsum expression ***
  #flops :          6699220992
  #bytes :          49158528
  arith. intensity: 136.28
  time (eval):      0.012168
  time (compile):   0.000173
  gflops (eval):    550.54
  gflops (total):   542.82
CSV_DATA: opt_einsum,torch,"iaje,bf,dcba,cigj,dh->hgfei","24,48,12,56,32,64,8,84,8,72","(1,2),(2,3),(0,1),(0,1)",FP32,6699220992,136.27790059132772,0.00017309188842773438,0.012168407440185547,550.5421333835488,542.8206746702258
*** input parameters ***
  einsum_str: iaje,bf,dcba,cigj,dh->hgfei
  dim_sizes:  24,48,12,56,32,64,8,84,8,72
  cont_path:  (1,2),(2,3),(0,1),(0,1)
  backend:    torch
  dtype:      FP32
*** benchmarking opt_einsum expression ***
  #flops :          6699220992
  #bytes :          49158528
  arith. intensity: 136.28
  time (eval):      0.009860
  time (compile):   0.000166
  gflops (eval):    679.43
  gflops (total):   668.15
CSV_DATA: opt_einsum,torch,"iaje,bf,dcba,cigj,dh->hgfei","24,48,12,56,32,64,8,84,8,72","(1,2),(2,3),(0,1),(0,1)",FP32,6699220992,136.27790059132772,0.00016641616821289062,0.009860038757324219,679.4315070033265,668.1545014417076
*** input parameters ***
  einsum_str: iaje,bf,dcba,cigj,dh->hgfei
  dim_sizes:  24,48,12,56,32,64,8,84,8,72
  cont_path:  (1,2),(2,3),(0,1),(0,1)
  backend:    torch
  dtype:      FP32
*** benchmarking opt_einsum expression ***
  #flops :          6699220992
  #bytes :          49158528
  arith. intensity: 136.28
  time (eval):      0.013613
  time (compile):   0.000168
  gflops (eval):    492.14
  gflops (total):   486.13
CSV_DATA: opt_einsum,torch,"iaje,bf,dcba,cigj,dh->hgfei","24,48,12,56,32,64,8,84,8,72","(1,2),(2,3),(0,1),(0,1)",FP32,6699220992,136.27790059132772,0.00016808509826660156,0.013612508773803711,492.13712940939786,486.1344187479164
*** input parameters ***
  einsum_str: iaje,bf,dcba,cigj,dh->hgfei
  dim_sizes:  24,48,12,56,32,64,8,84,8,72
  cont_path:  (1,2),(2,3),(0,1),(0,1)
  backend:    torch
  dtype:      FP32
*** benchmarking opt_einsum expression ***
  #flops :          6699220992
  #bytes :          49158528
  arith. intensity: 136.28
  time (eval):      0.009226
  time (compile):   0.000161
  gflops (eval):    726.10
  gflops (total):   713.61
CSV_DATA: opt_einsum,torch,"iaje,bf,dcba,cigj,dh->hgfei","24,48,12,56,32,64,8,84,8,72","(1,2),(2,3),(0,1),(0,1)",FP32,6699220992,136.27790059132772,0.0001614093780517578,0.009226322174072266,726.0987493831611,713.6144610445605
*** input parameters ***
  einsum_str: iaje,bf,dcba,cigj,dh->hgfei
  dim_sizes:  24,48,12,56,32,64,8,84,8,72
  cont_path:  (1,2),(2,3),(0,1),(0,1)
  backend:    torch
  dtype:      FP32
*** benchmarking opt_einsum expression ***
  #flops :          6699220992
  #bytes :          49158528
  arith. intensity: 136.28
  time (eval):      0.013885
  time (compile):   0.000163
  gflops (eval):    482.48
  gflops (total):   476.89
CSV_DATA: opt_einsum,torch,"iaje,bf,dcba,cigj,dh->hgfei","24,48,12,56,32,64,8,84,8,72","(1,2),(2,3),(0,1),(0,1)",FP32,6699220992,136.27790059132772,0.00016260147094726562,0.013885021209716797,482.47826854681773,476.8935743996872
*** input parameters ***
  einsum_str: iaje,bf,dcba,cigj,dh->hgfei
  dim_sizes:  24,48,12,56,32,64,8,84,8,72
  cont_path:  (1,2),(2,3),(0,1),(0,1)
  backend:    torch
  dtype:      FP32
*** benchmarking opt_einsum expression ***
  #flops :          6699220992
  #bytes :          49158528
  arith. intensity: 136.28
  time (eval):      0.009440
  time (compile):   0.000174
  gflops (eval):    709.67
  gflops (total):   696.85
CSV_DATA: opt_einsum,torch,"iaje,bf,dcba,cigj,dh->hgfei","24,48,12,56,32,64,8,84,8,72","(1,2),(2,3),(0,1),(0,1)",FP32,6699220992,136.27790059132772,0.0001735687255859375,0.009439945220947266,709.6673587823805,696.8545559156186
*** input parameters ***
  einsum_str: iaje,bf,dcba,cigj,dh->hgfei
  dim_sizes:  24,48,12,56,32,64,8,84,8,72
  cont_path:  (1,2),(2,3),(0,1),(0,1)
  backend:    torch
  dtype:      FP32
*** benchmarking opt_einsum expression ***
  #flops :          6699220992
  #bytes :          49158528
  arith. intensity: 136.28
  time (eval):      0.013942
  time (compile):   0.000163
  gflops (eval):    480.51
  gflops (total):   474.97
CSV_DATA: opt_einsum,torch,"iaje,bf,dcba,cigj,dh->hgfei","24,48,12,56,32,64,8,84,8,72","(1,2),(2,3),(0,1),(0,1)",FP32,6699220992,136.27790059132772,0.0001628398895263672,0.013941764831542969,480.5145598814825,474.9669433835861
*** input parameters ***
  einsum_str: iaje,bf,dcba,cigj,dh->hgfei
  dim_sizes:  24,48,12,56,32,64,8,84,8,72
  cont_path:  (1,2),(2,3),(0,1),(0,1)
  backend:    torch
  dtype:      FP32
*** benchmarking opt_einsum expression ***
  #flops :          6699220992
  #bytes :          49158528
  arith. intensity: 136.28
  time (eval):      0.013989
  time (compile):   0.000165
  gflops (eval):    478.89
  gflops (total):   473.31
CSV_DATA: opt_einsum,torch,"iaje,bf,dcba,cigj,dh->hgfei","24,48,12,56,32,64,8,84,8,72","(1,2),(2,3),(0,1),(0,1)",FP32,6699220992,136.27790059132772,0.00016498565673828125,0.013988971710205078,478.89302593362595,473.3108075940702
*** input parameters ***
  einsum_str: iaje,bf,dcba,cigj,dh->hgfei
  dim_sizes:  24,48,12,56,32,64,8,84,8,72
  cont_path:  (1,2),(2,3),(0,1),(0,1)
  backend:    torch
  dtype:      FP32
*** benchmarking opt_einsum expression ***
  #flops :          6699220992
  #bytes :          49158528
  arith. intensity: 136.28
  time (eval):      0.009149
  time (compile):   0.000162
  gflops (eval):    732.21
  gflops (total):   719.50
CSV_DATA: opt_einsum,torch,"iaje,bf,dcba,cigj,dh->hgfei","24,48,12,56,32,64,8,84,8,72","(1,2),(2,3),(0,1),(0,1)",FP32,6699220992,136.27790059132772,0.00016164779663085938,0.009149312973022461,732.2102776190117,719.498358733761
*** input parameters ***
  einsum_str: iaje,bf,dcba,cigj,dh->hgfei
  dim_sizes:  24,48,12,56,32,64,8,84,8,72
  cont_path:  (1,2),(2,3),(0,1),(0,1)
  backend:    torch
  dtype:      FP32
*** benchmarking opt_einsum expression ***
  #flops :          6699220992
  #bytes :          49158528
  arith. intensity: 136.28
  time (eval):      0.013006
  time (compile):   0.000167
  gflops (eval):    515.10
  gflops (total):   508.57
CSV_DATA: opt_einsum,torch,"iaje,bf,dcba,cigj,dh->hgfei","24,48,12,56,32,64,8,84,8,72","(1,2),(2,3),(0,1),(0,1)",FP32,6699220992,136.27790059132772,0.00016689300537109375,0.013005733489990234,515.097514273686,508.5713919208972
*** input parameters ***
  einsum_str: iaje,bf,dcba,cigj,dh->hgfei
  dim_sizes:  24,48,12,56,32,64,8,84,8,72
  cont_path:  (1,2),(2,3),(0,1),(0,1)
  backend:    torch
  dtype:      FP32
*** benchmarking opt_einsum expression ***
  #flops :          6699220992
  #bytes :          49158528
  arith. intensity: 136.28
  time (eval):      0.013399
  time (compile):   0.000164
  gflops (eval):    499.98
  gflops (total):   493.95
CSV_DATA: opt_einsum,torch,"iaje,bf,dcba,cigj,dh->hgfei","24,48,12,56,32,64,8,84,8,72","(1,2),(2,3),(0,1),(0,1)",FP32,6699220992,136.27790059132772,0.00016379356384277344,0.013398885726928711,499.98344105107867,493.94524845532413
*** input parameters ***
  einsum_str: iaje,bf,dcba,cigj,dh->hgfei
  dim_sizes:  24,48,12,56,32,64,8,84,8,72
  cont_path:  (1,2),(2,3),(0,1),(0,1)
  backend:    torch
  dtype:      FP32
*** benchmarking opt_einsum expression ***
  #flops :          6699220992
  #bytes :          49158528
  arith. intensity: 136.28
  time (eval):      0.013768
  time (compile):   0.000169
  gflops (eval):    486.58
  gflops (total):   480.67
CSV_DATA: opt_einsum,torch,"iaje,bf,dcba,cigj,dh->hgfei","24,48,12,56,32,64,8,84,8,72","(1,2),(2,3),(0,1),(0,1)",FP32,6699220992,136.27790059132772,0.00016927719116210938,0.01376795768737793,486.5805912623958,480.670739237894
*** input parameters ***
  einsum_str: iaje,bf,dcba,cigj,dh->hgfei
  dim_sizes:  24,48,12,56,32,64,8,84,8,72
  cont_path:  (1,2),(2,3),(0,1),(0,1)
  backend:    torch
  dtype:      FP32
*** benchmarking opt_einsum expression ***
  #flops :          6699220992
  #bytes :          49158528
  arith. intensity: 136.28
  time (eval):      0.009616
  time (compile):   0.000165
  gflops (eval):    696.66
  gflops (total):   684.88
CSV_DATA: opt_einsum,torch,"iaje,bf,dcba,cigj,dh->hgfei","24,48,12,56,32,64,8,84,8,72","(1,2),(2,3),(0,1),(0,1)",FP32,6699220992,136.27790059132772,0.00016546249389648438,0.00961613655090332,696.6645031024117,684.8799425653733
*** input parameters ***
  einsum_str: iaje,bf,dcba,cigj,dh->hgfei
  dim_sizes:  24,48,12,56,32,64,8,84,8,72
  cont_path:  (1,2),(2,3),(0,1),(0,1)
  backend:    torch
  dtype:      FP32
*** benchmarking opt_einsum expression ***
  #flops :          6699220992
  #bytes :          49158528
  arith. intensity: 136.28
  time (eval):      0.009589
  time (compile):   0.000165
  gflops (eval):    698.64
  gflops (total):   686.84
CSV_DATA: opt_einsum,torch,"iaje,bf,dcba,cigj,dh->hgfei","24,48,12,56,32,64,8,84,8,72","(1,2),(2,3),(0,1),(0,1)",FP32,6699220992,136.27790059132772,0.0001647472381591797,0.009588956832885742,698.6391855498538,686.8386556741523
*** input parameters ***
  einsum_str: iaje,bf,dcba,cigj,dh->hgfei
  dim_sizes:  24,48,12,56,32,64,8,84,8,72
  cont_path:  (1,2),(2,3),(0,1),(0,1)
  backend:    torch
  dtype:      FP32
*** benchmarking opt_einsum expression ***
  #flops :          6699220992
  #bytes :          49158528
  arith. intensity: 136.28
  time (eval):      0.012931
  time (compile):   0.000165
  gflops (eval):    518.08
  gflops (total):   511.55
CSV_DATA: opt_einsum,torch,"iaje,bf,dcba,cigj,dh->hgfei","24,48,12,56,32,64,8,84,8,72","(1,2),(2,3),(0,1),(0,1)",FP32,6699220992,136.27790059132772,0.00016498565673828125,0.012930870056152344,518.0796777717673,511.55274911938477
*** input parameters ***
  einsum_str: iaje,bf,dcba,cigj,dh->hgfei
  dim_sizes:  24,48,12,56,32,64,8,84,8,72
  cont_path:  (1,2),(2,3),(0,1),(0,1)
  backend:    torch
  dtype:      FP32
*** benchmarking opt_einsum expression ***
  #flops :          6699220992
  #bytes :          49158528
  arith. intensity: 136.28
  time (eval):      0.008455
  time (compile):   0.000157
  gflops (eval):    792.31
  gflops (total):   777.90
CSV_DATA: opt_einsum,torch,"iaje,bf,dcba,cigj,dh->hgfei","24,48,12,56,32,64,8,84,8,72","(1,2),(2,3),(0,1),(0,1)",FP32,6699220992,136.27790059132772,0.00015664100646972656,0.008455276489257812,792.3124690849755,777.9012043860793
*** input parameters ***
  einsum_str: iaje,bf,dcba,cigj,dh->hgfei
  dim_sizes:  24,48,12,56,32,64,8,84,8,72
  cont_path:  (1,2),(2,3),(0,1),(0,1)
  backend:    torch
  dtype:      FP32
*** benchmarking opt_einsum expression ***
  #flops :          6699220992
  #bytes :          49158528
  arith. intensity: 136.28
  time (eval):      0.009211
  time (compile):   0.000170
  gflops (eval):    727.32
  gflops (total):   714.18
CSV_DATA: opt_einsum,torch,"iaje,bf,dcba,cigj,dh->hgfei","24,48,12,56,32,64,8,84,8,72","(1,2),(2,3),(0,1),(0,1)",FP32,6699220992,136.27790059132772,0.00016951560974121094,0.009210824966430664,727.3204101061158,714.1767335204751
*** input parameters ***
  einsum_str: iaje,bf,dcba,cigj,dh->hgfei
  dim_sizes:  24,48,12,56,32,64,8,84,8,72
  cont_path:  (1,2),(2,3),(0,1),(0,1)
  backend:    torch
  dtype:      FP32
*** benchmarking opt_einsum expression ***
  #flops :          6699220992
  #bytes :          49158528
  arith. intensity: 136.28
  time (eval):      0.014243
  time (compile):   0.000170
  gflops (eval):    470.36
  gflops (total):   464.82
CSV_DATA: opt_einsum,torch,"iaje,bf,dcba,cigj,dh->hgfei","24,48,12,56,32,64,8,84,8,72","(1,2),(2,3),(0,1),(0,1)",FP32,6699220992,136.27790059132772,0.00016951560974121094,0.014242887496948242,470.35553664489817,464.82331519651893
*** input parameters ***
  einsum_str: iaje,bf,dcba,cigj,dh->hgfei
  dim_sizes:  24,48,12,56,32,64,8,84,8,72
  cont_path:  (1,2),(2,3),(0,1),(0,1)
  backend:    torch
  dtype:      FP32
*** benchmarking opt_einsum expression ***
  #flops :          6699220992
  #bytes :          49158528
  arith. intensity: 136.28
  time (eval):      0.009186
  time (compile):   0.000169
  gflops (eval):    729.26
  gflops (total):   716.12
CSV_DATA: opt_einsum,torch,"iaje,bf,dcba,cigj,dh->hgfei","24,48,12,56,32,64,8,84,8,72","(1,2),(2,3),(0,1),(0,1)",FP32,6699220992,136.27790059132772,0.0001685619354248047,0.009186267852783203,729.2647133046864,716.1243062321169
*** input parameters ***
  einsum_str: iaje,bf,dcba,cigj,dh->hgfei
  dim_sizes:  24,48,12,56,32,64,8,84,8,72
  cont_path:  (1,2),(2,3),(0,1),(0,1)
  backend:    torch
  dtype:      FP32
*** benchmarking opt_einsum expression ***
  #flops :          6699220992
  #bytes :          49158528
  arith. intensity: 136.28
  time (eval):      0.008614
  time (compile):   0.000166
  gflops (eval):    777.73
  gflops (total):   763.05
CSV_DATA: opt_einsum,torch,"iaje,bf,dcba,cigj,dh->hgfei","24,48,12,56,32,64,8,84,8,72","(1,2),(2,3),(0,1),(0,1)",FP32,6699220992,136.27790059132772,0.00016570091247558594,0.008613824844360352,777.7289546798852,763.0504400290455
*** input parameters ***
  einsum_str: iaje,bf,dcba,cigj,dh->hgfei
  dim_sizes:  24,48,12,56,32,64,8,84,8,72
  cont_path:  (1,2),(2,3),(0,1),(0,1)
  backend:    torch
  dtype:      FP32
*** benchmarking opt_einsum expression ***
  #flops :          6699220992
  #bytes :          49158528
  arith. intensity: 136.28
  time (eval):      0.013496
  time (compile):   0.000161
  gflops (eval):    496.40
  gflops (total):   490.55
CSV_DATA: opt_einsum,torch,"iaje,bf,dcba,cigj,dh->hgfei","24,48,12,56,32,64,8,84,8,72","(1,2),(2,3),(0,1),(0,1)",FP32,6699220992,136.27790059132772,0.0001609325408935547,0.013495683670043945,496.3973041891983,490.5476502030302
*** input parameters ***
  einsum_str: iaje,bf,dcba,cigj,dh->hgfei
  dim_sizes:  24,48,12,56,32,64,8,84,8,72
  cont_path:  (1,2),(2,3),(0,1),(0,1)
  backend:    torch
  dtype:      FP32
*** benchmarking opt_einsum expression ***
  #flops :          6699220992
  #bytes :          49158528
  arith. intensity: 136.28
  time (eval):      0.009015
  time (compile):   0.000160
  gflops (eval):    743.15
  gflops (total):   730.17
CSV_DATA: opt_einsum,torch,"iaje,bf,dcba,cigj,dh->hgfei","24,48,12,56,32,64,8,84,8,72","(1,2),(2,3),(0,1),(0,1)",FP32,6699220992,136.27790059132772,0.00016021728515625,0.009014606475830078,743.1517959172063,730.1743517392435
*** input parameters ***
  einsum_str: iaje,bf,dcba,cigj,dh->hgfei
  dim_sizes:  24,48,12,56,32,64,8,84,8,72
  cont_path:  (1,2),(2,3),(0,1),(0,1)
  backend:    torch
  dtype:      FP32
*** benchmarking opt_einsum expression ***
  #flops :          6699220992
  #bytes :          49158528
  arith. intensity: 136.28
  time (eval):      0.009322
  time (compile):   0.000170
  gflops (eval):    718.62
  gflops (total):   705.76
CSV_DATA: opt_einsum,torch,"iaje,bf,dcba,cigj,dh->hgfei","24,48,12,56,32,64,8,84,8,72","(1,2),(2,3),(0,1),(0,1)",FP32,6699220992,136.27790059132772,0.0001697540283203125,0.009322404861450195,718.6151096808156,705.7636802961235
*** input parameters ***
  einsum_str: iaje,bf,dcba,cigj,dh->hgfei
  dim_sizes:  24,48,12,56,32,64,8,84,8,72
  cont_path:  (1,2),(2,3),(0,1),(0,1)
  backend:    torch
  dtype:      FP32
*** benchmarking opt_einsum expression ***
  #flops :          6699220992
  #bytes :          49158528
  arith. intensity: 136.28
  time (eval):      0.013922
  time (compile):   0.000169
  gflops (eval):    481.20
  gflops (total):   475.42
CSV_DATA: opt_einsum,torch,"iaje,bf,dcba,cigj,dh->hgfei","24,48,12,56,32,64,8,84,8,72","(1,2),(2,3),(0,1),(0,1)",FP32,6699220992,136.27790059132772,0.00016927719116210938,0.013921976089477539,481.19756483875756,475.41697381908824
*** input parameters ***
  einsum_str: iaje,bf,dcba,cigj,dh->hgfei
  dim_sizes:  24,48,12,56,32,64,8,84,8,72
  cont_path:  (1,2),(2,3),(0,1),(0,1)
  backend:    torch
  dtype:      FP32
*** benchmarking opt_einsum expression ***
  #flops :          6699220992
  #bytes :          49158528
  arith. intensity: 136.28
  time (eval):      0.012750
  time (compile):   0.000168
  gflops (eval):    525.43
  gflops (total):   518.59
CSV_DATA: opt_einsum,torch,"iaje,bf,dcba,cigj,dh->hgfei","24,48,12,56,32,64,8,84,8,72","(1,2),(2,3),(0,1),(0,1)",FP32,6699220992,136.27790059132772,0.00016832351684570312,0.012749910354614258,525.4327917353174,518.5864460002135
*** input parameters ***
  einsum_str: iaje,bf,dcba,cigj,dh->hgfei
  dim_sizes:  24,48,12,56,32,64,8,84,8,72
  cont_path:  (1,2),(2,3),(0,1),(0,1)
  backend:    torch
  dtype:      FP32
*** benchmarking opt_einsum expression ***
  #flops :          6699220992
  #bytes :          49158528
  arith. intensity: 136.28
  time (eval):      0.009360
  time (compile):   0.000167
  gflops (eval):    715.72
  gflops (total):   703.20
CSV_DATA: opt_einsum,torch,"iaje,bf,dcba,cigj,dh->hgfei","24,48,12,56,32,64,8,84,8,72","(1,2),(2,3),(0,1),(0,1)",FP32,6699220992,136.27790059132772,0.0001666545867919922,0.009360074996948242,715.7230037349287,703.2025978184487
*** input parameters ***
  einsum_str: iaje,bf,dcba,cigj,dh->hgfei
  dim_sizes:  24,48,12,56,32,64,8,84,8,72
  cont_path:  (1,2),(2,3),(0,1),(0,1)
  backend:    torch
  dtype:      FP32
*** benchmarking opt_einsum expression ***
  #flops :          6699220992
  #bytes :          49158528
  arith. intensity: 136.28
  time (eval):      0.009425
  time (compile):   0.000165
  gflops (eval):    710.82
  gflops (total):   698.59
CSV_DATA: opt_einsum,torch,"iaje,bf,dcba,cigj,dh->hgfei","24,48,12,56,32,64,8,84,8,72","(1,2),(2,3),(0,1),(0,1)",FP32,6699220992,136.27790059132772,0.00016498565673828125,0.009424686431884766,710.8163269321925,698.5870768144192
*** input parameters ***
  einsum_str: iaje,bf,dcba,cigj,dh->hgfei
  dim_sizes:  24,48,12,56,32,64,8,84,8,72
  cont_path:  (1,2),(2,3),(0,1),(0,1)
  backend:    torch
  dtype:      FP32
*** benchmarking opt_einsum expression ***
  #flops :          6699220992
  #bytes :          49158528
  arith. intensity: 136.28
  time (eval):      0.009983
  time (compile):   0.000161
  gflops (eval):    671.09
  gflops (total):   660.44
CSV_DATA: opt_einsum,torch,"iaje,bf,dcba,cigj,dh->hgfei","24,48,12,56,32,64,8,84,8,72","(1,2),(2,3),(0,1),(0,1)",FP32,6699220992,136.27790059132772,0.0001609325408935547,0.009982585906982422,671.0907428619435,660.4435163621946
*** input parameters ***
  einsum_str: iaje,bf,dcba,cigj,dh->hgfei
  dim_sizes:  24,48,12,56,32,64,8,84,8,72
  cont_path:  (1,2),(2,3),(0,1),(0,1)
  backend:    torch
  dtype:      FP32
*** benchmarking opt_einsum expression ***
  #flops :          6699220992
  #bytes :          49158528
  arith. intensity: 136.28
  time (eval):      0.013319
  time (compile):   0.000165
  gflops (eval):    502.96
  gflops (total):   496.82
CSV_DATA: opt_einsum,torch,"iaje,bf,dcba,cigj,dh->hgfei","24,48,12,56,32,64,8,84,8,72","(1,2),(2,3),(0,1),(0,1)",FP32,6699220992,136.27790059132772,0.0001647472381591797,0.01331949234008789,502.9636881758059,496.8185972316348
*** input parameters ***
  einsum_str: iaje,bf,dcba,cigj,dh->hgfei
  dim_sizes:  24,48,12,56,32,64,8,84,8,72
  cont_path:  (1,2),(2,3),(0,1),(0,1)
  backend:    torch
  dtype:      FP32
*** benchmarking opt_einsum expression ***
  #flops :          6699220992
  #bytes :          49158528
  arith. intensity: 136.28
  time (eval):      0.008804
  time (compile):   0.000172
  gflops (eval):    760.94
  gflops (total):   746.39
CSV_DATA: opt_einsum,torch,"iaje,bf,dcba,cigj,dh->hgfei","24,48,12,56,32,64,8,84,8,72","(1,2),(2,3),(0,1),(0,1)",FP32,6699220992,136.27790059132772,0.000171661376953125,0.008803844451904297,760.9426800527967,746.3892419813411
*** input parameters ***
  einsum_str: iaje,bf,dcba,cigj,dh->hgfei
  dim_sizes:  24,48,12,56,32,64,8,84,8,72
  cont_path:  (1,2),(2,3),(0,1),(0,1)
  backend:    torch
  dtype:      FP32
*** benchmarking opt_einsum expression ***
  #flops :          6699220992
  #bytes :          49158528
  arith. intensity: 136.28
  time (eval):      0.008815
  time (compile):   0.000170
  gflops (eval):    759.95
  gflops (total):   745.56
CSV_DATA: opt_einsum,torch,"iaje,bf,dcba,cigj,dh->hgfei","24,48,12,56,32,64,8,84,8,72","(1,2),(2,3),(0,1),(0,1)",FP32,6699220992,136.27790059132772,0.00017023086547851562,0.008815288543701172,759.9548169965265,745.5574560504556
*** input parameters ***
  einsum_str: iaje,bf,dcba,cigj,dh->hgfei
  dim_sizes:  24,48,12,56,32,64,8,84,8,72
  cont_path:  (1,2),(2,3),(0,1),(0,1)
  backend:    torch
  dtype:      FP32
*** benchmarking opt_einsum expression ***
  #flops :          6699220992
  #bytes :          49158528
  arith. intensity: 136.28
  time (eval):      0.009052
  time (compile):   0.000164
  gflops (eval):    740.06
  gflops (total):   726.93
CSV_DATA: opt_einsum,torch,"iaje,bf,dcba,cigj,dh->hgfei","24,48,12,56,32,64,8,84,8,72","(1,2),(2,3),(0,1),(0,1)",FP32,6699220992,136.27790059132772,0.00016355514526367188,0.009052276611328125,740.0592447226499,726.9252704410816
*** input parameters ***
  einsum_str: iaje,bf,dcba,cigj,dh->hgfei
  dim_sizes:  24,48,12,56,32,64,8,84,8,72
  cont_path:  (1,2),(2,3),(0,1),(0,1)
  backend:    torch
  dtype:      FP32
*** benchmarking opt_einsum expression ***
  #flops :          6699220992
  #bytes :          49158528
  arith. intensity: 136.28
  time (eval):      0.008996
  time (compile):   0.000187
  gflops (eval):    744.69
  gflops (total):   729.55
CSV_DATA: opt_einsum,torch,"iaje,bf,dcba,cigj,dh->hgfei","24,48,12,56,32,64,8,84,8,72","(1,2),(2,3),(0,1),(0,1)",FP32,6699220992,136.27790059132772,0.00018668174743652344,0.008996009826660156,744.688047377016,729.5487317572263
*** input parameters ***
  einsum_str: iaje,bf,dcba,cigj,dh->hgfei
  dim_sizes:  24,48,12,56,32,64,8,84,8,72
  cont_path:  (1,2),(2,3),(0,1),(0,1)
  backend:    torch
  dtype:      FP32
*** benchmarking opt_einsum expression ***
  #flops :          6699220992
  #bytes :          49158528
  arith. intensity: 136.28
  time (eval):      0.008112
  time (compile):   0.000168
  gflops (eval):    825.87
  gflops (total):   809.15
CSV_DATA: opt_einsum,torch,"iaje,bf,dcba,cigj,dh->hgfei","24,48,12,56,32,64,8,84,8,72","(1,2),(2,3),(0,1),(0,1)",FP32,6699220992,136.27790059132772,0.00016760826110839844,0.008111715316772461,825.8698352182221,809.1507632214931
*** input parameters ***
  einsum_str: iaje,bf,dcba,cigj,dh->hgfei
  dim_sizes:  24,48,12,56,32,64,8,84,8,72
  cont_path:  (1,2),(2,3),(0,1),(0,1)
  backend:    torch
  dtype:      FP32
*** benchmarking opt_einsum expression ***
  #flops :          6699220992
  #bytes :          49158528
  arith. intensity: 136.28
  time (eval):      0.012883
  time (compile):   0.000162
  gflops (eval):    520.01
  gflops (total):   513.56
CSV_DATA: opt_einsum,torch,"iaje,bf,dcba,cigj,dh->hgfei","24,48,12,56,32,64,8,84,8,72","(1,2),(2,3),(0,1),(0,1)",FP32,6699220992,136.27790059132772,0.00016164779663085938,0.01288294792175293,520.0068363769699,513.562944887496
*** input parameters ***
  einsum_str: iaje,bf,dcba,cigj,dh->hgfei
  dim_sizes:  24,48,12,56,32,64,8,84,8,72
  cont_path:  (1,2),(2,3),(0,1),(0,1)
  backend:    torch
  dtype:      FP32
*** benchmarking opt_einsum expression ***
  #flops :          6699220992
  #bytes :          49158528
  arith. intensity: 136.28
  time (eval):      0.013875
  time (compile):   0.000162
  gflops (eval):    482.83
  gflops (total):   477.26
CSV_DATA: opt_einsum,torch,"iaje,bf,dcba,cigj,dh->hgfei","24,48,12,56,32,64,8,84,8,72","(1,2),(2,3),(0,1),(0,1)",FP32,6699220992,136.27790059132772,0.00016188621520996094,0.013875007629394531,482.8264726721694,477.25807904254043
*** input parameters ***
  einsum_str: iaje,bf,dcba,cigj,dh->hgfei
  dim_sizes:  24,48,12,56,32,64,8,84,8,72
  cont_path:  (1,2),(2,3),(0,1),(0,1)
  backend:    torch
  dtype:      FP32
*** benchmarking opt_einsum expression ***
  #flops :          6699220992
  #bytes :          49158528
  arith. intensity: 136.28
  time (eval):      0.009310
  time (compile):   0.000164
  gflops (eval):    719.54
  gflops (total):   707.10
CSV_DATA: opt_einsum,torch,"iaje,bf,dcba,cigj,dh->hgfei","24,48,12,56,32,64,8,84,8,72","(1,2),(2,3),(0,1),(0,1)",FP32,6699220992,136.27790059132772,0.00016379356384277344,0.009310483932495117,719.5352078981223,707.0957120043679
*** input parameters ***
  einsum_str: iaje,bf,dcba,cigj,dh->hgfei
  dim_sizes:  24,48,12,56,32,64,8,84,8,72
  cont_path:  (1,2),(2,3),(0,1),(0,1)
  backend:    torch
  dtype:      FP32
*** benchmarking opt_einsum expression ***
  #flops :          6699220992
  #bytes :          49158528
  arith. intensity: 136.28
  time (eval):      0.013729
  time (compile):   0.000167
  gflops (eval):    487.95
  gflops (total):   482.09
CSV_DATA: opt_einsum,torch,"iaje,bf,dcba,cigj,dh->hgfei","24,48,12,56,32,64,8,84,8,72","(1,2),(2,3),(0,1),(0,1)",FP32,6699220992,136.27790059132772,0.00016689300537109375,0.013729333877563477,487.94945565042235,482.08920654764637
*** input parameters ***
  einsum_str: iaje,bf,dcba,cigj,dh->hgfei
  dim_sizes:  24,48,12,56,32,64,8,84,8,72
  cont_path:  (1,2),(2,3),(0,1),(0,1)
  backend:    torch
  dtype:      FP32
*** benchmarking opt_einsum expression ***
  #flops :          6699220992
  #bytes :          49158528
  arith. intensity: 136.28
  time (eval):      0.008796
  time (compile):   0.000164
  gflops (eval):    761.60
  gflops (total):   747.66
CSV_DATA: opt_einsum,torch,"iaje,bf,dcba,cigj,dh->hgfei","24,48,12,56,32,64,8,84,8,72","(1,2),(2,3),(0,1),(0,1)",FP32,6699220992,136.27790059132772,0.000164031982421875,0.008796215057373047,761.6026834615268,747.6603002402632
*** input parameters ***
  einsum_str: iaje,bf,dcba,cigj,dh->hgfei
  dim_sizes:  24,48,12,56,32,64,8,84,8,72
  cont_path:  (1,2),(2,3),(0,1),(0,1)
  backend:    torch
  dtype:      FP32
*** benchmarking opt_einsum expression ***
  #flops :          6699220992
  #bytes :          49158528
  arith. intensity: 136.28
  time (eval):      0.009364
  time (compile):   0.000172
  gflops (eval):    715.41
  gflops (total):   702.48
CSV_DATA: opt_einsum,torch,"iaje,bf,dcba,cigj,dh->hgfei","24,48,12,56,32,64,8,84,8,72","(1,2),(2,3),(0,1),(0,1)",FP32,6699220992,136.27790059132772,0.0001723766326904297,0.009364128112792969,715.4132142690083,702.4817971356676
*** input parameters ***
  einsum_str: iaje,bf,dcba,cigj,dh->hgfei
  dim_sizes:  24,48,12,56,32,64,8,84,8,72
  cont_path:  (1,2),(2,3),(0,1),(0,1)
  backend:    torch
  dtype:      FP32
*** benchmarking opt_einsum expression ***
  #flops :          6699220992
  #bytes :          49158528
  arith. intensity: 136.28
  time (eval):      0.009593
  time (compile):   0.000159
  gflops (eval):    698.31
  gflops (total):   686.96
CSV_DATA: opt_einsum,torch,"iaje,bf,dcba,cigj,dh->hgfei","24,48,12,56,32,64,8,84,8,72","(1,2),(2,3),(0,1),(0,1)",FP32,6699220992,136.27790059132772,0.00015854835510253906,0.009593486785888672,698.309294786758,686.9561989005591
*** input parameters ***
  einsum_str: iaje,bf,dcba,cigj,dh->hgfei
  dim_sizes:  24,48,12,56,32,64,8,84,8,72
  cont_path:  (1,2),(2,3),(0,1),(0,1)
  backend:    torch
  dtype:      FP32
*** benchmarking opt_einsum expression ***
  #flops :          6699220992
  #bytes :          49158528
  arith. intensity: 136.28
  time (eval):      0.012933
  time (compile):   0.000167
  gflops (eval):    517.99
  gflops (total):   511.39
CSV_DATA: opt_einsum,torch,"iaje,bf,dcba,cigj,dh->hgfei","24,48,12,56,32,64,8,84,8,72","(1,2),(2,3),(0,1),(0,1)",FP32,6699220992,136.27790059132772,0.00016689300537109375,0.012933015823364258,517.9937211471946,511.3944745405327
*** input parameters ***
  einsum_str: iaje,bf,dcba,cigj,dh->hgfei
  dim_sizes:  24,48,12,56,32,64,8,84,8,72
  cont_path:  (1,2),(2,3),(0,1),(0,1)
  backend:    torch
  dtype:      FP32
*** benchmarking opt_einsum expression ***
  #flops :          6699220992
  #bytes :          49158528
  arith. intensity: 136.28
  time (eval):      0.012838
  time (compile):   0.000166
  gflops (eval):    521.84
  gflops (total):   515.16
CSV_DATA: opt_einsum,torch,"iaje,bf,dcba,cigj,dh->hgfei","24,48,12,56,32,64,8,84,8,72","(1,2),(2,3),(0,1),(0,1)",FP32,6699220992,136.27790059132772,0.00016641616821289062,0.012837648391723633,521.8417569621984,515.1636214295064
*** input parameters ***
  einsum_str: iaje,bf,dcba,cigj,dh->hgfei
  dim_sizes:  24,48,12,56,32,64,8,84,8,72
  cont_path:  (1,2),(2,3),(0,1),(0,1)
  backend:    torch
  dtype:      FP32
*** benchmarking opt_einsum expression ***
  #flops :          6699220992
  #bytes :          49158528
  arith. intensity: 136.28
  time (eval):      0.012721
  time (compile):   0.000165
  gflops (eval):    526.62
  gflops (total):   519.86
CSV_DATA: opt_einsum,torch,"iaje,bf,dcba,cigj,dh->hgfei","24,48,12,56,32,64,8,84,8,72","(1,2),(2,3),(0,1),(0,1)",FP32,6699220992,136.27790059132772,0.00016546249389648438,0.012721061706542969,526.6243609646444,519.8625236564213
*** input parameters ***
  einsum_str: iaje,bf,dcba,cigj,dh->hgfei
  dim_sizes:  24,48,12,56,32,64,8,84,8,72
  cont_path:  (1,2),(2,3),(0,1),(0,1)
  backend:    torch
  dtype:      FP32
*** benchmarking opt_einsum expression ***
  #flops :          6699220992
  #bytes :          49158528
  arith. intensity: 136.28
  time (eval):      0.009562
  time (compile):   0.000164
  gflops (eval):    700.64
  gflops (total):   688.83
CSV_DATA: opt_einsum,torch,"iaje,bf,dcba,cigj,dh->hgfei","24,48,12,56,32,64,8,84,8,72","(1,2),(2,3),(0,1),(0,1)",FP32,6699220992,136.27790059132772,0.000164031982421875,0.009561538696289062,700.6425644232388,688.8254903811917
*** input parameters ***
  einsum_str: iaje,bf,dcba,cigj,dh->hgfei
  dim_sizes:  24,48,12,56,32,64,8,84,8,72
  cont_path:  (1,2),(2,3),(0,1),(0,1)
  backend:    torch
  dtype:      FP32
*** benchmarking opt_einsum expression ***
  #flops :          6699220992
  #bytes :          49158528
  arith. intensity: 136.28
  time (eval):      0.013131
  time (compile):   0.000164
  gflops (eval):    510.18
  gflops (total):   503.90
CSV_DATA: opt_einsum,torch,"iaje,bf,dcba,cigj,dh->hgfei","24,48,12,56,32,64,8,84,8,72","(1,2),(2,3),(0,1),(0,1)",FP32,6699220992,136.27790059132772,0.00016355514526367188,0.013131141662597656,510.1781066822131,503.90175036099083
*** input parameters ***
  einsum_str: iaje,bf,dcba,cigj,dh->hgfei
  dim_sizes:  24,48,12,56,32,64,8,84,8,72
  cont_path:  (1,2),(2,3),(0,1),(0,1)
  backend:    torch
  dtype:      FP32
*** benchmarking opt_einsum expression ***
  #flops :          6699220992
  #bytes :          49158528
  arith. intensity: 136.28
  time (eval):      0.008699
  time (compile):   0.000177
  gflops (eval):    770.14
  gflops (total):   754.77
CSV_DATA: opt_einsum,torch,"iaje,bf,dcba,cigj,dh->hgfei","24,48,12,56,32,64,8,84,8,72","(1,2),(2,3),(0,1),(0,1)",FP32,6699220992,136.27790059132772,0.00017714500427246094,0.008698701858520508,770.1403152975078,754.7697809076386
*** input parameters ***
  einsum_str: iaje,bf,dcba,cigj,dh->hgfei
  dim_sizes:  24,48,12,56,32,64,8,84,8,72
  cont_path:  (1,2),(2,3),(0,1),(0,1)
  backend:    torch
  dtype:      FP32
*** benchmarking opt_einsum expression ***
  #flops :          6699220992
  #bytes :          49158528
  arith. intensity: 136.28
  time (eval):      0.013218
  time (compile):   0.000167
  gflops (eval):    506.83
  gflops (total):   500.49
CSV_DATA: opt_einsum,torch,"iaje,bf,dcba,cigj,dh->hgfei","24,48,12,56,32,64,8,84,8,72","(1,2),(2,3),(0,1),(0,1)",FP32,6699220992,136.27790059132772,0.00016736984252929688,0.013217926025390625,506.8284524464208,500.49106557710036
*** input parameters ***
  einsum_str: iaje,bf,dcba,cigj,dh->hgfei
  dim_sizes:  24,48,12,56,32,64,8,84,8,72
  cont_path:  (1,2),(2,3),(0,1),(0,1)
  backend:    torch
  dtype:      FP32
*** benchmarking opt_einsum expression ***
  #flops :          6699220992
  #bytes :          49158528
  arith. intensity: 136.28
  time (eval):      0.014147
  time (compile):   0.000165
  gflops (eval):    473.55
  gflops (total):   468.08
CSV_DATA: opt_einsum,torch,"iaje,bf,dcba,cigj,dh->hgfei","24,48,12,56,32,64,8,84,8,72","(1,2),(2,3),(0,1),(0,1)",FP32,6699220992,136.27790059132772,0.00016546249389648438,0.014146804809570312,473.5501112921257,468.07545233432563
*** input parameters ***
  einsum_str: iaje,bf,dcba,cigj,dh->hgfei
  dim_sizes:  24,48,12,56,32,64,8,84,8,72
  cont_path:  (1,2),(2,3),(0,1),(0,1)
  backend:    torch
  dtype:      FP32
*** benchmarking opt_einsum expression ***
  #flops :          6699220992
  #bytes :          49158528
  arith. intensity: 136.28
  time (eval):      0.008778
  time (compile):   0.000161
  gflops (eval):    763.20
  gflops (total):   749.48
CSV_DATA: opt_einsum,torch,"iaje,bf,dcba,cigj,dh->hgfei","24,48,12,56,32,64,8,84,8,72","(1,2),(2,3),(0,1),(0,1)",FP32,6699220992,136.27790059132772,0.00016069412231445312,0.008777856826782227,763.195518473248,749.4750581107352
*** input parameters ***
  einsum_str: iaje,bf,dcba,cigj,dh->hgfei
  dim_sizes:  24,48,12,56,32,64,8,84,8,72
  cont_path:  (1,2),(2,3),(0,1),(0,1)
  backend:    torch
  dtype:      FP32
*** benchmarking opt_einsum expression ***
  #flops :          6699220992
  #bytes :          49158528
  arith. intensity: 136.28
  time (eval):      0.009133
  time (compile):   0.000161
  gflops (eval):    733.49
  gflops (total):   720.77
CSV_DATA: opt_einsum,torch,"iaje,bf,dcba,cigj,dh->hgfei","24,48,12,56,32,64,8,84,8,72","(1,2),(2,3),(0,1),(0,1)",FP32,6699220992,136.27790059132772,0.00016117095947265625,0.009133338928222656,733.4909001678388,720.7718398222237
*** input parameters ***
  einsum_str: iaje,bf,dcba,cigj,dh->hgfei
  dim_sizes:  24,48,12,56,32,64,8,84,8,72
  cont_path:  (1,2),(2,3),(0,1),(0,1)
  backend:    torch
  dtype:      FP32
*** benchmarking opt_einsum expression ***
  #flops :          6699220992
  #bytes :          49158528
  arith. intensity: 136.28
  time (eval):      0.010161
  time (compile):   0.000166
  gflops (eval):    659.31
  gflops (total):   648.69
CSV_DATA: opt_einsum,torch,"iaje,bf,dcba,cigj,dh->hgfei","24,48,12,56,32,64,8,84,8,72","(1,2),(2,3),(0,1),(0,1)",FP32,6699220992,136.27790059132772,0.00016641616821289062,0.01016092300415039,659.3122484309346,648.6879998991036
