*** input parameters ***
  einsum_str: af,fbg,gch,hdi,ie->abcde
  dim_sizes:  100,72,128,128,3,71,305,32,3
  cont_path:  (1,2),(0,3),(0,1),(0,1)
  backend:    torch
  dtype:      FP32
*** benchmarking opt_einsum expression ***
  #flops :          39609704448
  #bytes :          1426888948
  arith. intensity: 27.76
  time (eval):      0.289345
  time (compile):   0.000105
  gflops (eval):    136.89
  gflops (total):   136.84
CSV_DATA: opt_einsum,torch,"af,fbg,gch,hdi,ie->abcde","100,72,128,128,3,71,305,32,3","(1,2),(0,3),(0,1),(0,1)",FP32,39609704448,27.759486471262512,0.00010514259338378906,0.28934454917907715,136.89459352311943,136.84486656540494
*** input parameters ***
  einsum_str: af,fbg,gch,hdi,ie->abcde
  dim_sizes:  100,72,128,128,3,71,305,32,3
  cont_path:  (1,2),(0,3),(0,1),(0,1)
  backend:    torch
  dtype:      FP32
*** benchmarking opt_einsum expression ***
  #flops :          39609704448
  #bytes :          1426888948
  arith. intensity: 27.76
  time (eval):      0.296238
  time (compile):   0.000109
  gflops (eval):    133.71
  gflops (total):   133.66
CSV_DATA: opt_einsum,torch,"af,fbg,gch,hdi,ie->abcde","100,72,128,128,3,71,305,32,3","(1,2),(0,3),(0,1),(0,1)",FP32,39609704448,27.759486471262512,0.0001087188720703125,0.2962377071380615,133.7091919548915,133.66013884927293
*** input parameters ***
  einsum_str: af,fbg,gch,hdi,ie->abcde
  dim_sizes:  100,72,128,128,3,71,305,32,3
  cont_path:  (1,2),(0,3),(0,1),(0,1)
  backend:    torch
  dtype:      FP32
*** benchmarking opt_einsum expression ***
  #flops :          39609704448
  #bytes :          1426888948
  arith. intensity: 27.76
  time (eval):      0.293088
  time (compile):   0.000098
  gflops (eval):    135.15
  gflops (total):   135.10
CSV_DATA: opt_einsum,torch,"af,fbg,gch,hdi,ie->abcde","100,72,128,128,3,71,305,32,3","(1,2),(0,3),(0,1),(0,1)",FP32,39609704448,27.759486471262512,9.822845458984375e-05,0.2930881977081299,135.14602347599507,135.1007444867739
*** input parameters ***
  einsum_str: af,fbg,gch,hdi,ie->abcde
  dim_sizes:  100,72,128,128,3,71,305,32,3
  cont_path:  (1,2),(0,3),(0,1),(0,1)
  backend:    torch
  dtype:      FP32
*** benchmarking opt_einsum expression ***
  #flops :          39609704448
  #bytes :          1426888948
  arith. intensity: 27.76
  time (eval):      0.294981
  time (compile):   0.000099
  gflops (eval):    134.28
  gflops (total):   134.23
CSV_DATA: opt_einsum,torch,"af,fbg,gch,hdi,ie->abcde","100,72,128,128,3,71,305,32,3","(1,2),(0,3),(0,1),(0,1)",FP32,39609704448,27.759486471262512,9.918212890625e-05,0.2949814796447754,134.2786146970958,134.23348114346953
*** input parameters ***
  einsum_str: af,fbg,gch,hdi,ie->abcde
  dim_sizes:  100,72,128,128,3,71,305,32,3
  cont_path:  (1,2),(0,3),(0,1),(0,1)
  backend:    torch
  dtype:      FP32
*** benchmarking opt_einsum expression ***
  #flops :          39609704448
  #bytes :          1426888948
  arith. intensity: 27.76
  time (eval):      0.296513
  time (compile):   0.000099
  gflops (eval):    133.59
  gflops (total):   133.54
CSV_DATA: opt_einsum,torch,"af,fbg,gch,hdi,ie->abcde","100,72,128,128,3,71,305,32,3","(1,2),(0,3),(0,1),(0,1)",FP32,39609704448,27.759486471262512,9.942054748535156e-05,0.29651308059692383,133.58501543425984,133.540239521852
*** input parameters ***
  einsum_str: af,fbg,gch,hdi,ie->abcde
  dim_sizes:  100,72,128,128,3,71,305,32,3
  cont_path:  (1,2),(0,3),(0,1),(0,1)
  backend:    torch
  dtype:      FP32
*** benchmarking opt_einsum expression ***
  #flops :          39609704448
  #bytes :          1426888948
  arith. intensity: 27.76
  time (eval):      0.293916
  time (compile):   0.000112
  gflops (eval):    134.77
  gflops (total):   134.71
CSV_DATA: opt_einsum,torch,"af,fbg,gch,hdi,ie->abcde","100,72,128,128,3,71,305,32,3","(1,2),(0,3),(0,1),(0,1)",FP32,39609704448,27.759486471262512,0.00011229515075683594,0.2939157485961914,134.76550554771214,134.7140359240346
*** input parameters ***
  einsum_str: af,fbg,gch,hdi,ie->abcde
  dim_sizes:  100,72,128,128,3,71,305,32,3
  cont_path:  (1,2),(0,3),(0,1),(0,1)
  backend:    torch
  dtype:      FP32
*** benchmarking opt_einsum expression ***
  #flops :          39609704448
  #bytes :          1426888948
  arith. intensity: 27.76
  time (eval):      0.297734
  time (compile):   0.000099
  gflops (eval):    133.04
  gflops (total):   132.99
CSV_DATA: opt_einsum,torch,"af,fbg,gch,hdi,ie->abcde","100,72,128,128,3,71,305,32,3","(1,2),(0,3),(0,1),(0,1)",FP32,39609704448,27.759486471262512,9.942054748535156e-05,0.29773402214050293,133.03721275530913,132.99280326116806
*** input parameters ***
  einsum_str: af,fbg,gch,hdi,ie->abcde
  dim_sizes:  100,72,128,128,3,71,305,32,3
  cont_path:  (1,2),(0,3),(0,1),(0,1)
  backend:    torch
  dtype:      FP32
*** benchmarking opt_einsum expression ***
  #flops :          39609704448
  #bytes :          1426888948
  arith. intensity: 27.76
  time (eval):      0.296332
  time (compile):   0.000111
  gflops (eval):    133.67
  gflops (total):   133.62
CSV_DATA: opt_einsum,torch,"af,fbg,gch,hdi,ie->abcde","100,72,128,128,3,71,305,32,3","(1,2),(0,3),(0,1),(0,1)",FP32,39609704448,27.759486471262512,0.000110626220703125,0.29633164405822754,133.6668062362483,133.61692450516637
*** input parameters ***
  einsum_str: af,fbg,gch,hdi,ie->abcde
  dim_sizes:  100,72,128,128,3,71,305,32,3
  cont_path:  (1,2),(0,3),(0,1),(0,1)
  backend:    torch
  dtype:      FP32
*** benchmarking opt_einsum expression ***
  #flops :          39609704448
  #bytes :          1426888948
  arith. intensity: 27.76
  time (eval):      0.293227
  time (compile):   0.000100
  gflops (eval):    135.08
  gflops (total):   135.04
CSV_DATA: opt_einsum,torch,"af,fbg,gch,hdi,ie->abcde","100,72,128,128,3,71,305,32,3","(1,2),(0,3),(0,1),(0,1)",FP32,39609704448,27.759486471262512,9.989738464355469e-05,0.2932267189025879,135.08218008318212,135.03617554164728
*** input parameters ***
  einsum_str: af,fbg,gch,hdi,ie->abcde
  dim_sizes:  100,72,128,128,3,71,305,32,3
  cont_path:  (1,2),(0,3),(0,1),(0,1)
  backend:    torch
  dtype:      FP32
*** benchmarking opt_einsum expression ***
  #flops :          39609704448
  #bytes :          1426888948
  arith. intensity: 27.76
  time (eval):      0.294012
  time (compile):   0.000113
  gflops (eval):    134.72
  gflops (total):   134.67
CSV_DATA: opt_einsum,torch,"af,fbg,gch,hdi,ie->abcde","100,72,128,128,3,71,305,32,3","(1,2),(0,3),(0,1),(0,1)",FP32,39609704448,27.759486471262512,0.00011277198791503906,0.29401159286499023,134.72157360199307,134.66991919492708
*** input parameters ***
  einsum_str: af,fbg,gch,hdi,ie->abcde
  dim_sizes:  100,72,128,128,3,71,305,32,3
  cont_path:  (1,2),(0,3),(0,1),(0,1)
  backend:    torch
  dtype:      FP32
*** benchmarking opt_einsum expression ***
  #flops :          39609704448
  #bytes :          1426888948
  arith. intensity: 27.76
  time (eval):      0.292699
  time (compile):   0.000100
  gflops (eval):    135.33
  gflops (total):   135.28
CSV_DATA: opt_einsum,torch,"af,fbg,gch,hdi,ie->abcde","100,72,128,128,3,71,305,32,3","(1,2),(0,3),(0,1),(0,1)",FP32,39609704448,27.759486471262512,9.989738464355469e-05,0.29269933700561523,135.3255694161006,135.27939897276516
*** input parameters ***
  einsum_str: af,fbg,gch,hdi,ie->abcde
  dim_sizes:  100,72,128,128,3,71,305,32,3
  cont_path:  (1,2),(0,3),(0,1),(0,1)
  backend:    torch
  dtype:      FP32
*** benchmarking opt_einsum expression ***
  #flops :          39609704448
  #bytes :          1426888948
  arith. intensity: 27.76
  time (eval):      0.294132
  time (compile):   0.000103
  gflops (eval):    134.67
  gflops (total):   134.62
CSV_DATA: opt_einsum,torch,"af,fbg,gch,hdi,ie->abcde","100,72,128,128,3,71,305,32,3","(1,2),(0,3),(0,1),(0,1)",FP32,39609704448,27.759486471262512,0.00010347366333007812,0.2941322326660156,134.66631687720007,134.6189588685196
*** input parameters ***
  einsum_str: af,fbg,gch,hdi,ie->abcde
  dim_sizes:  100,72,128,128,3,71,305,32,3
  cont_path:  (1,2),(0,3),(0,1),(0,1)
  backend:    torch
  dtype:      FP32
*** benchmarking opt_einsum expression ***
  #flops :          39609704448
  #bytes :          1426888948
  arith. intensity: 27.76
  time (eval):      0.294736
  time (compile):   0.000097
  gflops (eval):    134.39
  gflops (total):   134.35
CSV_DATA: opt_einsum,torch,"af,fbg,gch,hdi,ie->abcde","100,72,128,128,3,71,305,32,3","(1,2),(0,3),(0,1),(0,1)",FP32,39609704448,27.759486471262512,9.655952453613281e-05,0.2947359085083008,134.39049435296226,134.34648060398993
*** input parameters ***
  einsum_str: af,fbg,gch,hdi,ie->abcde
  dim_sizes:  100,72,128,128,3,71,305,32,3
  cont_path:  (1,2),(0,3),(0,1),(0,1)
  backend:    torch
  dtype:      FP32
*** benchmarking opt_einsum expression ***
  #flops :          39609704448
  #bytes :          1426888948
  arith. intensity: 27.76
  time (eval):      0.294503
  time (compile):   0.000100
  gflops (eval):    134.50
  gflops (total):   134.45
CSV_DATA: opt_einsum,torch,"af,fbg,gch,hdi,ie->abcde","100,72,128,128,3,71,305,32,3","(1,2),(0,3),(0,1),(0,1)",FP32,39609704448,27.759486471262512,0.00010037422180175781,0.29450273513793945,134.49689840553629,134.45107396891868
*** input parameters ***
  einsum_str: af,fbg,gch,hdi,ie->abcde
  dim_sizes:  100,72,128,128,3,71,305,32,3
  cont_path:  (1,2),(0,3),(0,1),(0,1)
  backend:    torch
  dtype:      FP32
*** benchmarking opt_einsum expression ***
  #flops :          39609704448
  #bytes :          1426888948
  arith. intensity: 27.76
  time (eval):      0.293267
  time (compile):   0.000100
  gflops (eval):    135.06
  gflops (total):   135.02
CSV_DATA: opt_einsum,torch,"af,fbg,gch,hdi,ie->abcde","100,72,128,128,3,71,305,32,3","(1,2),(0,3),(0,1),(0,1)",FP32,39609704448,27.759486471262512,0.00010013580322265625,0.29326725006103516,135.06351097763687,135.01740942098982
*** input parameters ***
  einsum_str: af,fbg,gch,hdi,ie->abcde
  dim_sizes:  100,72,128,128,3,71,305,32,3
  cont_path:  (1,2),(0,3),(0,1),(0,1)
  backend:    torch
  dtype:      FP32
*** benchmarking opt_einsum expression ***
  #flops :          39609704448
  #bytes :          1426888948
  arith. intensity: 27.76
  time (eval):      0.293113
  time (compile):   0.000100
  gflops (eval):    135.13
  gflops (total):   135.09
CSV_DATA: opt_einsum,torch,"af,fbg,gch,hdi,ie->abcde","100,72,128,128,3,71,305,32,3","(1,2),(0,3),(0,1),(0,1)",FP32,39609704448,27.759486471262512,0.00010013580322265625,0.29311251640319824,135.13481080253115,135.08866056746717
*** input parameters ***
  einsum_str: af,fbg,gch,hdi,ie->abcde
  dim_sizes:  100,72,128,128,3,71,305,32,3
  cont_path:  (1,2),(0,3),(0,1),(0,1)
  backend:    torch
  dtype:      FP32
*** benchmarking opt_einsum expression ***
  #flops :          39609704448
  #bytes :          1426888948
  arith. intensity: 27.76
  time (eval):      0.294765
  time (compile):   0.000099
  gflops (eval):    134.38
  gflops (total):   134.33
CSV_DATA: opt_einsum,torch,"af,fbg,gch,hdi,ie->abcde","100,72,128,128,3,71,305,32,3","(1,2),(0,3),(0,1),(0,1)",FP32,39609704448,27.759486471262512,9.870529174804688e-05,0.2947654724121094,134.37701547561844,134.33203299378548
*** input parameters ***
  einsum_str: af,fbg,gch,hdi,ie->abcde
  dim_sizes:  100,72,128,128,3,71,305,32,3
  cont_path:  (1,2),(0,3),(0,1),(0,1)
  backend:    torch
  dtype:      FP32
*** benchmarking opt_einsum expression ***
  #flops :          39609704448
  #bytes :          1426888948
  arith. intensity: 27.76
  time (eval):      0.293205
  time (compile):   0.000107
  gflops (eval):    135.09
  gflops (total):   135.04
CSV_DATA: opt_einsum,torch,"af,fbg,gch,hdi,ie->abcde","100,72,128,128,3,71,305,32,3","(1,2),(0,3),(0,1),(0,1)",FP32,39609704448,27.759486471262512,0.00010657310485839844,0.29320502281188965,135.09217566648658,135.04309069063402
*** input parameters ***
  einsum_str: af,fbg,gch,hdi,ie->abcde
  dim_sizes:  100,72,128,128,3,71,305,32,3
  cont_path:  (1,2),(0,3),(0,1),(0,1)
  backend:    torch
  dtype:      FP32
*** benchmarking opt_einsum expression ***
  #flops :          39609704448
  #bytes :          1426888948
  arith. intensity: 27.76
  time (eval):      0.294492
  time (compile):   0.000116
  gflops (eval):    134.50
  gflops (total):   134.45
CSV_DATA: opt_einsum,torch,"af,fbg,gch,hdi,ie->abcde","100,72,128,128,3,71,305,32,3","(1,2),(0,3),(0,1),(0,1)",FP32,39609704448,27.759486471262512,0.00011587142944335938,0.2944915294647217,134.50201613607024,134.44911542541124
*** input parameters ***
  einsum_str: af,fbg,gch,hdi,ie->abcde
  dim_sizes:  100,72,128,128,3,71,305,32,3
  cont_path:  (1,2),(0,3),(0,1),(0,1)
  backend:    torch
  dtype:      FP32
*** benchmarking opt_einsum expression ***
  #flops :          39609704448
  #bytes :          1426888948
  arith. intensity: 27.76
  time (eval):      0.293472
  time (compile):   0.000110
  gflops (eval):    134.97
  gflops (total):   134.92
CSV_DATA: opt_einsum,torch,"af,fbg,gch,hdi,ie->abcde","100,72,128,128,3,71,305,32,3","(1,2),(0,3),(0,1),(0,1)",FP32,39609704448,27.759486471262512,0.00010967254638671875,0.2934720516204834,134.96925594544544,134.91883583831697
*** input parameters ***
  einsum_str: af,fbg,gch,hdi,ie->abcde
  dim_sizes:  100,72,128,128,3,71,305,32,3
  cont_path:  (1,2),(0,3),(0,1),(0,1)
  backend:    torch
  dtype:      FP32
*** benchmarking opt_einsum expression ***
  #flops :          39609704448
  #bytes :          1426888948
  arith. intensity: 27.76
  time (eval):      0.293452
  time (compile):   0.000099
  gflops (eval):    134.98
  gflops (total):   134.93
CSV_DATA: opt_einsum,torch,"af,fbg,gch,hdi,ie->abcde","100,72,128,128,3,71,305,32,3","(1,2),(0,3),(0,1),(0,1)",FP32,39609704448,27.759486471262512,9.894371032714844e-05,0.29345202445983887,134.97846716481212,134.9329715889031
*** input parameters ***
  einsum_str: af,fbg,gch,hdi,ie->abcde
  dim_sizes:  100,72,128,128,3,71,305,32,3
  cont_path:  (1,2),(0,3),(0,1),(0,1)
  backend:    torch
  dtype:      FP32
*** benchmarking opt_einsum expression ***
  #flops :          39609704448
  #bytes :          1426888948
  arith. intensity: 27.76
  time (eval):      0.297621
  time (compile):   0.000097
  gflops (eval):    133.09
  gflops (total):   133.04
CSV_DATA: opt_einsum,torch,"af,fbg,gch,hdi,ie->abcde","100,72,128,128,3,71,305,32,3","(1,2),(0,3),(0,1),(0,1)",FP32,39609704448,27.759486471262512,9.679794311523438e-05,0.2976212501525879,133.08762202864358,133.04435085933133
*** input parameters ***
  einsum_str: af,fbg,gch,hdi,ie->abcde
  dim_sizes:  100,72,128,128,3,71,305,32,3
  cont_path:  (1,2),(0,3),(0,1),(0,1)
  backend:    torch
  dtype:      FP32
*** benchmarking opt_einsum expression ***
  #flops :          39609704448
  #bytes :          1426888948
  arith. intensity: 27.76
  time (eval):      0.295201
  time (compile):   0.000101
  gflops (eval):    134.18
  gflops (total):   134.13
CSV_DATA: opt_einsum,torch,"af,fbg,gch,hdi,ie->abcde","100,72,128,128,3,71,305,32,3","(1,2),(0,3),(0,1),(0,1)",FP32,39609704448,27.759486471262512,0.00010132789611816406,0.29520130157470703,134.17862399897282,134.13258296744456
*** input parameters ***
  einsum_str: af,fbg,gch,hdi,ie->abcde
  dim_sizes:  100,72,128,128,3,71,305,32,3
  cont_path:  (1,2),(0,3),(0,1),(0,1)
  backend:    torch
  dtype:      FP32
*** benchmarking opt_einsum expression ***
  #flops :          39609704448
  #bytes :          1426888948
  arith. intensity: 27.76
  time (eval):      0.293718
  time (compile):   0.000107
  gflops (eval):    134.86
  gflops (total):   134.81
CSV_DATA: opt_einsum,torch,"af,fbg,gch,hdi,ie->abcde","100,72,128,128,3,71,305,32,3","(1,2),(0,3),(0,1),(0,1)",FP32,39609704448,27.759486471262512,0.0001068115234375,0.2937183380126953,134.85608258578654,134.80705960852083
*** input parameters ***
  einsum_str: af,fbg,gch,hdi,ie->abcde
  dim_sizes:  100,72,128,128,3,71,305,32,3
  cont_path:  (1,2),(0,3),(0,1),(0,1)
  backend:    torch
  dtype:      FP32
*** benchmarking opt_einsum expression ***
  #flops :          39609704448
  #bytes :          1426888948
  arith. intensity: 27.76
  time (eval):      0.291270
  time (compile):   0.000099
  gflops (eval):    135.99
  gflops (total):   135.94
CSV_DATA: opt_einsum,torch,"af,fbg,gch,hdi,ie->abcde","100,72,128,128,3,71,305,32,3","(1,2),(0,3),(0,1),(0,1)",FP32,39609704448,27.759486471262512,9.942054748535156e-05,0.29126954078674316,135.98986128453703,135.9434589965258
*** input parameters ***
  einsum_str: af,fbg,gch,hdi,ie->abcde
  dim_sizes:  100,72,128,128,3,71,305,32,3
  cont_path:  (1,2),(0,3),(0,1),(0,1)
  backend:    torch
  dtype:      FP32
*** benchmarking opt_einsum expression ***
  #flops :          39609704448
  #bytes :          1426888948
  arith. intensity: 27.76
  time (eval):      0.292563
  time (compile):   0.000108
  gflops (eval):    135.39
  gflops (total):   135.34
CSV_DATA: opt_einsum,torch,"af,fbg,gch,hdi,ie->abcde","100,72,128,128,3,71,305,32,3","(1,2),(0,3),(0,1),(0,1)",FP32,39609704448,27.759486471262512,0.00010824203491210938,0.29256296157836914,135.38865013639025,135.33857775887637
*** input parameters ***
  einsum_str: af,fbg,gch,hdi,ie->abcde
  dim_sizes:  100,72,128,128,3,71,305,32,3
  cont_path:  (1,2),(0,3),(0,1),(0,1)
  backend:    torch
  dtype:      FP32
*** benchmarking opt_einsum expression ***
  #flops :          39609704448
  #bytes :          1426888948
  arith. intensity: 27.76
  time (eval):      0.293608
  time (compile):   0.000106
  gflops (eval):    134.91
  gflops (total):   134.86
CSV_DATA: opt_einsum,torch,"af,fbg,gch,hdi,ie->abcde","100,72,128,128,3,71,305,32,3","(1,2),(0,3),(0,1),(0,1)",FP32,39609704448,27.759486471262512,0.00010633468627929688,0.2936077117919922,134.90689398533812,134.8580530040475
*** input parameters ***
  einsum_str: af,fbg,gch,hdi,ie->abcde
  dim_sizes:  100,72,128,128,3,71,305,32,3
  cont_path:  (1,2),(0,3),(0,1),(0,1)
  backend:    torch
  dtype:      FP32
*** benchmarking opt_einsum expression ***
  #flops :          39609704448
  #bytes :          1426888948
  arith. intensity: 27.76
  time (eval):      0.294442
  time (compile):   0.000110
  gflops (eval):    134.52
  gflops (total):   134.47
CSV_DATA: opt_einsum,torch,"af,fbg,gch,hdi,ie->abcde","100,72,128,128,3,71,305,32,3","(1,2),(0,3),(0,1),(0,1)",FP32,39609704448,27.759486471262512,0.00011038780212402344,0.29444217681884766,134.5245605637858,134.47414555350932
*** input parameters ***
  einsum_str: af,fbg,gch,hdi,ie->abcde
  dim_sizes:  100,72,128,128,3,71,305,32,3
  cont_path:  (1,2),(0,3),(0,1),(0,1)
  backend:    torch
  dtype:      FP32
*** benchmarking opt_einsum expression ***
  #flops :          39609704448
  #bytes :          1426888948
  arith. intensity: 27.76
  time (eval):      0.293706
  time (compile):   0.000115
  gflops (eval):    134.86
  gflops (total):   134.81
CSV_DATA: opt_einsum,torch,"af,fbg,gch,hdi,ie->abcde","100,72,128,128,3,71,305,32,3","(1,2),(0,3),(0,1),(0,1)",FP32,39609704448,27.759486471262512,0.00011539459228515625,0.29370641708374023,134.86155611202278,134.80859103705535
*** input parameters ***
  einsum_str: af,fbg,gch,hdi,ie->abcde
  dim_sizes:  100,72,128,128,3,71,305,32,3
  cont_path:  (1,2),(0,3),(0,1),(0,1)
  backend:    torch
  dtype:      FP32
*** benchmarking opt_einsum expression ***
  #flops :          39609704448
  #bytes :          1426888948
  arith. intensity: 27.76
  time (eval):      0.294756
  time (compile):   0.000099
  gflops (eval):    134.38
  gflops (total):   134.34
CSV_DATA: opt_einsum,torch,"af,fbg,gch,hdi,ie->abcde","100,72,128,128,3,71,305,32,3","(1,2),(0,3),(0,1),(0,1)",FP32,39609704448,27.759486471262512,9.942054748535156e-05,0.2947559356689453,134.38136320514198,134.33605194177161
*** input parameters ***
  einsum_str: af,fbg,gch,hdi,ie->abcde
  dim_sizes:  100,72,128,128,3,71,305,32,3
  cont_path:  (1,2),(0,3),(0,1),(0,1)
  backend:    torch
  dtype:      FP32
*** benchmarking opt_einsum expression ***
  #flops :          39609704448
  #bytes :          1426888948
  arith. intensity: 27.76
  time (eval):      0.295631
  time (compile):   0.000097
  gflops (eval):    133.98
  gflops (total):   133.94
CSV_DATA: opt_einsum,torch,"af,fbg,gch,hdi,ie->abcde","100,72,128,128,3,71,305,32,3","(1,2),(0,3),(0,1),(0,1)",FP32,39609704448,27.759486471262512,9.655952453613281e-05,0.29563140869140625,133.98341070500547,133.93966315379663
*** input parameters ***
  einsum_str: af,fbg,gch,hdi,ie->abcde
  dim_sizes:  100,72,128,128,3,71,305,32,3
  cont_path:  (1,2),(0,3),(0,1),(0,1)
  backend:    torch
  dtype:      FP32
*** benchmarking opt_einsum expression ***
  #flops :          39609704448
  #bytes :          1426888948
  arith. intensity: 27.76
  time (eval):      0.295238
  time (compile):   0.000103
  gflops (eval):    134.16
  gflops (total):   134.12
CSV_DATA: opt_einsum,torch,"af,fbg,gch,hdi,ie->abcde","100,72,128,128,3,71,305,32,3","(1,2),(0,3),(0,1),(0,1)",FP32,39609704448,27.759486471262512,0.00010251998901367188,0.2952384948730469,134.1617205609731,134.115149792181
*** input parameters ***
  einsum_str: af,fbg,gch,hdi,ie->abcde
  dim_sizes:  100,72,128,128,3,71,305,32,3
  cont_path:  (1,2),(0,3),(0,1),(0,1)
  backend:    torch
  dtype:      FP32
*** benchmarking opt_einsum expression ***
  #flops :          39609704448
  #bytes :          1426888948
  arith. intensity: 27.76
  time (eval):      0.295746
  time (compile):   0.000110
  gflops (eval):    133.93
  gflops (total):   133.88
CSV_DATA: opt_einsum,torch,"af,fbg,gch,hdi,ie->abcde","100,72,128,128,3,71,305,32,3","(1,2),(0,3),(0,1),(0,1)",FP32,39609704448,27.759486471262512,0.00010991096496582031,0.295745849609375,133.93156489031722,133.88180906501944
*** input parameters ***
  einsum_str: af,fbg,gch,hdi,ie->abcde
  dim_sizes:  100,72,128,128,3,71,305,32,3
  cont_path:  (1,2),(0,3),(0,1),(0,1)
  backend:    torch
  dtype:      FP32
*** benchmarking opt_einsum expression ***
  #flops :          39609704448
  #bytes :          1426888948
  arith. intensity: 27.76
  time (eval):      0.293579
  time (compile):   0.000110
  gflops (eval):    134.92
  gflops (total):   134.87
CSV_DATA: opt_einsum,torch,"af,fbg,gch,hdi,ie->abcde","100,72,128,128,3,71,305,32,3","(1,2),(0,3),(0,1),(0,1)",FP32,39609704448,27.759486471262512,0.00010991096496582031,0.2935793399810791,134.9199315270373,134.86943877042643
*** input parameters ***
  einsum_str: af,fbg,gch,hdi,ie->abcde
  dim_sizes:  100,72,128,128,3,71,305,32,3
  cont_path:  (1,2),(0,3),(0,1),(0,1)
  backend:    torch
  dtype:      FP32
*** benchmarking opt_einsum expression ***
  #flops :          39609704448
  #bytes :          1426888948
  arith. intensity: 27.76
  time (eval):      0.292323
  time (compile):   0.000098
  gflops (eval):    135.50
  gflops (total):   135.45
CSV_DATA: opt_einsum,torch,"af,fbg,gch,hdi,ie->abcde","100,72,128,128,3,71,305,32,3","(1,2),(0,3),(0,1),(0,1)",FP32,39609704448,27.759486471262512,9.822845458984375e-05,0.29232335090637207,135.4996250733543,135.45410887445564
*** input parameters ***
  einsum_str: af,fbg,gch,hdi,ie->abcde
  dim_sizes:  100,72,128,128,3,71,305,32,3
  cont_path:  (1,2),(0,3),(0,1),(0,1)
  backend:    torch
  dtype:      FP32
*** benchmarking opt_einsum expression ***
  #flops :          39609704448
  #bytes :          1426888948
  arith. intensity: 27.76
  time (eval):      0.293446
  time (compile):   0.000097
  gflops (eval):    134.98
  gflops (total):   134.94
CSV_DATA: opt_einsum,torch,"af,fbg,gch,hdi,ie->abcde","100,72,128,128,3,71,305,32,3","(1,2),(0,3),(0,1),(0,1)",FP32,39609704448,27.759486471262512,9.703636169433594e-05,0.2934458255767822,134.98131851133058,134.93669778385473
*** input parameters ***
  einsum_str: af,fbg,gch,hdi,ie->abcde
  dim_sizes:  100,72,128,128,3,71,305,32,3
  cont_path:  (1,2),(0,3),(0,1),(0,1)
  backend:    torch
  dtype:      FP32
*** benchmarking opt_einsum expression ***
  #flops :          39609704448
  #bytes :          1426888948
  arith. intensity: 27.76
  time (eval):      0.293173
  time (compile):   0.000101
  gflops (eval):    135.11
  gflops (total):   135.06
CSV_DATA: opt_einsum,torch,"af,fbg,gch,hdi,ie->abcde","100,72,128,128,3,71,305,32,3","(1,2),(0,3),(0,1),(0,1)",FP32,39609704448,27.759486471262512,0.00010132789611816406,0.29317307472229004,135.10689713071548,135.06021696526264
*** input parameters ***
  einsum_str: af,fbg,gch,hdi,ie->abcde
  dim_sizes:  100,72,128,128,3,71,305,32,3
  cont_path:  (1,2),(0,3),(0,1),(0,1)
  backend:    torch
  dtype:      FP32
*** benchmarking opt_einsum expression ***
  #flops :          39609704448
  #bytes :          1426888948
  arith. intensity: 27.76
  time (eval):      0.292757
  time (compile):   0.000111
  gflops (eval):    135.30
  gflops (total):   135.25
CSV_DATA: opt_einsum,torch,"af,fbg,gch,hdi,ie->abcde","100,72,128,128,3,71,305,32,3","(1,2),(0,3),(0,1),(0,1)",FP32,39609704448,27.759486471262512,0.00011134147644042969,0.2927565574645996,135.2991194835649,135.24768194541593
*** input parameters ***
  einsum_str: af,fbg,gch,hdi,ie->abcde
  dim_sizes:  100,72,128,128,3,71,305,32,3
  cont_path:  (1,2),(0,3),(0,1),(0,1)
  backend:    torch
  dtype:      FP32
*** benchmarking opt_einsum expression ***
  #flops :          39609704448
  #bytes :          1426888948
  arith. intensity: 27.76
  time (eval):      0.291913
  time (compile):   0.000102
  gflops (eval):    135.69
  gflops (total):   135.64
CSV_DATA: opt_einsum,torch,"af,fbg,gch,hdi,ie->abcde","100,72,128,128,3,71,305,32,3","(1,2),(0,3),(0,1),(0,1)",FP32,39609704448,27.759486471262512,0.00010180473327636719,0.2919125556945801,135.69030750922042,135.64300190567434
*** input parameters ***
  einsum_str: af,fbg,gch,hdi,ie->abcde
  dim_sizes:  100,72,128,128,3,71,305,32,3
  cont_path:  (1,2),(0,3),(0,1),(0,1)
  backend:    torch
  dtype:      FP32
*** benchmarking opt_einsum expression ***
  #flops :          39609704448
  #bytes :          1426888948
  arith. intensity: 27.76
  time (eval):      0.294129
  time (compile):   0.000096
  gflops (eval):    134.67
  gflops (total):   134.62
CSV_DATA: opt_einsum,torch,"af,fbg,gch,hdi,ie->abcde","100,72,128,128,3,71,305,32,3","(1,2),(0,3),(0,1),(0,1)",FP32,39609704448,27.759486471262512,9.608268737792969e-05,0.2941291332244873,134.66773594905612,134.62375862395504
*** input parameters ***
  einsum_str: af,fbg,gch,hdi,ie->abcde
  dim_sizes:  100,72,128,128,3,71,305,32,3
  cont_path:  (1,2),(0,3),(0,1),(0,1)
  backend:    torch
  dtype:      FP32
*** benchmarking opt_einsum expression ***
  #flops :          39609704448
  #bytes :          1426888948
  arith. intensity: 27.76
  time (eval):      0.297285
  time (compile):   0.000098
  gflops (eval):    133.24
  gflops (total):   133.19
CSV_DATA: opt_einsum,torch,"af,fbg,gch,hdi,ie->abcde","100,72,128,128,3,71,305,32,3","(1,2),(0,3),(0,1),(0,1)",FP32,39609704448,27.759486471262512,9.775161743164062e-05,0.2972848415374756,133.23822446899575,133.19442818688188
*** input parameters ***
  einsum_str: af,fbg,gch,hdi,ie->abcde
  dim_sizes:  100,72,128,128,3,71,305,32,3
  cont_path:  (1,2),(0,3),(0,1),(0,1)
  backend:    torch
  dtype:      FP32
*** benchmarking opt_einsum expression ***
  #flops :          39609704448
  #bytes :          1426888948
  arith. intensity: 27.76
  time (eval):      0.293124
  time (compile):   0.000113
  gflops (eval):    135.13
  gflops (total):   135.08
CSV_DATA: opt_einsum,torch,"af,fbg,gch,hdi,ie->abcde","100,72,128,128,3,71,305,32,3","(1,2),(0,3),(0,1),(0,1)",FP32,39609704448,27.759486471262512,0.00011277198791503906,0.2931244373321533,135.1293150735036,135.0773475843784
*** input parameters ***
  einsum_str: af,fbg,gch,hdi,ie->abcde
  dim_sizes:  100,72,128,128,3,71,305,32,3
  cont_path:  (1,2),(0,3),(0,1),(0,1)
  backend:    torch
  dtype:      FP32
*** benchmarking opt_einsum expression ***
  #flops :          39609704448
  #bytes :          1426888948
  arith. intensity: 27.76
  time (eval):      0.293112
  time (compile):   0.000097
  gflops (eval):    135.13
  gflops (total):   135.09
CSV_DATA: opt_einsum,torch,"af,fbg,gch,hdi,ie->abcde","100,72,128,128,3,71,305,32,3","(1,2),(0,3),(0,1),(0,1)",FP32,39609704448,27.759486471262512,9.72747802734375e-05,0.29311227798461914,135.13492072167134,135.09008855438174
*** input parameters ***
  einsum_str: af,fbg,gch,hdi,ie->abcde
  dim_sizes:  100,72,128,128,3,71,305,32,3
  cont_path:  (1,2),(0,3),(0,1),(0,1)
  backend:    torch
  dtype:      FP32
*** benchmarking opt_einsum expression ***
  #flops :          39609704448
  #bytes :          1426888948
  arith. intensity: 27.76
  time (eval):      0.292488
  time (compile):   0.000110
  gflops (eval):    135.42
  gflops (total):   135.37
CSV_DATA: opt_einsum,torch,"af,fbg,gch,hdi,ie->abcde","100,72,128,128,3,71,305,32,3","(1,2),(0,3),(0,1),(0,1)",FP32,39609704448,27.759486471262512,0.00011038780212402344,0.29248762130737305,135.4235241510425,135.37243321835837
*** input parameters ***
  einsum_str: af,fbg,gch,hdi,ie->abcde
  dim_sizes:  100,72,128,128,3,71,305,32,3
  cont_path:  (1,2),(0,3),(0,1),(0,1)
  backend:    torch
  dtype:      FP32
*** benchmarking opt_einsum expression ***
  #flops :          39609704448
  #bytes :          1426888948
  arith. intensity: 27.76
  time (eval):      0.293642
  time (compile):   0.000112
  gflops (eval):    134.89
  gflops (total):   134.84
CSV_DATA: opt_einsum,torch,"af,fbg,gch,hdi,ie->abcde","100,72,128,128,3,71,305,32,3","(1,2),(0,3),(0,1),(0,1)",FP32,39609704448,27.759486471262512,0.00011157989501953125,0.2936422824859619,134.89101131031296,134.83977411207124
*** input parameters ***
  einsum_str: af,fbg,gch,hdi,ie->abcde
  dim_sizes:  100,72,128,128,3,71,305,32,3
  cont_path:  (1,2),(0,3),(0,1),(0,1)
  backend:    torch
  dtype:      FP32
*** benchmarking opt_einsum expression ***
  #flops :          39609704448
  #bytes :          1426888948
  arith. intensity: 27.76
  time (eval):      0.293381
  time (compile):   0.000098
  gflops (eval):    135.01
  gflops (total):   134.97
CSV_DATA: opt_einsum,torch,"af,fbg,gch,hdi,ie->abcde","100,72,128,128,3,71,305,32,3","(1,2),(0,3),(0,1),(0,1)",FP32,39609704448,27.759486471262512,9.822845458984375e-05,0.2933814525604248,135.01093577086982,134.9657472401762
*** input parameters ***
  einsum_str: af,fbg,gch,hdi,ie->abcde
  dim_sizes:  100,72,128,128,3,71,305,32,3
  cont_path:  (1,2),(0,3),(0,1),(0,1)
  backend:    torch
  dtype:      FP32
*** benchmarking opt_einsum expression ***
  #flops :          39609704448
  #bytes :          1426888948
  arith. intensity: 27.76
  time (eval):      0.296588
  time (compile):   0.000099
  gflops (eval):    133.55
  gflops (total):   133.51
CSV_DATA: opt_einsum,torch,"af,fbg,gch,hdi,ie->abcde","100,72,128,128,3,71,305,32,3","(1,2),(0,3),(0,1),(0,1)",FP32,39609704448,27.759486471262512,9.870529174804688e-05,0.2965879440307617,133.55129648793726,133.50686503234843
*** input parameters ***
  einsum_str: af,fbg,gch,hdi,ie->abcde
  dim_sizes:  100,72,128,128,3,71,305,32,3
  cont_path:  (1,2),(0,3),(0,1),(0,1)
  backend:    torch
  dtype:      FP32
*** benchmarking opt_einsum expression ***
  #flops :          39609704448
  #bytes :          1426888948
  arith. intensity: 27.76
  time (eval):      0.290751
  time (compile):   0.000099
  gflops (eval):    136.23
  gflops (total):   136.19
CSV_DATA: opt_einsum,torch,"af,fbg,gch,hdi,ie->abcde","100,72,128,128,3,71,305,32,3","(1,2),(0,3),(0,1),(0,1)",FP32,39609704448,27.759486471262512,9.942054748535156e-05,0.29075098037719727,136.2324020253122,136.1858340991497
*** input parameters ***
  einsum_str: af,fbg,gch,hdi,ie->abcde
  dim_sizes:  100,72,128,128,3,71,305,32,3
  cont_path:  (1,2),(0,3),(0,1),(0,1)
  backend:    torch
  dtype:      FP32
*** benchmarking opt_einsum expression ***
  #flops :          39609704448
  #bytes :          1426888948
  arith. intensity: 27.76
  time (eval):      0.294363
  time (compile):   0.000102
  gflops (eval):    134.56
  gflops (total):   134.51
CSV_DATA: opt_einsum,torch,"af,fbg,gch,hdi,ie->abcde","100,72,128,128,3,71,305,32,3","(1,2),(0,3),(0,1),(0,1)",FP32,39609704448,27.759486471262512,0.00010228157043457031,0.29436302185058594,134.56073456164364,134.5139953258495
*** input parameters ***
  einsum_str: af,fbg,gch,hdi,ie->abcde
  dim_sizes:  100,72,128,128,3,71,305,32,3
  cont_path:  (1,2),(0,3),(0,1),(0,1)
  backend:    torch
  dtype:      FP32
*** benchmarking opt_einsum expression ***
  #flops :          39609704448
  #bytes :          1426888948
  arith. intensity: 27.76
  time (eval):      0.292447
  time (compile):   0.000102
  gflops (eval):    135.44
  gflops (total):   135.40
CSV_DATA: opt_einsum,torch,"af,fbg,gch,hdi,ie->abcde","100,72,128,128,3,71,305,32,3","(1,2),(0,3),(0,1),(0,1)",FP32,39609704448,27.759486471262512,0.00010180473327636719,0.2924473285675049,135.4421825017868,135.39504971725796
*** input parameters ***
  einsum_str: af,fbg,gch,hdi,ie->abcde
  dim_sizes:  100,72,128,128,3,71,305,32,3
  cont_path:  (1,2),(0,3),(0,1),(0,1)
  backend:    torch
  dtype:      FP32
*** benchmarking opt_einsum expression ***
  #flops :          39609704448
  #bytes :          1426888948
  arith. intensity: 27.76
  time (eval):      0.295110
  time (compile):   0.000101
  gflops (eval):    134.22
  gflops (total):   134.17
CSV_DATA: opt_einsum,torch,"af,fbg,gch,hdi,ie->abcde","100,72,128,128,3,71,305,32,3","(1,2),(0,3),(0,1),(0,1)",FP32,39609704448,27.759486471262512,0.00010085105895996094,0.29511022567749023,134.22003374185778,134.17418101611946
*** input parameters ***
  einsum_str: af,fbg,gch,hdi,ie->abcde
  dim_sizes:  100,72,128,128,3,71,305,32,3
  cont_path:  (1,2),(0,3),(0,1),(0,1)
  backend:    torch
  dtype:      FP32
*** benchmarking opt_einsum expression ***
  #flops :          39609704448
  #bytes :          1426888948
  arith. intensity: 27.76
  time (eval):      0.293358
  time (compile):   0.000097
  gflops (eval):    135.02
  gflops (total):   134.98
CSV_DATA: opt_einsum,torch,"af,fbg,gch,hdi,ie->abcde","100,72,128,128,3,71,305,32,3","(1,2),(0,3),(0,1),(0,1)",FP32,39609704448,27.759486471262512,9.72747802734375e-05,0.29335784912109375,135.02179868945558,134.9770415367263
*** input parameters ***
  einsum_str: af,fbg,gch,hdi,ie->abcde
  dim_sizes:  100,72,128,128,3,71,305,32,3
  cont_path:  (1,2),(0,3),(0,1),(0,1)
  backend:    torch
  dtype:      FP32
*** benchmarking opt_einsum expression ***
  #flops :          39609704448
  #bytes :          1426888948
  arith. intensity: 27.76
  time (eval):      0.291894
  time (compile):   0.000098
  gflops (eval):    135.70
  gflops (total):   135.65
CSV_DATA: opt_einsum,torch,"af,fbg,gch,hdi,ie->abcde","100,72,128,128,3,71,305,32,3","(1,2),(0,3),(0,1),(0,1)",FP32,39609704448,27.759486471262512,9.846687316894531e-05,0.29189419746398926,135.69884153961854,135.65308066186023
*** input parameters ***
  einsum_str: af,fbg,gch,hdi,ie->abcde
  dim_sizes:  100,72,128,128,3,71,305,32,3
  cont_path:  (1,2),(0,3),(0,1),(0,1)
  backend:    torch
  dtype:      FP32
*** benchmarking opt_einsum expression ***
  #flops :          39609704448
  #bytes :          1426888948
  arith. intensity: 27.76
  time (eval):      0.292297
  time (compile):   0.000105
  gflops (eval):    135.51
  gflops (total):   135.46
CSV_DATA: opt_einsum,torch,"af,fbg,gch,hdi,ie->abcde","100,72,128,128,3,71,305,32,3","(1,2),(0,3),(0,1),(0,1)",FP32,39609704448,27.759486471262512,0.00010538101196289062,0.2922968864440918,135.51189316406294,135.46305503240657
*** input parameters ***
  einsum_str: af,fbg,gch,hdi,ie->abcde
  dim_sizes:  100,72,128,128,3,71,305,32,3
  cont_path:  (1,2),(0,3),(0,1),(0,1)
  backend:    torch
  dtype:      FP32
*** benchmarking opt_einsum expression ***
  #flops :          39609704448
  #bytes :          1426888948
  arith. intensity: 27.76
  time (eval):      0.290376
  time (compile):   0.000134
  gflops (eval):    136.41
  gflops (total):   136.35
CSV_DATA: opt_einsum,torch,"af,fbg,gch,hdi,ie->abcde","100,72,128,128,3,71,305,32,3","(1,2),(0,3),(0,1),(0,1)",FP32,39609704448,27.759486471262512,0.00013375282287597656,0.2903757095336914,136.4084637506644,136.34566022976418
*** input parameters ***
  einsum_str: af,fbg,gch,hdi,ie->abcde
  dim_sizes:  100,72,128,128,3,71,305,32,3
  cont_path:  (1,2),(0,3),(0,1),(0,1)
  backend:    torch
  dtype:      FP32
*** benchmarking opt_einsum expression ***
  #flops :          39609704448
  #bytes :          1426888948
  arith. intensity: 27.76
  time (eval):      0.295048
  time (compile):   0.000103
  gflops (eval):    134.25
  gflops (total):   134.20
CSV_DATA: opt_einsum,torch,"af,fbg,gch,hdi,ie->abcde","100,72,128,128,3,71,305,32,3","(1,2),(0,3),(0,1),(0,1)",FP32,39609704448,27.759486471262512,0.00010251998901367188,0.2950475215911865,134.24855845046758,134.20192738559035
*** input parameters ***
  einsum_str: af,fbg,gch,hdi,ie->abcde
  dim_sizes:  100,72,128,128,3,71,305,32,3
  cont_path:  (1,2),(0,3),(0,1),(0,1)
  backend:    torch
  dtype:      FP32
*** benchmarking opt_einsum expression ***
  #flops :          39609704448
  #bytes :          1426888948
  arith. intensity: 27.76
  time (eval):      0.297643
  time (compile):   0.000101
  gflops (eval):    133.08
  gflops (total):   133.03
CSV_DATA: opt_einsum,torch,"af,fbg,gch,hdi,ie->abcde","100,72,128,128,3,71,305,32,3","(1,2),(0,3),(0,1),(0,1)",FP32,39609704448,27.759486471262512,0.00010132789611816406,0.29764342308044434,133.077707674712,133.03241893630545
*** input parameters ***
  einsum_str: af,fbg,gch,hdi,ie->abcde
  dim_sizes:  100,72,128,128,3,71,305,32,3
  cont_path:  (1,2),(0,3),(0,1),(0,1)
  backend:    torch
  dtype:      FP32
*** benchmarking opt_einsum expression ***
  #flops :          39609704448
  #bytes :          1426888948
  arith. intensity: 27.76
  time (eval):      0.294981
  time (compile):   0.000113
  gflops (eval):    134.28
  gflops (total):   134.23
CSV_DATA: opt_einsum,torch,"af,fbg,gch,hdi,ie->abcde","100,72,128,128,3,71,305,32,3","(1,2),(0,3),(0,1),(0,1)",FP32,39609704448,27.759486471262512,0.00011348724365234375,0.2949810028076172,134.2788317586436,134.2271908944089
*** input parameters ***
  einsum_str: af,fbg,gch,hdi,ie->abcde
  dim_sizes:  100,72,128,128,3,71,305,32,3
  cont_path:  (1,2),(0,3),(0,1),(0,1)
  backend:    torch
  dtype:      FP32
*** benchmarking opt_einsum expression ***
  #flops :          39609704448
  #bytes :          1426888948
  arith. intensity: 27.76
  time (eval):      0.296433
  time (compile):   0.000108
  gflops (eval):    133.62
  gflops (total):   133.57
CSV_DATA: opt_einsum,torch,"af,fbg,gch,hdi,ie->abcde","100,72,128,128,3,71,305,32,3","(1,2),(0,3),(0,1),(0,1)",FP32,39609704448,27.759486471262512,0.00010800361633300781,0.2964329719543457,133.62111571752004,133.57244937827917
*** input parameters ***
  einsum_str: af,fbg,gch,hdi,ie->abcde
  dim_sizes:  100,72,128,128,3,71,305,32,3
  cont_path:  (1,2),(0,3),(0,1),(0,1)
  backend:    torch
  dtype:      FP32
*** benchmarking opt_einsum expression ***
  #flops :          39609704448
  #bytes :          1426888948
  arith. intensity: 27.76
  time (eval):      0.293735
  time (compile):   0.000096
  gflops (eval):    134.85
  gflops (total):   134.80
CSV_DATA: opt_einsum,torch,"af,fbg,gch,hdi,ie->abcde","100,72,128,128,3,71,305,32,3","(1,2),(0,3),(0,1),(0,1)",FP32,39609704448,27.759486471262512,9.584426879882812e-05,0.2937352657318115,134.84831094188317,134.8043250012489
*** input parameters ***
  einsum_str: af,fbg,gch,hdi,ie->abcde
  dim_sizes:  100,72,128,128,3,71,305,32,3
  cont_path:  (1,2),(0,3),(0,1),(0,1)
  backend:    torch
  dtype:      FP32
*** benchmarking opt_einsum expression ***
  #flops :          39609704448
  #bytes :          1426888948
  arith. intensity: 27.76
  time (eval):      0.295377
  time (compile):   0.000110
  gflops (eval):    134.10
  gflops (total):   134.05
CSV_DATA: opt_einsum,torch,"af,fbg,gch,hdi,ie->abcde","100,72,128,128,3,71,305,32,3","(1,2),(0,3),(0,1),(0,1)",FP32,39609704448,27.759486471262512,0.00011014938354492188,0.2953767776489258,134.09891178066366,134.04892340176977
*** input parameters ***
  einsum_str: af,fbg,gch,hdi,ie->abcde
  dim_sizes:  100,72,128,128,3,71,305,32,3
  cont_path:  (1,2),(0,3),(0,1),(0,1)
  backend:    torch
  dtype:      FP32
*** benchmarking opt_einsum expression ***
  #flops :          39609704448
  #bytes :          1426888948
  arith. intensity: 27.76
  time (eval):      0.294255
  time (compile):   0.000101
  gflops (eval):    134.61
  gflops (total):   134.56
CSV_DATA: opt_einsum,torch,"af,fbg,gch,hdi,ie->abcde","100,72,128,128,3,71,305,32,3","(1,2),(0,3),(0,1),(0,1)",FP32,39609704448,27.759486471262512,0.00010132789611816406,0.29425501823425293,134.6101238500109,134.5637862703214
*** input parameters ***
  einsum_str: af,fbg,gch,hdi,ie->abcde
  dim_sizes:  100,72,128,128,3,71,305,32,3
  cont_path:  (1,2),(0,3),(0,1),(0,1)
  backend:    torch
  dtype:      FP32
*** benchmarking opt_einsum expression ***
  #flops :          39609704448
  #bytes :          1426888948
  arith. intensity: 27.76
  time (eval):      0.294121
  time (compile):   0.000116
  gflops (eval):    134.67
  gflops (total):   134.62
CSV_DATA: opt_einsum,torch,"af,fbg,gch,hdi,ie->abcde","100,72,128,128,3,71,305,32,3","(1,2),(0,3),(0,1),(0,1)",FP32,39609704448,27.759486471262512,0.0001163482666015625,0.29412078857421875,134.67155667578677,134.61830438293214
*** input parameters ***
  einsum_str: af,fbg,gch,hdi,ie->abcde
  dim_sizes:  100,72,128,128,3,71,305,32,3
  cont_path:  (1,2),(0,3),(0,1),(0,1)
  backend:    torch
  dtype:      FP32
*** benchmarking opt_einsum expression ***
  #flops :          39609704448
  #bytes :          1426888948
  arith. intensity: 27.76
  time (eval):      0.294143
  time (compile):   0.000111
  gflops (eval):    134.66
  gflops (total):   134.61
CSV_DATA: opt_einsum,torch,"af,fbg,gch,hdi,ie->abcde","100,72,128,128,3,71,305,32,3","(1,2),(0,3),(0,1),(0,1)",FP32,39609704448,27.759486471262512,0.00011110305786132812,0.2941427230834961,134.66151408667108,134.61066918794043
*** input parameters ***
  einsum_str: af,fbg,gch,hdi,ie->abcde
  dim_sizes:  100,72,128,128,3,71,305,32,3
  cont_path:  (1,2),(0,3),(0,1),(0,1)
  backend:    torch
  dtype:      FP32
*** benchmarking opt_einsum expression ***
  #flops :          39609704448
  #bytes :          1426888948
  arith. intensity: 27.76
  time (eval):      0.292287
  time (compile):   0.000100
  gflops (eval):    135.52
  gflops (total):   135.47
CSV_DATA: opt_einsum,torch,"af,fbg,gch,hdi,ie->abcde","100,72,128,128,3,71,305,32,3","(1,2),(0,3),(0,1),(0,1)",FP32,39609704448,27.759486471262512,0.00010013580322265625,0.29228663444519043,135.51664626467075,135.4702349027195
*** input parameters ***
  einsum_str: af,fbg,gch,hdi,ie->abcde
  dim_sizes:  100,72,128,128,3,71,305,32,3
  cont_path:  (1,2),(0,3),(0,1),(0,1)
  backend:    torch
  dtype:      FP32
*** benchmarking opt_einsum expression ***
  #flops :          39609704448
  #bytes :          1426888948
  arith. intensity: 27.76
  time (eval):      0.293159
  time (compile):   0.000100
  gflops (eval):    135.11
  gflops (total):   135.07
CSV_DATA: opt_einsum,torch,"af,fbg,gch,hdi,ie->abcde","100,72,128,128,3,71,305,32,3","(1,2),(0,3),(0,1),(0,1)",FP32,39609704448,27.759486471262512,0.00010037422180175781,0.29315900802612305,135.11337998684465,135.06713457683514
*** input parameters ***
  einsum_str: af,fbg,gch,hdi,ie->abcde
  dim_sizes:  100,72,128,128,3,71,305,32,3
  cont_path:  (1,2),(0,3),(0,1),(0,1)
  backend:    torch
  dtype:      FP32
*** benchmarking opt_einsum expression ***
  #flops :          39609704448
  #bytes :          1426888948
  arith. intensity: 27.76
  time (eval):      0.293571
  time (compile):   0.000098
  gflops (eval):    134.92
  gflops (total):   134.88
CSV_DATA: opt_einsum,torch,"af,fbg,gch,hdi,ie->abcde","100,72,128,128,3,71,305,32,3","(1,2),(0,3),(0,1),(0,1)",FP32,39609704448,27.759486471262512,9.751319885253906e-05,0.29357099533081055,134.92376657770907,134.87896487886127
*** input parameters ***
  einsum_str: af,fbg,gch,hdi,ie->abcde
  dim_sizes:  100,72,128,128,3,71,305,32,3
  cont_path:  (1,2),(0,3),(0,1),(0,1)
  backend:    torch
  dtype:      FP32
*** benchmarking opt_einsum expression ***
  #flops :          39609704448
  #bytes :          1426888948
  arith. intensity: 27.76
  time (eval):      0.292813
  time (compile):   0.000098
  gflops (eval):    135.27
  gflops (total):   135.23
CSV_DATA: opt_einsum,torch,"af,fbg,gch,hdi,ie->abcde","100,72,128,128,3,71,305,32,3","(1,2),(0,3),(0,1),(0,1)",FP32,39609704448,27.759486471262512,9.799003601074219e-05,0.2928130626678467,135.27301031966385,135.22775628424884
*** input parameters ***
  einsum_str: af,fbg,gch,hdi,ie->abcde
  dim_sizes:  100,72,128,128,3,71,305,32,3
  cont_path:  (1,2),(0,3),(0,1),(0,1)
  backend:    torch
  dtype:      FP32
*** benchmarking opt_einsum expression ***
  #flops :          39609704448
  #bytes :          1426888948
  arith. intensity: 27.76
  time (eval):      0.294430
  time (compile):   0.000099
  gflops (eval):    134.53
  gflops (total):   134.48
CSV_DATA: opt_einsum,torch,"af,fbg,gch,hdi,ie->abcde","100,72,128,128,3,71,305,32,3","(1,2),(0,3),(0,1),(0,1)",FP32,39609704448,27.759486471262512,9.918212890625e-05,0.2944297790527344,134.5302250860489,134.48492226057212
*** input parameters ***
  einsum_str: af,fbg,gch,hdi,ie->abcde
  dim_sizes:  100,72,128,128,3,71,305,32,3
  cont_path:  (1,2),(0,3),(0,1),(0,1)
  backend:    torch
  dtype:      FP32
*** benchmarking opt_einsum expression ***
  #flops :          39609704448
  #bytes :          1426888948
  arith. intensity: 27.76
  time (eval):      0.293121
  time (compile):   0.000101
  gflops (eval):    135.13
  gflops (total):   135.08
CSV_DATA: opt_einsum,torch,"af,fbg,gch,hdi,ie->abcde","100,72,128,128,3,71,305,32,3","(1,2),(0,3),(0,1),(0,1)",FP32,39609704448,27.759486471262512,0.00010085105895996094,0.2931208610534668,135.13096374527564,135.0844866249635
*** input parameters ***
  einsum_str: af,fbg,gch,hdi,ie->abcde
  dim_sizes:  100,72,128,128,3,71,305,32,3
  cont_path:  (1,2),(0,3),(0,1),(0,1)
  backend:    torch
  dtype:      FP32
*** benchmarking opt_einsum expression ***
  #flops :          39609704448
  #bytes :          1426888948
  arith. intensity: 27.76
  time (eval):      0.294854
  time (compile):   0.000099
  gflops (eval):    134.34
  gflops (total):   134.29
CSV_DATA: opt_einsum,torch,"af,fbg,gch,hdi,ie->abcde","100,72,128,128,3,71,305,32,3","(1,2),(0,3),(0,1),(0,1)",FP32,39609704448,27.759486471262512,9.894371032714844e-05,0.29485368728637695,134.3368123103342,134.29174818394014
*** input parameters ***
  einsum_str: af,fbg,gch,hdi,ie->abcde
  dim_sizes:  100,72,128,128,3,71,305,32,3
  cont_path:  (1,2),(0,3),(0,1),(0,1)
  backend:    torch
  dtype:      FP32
*** benchmarking opt_einsum expression ***
  #flops :          39609704448
  #bytes :          1426888948
  arith. intensity: 27.76
  time (eval):      0.291775
  time (compile):   0.000101
  gflops (eval):    135.75
  gflops (total):   135.71
CSV_DATA: opt_einsum,torch,"af,fbg,gch,hdi,ie->abcde","100,72,128,128,3,71,305,32,3","(1,2),(0,3),(0,1),(0,1)",FP32,39609704448,27.759486471262512,0.00010132789611816406,0.2917749881744385,135.7542834491325,135.70715493896037
*** input parameters ***
  einsum_str: af,fbg,gch,hdi,ie->abcde
  dim_sizes:  100,72,128,128,3,71,305,32,3
  cont_path:  (1,2),(0,3),(0,1),(0,1)
  backend:    torch
  dtype:      FP32
*** benchmarking opt_einsum expression ***
  #flops :          39609704448
  #bytes :          1426888948
  arith. intensity: 27.76
  time (eval):      0.294635
  time (compile):   0.000103
  gflops (eval):    134.44
  gflops (total):   134.39
CSV_DATA: opt_einsum,torch,"af,fbg,gch,hdi,ie->abcde","100,72,128,128,3,71,305,32,3","(1,2),(0,3),(0,1),(0,1)",FP32,39609704448,27.759486471262512,0.000102996826171875,0.2946350574493408,134.436495069194,134.3895159563413
*** input parameters ***
  einsum_str: af,fbg,gch,hdi,ie->abcde
  dim_sizes:  100,72,128,128,3,71,305,32,3
  cont_path:  (1,2),(0,3),(0,1),(0,1)
  backend:    torch
  dtype:      FP32
*** benchmarking opt_einsum expression ***
  #flops :          39609704448
  #bytes :          1426888948
  arith. intensity: 27.76
  time (eval):      0.291529
  time (compile):   0.000103
  gflops (eval):    135.87
  gflops (total):   135.82
CSV_DATA: opt_einsum,torch,"af,fbg,gch,hdi,ie->abcde","100,72,128,128,3,71,305,32,3","(1,2),(0,3),(0,1),(0,1)",FP32,39609704448,27.759486471262512,0.00010347366333007812,0.29152870178222656,135.86897003914441,135.8207625324063
*** input parameters ***
  einsum_str: af,fbg,gch,hdi,ie->abcde
  dim_sizes:  100,72,128,128,3,71,305,32,3
  cont_path:  (1,2),(0,3),(0,1),(0,1)
  backend:    torch
  dtype:      FP32
*** benchmarking opt_einsum expression ***
  #flops :          39609704448
  #bytes :          1426888948
  arith. intensity: 27.76
  time (eval):      0.292555
  time (compile):   0.000100
  gflops (eval):    135.39
  gflops (total):   135.35
CSV_DATA: opt_einsum,torch,"af,fbg,gch,hdi,ie->abcde","100,72,128,128,3,71,305,32,3","(1,2),(0,3),(0,1),(0,1)",FP32,39609704448,27.759486471262512,0.00010013580322265625,0.2925548553466797,135.3924015414552,135.3460752279168
*** input parameters ***
  einsum_str: af,fbg,gch,hdi,ie->abcde
  dim_sizes:  100,72,128,128,3,71,305,32,3
  cont_path:  (1,2),(0,3),(0,1),(0,1)
  backend:    torch
  dtype:      FP32
*** benchmarking opt_einsum expression ***
  #flops :          39609704448
  #bytes :          1426888948
  arith. intensity: 27.76
  time (eval):      0.294265
  time (compile):   0.000099
  gflops (eval):    134.61
  gflops (total):   134.56
CSV_DATA: opt_einsum,torch,"af,fbg,gch,hdi,ie->abcde","100,72,128,128,3,71,305,32,3","(1,2),(0,3),(0,1),(0,1)",FP32,39609704448,27.759486471262512,9.942054748535156e-05,0.2942650318145752,134.60554318584212,134.56008064207802
*** input parameters ***
  einsum_str: af,fbg,gch,hdi,ie->abcde
  dim_sizes:  100,72,128,128,3,71,305,32,3
  cont_path:  (1,2),(0,3),(0,1),(0,1)
  backend:    torch
  dtype:      FP32
*** benchmarking opt_einsum expression ***
  #flops :          39609704448
  #bytes :          1426888948
  arith. intensity: 27.76
  time (eval):      0.291688
  time (compile):   0.000112
  gflops (eval):    135.79
  gflops (total):   135.74
CSV_DATA: opt_einsum,torch,"af,fbg,gch,hdi,ie->abcde","100,72,128,128,3,71,305,32,3","(1,2),(0,3),(0,1),(0,1)",FP32,39609704448,27.759486471262512,0.00011229515075683594,0.2916884422302246,135.79456266812502,135.74230416109162
*** input parameters ***
  einsum_str: af,fbg,gch,hdi,ie->abcde
  dim_sizes:  100,72,128,128,3,71,305,32,3
  cont_path:  (1,2),(0,3),(0,1),(0,1)
  backend:    torch
  dtype:      FP32
*** benchmarking opt_einsum expression ***
  #flops :          39609704448
  #bytes :          1426888948
  arith. intensity: 27.76
  time (eval):      0.294551
  time (compile):   0.000115
  gflops (eval):    134.47
  gflops (total):   134.42
CSV_DATA: opt_einsum,torch,"af,fbg,gch,hdi,ie->abcde","100,72,128,128,3,71,305,32,3","(1,2),(0,3),(0,1),(0,1)",FP32,39609704448,27.759486471262512,0.00011515617370605469,0.29455137252807617,134.47468979023165,134.42213685588658
*** input parameters ***
  einsum_str: af,fbg,gch,hdi,ie->abcde
  dim_sizes:  100,72,128,128,3,71,305,32,3
  cont_path:  (1,2),(0,3),(0,1),(0,1)
  backend:    torch
  dtype:      FP32
*** benchmarking opt_einsum expression ***
  #flops :          39609704448
  #bytes :          1426888948
  arith. intensity: 27.76
  time (eval):      0.295918
  time (compile):   0.000100
  gflops (eval):    133.85
  gflops (total):   133.81
CSV_DATA: opt_einsum,torch,"af,fbg,gch,hdi,ie->abcde","100,72,128,128,3,71,305,32,3","(1,2),(0,3),(0,1),(0,1)",FP32,39609704448,27.759486471262512,9.965896606445312e-05,0.29591822624206543,133.85354782303503,133.8084839709954
*** input parameters ***
  einsum_str: af,fbg,gch,hdi,ie->abcde
  dim_sizes:  100,72,128,128,3,71,305,32,3
  cont_path:  (1,2),(0,3),(0,1),(0,1)
  backend:    torch
  dtype:      FP32
*** benchmarking opt_einsum expression ***
  #flops :          39609704448
  #bytes :          1426888948
  arith. intensity: 27.76
  time (eval):      0.292414
  time (compile):   0.000110
  gflops (eval):    135.46
  gflops (total):   135.41
CSV_DATA: opt_einsum,torch,"af,fbg,gch,hdi,ie->abcde","100,72,128,128,3,71,305,32,3","(1,2),(0,3),(0,1),(0,1)",FP32,39609704448,27.759486471262512,0.00010967254638671875,0.29241418838500977,135.4575325731032,135.40674706631668
*** input parameters ***
  einsum_str: af,fbg,gch,hdi,ie->abcde
  dim_sizes:  100,72,128,128,3,71,305,32,3
  cont_path:  (1,2),(0,3),(0,1),(0,1)
  backend:    torch
  dtype:      FP32
*** benchmarking opt_einsum expression ***
  #flops :          39609704448
  #bytes :          1426888948
  arith. intensity: 27.76
  time (eval):      0.295749
  time (compile):   0.000095
  gflops (eval):    133.93
  gflops (total):   133.89
CSV_DATA: opt_einsum,torch,"af,fbg,gch,hdi,ie->abcde","100,72,128,128,3,71,305,32,3","(1,2),(0,3),(0,1),(0,1)",FP32,39609704448,27.759486471262512,9.5367431640625e-05,0.2957489490509033,133.93016129089443,133.8869879906486
*** input parameters ***
  einsum_str: af,fbg,gch,hdi,ie->abcde
  dim_sizes:  100,72,128,128,3,71,305,32,3
  cont_path:  (1,2),(0,3),(0,1),(0,1)
  backend:    torch
  dtype:      FP32
*** benchmarking opt_einsum expression ***
  #flops :          39609704448
  #bytes :          1426888948
  arith. intensity: 27.76
  time (eval):      0.291666
  time (compile):   0.000098
  gflops (eval):    135.80
  gflops (total):   135.76
CSV_DATA: opt_einsum,torch,"af,fbg,gch,hdi,ie->abcde","100,72,128,128,3,71,305,32,3","(1,2),(0,3),(0,1),(0,1)",FP32,39609704448,27.759486471262512,9.846687316894531e-05,0.29166603088378906,135.80499699597183,135.75916450600917
*** input parameters ***
  einsum_str: af,fbg,gch,hdi,ie->abcde
  dim_sizes:  100,72,128,128,3,71,305,32,3
  cont_path:  (1,2),(0,3),(0,1),(0,1)
  backend:    torch
  dtype:      FP32
*** benchmarking opt_einsum expression ***
  #flops :          39609704448
  #bytes :          1426888948
  arith. intensity: 27.76
  time (eval):      0.294492
  time (compile):   0.000104
  gflops (eval):    134.50
  gflops (total):   134.45
CSV_DATA: opt_einsum,torch,"af,fbg,gch,hdi,ie->abcde","100,72,128,128,3,71,305,32,3","(1,2),(0,3),(0,1),(0,1)",FP32,39609704448,27.759486471262512,0.00010395050048828125,0.2944920063018799,134.5017983523689,134.45433833490276
*** input parameters ***
  einsum_str: af,fbg,gch,hdi,ie->abcde
  dim_sizes:  100,72,128,128,3,71,305,32,3
  cont_path:  (1,2),(0,3),(0,1),(0,1)
  backend:    torch
  dtype:      FP32
*** benchmarking opt_einsum expression ***
  #flops :          39609704448
  #bytes :          1426888948
  arith. intensity: 27.76
  time (eval):      0.292043
  time (compile):   0.000103
  gflops (eval):    135.63
  gflops (total):   135.58
CSV_DATA: opt_einsum,torch,"af,fbg,gch,hdi,ie->abcde","100,72,128,128,3,71,305,32,3","(1,2),(0,3),(0,1),(0,1)",FP32,39609704448,27.759486471262512,0.00010275840759277344,0.29204273223876953,135.62982425330733,135.58211821228124
*** input parameters ***
  einsum_str: af,fbg,gch,hdi,ie->abcde
  dim_sizes:  100,72,128,128,3,71,305,32,3
  cont_path:  (1,2),(0,3),(0,1),(0,1)
  backend:    torch
  dtype:      FP32
*** benchmarking opt_einsum expression ***
  #flops :          39609704448
  #bytes :          1426888948
  arith. intensity: 27.76
  time (eval):      0.295813
  time (compile):   0.000101
  gflops (eval):    133.90
  gflops (total):   133.86
CSV_DATA: opt_einsum,torch,"af,fbg,gch,hdi,ie->abcde","100,72,128,128,3,71,305,32,3","(1,2),(0,3),(0,1),(0,1)",FP32,39609704448,27.759486471262512,0.00010085105895996094,0.29581332206726074,133.90101625982118,133.85538120576834
*** input parameters ***
  einsum_str: af,fbg,gch,hdi,ie->abcde
  dim_sizes:  100,72,128,128,3,71,305,32,3
  cont_path:  (1,2),(0,3),(0,1),(0,1)
  backend:    torch
  dtype:      FP32
*** benchmarking opt_einsum expression ***
  #flops :          39609704448
  #bytes :          1426888948
  arith. intensity: 27.76
  time (eval):      0.296427
  time (compile):   0.000109
  gflops (eval):    133.62
  gflops (total):   133.57
CSV_DATA: opt_einsum,torch,"af,fbg,gch,hdi,ie->abcde","100,72,128,128,3,71,305,32,3","(1,2),(0,3),(0,1),(0,1)",FP32,39609704448,27.759486471262512,0.00010919570922851562,0.29642677307128906,133.62391000516703,133.57470465013742
*** input parameters ***
  einsum_str: af,fbg,gch,hdi,ie->abcde
  dim_sizes:  100,72,128,128,3,71,305,32,3
  cont_path:  (1,2),(0,3),(0,1),(0,1)
  backend:    torch
  dtype:      FP32
*** benchmarking opt_einsum expression ***
  #flops :          39609704448
  #bytes :          1426888948
  arith. intensity: 27.76
  time (eval):      0.294729
  time (compile):   0.000101
  gflops (eval):    134.39
  gflops (total):   134.35
CSV_DATA: opt_einsum,torch,"af,fbg,gch,hdi,ie->abcde","100,72,128,128,3,71,305,32,3","(1,2),(0,3),(0,1),(0,1)",FP32,39609704448,27.759486471262512,0.00010061264038085938,0.29472923278808594,134.3935383446673,134.3476756582648
*** input parameters ***
  einsum_str: af,fbg,gch,hdi,ie->abcde
  dim_sizes:  100,72,128,128,3,71,305,32,3
  cont_path:  (1,2),(0,3),(0,1),(0,1)
  backend:    torch
  dtype:      FP32
*** benchmarking opt_einsum expression ***
  #flops :          39609704448
  #bytes :          1426888948
  arith. intensity: 27.76
  time (eval):      0.295728
  time (compile):   0.000107
  gflops (eval):    133.94
  gflops (total):   133.89
CSV_DATA: opt_einsum,torch,"af,fbg,gch,hdi,ie->abcde","100,72,128,128,3,71,305,32,3","(1,2),(0,3),(0,1),(0,1)",FP32,39609704448,27.759486471262512,0.00010728836059570312,0.2957284450531006,133.9394471873943,133.89087244781834
*** input parameters ***
  einsum_str: af,fbg,gch,hdi,ie->abcde
  dim_sizes:  100,72,128,128,3,71,305,32,3
  cont_path:  (1,2),(0,3),(0,1),(0,1)
  backend:    torch
  dtype:      FP32
*** benchmarking opt_einsum expression ***
  #flops :          39609704448
  #bytes :          1426888948
  arith. intensity: 27.76
  time (eval):      0.294331
  time (compile):   0.000098
  gflops (eval):    134.58
  gflops (total):   134.53
CSV_DATA: opt_einsum,torch,"af,fbg,gch,hdi,ie->abcde","100,72,128,128,3,71,305,32,3","(1,2),(0,3),(0,1),(0,1)",FP32,39609704448,27.759486471262512,9.822845458984375e-05,0.2943305969238281,134.5755584433883,134.5306608382898
*** input parameters ***
  einsum_str: af,fbg,gch,hdi,ie->abcde
  dim_sizes:  100,72,128,128,3,71,305,32,3
  cont_path:  (1,2),(0,3),(0,1),(0,1)
  backend:    torch
  dtype:      FP32
*** benchmarking opt_einsum expression ***
  #flops :          39609704448
  #bytes :          1426888948
  arith. intensity: 27.76
  time (eval):      0.295556
  time (compile):   0.000103
  gflops (eval):    134.02
  gflops (total):   133.97
CSV_DATA: opt_einsum,torch,"af,fbg,gch,hdi,ie->abcde","100,72,128,128,3,71,305,32,3","(1,2),(0,3),(0,1),(0,1)",FP32,39609704448,27.759486471262512,0.000102996826171875,0.29555583000183105,134.01767255869936,133.97098565585063
*** input parameters ***
  einsum_str: af,fbg,gch,hdi,ie->abcde
  dim_sizes:  100,72,128,128,3,71,305,32,3
  cont_path:  (1,2),(0,3),(0,1),(0,1)
  backend:    torch
  dtype:      FP32
*** benchmarking opt_einsum expression ***
  #flops :          39609704448
  #bytes :          1426888948
  arith. intensity: 27.76
  time (eval):      0.292093
  time (compile):   0.000098
  gflops (eval):    135.61
  gflops (total):   135.56
CSV_DATA: opt_einsum,torch,"af,fbg,gch,hdi,ie->abcde","100,72,128,128,3,71,305,32,3","(1,2),(0,3),(0,1),(0,1)",FP32,39609704448,27.759486471262512,9.846687316894531e-05,0.29209280014038086,135.60657581756016,135.56087713656132
*** input parameters ***
  einsum_str: af,fbg,gch,hdi,ie->abcde
  dim_sizes:  100,72,128,128,3,71,305,32,3
  cont_path:  (1,2),(0,3),(0,1),(0,1)
  backend:    torch
  dtype:      FP32
*** benchmarking opt_einsum expression ***
  #flops :          39609704448
  #bytes :          1426888948
  arith. intensity: 27.76
  time (eval):      0.297990
  time (compile):   0.000110
  gflops (eval):    132.92
  gflops (total):   132.87
CSV_DATA: opt_einsum,torch,"af,fbg,gch,hdi,ie->abcde","100,72,128,128,3,71,305,32,3","(1,2),(0,3),(0,1),(0,1)",FP32,39609704448,27.759486471262512,0.00011038780212402344,0.2979896068572998,132.9231071705402,132.87388513124156
*** input parameters ***
  einsum_str: af,fbg,gch,hdi,ie->abcde
  dim_sizes:  100,72,128,128,3,71,305,32,3
  cont_path:  (1,2),(0,3),(0,1),(0,1)
  backend:    torch
  dtype:      FP32
*** benchmarking opt_einsum expression ***
  #flops :          39609704448
  #bytes :          1426888948
  arith. intensity: 27.76
  time (eval):      0.293257
  time (compile):   0.000098
  gflops (eval):    135.07
  gflops (total):   135.02
CSV_DATA: opt_einsum,torch,"af,fbg,gch,hdi,ie->abcde","100,72,128,128,3,71,305,32,3","(1,2),(0,3),(0,1),(0,1)",FP32,39609704448,27.759486471262512,9.775161743164062e-05,0.293257474899292,135.068013054407,135.0230057883149
*** input parameters ***
  einsum_str: af,fbg,gch,hdi,ie->abcde
  dim_sizes:  100,72,128,128,3,71,305,32,3
  cont_path:  (1,2),(0,3),(0,1),(0,1)
  backend:    torch
  dtype:      FP32
*** benchmarking opt_einsum expression ***
  #flops :          39609704448
  #bytes :          1426888948
  arith. intensity: 27.76
  time (eval):      0.292082
  time (compile):   0.000110
  gflops (eval):    135.61
  gflops (total):   135.56
CSV_DATA: opt_einsum,torch,"af,fbg,gch,hdi,ie->abcde","100,72,128,128,3,71,305,32,3","(1,2),(0,3),(0,1),(0,1)",FP32,39609704448,27.759486471262512,0.00011038780212402344,0.2920823097229004,135.61144625834368,135.56021346018645
*** input parameters ***
  einsum_str: af,fbg,gch,hdi,ie->abcde
  dim_sizes:  100,72,128,128,3,71,305,32,3
  cont_path:  (1,2),(0,3),(0,1),(0,1)
  backend:    torch
  dtype:      FP32
*** benchmarking opt_einsum expression ***
  #flops :          39609704448
  #bytes :          1426888948
  arith. intensity: 27.76
  time (eval):      0.295346
  time (compile):   0.000098
  gflops (eval):    134.11
  gflops (total):   134.07
CSV_DATA: opt_einsum,torch,"af,fbg,gch,hdi,ie->abcde","100,72,128,128,3,71,305,32,3","(1,2),(0,3),(0,1),(0,1)",FP32,39609704448,27.759486471262512,9.799003601074219e-05,0.2953460216522217,134.11287623383515,134.06839496140535
*** input parameters ***
  einsum_str: af,fbg,gch,hdi,ie->abcde
  dim_sizes:  100,72,128,128,3,71,305,32,3
  cont_path:  (1,2),(0,3),(0,1),(0,1)
  backend:    torch
  dtype:      FP32
*** benchmarking opt_einsum expression ***
  #flops :          39609704448
  #bytes :          1426888948
  arith. intensity: 27.76
  time (eval):      0.293389
  time (compile):   0.000100
  gflops (eval):    135.01
  gflops (total):   134.96
CSV_DATA: opt_einsum,torch,"af,fbg,gch,hdi,ie->abcde","100,72,128,128,3,71,305,32,3","(1,2),(0,3),(0,1),(0,1)",FP32,39609704448,27.759486471262512,0.00010013580322265625,0.29338932037353516,135.007315186422,134.96125197814447
*** input parameters ***
  einsum_str: af,fbg,gch,hdi,ie->abcde
  dim_sizes:  100,72,128,128,3,71,305,32,3
  cont_path:  (1,2),(0,3),(0,1),(0,1)
  backend:    torch
  dtype:      FP32
*** benchmarking opt_einsum expression ***
  #flops :          39609704448
  #bytes :          1426888948
  arith. intensity: 27.76
  time (eval):      0.294404
  time (compile):   0.000097
  gflops (eval):    134.54
  gflops (total):   134.50
CSV_DATA: opt_einsum,torch,"af,fbg,gch,hdi,ie->abcde","100,72,128,128,3,71,305,32,3","(1,2),(0,3),(0,1),(0,1)",FP32,39609704448,27.759486471262512,9.655952453613281e-05,0.2944042682647705,134.54188243078488,134.4977694811024
*** input parameters ***
  einsum_str: af,fbg,gch,hdi,ie->abcde
  dim_sizes:  100,72,128,128,3,71,305,32,3
  cont_path:  (1,2),(0,3),(0,1),(0,1)
  backend:    torch
  dtype:      FP32
*** benchmarking opt_einsum expression ***
  #flops :          39609704448
  #bytes :          1426888948
  arith. intensity: 27.76
  time (eval):      0.294191
  time (compile):   0.000108
  gflops (eval):    134.64
  gflops (total):   134.59
CSV_DATA: opt_einsum,torch,"af,fbg,gch,hdi,ie->abcde","100,72,128,128,3,71,305,32,3","(1,2),(0,3),(0,1),(0,1)",FP32,39609704448,27.759486471262512,0.00010776519775390625,0.2941908836364746,134.63946930777388,134.5901675216702
*** input parameters ***
  einsum_str: af,fbg,gch,hdi,ie->abcde
  dim_sizes:  100,72,128,128,3,71,305,32,3
  cont_path:  (1,2),(0,3),(0,1),(0,1)
  backend:    torch
  dtype:      FP32
*** benchmarking opt_einsum expression ***
  #flops :          39609704448
  #bytes :          1426888948
  arith. intensity: 27.76
  time (eval):      0.291865
  time (compile):   0.000110
  gflops (eval):    135.71
  gflops (total):   135.66
CSV_DATA: opt_einsum,torch,"af,fbg,gch,hdi,ie->abcde","100,72,128,128,3,71,305,32,3","(1,2),(0,3),(0,1),(0,1)",FP32,39609704448,27.759486471262512,0.00011038780212402344,0.29186463356018066,135.71258691002976,135.66127767775478
*** input parameters ***
  einsum_str: af,fbg,gch,hdi,ie->abcde
  dim_sizes:  100,72,128,128,3,71,305,32,3
  cont_path:  (1,2),(0,3),(0,1),(0,1)
  backend:    torch
  dtype:      FP32
*** benchmarking opt_einsum expression ***
  #flops :          39609704448
  #bytes :          1426888948
  arith. intensity: 27.76
  time (eval):      0.294346
  time (compile):   0.000108
  gflops (eval):    134.57
  gflops (total):   134.52
CSV_DATA: opt_einsum,torch,"af,fbg,gch,hdi,ie->abcde","100,72,128,128,3,71,305,32,3","(1,2),(0,3),(0,1),(0,1)",FP32,39609704448,27.759486471262512,0.00010752677917480469,0.2943456172943115,134.56869109212823,134.51955003786495
