*** input parameters ***
  einsum_str: iaje,bf,dcba,cigj,dh->hgfei
  dim_sizes:  24,48,12,56,32,64,8,84,8,72
  cont_path:  (1,2),(2,3),(0,1),(0,1)
  backend:    torch
  dtype:      FP32
*** benchmarking opt_einsum expression ***
  #flops :          6699220992
  #bytes :          49158528
  arith. intensity: 136.28
  time (eval):      0.005579
  time (compile):   0.000162
  gflops (eval):    1200.69
  gflops (total):   1166.88
CSV_DATA: opt_einsum,torch,"iaje,bf,dcba,cigj,dh->hgfei","24,48,12,56,32,64,8,84,8,72","(1,2),(2,3),(0,1),(0,1)",FP32,6699220992,136.27790059132772,0.00016164779663085938,0.005579471588134766,1200.690941100315,1166.8841114464108
*** input parameters ***
  einsum_str: iaje,bf,dcba,cigj,dh->hgfei
  dim_sizes:  24,48,12,56,32,64,8,84,8,72
  cont_path:  (1,2),(2,3),(0,1),(0,1)
  backend:    torch
  dtype:      FP32
*** benchmarking opt_einsum expression ***
  #flops :          6699220992
  #bytes :          49158528
  arith. intensity: 136.28
  time (eval):      0.006091
  time (compile):   0.000163
  gflops (eval):    1099.88
  gflops (total):   1071.16
CSV_DATA: opt_einsum,torch,"iaje,bf,dcba,cigj,dh->hgfei","24,48,12,56,32,64,8,84,8,72","(1,2),(2,3),(0,1),(0,1)",FP32,6699220992,136.27790059132772,0.0001633167266845703,0.006090879440307617,1099.8774573777573,1071.1561986745032
*** input parameters ***
  einsum_str: iaje,bf,dcba,cigj,dh->hgfei
  dim_sizes:  24,48,12,56,32,64,8,84,8,72
  cont_path:  (1,2),(2,3),(0,1),(0,1)
  backend:    torch
  dtype:      FP32
*** benchmarking opt_einsum expression ***
  #flops :          6699220992
  #bytes :          49158528
  arith. intensity: 136.28
  time (eval):      0.005796
  time (compile):   0.000168
  gflops (eval):    1155.80
  gflops (total):   1123.22
CSV_DATA: opt_einsum,torch,"iaje,bf,dcba,cigj,dh->hgfei","24,48,12,56,32,64,8,84,8,72","(1,2),(2,3),(0,1),(0,1)",FP32,6699220992,136.27790059132772,0.00016808509826660156,0.005796194076538086,1155.796528469811,1123.2239128409647
*** input parameters ***
  einsum_str: iaje,bf,dcba,cigj,dh->hgfei
  dim_sizes:  24,48,12,56,32,64,8,84,8,72
  cont_path:  (1,2),(2,3),(0,1),(0,1)
  backend:    torch
  dtype:      FP32
*** benchmarking opt_einsum expression ***
  #flops :          6699220992
  #bytes :          49158528
  arith. intensity: 136.28
  time (eval):      0.006037
  time (compile):   0.000160
  gflops (eval):    1109.69
  gflops (total):   1081.09
CSV_DATA: opt_einsum,torch,"iaje,bf,dcba,cigj,dh->hgfei","24,48,12,56,32,64,8,84,8,72","(1,2),(2,3),(0,1),(0,1)",FP32,6699220992,136.27790059132772,0.00015974044799804688,0.006036996841430664,1109.6943013162818,1081.088430750243
*** input parameters ***
  einsum_str: iaje,bf,dcba,cigj,dh->hgfei
  dim_sizes:  24,48,12,56,32,64,8,84,8,72
  cont_path:  (1,2),(2,3),(0,1),(0,1)
  backend:    torch
  dtype:      FP32
*** benchmarking opt_einsum expression ***
  #flops :          6699220992
  #bytes :          49158528
  arith. intensity: 136.28
  time (eval):      0.005929
  time (compile):   0.000163
  gflops (eval):    1129.91
  gflops (total):   1099.75
CSV_DATA: opt_einsum,torch,"iaje,bf,dcba,cigj,dh->hgfei","24,48,12,56,32,64,8,84,8,72","(1,2),(2,3),(0,1),(0,1)",FP32,6699220992,136.27790059132772,0.00016260147094726562,0.005928993225097656,1129.9086940497655,1099.7483132536036
*** input parameters ***
  einsum_str: iaje,bf,dcba,cigj,dh->hgfei
  dim_sizes:  24,48,12,56,32,64,8,84,8,72
  cont_path:  (1,2),(2,3),(0,1),(0,1)
  backend:    torch
  dtype:      FP32
*** benchmarking opt_einsum expression ***
  #flops :          6699220992
  #bytes :          49158528
  arith. intensity: 136.28
  time (eval):      0.005969
  time (compile):   0.000163
  gflops (eval):    1122.42
  gflops (total):   1092.65
CSV_DATA: opt_einsum,torch,"iaje,bf,dcba,cigj,dh->hgfei","24,48,12,56,32,64,8,84,8,72","(1,2),(2,3),(0,1),(0,1)",FP32,6699220992,136.27790059132772,0.00016260147094726562,0.005968570709228516,1122.4162899907953,1092.649300187804
*** input parameters ***
  einsum_str: iaje,bf,dcba,cigj,dh->hgfei
  dim_sizes:  24,48,12,56,32,64,8,84,8,72
  cont_path:  (1,2),(2,3),(0,1),(0,1)
  backend:    torch
  dtype:      FP32
*** benchmarking opt_einsum expression ***
  #flops :          6699220992
  #bytes :          49158528
  arith. intensity: 136.28
  time (eval):      0.006011
  time (compile):   0.000163
  gflops (eval):    1114.54
  gflops (total):   1085.18
CSV_DATA: opt_einsum,torch,"iaje,bf,dcba,cigj,dh->hgfei","24,48,12,56,32,64,8,84,8,72","(1,2),(2,3),(0,1),(0,1)",FP32,6699220992,136.27790059132772,0.00016260147094726562,0.006010770797729492,1114.5360915326473,1085.18014149112
*** input parameters ***
  einsum_str: iaje,bf,dcba,cigj,dh->hgfei
  dim_sizes:  24,48,12,56,32,64,8,84,8,72
  cont_path:  (1,2),(2,3),(0,1),(0,1)
  backend:    torch
  dtype:      FP32
*** benchmarking opt_einsum expression ***
  #flops :          6699220992
  #bytes :          49158528
  arith. intensity: 136.28
  time (eval):      0.005794
  time (compile):   0.000164
  gflops (eval):    1156.27
  gflops (total):   1124.44
CSV_DATA: opt_einsum,torch,"iaje,bf,dcba,cigj,dh->hgfei","24,48,12,56,32,64,8,84,8,72","(1,2),(2,3),(0,1),(0,1)",FP32,6699220992,136.27790059132772,0.000164031982421875,0.00579380989074707,1156.2721453285696,1124.4375286577922
*** input parameters ***
  einsum_str: iaje,bf,dcba,cigj,dh->hgfei
  dim_sizes:  24,48,12,56,32,64,8,84,8,72
  cont_path:  (1,2),(2,3),(0,1),(0,1)
  backend:    torch
  dtype:      FP32
*** benchmarking opt_einsum expression ***
  #flops :          6699220992
  #bytes :          49158528
  arith. intensity: 136.28
  time (eval):      0.006013
  time (compile):   0.000168
  gflops (eval):    1114.14
  gflops (total):   1083.80
CSV_DATA: opt_einsum,torch,"iaje,bf,dcba,cigj,dh->hgfei","24,48,12,56,32,64,8,84,8,72","(1,2),(2,3),(0,1),(0,1)",FP32,6699220992,136.27790059132772,0.00016832351684570312,0.006012916564941406,1114.1383585895944,1083.7988661432373
*** input parameters ***
  einsum_str: iaje,bf,dcba,cigj,dh->hgfei
  dim_sizes:  24,48,12,56,32,64,8,84,8,72
  cont_path:  (1,2),(2,3),(0,1),(0,1)
  backend:    torch
  dtype:      FP32
*** benchmarking opt_einsum expression ***
  #flops :          6699220992
  #bytes :          49158528
  arith. intensity: 136.28
  time (eval):      0.006045
  time (compile):   0.000161
  gflops (eval):    1108.16
  gflops (total):   1079.34
CSV_DATA: opt_einsum,torch,"iaje,bf,dcba,cigj,dh->hgfei","24,48,12,56,32,64,8,84,8,72","(1,2),(2,3),(0,1),(0,1)",FP32,6699220992,136.27790059132772,0.0001614093780517578,0.006045341491699219,1108.1625415534616,1079.3442708727218
*** input parameters ***
  einsum_str: iaje,bf,dcba,cigj,dh->hgfei
  dim_sizes:  24,48,12,56,32,64,8,84,8,72
  cont_path:  (1,2),(2,3),(0,1),(0,1)
  backend:    torch
  dtype:      FP32
*** benchmarking opt_einsum expression ***
  #flops :          6699220992
  #bytes :          49158528
  arith. intensity: 136.28
  time (eval):      0.006045
  time (compile):   0.000162
  gflops (eval):    1108.25
  gflops (total):   1079.39
CSV_DATA: opt_einsum,torch,"iaje,bf,dcba,cigj,dh->hgfei","24,48,12,56,32,64,8,84,8,72","(1,2),(2,3),(0,1),(0,1)",FP32,6699220992,136.27790059132772,0.00016164779663085938,0.006044864654541016,1108.2499567574966,1079.385733083496
*** input parameters ***
  einsum_str: iaje,bf,dcba,cigj,dh->hgfei
  dim_sizes:  24,48,12,56,32,64,8,84,8,72
  cont_path:  (1,2),(2,3),(0,1),(0,1)
  backend:    torch
  dtype:      FP32
*** benchmarking opt_einsum expression ***
  #flops :          6699220992
  #bytes :          49158528
  arith. intensity: 136.28
  time (eval):      0.005970
  time (compile):   0.000167
  gflops (eval):    1122.24
  gflops (total):   1091.63
CSV_DATA: opt_einsum,torch,"iaje,bf,dcba,cigj,dh->hgfei","24,48,12,56,32,64,8,84,8,72","(1,2),(2,3),(0,1),(0,1)",FP32,6699220992,136.27790059132772,0.00016736984252929688,0.005969524383544922,1122.2369759417513,1091.6305129615218
*** input parameters ***
  einsum_str: iaje,bf,dcba,cigj,dh->hgfei
  dim_sizes:  24,48,12,56,32,64,8,84,8,72
  cont_path:  (1,2),(2,3),(0,1),(0,1)
  backend:    torch
  dtype:      FP32
*** benchmarking opt_einsum expression ***
  #flops :          6699220992
  #bytes :          49158528
  arith. intensity: 136.28
  time (eval):      0.005926
  time (compile):   0.000165
  gflops (eval):    1130.55
  gflops (total):   1099.83
CSV_DATA: opt_einsum,torch,"iaje,bf,dcba,cigj,dh->hgfei","24,48,12,56,32,64,8,84,8,72","(1,2),(2,3),(0,1),(0,1)",FP32,6699220992,136.27790059132772,0.00016546249389648438,0.005925655364990234,1130.5451598788752,1099.8344059663993
*** input parameters ***
  einsum_str: iaje,bf,dcba,cigj,dh->hgfei
  dim_sizes:  24,48,12,56,32,64,8,84,8,72
  cont_path:  (1,2),(2,3),(0,1),(0,1)
  backend:    torch
  dtype:      FP32
*** benchmarking opt_einsum expression ***
  #flops :          6699220992
  #bytes :          49158528
  arith. intensity: 136.28
  time (eval):      0.005937
  time (compile):   0.000164
  gflops (eval):    1128.41
  gflops (total):   1098.16
CSV_DATA: opt_einsum,torch,"iaje,bf,dcba,cigj,dh->hgfei","24,48,12,56,32,64,8,84,8,72","(1,2),(2,3),(0,1),(0,1)",FP32,6699220992,136.27790059132772,0.00016355514526367188,0.005936861038208008,1128.411284833122,1098.1580257017067
*** input parameters ***
  einsum_str: iaje,bf,dcba,cigj,dh->hgfei
  dim_sizes:  24,48,12,56,32,64,8,84,8,72
  cont_path:  (1,2),(2,3),(0,1),(0,1)
  backend:    torch
  dtype:      FP32
*** benchmarking opt_einsum expression ***
  #flops :          6699220992
  #bytes :          49158528
  arith. intensity: 136.28
  time (eval):      0.005949
  time (compile):   0.000155
  gflops (eval):    1126.01
  gflops (total):   1097.34
CSV_DATA: opt_einsum,torch,"iaje,bf,dcba,cigj,dh->hgfei","24,48,12,56,32,64,8,84,8,72","(1,2),(2,3),(0,1),(0,1)",FP32,6699220992,136.27790059132772,0.00015544891357421875,0.005949497222900391,1126.0146430884656,1097.3431775220483
*** input parameters ***
  einsum_str: iaje,bf,dcba,cigj,dh->hgfei
  dim_sizes:  24,48,12,56,32,64,8,84,8,72
  cont_path:  (1,2),(2,3),(0,1),(0,1)
  backend:    torch
  dtype:      FP32
*** benchmarking opt_einsum expression ***
  #flops :          6699220992
  #bytes :          49158528
  arith. intensity: 136.28
  time (eval):      0.005907
  time (compile):   0.000160
  gflops (eval):    1134.10
  gflops (total):   1104.11
CSV_DATA: opt_einsum,torch,"iaje,bf,dcba,cigj,dh->hgfei","24,48,12,56,32,64,8,84,8,72","(1,2),(2,3),(0,1),(0,1)",FP32,6699220992,136.27790059132772,0.00016045570373535156,0.0059070587158203125,1134.1043511313194,1104.112908311901
*** input parameters ***
  einsum_str: iaje,bf,dcba,cigj,dh->hgfei
  dim_sizes:  24,48,12,56,32,64,8,84,8,72
  cont_path:  (1,2),(2,3),(0,1),(0,1)
  backend:    torch
  dtype:      FP32
*** benchmarking opt_einsum expression ***
  #flops :          6699220992
  #bytes :          49158528
  arith. intensity: 136.28
  time (eval):      0.006011
  time (compile):   0.000169
  gflops (eval):    1114.40
  gflops (total):   1083.88
CSV_DATA: opt_einsum,torch,"iaje,bf,dcba,cigj,dh->hgfei","24,48,12,56,32,64,8,84,8,72","(1,2),(2,3),(0,1),(0,1)",FP32,6699220992,136.27790059132772,0.00016927719116210938,0.006011486053466797,1114.4034823363834,1083.8824796956324
*** input parameters ***
  einsum_str: iaje,bf,dcba,cigj,dh->hgfei
  dim_sizes:  24,48,12,56,32,64,8,84,8,72
  cont_path:  (1,2),(2,3),(0,1),(0,1)
  backend:    torch
  dtype:      FP32
*** benchmarking opt_einsum expression ***
  #flops :          6699220992
  #bytes :          49158528
  arith. intensity: 136.28
  time (eval):      0.005977
  time (compile):   0.000161
  gflops (eval):    1120.85
  gflops (total):   1091.42
CSV_DATA: opt_einsum,torch,"iaje,bf,dcba,cigj,dh->hgfei","24,48,12,56,32,64,8,84,8,72","(1,2),(2,3),(0,1),(0,1)",FP32,6699220992,136.27790059132772,0.00016117095947265625,0.00597691535949707,1120.849232264134,1091.4185047049746
*** input parameters ***
  einsum_str: iaje,bf,dcba,cigj,dh->hgfei
  dim_sizes:  24,48,12,56,32,64,8,84,8,72
  cont_path:  (1,2),(2,3),(0,1),(0,1)
  backend:    torch
  dtype:      FP32
*** benchmarking opt_einsum expression ***
  #flops :          6699220992
  #bytes :          49158528
  arith. intensity: 136.28
  time (eval):      0.006005
  time (compile):   0.000165
  gflops (eval):    1115.60
  gflops (total):   1085.77
CSV_DATA: opt_einsum,torch,"iaje,bf,dcba,cigj,dh->hgfei","24,48,12,56,32,64,8,84,8,72","(1,2),(2,3),(0,1),(0,1)",FP32,6699220992,136.27790059132772,0.00016498565673828125,0.006005048751831055,1115.5981023396819,1085.7672013458623
*** input parameters ***
  einsum_str: iaje,bf,dcba,cigj,dh->hgfei
  dim_sizes:  24,48,12,56,32,64,8,84,8,72
  cont_path:  (1,2),(2,3),(0,1),(0,1)
  backend:    torch
  dtype:      FP32
*** benchmarking opt_einsum expression ***
  #flops :          6699220992
  #bytes :          49158528
  arith. intensity: 136.28
  time (eval):      0.006003
  time (compile):   0.000163
  gflops (eval):    1116.00
  gflops (total):   1086.48
CSV_DATA: opt_einsum,torch,"iaje,bf,dcba,cigj,dh->hgfei","24,48,12,56,32,64,8,84,8,72","(1,2),(2,3),(0,1),(0,1)",FP32,6699220992,136.27790059132772,0.00016307830810546875,0.006002902984619141,1115.99687837118,1086.4809142227814
*** input parameters ***
  einsum_str: iaje,bf,dcba,cigj,dh->hgfei
  dim_sizes:  24,48,12,56,32,64,8,84,8,72
  cont_path:  (1,2),(2,3),(0,1),(0,1)
  backend:    torch
  dtype:      FP32
*** benchmarking opt_einsum expression ***
  #flops :          6699220992
  #bytes :          49158528
  arith. intensity: 136.28
  time (eval):      0.006013
  time (compile):   0.000166
  gflops (eval):    1114.14
  gflops (total):   1084.18
CSV_DATA: opt_einsum,torch,"iaje,bf,dcba,cigj,dh->hgfei","24,48,12,56,32,64,8,84,8,72","(1,2),(2,3),(0,1),(0,1)",FP32,6699220992,136.27790059132772,0.00016617774963378906,0.006012916564941406,1114.1383585895944,1084.175228754469
*** input parameters ***
  einsum_str: iaje,bf,dcba,cigj,dh->hgfei
  dim_sizes:  24,48,12,56,32,64,8,84,8,72
  cont_path:  (1,2),(2,3),(0,1),(0,1)
  backend:    torch
  dtype:      FP32
*** benchmarking opt_einsum expression ***
  #flops :          6699220992
  #bytes :          49158528
  arith. intensity: 136.28
  time (eval):      0.005842
  time (compile):   0.000165
  gflops (eval):    1146.69
  gflops (total):   1115.24
CSV_DATA: opt_einsum,torch,"iaje,bf,dcba,cigj,dh->hgfei","24,48,12,56,32,64,8,84,8,72","(1,2),(2,3),(0,1),(0,1)",FP32,6699220992,136.27790059132772,0.0001647472381591797,0.0058422088623046875,1146.6931686104133,1115.24387392854
*** input parameters ***
  einsum_str: iaje,bf,dcba,cigj,dh->hgfei
  dim_sizes:  24,48,12,56,32,64,8,84,8,72
  cont_path:  (1,2),(2,3),(0,1),(0,1)
  backend:    torch
  dtype:      FP32
*** benchmarking opt_einsum expression ***
  #flops :          6699220992
  #bytes :          49158528
  arith. intensity: 136.28
  time (eval):      0.005618
  time (compile):   0.000165
  gflops (eval):    1192.49
  gflops (total):   1158.42
CSV_DATA: opt_einsum,torch,"iaje,bf,dcba,cigj,dh->hgfei","24,48,12,56,32,64,8,84,8,72","(1,2),(2,3),(0,1),(0,1)",FP32,6699220992,136.27790059132772,0.0001652240753173828,0.005617856979370117,1192.486924569434,1158.417274226153
*** input parameters ***
  einsum_str: iaje,bf,dcba,cigj,dh->hgfei
  dim_sizes:  24,48,12,56,32,64,8,84,8,72
  cont_path:  (1,2),(2,3),(0,1),(0,1)
  backend:    torch
  dtype:      FP32
*** benchmarking opt_einsum expression ***
  #flops :          6699220992
  #bytes :          49158528
  arith. intensity: 136.28
  time (eval):      0.005966
  time (compile):   0.000156
  gflops (eval):    1122.86
  gflops (total):   1094.27
CSV_DATA: opt_einsum,torch,"iaje,bf,dcba,cigj,dh->hgfei","24,48,12,56,32,64,8,84,8,72","(1,2),(2,3),(0,1),(0,1)",FP32,6699220992,136.27790059132772,0.00015592575073242188,0.0059661865234375,1122.864825912307,1094.26627477333
*** input parameters ***
  einsum_str: iaje,bf,dcba,cigj,dh->hgfei
  dim_sizes:  24,48,12,56,32,64,8,84,8,72
  cont_path:  (1,2),(2,3),(0,1),(0,1)
  backend:    torch
  dtype:      FP32
*** benchmarking opt_einsum expression ***
  #flops :          6699220992
  #bytes :          49158528
  arith. intensity: 136.28
  time (eval):      0.005930
  time (compile):   0.000164
  gflops (eval):    1129.68
  gflops (total):   1099.32
CSV_DATA: opt_einsum,torch,"iaje,bf,dcba,cigj,dh->hgfei","24,48,12,56,32,64,8,84,8,72","(1,2),(2,3),(0,1),(0,1)",FP32,6699220992,136.27790059132772,0.00016379356384277344,0.005930185317993164,1129.6815584621706,1099.3180517851945
*** input parameters ***
  einsum_str: iaje,bf,dcba,cigj,dh->hgfei
  dim_sizes:  24,48,12,56,32,64,8,84,8,72
  cont_path:  (1,2),(2,3),(0,1),(0,1)
  backend:    torch
  dtype:      FP32
*** benchmarking opt_einsum expression ***
  #flops :          6699220992
  #bytes :          49158528
  arith. intensity: 136.28
  time (eval):      0.005744
  time (compile):   0.000158
  gflops (eval):    1166.40
  gflops (total):   1135.16
CSV_DATA: opt_einsum,torch,"iaje,bf,dcba,cigj,dh->hgfei","24,48,12,56,32,64,8,84,8,72","(1,2),(2,3),(0,1),(0,1)",FP32,6699220992,136.27790059132772,0.00015807151794433594,0.005743503570556641,1166.3997261780644,1135.1581385540971
*** input parameters ***
  einsum_str: iaje,bf,dcba,cigj,dh->hgfei
  dim_sizes:  24,48,12,56,32,64,8,84,8,72
  cont_path:  (1,2),(2,3),(0,1),(0,1)
  backend:    torch
  dtype:      FP32
*** benchmarking opt_einsum expression ***
  #flops :          6699220992
  #bytes :          49158528
  arith. intensity: 136.28
  time (eval):      0.005859
  time (compile):   0.000159
  gflops (eval):    1143.43
  gflops (total):   1113.21
CSV_DATA: opt_einsum,torch,"iaje,bf,dcba,cigj,dh->hgfei","24,48,12,56,32,64,8,84,8,72","(1,2),(2,3),(0,1),(0,1)",FP32,6699220992,136.27790059132772,0.0001590251922607422,0.005858898162841797,1143.4267682766163,1113.2114180749402
*** input parameters ***
  einsum_str: iaje,bf,dcba,cigj,dh->hgfei
  dim_sizes:  24,48,12,56,32,64,8,84,8,72
  cont_path:  (1,2),(2,3),(0,1),(0,1)
  backend:    torch
  dtype:      FP32
*** benchmarking opt_einsum expression ***
  #flops :          6699220992
  #bytes :          49158528
  arith. intensity: 136.28
  time (eval):      0.005862
  time (compile):   0.000158
  gflops (eval):    1142.73
  gflops (total):   1112.73
CSV_DATA: opt_einsum,torch,"iaje,bf,dcba,cigj,dh->hgfei","24,48,12,56,32,64,8,84,8,72","(1,2),(2,3),(0,1),(0,1)",FP32,6699220992,136.27790059132772,0.00015807151794433594,0.00586247444152832,1142.7292449318627,1112.7264930947874
*** input parameters ***
  einsum_str: iaje,bf,dcba,cigj,dh->hgfei
  dim_sizes:  24,48,12,56,32,64,8,84,8,72
  cont_path:  (1,2),(2,3),(0,1),(0,1)
  backend:    torch
  dtype:      FP32
*** benchmarking opt_einsum expression ***
  #flops :          6699220992
  #bytes :          49158528
  arith. intensity: 136.28
  time (eval):      0.005872
  time (compile):   0.000167
  gflops (eval):    1140.97
  gflops (total):   1109.48
CSV_DATA: opt_einsum,torch,"iaje,bf,dcba,cigj,dh->hgfei","24,48,12,56,32,64,8,84,8,72","(1,2),(2,3),(0,1),(0,1)",FP32,6699220992,136.27790059132772,0.0001666545867919922,0.00587153434753418,1140.965988696535,1109.4752192856972
*** input parameters ***
  einsum_str: iaje,bf,dcba,cigj,dh->hgfei
  dim_sizes:  24,48,12,56,32,64,8,84,8,72
  cont_path:  (1,2),(2,3),(0,1),(0,1)
  backend:    torch
  dtype:      FP32
*** benchmarking opt_einsum expression ***
  #flops :          6699220992
  #bytes :          49158528
  arith. intensity: 136.28
  time (eval):      0.006163
  time (compile):   0.000166
  gflops (eval):    1087.03
  gflops (total):   1058.53
CSV_DATA: opt_einsum,torch,"iaje,bf,dcba,cigj,dh->hgfei","24,48,12,56,32,64,8,84,8,72","(1,2),(2,3),(0,1),(0,1)",FP32,6699220992,136.27790059132772,0.0001659393310546875,0.006162881851196289,1087.0273280834683,1058.5258769496918
*** input parameters ***
  einsum_str: iaje,bf,dcba,cigj,dh->hgfei
  dim_sizes:  24,48,12,56,32,64,8,84,8,72
  cont_path:  (1,2),(2,3),(0,1),(0,1)
  backend:    torch
  dtype:      FP32
*** benchmarking opt_einsum expression ***
  #flops :          6699220992
  #bytes :          49158528
  arith. intensity: 136.28
  time (eval):      0.005941
  time (compile):   0.000161
  gflops (eval):    1127.69
  gflops (total):   1097.86
CSV_DATA: opt_einsum,torch,"iaje,bf,dcba,cigj,dh->hgfei","24,48,12,56,32,64,8,84,8,72","(1,2),(2,3),(0,1),(0,1)",FP32,6699220992,136.27790059132772,0.0001614093780517578,0.005940675735473633,1127.6866959758227,1097.8576777224962
*** input parameters ***
  einsum_str: iaje,bf,dcba,cigj,dh->hgfei
  dim_sizes:  24,48,12,56,32,64,8,84,8,72
  cont_path:  (1,2),(2,3),(0,1),(0,1)
  backend:    torch
  dtype:      FP32
*** benchmarking opt_einsum expression ***
  #flops :          6699220992
  #bytes :          49158528
  arith. intensity: 136.28
  time (eval):      0.005776
  time (compile):   0.000157
  gflops (eval):    1159.90
  gflops (total):   1129.14
CSV_DATA: opt_einsum,torch,"iaje,bf,dcba,cigj,dh->hgfei","24,48,12,56,32,64,8,84,8,72","(1,2),(2,3),(0,1),(0,1)",FP32,6699220992,136.27790059132772,0.00015735626220703125,0.0057756900787353516,1159.8996657845023,1129.136805450254
*** input parameters ***
  einsum_str: iaje,bf,dcba,cigj,dh->hgfei
  dim_sizes:  24,48,12,56,32,64,8,84,8,72
  cont_path:  (1,2),(2,3),(0,1),(0,1)
  backend:    torch
  dtype:      FP32
*** benchmarking opt_einsum expression ***
  #flops :          6699220992
  #bytes :          49158528
  arith. intensity: 136.28
  time (eval):      0.005921
  time (compile):   0.000167
  gflops (eval):    1131.46
  gflops (total):   1100.44
CSV_DATA: opt_einsum,torch,"iaje,bf,dcba,cigj,dh->hgfei","24,48,12,56,32,64,8,84,8,72","(1,2),(2,3),(0,1),(0,1)",FP32,6699220992,136.27790059132772,0.00016689300537109375,0.005920886993408203,1131.455641605443,1100.4374325851636
*** input parameters ***
  einsum_str: iaje,bf,dcba,cigj,dh->hgfei
  dim_sizes:  24,48,12,56,32,64,8,84,8,72
  cont_path:  (1,2),(2,3),(0,1),(0,1)
  backend:    torch
  dtype:      FP32
*** benchmarking opt_einsum expression ***
  #flops :          6699220992
  #bytes :          49158528
  arith. intensity: 136.28
  time (eval):      0.005834
  time (compile):   0.000161
  gflops (eval):    1148.38
  gflops (total):   1117.46
CSV_DATA: opt_einsum,torch,"iaje,bf,dcba,cigj,dh->hgfei","24,48,12,56,32,64,8,84,8,72","(1,2),(2,3),(0,1),(0,1)",FP32,6699220992,136.27790059132772,0.0001614093780517578,0.005833625793457031,1148.3803091233272,1117.4614994483823
*** input parameters ***
  einsum_str: iaje,bf,dcba,cigj,dh->hgfei
  dim_sizes:  24,48,12,56,32,64,8,84,8,72
  cont_path:  (1,2),(2,3),(0,1),(0,1)
  backend:    torch
  dtype:      FP32
*** benchmarking opt_einsum expression ***
  #flops :          6699220992
  #bytes :          49158528
  arith. intensity: 136.28
  time (eval):      0.005716
  time (compile):   0.000168
  gflops (eval):    1172.09
  gflops (total):   1138.56
CSV_DATA: opt_einsum,torch,"iaje,bf,dcba,cigj,dh->hgfei","24,48,12,56,32,64,8,84,8,72","(1,2),(2,3),(0,1),(0,1)",FP32,6699220992,136.27790059132772,0.00016832351684570312,0.005715608596801758,1172.0923290213811,1138.561911083495
*** input parameters ***
  einsum_str: iaje,bf,dcba,cigj,dh->hgfei
  dim_sizes:  24,48,12,56,32,64,8,84,8,72
  cont_path:  (1,2),(2,3),(0,1),(0,1)
  backend:    torch
  dtype:      FP32
*** benchmarking opt_einsum expression ***
  #flops :          6699220992
  #bytes :          49158528
  arith. intensity: 136.28
  time (eval):      0.005616
  time (compile):   0.000164
  gflops (eval):    1192.79
  gflops (total):   1158.90
CSV_DATA: opt_einsum,torch,"iaje,bf,dcba,cigj,dh->hgfei","24,48,12,56,32,64,8,84,8,72","(1,2),(2,3),(0,1),(0,1)",FP32,6699220992,136.27790059132772,0.00016427040100097656,0.005616426467895508,1192.7906526140666,1158.895050879715
*** input parameters ***
  einsum_str: iaje,bf,dcba,cigj,dh->hgfei
  dim_sizes:  24,48,12,56,32,64,8,84,8,72
  cont_path:  (1,2),(2,3),(0,1),(0,1)
  backend:    torch
  dtype:      FP32
*** benchmarking opt_einsum expression ***
  #flops :          6699220992
  #bytes :          49158528
  arith. intensity: 136.28
  time (eval):      0.005668
  time (compile):   0.000164
  gflops (eval):    1181.85
  gflops (total):   1148.57
CSV_DATA: opt_einsum,torch,"iaje,bf,dcba,cigj,dh->hgfei","24,48,12,56,32,64,8,84,8,72","(1,2),(2,3),(0,1),(0,1)",FP32,6699220992,136.27790059132772,0.00016427040100097656,0.0056684017181396484,1181.8536026763227,1148.568075687932
*** input parameters ***
  einsum_str: iaje,bf,dcba,cigj,dh->hgfei
  dim_sizes:  24,48,12,56,32,64,8,84,8,72
  cont_path:  (1,2),(2,3),(0,1),(0,1)
  backend:    torch
  dtype:      FP32
*** benchmarking opt_einsum expression ***
  #flops :          6699220992
  #bytes :          49158528
  arith. intensity: 136.28
  time (eval):      0.005751
  time (compile):   0.000161
  gflops (eval):    1164.80
  gflops (total):   1133.14
CSV_DATA: opt_einsum,torch,"iaje,bf,dcba,cigj,dh->hgfei","24,48,12,56,32,64,8,84,8,72","(1,2),(2,3),(0,1),(0,1)",FP32,6699220992,136.27790059132772,0.00016069412231445312,0.005751371383666992,1164.8041041176293,1133.1439046509486
*** input parameters ***
  einsum_str: iaje,bf,dcba,cigj,dh->hgfei
  dim_sizes:  24,48,12,56,32,64,8,84,8,72
  cont_path:  (1,2),(2,3),(0,1),(0,1)
  backend:    torch
  dtype:      FP32
*** benchmarking opt_einsum expression ***
  #flops :          6699220992
  #bytes :          49158528
  arith. intensity: 136.28
  time (eval):      0.006087
  time (compile):   0.000167
  gflops (eval):    1100.52
  gflops (total):   1071.20
CSV_DATA: opt_einsum,torch,"iaje,bf,dcba,cigj,dh->hgfei","24,48,12,56,32,64,8,84,8,72","(1,2),(2,3),(0,1),(0,1)",FP32,6699220992,136.27790059132772,0.0001666545867919922,0.006087303161621094,1100.5236332300474,1071.1970341820584
*** input parameters ***
  einsum_str: iaje,bf,dcba,cigj,dh->hgfei
  dim_sizes:  24,48,12,56,32,64,8,84,8,72
  cont_path:  (1,2),(2,3),(0,1),(0,1)
  backend:    torch
  dtype:      FP32
*** benchmarking opt_einsum expression ***
  #flops :          6699220992
  #bytes :          49158528
  arith. intensity: 136.28
  time (eval):      0.005743
  time (compile):   0.000163
  gflops (eval):    1166.54
  gflops (total):   1134.42
CSV_DATA: opt_einsum,torch,"iaje,bf,dcba,cigj,dh->hgfei","24,48,12,56,32,64,8,84,8,72","(1,2),(2,3),(0,1),(0,1)",FP32,6699220992,136.27790059132772,0.00016260147094726562,0.005742788314819336,1166.5449995279432,1134.424861868851
*** input parameters ***
  einsum_str: iaje,bf,dcba,cigj,dh->hgfei
  dim_sizes:  24,48,12,56,32,64,8,84,8,72
  cont_path:  (1,2),(2,3),(0,1),(0,1)
  backend:    torch
  dtype:      FP32
*** benchmarking opt_einsum expression ***
  #flops :          6699220992
  #bytes :          49158528
  arith. intensity: 136.28
  time (eval):      0.005693
  time (compile):   0.000165
  gflops (eval):    1176.80
  gflops (total):   1143.71
CSV_DATA: opt_einsum,torch,"iaje,bf,dcba,cigj,dh->hgfei","24,48,12,56,32,64,8,84,8,72","(1,2),(2,3),(0,1),(0,1)",FP32,6699220992,136.27790059132772,0.0001647472381591797,0.005692720413208008,1176.8048500075206,1143.7060161034506
*** input parameters ***
  einsum_str: iaje,bf,dcba,cigj,dh->hgfei
  dim_sizes:  24,48,12,56,32,64,8,84,8,72
  cont_path:  (1,2),(2,3),(0,1),(0,1)
  backend:    torch
  dtype:      FP32
*** benchmarking opt_einsum expression ***
  #flops :          6699220992
  #bytes :          49158528
  arith. intensity: 136.28
  time (eval):      0.005636
  time (compile):   0.000169
  gflops (eval):    1188.65
  gflops (total):   1153.99
CSV_DATA: opt_einsum,torch,"iaje,bf,dcba,cigj,dh->hgfei","24,48,12,56,32,64,8,84,8,72","(1,2),(2,3),(0,1),(0,1)",FP32,6699220992,136.27790059132772,0.00016927719116210938,0.005635976791381836,1188.6530480828112,1153.9927472844704
*** input parameters ***
  einsum_str: iaje,bf,dcba,cigj,dh->hgfei
  dim_sizes:  24,48,12,56,32,64,8,84,8,72
  cont_path:  (1,2),(2,3),(0,1),(0,1)
  backend:    torch
  dtype:      FP32
*** benchmarking opt_einsum expression ***
  #flops :          6699220992
  #bytes :          49158528
  arith. intensity: 136.28
  time (eval):      0.005744
  time (compile):   0.000155
  gflops (eval):    1166.25
  gflops (total):   1135.57
CSV_DATA: opt_einsum,torch,"iaje,bf,dcba,cigj,dh->hgfei","24,48,12,56,32,64,8,84,8,72","(1,2),(2,3),(0,1),(0,1)",FP32,6699220992,136.27790059132772,0.0001552104949951172,0.005744218826293945,1166.2544890063325,1135.5710234250553
*** input parameters ***
  einsum_str: iaje,bf,dcba,cigj,dh->hgfei
  dim_sizes:  24,48,12,56,32,64,8,84,8,72
  cont_path:  (1,2),(2,3),(0,1),(0,1)
  backend:    torch
  dtype:      FP32
*** benchmarking opt_einsum expression ***
  #flops :          6699220992
  #bytes :          49158528
  arith. intensity: 136.28
  time (eval):      0.005633
  time (compile):   0.000164
  gflops (eval):    1189.36
  gflops (total):   1155.65
CSV_DATA: opt_einsum,torch,"iaje,bf,dcba,cigj,dh->hgfei","24,48,12,56,32,64,8,84,8,72","(1,2),(2,3),(0,1),(0,1)",FP32,6699220992,136.27790059132772,0.00016427040100097656,0.005632638931274414,1189.3574350742674,1155.6539197018
*** input parameters ***
  einsum_str: iaje,bf,dcba,cigj,dh->hgfei
  dim_sizes:  24,48,12,56,32,64,8,84,8,72
  cont_path:  (1,2),(2,3),(0,1),(0,1)
  backend:    torch
  dtype:      FP32
*** benchmarking opt_einsum expression ***
  #flops :          6699220992
  #bytes :          49158528
  arith. intensity: 136.28
  time (eval):      0.005937
  time (compile):   0.000163
  gflops (eval):    1128.37
  gflops (total):   1098.20
CSV_DATA: opt_einsum,torch,"iaje,bf,dcba,cigj,dh->hgfei","24,48,12,56,32,64,8,84,8,72","(1,2),(2,3),(0,1),(0,1)",FP32,6699220992,136.27790059132772,0.00016307830810546875,0.005937099456787109,1128.3659707505246,1098.2009459716082
*** input parameters ***
  einsum_str: iaje,bf,dcba,cigj,dh->hgfei
  dim_sizes:  24,48,12,56,32,64,8,84,8,72
  cont_path:  (1,2),(2,3),(0,1),(0,1)
  backend:    torch
  dtype:      FP32
*** benchmarking opt_einsum expression ***
  #flops :          6699220992
  #bytes :          49158528
  arith. intensity: 136.28
  time (eval):      0.005943
  time (compile):   0.000170
  gflops (eval):    1127.28
  gflops (total):   1095.97
CSV_DATA: opt_einsum,torch,"iaje,bf,dcba,cigj,dh->hgfei","24,48,12,56,32,64,8,84,8,72","(1,2),(2,3),(0,1),(0,1)",FP32,6699220992,136.27790059132772,0.0001697540283203125,0.005942821502685547,1127.279523534846,1095.9735316182841
*** input parameters ***
  einsum_str: iaje,bf,dcba,cigj,dh->hgfei
  dim_sizes:  24,48,12,56,32,64,8,84,8,72
  cont_path:  (1,2),(2,3),(0,1),(0,1)
  backend:    torch
  dtype:      FP32
*** benchmarking opt_einsum expression ***
  #flops :          6699220992
  #bytes :          49158528
  arith. intensity: 136.28
  time (eval):      0.005905
  time (compile):   0.000156
  gflops (eval):    1134.56
  gflops (total):   1105.33
CSV_DATA: opt_einsum,torch,"iaje,bf,dcba,cigj,dh->hgfei","24,48,12,56,32,64,8,84,8,72","(1,2),(2,3),(0,1),(0,1)",FP32,6699220992,136.27790059132772,0.00015616416931152344,0.005904674530029297,1134.5622790773468,1105.3290351925405
*** input parameters ***
  einsum_str: iaje,bf,dcba,cigj,dh->hgfei
  dim_sizes:  24,48,12,56,32,64,8,84,8,72
  cont_path:  (1,2),(2,3),(0,1),(0,1)
  backend:    torch
  dtype:      FP32
*** benchmarking opt_einsum expression ***
  #flops :          6699220992
  #bytes :          49158528
  arith. intensity: 136.28
  time (eval):      0.005733
  time (compile):   0.000167
  gflops (eval):    1168.44
  gflops (total):   1135.43
CSV_DATA: opt_einsum,torch,"iaje,bf,dcba,cigj,dh->hgfei","24,48,12,56,32,64,8,84,8,72","(1,2),(2,3),(0,1),(0,1)",FP32,6699220992,136.27790059132772,0.0001666545867919922,0.005733489990234375,1168.4368514483356,1135.4333617662573
*** input parameters ***
  einsum_str: iaje,bf,dcba,cigj,dh->hgfei
  dim_sizes:  24,48,12,56,32,64,8,84,8,72
  cont_path:  (1,2),(2,3),(0,1),(0,1)
  backend:    torch
  dtype:      FP32
*** benchmarking opt_einsum expression ***
  #flops :          6699220992
  #bytes :          49158528
  arith. intensity: 136.28
  time (eval):      0.005813
  time (compile):   0.000160
  gflops (eval):    1152.53
  gflops (total):   1121.74
CSV_DATA: opt_einsum,torch,"iaje,bf,dcba,cigj,dh->hgfei","24,48,12,56,32,64,8,84,8,72","(1,2),(2,3),(0,1),(0,1)",FP32,6699220992,136.27790059132772,0.0001595020294189453,0.005812644958496094,1152.5254062194247,1121.744157596294
*** input parameters ***
  einsum_str: iaje,bf,dcba,cigj,dh->hgfei
  dim_sizes:  24,48,12,56,32,64,8,84,8,72
  cont_path:  (1,2),(2,3),(0,1),(0,1)
  backend:    torch
  dtype:      FP32
*** benchmarking opt_einsum expression ***
  #flops :          6699220992
  #bytes :          49158528
  arith. intensity: 136.28
  time (eval):      0.005915
  time (compile):   0.000163
  gflops (eval):    1132.60
  gflops (total):   1102.25
CSV_DATA: opt_einsum,torch,"iaje,bf,dcba,cigj,dh->hgfei","24,48,12,56,32,64,8,84,8,72","(1,2),(2,3),(0,1),(0,1)",FP32,6699220992,136.27790059132772,0.0001628398895263672,0.005914926528930664,1132.5958081192136,1102.2504865694953
*** input parameters ***
  einsum_str: iaje,bf,dcba,cigj,dh->hgfei
  dim_sizes:  24,48,12,56,32,64,8,84,8,72
  cont_path:  (1,2),(2,3),(0,1),(0,1)
  backend:    torch
  dtype:      FP32
*** benchmarking opt_einsum expression ***
  #flops :          6699220992
  #bytes :          49158528
  arith. intensity: 136.28
  time (eval):      0.005826
  time (compile):   0.000157
  gflops (eval):    1149.88
  gflops (total):   1119.73
CSV_DATA: opt_einsum,torch,"iaje,bf,dcba,cigj,dh->hgfei","24,48,12,56,32,64,8,84,8,72","(1,2),(2,3),(0,1),(0,1)",FP32,6699220992,136.27790059132772,0.00015687942504882812,0.005825996398925781,1149.8841628592884,1119.7325816382229
*** input parameters ***
  einsum_str: iaje,bf,dcba,cigj,dh->hgfei
  dim_sizes:  24,48,12,56,32,64,8,84,8,72
  cont_path:  (1,2),(2,3),(0,1),(0,1)
  backend:    torch
  dtype:      FP32
*** benchmarking opt_einsum expression ***
  #flops :          6699220992
  #bytes :          49158528
  arith. intensity: 136.28
  time (eval):      0.005765
  time (compile):   0.000167
  gflops (eval):    1162.01
  gflops (total):   1129.32
CSV_DATA: opt_einsum,torch,"iaje,bf,dcba,cigj,dh->hgfei","24,48,12,56,32,64,8,84,8,72","(1,2),(2,3),(0,1),(0,1)",FP32,6699220992,136.27790059132772,0.00016689300537109375,0.005765199661254883,1162.0102313233353,1129.3183314026594
*** input parameters ***
  einsum_str: iaje,bf,dcba,cigj,dh->hgfei
  dim_sizes:  24,48,12,56,32,64,8,84,8,72
  cont_path:  (1,2),(2,3),(0,1),(0,1)
  backend:    torch
  dtype:      FP32
*** benchmarking opt_einsum expression ***
  #flops :          6699220992
  #bytes :          49158528
  arith. intensity: 136.28
  time (eval):      0.005772
  time (compile):   0.000162
  gflops (eval):    1160.57
  gflops (total):   1128.86
CSV_DATA: opt_einsum,torch,"iaje,bf,dcba,cigj,dh->hgfei","24,48,12,56,32,64,8,84,8,72","(1,2),(2,3),(0,1),(0,1)",FP32,6699220992,136.27790059132772,0.0001621246337890625,0.00577235221862793,1160.5703772512318,1128.8646259141685
*** input parameters ***
  einsum_str: iaje,bf,dcba,cigj,dh->hgfei
  dim_sizes:  24,48,12,56,32,64,8,84,8,72
  cont_path:  (1,2),(2,3),(0,1),(0,1)
  backend:    torch
  dtype:      FP32
*** benchmarking opt_einsum expression ***
  #flops :          6699220992
  #bytes :          49158528
  arith. intensity: 136.28
  time (eval):      0.005668
  time (compile):   0.000164
  gflops (eval):    1181.95
  gflops (total):   1148.76
CSV_DATA: opt_einsum,torch,"iaje,bf,dcba,cigj,dh->hgfei","24,48,12,56,32,64,8,84,8,72","(1,2),(2,3),(0,1),(0,1)",FP32,6699220992,136.27790059132772,0.00016379356384277344,0.005667924880981445,1181.9530309018453,1148.7559036643324
*** input parameters ***
  einsum_str: iaje,bf,dcba,cigj,dh->hgfei
  dim_sizes:  24,48,12,56,32,64,8,84,8,72
  cont_path:  (1,2),(2,3),(0,1),(0,1)
  backend:    torch
  dtype:      FP32
*** benchmarking opt_einsum expression ***
  #flops :          6699220992
  #bytes :          49158528
  arith. intensity: 136.28
  time (eval):      0.005806
  time (compile):   0.000161
  gflops (eval):    1153.90
  gflops (total):   1122.69
CSV_DATA: opt_einsum,torch,"iaje,bf,dcba,cigj,dh->hgfei","24,48,12,56,32,64,8,84,8,72","(1,2),(2,3),(0,1),(0,1)",FP32,6699220992,136.27790059132772,0.0001614093780517578,0.0058057308197021484,1153.897967378324,1122.6853685324265
*** input parameters ***
  einsum_str: iaje,bf,dcba,cigj,dh->hgfei
  dim_sizes:  24,48,12,56,32,64,8,84,8,72
  cont_path:  (1,2),(2,3),(0,1),(0,1)
  backend:    torch
  dtype:      FP32
*** benchmarking opt_einsum expression ***
  #flops :          6699220992
  #bytes :          49158528
  arith. intensity: 136.28
  time (eval):      0.005916
  time (compile):   0.000165
  gflops (eval):    1132.37
  gflops (total):   1101.65
CSV_DATA: opt_einsum,torch,"iaje,bf,dcba,cigj,dh->hgfei","24,48,12,56,32,64,8,84,8,72","(1,2),(2,3),(0,1),(0,1)",FP32,6699220992,136.27790059132772,0.00016498565673828125,0.005916118621826172,1132.3675910223894,1101.645471796031
*** input parameters ***
  einsum_str: iaje,bf,dcba,cigj,dh->hgfei
  dim_sizes:  24,48,12,56,32,64,8,84,8,72
  cont_path:  (1,2),(2,3),(0,1),(0,1)
  backend:    torch
  dtype:      FP32
*** benchmarking opt_einsum expression ***
  #flops :          6699220992
  #bytes :          49158528
  arith. intensity: 136.28
  time (eval):      0.006001
  time (compile):   0.000164
  gflops (eval):    1116.35
  gflops (total):   1086.61
CSV_DATA: opt_einsum,torch,"iaje,bf,dcba,cigj,dh->hgfei","24,48,12,56,32,64,8,84,8,72","(1,2),(2,3),(0,1),(0,1)",FP32,6699220992,136.27790059132772,0.00016427040100097656,0.006000995635986328,1116.3515853647027,1086.606960966378
*** input parameters ***
  einsum_str: iaje,bf,dcba,cigj,dh->hgfei
  dim_sizes:  24,48,12,56,32,64,8,84,8,72
  cont_path:  (1,2),(2,3),(0,1),(0,1)
  backend:    torch
  dtype:      FP32
*** benchmarking opt_einsum expression ***
  #flops :          6699220992
  #bytes :          49158528
  arith. intensity: 136.28
  time (eval):      0.005869
  time (compile):   0.000166
  gflops (eval):    1141.43
  gflops (total):   1109.96
CSV_DATA: opt_einsum,torch,"iaje,bf,dcba,cigj,dh->hgfei","24,48,12,56,32,64,8,84,8,72","(1,2),(2,3),(0,1),(0,1)",FP32,6699220992,136.27790059132772,0.00016641616821289062,0.005869150161743164,1141.4294757131074,1109.9573139889224
*** input parameters ***
  einsum_str: iaje,bf,dcba,cigj,dh->hgfei
  dim_sizes:  24,48,12,56,32,64,8,84,8,72
  cont_path:  (1,2),(2,3),(0,1),(0,1)
  backend:    torch
  dtype:      FP32
*** benchmarking opt_einsum expression ***
  #flops :          6699220992
  #bytes :          49158528
  arith. intensity: 136.28
  time (eval):      0.005817
  time (compile):   0.000154
  gflops (eval):    1151.72
  gflops (total):   1121.92
CSV_DATA: opt_einsum,torch,"iaje,bf,dcba,cigj,dh->hgfei","24,48,12,56,32,64,8,84,8,72","(1,2),(2,3),(0,1),(0,1)",FP32,6699220992,136.27790059132772,0.0001544952392578125,0.00581669807434082,1151.722318466597,1121.9233141796594
*** input parameters ***
  einsum_str: iaje,bf,dcba,cigj,dh->hgfei
  dim_sizes:  24,48,12,56,32,64,8,84,8,72
  cont_path:  (1,2),(2,3),(0,1),(0,1)
  backend:    torch
  dtype:      FP32
*** benchmarking opt_einsum expression ***
  #flops :          6699220992
  #bytes :          49158528
  arith. intensity: 136.28
  time (eval):      0.005702
  time (compile):   0.000166
  gflops (eval):    1174.98
  gflops (total):   1141.66
CSV_DATA: opt_einsum,torch,"iaje,bf,dcba,cigj,dh->hgfei","24,48,12,56,32,64,8,84,8,72","(1,2),(2,3),(0,1),(0,1)",FP32,6699220992,136.27790059132772,0.00016641616821289062,0.005701541900634766,1174.9840847883904,1141.6613604595145
*** input parameters ***
  einsum_str: iaje,bf,dcba,cigj,dh->hgfei
  dim_sizes:  24,48,12,56,32,64,8,84,8,72
  cont_path:  (1,2),(2,3),(0,1),(0,1)
  backend:    torch
  dtype:      FP32
*** benchmarking opt_einsum expression ***
  #flops :          6699220992
  #bytes :          49158528
  arith. intensity: 136.28
  time (eval):      0.005762
  time (compile):   0.000169
  gflops (eval):    1162.73
  gflops (total):   1129.68
CSV_DATA: opt_einsum,torch,"iaje,bf,dcba,cigj,dh->hgfei","24,48,12,56,32,64,8,84,8,72","(1,2),(2,3),(0,1),(0,1)",FP32,6699220992,136.27790059132772,0.0001685619354248047,0.005761623382568359,1162.7314989501601,1129.6815584621706
*** input parameters ***
  einsum_str: iaje,bf,dcba,cigj,dh->hgfei
  dim_sizes:  24,48,12,56,32,64,8,84,8,72
  cont_path:  (1,2),(2,3),(0,1),(0,1)
  backend:    torch
  dtype:      FP32
*** benchmarking opt_einsum expression ***
  #flops :          6699220992
  #bytes :          49158528
  arith. intensity: 136.28
  time (eval):      0.005725
  time (compile):   0.000164
  gflops (eval):    1170.14
  gflops (total):   1137.59
CSV_DATA: opt_einsum,torch,"iaje,bf,dcba,cigj,dh->hgfei","24,48,12,56,32,64,8,84,8,72","(1,2),(2,3),(0,1),(0,1)",FP32,6699220992,136.27790059132772,0.00016379356384277344,0.00572514533996582,1170.1398993724054,1137.5939029809542
*** input parameters ***
  einsum_str: iaje,bf,dcba,cigj,dh->hgfei
  dim_sizes:  24,48,12,56,32,64,8,84,8,72
  cont_path:  (1,2),(2,3),(0,1),(0,1)
  backend:    torch
  dtype:      FP32
*** benchmarking opt_einsum expression ***
  #flops :          6699220992
  #bytes :          49158528
  arith. intensity: 136.28
  time (eval):      0.005883
  time (compile):   0.000163
  gflops (eval):    1138.84
  gflops (total):   1108.16
CSV_DATA: opt_einsum,torch,"iaje,bf,dcba,cigj,dh->hgfei","24,48,12,56,32,64,8,84,8,72","(1,2),(2,3),(0,1),(0,1)",FP32,6699220992,136.27790059132772,0.0001628398895263672,0.0058825016021728516,1138.838787485493,1108.1625415534616
*** input parameters ***
  einsum_str: iaje,bf,dcba,cigj,dh->hgfei
  dim_sizes:  24,48,12,56,32,64,8,84,8,72
  cont_path:  (1,2),(2,3),(0,1),(0,1)
  backend:    torch
  dtype:      FP32
*** benchmarking opt_einsum expression ***
  #flops :          6699220992
  #bytes :          49158528
  arith. intensity: 136.28
  time (eval):      0.005851
  time (compile):   0.000163
  gflops (eval):    1145.06
  gflops (total):   1114.01
CSV_DATA: opt_einsum,torch,"iaje,bf,dcba,cigj,dh->hgfei","24,48,12,56,32,64,8,84,8,72","(1,2),(2,3),(0,1),(0,1)",FP32,6699220992,136.27790059132772,0.00016307830810546875,0.005850553512573242,1145.0576390084996,1114.005844016555
*** input parameters ***
  einsum_str: iaje,bf,dcba,cigj,dh->hgfei
  dim_sizes:  24,48,12,56,32,64,8,84,8,72
  cont_path:  (1,2),(2,3),(0,1),(0,1)
  backend:    torch
  dtype:      FP32
*** benchmarking opt_einsum expression ***
  #flops :          6699220992
  #bytes :          49158528
  arith. intensity: 136.28
  time (eval):      0.005662
  time (compile):   0.000159
  gflops (eval):    1183.15
  gflops (total):   1150.78
CSV_DATA: opt_einsum,torch,"iaje,bf,dcba,cigj,dh->hgfei","24,48,12,56,32,64,8,84,8,72","(1,2),(2,3),(0,1),(0,1)",FP32,6699220992,136.27790059132772,0.00015926361083984375,0.005662202835083008,1183.147475836017,1150.77894105048
*** input parameters ***
  einsum_str: iaje,bf,dcba,cigj,dh->hgfei
  dim_sizes:  24,48,12,56,32,64,8,84,8,72
  cont_path:  (1,2),(2,3),(0,1),(0,1)
  backend:    torch
  dtype:      FP32
*** benchmarking opt_einsum expression ***
  #flops :          6699220992
  #bytes :          49158528
  arith. intensity: 136.28
  time (eval):      0.005734
  time (compile):   0.000159
  gflops (eval):    1168.39
  gflops (total):   1136.95
CSV_DATA: opt_einsum,torch,"iaje,bf,dcba,cigj,dh->hgfei","24,48,12,56,32,64,8,84,8,72","(1,2),(2,3),(0,1),(0,1)",FP32,6699220992,136.27790059132772,0.00015854835510253906,0.0057337284088134766,1168.3882657752742,1136.9494781755106
*** input parameters ***
  einsum_str: iaje,bf,dcba,cigj,dh->hgfei
  dim_sizes:  24,48,12,56,32,64,8,84,8,72
  cont_path:  (1,2),(2,3),(0,1),(0,1)
  backend:    torch
  dtype:      FP32
*** benchmarking opt_einsum expression ***
  #flops :          6699220992
  #bytes :          49158528
  arith. intensity: 136.28
  time (eval):      0.005965
  time (compile):   0.000164
  gflops (eval):    1123.13
  gflops (total):   1093.12
CSV_DATA: opt_einsum,torch,"iaje,bf,dcba,cigj,dh->hgfei","24,48,12,56,32,64,8,84,8,72","(1,2),(2,3),(0,1),(0,1)",FP32,6699220992,136.27790059132772,0.00016379356384277344,0.005964756011962891,1123.1341195790858,1093.1168801256397
*** input parameters ***
  einsum_str: iaje,bf,dcba,cigj,dh->hgfei
  dim_sizes:  24,48,12,56,32,64,8,84,8,72
  cont_path:  (1,2),(2,3),(0,1),(0,1)
  backend:    torch
  dtype:      FP32
*** benchmarking opt_einsum expression ***
  #flops :          6699220992
  #bytes :          49158528
  arith. intensity: 136.28
  time (eval):      0.005877
  time (compile):   0.000164
  gflops (eval):    1139.90
  gflops (total):   1108.99
CSV_DATA: opt_einsum,torch,"iaje,bf,dcba,cigj,dh->hgfei","24,48,12,56,32,64,8,84,8,72","(1,2),(2,3),(0,1),(0,1)",FP32,6699220992,136.27790059132772,0.00016379356384277344,0.005877017974853516,1139.9013956847696,1108.993543183075
*** input parameters ***
  einsum_str: iaje,bf,dcba,cigj,dh->hgfei
  dim_sizes:  24,48,12,56,32,64,8,84,8,72
  cont_path:  (1,2),(2,3),(0,1),(0,1)
  backend:    torch
  dtype:      FP32
*** benchmarking opt_einsum expression ***
  #flops :          6699220992
  #bytes :          49158528
  arith. intensity: 136.28
  time (eval):      0.005767
  time (compile):   0.000163
  gflops (eval):    1161.63
  gflops (total):   1129.77
CSV_DATA: opt_einsum,torch,"iaje,bf,dcba,cigj,dh->hgfei","24,48,12,56,32,64,8,84,8,72","(1,2),(2,3),(0,1),(0,1)",FP32,6699220992,136.27790059132772,0.00016260147094726562,0.005767107009887695,1161.6259210231747,1129.7724017381518
*** input parameters ***
  einsum_str: iaje,bf,dcba,cigj,dh->hgfei
  dim_sizes:  24,48,12,56,32,64,8,84,8,72
  cont_path:  (1,2),(2,3),(0,1),(0,1)
  backend:    torch
  dtype:      FP32
*** benchmarking opt_einsum expression ***
  #flops :          6699220992
  #bytes :          49158528
  arith. intensity: 136.28
  time (eval):      0.005560
  time (compile):   0.000159
  gflops (eval):    1204.96
  gflops (total):   1171.55
CSV_DATA: opt_einsum,torch,"iaje,bf,dcba,cigj,dh->hgfei","24,48,12,56,32,64,8,84,8,72","(1,2),(2,3),(0,1),(0,1)",FP32,6699220992,136.27790059132772,0.00015854835510253906,0.005559682846069336,1204.9645955499623,1171.5547616590047
*** input parameters ***
  einsum_str: iaje,bf,dcba,cigj,dh->hgfei
  dim_sizes:  24,48,12,56,32,64,8,84,8,72
  cont_path:  (1,2),(2,3),(0,1),(0,1)
  backend:    torch
  dtype:      FP32
*** benchmarking opt_einsum expression ***
  #flops :          6699220992
  #bytes :          49158528
  arith. intensity: 136.28
  time (eval):      0.005729
  time (compile):   0.000159
  gflops (eval):    1169.26
  gflops (total):   1137.64
CSV_DATA: opt_einsum,torch,"iaje,bf,dcba,cigj,dh->hgfei","24,48,12,56,32,64,8,84,8,72","(1,2),(2,3),(0,1),(0,1)",FP32,6699220992,136.27790059132772,0.00015926361083984375,0.0057294368743896484,1169.263426558594,1137.6399612789817
*** input parameters ***
  einsum_str: iaje,bf,dcba,cigj,dh->hgfei
  dim_sizes:  24,48,12,56,32,64,8,84,8,72
  cont_path:  (1,2),(2,3),(0,1),(0,1)
  backend:    torch
  dtype:      FP32
*** benchmarking opt_einsum expression ***
  #flops :          6699220992
  #bytes :          49158528
  arith. intensity: 136.28
  time (eval):      0.005712
  time (compile):   0.000167
  gflops (eval):    1172.78
  gflops (total):   1139.53
CSV_DATA: opt_einsum,torch,"iaje,bf,dcba,cigj,dh->hgfei","24,48,12,56,32,64,8,84,8,72","(1,2),(2,3),(0,1),(0,1)",FP32,6699220992,136.27790059132772,0.0001666545867919922,0.005712270736694336,1172.777219567994,1139.5315679953592
*** input parameters ***
  einsum_str: iaje,bf,dcba,cigj,dh->hgfei
  dim_sizes:  24,48,12,56,32,64,8,84,8,72
  cont_path:  (1,2),(2,3),(0,1),(0,1)
  backend:    torch
  dtype:      FP32
*** benchmarking opt_einsum expression ***
  #flops :          6699220992
  #bytes :          49158528
  arith. intensity: 136.28
  time (eval):      0.005638
  time (compile):   0.000167
  gflops (eval):    1188.15
  gflops (total):   1153.95
CSV_DATA: opt_einsum,torch,"iaje,bf,dcba,cigj,dh->hgfei","24,48,12,56,32,64,8,84,8,72","(1,2),(2,3),(0,1),(0,1)",FP32,6699220992,136.27790059132772,0.0001671314239501953,0.0056383609771728516,1188.1504251185913,1153.945355385198
*** input parameters ***
  einsum_str: iaje,bf,dcba,cigj,dh->hgfei
  dim_sizes:  24,48,12,56,32,64,8,84,8,72
  cont_path:  (1,2),(2,3),(0,1),(0,1)
  backend:    torch
  dtype:      FP32
*** benchmarking opt_einsum expression ***
  #flops :          6699220992
  #bytes :          49158528
  arith. intensity: 136.28
  time (eval):      0.005707
  time (compile):   0.000156
  gflops (eval):    1173.90
  gflops (total):   1142.68
CSV_DATA: opt_einsum,torch,"iaje,bf,dcba,cigj,dh->hgfei","24,48,12,56,32,64,8,84,8,72","(1,2),(2,3),(0,1),(0,1)",FP32,6699220992,136.27790059132772,0.00015592575073242188,0.005706787109375,1173.9041361810482,1142.68277363276
*** input parameters ***
  einsum_str: iaje,bf,dcba,cigj,dh->hgfei
  dim_sizes:  24,48,12,56,32,64,8,84,8,72
  cont_path:  (1,2),(2,3),(0,1),(0,1)
  backend:    torch
  dtype:      FP32
*** benchmarking opt_einsum expression ***
  #flops :          6699220992
  #bytes :          49158528
  arith. intensity: 136.28
  time (eval):      0.005797
  time (compile):   0.000167
  gflops (eval):    1155.61
  gflops (total):   1123.18
CSV_DATA: opt_einsum,torch,"iaje,bf,dcba,cigj,dh->hgfei","24,48,12,56,32,64,8,84,8,72","(1,2),(2,3),(0,1),(0,1)",FP32,6699220992,136.27790059132772,0.00016736984252929688,0.005797147750854492,1155.6063912658676,1123.1790144153804
*** input parameters ***
  einsum_str: iaje,bf,dcba,cigj,dh->hgfei
  dim_sizes:  24,48,12,56,32,64,8,84,8,72
  cont_path:  (1,2),(2,3),(0,1),(0,1)
  backend:    torch
  dtype:      FP32
*** benchmarking opt_einsum expression ***
  #flops :          6699220992
  #bytes :          49158528
  arith. intensity: 136.28
  time (eval):      0.005642
  time (compile):   0.000165
  gflops (eval):    1187.30
  gflops (total):   1153.57
CSV_DATA: opt_einsum,torch,"iaje,bf,dcba,cigj,dh->hgfei","24,48,12,56,32,64,8,84,8,72","(1,2),(2,3),(0,1),(0,1)",FP32,6699220992,136.27790059132772,0.00016498565673828125,0.005642414093017578,1187.296940912261,1153.5663602770987
*** input parameters ***
  einsum_str: iaje,bf,dcba,cigj,dh->hgfei
  dim_sizes:  24,48,12,56,32,64,8,84,8,72
  cont_path:  (1,2),(2,3),(0,1),(0,1)
  backend:    torch
  dtype:      FP32
*** benchmarking opt_einsum expression ***
  #flops :          6699220992
  #bytes :          49158528
  arith. intensity: 136.28
  time (eval):      0.005846
  time (compile):   0.000155
  gflops (eval):    1145.90
  gflops (total):   1116.31
CSV_DATA: opt_einsum,torch,"iaje,bf,dcba,cigj,dh->hgfei","24,48,12,56,32,64,8,84,8,72","(1,2),(2,3),(0,1),(0,1)",FP32,6699220992,136.27790059132772,0.00015497207641601562,0.005846261978149414,1145.8981853770063,1116.3072346601077
*** input parameters ***
  einsum_str: iaje,bf,dcba,cigj,dh->hgfei
  dim_sizes:  24,48,12,56,32,64,8,84,8,72
  cont_path:  (1,2),(2,3),(0,1),(0,1)
  backend:    torch
  dtype:      FP32
*** benchmarking opt_einsum expression ***
  #flops :          6699220992
  #bytes :          49158528
  arith. intensity: 136.28
  time (eval):      0.005838
  time (compile):   0.000157
  gflops (eval):    1147.54
  gflops (total):   1117.55
CSV_DATA: opt_einsum,torch,"iaje,bf,dcba,cigj,dh->hgfei","24,48,12,56,32,64,8,84,8,72","(1,2),(2,3),(0,1),(0,1)",FP32,6699220992,136.27790059132772,0.00015664100646972656,0.005837917327880859,1147.536118746613,1117.5503879262446
*** input parameters ***
  einsum_str: iaje,bf,dcba,cigj,dh->hgfei
  dim_sizes:  24,48,12,56,32,64,8,84,8,72
  cont_path:  (1,2),(2,3),(0,1),(0,1)
  backend:    torch
  dtype:      FP32
*** benchmarking opt_einsum expression ***
  #flops :          6699220992
  #bytes :          49158528
  arith. intensity: 136.28
  time (eval):      0.005599
  time (compile):   0.000169
  gflops (eval):    1196.50
  gflops (total):   1161.39
CSV_DATA: opt_einsum,torch,"iaje,bf,dcba,cigj,dh->hgfei","24,48,12,56,32,64,8,84,8,72","(1,2),(2,3),(0,1),(0,1)",FP32,6699220992,136.27790059132772,0.00016927719116210938,0.005599021911621094,1196.4984416466348,1161.3858561473742
*** input parameters ***
  einsum_str: iaje,bf,dcba,cigj,dh->hgfei
  dim_sizes:  24,48,12,56,32,64,8,84,8,72
  cont_path:  (1,2),(2,3),(0,1),(0,1)
  backend:    torch
  dtype:      FP32
*** benchmarking opt_einsum expression ***
  #flops :          6699220992
  #bytes :          49158528
  arith. intensity: 136.28
  time (eval):      0.005715
  time (compile):   0.000170
  gflops (eval):    1172.14
  gflops (total):   1138.29
CSV_DATA: opt_einsum,torch,"iaje,bf,dcba,cigj,dh->hgfei","24,48,12,56,32,64,8,84,8,72","(1,2),(2,3),(0,1),(0,1)",FP32,6699220992,136.27790059132772,0.00016999244689941406,0.005715370178222656,1172.141223245018,1138.2851692780866
*** input parameters ***
  einsum_str: iaje,bf,dcba,cigj,dh->hgfei
  dim_sizes:  24,48,12,56,32,64,8,84,8,72
  cont_path:  (1,2),(2,3),(0,1),(0,1)
  backend:    torch
  dtype:      FP32
*** benchmarking opt_einsum expression ***
  #flops :          6699220992
  #bytes :          49158528
  arith. intensity: 136.28
  time (eval):      0.005805
  time (compile):   0.000169
  gflops (eval):    1154.04
  gflops (total):   1121.39
CSV_DATA: opt_einsum,torch,"iaje,bf,dcba,cigj,dh->hgfei","24,48,12,56,32,64,8,84,8,72","(1,2),(2,3),(0,1),(0,1)",FP32,6699220992,136.27790059132772,0.0001690387725830078,0.005805015563964844,1154.0401430766212,1121.3860160286374
*** input parameters ***
  einsum_str: iaje,bf,dcba,cigj,dh->hgfei
  dim_sizes:  24,48,12,56,32,64,8,84,8,72
  cont_path:  (1,2),(2,3),(0,1),(0,1)
  backend:    torch
  dtype:      FP32
*** benchmarking opt_einsum expression ***
  #flops :          6699220992
  #bytes :          49158528
  arith. intensity: 136.28
  time (eval):      0.006106
  time (compile):   0.000156
  gflops (eval):    1097.21
  gflops (total):   1069.93
CSV_DATA: opt_einsum,torch,"iaje,bf,dcba,cigj,dh->hgfei","24,48,12,56,32,64,8,84,8,72","(1,2),(2,3),(0,1),(0,1)",FP32,6699220992,136.27790059132772,0.0001556873321533203,0.006105661392211914,1097.21462781169,1069.932579530484
*** input parameters ***
  einsum_str: iaje,bf,dcba,cigj,dh->hgfei
  dim_sizes:  24,48,12,56,32,64,8,84,8,72
  cont_path:  (1,2),(2,3),(0,1),(0,1)
  backend:    torch
  dtype:      FP32
*** benchmarking opt_einsum expression ***
  #flops :          6699220992
  #bytes :          49158528
  arith. intensity: 136.28
  time (eval):      0.005594
  time (compile):   0.000166
  gflops (eval):    1197.67
  gflops (total):   1163.21
CSV_DATA: opt_einsum,torch,"iaje,bf,dcba,cigj,dh->hgfei","24,48,12,56,32,64,8,84,8,72","(1,2),(2,3),(0,1),(0,1)",FP32,6699220992,136.27790059132772,0.00016570091247558594,0.005593538284301758,1197.6714293350485,1163.21284168031
*** input parameters ***
  einsum_str: iaje,bf,dcba,cigj,dh->hgfei
  dim_sizes:  24,48,12,56,32,64,8,84,8,72
  cont_path:  (1,2),(2,3),(0,1),(0,1)
  backend:    torch
  dtype:      FP32
*** benchmarking opt_einsum expression ***
  #flops :          6699220992
  #bytes :          49158528
  arith. intensity: 136.28
  time (eval):      0.005708
  time (compile):   0.000162
  gflops (eval):    1173.56
  gflops (total):   1141.15
CSV_DATA: opt_einsum,torch,"iaje,bf,dcba,cigj,dh->hgfei","24,48,12,56,32,64,8,84,8,72","(1,2),(2,3),(0,1),(0,1)",FP32,6699220992,136.27790059132772,0.0001621246337890625,0.005708456039428711,1173.5609323656004,1141.1513383271563
*** input parameters ***
  einsum_str: iaje,bf,dcba,cigj,dh->hgfei
  dim_sizes:  24,48,12,56,32,64,8,84,8,72
  cont_path:  (1,2),(2,3),(0,1),(0,1)
  backend:    torch
  dtype:      FP32
*** benchmarking opt_einsum expression ***
  #flops :          6699220992
  #bytes :          49158528
  arith. intensity: 136.28
  time (eval):      0.005723
  time (compile):   0.000162
  gflops (eval):    1170.68
  gflops (total):   1138.52
CSV_DATA: opt_einsum,torch,"iaje,bf,dcba,cigj,dh->hgfei","24,48,12,56,32,64,8,84,8,72","(1,2),(2,3),(0,1),(0,1)",FP32,6699220992,136.27790059132772,0.00016164779663085938,0.005722522735595703,1170.6761688038318,1138.5157781049259
*** input parameters ***
  einsum_str: iaje,bf,dcba,cigj,dh->hgfei
  dim_sizes:  24,48,12,56,32,64,8,84,8,72
  cont_path:  (1,2),(2,3),(0,1),(0,1)
  backend:    torch
  dtype:      FP32
*** benchmarking opt_einsum expression ***
  #flops :          6699220992
  #bytes :          49158528
  arith. intensity: 136.28
  time (eval):      0.005695
  time (compile):   0.000159
  gflops (eval):    1176.31
  gflops (total):   1144.36
CSV_DATA: opt_einsum,torch,"iaje,bf,dcba,cigj,dh->hgfei","24,48,12,56,32,64,8,84,8,72","(1,2),(2,3),(0,1),(0,1)",FP32,6699220992,136.27790059132772,0.0001590251922607422,0.0056951045989990234,1176.3121950696852,1144.3581250969116
*** input parameters ***
  einsum_str: iaje,bf,dcba,cigj,dh->hgfei
  dim_sizes:  24,48,12,56,32,64,8,84,8,72
  cont_path:  (1,2),(2,3),(0,1),(0,1)
  backend:    torch
  dtype:      FP32
*** benchmarking opt_einsum expression ***
  #flops :          6699220992
  #bytes :          49158528
  arith. intensity: 136.28
  time (eval):      0.005772
  time (compile):   0.000170
  gflops (eval):    1160.57
  gflops (total):   1127.46
CSV_DATA: opt_einsum,torch,"iaje,bf,dcba,cigj,dh->hgfei","24,48,12,56,32,64,8,84,8,72","(1,2),(2,3),(0,1),(0,1)",FP32,6699220992,136.27790059132772,0.00016951560974121094,0.00577235221862793,1160.5703772512318,1127.4604527577872
*** input parameters ***
  einsum_str: iaje,bf,dcba,cigj,dh->hgfei
  dim_sizes:  24,48,12,56,32,64,8,84,8,72
  cont_path:  (1,2),(2,3),(0,1),(0,1)
  backend:    torch
  dtype:      FP32
*** benchmarking opt_einsum expression ***
  #flops :          6699220992
  #bytes :          49158528
  arith. intensity: 136.28
  time (eval):      0.005682
  time (compile):   0.000166
  gflops (eval):    1179.13
  gflops (total):   1145.57
CSV_DATA: opt_einsum,torch,"iaje,bf,dcba,cigj,dh->hgfei","24,48,12,56,32,64,8,84,8,72","(1,2),(2,3),(0,1),(0,1)",FP32,6699220992,136.27790059132772,0.00016641616821289062,0.005681514739990234,1179.1258667070738,1145.5711596391702
*** input parameters ***
  einsum_str: iaje,bf,dcba,cigj,dh->hgfei
  dim_sizes:  24,48,12,56,32,64,8,84,8,72
  cont_path:  (1,2),(2,3),(0,1),(0,1)
  backend:    torch
  dtype:      FP32
*** benchmarking opt_einsum expression ***
  #flops :          6699220992
  #bytes :          49158528
  arith. intensity: 136.28
  time (eval):      0.005526
  time (compile):   0.000160
  gflops (eval):    1212.29
  gflops (total):   1178.09
CSV_DATA: opt_einsum,torch,"iaje,bf,dcba,cigj,dh->hgfei","24,48,12,56,32,64,8,84,8,72","(1,2),(2,3),(0,1),(0,1)",FP32,6699220992,136.27790059132772,0.00016045570373535156,0.005526065826416016,1212.2948228332716,1178.0876862030761
*** input parameters ***
  einsum_str: iaje,bf,dcba,cigj,dh->hgfei
  dim_sizes:  24,48,12,56,32,64,8,84,8,72
  cont_path:  (1,2),(2,3),(0,1),(0,1)
  backend:    torch
  dtype:      FP32
*** benchmarking opt_einsum expression ***
  #flops :          6699220992
  #bytes :          49158528
  arith. intensity: 136.28
  time (eval):      0.005748
  time (compile):   0.000161
  gflops (eval):    1165.58
  gflops (total):   1133.78
CSV_DATA: opt_einsum,torch,"iaje,bf,dcba,cigj,dh->hgfei","24,48,12,56,32,64,8,84,8,72","(1,2),(2,3),(0,1),(0,1)",FP32,6699220992,136.27790059132772,0.00016117095947265625,0.005747556686401367,1165.5771934968916,1133.7840214513808
*** input parameters ***
  einsum_str: iaje,bf,dcba,cigj,dh->hgfei
  dim_sizes:  24,48,12,56,32,64,8,84,8,72
  cont_path:  (1,2),(2,3),(0,1),(0,1)
  backend:    torch
  dtype:      FP32
*** benchmarking opt_einsum expression ***
  #flops :          6699220992
  #bytes :          49158528
  arith. intensity: 136.28
  time (eval):      0.005745
  time (compile):   0.000156
  gflops (eval):    1166.11
  gflops (total):   1135.20
CSV_DATA: opt_einsum,torch,"iaje,bf,dcba,cigj,dh->hgfei","24,48,12,56,32,64,8,84,8,72","(1,2),(2,3),(0,1),(0,1)",FP32,6699220992,136.27790059132772,0.000156402587890625,0.00574493408203125,1166.1092879992352,1135.2039998234313
*** input parameters ***
  einsum_str: iaje,bf,dcba,cigj,dh->hgfei
  dim_sizes:  24,48,12,56,32,64,8,84,8,72
  cont_path:  (1,2),(2,3),(0,1),(0,1)
  backend:    torch
  dtype:      FP32
*** benchmarking opt_einsum expression ***
  #flops :          6699220992
  #bytes :          49158528
  arith. intensity: 136.28
  time (eval):      0.005730
  time (compile):   0.000166
  gflops (eval):    1169.07
  gflops (total):   1136.17
CSV_DATA: opt_einsum,torch,"iaje,bf,dcba,cigj,dh->hgfei","24,48,12,56,32,64,8,84,8,72","(1,2),(2,3),(0,1),(0,1)",FP32,6699220992,136.27790059132772,0.0001659393310546875,0.005730390548706055,1169.068833102957,1136.1679432141673
*** input parameters ***
  einsum_str: iaje,bf,dcba,cigj,dh->hgfei
  dim_sizes:  24,48,12,56,32,64,8,84,8,72
  cont_path:  (1,2),(2,3),(0,1),(0,1)
  backend:    torch
  dtype:      FP32
*** benchmarking opt_einsum expression ***
  #flops :          6699220992
  #bytes :          49158528
  arith. intensity: 136.28
  time (eval):      0.005640
  time (compile):   0.000165
  gflops (eval):    1187.85
  gflops (total):   1154.04
CSV_DATA: opt_einsum,torch,"iaje,bf,dcba,cigj,dh->hgfei","24,48,12,56,32,64,8,84,8,72","(1,2),(2,3),(0,1),(0,1)",FP32,6699220992,136.27790059132772,0.0001652240753173828,0.005639791488647461,1187.8490553214783,1154.0401430766212
*** input parameters ***
  einsum_str: iaje,bf,dcba,cigj,dh->hgfei
  dim_sizes:  24,48,12,56,32,64,8,84,8,72
  cont_path:  (1,2),(2,3),(0,1),(0,1)
  backend:    torch
  dtype:      FP32
*** benchmarking opt_einsum expression ***
  #flops :          6699220992
  #bytes :          49158528
  arith. intensity: 136.28
  time (eval):      0.005808
  time (compile):   0.000162
  gflops (eval):    1153.47
  gflops (total):   1122.15
CSV_DATA: opt_einsum,torch,"iaje,bf,dcba,cigj,dh->hgfei","24,48,12,56,32,64,8,84,8,72","(1,2),(2,3),(0,1),(0,1)",FP32,6699220992,136.27790059132772,0.0001621246337890625,0.0058078765869140625,1153.4716503953025,1122.147340400542
*** input parameters ***
  einsum_str: iaje,bf,dcba,cigj,dh->hgfei
  dim_sizes:  24,48,12,56,32,64,8,84,8,72
  cont_path:  (1,2),(2,3),(0,1),(0,1)
  backend:    torch
  dtype:      FP32
*** benchmarking opt_einsum expression ***
  #flops :          6699220992
  #bytes :          49158528
  arith. intensity: 136.28
  time (eval):      0.005752
  time (compile):   0.000162
  gflops (eval):    1164.66
  gflops (total):   1132.69
CSV_DATA: opt_einsum,torch,"iaje,bf,dcba,cigj,dh->hgfei","24,48,12,56,32,64,8,84,8,72","(1,2),(2,3),(0,1),(0,1)",FP32,6699220992,136.27790059132772,0.00016236305236816406,0.005752086639404297,1164.6592640151523,1132.687120717119
*** input parameters ***
  einsum_str: iaje,bf,dcba,cigj,dh->hgfei
  dim_sizes:  24,48,12,56,32,64,8,84,8,72
  cont_path:  (1,2),(2,3),(0,1),(0,1)
  backend:    torch
  dtype:      FP32
*** benchmarking opt_einsum expression ***
  #flops :          6699220992
  #bytes :          49158528
  arith. intensity: 136.28
  time (eval):      0.005781
  time (compile):   0.000158
  gflops (eval):    1158.85
  gflops (total):   1127.96
CSV_DATA: opt_einsum,torch,"iaje,bf,dcba,cigj,dh->hgfei","24,48,12,56,32,64,8,84,8,72","(1,2),(2,3),(0,1),(0,1)",FP32,6699220992,136.27790059132772,0.0001583099365234375,0.005780935287475586,1158.847255480248,1127.9583077206682
*** input parameters ***
  einsum_str: iaje,bf,dcba,cigj,dh->hgfei
  dim_sizes:  24,48,12,56,32,64,8,84,8,72
  cont_path:  (1,2),(2,3),(0,1),(0,1)
  backend:    torch
  dtype:      FP32
*** benchmarking opt_einsum expression ***
  #flops :          6699220992
  #bytes :          49158528
  arith. intensity: 136.28
  time (eval):      0.005862
  time (compile):   0.000156
  gflops (eval):    1142.78
  gflops (total):   1113.12
CSV_DATA: opt_einsum,torch,"iaje,bf,dcba,cigj,dh->hgfei","24,48,12,56,32,64,8,84,8,72","(1,2),(2,3),(0,1),(0,1)",FP32,6699220992,136.27790059132772,0.00015616416931152344,0.005862236022949219,1142.7757200109634,1113.1232184617347
*** input parameters ***
  einsum_str: iaje,bf,dcba,cigj,dh->hgfei
  dim_sizes:  24,48,12,56,32,64,8,84,8,72
  cont_path:  (1,2),(2,3),(0,1),(0,1)
  backend:    torch
  dtype:      FP32
*** benchmarking opt_einsum expression ***
  #flops :          6699220992
  #bytes :          49158528
  arith. intensity: 136.28
  time (eval):      0.005760
  time (compile):   0.000165
  gflops (eval):    1163.02
  gflops (total):   1130.55
CSV_DATA: opt_einsum,torch,"iaje,bf,dcba,cigj,dh->hgfei","24,48,12,56,32,64,8,84,8,72","(1,2),(2,3),(0,1),(0,1)",FP32,6699220992,136.27790059132772,0.00016546249389648438,0.00576019287109375,1163.0202567727472,1130.5451598788752
*** input parameters ***
  einsum_str: iaje,bf,dcba,cigj,dh->hgfei
  dim_sizes:  24,48,12,56,32,64,8,84,8,72
  cont_path:  (1,2),(2,3),(0,1),(0,1)
  backend:    torch
  dtype:      FP32
*** benchmarking opt_einsum expression ***
  #flops :          6699220992
  #bytes :          49158528
  arith. intensity: 136.28
  time (eval):      0.005745
  time (compile):   0.000164
  gflops (eval):    1166.06
  gflops (total):   1133.78
CSV_DATA: opt_einsum,torch,"iaje,bf,dcba,cigj,dh->hgfei","24,48,12,56,32,64,8,84,8,72","(1,2),(2,3),(0,1),(0,1)",FP32,6699220992,136.27790059132772,0.00016355514526367188,0.0057451725006103516,1166.060895697787,1133.7840214513808
*** input parameters ***
  einsum_str: iaje,bf,dcba,cigj,dh->hgfei
  dim_sizes:  24,48,12,56,32,64,8,84,8,72
  cont_path:  (1,2),(2,3),(0,1),(0,1)
  backend:    torch
  dtype:      FP32
*** benchmarking opt_einsum expression ***
  #flops :          6699220992
  #bytes :          49158528
  arith. intensity: 136.28
  time (eval):      0.005731
  time (compile):   0.000164
  gflops (eval):    1169.02
  gflops (total):   1136.54
CSV_DATA: opt_einsum,torch,"iaje,bf,dcba,cigj,dh->hgfei","24,48,12,56,32,64,8,84,8,72","(1,2),(2,3),(0,1),(0,1)",FP32,6699220992,136.27790059132772,0.00016379356384277344,0.005730628967285156,1169.0201948589436,1136.5355904877874
