*** input parameters ***
  einsum_str: aib,bjc,ckd,dle,ema->ijklm
  dim_sizes:  40,40,40,40,40,25,25,25,25,25
  cont_path:  (0,1),(0,1),(0,1),(0,1)
  backend:    torch
  dtype:      FP32
*** benchmarking opt_einsum expression ***
  #flops :          33410000000
  #bytes :          39862500
  arith. intensity: 838.13
  time (eval):      0.047810
  time (compile):   0.000168
  gflops (eval):    698.81
  gflops (total):   696.37
CSV_DATA: opt_einsum,torch,"aib,bjc,ckd,dle,ema->ijklm","40,40,40,40,40,25,25,25,25,25","(0,1),(0,1),(0,1),(0,1)",FP32,33410000000,838.1310755722797,0.00016760826110839844,0.04781007766723633,698.8066455891886,696.3653905671534
*** input parameters ***
  einsum_str: aib,bjc,ckd,dle,ema->ijklm
  dim_sizes:  40,40,40,40,40,25,25,25,25,25
  cont_path:  (0,1),(0,1),(0,1),(0,1)
  backend:    torch
  dtype:      FP32
*** benchmarking opt_einsum expression ***
  #flops :          33410000000
  #bytes :          39862500
  arith. intensity: 838.13
  time (eval):      0.038002
  time (compile):   0.000187
  gflops (eval):    879.15
  gflops (total):   874.85
CSV_DATA: opt_einsum,torch,"aib,bjc,ckd,dle,ema->ijklm","40,40,40,40,40,25,25,25,25,25","(0,1),(0,1),(0,1),(0,1)",FP32,33410000000,838.1310755722797,0.000186920166015625,0.03800249099731445,879.152895592055,874.8498335601644
*** input parameters ***
  einsum_str: aib,bjc,ckd,dle,ema->ijklm
  dim_sizes:  40,40,40,40,40,25,25,25,25,25
  cont_path:  (0,1),(0,1),(0,1),(0,1)
  backend:    torch
  dtype:      FP32
*** benchmarking opt_einsum expression ***
  #flops :          33410000000
  #bytes :          39862500
  arith. intensity: 838.13
  time (eval):      0.044053
  time (compile):   0.000165
  gflops (eval):    758.40
  gflops (total):   755.57
CSV_DATA: opt_einsum,torch,"aib,bjc,ckd,dle,ema->ijklm","40,40,40,40,40,25,25,25,25,25","(0,1),(0,1),(0,1),(0,1)",FP32,33410000000,838.1310755722797,0.0001647472381591797,0.04405331611633301,758.3992068105189,755.5735702885735
*** input parameters ***
  einsum_str: aib,bjc,ckd,dle,ema->ijklm
  dim_sizes:  40,40,40,40,40,25,25,25,25,25
  cont_path:  (0,1),(0,1),(0,1),(0,1)
  backend:    torch
  dtype:      FP32
*** benchmarking opt_einsum expression ***
  #flops :          33410000000
  #bytes :          39862500
  arith. intensity: 838.13
  time (eval):      0.053395
  time (compile):   0.000162
  gflops (eval):    625.72
  gflops (total):   623.82
CSV_DATA: opt_einsum,torch,"aib,bjc,ckd,dle,ema->ijklm","40,40,40,40,40,25,25,25,25,25","(0,1),(0,1),(0,1),(0,1)",FP32,33410000000,838.1310755722797,0.0001621246337890625,0.05339479446411133,625.7164267662109,623.82229154981
*** input parameters ***
  einsum_str: aib,bjc,ckd,dle,ema->ijklm
  dim_sizes:  40,40,40,40,40,25,25,25,25,25
  cont_path:  (0,1),(0,1),(0,1),(0,1)
  backend:    torch
  dtype:      FP32
*** benchmarking opt_einsum expression ***
  #flops :          33410000000
  #bytes :          39862500
  arith. intensity: 838.13
  time (eval):      0.035552
  time (compile):   0.000170
  gflops (eval):    939.74
  gflops (total):   935.27
CSV_DATA: opt_einsum,torch,"aib,bjc,ckd,dle,ema->ijklm","40,40,40,40,40,25,25,25,25,25","(0,1),(0,1),(0,1),(0,1)",FP32,33410000000,838.1310755722797,0.00016999244689941406,0.035552263259887695,939.7432662942523,935.2712850563972
*** input parameters ***
  einsum_str: aib,bjc,ckd,dle,ema->ijklm
  dim_sizes:  40,40,40,40,40,25,25,25,25,25
  cont_path:  (0,1),(0,1),(0,1),(0,1)
  backend:    torch
  dtype:      FP32
*** benchmarking opt_einsum expression ***
  #flops :          33410000000
  #bytes :          39862500
  arith. intensity: 838.13
  time (eval):      0.036993
  time (compile):   0.000164
  gflops (eval):    903.14
  gflops (total):   899.16
CSV_DATA: opt_einsum,torch,"aib,bjc,ckd,dle,ema->ijklm","40,40,40,40,40,25,25,25,25,25","(0,1),(0,1),(0,1),(0,1)",FP32,33410000000,838.1310755722797,0.00016379356384277344,0.03699326515197754,903.1373646728238,899.1562075868795
*** input parameters ***
  einsum_str: aib,bjc,ckd,dle,ema->ijklm
  dim_sizes:  40,40,40,40,40,25,25,25,25,25
  cont_path:  (0,1),(0,1),(0,1),(0,1)
  backend:    torch
  dtype:      FP32
*** benchmarking opt_einsum expression ***
  #flops :          33410000000
  #bytes :          39862500
  arith. intensity: 838.13
  time (eval):      0.043802
  time (compile):   0.000166
  gflops (eval):    762.75
  gflops (total):   759.87
CSV_DATA: opt_einsum,torch,"aib,bjc,ckd,dle,ema->ijklm","40,40,40,40,40,25,25,25,25,25","(0,1),(0,1),(0,1),(0,1)",FP32,33410000000,838.1310755722797,0.00016570091247558594,0.04380226135253906,762.7460082734597,759.8714672884527
*** input parameters ***
  einsum_str: aib,bjc,ckd,dle,ema->ijklm
  dim_sizes:  40,40,40,40,40,25,25,25,25,25
  cont_path:  (0,1),(0,1),(0,1),(0,1)
  backend:    torch
  dtype:      FP32
*** benchmarking opt_einsum expression ***
  #flops :          33410000000
  #bytes :          39862500
  arith. intensity: 838.13
  time (eval):      0.045058
  time (compile):   0.000160
  gflops (eval):    741.49
  gflops (total):   738.87
CSV_DATA: opt_einsum,torch,"aib,bjc,ckd,dle,ema->ijklm","40,40,40,40,40,25,25,25,25,25","(0,1),(0,1),(0,1),(0,1)",FP32,33410000000,838.1310755722797,0.00016021728515625,0.04505777359008789,741.4924737282126,738.8652028387941
*** input parameters ***
  einsum_str: aib,bjc,ckd,dle,ema->ijklm
  dim_sizes:  40,40,40,40,40,25,25,25,25,25
  cont_path:  (0,1),(0,1),(0,1),(0,1)
  backend:    torch
  dtype:      FP32
*** benchmarking opt_einsum expression ***
  #flops :          33410000000
  #bytes :          39862500
  arith. intensity: 838.13
  time (eval):      0.038582
  time (compile):   0.000168
  gflops (eval):    865.96
  gflops (total):   862.21
CSV_DATA: opt_einsum,torch,"aib,bjc,ckd,dle,ema->ijklm","40,40,40,40,40,25,25,25,25,25","(0,1),(0,1),(0,1),(0,1)",FP32,33410000000,838.1310755722797,0.0001678466796875,0.03858160972595215,865.9566108649575,862.2056436161376
*** input parameters ***
  einsum_str: aib,bjc,ckd,dle,ema->ijklm
  dim_sizes:  40,40,40,40,40,25,25,25,25,25
  cont_path:  (0,1),(0,1),(0,1),(0,1)
  backend:    torch
  dtype:      FP32
*** benchmarking opt_einsum expression ***
  #flops :          33410000000
  #bytes :          39862500
  arith. intensity: 838.13
  time (eval):      0.037952
  time (compile):   0.000167
  gflops (eval):    880.31
  gflops (total):   876.46
CSV_DATA: opt_einsum,torch,"aib,bjc,ckd,dle,ema->ijklm","40,40,40,40,40,25,25,25,25,25","(0,1),(0,1),(0,1),(0,1)",FP32,33410000000,838.1310755722797,0.0001666545867919922,0.037952423095703125,880.3126987636949,876.4640183133918
*** input parameters ***
  einsum_str: aib,bjc,ckd,dle,ema->ijklm
  dim_sizes:  40,40,40,40,40,25,25,25,25,25
  cont_path:  (0,1),(0,1),(0,1),(0,1)
  backend:    torch
  dtype:      FP32
*** benchmarking opt_einsum expression ***
  #flops :          33410000000
  #bytes :          39862500
  arith. intensity: 838.13
  time (eval):      0.053352
  time (compile):   0.000175
  gflops (eval):    626.22
  gflops (total):   624.17
CSV_DATA: opt_einsum,torch,"aib,bjc,ckd,dle,ema->ijklm","40,40,40,40,40,25,25,25,25,25","(0,1),(0,1),(0,1),(0,1)",FP32,33410000000,838.1310755722797,0.00017523765563964844,0.05335187911987305,626.2197424186903,624.1696174318179
*** input parameters ***
  einsum_str: aib,bjc,ckd,dle,ema->ijklm
  dim_sizes:  40,40,40,40,40,25,25,25,25,25
  cont_path:  (0,1),(0,1),(0,1),(0,1)
  backend:    torch
  dtype:      FP32
*** benchmarking opt_einsum expression ***
  #flops :          33410000000
  #bytes :          39862500
  arith. intensity: 838.13
  time (eval):      0.037229
  time (compile):   0.000162
  gflops (eval):    897.43
  gflops (total):   893.54
CSV_DATA: opt_einsum,torch,"aib,bjc,ckd,dle,ema->ijklm","40,40,40,40,40,25,25,25,25,25","(0,1),(0,1),(0,1),(0,1)",FP32,33410000000,838.1310755722797,0.0001621246337890625,0.03722858428955078,897.4286999513283,893.5374846328463
*** input parameters ***
  einsum_str: aib,bjc,ckd,dle,ema->ijklm
  dim_sizes:  40,40,40,40,40,25,25,25,25,25
  cont_path:  (0,1),(0,1),(0,1),(0,1)
  backend:    torch
  dtype:      FP32
*** benchmarking opt_einsum expression ***
  #flops :          33410000000
  #bytes :          39862500
  arith. intensity: 838.13
  time (eval):      0.046459
  time (compile):   0.000160
  gflops (eval):    719.13
  gflops (total):   716.65
CSV_DATA: opt_einsum,torch,"aib,bjc,ckd,dle,ema->ijklm","40,40,40,40,40,25,25,25,25,25","(0,1),(0,1),(0,1),(0,1)",FP32,33410000000,838.1310755722797,0.00016021728515625,0.046459197998046875,719.1256293620166,716.6542050568693
*** input parameters ***
  einsum_str: aib,bjc,ckd,dle,ema->ijklm
  dim_sizes:  40,40,40,40,40,25,25,25,25,25
  cont_path:  (0,1),(0,1),(0,1),(0,1)
  backend:    torch
  dtype:      FP32
*** benchmarking opt_einsum expression ***
  #flops :          33410000000
  #bytes :          39862500
  arith. intensity: 838.13
  time (eval):      0.039892
  time (compile):   0.000162
  gflops (eval):    837.51
  gflops (total):   834.12
CSV_DATA: opt_einsum,torch,"aib,bjc,ckd,dle,ema->ijklm","40,40,40,40,40,25,25,25,25,25","(0,1),(0,1),(0,1),(0,1)",FP32,33410000000,838.1310755722797,0.00016236305236816406,0.039891958236694336,837.5121572564981,834.1172419047621
*** input parameters ***
  einsum_str: aib,bjc,ckd,dle,ema->ijklm
  dim_sizes:  40,40,40,40,40,25,25,25,25,25
  cont_path:  (0,1),(0,1),(0,1),(0,1)
  backend:    torch
  dtype:      FP32
*** benchmarking opt_einsum expression ***
  #flops :          33410000000
  #bytes :          39862500
  arith. intensity: 838.13
  time (eval):      0.038119
  time (compile):   0.000162
  gflops (eval):    876.47
  gflops (total):   872.75
CSV_DATA: opt_einsum,torch,"aib,bjc,ckd,dle,ema->ijklm","40,40,40,40,40,25,25,25,25,25","(0,1),(0,1),(0,1),(0,1)",FP32,33410000000,838.1310755722797,0.00016236305236816406,0.038118839263916016,876.4695002564391,872.7521075216582
*** input parameters ***
  einsum_str: aib,bjc,ckd,dle,ema->ijklm
  dim_sizes:  40,40,40,40,40,25,25,25,25,25
  cont_path:  (0,1),(0,1),(0,1),(0,1)
  backend:    torch
  dtype:      FP32
*** benchmarking opt_einsum expression ***
  #flops :          33410000000
  #bytes :          39862500
  arith. intensity: 838.13
  time (eval):      0.045367
  time (compile):   0.000156
  gflops (eval):    736.44
  gflops (total):   733.92
CSV_DATA: opt_einsum,torch,"aib,bjc,ckd,dle,ema->ijklm","40,40,40,40,40,25,25,25,25,25","(0,1),(0,1),(0,1),(0,1)",FP32,33410000000,838.1310755722797,0.00015616416931152344,0.045366764068603516,736.4422101932921,733.9158813640101
*** input parameters ***
  einsum_str: aib,bjc,ckd,dle,ema->ijklm
  dim_sizes:  40,40,40,40,40,25,25,25,25,25
  cont_path:  (0,1),(0,1),(0,1),(0,1)
  backend:    torch
  dtype:      FP32
*** benchmarking opt_einsum expression ***
  #flops :          33410000000
  #bytes :          39862500
  arith. intensity: 838.13
  time (eval):      0.033724
  time (compile):   0.000190
  gflops (eval):    990.70
  gflops (total):   985.16
CSV_DATA: opt_einsum,torch,"aib,bjc,ckd,dle,ema->ijklm","40,40,40,40,40,25,25,25,25,25","(0,1),(0,1),(0,1),(0,1)",FP32,33410000000,838.1310755722797,0.0001895427703857422,0.03372359275817871,990.7010869088776,985.1639926322746
*** input parameters ***
  einsum_str: aib,bjc,ckd,dle,ema->ijklm
  dim_sizes:  40,40,40,40,40,25,25,25,25,25
  cont_path:  (0,1),(0,1),(0,1),(0,1)
  backend:    torch
  dtype:      FP32
*** benchmarking opt_einsum expression ***
  #flops :          33410000000
  #bytes :          39862500
  arith. intensity: 838.13
  time (eval):      0.045146
  time (compile):   0.000165
  gflops (eval):    740.05
  gflops (total):   737.36
CSV_DATA: opt_einsum,torch,"aib,bjc,ckd,dle,ema->ijklm","40,40,40,40,40,25,25,25,25,25","(0,1),(0,1),(0,1),(0,1)",FP32,33410000000,838.1310755722797,0.0001647472381591797,0.045145511627197266,740.0514203027134,737.3606074350812
*** input parameters ***
  einsum_str: aib,bjc,ckd,dle,ema->ijklm
  dim_sizes:  40,40,40,40,40,25,25,25,25,25
  cont_path:  (0,1),(0,1),(0,1),(0,1)
  backend:    torch
  dtype:      FP32
*** benchmarking opt_einsum expression ***
  #flops :          33410000000
  #bytes :          39862500
  arith. intensity: 838.13
  time (eval):      0.038708
  time (compile):   0.000158
  gflops (eval):    863.14
  gflops (total):   859.64
CSV_DATA: opt_einsum,torch,"aib,bjc,ckd,dle,ema->ijklm","40,40,40,40,40,25,25,25,25,25","(0,1),(0,1),(0,1),(0,1)",FP32,33410000000,838.1310755722797,0.0001575946807861328,0.038707733154296875,863.1350192175028,859.635100513456
*** input parameters ***
  einsum_str: aib,bjc,ckd,dle,ema->ijklm
  dim_sizes:  40,40,40,40,40,25,25,25,25,25
  cont_path:  (0,1),(0,1),(0,1),(0,1)
  backend:    torch
  dtype:      FP32
*** benchmarking opt_einsum expression ***
  #flops :          33410000000
  #bytes :          39862500
  arith. intensity: 838.13
  time (eval):      0.037652
  time (compile):   0.000166
  gflops (eval):    887.33
  gflops (total):   883.43
CSV_DATA: opt_einsum,torch,"aib,bjc,ckd,dle,ema->ijklm","40,40,40,40,40,25,25,25,25,25","(0,1),(0,1),(0,1),(0,1)",FP32,33410000000,838.1310755722797,0.0001659393310546875,0.03765249252319336,887.3250550257717,883.4316591645547
*** input parameters ***
  einsum_str: aib,bjc,ckd,dle,ema->ijklm
  dim_sizes:  40,40,40,40,40,25,25,25,25,25
  cont_path:  (0,1),(0,1),(0,1),(0,1)
  backend:    torch
  dtype:      FP32
*** benchmarking opt_einsum expression ***
  #flops :          33410000000
  #bytes :          39862500
  arith. intensity: 838.13
  time (eval):      0.038809
  time (compile):   0.000162
  gflops (eval):    860.88
  gflops (total):   857.29
CSV_DATA: opt_einsum,torch,"aib,bjc,ckd,dle,ema->ijklm","40,40,40,40,40,25,25,25,25,25","(0,1),(0,1),(0,1),(0,1)",FP32,33410000000,838.1310755722797,0.00016236305236816406,0.03880929946899414,860.8761419847891,857.289575000459
*** input parameters ***
  einsum_str: aib,bjc,ckd,dle,ema->ijklm
  dim_sizes:  40,40,40,40,40,25,25,25,25,25
  cont_path:  (0,1),(0,1),(0,1),(0,1)
  backend:    torch
  dtype:      FP32
*** benchmarking opt_einsum expression ***
  #flops :          33410000000
  #bytes :          39862500
  arith. intensity: 838.13
  time (eval):      0.033700
  time (compile):   0.000170
  gflops (eval):    991.40
  gflops (total):   986.41
CSV_DATA: opt_einsum,torch,"aib,bjc,ckd,dle,ema->ijklm","40,40,40,40,40,25,25,25,25,25","(0,1),(0,1),(0,1),(0,1)",FP32,33410000000,838.1310755722797,0.0001704692840576172,0.033699750900268555,991.401986883344,986.412247047064
*** input parameters ***
  einsum_str: aib,bjc,ckd,dle,ema->ijklm
  dim_sizes:  40,40,40,40,40,25,25,25,25,25
  cont_path:  (0,1),(0,1),(0,1),(0,1)
  backend:    torch
  dtype:      FP32
*** benchmarking opt_einsum expression ***
  #flops :          33410000000
  #bytes :          39862500
  arith. intensity: 838.13
  time (eval):      0.040752
  time (compile):   0.000158
  gflops (eval):    819.83
  gflops (total):   816.67
CSV_DATA: opt_einsum,torch,"aib,bjc,ckd,dle,ema->ijklm","40,40,40,40,40,25,25,25,25,25","(0,1),(0,1),(0,1),(0,1)",FP32,33410000000,838.1310755722797,0.0001575946807861328,0.040752410888671875,819.8287971543575,816.670629469255
*** input parameters ***
  einsum_str: aib,bjc,ckd,dle,ema->ijklm
  dim_sizes:  40,40,40,40,40,25,25,25,25,25
  cont_path:  (0,1),(0,1),(0,1),(0,1)
  backend:    torch
  dtype:      FP32
*** benchmarking opt_einsum expression ***
  #flops :          33410000000
  #bytes :          39862500
  arith. intensity: 838.13
  time (eval):      0.044278
  time (compile):   0.000163
  gflops (eval):    754.55
  gflops (total):   751.79
CSV_DATA: opt_einsum,torch,"aib,bjc,ckd,dle,ema->ijklm","40,40,40,40,40,25,25,25,25,25","(0,1),(0,1),(0,1),(0,1)",FP32,33410000000,838.1310755722797,0.0001628398895263672,0.04427790641784668,754.5523874754327,751.7875548020903
*** input parameters ***
  einsum_str: aib,bjc,ckd,dle,ema->ijklm
  dim_sizes:  40,40,40,40,40,25,25,25,25,25
  cont_path:  (0,1),(0,1),(0,1),(0,1)
  backend:    torch
  dtype:      FP32
*** benchmarking opt_einsum expression ***
  #flops :          33410000000
  #bytes :          39862500
  arith. intensity: 838.13
  time (eval):      0.034541
  time (compile):   0.000161
  gflops (eval):    967.27
  gflops (total):   962.77
CSV_DATA: opt_einsum,torch,"aib,bjc,ckd,dle,ema->ijklm","40,40,40,40,40,25,25,25,25,25","(0,1),(0,1),(0,1),(0,1)",FP32,33410000000,838.1310755722797,0.00016117095947265625,0.034540653228759766,967.2660148818974,962.7735942287874
*** input parameters ***
  einsum_str: aib,bjc,ckd,dle,ema->ijklm
  dim_sizes:  40,40,40,40,40,25,25,25,25,25
  cont_path:  (0,1),(0,1),(0,1),(0,1)
  backend:    torch
  dtype:      FP32
*** benchmarking opt_einsum expression ***
  #flops :          33410000000
  #bytes :          39862500
  arith. intensity: 838.13
  time (eval):      0.036336
  time (compile):   0.000160
  gflops (eval):    919.46
  gflops (total):   915.44
CSV_DATA: opt_einsum,torch,"aib,bjc,ckd,dle,ema->ijklm","40,40,40,40,40,25,25,25,25,25","(0,1),(0,1),(0,1),(0,1)",FP32,33410000000,838.1310755722797,0.00015974044799804688,0.036336421966552734,919.4631224492475,915.4387143641068
*** input parameters ***
  einsum_str: aib,bjc,ckd,dle,ema->ijklm
  dim_sizes:  40,40,40,40,40,25,25,25,25,25
  cont_path:  (0,1),(0,1),(0,1),(0,1)
  backend:    torch
  dtype:      FP32
*** benchmarking opt_einsum expression ***
  #flops :          33410000000
  #bytes :          39862500
  arith. intensity: 838.13
  time (eval):      0.036073
  time (compile):   0.000159
  gflops (eval):    926.18
  gflops (total):   922.11
CSV_DATA: opt_einsum,torch,"aib,bjc,ckd,dle,ema->ijklm","40,40,40,40,40,25,25,25,25,25","(0,1),(0,1),(0,1),(0,1)",FP32,33410000000,838.1310755722797,0.00015926361083984375,0.036072731018066406,926.1843796430932,922.1131859338809
*** input parameters ***
  einsum_str: aib,bjc,ckd,dle,ema->ijklm
  dim_sizes:  40,40,40,40,40,25,25,25,25,25
  cont_path:  (0,1),(0,1),(0,1),(0,1)
  backend:    torch
  dtype:      FP32
*** benchmarking opt_einsum expression ***
  #flops :          33410000000
  #bytes :          39862500
  arith. intensity: 838.13
  time (eval):      0.037302
  time (compile):   0.000159
  gflops (eval):    895.67
  gflops (total):   891.87
CSV_DATA: opt_einsum,torch,"aib,bjc,ckd,dle,ema->ijklm","40,40,40,40,40,25,25,25,25,25","(0,1),(0,1),(0,1),(0,1)",FP32,33410000000,838.1310755722797,0.0001590251922607422,0.03730154037475586,895.6734672172013,891.8712116139791
*** input parameters ***
  einsum_str: aib,bjc,ckd,dle,ema->ijklm
  dim_sizes:  40,40,40,40,40,25,25,25,25,25
  cont_path:  (0,1),(0,1),(0,1),(0,1)
  backend:    torch
  dtype:      FP32
*** benchmarking opt_einsum expression ***
  #flops :          33410000000
  #bytes :          39862500
  arith. intensity: 838.13
  time (eval):      0.039823
  time (compile):   0.000166
  gflops (eval):    838.96
  gflops (total):   835.46
CSV_DATA: opt_einsum,torch,"aib,bjc,ckd,dle,ema->ijklm","40,40,40,40,40,25,25,25,25,25","(0,1),(0,1),(0,1),(0,1)",FP32,33410000000,838.1310755722797,0.00016641616821289062,0.039823293685913086,838.9562215397143,835.464926399132
*** input parameters ***
  einsum_str: aib,bjc,ckd,dle,ema->ijklm
  dim_sizes:  40,40,40,40,40,25,25,25,25,25
  cont_path:  (0,1),(0,1),(0,1),(0,1)
  backend:    torch
  dtype:      FP32
*** benchmarking opt_einsum expression ***
  #flops :          33410000000
  #bytes :          39862500
  arith. intensity: 838.13
  time (eval):      0.042102
  time (compile):   0.000163
  gflops (eval):    793.55
  gflops (total):   790.49
CSV_DATA: opt_einsum,torch,"aib,bjc,ckd,dle,ema->ijklm","40,40,40,40,40,25,25,25,25,25","(0,1),(0,1),(0,1),(0,1)",FP32,33410000000,838.1310755722797,0.00016307830810546875,0.04210209846496582,793.5471441596023,790.4852777354702
*** input parameters ***
  einsum_str: aib,bjc,ckd,dle,ema->ijklm
  dim_sizes:  40,40,40,40,40,25,25,25,25,25
  cont_path:  (0,1),(0,1),(0,1),(0,1)
  backend:    torch
  dtype:      FP32
*** benchmarking opt_einsum expression ***
  #flops :          33410000000
  #bytes :          39862500
  arith. intensity: 838.13
  time (eval):      0.046762
  time (compile):   0.000162
  gflops (eval):    714.48
  gflops (total):   712.01
CSV_DATA: opt_einsum,torch,"aib,bjc,ckd,dle,ema->ijklm","40,40,40,40,40,25,25,25,25,25","(0,1),(0,1),(0,1),(0,1)",FP32,33410000000,838.1310755722797,0.00016188621520996094,0.046761512756347656,714.4764578957029,712.0115066739156
*** input parameters ***
  einsum_str: aib,bjc,ckd,dle,ema->ijklm
  dim_sizes:  40,40,40,40,40,25,25,25,25,25
  cont_path:  (0,1),(0,1),(0,1),(0,1)
  backend:    torch
  dtype:      FP32
*** benchmarking opt_einsum expression ***
  #flops :          33410000000
  #bytes :          39862500
  arith. intensity: 838.13
  time (eval):      0.042620
  time (compile):   0.000162
  gflops (eval):    783.90
  gflops (total):   780.94
CSV_DATA: opt_einsum,torch,"aib,bjc,ckd,dle,ema->ijklm","40,40,40,40,40,25,25,25,25,25","(0,1),(0,1),(0,1),(0,1)",FP32,33410000000,838.1310755722797,0.00016164779663085938,0.042620182037353516,783.9009221199136,780.9390138207758
*** input parameters ***
  einsum_str: aib,bjc,ckd,dle,ema->ijklm
  dim_sizes:  40,40,40,40,40,25,25,25,25,25
  cont_path:  (0,1),(0,1),(0,1),(0,1)
  backend:    torch
  dtype:      FP32
*** benchmarking opt_einsum expression ***
  #flops :          33410000000
  #bytes :          39862500
  arith. intensity: 838.13
  time (eval):      0.036017
  time (compile):   0.000157
  gflops (eval):    927.62
  gflops (total):   923.59
CSV_DATA: opt_einsum,torch,"aib,bjc,ckd,dle,ema->ijklm","40,40,40,40,40,25,25,25,25,25","(0,1),(0,1),(0,1),(0,1)",FP32,33410000000,838.1310755722797,0.0001571178436279297,0.03601694107055664,927.6190316815167,923.5900256384908
*** input parameters ***
  einsum_str: aib,bjc,ckd,dle,ema->ijklm
  dim_sizes:  40,40,40,40,40,25,25,25,25,25
  cont_path:  (0,1),(0,1),(0,1),(0,1)
  backend:    torch
  dtype:      FP32
*** benchmarking opt_einsum expression ***
  #flops :          33410000000
  #bytes :          39862500
  arith. intensity: 838.13
  time (eval):      0.041787
  time (compile):   0.000174
  gflops (eval):    799.53
  gflops (total):   796.22
CSV_DATA: opt_einsum,torch,"aib,bjc,ckd,dle,ema->ijklm","40,40,40,40,40,25,25,25,25,25","(0,1),(0,1),(0,1),(0,1)",FP32,33410000000,838.1310755722797,0.00017404556274414062,0.041786909103393555,799.5326937757821,796.2163936885289
*** input parameters ***
  einsum_str: aib,bjc,ckd,dle,ema->ijklm
  dim_sizes:  40,40,40,40,40,25,25,25,25,25
  cont_path:  (0,1),(0,1),(0,1),(0,1)
  backend:    torch
  dtype:      FP32
*** benchmarking opt_einsum expression ***
  #flops :          33410000000
  #bytes :          39862500
  arith. intensity: 838.13
  time (eval):      0.035994
  time (compile):   0.000168
  gflops (eval):    928.20
  gflops (total):   923.90
CSV_DATA: opt_einsum,torch,"aib,bjc,ckd,dle,ema->ijklm","40,40,40,40,40,25,25,25,25,25","(0,1),(0,1),(0,1),(0,1)",FP32,33410000000,838.1310755722797,0.00016760826110839844,0.03599429130554199,928.2027451629783,923.9005804554506
*** input parameters ***
  einsum_str: aib,bjc,ckd,dle,ema->ijklm
  dim_sizes:  40,40,40,40,40,25,25,25,25,25
  cont_path:  (0,1),(0,1),(0,1),(0,1)
  backend:    torch
  dtype:      FP32
*** benchmarking opt_einsum expression ***
  #flops :          33410000000
  #bytes :          39862500
  arith. intensity: 838.13
  time (eval):      0.041652
  time (compile):   0.000169
  gflops (eval):    802.11
  gflops (total):   798.88
CSV_DATA: opt_einsum,torch,"aib,bjc,ckd,dle,ema->ijklm","40,40,40,40,40,25,25,25,25,25","(0,1),(0,1),(0,1),(0,1)",FP32,33410000000,838.1310755722797,0.0001685619354248047,0.04165244102478027,802.113854026548,798.8808884328146
*** input parameters ***
  einsum_str: aib,bjc,ckd,dle,ema->ijklm
  dim_sizes:  40,40,40,40,40,25,25,25,25,25
  cont_path:  (0,1),(0,1),(0,1),(0,1)
  backend:    torch
  dtype:      FP32
*** benchmarking opt_einsum expression ***
  #flops :          33410000000
  #bytes :          39862500
  arith. intensity: 838.13
  time (eval):      0.042578
  time (compile):   0.000160
  gflops (eval):    784.68
  gflops (total):   781.74
CSV_DATA: opt_einsum,torch,"aib,bjc,ckd,dle,ema->ijklm","40,40,40,40,40,25,25,25,25,25","(0,1),(0,1),(0,1),(0,1)",FP32,33410000000,838.1310755722797,0.00016045570373535156,0.04257774353027344,784.6822595529276,781.7362593371529
*** input parameters ***
  einsum_str: aib,bjc,ckd,dle,ema->ijklm
  dim_sizes:  40,40,40,40,40,25,25,25,25,25
  cont_path:  (0,1),(0,1),(0,1),(0,1)
  backend:    torch
  dtype:      FP32
*** benchmarking opt_einsum expression ***
  #flops :          33410000000
  #bytes :          39862500
  arith. intensity: 838.13
  time (eval):      0.034907
  time (compile):   0.000156
  gflops (eval):    957.12
  gflops (total):   952.86
CSV_DATA: opt_einsum,torch,"aib,bjc,ckd,dle,ema->ijklm","40,40,40,40,40,25,25,25,25,25","(0,1),(0,1),(0,1),(0,1)",FP32,33410000000,838.1310755722797,0.00015592575073242188,0.034906864166259766,957.1183432825627,952.8619964097264
*** input parameters ***
  einsum_str: aib,bjc,ckd,dle,ema->ijklm
  dim_sizes:  40,40,40,40,40,25,25,25,25,25
  cont_path:  (0,1),(0,1),(0,1),(0,1)
  backend:    torch
  dtype:      FP32
*** benchmarking opt_einsum expression ***
  #flops :          33410000000
  #bytes :          39862500
  arith. intensity: 838.13
  time (eval):      0.034270
  time (compile):   0.000170
  gflops (eval):    974.90
  gflops (total):   970.09
CSV_DATA: opt_einsum,torch,"aib,bjc,ckd,dle,ema->ijklm","40,40,40,40,40,25,25,25,25,25","(0,1),(0,1),(0,1),(0,1)",FP32,33410000000,838.1310755722797,0.00016999244689941406,0.034270286560058594,974.8970129400307,970.0850563158953
*** input parameters ***
  einsum_str: aib,bjc,ckd,dle,ema->ijklm
  dim_sizes:  40,40,40,40,40,25,25,25,25,25
  cont_path:  (0,1),(0,1),(0,1),(0,1)
  backend:    torch
  dtype:      FP32
*** benchmarking opt_einsum expression ***
  #flops :          33410000000
  #bytes :          39862500
  arith. intensity: 838.13
  time (eval):      0.036077
  time (compile):   0.000162
  gflops (eval):    926.08
  gflops (total):   921.94
CSV_DATA: opt_einsum,torch,"aib,bjc,ckd,dle,ema->ijklm","40,40,40,40,40,25,25,25,25,25","(0,1),(0,1),(0,1),(0,1)",FP32,33410000000,838.1310755722797,0.00016188621520996094,0.03607678413391113,926.0803256739165,921.9433185083819
*** input parameters ***
  einsum_str: aib,bjc,ckd,dle,ema->ijklm
  dim_sizes:  40,40,40,40,40,25,25,25,25,25
  cont_path:  (0,1),(0,1),(0,1),(0,1)
  backend:    torch
  dtype:      FP32
*** benchmarking opt_einsum expression ***
  #flops :          33410000000
  #bytes :          39862500
  arith. intensity: 838.13
  time (eval):      0.042897
  time (compile):   0.000160
  gflops (eval):    778.84
  gflops (total):   775.95
CSV_DATA: opt_einsum,torch,"aib,bjc,ckd,dle,ema->ijklm","40,40,40,40,40,25,25,25,25,25","(0,1),(0,1),(0,1),(0,1)",FP32,33410000000,838.1310755722797,0.00015974044799804688,0.04289698600769043,778.8425973333037,775.953091426578
*** input parameters ***
  einsum_str: aib,bjc,ckd,dle,ema->ijklm
  dim_sizes:  40,40,40,40,40,25,25,25,25,25
  cont_path:  (0,1),(0,1),(0,1),(0,1)
  backend:    torch
  dtype:      FP32
*** benchmarking opt_einsum expression ***
  #flops :          33410000000
  #bytes :          39862500
  arith. intensity: 838.13
  time (eval):      0.051717
  time (compile):   0.000180
  gflops (eval):    646.01
  gflops (total):   643.77
CSV_DATA: opt_einsum,torch,"aib,bjc,ckd,dle,ema->ijklm","40,40,40,40,40,25,25,25,25,25","(0,1),(0,1),(0,1),(0,1)",FP32,33410000000,838.1310755722797,0.0001800060272216797,0.051717281341552734,646.0123025290663,643.771605297855
*** input parameters ***
  einsum_str: aib,bjc,ckd,dle,ema->ijklm
  dim_sizes:  40,40,40,40,40,25,25,25,25,25
  cont_path:  (0,1),(0,1),(0,1),(0,1)
  backend:    torch
  dtype:      FP32
*** benchmarking opt_einsum expression ***
  #flops :          33410000000
  #bytes :          39862500
  arith. intensity: 838.13
  time (eval):      0.035582
  time (compile):   0.000163
  gflops (eval):    938.97
  gflops (total):   934.70
CSV_DATA: opt_einsum,torch,"aib,bjc,ckd,dle,ema->ijklm","40,40,40,40,40,25,25,25,25,25","(0,1),(0,1),(0,1),(0,1)",FP32,33410000000,838.1310755722797,0.00016260147094726562,0.03558158874511719,938.9687526132406,934.6973535571832
*** input parameters ***
  einsum_str: aib,bjc,ckd,dle,ema->ijklm
  dim_sizes:  40,40,40,40,40,25,25,25,25,25
  cont_path:  (0,1),(0,1),(0,1),(0,1)
  backend:    torch
  dtype:      FP32
*** benchmarking opt_einsum expression ***
  #flops :          33410000000
  #bytes :          39862500
  arith. intensity: 838.13
  time (eval):      0.041527
  time (compile):   0.000163
  gflops (eval):    804.54
  gflops (total):   801.40
CSV_DATA: opt_einsum,torch,"aib,bjc,ckd,dle,ema->ijklm","40,40,40,40,40,25,25,25,25,25","(0,1),(0,1),(0,1),(0,1)",FP32,33410000000,838.1310755722797,0.00016260147094726562,0.04152679443359375,804.5407900055118,801.4028333848038
*** input parameters ***
  einsum_str: aib,bjc,ckd,dle,ema->ijklm
  dim_sizes:  40,40,40,40,40,25,25,25,25,25
  cont_path:  (0,1),(0,1),(0,1),(0,1)
  backend:    torch
  dtype:      FP32
*** benchmarking opt_einsum expression ***
  #flops :          33410000000
  #bytes :          39862500
  arith. intensity: 838.13
  time (eval):      0.038260
  time (compile):   0.000167
  gflops (eval):    873.25
  gflops (total):   869.45
CSV_DATA: opt_einsum,torch,"aib,bjc,ckd,dle,ema->ijklm","40,40,40,40,40,25,25,25,25,25","(0,1),(0,1),(0,1),(0,1)",FP32,33410000000,838.1310755722797,0.0001671314239501953,0.03825950622558594,873.2470252754375,869.4489563388408
*** input parameters ***
  einsum_str: aib,bjc,ckd,dle,ema->ijklm
  dim_sizes:  40,40,40,40,40,25,25,25,25,25
  cont_path:  (0,1),(0,1),(0,1),(0,1)
  backend:    torch
  dtype:      FP32
*** benchmarking opt_einsum expression ***
  #flops :          33410000000
  #bytes :          39862500
  arith. intensity: 838.13
  time (eval):      0.054165
  time (compile):   0.000166
  gflops (eval):    616.82
  gflops (total):   614.94
CSV_DATA: opt_einsum,torch,"aib,bjc,ckd,dle,ema->ijklm","40,40,40,40,40,25,25,25,25,25","(0,1),(0,1),(0,1),(0,1)",FP32,33410000000,838.1310755722797,0.00016570091247558594,0.05416512489318848,616.8175567929221,614.936355274706
*** input parameters ***
  einsum_str: aib,bjc,ckd,dle,ema->ijklm
  dim_sizes:  40,40,40,40,40,25,25,25,25,25
  cont_path:  (0,1),(0,1),(0,1),(0,1)
  backend:    torch
  dtype:      FP32
*** benchmarking opt_einsum expression ***
  #flops :          33410000000
  #bytes :          39862500
  arith. intensity: 838.13
  time (eval):      0.045645
  time (compile):   0.000175
  gflops (eval):    731.95
  gflops (total):   729.15
CSV_DATA: opt_einsum,torch,"aib,bjc,ckd,dle,ema->ijklm","40,40,40,40,40,25,25,25,25,25","(0,1),(0,1),(0,1),(0,1)",FP32,33410000000,838.1310755722797,0.00017547607421875,0.04564499855041504,731.9531396873319,729.1500202409137
*** input parameters ***
  einsum_str: aib,bjc,ckd,dle,ema->ijklm
  dim_sizes:  40,40,40,40,40,25,25,25,25,25
  cont_path:  (0,1),(0,1),(0,1),(0,1)
  backend:    torch
  dtype:      FP32
*** benchmarking opt_einsum expression ***
  #flops :          33410000000
  #bytes :          39862500
  arith. intensity: 838.13
  time (eval):      0.038622
  time (compile):   0.000163
  gflops (eval):    865.04
  gflops (total):   861.42
CSV_DATA: opt_einsum,torch,"aib,bjc,ckd,dle,ema->ijklm","40,40,40,40,40,25,25,25,25,25","(0,1),(0,1),(0,1),(0,1)",FP32,33410000000,838.1310755722797,0.00016260147094726562,0.038622379302978516,865.0425116979642,861.4159226929603
*** input parameters ***
  einsum_str: aib,bjc,ckd,dle,ema->ijklm
  dim_sizes:  40,40,40,40,40,25,25,25,25,25
  cont_path:  (0,1),(0,1),(0,1),(0,1)
  backend:    torch
  dtype:      FP32
*** benchmarking opt_einsum expression ***
  #flops :          33410000000
  #bytes :          39862500
  arith. intensity: 838.13
  time (eval):      0.041650
  time (compile):   0.000164
  gflops (eval):    802.16
  gflops (total):   799.01
CSV_DATA: opt_einsum,torch,"aib,bjc,ckd,dle,ema->ijklm","40,40,40,40,40,25,25,25,25,25","(0,1),(0,1),(0,1),(0,1)",FP32,33410000000,838.1310755722797,0.00016427040100097656,0.04165005683898926,802.1597696530486,799.0084309678302
*** input parameters ***
  einsum_str: aib,bjc,ckd,dle,ema->ijklm
  dim_sizes:  40,40,40,40,40,25,25,25,25,25
  cont_path:  (0,1),(0,1),(0,1),(0,1)
  backend:    torch
  dtype:      FP32
*** benchmarking opt_einsum expression ***
  #flops :          33410000000
  #bytes :          39862500
  arith. intensity: 838.13
  time (eval):      0.034235
  time (compile):   0.000163
  gflops (eval):    975.90
  gflops (total):   971.28
CSV_DATA: opt_einsum,torch,"aib,bjc,ckd,dle,ema->ijklm","40,40,40,40,40,25,25,25,25,25","(0,1),(0,1),(0,1),(0,1)",FP32,33410000000,838.1310755722797,0.00016260147094726562,0.034235239028930664,975.8950411231746,971.2819035869001
*** input parameters ***
  einsum_str: aib,bjc,ckd,dle,ema->ijklm
  dim_sizes:  40,40,40,40,40,25,25,25,25,25
  cont_path:  (0,1),(0,1),(0,1),(0,1)
  backend:    torch
  dtype:      FP32
*** benchmarking opt_einsum expression ***
  #flops :          33410000000
  #bytes :          39862500
  arith. intensity: 838.13
  time (eval):      0.040952
  time (compile):   0.000168
  gflops (eval):    815.84
  gflops (total):   812.51
CSV_DATA: opt_einsum,torch,"aib,bjc,ckd,dle,ema->ijklm","40,40,40,40,40,25,25,25,25,25","(0,1),(0,1),(0,1),(0,1)",FP32,33410000000,838.1310755722797,0.0001678466796875,0.04095172882080078,815.8385729256422,812.5083878748522
*** input parameters ***
  einsum_str: aib,bjc,ckd,dle,ema->ijklm
  dim_sizes:  40,40,40,40,40,25,25,25,25,25
  cont_path:  (0,1),(0,1),(0,1),(0,1)
  backend:    torch
  dtype:      FP32
*** benchmarking opt_einsum expression ***
  #flops :          33410000000
  #bytes :          39862500
  arith. intensity: 838.13
  time (eval):      0.043066
  time (compile):   0.000161
  gflops (eval):    775.79
  gflops (total):   772.90
CSV_DATA: opt_einsum,torch,"aib,bjc,ckd,dle,ema->ijklm","40,40,40,40,40,25,25,25,25,25","(0,1),(0,1),(0,1),(0,1)",FP32,33410000000,838.1310755722797,0.00016069412231445312,0.04306602478027344,775.7855564905443,772.9015953139996
*** input parameters ***
  einsum_str: aib,bjc,ckd,dle,ema->ijklm
  dim_sizes:  40,40,40,40,40,25,25,25,25,25
  cont_path:  (0,1),(0,1),(0,1),(0,1)
  backend:    torch
  dtype:      FP32
*** benchmarking opt_einsum expression ***
  #flops :          33410000000
  #bytes :          39862500
  arith. intensity: 838.13
  time (eval):      0.055242
  time (compile):   0.000171
  gflops (eval):    604.80
  gflops (total):   602.93
CSV_DATA: opt_einsum,torch,"aib,bjc,ckd,dle,ema->ijklm","40,40,40,40,40,25,25,25,25,25","(0,1),(0,1),(0,1),(0,1)",FP32,33410000000,838.1310755722797,0.0001709461212158203,0.05524182319641113,604.7953899206306,602.9296209415794
*** input parameters ***
  einsum_str: aib,bjc,ckd,dle,ema->ijklm
  dim_sizes:  40,40,40,40,40,25,25,25,25,25
  cont_path:  (0,1),(0,1),(0,1),(0,1)
  backend:    torch
  dtype:      FP32
*** benchmarking opt_einsum expression ***
  #flops :          33410000000
  #bytes :          39862500
  arith. intensity: 838.13
  time (eval):      0.044616
  time (compile):   0.000191
  gflops (eval):    748.84
  gflops (total):   745.64
CSV_DATA: opt_einsum,torch,"aib,bjc,ckd,dle,ema->ijklm","40,40,40,40,40,25,25,25,25,25","(0,1),(0,1),(0,1),(0,1)",FP32,33410000000,838.1310755722797,0.0001914501190185547,0.044615745544433594,748.838769638544,745.6391658818209
*** input parameters ***
  einsum_str: aib,bjc,ckd,dle,ema->ijklm
  dim_sizes:  40,40,40,40,40,25,25,25,25,25
  cont_path:  (0,1),(0,1),(0,1),(0,1)
  backend:    torch
  dtype:      FP32
*** benchmarking opt_einsum expression ***
  #flops :          33410000000
  #bytes :          39862500
  arith. intensity: 838.13
  time (eval):      0.035691
  time (compile):   0.000164
  gflops (eval):    936.08
  gflops (total):   931.80
CSV_DATA: opt_einsum,torch,"aib,bjc,ckd,dle,ema->ijklm","40,40,40,40,40,25,25,25,25,25","(0,1),(0,1),(0,1),(0,1)",FP32,33410000000,838.1310755722797,0.00016379356384277344,0.03569149971008301,936.0772248682374,931.8010522116127
*** input parameters ***
  einsum_str: aib,bjc,ckd,dle,ema->ijklm
  dim_sizes:  40,40,40,40,40,25,25,25,25,25
  cont_path:  (0,1),(0,1),(0,1),(0,1)
  backend:    torch
  dtype:      FP32
*** benchmarking opt_einsum expression ***
  #flops :          33410000000
  #bytes :          39862500
  arith. intensity: 838.13
  time (eval):      0.041475
  time (compile):   0.000164
  gflops (eval):    805.55
  gflops (total):   802.37
CSV_DATA: opt_einsum,torch,"aib,bjc,ckd,dle,ema->ijklm","40,40,40,40,40,25,25,25,25,25","(0,1),(0,1),(0,1),(0,1)",FP32,33410000000,838.1310755722797,0.00016427040100097656,0.04147481918334961,805.5490212580048,802.3710492593632
*** input parameters ***
  einsum_str: aib,bjc,ckd,dle,ema->ijklm
  dim_sizes:  40,40,40,40,40,25,25,25,25,25
  cont_path:  (0,1),(0,1),(0,1),(0,1)
  backend:    torch
  dtype:      FP32
*** benchmarking opt_einsum expression ***
  #flops :          33410000000
  #bytes :          39862500
  arith. intensity: 838.13
  time (eval):      0.046680
  time (compile):   0.000170
  gflops (eval):    715.72
  gflops (total):   713.12
CSV_DATA: opt_einsum,torch,"aib,bjc,ckd,dle,ema->ijklm","40,40,40,40,40,25,25,25,25,25","(0,1),(0,1),(0,1),(0,1)",FP32,33410000000,838.1310755722797,0.00016999244689941406,0.046680450439453125,715.717172509602,713.120259738938
*** input parameters ***
  einsum_str: aib,bjc,ckd,dle,ema->ijklm
  dim_sizes:  40,40,40,40,40,25,25,25,25,25
  cont_path:  (0,1),(0,1),(0,1),(0,1)
  backend:    torch
  dtype:      FP32
*** benchmarking opt_einsum expression ***
  #flops :          33410000000
  #bytes :          39862500
  arith. intensity: 838.13
  time (eval):      0.040984
  time (compile):   0.000166
  gflops (eval):    815.20
  gflops (total):   811.91
CSV_DATA: opt_einsum,torch,"aib,bjc,ckd,dle,ema->ijklm","40,40,40,40,40,25,25,25,25,25","(0,1),(0,1),(0,1),(0,1)",FP32,33410000000,838.1310755722797,0.00016641616821289062,0.04098367691040039,815.2026006119909,811.9058184430694
*** input parameters ***
  einsum_str: aib,bjc,ckd,dle,ema->ijklm
  dim_sizes:  40,40,40,40,40,25,25,25,25,25
  cont_path:  (0,1),(0,1),(0,1),(0,1)
  backend:    torch
  dtype:      FP32
*** benchmarking opt_einsum expression ***
  #flops :          33410000000
  #bytes :          39862500
  arith. intensity: 838.13
  time (eval):      0.036308
  time (compile):   0.000166
  gflops (eval):    920.18
  gflops (total):   916.00
CSV_DATA: opt_einsum,torch,"aib,bjc,ckd,dle,ema->ijklm","40,40,40,40,40,25,25,25,25,25","(0,1),(0,1),(0,1),(0,1)",FP32,33410000000,838.1310755722797,0.00016570091247558594,0.03630828857421875,920.1755662954403,915.9952193380965
*** input parameters ***
  einsum_str: aib,bjc,ckd,dle,ema->ijklm
  dim_sizes:  40,40,40,40,40,25,25,25,25,25
  cont_path:  (0,1),(0,1),(0,1),(0,1)
  backend:    torch
  dtype:      FP32
*** benchmarking opt_einsum expression ***
  #flops :          33410000000
  #bytes :          39862500
  arith. intensity: 838.13
  time (eval):      0.036761
  time (compile):   0.000170
  gflops (eval):    908.84
  gflops (total):   904.66
CSV_DATA: opt_einsum,torch,"aib,bjc,ckd,dle,ema->ijklm","40,40,40,40,40,25,25,25,25,25","(0,1),(0,1),(0,1),(0,1)",FP32,33410000000,838.1310755722797,0.00016999244689941406,0.03676104545593262,908.8424876286588,904.6591132343448
*** input parameters ***
  einsum_str: aib,bjc,ckd,dle,ema->ijklm
  dim_sizes:  40,40,40,40,40,25,25,25,25,25
  cont_path:  (0,1),(0,1),(0,1),(0,1)
  backend:    torch
  dtype:      FP32
*** benchmarking opt_einsum expression ***
  #flops :          33410000000
  #bytes :          39862500
  arith. intensity: 838.13
  time (eval):      0.041969
  time (compile):   0.000163
  gflops (eval):    796.06
  gflops (total):   792.98
CSV_DATA: opt_einsum,torch,"aib,bjc,ckd,dle,ema->ijklm","40,40,40,40,40,25,25,25,25,25","(0,1),(0,1),(0,1),(0,1)",FP32,33410000000,838.1310755722797,0.00016307830810546875,0.04196929931640625,796.0580839847302,792.9768478236266
*** input parameters ***
  einsum_str: aib,bjc,ckd,dle,ema->ijklm
  dim_sizes:  40,40,40,40,40,25,25,25,25,25
  cont_path:  (0,1),(0,1),(0,1),(0,1)
  backend:    torch
  dtype:      FP32
*** benchmarking opt_einsum expression ***
  #flops :          33410000000
  #bytes :          39862500
  arith. intensity: 838.13
  time (eval):      0.045285
  time (compile):   0.000171
  gflops (eval):    737.77
  gflops (total):   734.99
CSV_DATA: opt_einsum,torch,"aib,bjc,ckd,dle,ema->ijklm","40,40,40,40,40,25,25,25,25,25","(0,1),(0,1),(0,1),(0,1)",FP32,33410000000,838.1310755722797,0.00017142295837402344,0.04528498649597168,737.7721091508326,734.98985953907
*** input parameters ***
  einsum_str: aib,bjc,ckd,dle,ema->ijklm
  dim_sizes:  40,40,40,40,40,25,25,25,25,25
  cont_path:  (0,1),(0,1),(0,1),(0,1)
  backend:    torch
  dtype:      FP32
*** benchmarking opt_einsum expression ***
  #flops :          33410000000
  #bytes :          39862500
  arith. intensity: 838.13
  time (eval):      0.041653
  time (compile):   0.000163
  gflops (eval):    802.10
  gflops (total):   798.97
CSV_DATA: opt_einsum,torch,"aib,bjc,ckd,dle,ema->ijklm","40,40,40,40,40,25,25,25,25,25","(0,1),(0,1),(0,1),(0,1)",FP32,33410000000,838.1310755722797,0.0001633167266845703,0.04165315628051758,802.1000803635824,798.9674307119521
*** input parameters ***
  einsum_str: aib,bjc,ckd,dle,ema->ijklm
  dim_sizes:  40,40,40,40,40,25,25,25,25,25
  cont_path:  (0,1),(0,1),(0,1),(0,1)
  backend:    torch
  dtype:      FP32
*** benchmarking opt_einsum expression ***
  #flops :          33410000000
  #bytes :          39862500
  arith. intensity: 838.13
  time (eval):      0.044494
  time (compile):   0.000172
  gflops (eval):    750.89
  gflops (total):   748.00
CSV_DATA: opt_einsum,torch,"aib,bjc,ckd,dle,ema->ijklm","40,40,40,40,40,25,25,25,25,25","(0,1),(0,1),(0,1),(0,1)",FP32,33410000000,838.1310755722797,0.00017213821411132812,0.044493675231933594,750.8932410245419,747.9993628764506
*** input parameters ***
  einsum_str: aib,bjc,ckd,dle,ema->ijklm
  dim_sizes:  40,40,40,40,40,25,25,25,25,25
  cont_path:  (0,1),(0,1),(0,1),(0,1)
  backend:    torch
  dtype:      FP32
*** benchmarking opt_einsum expression ***
  #flops :          33410000000
  #bytes :          39862500
  arith. intensity: 838.13
  time (eval):      0.046886
  time (compile):   0.000165
  gflops (eval):    712.58
  gflops (total):   710.08
CSV_DATA: opt_einsum,torch,"aib,bjc,ckd,dle,ema->ijklm","40,40,40,40,40,25,25,25,25,25","(0,1),(0,1),(0,1),(0,1)",FP32,33410000000,838.1310755722797,0.0001647472381591797,0.04688596725463867,712.5799456914174,710.084859712686
*** input parameters ***
  einsum_str: aib,bjc,ckd,dle,ema->ijklm
  dim_sizes:  40,40,40,40,40,25,25,25,25,25
  cont_path:  (0,1),(0,1),(0,1),(0,1)
  backend:    torch
  dtype:      FP32
*** benchmarking opt_einsum expression ***
  #flops :          33410000000
  #bytes :          39862500
  arith. intensity: 838.13
  time (eval):      0.042294
  time (compile):   0.000167
  gflops (eval):    789.95
  gflops (total):   786.84
CSV_DATA: opt_einsum,torch,"aib,bjc,ckd,dle,ema->ijklm","40,40,40,40,40,25,25,25,25,25","(0,1),(0,1),(0,1),(0,1)",FP32,33410000000,838.1310755722797,0.0001671314239501953,0.04229378700256348,789.950542806086,786.8411998158277
*** input parameters ***
  einsum_str: aib,bjc,ckd,dle,ema->ijklm
  dim_sizes:  40,40,40,40,40,25,25,25,25,25
  cont_path:  (0,1),(0,1),(0,1),(0,1)
  backend:    torch
  dtype:      FP32
*** benchmarking opt_einsum expression ***
  #flops :          33410000000
  #bytes :          39862500
  arith. intensity: 838.13
  time (eval):      0.042080
  time (compile):   0.000167
  gflops (eval):    793.97
  gflops (total):   790.83
CSV_DATA: opt_einsum,torch,"aib,bjc,ckd,dle,ema->ijklm","40,40,40,40,40,25,25,25,25,25","(0,1),(0,1),(0,1),(0,1)",FP32,33410000000,838.1310755722797,0.00016689300537109375,0.04207968711853027,793.9697818068502,790.8332438274218
*** input parameters ***
  einsum_str: aib,bjc,ckd,dle,ema->ijklm
  dim_sizes:  40,40,40,40,40,25,25,25,25,25
  cont_path:  (0,1),(0,1),(0,1),(0,1)
  backend:    torch
  dtype:      FP32
*** benchmarking opt_einsum expression ***
  #flops :          33410000000
  #bytes :          39862500
  arith. intensity: 838.13
  time (eval):      0.042941
  time (compile):   0.000156
  gflops (eval):    778.05
  gflops (total):   775.24
CSV_DATA: opt_einsum,torch,"aib,bjc,ckd,dle,ema->ijklm","40,40,40,40,40,25,25,25,25,25","(0,1),(0,1),(0,1),(0,1)",FP32,33410000000,838.1310755722797,0.0001556873321533203,0.042940616607666016,778.0512400475276,775.2404950237609
*** input parameters ***
  einsum_str: aib,bjc,ckd,dle,ema->ijklm
  dim_sizes:  40,40,40,40,40,25,25,25,25,25
  cont_path:  (0,1),(0,1),(0,1),(0,1)
  backend:    torch
  dtype:      FP32
*** benchmarking opt_einsum expression ***
  #flops :          33410000000
  #bytes :          39862500
  arith. intensity: 838.13
  time (eval):      0.041121
  time (compile):   0.000159
  gflops (eval):    812.48
  gflops (total):   809.36
CSV_DATA: opt_einsum,torch,"aib,bjc,ckd,dle,ema->ijklm","40,40,40,40,40,25,25,25,25,25","(0,1),(0,1),(0,1),(0,1)",FP32,33410000000,838.1310755722797,0.00015854835510253906,0.04112100601196289,812.4801224532395,809.3595125303947
*** input parameters ***
  einsum_str: aib,bjc,ckd,dle,ema->ijklm
  dim_sizes:  40,40,40,40,40,25,25,25,25,25
  cont_path:  (0,1),(0,1),(0,1),(0,1)
  backend:    torch
  dtype:      FP32
*** benchmarking opt_einsum expression ***
  #flops :          33410000000
  #bytes :          39862500
  arith. intensity: 838.13
  time (eval):      0.038952
  time (compile):   0.000170
  gflops (eval):    857.73
  gflops (total):   854.01
CSV_DATA: opt_einsum,torch,"aib,bjc,ckd,dle,ema->ijklm","40,40,40,40,40,25,25,25,25,25","(0,1),(0,1),(0,1),(0,1)",FP32,33410000000,838.1310755722797,0.00016951560974121094,0.03895163536071777,857.7303543381792,854.0137284107115
*** input parameters ***
  einsum_str: aib,bjc,ckd,dle,ema->ijklm
  dim_sizes:  40,40,40,40,40,25,25,25,25,25
  cont_path:  (0,1),(0,1),(0,1),(0,1)
  backend:    torch
  dtype:      FP32
*** benchmarking opt_einsum expression ***
  #flops :          33410000000
  #bytes :          39862500
  arith. intensity: 838.13
  time (eval):      0.039252
  time (compile):   0.000160
  gflops (eval):    851.18
  gflops (total):   847.71
CSV_DATA: opt_einsum,torch,"aib,bjc,ckd,dle,ema->ijklm","40,40,40,40,40,25,25,25,25,25","(0,1),(0,1),(0,1),(0,1)",FP32,33410000000,838.1310755722797,0.00016045570373535156,0.03925156593322754,851.176232225617,847.7108915586851
*** input parameters ***
  einsum_str: aib,bjc,ckd,dle,ema->ijklm
  dim_sizes:  40,40,40,40,40,25,25,25,25,25
  cont_path:  (0,1),(0,1),(0,1),(0,1)
  backend:    torch
  dtype:      FP32
*** benchmarking opt_einsum expression ***
  #flops :          33410000000
  #bytes :          39862500
  arith. intensity: 838.13
  time (eval):      0.044995
  time (compile):   0.000162
  gflops (eval):    742.53
  gflops (total):   739.88
CSV_DATA: opt_einsum,torch,"aib,bjc,ckd,dle,ema->ijklm","40,40,40,40,40,25,25,25,25,25","(0,1),(0,1),(0,1),(0,1)",FP32,33410000000,838.1310755722797,0.00016164779663085938,0.04499459266662598,742.5336694909417,739.8755887834677
*** input parameters ***
  einsum_str: aib,bjc,ckd,dle,ema->ijklm
  dim_sizes:  40,40,40,40,40,25,25,25,25,25
  cont_path:  (0,1),(0,1),(0,1),(0,1)
  backend:    torch
  dtype:      FP32
*** benchmarking opt_einsum expression ***
  #flops :          33410000000
  #bytes :          39862500
  arith. intensity: 838.13
  time (eval):      0.040280
  time (compile):   0.000163
  gflops (eval):    829.44
  gflops (total):   826.09
CSV_DATA: opt_einsum,torch,"aib,bjc,ckd,dle,ema->ijklm","40,40,40,40,40,25,25,25,25,25","(0,1),(0,1),(0,1),(0,1)",FP32,33410000000,838.1310755722797,0.0001633167266845703,0.04028010368347168,829.4417577109982,826.0923448405961
*** input parameters ***
  einsum_str: aib,bjc,ckd,dle,ema->ijklm
  dim_sizes:  40,40,40,40,40,25,25,25,25,25
  cont_path:  (0,1),(0,1),(0,1),(0,1)
  backend:    torch
  dtype:      FP32
*** benchmarking opt_einsum expression ***
  #flops :          33410000000
  #bytes :          39862500
  arith. intensity: 838.13
  time (eval):      0.034132
  time (compile):   0.000176
  gflops (eval):    978.85
  gflops (total):   973.81
CSV_DATA: opt_einsum,torch,"aib,bjc,ckd,dle,ema->ijklm","40,40,40,40,40,25,25,25,25,25","(0,1),(0,1),(0,1),(0,1)",FP32,33410000000,838.1310755722797,0.00017642974853515625,0.03413200378417969,978.8467214305672,973.8130412786659
*** input parameters ***
  einsum_str: aib,bjc,ckd,dle,ema->ijklm
  dim_sizes:  40,40,40,40,40,25,25,25,25,25
  cont_path:  (0,1),(0,1),(0,1),(0,1)
  backend:    torch
  dtype:      FP32
*** benchmarking opt_einsum expression ***
  #flops :          33410000000
  #bytes :          39862500
  arith. intensity: 838.13
  time (eval):      0.046939
  time (compile):   0.000164
  gflops (eval):    711.77
  gflops (total):   709.30
CSV_DATA: opt_einsum,torch,"aib,bjc,ckd,dle,ema->ijklm","40,40,40,40,40,25,25,25,25,25","(0,1),(0,1),(0,1),(0,1)",FP32,33410000000,838.1310755722797,0.00016355514526367188,0.04693937301635742,711.7692004185334,709.2977295458687
*** input parameters ***
  einsum_str: aib,bjc,ckd,dle,ema->ijklm
  dim_sizes:  40,40,40,40,40,25,25,25,25,25
  cont_path:  (0,1),(0,1),(0,1),(0,1)
  backend:    torch
  dtype:      FP32
*** benchmarking opt_einsum expression ***
  #flops :          33410000000
  #bytes :          39862500
  arith. intensity: 838.13
  time (eval):      0.042888
  time (compile):   0.000160
  gflops (eval):    779.00
  gflops (total):   776.12
CSV_DATA: opt_einsum,torch,"aib,bjc,ckd,dle,ema->ijklm","40,40,40,40,40,25,25,25,25,25","(0,1),(0,1),(0,1),(0,1)",FP32,33410000000,838.1310755722797,0.0001595020294189453,0.04288816452026367,779.0027942141135,776.1164002104622
*** input parameters ***
  einsum_str: aib,bjc,ckd,dle,ema->ijklm
  dim_sizes:  40,40,40,40,40,25,25,25,25,25
  cont_path:  (0,1),(0,1),(0,1),(0,1)
  backend:    torch
  dtype:      FP32
*** benchmarking opt_einsum expression ***
  #flops :          33410000000
  #bytes :          39862500
  arith. intensity: 838.13
  time (eval):      0.042552
  time (compile):   0.000165
  gflops (eval):    785.15
  gflops (total):   782.12
CSV_DATA: opt_einsum,torch,"aib,bjc,ckd,dle,ema->ijklm","40,40,40,40,40,25,25,25,25,25","(0,1),(0,1),(0,1),(0,1)",FP32,33410000000,838.1310755722797,0.00016498565673828125,0.04255247116088867,785.1482907697308,782.1158488586259
*** input parameters ***
  einsum_str: aib,bjc,ckd,dle,ema->ijklm
  dim_sizes:  40,40,40,40,40,25,25,25,25,25
  cont_path:  (0,1),(0,1),(0,1),(0,1)
  backend:    torch
  dtype:      FP32
*** benchmarking opt_einsum expression ***
  #flops :          33410000000
  #bytes :          39862500
  arith. intensity: 838.13
  time (eval):      0.034862
  time (compile):   0.000157
  gflops (eval):    958.36
  gflops (total):   954.06
CSV_DATA: opt_einsum,torch,"aib,bjc,ckd,dle,ema->ijklm","40,40,40,40,40,25,25,25,25,25","(0,1),(0,1),(0,1),(0,1)",FP32,33410000000,838.1310755722797,0.0001571178436279297,0.03486180305480957,958.3554799926139,954.055668845316
*** input parameters ***
  einsum_str: aib,bjc,ckd,dle,ema->ijklm
  dim_sizes:  40,40,40,40,40,25,25,25,25,25
  cont_path:  (0,1),(0,1),(0,1),(0,1)
  backend:    torch
  dtype:      FP32
*** benchmarking opt_einsum expression ***
  #flops :          33410000000
  #bytes :          39862500
  arith. intensity: 838.13
  time (eval):      0.045516
  time (compile):   0.000161
  gflops (eval):    734.02
  gflops (total):   731.43
CSV_DATA: opt_einsum,torch,"aib,bjc,ckd,dle,ema->ijklm","40,40,40,40,40,25,25,25,25,25","(0,1),(0,1),(0,1),(0,1)",FP32,33410000000,838.1310755722797,0.0001614093780517578,0.045516252517700195,734.0235224112013,731.4297320263486
*** input parameters ***
  einsum_str: aib,bjc,ckd,dle,ema->ijklm
  dim_sizes:  40,40,40,40,40,25,25,25,25,25
  cont_path:  (0,1),(0,1),(0,1),(0,1)
  backend:    torch
  dtype:      FP32
*** benchmarking opt_einsum expression ***
  #flops :          33410000000
  #bytes :          39862500
  arith. intensity: 838.13
  time (eval):      0.046806
  time (compile):   0.000160
  gflops (eval):    713.80
  gflops (total):   711.36
CSV_DATA: opt_einsum,torch,"aib,bjc,ckd,dle,ema->ijklm","40,40,40,40,40,25,25,25,25,25","(0,1),(0,1),(0,1),(0,1)",FP32,33410000000,838.1310755722797,0.00016045570373535156,0.04680609703063965,713.7958966783654,711.3572969460689
*** input parameters ***
  einsum_str: aib,bjc,ckd,dle,ema->ijklm
  dim_sizes:  40,40,40,40,40,25,25,25,25,25
  cont_path:  (0,1),(0,1),(0,1),(0,1)
  backend:    torch
  dtype:      FP32
*** benchmarking opt_einsum expression ***
  #flops :          33410000000
  #bytes :          39862500
  arith. intensity: 838.13
  time (eval):      0.030337
  time (compile):   0.000156
  gflops (eval):    1101.29
  gflops (total):   1095.67
CSV_DATA: opt_einsum,torch,"aib,bjc,ckd,dle,ema->ijklm","40,40,40,40,40,25,25,25,25,25","(0,1),(0,1),(0,1),(0,1)",FP32,33410000000,838.1310755722797,0.0001556873321533203,0.030337095260620117,1101.2919896575843,1095.6691111528116
*** input parameters ***
  einsum_str: aib,bjc,ckd,dle,ema->ijklm
  dim_sizes:  40,40,40,40,40,25,25,25,25,25
  cont_path:  (0,1),(0,1),(0,1),(0,1)
  backend:    torch
  dtype:      FP32
*** benchmarking opt_einsum expression ***
  #flops :          33410000000
  #bytes :          39862500
  arith. intensity: 838.13
  time (eval):      0.035149
  time (compile):   0.000167
  gflops (eval):    950.52
  gflops (total):   946.01
CSV_DATA: opt_einsum,torch,"aib,bjc,ckd,dle,ema->ijklm","40,40,40,40,40,25,25,25,25,25","(0,1),(0,1),(0,1),(0,1)",FP32,33410000000,838.1310755722797,0.00016736984252929688,0.035149335861206055,950.5158257307006,946.011224270737
*** input parameters ***
  einsum_str: aib,bjc,ckd,dle,ema->ijklm
  dim_sizes:  40,40,40,40,40,25,25,25,25,25
  cont_path:  (0,1),(0,1),(0,1),(0,1)
  backend:    torch
  dtype:      FP32
*** benchmarking opt_einsum expression ***
  #flops :          33410000000
  #bytes :          39862500
  arith. intensity: 838.13
  time (eval):      0.041694
  time (compile):   0.000167
  gflops (eval):    801.32
  gflops (total):   798.12
CSV_DATA: opt_einsum,torch,"aib,bjc,ckd,dle,ema->ijklm","40,40,40,40,40,25,25,25,25,25","(0,1),(0,1),(0,1),(0,1)",FP32,33410000000,838.1310755722797,0.00016689300537109375,0.041693925857543945,801.3157627360945,798.1210331649362
*** input parameters ***
  einsum_str: aib,bjc,ckd,dle,ema->ijklm
  dim_sizes:  40,40,40,40,40,25,25,25,25,25
  cont_path:  (0,1),(0,1),(0,1),(0,1)
  backend:    torch
  dtype:      FP32
*** benchmarking opt_einsum expression ***
  #flops :          33410000000
  #bytes :          39862500
  arith. intensity: 838.13
  time (eval):      0.042026
  time (compile):   0.000172
  gflops (eval):    794.98
  gflops (total):   791.75
CSV_DATA: opt_einsum,torch,"aib,bjc,ckd,dle,ema->ijklm","40,40,40,40,40,25,25,25,25,25","(0,1),(0,1),(0,1),(0,1)",FP32,33410000000,838.1310755722797,0.000171661376953125,0.04202604293823242,794.9832452487661,791.7492323860106
*** input parameters ***
  einsum_str: aib,bjc,ckd,dle,ema->ijklm
  dim_sizes:  40,40,40,40,40,25,25,25,25,25
  cont_path:  (0,1),(0,1),(0,1),(0,1)
  backend:    torch
  dtype:      FP32
*** benchmarking opt_einsum expression ***
  #flops :          33410000000
  #bytes :          39862500
  arith. intensity: 838.13
  time (eval):      0.035900
  time (compile):   0.000167
  gflops (eval):    930.65
  gflops (total):   926.33
CSV_DATA: opt_einsum,torch,"aib,bjc,ckd,dle,ema->ijklm","40,40,40,40,40,25,25,25,25,25","(0,1),(0,1),(0,1),(0,1)",FP32,33410000000,838.1310755722797,0.00016736984252929688,0.03589963912963867,930.650023510035,926.3313191781908
*** input parameters ***
  einsum_str: aib,bjc,ckd,dle,ema->ijklm
  dim_sizes:  40,40,40,40,40,25,25,25,25,25
  cont_path:  (0,1),(0,1),(0,1),(0,1)
  backend:    torch
  dtype:      FP32
*** benchmarking opt_einsum expression ***
  #flops :          33410000000
  #bytes :          39862500
  arith. intensity: 838.13
  time (eval):      0.045522
  time (compile):   0.000157
  gflops (eval):    733.93
  gflops (total):   731.40
CSV_DATA: opt_einsum,torch,"aib,bjc,ckd,dle,ema->ijklm","40,40,40,40,40,25,25,25,25,25","(0,1),(0,1),(0,1),(0,1)",FP32,33410000000,838.1310755722797,0.00015735626220703125,0.04552197456359863,733.9312567235628,731.4030086694191
*** input parameters ***
  einsum_str: aib,bjc,ckd,dle,ema->ijklm
  dim_sizes:  40,40,40,40,40,25,25,25,25,25
  cont_path:  (0,1),(0,1),(0,1),(0,1)
  backend:    torch
  dtype:      FP32
*** benchmarking opt_einsum expression ***
  #flops :          33410000000
  #bytes :          39862500
  arith. intensity: 838.13
  time (eval):      0.044891
  time (compile):   0.000160
  gflops (eval):    744.25
  gflops (total):   741.60
CSV_DATA: opt_einsum,torch,"aib,bjc,ckd,dle,ema->ijklm","40,40,40,40,40,25,25,25,25,25","(0,1),(0,1),(0,1),(0,1)",FP32,33410000000,838.1310755722797,0.00016021728515625,0.0448911190032959,744.2452035456511,741.5984242084262
*** input parameters ***
  einsum_str: aib,bjc,ckd,dle,ema->ijklm
  dim_sizes:  40,40,40,40,40,25,25,25,25,25
  cont_path:  (0,1),(0,1),(0,1),(0,1)
  backend:    torch
  dtype:      FP32
*** benchmarking opt_einsum expression ***
  #flops :          33410000000
  #bytes :          39862500
  arith. intensity: 838.13
  time (eval):      0.043671
  time (compile):   0.000169
  gflops (eval):    765.04
  gflops (total):   762.09
CSV_DATA: opt_einsum,torch,"aib,bjc,ckd,dle,ema->ijklm","40,40,40,40,40,25,25,25,25,25","(0,1),(0,1),(0,1),(0,1)",FP32,33410000000,838.1310755722797,0.00016880035400390625,0.0436708927154541,765.0404633971906,762.0947516002545
*** input parameters ***
  einsum_str: aib,bjc,ckd,dle,ema->ijklm
  dim_sizes:  40,40,40,40,40,25,25,25,25,25
  cont_path:  (0,1),(0,1),(0,1),(0,1)
  backend:    torch
  dtype:      FP32
*** benchmarking opt_einsum expression ***
  #flops :          33410000000
  #bytes :          39862500
  arith. intensity: 838.13
  time (eval):      0.032320
  time (compile):   0.000168
  gflops (eval):    1033.72
  gflops (total):   1028.38
CSV_DATA: opt_einsum,torch,"aib,bjc,ckd,dle,ema->ijklm","40,40,40,40,40,25,25,25,25,25","(0,1),(0,1),(0,1),(0,1)",FP32,33410000000,838.1310755722797,0.00016808509826660156,0.03232002258300781,1033.7245252286812,1028.3763008843064
*** input parameters ***
  einsum_str: aib,bjc,ckd,dle,ema->ijklm
  dim_sizes:  40,40,40,40,40,25,25,25,25,25
  cont_path:  (0,1),(0,1),(0,1),(0,1)
  backend:    torch
  dtype:      FP32
*** benchmarking opt_einsum expression ***
  #flops :          33410000000
  #bytes :          39862500
  arith. intensity: 838.13
  time (eval):      0.046064
  time (compile):   0.000163
  gflops (eval):    725.29
  gflops (total):   722.73
CSV_DATA: opt_einsum,torch,"aib,bjc,ckd,dle,ema->ijklm","40,40,40,40,40,25,25,25,25,25","(0,1),(0,1),(0,1),(0,1)",FP32,33410000000,838.1310755722797,0.00016307830810546875,0.04606437683105469,725.2893081031841,722.730678109463
*** input parameters ***
  einsum_str: aib,bjc,ckd,dle,ema->ijklm
  dim_sizes:  40,40,40,40,40,25,25,25,25,25
  cont_path:  (0,1),(0,1),(0,1),(0,1)
  backend:    torch
  dtype:      FP32
*** benchmarking opt_einsum expression ***
  #flops :          33410000000
  #bytes :          39862500
  arith. intensity: 838.13
  time (eval):      0.043081
  time (compile):   0.000194
  gflops (eval):    775.52
  gflops (total):   772.04
CSV_DATA: opt_einsum,torch,"aib,bjc,ckd,dle,ema->ijklm","40,40,40,40,40,25,25,25,25,25","(0,1),(0,1),(0,1),(0,1)",FP32,33410000000,838.1310755722797,0.00019431114196777344,0.04308056831359863,775.523659687979,772.0414342067568
*** input parameters ***
  einsum_str: aib,bjc,ckd,dle,ema->ijklm
  dim_sizes:  40,40,40,40,40,25,25,25,25,25
  cont_path:  (0,1),(0,1),(0,1),(0,1)
  backend:    torch
  dtype:      FP32
*** benchmarking opt_einsum expression ***
  #flops :          33410000000
  #bytes :          39862500
  arith. intensity: 838.13
  time (eval):      0.041264
  time (compile):   0.000167
  gflops (eval):    809.67
  gflops (total):   806.41
CSV_DATA: opt_einsum,torch,"aib,bjc,ckd,dle,ema->ijklm","40,40,40,40,40,25,25,25,25,25","(0,1),(0,1),(0,1),(0,1)",FP32,33410000000,838.1310755722797,0.0001671314239501953,0.041263580322265625,809.6728335028197,806.406614606412
*** input parameters ***
  einsum_str: aib,bjc,ckd,dle,ema->ijklm
  dim_sizes:  40,40,40,40,40,25,25,25,25,25
  cont_path:  (0,1),(0,1),(0,1),(0,1)
  backend:    torch
  dtype:      FP32
*** benchmarking opt_einsum expression ***
  #flops :          33410000000
  #bytes :          39862500
  arith. intensity: 838.13
  time (eval):      0.044341
  time (compile):   0.000159
  gflops (eval):    753.49
  gflops (total):   750.79
CSV_DATA: opt_einsum,torch,"aib,bjc,ckd,dle,ema->ijklm","40,40,40,40,40,25,25,25,25,25","(0,1),(0,1),(0,1),(0,1)",FP32,33410000000,838.1310755722797,0.00015926361083984375,0.04434061050415039,753.4853404166084,750.788640742368
*** input parameters ***
  einsum_str: aib,bjc,ckd,dle,ema->ijklm
  dim_sizes:  40,40,40,40,40,25,25,25,25,25
  cont_path:  (0,1),(0,1),(0,1),(0,1)
  backend:    torch
  dtype:      FP32
*** benchmarking opt_einsum expression ***
  #flops :          33410000000
  #bytes :          39862500
  arith. intensity: 838.13
  time (eval):      0.032710
  time (compile):   0.000165
  gflops (eval):    1021.41
  gflops (total):   1016.30
CSV_DATA: opt_einsum,torch,"aib,bjc,ckd,dle,ema->ijklm","40,40,40,40,40,25,25,25,25,25","(0,1),(0,1),(0,1),(0,1)",FP32,33410000000,838.1310755722797,0.00016450881958007812,0.032709598541259766,1021.412719506684,1016.3013594035567
*** input parameters ***
  einsum_str: aib,bjc,ckd,dle,ema->ijklm
  dim_sizes:  40,40,40,40,40,25,25,25,25,25
  cont_path:  (0,1),(0,1),(0,1),(0,1)
  backend:    torch
  dtype:      FP32
*** benchmarking opt_einsum expression ***
  #flops :          33410000000
  #bytes :          39862500
  arith. intensity: 838.13
  time (eval):      0.041558
  time (compile):   0.000165
  gflops (eval):    803.95
  gflops (total):   800.76
CSV_DATA: opt_einsum,torch,"aib,bjc,ckd,dle,ema->ijklm","40,40,40,40,40,25,25,25,25,25","(0,1),(0,1),(0,1),(0,1)",FP32,33410000000,838.1310755722797,0.00016546249389648438,0.04155755043029785,803.9453638162992,800.7571279835886
*** input parameters ***
  einsum_str: aib,bjc,ckd,dle,ema->ijklm
  dim_sizes:  40,40,40,40,40,25,25,25,25,25
  cont_path:  (0,1),(0,1),(0,1),(0,1)
  backend:    torch
  dtype:      FP32
*** benchmarking opt_einsum expression ***
  #flops :          33410000000
  #bytes :          39862500
  arith. intensity: 838.13
  time (eval):      0.035882
  time (compile):   0.000154
  gflops (eval):    931.11
  gflops (total):   927.12
CSV_DATA: opt_einsum,torch,"aib,bjc,ckd,dle,ema->ijklm","40,40,40,40,40,25,25,25,25,25","(0,1),(0,1),(0,1),(0,1)",FP32,33410000000,838.1310755722797,0.0001544952392578125,0.035881996154785156,931.1076188704319,927.1157847937122
*** input parameters ***
  einsum_str: aib,bjc,ckd,dle,ema->ijklm
  dim_sizes:  40,40,40,40,40,25,25,25,25,25
  cont_path:  (0,1),(0,1),(0,1),(0,1)
  backend:    torch
  dtype:      FP32
*** benchmarking opt_einsum expression ***
  #flops :          33410000000
  #bytes :          39862500
  arith. intensity: 838.13
  time (eval):      0.039843
  time (compile):   0.000173
  gflops (eval):    838.54
  gflops (total):   834.92
CSV_DATA: opt_einsum,torch,"aib,bjc,ckd,dle,ema->ijklm","40,40,40,40,40,25,25,25,25,25","(0,1),(0,1),(0,1),(0,1)",FP32,33410000000,838.1310755722797,0.00017261505126953125,0.039843082427978516,838.5395397154039,834.9223455951573
*** input parameters ***
  einsum_str: aib,bjc,ckd,dle,ema->ijklm
  dim_sizes:  40,40,40,40,40,25,25,25,25,25
  cont_path:  (0,1),(0,1),(0,1),(0,1)
  backend:    torch
  dtype:      FP32
*** benchmarking opt_einsum expression ***
  #flops :          33410000000
  #bytes :          39862500
  arith. intensity: 838.13
  time (eval):      0.044551
  time (compile):   0.000164
  gflops (eval):    749.92
  gflops (total):   747.17
CSV_DATA: opt_einsum,torch,"aib,bjc,ckd,dle,ema->ijklm","40,40,40,40,40,25,25,25,25,25","(0,1),(0,1),(0,1),(0,1)",FP32,33410000000,838.1310755722797,0.000164031982421875,0.04455137252807617,749.920779184639,747.1698034657425
*** input parameters ***
  einsum_str: aib,bjc,ckd,dle,ema->ijklm
  dim_sizes:  40,40,40,40,40,25,25,25,25,25
  cont_path:  (0,1),(0,1),(0,1),(0,1)
  backend:    torch
  dtype:      FP32
*** benchmarking opt_einsum expression ***
  #flops :          33410000000
  #bytes :          39862500
  arith. intensity: 838.13
  time (eval):      0.040086
  time (compile):   0.000160
  gflops (eval):    833.45
  gflops (total):   830.13
CSV_DATA: opt_einsum,torch,"aib,bjc,ckd,dle,ema->ijklm","40,40,40,40,40,25,25,25,25,25","(0,1),(0,1),(0,1),(0,1)",FP32,33410000000,838.1310755722797,0.00016045570373535156,0.04008626937866211,833.4524643439162,830.1296548128929
*** input parameters ***
  einsum_str: aib,bjc,ckd,dle,ema->ijklm
  dim_sizes:  40,40,40,40,40,25,25,25,25,25
  cont_path:  (0,1),(0,1),(0,1),(0,1)
  backend:    torch
  dtype:      FP32
*** benchmarking opt_einsum expression ***
  #flops :          33410000000
  #bytes :          39862500
  arith. intensity: 838.13
  time (eval):      0.035648
  time (compile):   0.000158
  gflops (eval):    937.22
  gflops (total):   933.08
CSV_DATA: opt_einsum,torch,"aib,bjc,ckd,dle,ema->ijklm","40,40,40,40,40,25,25,25,25,25","(0,1),(0,1),(0,1),(0,1)",FP32,33410000000,838.1310755722797,0.0001583099365234375,0.03564786911010742,937.2229205848125,933.0791748678271
