*** input parameters ***
  einsum_str: af,fbg,gch,hdi,ie->abcde
  dim_sizes:  100,72,128,128,3,71,305,32,3
  cont_path:  (1,2),(0,3),(0,1),(0,1)
  backend:    torch
  dtype:      FP32
*** benchmarking opt_einsum expression ***
  #flops :          39609704448
  #bytes :          1426888948
  arith. intensity: 27.76
  time (eval):      0.157280
  time (compile):   0.000162
  gflops (eval):    251.84
  gflops (total):   251.58
CSV_DATA: opt_einsum,torch,"af,fbg,gch,hdi,ie->abcde","100,72,128,128,3,71,305,32,3","(1,2),(0,3),(0,1),(0,1)",FP32,39609704448,27.759486471262512,0.00016188621520996094,0.15727972984313965,251.84239881073097,251.5834468652825
*** input parameters ***
  einsum_str: af,fbg,gch,hdi,ie->abcde
  dim_sizes:  100,72,128,128,3,71,305,32,3
  cont_path:  (1,2),(0,3),(0,1),(0,1)
  backend:    torch
  dtype:      FP32
*** benchmarking opt_einsum expression ***
  #flops :          39609704448
  #bytes :          1426888948
  arith. intensity: 27.76
  time (eval):      0.156179
  time (compile):   0.000152
  gflops (eval):    253.62
  gflops (total):   253.37
CSV_DATA: opt_einsum,torch,"af,fbg,gch,hdi,ie->abcde","100,72,128,128,3,71,305,32,3","(1,2),(0,3),(0,1),(0,1)",FP32,39609704448,27.759486471262512,0.00015234947204589844,0.15617918968200684,253.61704416989542,253.3698872430833
*** input parameters ***
  einsum_str: af,fbg,gch,hdi,ie->abcde
  dim_sizes:  100,72,128,128,3,71,305,32,3
  cont_path:  (1,2),(0,3),(0,1),(0,1)
  backend:    torch
  dtype:      FP32
*** benchmarking opt_einsum expression ***
  #flops :          39609704448
  #bytes :          1426888948
  arith. intensity: 27.76
  time (eval):      0.156605
  time (compile):   0.000147
  gflops (eval):    252.93
  gflops (total):   252.69
CSV_DATA: opt_einsum,torch,"af,fbg,gch,hdi,ie->abcde","100,72,128,128,3,71,305,32,3","(1,2),(0,3),(0,1),(0,1)",FP32,39609704448,27.759486471262512,0.00014710426330566406,0.15660500526428223,252.9274487820857,252.69008862064987
*** input parameters ***
  einsum_str: af,fbg,gch,hdi,ie->abcde
  dim_sizes:  100,72,128,128,3,71,305,32,3
  cont_path:  (1,2),(0,3),(0,1),(0,1)
  backend:    torch
  dtype:      FP32
*** benchmarking opt_einsum expression ***
  #flops :          39609704448
  #bytes :          1426888948
  arith. intensity: 27.76
  time (eval):      0.158722
  time (compile):   0.000147
  gflops (eval):    249.55
  gflops (total):   249.32
CSV_DATA: opt_einsum,torch,"af,fbg,gch,hdi,ie->abcde","100,72,128,128,3,71,305,32,3","(1,2),(0,3),(0,1),(0,1)",FP32,39609704448,27.759486471262512,0.00014710426330566406,0.1587216854095459,249.55445971856963,249.3233852260457
*** input parameters ***
  einsum_str: af,fbg,gch,hdi,ie->abcde
  dim_sizes:  100,72,128,128,3,71,305,32,3
  cont_path:  (1,2),(0,3),(0,1),(0,1)
  backend:    torch
  dtype:      FP32
*** benchmarking opt_einsum expression ***
  #flops :          39609704448
  #bytes :          1426888948
  arith. intensity: 27.76
  time (eval):      0.158428
  time (compile):   0.000153
  gflops (eval):    250.02
  gflops (total):   249.78
CSV_DATA: opt_einsum,torch,"af,fbg,gch,hdi,ie->abcde","100,72,128,128,3,71,305,32,3","(1,2),(0,3),(0,1),(0,1)",FP32,39609704448,27.759486471262512,0.000152587890625,0.15842819213867188,250.0167673019314,249.77619886017928
*** input parameters ***
  einsum_str: af,fbg,gch,hdi,ie->abcde
  dim_sizes:  100,72,128,128,3,71,305,32,3
  cont_path:  (1,2),(0,3),(0,1),(0,1)
  backend:    torch
  dtype:      FP32
*** benchmarking opt_einsum expression ***
  #flops :          39609704448
  #bytes :          1426888948
  arith. intensity: 27.76
  time (eval):      0.161330
  time (compile):   0.000148
  gflops (eval):    245.52
  gflops (total):   245.29
CSV_DATA: opt_einsum,torch,"af,fbg,gch,hdi,ie->abcde","100,72,128,128,3,71,305,32,3","(1,2),(0,3),(0,1),(0,1)",FP32,39609704448,27.759486471262512,0.00014829635620117188,0.1613302230834961,245.51943021550332,245.29395355765507
*** input parameters ***
  einsum_str: af,fbg,gch,hdi,ie->abcde
  dim_sizes:  100,72,128,128,3,71,305,32,3
  cont_path:  (1,2),(0,3),(0,1),(0,1)
  backend:    torch
  dtype:      FP32
*** benchmarking opt_einsum expression ***
  #flops :          39609704448
  #bytes :          1426888948
  arith. intensity: 27.76
  time (eval):      0.158143
  time (compile):   0.000160
  gflops (eval):    250.47
  gflops (total):   250.21
CSV_DATA: opt_einsum,torch,"af,fbg,gch,hdi,ie->abcde","100,72,128,128,3,71,305,32,3","(1,2),(0,3),(0,1),(0,1)",FP32,39609704448,27.759486471262512,0.0001595020294189453,0.1581432819366455,250.467196348361,250.2148317018302
*** input parameters ***
  einsum_str: af,fbg,gch,hdi,ie->abcde
  dim_sizes:  100,72,128,128,3,71,305,32,3
  cont_path:  (1,2),(0,3),(0,1),(0,1)
  backend:    torch
  dtype:      FP32
*** benchmarking opt_einsum expression ***
  #flops :          39609704448
  #bytes :          1426888948
  arith. intensity: 27.76
  time (eval):      0.160550
  time (compile):   0.000149
  gflops (eval):    246.71
  gflops (total):   246.48
CSV_DATA: opt_einsum,torch,"af,fbg,gch,hdi,ie->abcde","100,72,128,128,3,71,305,32,3","(1,2),(0,3),(0,1),(0,1)",FP32,39609704448,27.759486471262512,0.00014925003051757812,0.16055035591125488,246.7120313946516,246.48289717867817
*** input parameters ***
  einsum_str: af,fbg,gch,hdi,ie->abcde
  dim_sizes:  100,72,128,128,3,71,305,32,3
  cont_path:  (1,2),(0,3),(0,1),(0,1)
  backend:    torch
  dtype:      FP32
*** benchmarking opt_einsum expression ***
  #flops :          39609704448
  #bytes :          1426888948
  arith. intensity: 27.76
  time (eval):      0.157350
  time (compile):   0.000156
  gflops (eval):    251.73
  gflops (total):   251.48
CSV_DATA: opt_einsum,torch,"af,fbg,gch,hdi,ie->abcde","100,72,128,128,3,71,305,32,3","(1,2),(0,3),(0,1),(0,1)",FP32,39609704448,27.759486471262512,0.0001556873321533203,0.1573495864868164,251.730591305486,251.48176621390988
*** input parameters ***
  einsum_str: af,fbg,gch,hdi,ie->abcde
  dim_sizes:  100,72,128,128,3,71,305,32,3
  cont_path:  (1,2),(0,3),(0,1),(0,1)
  backend:    torch
  dtype:      FP32
*** benchmarking opt_einsum expression ***
  #flops :          39609704448
  #bytes :          1426888948
  arith. intensity: 27.76
  time (eval):      0.153305
  time (compile):   0.000150
  gflops (eval):    258.37
  gflops (total):   258.12
CSV_DATA: opt_einsum,torch,"af,fbg,gch,hdi,ie->abcde","100,72,128,128,3,71,305,32,3","(1,2),(0,3),(0,1),(0,1)",FP32,39609704448,27.759486471262512,0.00015020370483398438,0.1533045768737793,258.3726151934262,258.1197164314367
*** input parameters ***
  einsum_str: af,fbg,gch,hdi,ie->abcde
  dim_sizes:  100,72,128,128,3,71,305,32,3
  cont_path:  (1,2),(0,3),(0,1),(0,1)
  backend:    torch
  dtype:      FP32
*** benchmarking opt_einsum expression ***
  #flops :          39609704448
  #bytes :          1426888948
  arith. intensity: 27.76
  time (eval):      0.152418
  time (compile):   0.000150
  gflops (eval):    259.88
  gflops (total):   259.62
CSV_DATA: opt_einsum,torch,"af,fbg,gch,hdi,ie->abcde","100,72,128,128,3,71,305,32,3","(1,2),(0,3),(0,1),(0,1)",FP32,39609704448,27.759486471262512,0.00015044212341308594,0.15241789817810059,259.8756768166163,259.6194228089602
*** input parameters ***
  einsum_str: af,fbg,gch,hdi,ie->abcde
  dim_sizes:  100,72,128,128,3,71,305,32,3
  cont_path:  (1,2),(0,3),(0,1),(0,1)
  backend:    torch
  dtype:      FP32
*** benchmarking opt_einsum expression ***
  #flops :          39609704448
  #bytes :          1426888948
  arith. intensity: 27.76
  time (eval):      0.155679
  time (compile):   0.000147
  gflops (eval):    254.43
  gflops (total):   254.19
CSV_DATA: opt_einsum,torch,"af,fbg,gch,hdi,ie->abcde","100,72,128,128,3,71,305,32,3","(1,2),(0,3),(0,1),(0,1)",FP32,39609704448,27.759486471262512,0.00014734268188476562,0.15567946434020996,254.43114553272096,254.19056711072656
*** input parameters ***
  einsum_str: af,fbg,gch,hdi,ie->abcde
  dim_sizes:  100,72,128,128,3,71,305,32,3
  cont_path:  (1,2),(0,3),(0,1),(0,1)
  backend:    torch
  dtype:      FP32
*** benchmarking opt_einsum expression ***
  #flops :          39609704448
  #bytes :          1426888948
  arith. intensity: 27.76
  time (eval):      0.161092
  time (compile):   0.000164
  gflops (eval):    245.88
  gflops (total):   245.63
CSV_DATA: opt_einsum,torch,"af,fbg,gch,hdi,ie->abcde","100,72,128,128,3,71,305,32,3","(1,2),(0,3),(0,1),(0,1)",FP32,39609704448,27.759486471262512,0.000164031982421875,0.16109156608581543,245.88316701135946,245.63305040262023
*** input parameters ***
  einsum_str: af,fbg,gch,hdi,ie->abcde
  dim_sizes:  100,72,128,128,3,71,305,32,3
  cont_path:  (1,2),(0,3),(0,1),(0,1)
  backend:    torch
  dtype:      FP32
*** benchmarking opt_einsum expression ***
  #flops :          39609704448
  #bytes :          1426888948
  arith. intensity: 27.76
  time (eval):      0.157632
  time (compile):   0.000152
  gflops (eval):    251.28
  gflops (total):   251.04
CSV_DATA: opt_einsum,torch,"af,fbg,gch,hdi,ie->abcde","100,72,128,128,3,71,305,32,3","(1,2),(0,3),(0,1),(0,1)",FP32,39609704448,27.759486471262512,0.00015163421630859375,0.15763163566589355,251.2801715256849,251.03868412393672
*** input parameters ***
  einsum_str: af,fbg,gch,hdi,ie->abcde
  dim_sizes:  100,72,128,128,3,71,305,32,3
  cont_path:  (1,2),(0,3),(0,1),(0,1)
  backend:    torch
  dtype:      FP32
*** benchmarking opt_einsum expression ***
  #flops :          39609704448
  #bytes :          1426888948
  arith. intensity: 27.76
  time (eval):      0.158568
  time (compile):   0.000157
  gflops (eval):    249.80
  gflops (total):   249.55
CSV_DATA: opt_einsum,torch,"af,fbg,gch,hdi,ie->abcde","100,72,128,128,3,71,305,32,3","(1,2),(0,3),(0,1),(0,1)",FP32,39609704448,27.759486471262512,0.00015735626220703125,0.1585679054260254,249.796478938032,249.54883694443825
*** input parameters ***
  einsum_str: af,fbg,gch,hdi,ie->abcde
  dim_sizes:  100,72,128,128,3,71,305,32,3
  cont_path:  (1,2),(0,3),(0,1),(0,1)
  backend:    torch
  dtype:      FP32
*** benchmarking opt_einsum expression ***
  #flops :          39609704448
  #bytes :          1426888948
  arith. intensity: 27.76
  time (eval):      0.160578
  time (compile):   0.000152
  gflops (eval):    246.67
  gflops (total):   246.44
CSV_DATA: opt_einsum,torch,"af,fbg,gch,hdi,ie->abcde","100,72,128,128,3,71,305,32,3","(1,2),(0,3),(0,1),(0,1)",FP32,39609704448,27.759486471262512,0.00015234947204589844,0.16057825088500977,246.66917362529094,246.43536675660303
*** input parameters ***
  einsum_str: af,fbg,gch,hdi,ie->abcde
  dim_sizes:  100,72,128,128,3,71,305,32,3
  cont_path:  (1,2),(0,3),(0,1),(0,1)
  backend:    torch
  dtype:      FP32
*** benchmarking opt_einsum expression ***
  #flops :          39609704448
  #bytes :          1426888948
  arith. intensity: 27.76
  time (eval):      0.161074
  time (compile):   0.000161
  gflops (eval):    245.91
  gflops (total):   245.67
CSV_DATA: opt_einsum,torch,"af,fbg,gch,hdi,ie->abcde","100,72,128,128,3,71,305,32,3","(1,2),(0,3),(0,1),(0,1)",FP32,39609704448,27.759486471262512,0.00016069412231445312,0.16107392311096191,245.91009943126141,245.66501367812447
*** input parameters ***
  einsum_str: af,fbg,gch,hdi,ie->abcde
  dim_sizes:  100,72,128,128,3,71,305,32,3
  cont_path:  (1,2),(0,3),(0,1),(0,1)
  backend:    torch
  dtype:      FP32
*** benchmarking opt_einsum expression ***
  #flops :          39609704448
  #bytes :          1426888948
  arith. intensity: 27.76
  time (eval):      0.158661
  time (compile):   0.000146
  gflops (eval):    249.65
  gflops (total):   249.42
CSV_DATA: opt_einsum,torch,"af,fbg,gch,hdi,ie->abcde","100,72,128,128,3,71,305,32,3","(1,2),(0,3),(0,1),(0,1)",FP32,39609704448,27.759486471262512,0.00014638900756835938,0.1586613655090332,249.64933536857066,249.4192085806443
*** input parameters ***
  einsum_str: af,fbg,gch,hdi,ie->abcde
  dim_sizes:  100,72,128,128,3,71,305,32,3
  cont_path:  (1,2),(0,3),(0,1),(0,1)
  backend:    torch
  dtype:      FP32
*** benchmarking opt_einsum expression ***
  #flops :          39609704448
  #bytes :          1426888948
  arith. intensity: 27.76
  time (eval):      0.158055
  time (compile):   0.000159
  gflops (eval):    250.61
  gflops (total):   250.36
CSV_DATA: opt_einsum,torch,"af,fbg,gch,hdi,ie->abcde","100,72,128,128,3,71,305,32,3","(1,2),(0,3),(0,1),(0,1)",FP32,39609704448,27.759486471262512,0.0001590251922607422,0.15805482864379883,250.60736699962922,250.35547448988495
*** input parameters ***
  einsum_str: af,fbg,gch,hdi,ie->abcde
  dim_sizes:  100,72,128,128,3,71,305,32,3
  cont_path:  (1,2),(0,3),(0,1),(0,1)
  backend:    torch
  dtype:      FP32
*** benchmarking opt_einsum expression ***
  #flops :          39609704448
  #bytes :          1426888948
  arith. intensity: 27.76
  time (eval):      0.162279
  time (compile):   0.000147
  gflops (eval):    244.08
  gflops (total):   243.86
CSV_DATA: opt_einsum,torch,"af,fbg,gch,hdi,ie->abcde","100,72,128,128,3,71,305,32,3","(1,2),(0,3),(0,1),(0,1)",FP32,39609704448,27.759486471262512,0.00014734268188476562,0.1622788906097412,244.08414612135834,243.8627286079047
*** input parameters ***
  einsum_str: af,fbg,gch,hdi,ie->abcde
  dim_sizes:  100,72,128,128,3,71,305,32,3
  cont_path:  (1,2),(0,3),(0,1),(0,1)
  backend:    torch
  dtype:      FP32
*** benchmarking opt_einsum expression ***
  #flops :          39609704448
  #bytes :          1426888948
  arith. intensity: 27.76
  time (eval):      0.158758
  time (compile):   0.000149
  gflops (eval):    249.50
  gflops (total):   249.26
CSV_DATA: opt_einsum,torch,"af,fbg,gch,hdi,ie->abcde","100,72,128,128,3,71,305,32,3","(1,2),(0,3),(0,1),(0,1)",FP32,39609704448,27.759486471262512,0.00014853477478027344,0.15875792503356934,249.49749399675346,249.2642809849996
*** input parameters ***
  einsum_str: af,fbg,gch,hdi,ie->abcde
  dim_sizes:  100,72,128,128,3,71,305,32,3
  cont_path:  (1,2),(0,3),(0,1),(0,1)
  backend:    torch
  dtype:      FP32
*** benchmarking opt_einsum expression ***
  #flops :          39609704448
  #bytes :          1426888948
  arith. intensity: 27.76
  time (eval):      0.162706
  time (compile):   0.000158
  gflops (eval):    243.44
  gflops (total):   243.21
CSV_DATA: opt_einsum,torch,"af,fbg,gch,hdi,ie->abcde","100,72,128,128,3,71,305,32,3","(1,2),(0,3),(0,1),(0,1)",FP32,39609704448,27.759486471262512,0.0001575946807861328,0.162705659866333,243.4439249411509,243.2083563486706
*** input parameters ***
  einsum_str: af,fbg,gch,hdi,ie->abcde
  dim_sizes:  100,72,128,128,3,71,305,32,3
  cont_path:  (1,2),(0,3),(0,1),(0,1)
  backend:    torch
  dtype:      FP32
*** benchmarking opt_einsum expression ***
  #flops :          39609704448
  #bytes :          1426888948
  arith. intensity: 27.76
  time (eval):      0.159973
  time (compile):   0.000149
  gflops (eval):    247.60
  gflops (total):   247.37
CSV_DATA: opt_einsum,torch,"af,fbg,gch,hdi,ie->abcde","100,72,128,128,3,71,305,32,3","(1,2),(0,3),(0,1),(0,1)",FP32,39609704448,27.759486471262512,0.00014853477478027344,0.1599729061126709,247.60258102770476,247.37289540032015
*** input parameters ***
  einsum_str: af,fbg,gch,hdi,ie->abcde
  dim_sizes:  100,72,128,128,3,71,305,32,3
  cont_path:  (1,2),(0,3),(0,1),(0,1)
  backend:    torch
  dtype:      FP32
*** benchmarking opt_einsum expression ***
  #flops :          39609704448
  #bytes :          1426888948
  arith. intensity: 27.76
  time (eval):      0.158491
  time (compile):   0.000148
  gflops (eval):    249.92
  gflops (total):   249.69
CSV_DATA: opt_einsum,torch,"af,fbg,gch,hdi,ie->abcde","100,72,128,128,3,71,305,32,3","(1,2),(0,3),(0,1),(0,1)",FP32,39609704448,27.759486471262512,0.0001475811004638672,0.15849089622497559,249.91785264293406,249.68535449784062
*** input parameters ***
  einsum_str: af,fbg,gch,hdi,ie->abcde
  dim_sizes:  100,72,128,128,3,71,305,32,3
  cont_path:  (1,2),(0,3),(0,1),(0,1)
  backend:    torch
  dtype:      FP32
*** benchmarking opt_einsum expression ***
  #flops :          39609704448
  #bytes :          1426888948
  arith. intensity: 27.76
  time (eval):      0.152934
  time (compile):   0.000164
  gflops (eval):    259.00
  gflops (total):   258.72
CSV_DATA: opt_einsum,torch,"af,fbg,gch,hdi,ie->abcde","100,72,128,128,3,71,305,32,3","(1,2),(0,3),(0,1),(0,1)",FP32,39609704448,27.759486471262512,0.00016355514526367188,0.15293359756469727,258.99936363717234,258.7226721521052
*** input parameters ***
  einsum_str: af,fbg,gch,hdi,ie->abcde
  dim_sizes:  100,72,128,128,3,71,305,32,3
  cont_path:  (1,2),(0,3),(0,1),(0,1)
  backend:    torch
  dtype:      FP32
*** benchmarking opt_einsum expression ***
  #flops :          39609704448
  #bytes :          1426888948
  arith. intensity: 27.76
  time (eval):      0.157945
  time (compile):   0.000161
  gflops (eval):    250.78
  gflops (total):   250.53
CSV_DATA: opt_einsum,torch,"af,fbg,gch,hdi,ie->abcde","100,72,128,128,3,71,305,32,3","(1,2),(0,3),(0,1),(0,1)",FP32,39609704448,27.759486471262512,0.00016069412231445312,0.1579453945159912,250.78100294965998,250.5261169202274
*** input parameters ***
  einsum_str: af,fbg,gch,hdi,ie->abcde
  dim_sizes:  100,72,128,128,3,71,305,32,3
  cont_path:  (1,2),(0,3),(0,1),(0,1)
  backend:    torch
  dtype:      FP32
*** benchmarking opt_einsum expression ***
  #flops :          39609704448
  #bytes :          1426888948
  arith. intensity: 27.76
  time (eval):      0.159367
  time (compile):   0.000145
  gflops (eval):    248.54
  gflops (total):   248.32
CSV_DATA: opt_einsum,torch,"af,fbg,gch,hdi,ie->abcde","100,72,128,128,3,71,305,32,3","(1,2),(0,3),(0,1),(0,1)",FP32,39609704448,27.759486471262512,0.00014519691467285156,0.15936732292175293,248.54345120327963,248.31721352416912
*** input parameters ***
  einsum_str: af,fbg,gch,hdi,ie->abcde
  dim_sizes:  100,72,128,128,3,71,305,32,3
  cont_path:  (1,2),(0,3),(0,1),(0,1)
  backend:    torch
  dtype:      FP32
*** benchmarking opt_einsum expression ***
  #flops :          39609704448
  #bytes :          1426888948
  arith. intensity: 27.76
  time (eval):      0.160905
  time (compile):   0.000158
  gflops (eval):    246.17
  gflops (total):   245.93
CSV_DATA: opt_einsum,torch,"af,fbg,gch,hdi,ie->abcde","100,72,128,128,3,71,305,32,3","(1,2),(0,3),(0,1),(0,1)",FP32,39609704448,27.759486471262512,0.00015807151794433594,0.160905122756958,246.16807575374204,245.9264801391821
*** input parameters ***
  einsum_str: af,fbg,gch,hdi,ie->abcde
  dim_sizes:  100,72,128,128,3,71,305,32,3
  cont_path:  (1,2),(0,3),(0,1),(0,1)
  backend:    torch
  dtype:      FP32
*** benchmarking opt_einsum expression ***
  #flops :          39609704448
  #bytes :          1426888948
  arith. intensity: 27.76
  time (eval):      0.158870
  time (compile):   0.000160
  gflops (eval):    249.32
  gflops (total):   249.07
CSV_DATA: opt_einsum,torch,"af,fbg,gch,hdi,ie->abcde","100,72,128,128,3,71,305,32,3","(1,2),(0,3),(0,1),(0,1)",FP32,39609704448,27.759486471262512,0.0001595020294189453,0.15886950492858887,249.32226273257658,249.0721988753856
*** input parameters ***
  einsum_str: af,fbg,gch,hdi,ie->abcde
  dim_sizes:  100,72,128,128,3,71,305,32,3
  cont_path:  (1,2),(0,3),(0,1),(0,1)
  backend:    torch
  dtype:      FP32
*** benchmarking opt_einsum expression ***
  #flops :          39609704448
  #bytes :          1426888948
  arith. intensity: 27.76
  time (eval):      0.161122
  time (compile):   0.000160
  gflops (eval):    245.84
  gflops (total):   245.59
CSV_DATA: opt_einsum,torch,"af,fbg,gch,hdi,ie->abcde","100,72,128,128,3,71,305,32,3","(1,2),(0,3),(0,1),(0,1)",FP32,39609704448,27.759486471262512,0.00015974044799804688,0.16112184524536133,245.83695890325188,245.59347105694346
*** input parameters ***
  einsum_str: af,fbg,gch,hdi,ie->abcde
  dim_sizes:  100,72,128,128,3,71,305,32,3
  cont_path:  (1,2),(0,3),(0,1),(0,1)
  backend:    torch
  dtype:      FP32
*** benchmarking opt_einsum expression ***
  #flops :          39609704448
  #bytes :          1426888948
  arith. intensity: 27.76
  time (eval):      0.159333
  time (compile):   0.000167
  gflops (eval):    248.60
  gflops (total):   248.34
CSV_DATA: opt_einsum,torch,"af,fbg,gch,hdi,ie->abcde","100,72,128,128,3,71,305,32,3","(1,2),(0,3),(0,1),(0,1)",FP32,39609704448,27.759486471262512,0.00016689300537109375,0.1593332290649414,248.59663411362726,248.33651494347347
*** input parameters ***
  einsum_str: af,fbg,gch,hdi,ie->abcde
  dim_sizes:  100,72,128,128,3,71,305,32,3
  cont_path:  (1,2),(0,3),(0,1),(0,1)
  backend:    torch
  dtype:      FP32
*** benchmarking opt_einsum expression ***
  #flops :          39609704448
  #bytes :          1426888948
  arith. intensity: 27.76
  time (eval):      0.157013
  time (compile):   0.000153
  gflops (eval):    252.27
  gflops (total):   252.02
CSV_DATA: opt_einsum,torch,"af,fbg,gch,hdi,ie->abcde","100,72,128,128,3,71,305,32,3","(1,2),(0,3),(0,1),(0,1)",FP32,39609704448,27.759486471262512,0.000152587890625,0.1570134162902832,252.26955367158172,252.02463251789922
*** input parameters ***
  einsum_str: af,fbg,gch,hdi,ie->abcde
  dim_sizes:  100,72,128,128,3,71,305,32,3
  cont_path:  (1,2),(0,3),(0,1),(0,1)
  backend:    torch
  dtype:      FP32
*** benchmarking opt_einsum expression ***
  #flops :          39609704448
  #bytes :          1426888948
  arith. intensity: 27.76
  time (eval):      0.159434
  time (compile):   0.000159
  gflops (eval):    248.44
  gflops (total):   248.19
CSV_DATA: opt_einsum,torch,"af,fbg,gch,hdi,ie->abcde","100,72,128,128,3,71,305,32,3","(1,2),(0,3),(0,1),(0,1)",FP32,39609704448,27.759486471262512,0.00015926361083984375,0.15943384170532227,248.43975422237938,248.19182739461803
*** input parameters ***
  einsum_str: af,fbg,gch,hdi,ie->abcde
  dim_sizes:  100,72,128,128,3,71,305,32,3
  cont_path:  (1,2),(0,3),(0,1),(0,1)
  backend:    torch
  dtype:      FP32
*** benchmarking opt_einsum expression ***
  #flops :          39609704448
  #bytes :          1426888948
  arith. intensity: 27.76
  time (eval):      0.163734
  time (compile):   0.000161
  gflops (eval):    241.92
  gflops (total):   241.68
CSV_DATA: opt_einsum,torch,"af,fbg,gch,hdi,ie->abcde","100,72,128,128,3,71,305,32,3","(1,2),(0,3),(0,1),(0,1)",FP32,39609704448,27.759486471262512,0.0001614093780517578,0.16373372077941895,241.9153749114512,241.67712860011727
*** input parameters ***
  einsum_str: af,fbg,gch,hdi,ie->abcde
  dim_sizes:  100,72,128,128,3,71,305,32,3
  cont_path:  (1,2),(0,3),(0,1),(0,1)
  backend:    torch
  dtype:      FP32
*** benchmarking opt_einsum expression ***
  #flops :          39609704448
  #bytes :          1426888948
  arith. intensity: 27.76
  time (eval):      0.160565
  time (compile):   0.000159
  gflops (eval):    246.69
  gflops (total):   246.45
CSV_DATA: opt_einsum,torch,"af,fbg,gch,hdi,ie->abcde","100,72,128,128,3,71,305,32,3","(1,2),(0,3),(0,1),(0,1)",FP32,39609704448,27.759486471262512,0.0001590251922607422,0.16056489944458008,246.68968488764585,246.44560252929975
*** input parameters ***
  einsum_str: af,fbg,gch,hdi,ie->abcde
  dim_sizes:  100,72,128,128,3,71,305,32,3
  cont_path:  (1,2),(0,3),(0,1),(0,1)
  backend:    torch
  dtype:      FP32
*** benchmarking opt_einsum expression ***
  #flops :          39609704448
  #bytes :          1426888948
  arith. intensity: 27.76
  time (eval):      0.160083
  time (compile):   0.000158
  gflops (eval):    247.43
  gflops (total):   247.19
CSV_DATA: opt_einsum,torch,"af,fbg,gch,hdi,ie->abcde","100,72,128,128,3,71,305,32,3","(1,2),(0,3),(0,1),(0,1)",FP32,39609704448,27.759486471262512,0.0001583099365234375,0.16008281707763672,247.43258003006125,247.18812945255797
*** input parameters ***
  einsum_str: af,fbg,gch,hdi,ie->abcde
  dim_sizes:  100,72,128,128,3,71,305,32,3
  cont_path:  (1,2),(0,3),(0,1),(0,1)
  backend:    torch
  dtype:      FP32
*** benchmarking opt_einsum expression ***
  #flops :          39609704448
  #bytes :          1426888948
  arith. intensity: 27.76
  time (eval):      0.160738
  time (compile):   0.000161
  gflops (eval):    246.42
  gflops (total):   246.18
CSV_DATA: opt_einsum,torch,"af,fbg,gch,hdi,ie->abcde","100,72,128,128,3,71,305,32,3","(1,2),(0,3),(0,1),(0,1)",FP32,39609704448,27.759486471262512,0.00016117095947265625,0.1607377529144287,246.42440080076804,246.1775597644311
*** input parameters ***
  einsum_str: af,fbg,gch,hdi,ie->abcde
  dim_sizes:  100,72,128,128,3,71,305,32,3
  cont_path:  (1,2),(0,3),(0,1),(0,1)
  backend:    torch
  dtype:      FP32
*** benchmarking opt_einsum expression ***
  #flops :          39609704448
  #bytes :          1426888948
  arith. intensity: 27.76
  time (eval):      0.161803
  time (compile):   0.000158
  gflops (eval):    244.80
  gflops (total):   244.56
CSV_DATA: opt_einsum,torch,"af,fbg,gch,hdi,ie->abcde","100,72,128,128,3,71,305,32,3","(1,2),(0,3),(0,1),(0,1)",FP32,39609704448,27.759486471262512,0.00015783309936523438,0.1618025302886963,244.80275047198802,244.5641860724531
*** input parameters ***
  einsum_str: af,fbg,gch,hdi,ie->abcde
  dim_sizes:  100,72,128,128,3,71,305,32,3
  cont_path:  (1,2),(0,3),(0,1),(0,1)
  backend:    torch
  dtype:      FP32
*** benchmarking opt_einsum expression ***
  #flops :          39609704448
  #bytes :          1426888948
  arith. intensity: 27.76
  time (eval):      0.162221
  time (compile):   0.000151
  gflops (eval):    244.17
  gflops (total):   243.94
CSV_DATA: opt_einsum,torch,"af,fbg,gch,hdi,ie->abcde","100,72,128,128,3,71,305,32,3","(1,2),(0,3),(0,1),(0,1)",FP32,39609704448,27.759486471262512,0.0001506805419921875,0.16222095489501953,244.17131851821006,243.94472803943435
*** input parameters ***
  einsum_str: af,fbg,gch,hdi,ie->abcde
  dim_sizes:  100,72,128,128,3,71,305,32,3
  cont_path:  (1,2),(0,3),(0,1),(0,1)
  backend:    torch
  dtype:      FP32
*** benchmarking opt_einsum expression ***
  #flops :          39609704448
  #bytes :          1426888948
  arith. intensity: 27.76
  time (eval):      0.161012
  time (compile):   0.000145
  gflops (eval):    246.00
  gflops (total):   245.78
CSV_DATA: opt_einsum,torch,"af,fbg,gch,hdi,ie->abcde","100,72,128,128,3,71,305,32,3","(1,2),(0,3),(0,1),(0,1)",FP32,39609704448,27.759486471262512,0.00014519691467285156,0.1610119342803955,246.00477365250063,245.78313199218897
*** input parameters ***
  einsum_str: af,fbg,gch,hdi,ie->abcde
  dim_sizes:  100,72,128,128,3,71,305,32,3
  cont_path:  (1,2),(0,3),(0,1),(0,1)
  backend:    torch
  dtype:      FP32
*** benchmarking opt_einsum expression ***
  #flops :          39609704448
  #bytes :          1426888948
  arith. intensity: 27.76
  time (eval):      0.156608
  time (compile):   0.000149
  gflops (eval):    252.92
  gflops (total):   252.68
CSV_DATA: opt_einsum,torch,"af,fbg,gch,hdi,ie->abcde","100,72,128,128,3,71,305,32,3","(1,2),(0,3),(0,1),(0,1)",FP32,39609704448,27.759486471262512,0.00014901161193847656,0.15660786628723145,252.92282812507395,252.68240206645345
*** input parameters ***
  einsum_str: af,fbg,gch,hdi,ie->abcde
  dim_sizes:  100,72,128,128,3,71,305,32,3
  cont_path:  (1,2),(0,3),(0,1),(0,1)
  backend:    torch
  dtype:      FP32
*** benchmarking opt_einsum expression ***
  #flops :          39609704448
  #bytes :          1426888948
  arith. intensity: 27.76
  time (eval):      0.160829
  time (compile):   0.000150
  gflops (eval):    246.28
  gflops (total):   246.05
CSV_DATA: opt_einsum,torch,"af,fbg,gch,hdi,ie->abcde","100,72,128,128,3,71,305,32,3","(1,2),(0,3),(0,1),(0,1)",FP32,39609704448,27.759486471262512,0.00015044212341308594,0.1608288288116455,246.28485291271295,246.05468901632148
*** input parameters ***
  einsum_str: af,fbg,gch,hdi,ie->abcde
  dim_sizes:  100,72,128,128,3,71,305,32,3
  cont_path:  (1,2),(0,3),(0,1),(0,1)
  backend:    torch
  dtype:      FP32
*** benchmarking opt_einsum expression ***
  #flops :          39609704448
  #bytes :          1426888948
  arith. intensity: 27.76
  time (eval):      0.156071
  time (compile):   0.000155
  gflops (eval):    253.79
  gflops (total):   253.54
CSV_DATA: opt_einsum,torch,"af,fbg,gch,hdi,ie->abcde","100,72,128,128,3,71,305,32,3","(1,2),(0,3),(0,1),(0,1)",FP32,39609704448,27.759486471262512,0.00015497207641601562,0.15607070922851562,253.79332639543696,253.54156958795497
*** input parameters ***
  einsum_str: af,fbg,gch,hdi,ie->abcde
  dim_sizes:  100,72,128,128,3,71,305,32,3
  cont_path:  (1,2),(0,3),(0,1),(0,1)
  backend:    torch
  dtype:      FP32
*** benchmarking opt_einsum expression ***
  #flops :          39609704448
  #bytes :          1426888948
  arith. intensity: 27.76
  time (eval):      0.156081
  time (compile):   0.000155
  gflops (eval):    253.78
  gflops (total):   253.53
CSV_DATA: opt_einsum,torch,"af,fbg,gch,hdi,ie->abcde","100,72,128,128,3,71,305,32,3","(1,2),(0,3),(0,1),(0,1)",FP32,39609704448,27.759486471262512,0.00015473365783691406,0.156080961227417,253.77665627191314,253.5253194034247
*** input parameters ***
  einsum_str: af,fbg,gch,hdi,ie->abcde
  dim_sizes:  100,72,128,128,3,71,305,32,3
  cont_path:  (1,2),(0,3),(0,1),(0,1)
  backend:    torch
  dtype:      FP32
*** benchmarking opt_einsum expression ***
  #flops :          39609704448
  #bytes :          1426888948
  arith. intensity: 27.76
  time (eval):      0.159474
  time (compile):   0.000148
  gflops (eval):    248.38
  gflops (total):   248.15
CSV_DATA: opt_einsum,torch,"af,fbg,gch,hdi,ie->abcde","100,72,128,128,3,71,305,32,3","(1,2),(0,3),(0,1),(0,1)",FP32,39609704448,27.759486471262512,0.00014829635620117188,0.15947365760803223,248.37772609038706,248.1469714176997
*** input parameters ***
  einsum_str: af,fbg,gch,hdi,ie->abcde
  dim_sizes:  100,72,128,128,3,71,305,32,3
  cont_path:  (1,2),(0,3),(0,1),(0,1)
  backend:    torch
  dtype:      FP32
*** benchmarking opt_einsum expression ***
  #flops :          39609704448
  #bytes :          1426888948
  arith. intensity: 27.76
  time (eval):      0.160283
  time (compile):   0.000163
  gflops (eval):    247.12
  gflops (total):   246.87
CSV_DATA: opt_einsum,torch,"af,fbg,gch,hdi,ie->abcde","100,72,128,128,3,71,305,32,3","(1,2),(0,3),(0,1),(0,1)",FP32,39609704448,27.759486471262512,0.00016260147094726562,0.16028332710266113,247.12304869133436,246.87260561945703
*** input parameters ***
  einsum_str: af,fbg,gch,hdi,ie->abcde
  dim_sizes:  100,72,128,128,3,71,305,32,3
  cont_path:  (1,2),(0,3),(0,1),(0,1)
  backend:    torch
  dtype:      FP32
*** benchmarking opt_einsum expression ***
  #flops :          39609704448
  #bytes :          1426888948
  arith. intensity: 27.76
  time (eval):      0.155495
  time (compile):   0.000155
  gflops (eval):    254.73
  gflops (total):   254.48
CSV_DATA: opt_einsum,torch,"af,fbg,gch,hdi,ie->abcde","100,72,128,128,3,71,305,32,3","(1,2),(0,3),(0,1),(0,1)",FP32,39609704448,27.759486471262512,0.00015473365783691406,0.15549516677856445,254.7327050004511,254.47947179500156
*** input parameters ***
  einsum_str: af,fbg,gch,hdi,ie->abcde
  dim_sizes:  100,72,128,128,3,71,305,32,3
  cont_path:  (1,2),(0,3),(0,1),(0,1)
  backend:    torch
  dtype:      FP32
*** benchmarking opt_einsum expression ***
  #flops :          39609704448
  #bytes :          1426888948
  arith. intensity: 27.76
  time (eval):      0.162230
  time (compile):   0.000159
  gflops (eval):    244.16
  gflops (total):   243.92
CSV_DATA: opt_einsum,torch,"af,fbg,gch,hdi,ie->abcde","100,72,128,128,3,71,305,32,3","(1,2),(0,3),(0,1),(0,1)",FP32,39609704448,27.759486471262512,0.00015878677368164062,0.1622302532196045,244.15732369215968,243.9185824957007
*** input parameters ***
  einsum_str: af,fbg,gch,hdi,ie->abcde
  dim_sizes:  100,72,128,128,3,71,305,32,3
  cont_path:  (1,2),(0,3),(0,1),(0,1)
  backend:    torch
  dtype:      FP32
*** benchmarking opt_einsum expression ***
  #flops :          39609704448
  #bytes :          1426888948
  arith. intensity: 27.76
  time (eval):      0.161256
  time (compile):   0.000152
  gflops (eval):    245.63
  gflops (total):   245.40
CSV_DATA: opt_einsum,torch,"af,fbg,gch,hdi,ie->abcde","100,72,128,128,3,71,305,32,3","(1,2),(0,3),(0,1),(0,1)",FP32,39609704448,27.759486471262512,0.00015163421630859375,0.1612555980682373,245.63305040262023,245.4022901413227
*** input parameters ***
  einsum_str: af,fbg,gch,hdi,ie->abcde
  dim_sizes:  100,72,128,128,3,71,305,32,3
  cont_path:  (1,2),(0,3),(0,1),(0,1)
  backend:    torch
  dtype:      FP32
*** benchmarking opt_einsum expression ***
  #flops :          39609704448
  #bytes :          1426888948
  arith. intensity: 27.76
  time (eval):      0.161824
  time (compile):   0.000151
  gflops (eval):    244.77
  gflops (total):   244.54
CSV_DATA: opt_einsum,torch,"af,fbg,gch,hdi,ie->abcde","100,72,128,128,3,71,305,32,3","(1,2),(0,3),(0,1),(0,1)",FP32,39609704448,27.759486471262512,0.00015115737915039062,0.16182398796081543,244.77028991271197,244.54186699363117
*** input parameters ***
  einsum_str: af,fbg,gch,hdi,ie->abcde
  dim_sizes:  100,72,128,128,3,71,305,32,3
  cont_path:  (1,2),(0,3),(0,1),(0,1)
  backend:    torch
  dtype:      FP32
*** benchmarking opt_einsum expression ***
  #flops :          39609704448
  #bytes :          1426888948
  arith. intensity: 27.76
  time (eval):      0.153596
  time (compile):   0.000153
  gflops (eval):    257.88
  gflops (total):   257.62
CSV_DATA: opt_einsum,torch,"af,fbg,gch,hdi,ie->abcde","100,72,128,128,3,71,305,32,3","(1,2),(0,3),(0,1),(0,1)",FP32,39609704448,27.759486471262512,0.0001533031463623047,0.1535961627960205,257.88212235876404,257.6249888428466
*** input parameters ***
  einsum_str: af,fbg,gch,hdi,ie->abcde
  dim_sizes:  100,72,128,128,3,71,305,32,3
  cont_path:  (1,2),(0,3),(0,1),(0,1)
  backend:    torch
  dtype:      FP32
*** benchmarking opt_einsum expression ***
  #flops :          39609704448
  #bytes :          1426888948
  arith. intensity: 27.76
  time (eval):      0.155226
  time (compile):   0.000150
  gflops (eval):    255.18
  gflops (total):   254.93
CSV_DATA: opt_einsum,torch,"af,fbg,gch,hdi,ie->abcde","100,72,128,128,3,71,305,32,3","(1,2),(0,3),(0,1),(0,1)",FP32,39609704448,27.759486471262512,0.00015044212341308594,0.15522551536560059,255.17521623109315,254.9281438912499
*** input parameters ***
  einsum_str: af,fbg,gch,hdi,ie->abcde
  dim_sizes:  100,72,128,128,3,71,305,32,3
  cont_path:  (1,2),(0,3),(0,1),(0,1)
  backend:    torch
  dtype:      FP32
*** benchmarking opt_einsum expression ***
  #flops :          39609704448
  #bytes :          1426888948
  arith. intensity: 27.76
  time (eval):      0.161601
  time (compile):   0.000153
  gflops (eval):    245.11
  gflops (total):   244.88
CSV_DATA: opt_einsum,torch,"af,fbg,gch,hdi,ie->abcde","100,72,128,128,3,71,305,32,3","(1,2),(0,3),(0,1),(0,1)",FP32,39609704448,27.759486471262512,0.00015282630920410156,0.16160106658935547,245.10793947079716,244.87635962394032
*** input parameters ***
  einsum_str: af,fbg,gch,hdi,ie->abcde
  dim_sizes:  100,72,128,128,3,71,305,32,3
  cont_path:  (1,2),(0,3),(0,1),(0,1)
  backend:    torch
  dtype:      FP32
*** benchmarking opt_einsum expression ***
  #flops :          39609704448
  #bytes :          1426888948
  arith. intensity: 27.76
  time (eval):      0.158207
  time (compile):   0.000148
  gflops (eval):    250.37
  gflops (total):   250.13
CSV_DATA: opt_einsum,torch,"af,fbg,gch,hdi,ie->abcde","100,72,128,128,3,71,305,32,3","(1,2),(0,3),(0,1),(0,1)",FP32,39609704448,27.759486471262512,0.00014829635620117188,0.15820670127868652,250.36679311217134,250.13232951022104
*** input parameters ***
  einsum_str: af,fbg,gch,hdi,ie->abcde
  dim_sizes:  100,72,128,128,3,71,305,32,3
  cont_path:  (1,2),(0,3),(0,1),(0,1)
  backend:    torch
  dtype:      FP32
*** benchmarking opt_einsum expression ***
  #flops :          39609704448
  #bytes :          1426888948
  arith. intensity: 27.76
  time (eval):      0.159798
  time (compile):   0.000155
  gflops (eval):    247.87
  gflops (total):   247.63
CSV_DATA: opt_einsum,torch,"af,fbg,gch,hdi,ie->abcde","100,72,128,128,3,71,305,32,3","(1,2),(0,3),(0,1),(0,1)",FP32,39609704448,27.759486471262512,0.0001552104949951172,0.15979766845703125,247.87410749144217,247.63358251200896
*** input parameters ***
  einsum_str: af,fbg,gch,hdi,ie->abcde
  dim_sizes:  100,72,128,128,3,71,305,32,3
  cont_path:  (1,2),(0,3),(0,1),(0,1)
  backend:    torch
  dtype:      FP32
*** benchmarking opt_einsum expression ***
  #flops :          39609704448
  #bytes :          1426888948
  arith. intensity: 27.76
  time (eval):      0.154333
  time (compile):   0.000155
  gflops (eval):    256.65
  gflops (total):   256.39
CSV_DATA: opt_einsum,torch,"af,fbg,gch,hdi,ie->abcde","100,72,128,128,3,71,305,32,3","(1,2),(0,3),(0,1),(0,1)",FP32,39609704448,27.759486471262512,0.00015544891357421875,0.15433311462402344,256.65071650043905,256.39247036147276
*** input parameters ***
  einsum_str: af,fbg,gch,hdi,ie->abcde
  dim_sizes:  100,72,128,128,3,71,305,32,3
  cont_path:  (1,2),(0,3),(0,1),(0,1)
  backend:    torch
  dtype:      FP32
*** benchmarking opt_einsum expression ***
  #flops :          39609704448
  #bytes :          1426888948
  arith. intensity: 27.76
  time (eval):      0.159465
  time (compile):   0.000154
  gflops (eval):    248.39
  gflops (total):   248.15
CSV_DATA: opt_einsum,torch,"af,fbg,gch,hdi,ie->abcde","100,72,128,128,3,71,305,32,3","(1,2),(0,3),(0,1),(0,1)",FP32,39609704448,27.759486471262512,0.00015354156494140625,0.15946507453918457,248.39109480531994,248.1521605359673
*** input parameters ***
  einsum_str: af,fbg,gch,hdi,ie->abcde
  dim_sizes:  100,72,128,128,3,71,305,32,3
  cont_path:  (1,2),(0,3),(0,1),(0,1)
  backend:    torch
  dtype:      FP32
*** benchmarking opt_einsum expression ***
  #flops :          39609704448
  #bytes :          1426888948
  arith. intensity: 27.76
  time (eval):      0.158299
  time (compile):   0.000163
  gflops (eval):    250.22
  gflops (total):   249.96
CSV_DATA: opt_einsum,torch,"af,fbg,gch,hdi,ie->abcde","100,72,128,128,3,71,305,32,3","(1,2),(0,3),(0,1),(0,1)",FP32,39609704448,27.759486471262512,0.0001628398895263672,0.15829944610595703,250.22010766536366,249.96297509635184
*** input parameters ***
  einsum_str: af,fbg,gch,hdi,ie->abcde
  dim_sizes:  100,72,128,128,3,71,305,32,3
  cont_path:  (1,2),(0,3),(0,1),(0,1)
  backend:    torch
  dtype:      FP32
*** benchmarking opt_einsum expression ***
  #flops :          39609704448
  #bytes :          1426888948
  arith. intensity: 27.76
  time (eval):      0.163570
  time (compile):   0.000151
  gflops (eval):    242.16
  gflops (total):   241.93
CSV_DATA: opt_einsum,torch,"af,fbg,gch,hdi,ie->abcde","100,72,128,128,3,71,305,32,3","(1,2),(0,3),(0,1),(0,1)",FP32,39609704448,27.759486471262512,0.0001513957977294922,0.16357040405273438,242.1569151056814,241.93298927923908
*** input parameters ***
  einsum_str: af,fbg,gch,hdi,ie->abcde
  dim_sizes:  100,72,128,128,3,71,305,32,3
  cont_path:  (1,2),(0,3),(0,1),(0,1)
  backend:    torch
  dtype:      FP32
*** benchmarking opt_einsum expression ***
  #flops :          39609704448
  #bytes :          1426888948
  arith. intensity: 27.76
  time (eval):      0.160488
  time (compile):   0.000156
  gflops (eval):    246.81
  gflops (total):   246.57
CSV_DATA: opt_einsum,torch,"af,fbg,gch,hdi,ie->abcde","100,72,128,128,3,71,305,32,3","(1,2),(0,3),(0,1),(0,1)",FP32,39609704448,27.759486471262512,0.00015592575073242188,0.16048812866210938,246.807690875342,246.5681322148803
*** input parameters ***
  einsum_str: af,fbg,gch,hdi,ie->abcde
  dim_sizes:  100,72,128,128,3,71,305,32,3
  cont_path:  (1,2),(0,3),(0,1),(0,1)
  backend:    torch
  dtype:      FP32
*** benchmarking opt_einsum expression ***
  #flops :          39609704448
  #bytes :          1426888948
  arith. intensity: 27.76
  time (eval):      0.159185
  time (compile):   0.000161
  gflops (eval):    248.83
  gflops (total):   248.58
CSV_DATA: opt_einsum,torch,"af,fbg,gch,hdi,ie->abcde","100,72,128,128,3,71,305,32,3","(1,2),(0,3),(0,1),(0,1)",FP32,39609704448,27.759486471262512,0.0001614093780517578,0.15918469429016113,248.82859890913642,248.5765483822215
*** input parameters ***
  einsum_str: af,fbg,gch,hdi,ie->abcde
  dim_sizes:  100,72,128,128,3,71,305,32,3
  cont_path:  (1,2),(0,3),(0,1),(0,1)
  backend:    torch
  dtype:      FP32
*** benchmarking opt_einsum expression ***
  #flops :          39609704448
  #bytes :          1426888948
  arith. intensity: 27.76
  time (eval):      0.159768
  time (compile):   0.000153
  gflops (eval):    247.92
  gflops (total):   247.68
CSV_DATA: opt_einsum,torch,"af,fbg,gch,hdi,ie->abcde","100,72,128,128,3,71,305,32,3","(1,2),(0,3),(0,1),(0,1)",FP32,39609704448,27.759486471262512,0.00015306472778320312,0.15976834297180176,247.91960479299019,247.6823148180855
*** input parameters ***
  einsum_str: af,fbg,gch,hdi,ie->abcde
  dim_sizes:  100,72,128,128,3,71,305,32,3
  cont_path:  (1,2),(0,3),(0,1),(0,1)
  backend:    torch
  dtype:      FP32
*** benchmarking opt_einsum expression ***
  #flops :          39609704448
  #bytes :          1426888948
  arith. intensity: 27.76
  time (eval):      0.158889
  time (compile):   0.000150
  gflops (eval):    249.29
  gflops (total):   249.06
CSV_DATA: opt_einsum,torch,"af,fbg,gch,hdi,ie->abcde","100,72,128,128,3,71,305,32,3","(1,2),(0,3),(0,1),(0,1)",FP32,39609704448,27.759486471262512,0.0001499652862548828,0.1588890552520752,249.29158515770504,249.0565165323918
*** input parameters ***
  einsum_str: af,fbg,gch,hdi,ie->abcde
  dim_sizes:  100,72,128,128,3,71,305,32,3
  cont_path:  (1,2),(0,3),(0,1),(0,1)
  backend:    torch
  dtype:      FP32
*** benchmarking opt_einsum expression ***
  #flops :          39609704448
  #bytes :          1426888948
  arith. intensity: 27.76
  time (eval):      0.161865
  time (compile):   0.000150
  gflops (eval):    244.71
  gflops (total):   244.48
CSV_DATA: opt_einsum,torch,"af,fbg,gch,hdi,ie->abcde","100,72,128,128,3,71,305,32,3","(1,2),(0,3),(0,1),(0,1)",FP32,39609704448,27.759486471262512,0.0001499652862548828,0.1618654727935791,244.70755723496856,244.4810501853663
*** input parameters ***
  einsum_str: af,fbg,gch,hdi,ie->abcde
  dim_sizes:  100,72,128,128,3,71,305,32,3
  cont_path:  (1,2),(0,3),(0,1),(0,1)
  backend:    torch
  dtype:      FP32
*** benchmarking opt_einsum expression ***
  #flops :          39609704448
  #bytes :          1426888948
  arith. intensity: 27.76
  time (eval):      0.163825
  time (compile):   0.000148
  gflops (eval):    241.78
  gflops (total):   241.56
CSV_DATA: opt_einsum,torch,"af,fbg,gch,hdi,ie->abcde","100,72,128,128,3,71,305,32,3","(1,2),(0,3),(0,1),(0,1)",FP32,39609704448,27.759486471262512,0.0001475811004638672,0.16382503509521484,241.78053387859129,241.56292292568705
*** input parameters ***
  einsum_str: af,fbg,gch,hdi,ie->abcde
  dim_sizes:  100,72,128,128,3,71,305,32,3
  cont_path:  (1,2),(0,3),(0,1),(0,1)
  backend:    torch
  dtype:      FP32
*** benchmarking opt_einsum expression ***
  #flops :          39609704448
  #bytes :          1426888948
  arith. intensity: 27.76
  time (eval):      0.161324
  time (compile):   0.000150
  gflops (eval):    245.53
  gflops (total):   245.30
CSV_DATA: opt_einsum,torch,"af,fbg,gch,hdi,ie->abcde","100,72,128,128,3,71,305,32,3","(1,2),(0,3),(0,1),(0,1)",FP32,39609704448,27.759486471262512,0.00015020370483398438,0.16132354736328125,245.52959004058908,245.30119716666056
*** input parameters ***
  einsum_str: af,fbg,gch,hdi,ie->abcde
  dim_sizes:  100,72,128,128,3,71,305,32,3
  cont_path:  (1,2),(0,3),(0,1),(0,1)
  backend:    torch
  dtype:      FP32
*** benchmarking opt_einsum expression ***
  #flops :          39609704448
  #bytes :          1426888948
  arith. intensity: 27.76
  time (eval):      0.160378
  time (compile):   0.000157
  gflops (eval):    246.98
  gflops (total):   246.74
CSV_DATA: opt_einsum,torch,"af,fbg,gch,hdi,ie->abcde","100,72,128,128,3,71,305,32,3","(1,2),(0,3),(0,1),(0,1)",FP32,39609704448,27.759486471262512,0.00015735626220703125,0.16037750244140625,246.97793546492824,246.73584770226904
*** input parameters ***
  einsum_str: af,fbg,gch,hdi,ie->abcde
  dim_sizes:  100,72,128,128,3,71,305,32,3
  cont_path:  (1,2),(0,3),(0,1),(0,1)
  backend:    torch
  dtype:      FP32
*** benchmarking opt_einsum expression ***
  #flops :          39609704448
  #bytes :          1426888948
  arith. intensity: 27.76
  time (eval):      0.162026
  time (compile):   0.000151
  gflops (eval):    244.47
  gflops (total):   244.24
CSV_DATA: opt_einsum,torch,"af,fbg,gch,hdi,ie->abcde","100,72,128,128,3,71,305,32,3","(1,2),(0,3),(0,1),(0,1)",FP32,39609704448,27.759486471262512,0.0001513957977294922,0.16202592849731445,244.46522118622838,244.2370079798539
*** input parameters ***
  einsum_str: af,fbg,gch,hdi,ie->abcde
  dim_sizes:  100,72,128,128,3,71,305,32,3
  cont_path:  (1,2),(0,3),(0,1),(0,1)
  backend:    torch
  dtype:      FP32
*** benchmarking opt_einsum expression ***
  #flops :          39609704448
  #bytes :          1426888948
  arith. intensity: 27.76
  time (eval):      0.156993
  time (compile):   0.000152
  gflops (eval):    252.30
  gflops (total):   252.06
CSV_DATA: opt_einsum,torch,"af,fbg,gch,hdi,ie->abcde","100,72,128,128,3,71,305,32,3","(1,2),(0,3),(0,1),(0,1)",FP32,39609704448,27.759486471262512,0.00015234947204589844,0.15699291229248047,252.30250123780397,252.0578985534606
*** input parameters ***
  einsum_str: af,fbg,gch,hdi,ie->abcde
  dim_sizes:  100,72,128,128,3,71,305,32,3
  cont_path:  (1,2),(0,3),(0,1),(0,1)
  backend:    torch
  dtype:      FP32
*** benchmarking opt_einsum expression ***
  #flops :          39609704448
  #bytes :          1426888948
  arith. intensity: 27.76
  time (eval):      0.161849
  time (compile):   0.000158
  gflops (eval):    244.73
  gflops (total):   244.49
CSV_DATA: opt_einsum,torch,"af,fbg,gch,hdi,ie->abcde","100,72,128,128,3,71,305,32,3","(1,2),(0,3),(0,1),(0,1)",FP32,39609704448,27.759486471262512,0.00015807151794433594,0.1618494987487793,244.73170911379637,244.49292327999217
*** input parameters ***
  einsum_str: af,fbg,gch,hdi,ie->abcde
  dim_sizes:  100,72,128,128,3,71,305,32,3
  cont_path:  (1,2),(0,3),(0,1),(0,1)
  backend:    torch
  dtype:      FP32
*** benchmarking opt_einsum expression ***
  #flops :          39609704448
  #bytes :          1426888948
  arith. intensity: 27.76
  time (eval):      0.160329
  time (compile):   0.000151
  gflops (eval):    247.05
  gflops (total):   246.82
CSV_DATA: opt_einsum,torch,"af,fbg,gch,hdi,ie->abcde","100,72,128,128,3,71,305,32,3","(1,2),(0,3),(0,1),(0,1)",FP32,39609704448,27.759486471262512,0.00015091896057128906,0.16032910346984863,247.05249134913907,246.82015772507614
*** input parameters ***
  einsum_str: af,fbg,gch,hdi,ie->abcde
  dim_sizes:  100,72,128,128,3,71,305,32,3
  cont_path:  (1,2),(0,3),(0,1),(0,1)
  backend:    torch
  dtype:      FP32
*** benchmarking opt_einsum expression ***
  #flops :          39609704448
  #bytes :          1426888948
  arith. intensity: 27.76
  time (eval):      0.157427
  time (compile):   0.000164
  gflops (eval):    251.61
  gflops (total):   251.35
CSV_DATA: opt_einsum,torch,"af,fbg,gch,hdi,ie->abcde","100,72,128,128,3,71,305,32,3","(1,2),(0,3),(0,1),(0,1)",FP32,39609704448,27.759486471262512,0.00016379356384277344,0.1574268341064453,251.60706986724773,251.3455592731798
*** input parameters ***
  einsum_str: af,fbg,gch,hdi,ie->abcde
  dim_sizes:  100,72,128,128,3,71,305,32,3
  cont_path:  (1,2),(0,3),(0,1),(0,1)
  backend:    torch
  dtype:      FP32
*** benchmarking opt_einsum expression ***
  #flops :          39609704448
  #bytes :          1426888948
  arith. intensity: 27.76
  time (eval):      0.156530
  time (compile):   0.000160
  gflops (eval):    253.05
  gflops (total):   252.79
CSV_DATA: opt_einsum,torch,"af,fbg,gch,hdi,ie->abcde","100,72,128,128,3,71,305,32,3","(1,2),(0,3),(0,1),(0,1)",FP32,39609704448,27.759486471262512,0.00015974044799804688,0.15653038024902344,253.04803058029444,252.79005639793948
*** input parameters ***
  einsum_str: af,fbg,gch,hdi,ie->abcde
  dim_sizes:  100,72,128,128,3,71,305,32,3
  cont_path:  (1,2),(0,3),(0,1),(0,1)
  backend:    torch
  dtype:      FP32
*** benchmarking opt_einsum expression ***
  #flops :          39609704448
  #bytes :          1426888948
  arith. intensity: 27.76
  time (eval):      0.155052
  time (compile):   0.000155
  gflops (eval):    255.46
  gflops (total):   255.20
CSV_DATA: opt_einsum,torch,"af,fbg,gch,hdi,ie->abcde","100,72,128,128,3,71,305,32,3","(1,2),(0,3),(0,1),(0,1)",FP32,39609704448,27.759486471262512,0.00015544891357421875,0.15505218505859375,255.46047244049876,255.20461483938905
*** input parameters ***
  einsum_str: af,fbg,gch,hdi,ie->abcde
  dim_sizes:  100,72,128,128,3,71,305,32,3
  cont_path:  (1,2),(0,3),(0,1),(0,1)
  backend:    torch
  dtype:      FP32
*** benchmarking opt_einsum expression ***
  #flops :          39609704448
  #bytes :          1426888948
  arith. intensity: 27.76
  time (eval):      0.158231
  time (compile):   0.000151
  gflops (eval):    250.33
  gflops (total):   250.09
CSV_DATA: opt_einsum,torch,"af,fbg,gch,hdi,ie->abcde","100,72,128,128,3,71,305,32,3","(1,2),(0,3),(0,1),(0,1)",FP32,39609704448,27.759486471262512,0.00015115737915039062,0.15823054313659668,250.32906835064,250.0901576319533
*** input parameters ***
  einsum_str: af,fbg,gch,hdi,ie->abcde
  dim_sizes:  100,72,128,128,3,71,305,32,3
  cont_path:  (1,2),(0,3),(0,1),(0,1)
  backend:    torch
  dtype:      FP32
*** benchmarking opt_einsum expression ***
  #flops :          39609704448
  #bytes :          1426888948
  arith. intensity: 27.76
  time (eval):      0.160161
  time (compile):   0.000160
  gflops (eval):    247.31
  gflops (total):   247.06
CSV_DATA: opt_einsum,torch,"af,fbg,gch,hdi,ie->abcde","100,72,128,128,3,71,305,32,3","(1,2),(0,3),(0,1),(0,1)",FP32,39609704448,27.759486471262512,0.00016021728515625,0.16016101837158203,247.31176693759147,247.06461552484433
*** input parameters ***
  einsum_str: af,fbg,gch,hdi,ie->abcde
  dim_sizes:  100,72,128,128,3,71,305,32,3
  cont_path:  (1,2),(0,3),(0,1),(0,1)
  backend:    torch
  dtype:      FP32
*** benchmarking opt_einsum expression ***
  #flops :          39609704448
  #bytes :          1426888948
  arith. intensity: 27.76
  time (eval):      0.160223
  time (compile):   0.000149
  gflops (eval):    247.22
  gflops (total):   246.99
CSV_DATA: opt_einsum,torch,"af,fbg,gch,hdi,ie->abcde","100,72,128,128,3,71,305,32,3","(1,2),(0,3),(0,1),(0,1)",FP32,39609704448,27.759486471262512,0.00014925003051757812,0.16022348403930664,247.2153485208373,246.98527887386672
*** input parameters ***
  einsum_str: af,fbg,gch,hdi,ie->abcde
  dim_sizes:  100,72,128,128,3,71,305,32,3
  cont_path:  (1,2),(0,3),(0,1),(0,1)
  backend:    torch
  dtype:      FP32
*** benchmarking opt_einsum expression ***
  #flops :          39609704448
  #bytes :          1426888948
  arith. intensity: 27.76
  time (eval):      0.159600
  time (compile):   0.000155
  gflops (eval):    248.18
  gflops (total):   247.94
CSV_DATA: opt_einsum,torch,"af,fbg,gch,hdi,ie->abcde","100,72,128,128,3,71,305,32,3","(1,2),(0,3),(0,1),(0,1)",FP32,39609704448,27.759486471262512,0.00015473365783691406,0.15960049629211426,248.18033382241487,247.93995451922987
*** input parameters ***
  einsum_str: af,fbg,gch,hdi,ie->abcde
  dim_sizes:  100,72,128,128,3,71,305,32,3
  cont_path:  (1,2),(0,3),(0,1),(0,1)
  backend:    torch
  dtype:      FP32
*** benchmarking opt_einsum expression ***
  #flops :          39609704448
  #bytes :          1426888948
  arith. intensity: 27.76
  time (eval):      0.158309
  time (compile):   0.000155
  gflops (eval):    250.21
  gflops (total):   249.96
CSV_DATA: opt_einsum,torch,"af,fbg,gch,hdi,ie->abcde","100,72,128,128,3,71,305,32,3","(1,2),(0,3),(0,1),(0,1)",FP32,39609704448,27.759486471262512,0.00015473365783691406,0.158308744430542,250.20541089174498,249.96109466882152
*** input parameters ***
  einsum_str: af,fbg,gch,hdi,ie->abcde
  dim_sizes:  100,72,128,128,3,71,305,32,3
  cont_path:  (1,2),(0,3),(0,1),(0,1)
  backend:    torch
  dtype:      FP32
*** benchmarking opt_einsum expression ***
  #flops :          39609704448
  #bytes :          1426888948
  arith. intensity: 27.76
  time (eval):      0.158278
  time (compile):   0.000151
  gflops (eval):    250.25
  gflops (total):   250.02
CSV_DATA: opt_einsum,torch,"af,fbg,gch,hdi,ie->abcde","100,72,128,128,3,71,305,32,3","(1,2),(0,3),(0,1),(0,1)",FP32,39609704448,27.759486471262512,0.00015091896057128906,0.1582779884338379,250.25402988715223,250.01563855636232
*** input parameters ***
  einsum_str: af,fbg,gch,hdi,ie->abcde
  dim_sizes:  100,72,128,128,3,71,305,32,3
  cont_path:  (1,2),(0,3),(0,1),(0,1)
  backend:    torch
  dtype:      FP32
*** benchmarking opt_einsum expression ***
  #flops :          39609704448
  #bytes :          1426888948
  arith. intensity: 27.76
  time (eval):      0.158658
  time (compile):   0.000154
  gflops (eval):    249.65
  gflops (total):   249.41
CSV_DATA: opt_einsum,torch,"af,fbg,gch,hdi,ie->abcde","100,72,128,128,3,71,305,32,3","(1,2),(0,3),(0,1),(0,1)",FP32,39609704448,27.759486471262512,0.00015401840209960938,0.15865802764892578,249.6545875109912,249.41246859368357
*** input parameters ***
  einsum_str: af,fbg,gch,hdi,ie->abcde
  dim_sizes:  100,72,128,128,3,71,305,32,3
  cont_path:  (1,2),(0,3),(0,1),(0,1)
  backend:    torch
  dtype:      FP32
*** benchmarking opt_einsum expression ***
  #flops :          39609704448
  #bytes :          1426888948
  arith. intensity: 27.76
  time (eval):      0.158394
  time (compile):   0.000149
  gflops (eval):    250.07
  gflops (total):   249.84
CSV_DATA: opt_einsum,torch,"af,fbg,gch,hdi,ie->abcde","100,72,128,128,3,71,305,32,3","(1,2),(0,3),(0,1),(0,1)",FP32,39609704448,27.759486471262512,0.00014901161193847656,0.15839362144470215,250.07133549142577,249.8362975582039
*** input parameters ***
  einsum_str: af,fbg,gch,hdi,ie->abcde
  dim_sizes:  100,72,128,128,3,71,305,32,3
  cont_path:  (1,2),(0,3),(0,1),(0,1)
  backend:    torch
  dtype:      FP32
*** benchmarking opt_einsum expression ***
  #flops :          39609704448
  #bytes :          1426888948
  arith. intensity: 27.76
  time (eval):      0.162717
  time (compile):   0.000149
  gflops (eval):    243.43
  gflops (total):   243.20
CSV_DATA: opt_einsum,torch,"af,fbg,gch,hdi,ie->abcde","100,72,128,128,3,71,305,32,3","(1,2),(0,3),(0,1),(0,1)",FP32,39609704448,27.759486471262512,0.00014901161193847656,0.16271734237670898,243.4264465572396,243.20372795206666
*** input parameters ***
  einsum_str: af,fbg,gch,hdi,ie->abcde
  dim_sizes:  100,72,128,128,3,71,305,32,3
  cont_path:  (1,2),(0,3),(0,1),(0,1)
  backend:    torch
  dtype:      FP32
*** benchmarking opt_einsum expression ***
  #flops :          39609704448
  #bytes :          1426888948
  arith. intensity: 27.76
  time (eval):      0.157696
  time (compile):   0.000151
  gflops (eval):    251.18
  gflops (total):   250.94
CSV_DATA: opt_einsum,torch,"af,fbg,gch,hdi,ie->abcde","100,72,128,128,3,71,305,32,3","(1,2),(0,3),(0,1),(0,1)",FP32,39609704448,27.759486471262512,0.0001506805419921875,0.15769624710083008,251.17721680893132,250.93744325280292
*** input parameters ***
  einsum_str: af,fbg,gch,hdi,ie->abcde
  dim_sizes:  100,72,128,128,3,71,305,32,3
  cont_path:  (1,2),(0,3),(0,1),(0,1)
  backend:    torch
  dtype:      FP32
*** benchmarking opt_einsum expression ***
  #flops :          39609704448
  #bytes :          1426888948
  arith. intensity: 27.76
  time (eval):      0.157221
  time (compile):   0.000164
  gflops (eval):    251.94
  gflops (total):   251.67
CSV_DATA: opt_einsum,torch,"af,fbg,gch,hdi,ie->abcde","100,72,128,128,3,71,305,32,3","(1,2),(0,3),(0,1),(0,1)",FP32,39609704448,27.759486471262512,0.00016427040100097656,0.15722084045410156,251.93673010267048,251.67377163438854
*** input parameters ***
  einsum_str: af,fbg,gch,hdi,ie->abcde
  dim_sizes:  100,72,128,128,3,71,305,32,3
  cont_path:  (1,2),(0,3),(0,1),(0,1)
  backend:    torch
  dtype:      FP32
*** benchmarking opt_einsum expression ***
  #flops :          39609704448
  #bytes :          1426888948
  arith. intensity: 27.76
  time (eval):      0.158440
  time (compile):   0.000150
  gflops (eval):    250.00
  gflops (total):   249.76
CSV_DATA: opt_einsum,torch,"af,fbg,gch,hdi,ie->abcde","100,72,128,128,3,71,305,32,3","(1,2),(0,3),(0,1),(0,1)",FP32,39609704448,27.759486471262512,0.00014972686767578125,0.15844035148620605,249.99758001324844,249.76155418508543
*** input parameters ***
  einsum_str: af,fbg,gch,hdi,ie->abcde
  dim_sizes:  100,72,128,128,3,71,305,32,3
  cont_path:  (1,2),(0,3),(0,1),(0,1)
  backend:    torch
  dtype:      FP32
*** benchmarking opt_einsum expression ***
  #flops :          39609704448
  #bytes :          1426888948
  arith. intensity: 27.76
  time (eval):      0.158192
  time (compile):   0.000154
  gflops (eval):    250.39
  gflops (total):   250.15
CSV_DATA: opt_einsum,torch,"af,fbg,gch,hdi,ie->abcde","100,72,128,128,3,71,305,32,3","(1,2),(0,3),(0,1),(0,1)",FP32,39609704448,27.759486471262512,0.00015425682067871094,0.15819168090820312,250.3905655505682,250.14664105762728
*** input parameters ***
  einsum_str: af,fbg,gch,hdi,ie->abcde
  dim_sizes:  100,72,128,128,3,71,305,32,3
  cont_path:  (1,2),(0,3),(0,1),(0,1)
  backend:    torch
  dtype:      FP32
*** benchmarking opt_einsum expression ***
  #flops :          39609704448
  #bytes :          1426888948
  arith. intensity: 27.76
  time (eval):      0.161731
  time (compile):   0.000154
  gflops (eval):    244.91
  gflops (total):   244.68
CSV_DATA: opt_einsum,torch,"af,fbg,gch,hdi,ie->abcde","100,72,128,128,3,71,305,32,3","(1,2),(0,3),(0,1),(0,1)",FP32,39609704448,27.759486471262512,0.0001537799835205078,0.16173100471496582,244.91101454423048,244.67836505928506
*** input parameters ***
  einsum_str: af,fbg,gch,hdi,ie->abcde
  dim_sizes:  100,72,128,128,3,71,305,32,3
  cont_path:  (1,2),(0,3),(0,1),(0,1)
  backend:    torch
  dtype:      FP32
*** benchmarking opt_einsum expression ***
  #flops :          39609704448
  #bytes :          1426888948
  arith. intensity: 27.76
  time (eval):      0.154928
  time (compile):   0.000154
  gflops (eval):    255.66
  gflops (total):   255.41
CSV_DATA: opt_einsum,torch,"af,fbg,gch,hdi,ie->abcde","100,72,128,128,3,71,305,32,3","(1,2),(0,3),(0,1),(0,1)",FP32,39609704448,27.759486471262512,0.0001544952392578125,0.15492820739746094,255.66489868680398,255.41020226340612
*** input parameters ***
  einsum_str: af,fbg,gch,hdi,ie->abcde
  dim_sizes:  100,72,128,128,3,71,305,32,3
  cont_path:  (1,2),(0,3),(0,1),(0,1)
  backend:    torch
  dtype:      FP32
*** benchmarking opt_einsum expression ***
  #flops :          39609704448
  #bytes :          1426888948
  arith. intensity: 27.76
  time (eval):      0.159893
  time (compile):   0.000154
  gflops (eval):    247.73
  gflops (total):   247.49
CSV_DATA: opt_einsum,torch,"af,fbg,gch,hdi,ie->abcde","100,72,128,128,3,71,305,32,3","(1,2),(0,3),(0,1),(0,1)",FP32,39609704448,27.759486471262512,0.0001544952392578125,0.15989279747009277,247.72663356151998,247.4875005847934
*** input parameters ***
  einsum_str: af,fbg,gch,hdi,ie->abcde
  dim_sizes:  100,72,128,128,3,71,305,32,3
  cont_path:  (1,2),(0,3),(0,1),(0,1)
  backend:    torch
  dtype:      FP32
*** benchmarking opt_einsum expression ***
  #flops :          39609704448
  #bytes :          1426888948
  arith. intensity: 27.76
  time (eval):      0.163080
  time (compile):   0.000153
  gflops (eval):    242.89
  gflops (total):   242.66
CSV_DATA: opt_einsum,torch,"af,fbg,gch,hdi,ie->abcde","100,72,128,128,3,71,305,32,3","(1,2),(0,3),(0,1),(0,1)",FP32,39609704448,27.759486471262512,0.00015282630920410156,0.16307950019836426,242.8858587365066,242.65845678652062
*** input parameters ***
  einsum_str: af,fbg,gch,hdi,ie->abcde
  dim_sizes:  100,72,128,128,3,71,305,32,3
  cont_path:  (1,2),(0,3),(0,1),(0,1)
  backend:    torch
  dtype:      FP32
*** benchmarking opt_einsum expression ***
  #flops :          39609704448
  #bytes :          1426888948
  arith. intensity: 27.76
  time (eval):      0.159657
  time (compile):   0.000148
  gflops (eval):    248.09
  gflops (total):   247.86
CSV_DATA: opt_einsum,torch,"af,fbg,gch,hdi,ie->abcde","100,72,128,128,3,71,305,32,3","(1,2),(0,3),(0,1),(0,1)",FP32,39609704448,27.759486471262512,0.00014829635620117188,0.15965652465820312,248.09323973948133,247.86301312167367
*** input parameters ***
  einsum_str: af,fbg,gch,hdi,ie->abcde
  dim_sizes:  100,72,128,128,3,71,305,32,3
  cont_path:  (1,2),(0,3),(0,1),(0,1)
  backend:    torch
  dtype:      FP32
*** benchmarking opt_einsum expression ***
  #flops :          39609704448
  #bytes :          1426888948
  arith. intensity: 27.76
  time (eval):      0.153906
  time (compile):   0.000155
  gflops (eval):    257.36
  gflops (total):   257.10
CSV_DATA: opt_einsum,torch,"af,fbg,gch,hdi,ie->abcde","100,72,128,128,3,71,305,32,3","(1,2),(0,3),(0,1),(0,1)",FP32,39609704448,27.759486471262512,0.0001552104949951172,0.15390634536743164,257.3623871935684,257.10310548447603
*** input parameters ***
  einsum_str: af,fbg,gch,hdi,ie->abcde
  dim_sizes:  100,72,128,128,3,71,305,32,3
  cont_path:  (1,2),(0,3),(0,1),(0,1)
  backend:    torch
  dtype:      FP32
*** benchmarking opt_einsum expression ***
  #flops :          39609704448
  #bytes :          1426888948
  arith. intensity: 27.76
  time (eval):      0.155698
  time (compile):   0.000152
  gflops (eval):    254.40
  gflops (total):   254.15
CSV_DATA: opt_einsum,torch,"af,fbg,gch,hdi,ie->abcde","100,72,128,128,3,71,305,32,3","(1,2),(0,3),(0,1),(0,1)",FP32,39609704448,27.759486471262512,0.00015163421630859375,0.15569782257080078,254.4011457192229,254.15362532900534
*** input parameters ***
  einsum_str: af,fbg,gch,hdi,ie->abcde
  dim_sizes:  100,72,128,128,3,71,305,32,3
  cont_path:  (1,2),(0,3),(0,1),(0,1)
  backend:    torch
  dtype:      FP32
*** benchmarking opt_einsum expression ***
  #flops :          39609704448
  #bytes :          1426888948
  arith. intensity: 27.76
  time (eval):      0.158922
  time (compile):   0.000148
  gflops (eval):    249.24
  gflops (total):   249.01
CSV_DATA: opt_einsum,torch,"af,fbg,gch,hdi,ie->abcde","100,72,128,128,3,71,305,32,3","(1,2),(0,3),(0,1),(0,1)",FP32,39609704448,27.759486471262512,0.00014781951904296875,0.1589219570159912,249.23997408372182,249.00836168130402
*** input parameters ***
  einsum_str: af,fbg,gch,hdi,ie->abcde
  dim_sizes:  100,72,128,128,3,71,305,32,3
  cont_path:  (1,2),(0,3),(0,1),(0,1)
  backend:    torch
  dtype:      FP32
*** benchmarking opt_einsum expression ***
  #flops :          39609704448
  #bytes :          1426888948
  arith. intensity: 27.76
  time (eval):      0.158721
  time (compile):   0.000150
  gflops (eval):    249.56
  gflops (total):   249.32
CSV_DATA: opt_einsum,torch,"af,fbg,gch,hdi,ie->abcde","100,72,128,128,3,71,305,32,3","(1,2),(0,3),(0,1),(0,1)",FP32,39609704448,27.759486471262512,0.0001499652862548828,0.1587209701538086,249.55558430380185,249.32001777595988
*** input parameters ***
  einsum_str: af,fbg,gch,hdi,ie->abcde
  dim_sizes:  100,72,128,128,3,71,305,32,3
  cont_path:  (1,2),(0,3),(0,1),(0,1)
  backend:    torch
  dtype:      FP32
*** benchmarking opt_einsum expression ***
  #flops :          39609704448
  #bytes :          1426888948
  arith. intensity: 27.76
  time (eval):      0.159880
  time (compile):   0.000153
  gflops (eval):    247.75
  gflops (total):   247.51
CSV_DATA: opt_einsum,torch,"af,fbg,gch,hdi,ie->abcde","100,72,128,128,3,71,305,32,3","(1,2),(0,3),(0,1),(0,1)",FP32,39609704448,27.759486471262512,0.0001533031463623047,0.1598796844482422,247.7469516198779,247.50962313057164
*** input parameters ***
  einsum_str: af,fbg,gch,hdi,ie->abcde
  dim_sizes:  100,72,128,128,3,71,305,32,3
  cont_path:  (1,2),(0,3),(0,1),(0,1)
  backend:    torch
  dtype:      FP32
*** benchmarking opt_einsum expression ***
  #flops :          39609704448
  #bytes :          1426888948
  arith. intensity: 27.76
  time (eval):      0.159090
  time (compile):   0.000150
  gflops (eval):    248.98
  gflops (total):   248.74
CSV_DATA: opt_einsum,torch,"af,fbg,gch,hdi,ie->abcde","100,72,128,128,3,71,305,32,3","(1,2),(0,3),(0,1),(0,1)",FP32,39609704448,27.759486471262512,0.00015020370483398438,0.1590898036956787,248.9770150434594,248.74216658616203
*** input parameters ***
  einsum_str: af,fbg,gch,hdi,ie->abcde
  dim_sizes:  100,72,128,128,3,71,305,32,3
  cont_path:  (1,2),(0,3),(0,1),(0,1)
  backend:    torch
  dtype:      FP32
*** benchmarking opt_einsum expression ***
  #flops :          39609704448
  #bytes :          1426888948
  arith. intensity: 27.76
  time (eval):      0.160257
  time (compile):   0.000153
  gflops (eval):    247.16
  gflops (total):   246.93
CSV_DATA: opt_einsum,torch,"af,fbg,gch,hdi,ie->abcde","100,72,128,128,3,71,305,32,3","(1,2),(0,3),(0,1),(0,1)",FP32,39609704448,27.759486471262512,0.000152587890625,0.16025662422180176,247.16422575567637,246.92911290056435
*** input parameters ***
  einsum_str: af,fbg,gch,hdi,ie->abcde
  dim_sizes:  100,72,128,128,3,71,305,32,3
  cont_path:  (1,2),(0,3),(0,1),(0,1)
  backend:    torch
  dtype:      FP32
*** benchmarking opt_einsum expression ***
  #flops :          39609704448
  #bytes :          1426888948
  arith. intensity: 27.76
  time (eval):      0.156705
  time (compile):   0.000153
  gflops (eval):    252.77
  gflops (total):   252.52
CSV_DATA: opt_einsum,torch,"af,fbg,gch,hdi,ie->abcde","100,72,128,128,3,71,305,32,3","(1,2),(0,3),(0,1),(0,1)",FP32,39609704448,27.759486471262512,0.00015282630920410156,0.15670490264892578,252.76621074670334,252.51994091137863
