*** input parameters ***
  einsum_str: aefi,bfgj,cghk,dhel,ijkl->abcd
  dim_sizes:  40,40,20,20,6,6,6,6,4,4,4,4
  cont_path:  (2,3),(2,3),(0,2),(0,1)
  backend:    torch
  dtype:      FP32
*** benchmarking opt_einsum expression ***
  #flops :          305049600
  #bytes :          2630144
  arith. intensity: 115.98
  time (eval):      0.002159
  time (compile):   0.000149
  gflops (eval):    141.27
  gflops (total):   132.16
CSV_DATA: opt_einsum,torch,"aefi,bfgj,cghk,dhel,ijkl->abcd","40,40,20,20,6,6,6,6,4,4,4,4","(2,3),(2,3),(0,2),(0,1)",FP32,305049600,115.98209071442476,0.000148773193359375,0.0021593570709228516,141.2687156319311,132.16307793393247
*** input parameters ***
  einsum_str: aefi,bfgj,cghk,dhel,ijkl->abcd
  dim_sizes:  40,40,20,20,6,6,6,6,4,4,4,4
  cont_path:  (2,3),(2,3),(0,2),(0,1)
  backend:    torch
  dtype:      FP32
*** benchmarking opt_einsum expression ***
  #flops :          305049600
  #bytes :          2630144
  arith. intensity: 115.98
  time (eval):      0.002083
  time (compile):   0.000155
  gflops (eval):    146.44
  gflops (total):   136.32
CSV_DATA: opt_einsum,torch,"aefi,bfgj,cghk,dhel,ijkl->abcd","40,40,20,20,6,6,6,6,4,4,4,4","(2,3),(2,3),(0,2),(0,1)",FP32,305049600,115.98209071442476,0.00015473365783691406,0.0020830631256103516,146.44280158846286,136.31693559326658
*** input parameters ***
  einsum_str: aefi,bfgj,cghk,dhel,ijkl->abcd
  dim_sizes:  40,40,20,20,6,6,6,6,4,4,4,4
  cont_path:  (2,3),(2,3),(0,2),(0,1)
  backend:    torch
  dtype:      FP32
*** benchmarking opt_einsum expression ***
  #flops :          305049600
  #bytes :          2630144
  arith. intensity: 115.98
  time (eval):      0.002192
  time (compile):   0.000154
  gflops (eval):    139.13
  gflops (total):   129.99
CSV_DATA: opt_einsum,torch,"aefi,bfgj,cghk,dhel,ijkl->abcd","40,40,20,20,6,6,6,6,4,4,4,4","(2,3),(2,3),(0,2),(0,1)",FP32,305049600,115.98209071442476,0.00015425682067871094,0.0021924972534179688,139.1334012046977,129.98788555099057
*** input parameters ***
  einsum_str: aefi,bfgj,cghk,dhel,ijkl->abcd
  dim_sizes:  40,40,20,20,6,6,6,6,4,4,4,4
  cont_path:  (2,3),(2,3),(0,2),(0,1)
  backend:    torch
  dtype:      FP32
*** benchmarking opt_einsum expression ***
  #flops :          305049600
  #bytes :          2630144
  arith. intensity: 115.98
  time (eval):      0.002108
  time (compile):   0.000158
  gflops (eval):    144.69
  gflops (total):   134.62
CSV_DATA: opt_einsum,torch,"aefi,bfgj,cghk,dhel,ijkl->abcd","40,40,20,20,6,6,6,6,4,4,4,4","(2,3),(2,3),(0,2),(0,1)",FP32,305049600,115.98209071442476,0.0001575946807861328,0.002108335494995117,144.68740896510238,134.6244483878788
*** input parameters ***
  einsum_str: aefi,bfgj,cghk,dhel,ijkl->abcd
  dim_sizes:  40,40,20,20,6,6,6,6,4,4,4,4
  cont_path:  (2,3),(2,3),(0,2),(0,1)
  backend:    torch
  dtype:      FP32
*** benchmarking opt_einsum expression ***
  #flops :          305049600
  #bytes :          2630144
  arith. intensity: 115.98
  time (eval):      0.002155
  time (compile):   0.000155
  gflops (eval):    141.53
  gflops (total):   132.05
CSV_DATA: opt_einsum,torch,"aefi,bfgj,cghk,dhel,ijkl->abcd","40,40,20,20,6,6,6,6,4,4,4,4","(2,3),(2,3),(0,2),(0,1)",FP32,305049600,115.98209071442476,0.00015473365783691406,0.002155303955078125,141.53437582725664,132.0539537081639
*** input parameters ***
  einsum_str: aefi,bfgj,cghk,dhel,ijkl->abcd
  dim_sizes:  40,40,20,20,6,6,6,6,4,4,4,4
  cont_path:  (2,3),(2,3),(0,2),(0,1)
  backend:    torch
  dtype:      FP32
*** benchmarking opt_einsum expression ***
  #flops :          305049600
  #bytes :          2630144
  arith. intensity: 115.98
  time (eval):      0.002186
  time (compile):   0.000149
  gflops (eval):    139.56
  gflops (total):   130.65
CSV_DATA: opt_einsum,torch,"aefi,bfgj,cghk,dhel,ijkl->abcd","40,40,20,20,6,6,6,6,4,4,4,4","(2,3),(2,3),(0,2),(0,1)",FP32,305049600,115.98209071442476,0.00014901161193847656,0.002185821533203125,139.55832869528797,130.65156310409478
*** input parameters ***
  einsum_str: aefi,bfgj,cghk,dhel,ijkl->abcd
  dim_sizes:  40,40,20,20,6,6,6,6,4,4,4,4
  cont_path:  (2,3),(2,3),(0,2),(0,1)
  backend:    torch
  dtype:      FP32
*** benchmarking opt_einsum expression ***
  #flops :          305049600
  #bytes :          2630144
  arith. intensity: 115.98
  time (eval):      0.002180
  time (compile):   0.000157
  gflops (eval):    139.91
  gflops (total):   130.50
CSV_DATA: opt_einsum,torch,"aefi,bfgj,cghk,dhel,ijkl->abcd","40,40,20,20,6,6,6,6,4,4,4,4","(2,3),(2,3),(0,2),(0,1)",FP32,305049600,115.98209071442476,0.0001571178436279297,0.002180337905883789,139.90932285165667,130.50497322301104
*** input parameters ***
  einsum_str: aefi,bfgj,cghk,dhel,ijkl->abcd
  dim_sizes:  40,40,20,20,6,6,6,6,4,4,4,4
  cont_path:  (2,3),(2,3),(0,2),(0,1)
  backend:    torch
  dtype:      FP32
*** benchmarking opt_einsum expression ***
  #flops :          305049600
  #bytes :          2630144
  arith. intensity: 115.98
  time (eval):      0.002244
  time (compile):   0.000153
  gflops (eval):    135.93
  gflops (total):   127.26
CSV_DATA: opt_einsum,torch,"aefi,bfgj,cghk,dhel,ijkl->abcd","40,40,20,20,6,6,6,6,4,4,4,4","(2,3),(2,3),(0,2),(0,1)",FP32,305049600,115.98209071442476,0.00015282630920410156,0.002244234085083008,135.92592770406887,127.25987243668192
*** input parameters ***
  einsum_str: aefi,bfgj,cghk,dhel,ijkl->abcd
  dim_sizes:  40,40,20,20,6,6,6,6,4,4,4,4
  cont_path:  (2,3),(2,3),(0,2),(0,1)
  backend:    torch
  dtype:      FP32
*** benchmarking opt_einsum expression ***
  #flops :          305049600
  #bytes :          2630144
  arith. intensity: 115.98
  time (eval):      0.002170
  time (compile):   0.000147
  gflops (eval):    140.55
  gflops (total):   131.65
CSV_DATA: opt_einsum,torch,"aefi,bfgj,cghk,dhel,ijkl->abcd","40,40,20,20,6,6,6,6,4,4,4,4","(2,3),(2,3),(0,2),(0,1)",FP32,305049600,115.98209071442476,0.0001468658447265625,0.0021703243255615234,140.55484537827093,131.6463378411771
*** input parameters ***
  einsum_str: aefi,bfgj,cghk,dhel,ijkl->abcd
  dim_sizes:  40,40,20,20,6,6,6,6,4,4,4,4
  cont_path:  (2,3),(2,3),(0,2),(0,1)
  backend:    torch
  dtype:      FP32
*** benchmarking opt_einsum expression ***
  #flops :          305049600
  #bytes :          2630144
  arith. intensity: 115.98
  time (eval):      0.002292
  time (compile):   0.000150
  gflops (eval):    133.11
  gflops (total):   124.91
CSV_DATA: opt_einsum,torch,"aefi,bfgj,cghk,dhel,ijkl->abcd","40,40,20,20,6,6,6,6,4,4,4,4","(2,3),(2,3),(0,2),(0,1)",FP32,305049600,115.98209071442476,0.00015044212341308594,0.0022916793823242188,133.1118141363296,124.911720929259
*** input parameters ***
  einsum_str: aefi,bfgj,cghk,dhel,ijkl->abcd
  dim_sizes:  40,40,20,20,6,6,6,6,4,4,4,4
  cont_path:  (2,3),(2,3),(0,2),(0,1)
  backend:    torch
  dtype:      FP32
*** benchmarking opt_einsum expression ***
  #flops :          305049600
  #bytes :          2630144
  arith. intensity: 115.98
  time (eval):      0.002292
  time (compile):   0.000159
  gflops (eval):    133.08
  gflops (total):   124.46
CSV_DATA: opt_einsum,torch,"aefi,bfgj,cghk,dhel,ijkl->abcd","40,40,20,20,6,6,6,6,4,4,4,4","(2,3),(2,3),(0,2),(0,1)",FP32,305049600,115.98209071442476,0.00015878677368164062,0.002292156219482422,133.08412289144997,124.46213594147859
*** input parameters ***
  einsum_str: aefi,bfgj,cghk,dhel,ijkl->abcd
  dim_sizes:  40,40,20,20,6,6,6,6,4,4,4,4
  cont_path:  (2,3),(2,3),(0,2),(0,1)
  backend:    torch
  dtype:      FP32
*** benchmarking opt_einsum expression ***
  #flops :          305049600
  #bytes :          2630144
  arith. intensity: 115.98
  time (eval):      0.002242
  time (compile):   0.000147
  gflops (eval):    136.06
  gflops (total):   127.68
CSV_DATA: opt_einsum,torch,"aefi,bfgj,cghk,dhel,ijkl->abcd","40,40,20,20,6,6,6,6,4,4,4,4","(2,3),(2,3),(0,2),(0,1)",FP32,305049600,115.98209071442476,0.00014710426330566406,0.0022420883178710938,136.05601419378988,127.67894995293884
*** input parameters ***
  einsum_str: aefi,bfgj,cghk,dhel,ijkl->abcd
  dim_sizes:  40,40,20,20,6,6,6,6,4,4,4,4
  cont_path:  (2,3),(2,3),(0,2),(0,1)
  backend:    torch
  dtype:      FP32
*** benchmarking opt_einsum expression ***
  #flops :          305049600
  #bytes :          2630144
  arith. intensity: 115.98
  time (eval):      0.002250
  time (compile):   0.000147
  gflops (eval):    135.58
  gflops (total):   127.26
CSV_DATA: opt_einsum,torch,"aefi,bfgj,cghk,dhel,ijkl->abcd","40,40,20,20,6,6,6,6,4,4,4,4","(2,3),(2,3),(0,2),(0,1)",FP32,305049600,115.98209071442476,0.00014710426330566406,0.0022499561309814453,135.58024345431812,127.25987243668192
*** input parameters ***
  einsum_str: aefi,bfgj,cghk,dhel,ijkl->abcd
  dim_sizes:  40,40,20,20,6,6,6,6,4,4,4,4
  cont_path:  (2,3),(2,3),(0,2),(0,1)
  backend:    torch
  dtype:      FP32
*** benchmarking opt_einsum expression ***
  #flops :          305049600
  #bytes :          2630144
  arith. intensity: 115.98
  time (eval):      0.002385
  time (compile):   0.000157
  gflops (eval):    127.92
  gflops (total):   120.00
CSV_DATA: opt_einsum,torch,"aefi,bfgj,cghk,dhel,ijkl->abcd","40,40,20,20,6,6,6,6,4,4,4,4","(2,3),(2,3),(0,2),(0,1)",FP32,305049600,115.98209071442476,0.00015735626220703125,0.002384662628173828,127.9214914495501,120.00288477568937
*** input parameters ***
  einsum_str: aefi,bfgj,cghk,dhel,ijkl->abcd
  dim_sizes:  40,40,20,20,6,6,6,6,4,4,4,4
  cont_path:  (2,3),(2,3),(0,2),(0,1)
  backend:    torch
  dtype:      FP32
*** benchmarking opt_einsum expression ***
  #flops :          305049600
  #bytes :          2630144
  arith. intensity: 115.98
  time (eval):      0.002324
  time (compile):   0.000150
  gflops (eval):    131.27
  gflops (total):   123.30
CSV_DATA: opt_einsum,torch,"aefi,bfgj,cghk,dhel,ijkl->abcd","40,40,20,20,6,6,6,6,4,4,4,4","(2,3),(2,3),(0,2),(0,1)",FP32,305049600,115.98209071442476,0.00015020370483398438,0.0023238658905029297,131.26816020092338,123.29871422168257
*** input parameters ***
  einsum_str: aefi,bfgj,cghk,dhel,ijkl->abcd
  dim_sizes:  40,40,20,20,6,6,6,6,4,4,4,4
  cont_path:  (2,3),(2,3),(0,2),(0,1)
  backend:    torch
  dtype:      FP32
*** benchmarking opt_einsum expression ***
  #flops :          305049600
  #bytes :          2630144
  arith. intensity: 115.98
  time (eval):      0.002377
  time (compile):   0.000147
  gflops (eval):    128.34
  gflops (total):   120.86
CSV_DATA: opt_einsum,torch,"aefi,bfgj,cghk,dhel,ijkl->abcd","40,40,20,20,6,6,6,6,4,4,4,4","(2,3),(2,3),(0,2),(0,1)",FP32,305049600,115.98209071442476,0.00014710426330566406,0.0023767948150634766,128.34494507758052,120.86442069510676
*** input parameters ***
  einsum_str: aefi,bfgj,cghk,dhel,ijkl->abcd
  dim_sizes:  40,40,20,20,6,6,6,6,4,4,4,4
  cont_path:  (2,3),(2,3),(0,2),(0,1)
  backend:    torch
  dtype:      FP32
*** benchmarking opt_einsum expression ***
  #flops :          305049600
  #bytes :          2630144
  arith. intensity: 115.98
  time (eval):      0.002253
  time (compile):   0.000152
  gflops (eval):    135.41
  gflops (total):   126.86
CSV_DATA: opt_einsum,torch,"aefi,bfgj,cghk,dhel,ijkl->abcd","40,40,20,20,6,6,6,6,4,4,4,4","(2,3),(2,3),(0,2),(0,1)",FP32,305049600,115.98209071442476,0.0001518726348876953,0.002252817153930664,135.40805984531698,126.85611317453898
*** input parameters ***
  einsum_str: aefi,bfgj,cghk,dhel,ijkl->abcd
  dim_sizes:  40,40,20,20,6,6,6,6,4,4,4,4
  cont_path:  (2,3),(2,3),(0,2),(0,1)
  backend:    torch
  dtype:      FP32
*** benchmarking opt_einsum expression ***
  #flops :          305049600
  #bytes :          2630144
  arith. intensity: 115.98
  time (eval):      0.002338
  time (compile):   0.000153
  gflops (eval):    130.49
  gflops (total):   122.50
CSV_DATA: opt_einsum,torch,"aefi,bfgj,cghk,dhel,ijkl->abcd","40,40,20,20,6,6,6,6,4,4,4,4","(2,3),(2,3),(0,2),(0,1)",FP32,305049600,115.98209071442476,0.000152587890625,0.0023376941680908203,130.49166317984702,122.49600358816659
*** input parameters ***
  einsum_str: aefi,bfgj,cghk,dhel,ijkl->abcd
  dim_sizes:  40,40,20,20,6,6,6,6,4,4,4,4
  cont_path:  (2,3),(2,3),(0,2),(0,1)
  backend:    torch
  dtype:      FP32
*** benchmarking opt_einsum expression ***
  #flops :          305049600
  #bytes :          2630144
  arith. intensity: 115.98
  time (eval):      0.002279
  time (compile):   0.000149
  gflops (eval):    133.84
  gflops (total):   125.64
CSV_DATA: opt_einsum,torch,"aefi,bfgj,cghk,dhel,ijkl->abcd","40,40,20,20,6,6,6,6,4,4,4,4","(2,3),(2,3),(0,2),(0,1)",FP32,305049600,115.98209071442476,0.000148773193359375,0.0022792816162109375,133.83585329271966,125.63538466991359
*** input parameters ***
  einsum_str: aefi,bfgj,cghk,dhel,ijkl->abcd
  dim_sizes:  40,40,20,20,6,6,6,6,4,4,4,4
  cont_path:  (2,3),(2,3),(0,2),(0,1)
  backend:    torch
  dtype:      FP32
*** benchmarking opt_einsum expression ***
  #flops :          305049600
  #bytes :          2630144
  arith. intensity: 115.98
  time (eval):      0.002462
  time (compile):   0.000152
  gflops (eval):    123.88
  gflops (total):   116.69
CSV_DATA: opt_einsum,torch,"aefi,bfgj,cghk,dhel,ijkl->abcd","40,40,20,20,6,6,6,6,4,4,4,4","(2,3),(2,3),(0,2),(0,1)",FP32,305049600,115.98209071442476,0.0001518726348876953,0.0024623870849609375,123.88369069310613,116.68679958763339
*** input parameters ***
  einsum_str: aefi,bfgj,cghk,dhel,ijkl->abcd
  dim_sizes:  40,40,20,20,6,6,6,6,4,4,4,4
  cont_path:  (2,3),(2,3),(0,2),(0,1)
  backend:    torch
  dtype:      FP32
*** benchmarking opt_einsum expression ***
  #flops :          305049600
  #bytes :          2630144
  arith. intensity: 115.98
  time (eval):      0.002444
  time (compile):   0.000159
  gflops (eval):    124.80
  gflops (total):   117.20
CSV_DATA: opt_einsum,torch,"aefi,bfgj,cghk,dhel,ijkl->abcd","40,40,20,20,6,6,6,6,4,4,4,4","(2,3),(2,3),(0,2),(0,1)",FP32,305049600,115.98209071442476,0.00015854835510253906,0.0024442672729492188,124.80206374155289,117.19984954460017
*** input parameters ***
  einsum_str: aefi,bfgj,cghk,dhel,ijkl->abcd
  dim_sizes:  40,40,20,20,6,6,6,6,4,4,4,4
  cont_path:  (2,3),(2,3),(0,2),(0,1)
  backend:    torch
  dtype:      FP32
*** benchmarking opt_einsum expression ***
  #flops :          305049600
  #bytes :          2630144
  arith. intensity: 115.98
  time (eval):      0.002444
  time (compile):   0.000147
  gflops (eval):    124.80
  gflops (total):   117.72
CSV_DATA: opt_einsum,torch,"aefi,bfgj,cghk,dhel,ijkl->abcd","40,40,20,20,6,6,6,6,4,4,4,4","(2,3),(2,3),(0,2),(0,1)",FP32,305049600,115.98209071442476,0.00014710426330566406,0.0024442672729492188,124.80206374155289,117.71743099442452
*** input parameters ***
  einsum_str: aefi,bfgj,cghk,dhel,ijkl->abcd
  dim_sizes:  40,40,20,20,6,6,6,6,4,4,4,4
  cont_path:  (2,3),(2,3),(0,2),(0,1)
  backend:    torch
  dtype:      FP32
*** benchmarking opt_einsum expression ***
  #flops :          305049600
  #bytes :          2630144
  arith. intensity: 115.98
  time (eval):      0.002414
  time (compile):   0.000147
  gflops (eval):    126.36
  gflops (total):   119.12
CSV_DATA: opt_einsum,torch,"aefi,bfgj,cghk,dhel,ijkl->abcd","40,40,20,20,6,6,6,6,4,4,4,4","(2,3),(2,3),(0,2),(0,1)",FP32,305049600,115.98209071442476,0.00014662742614746094,0.002414226531982422,126.35500271364805,119.12026417264687
*** input parameters ***
  einsum_str: aefi,bfgj,cghk,dhel,ijkl->abcd
  dim_sizes:  40,40,20,20,6,6,6,6,4,4,4,4
  cont_path:  (2,3),(2,3),(0,2),(0,1)
  backend:    torch
  dtype:      FP32
*** benchmarking opt_einsum expression ***
  #flops :          305049600
  #bytes :          2630144
  arith. intensity: 115.98
  time (eval):      0.002354
  time (compile):   0.000151
  gflops (eval):    129.57
  gflops (total):   121.75
CSV_DATA: opt_einsum,torch,"aefi,bfgj,cghk,dhel,ijkl->abcd","40,40,20,20,6,6,6,6,4,4,4,4","(2,3),(2,3),(0,2),(0,1)",FP32,305049600,115.98209071442476,0.00015115737915039062,0.0023543834686279297,129.56665898515445,121.75000071161861
*** input parameters ***
  einsum_str: aefi,bfgj,cghk,dhel,ijkl->abcd
  dim_sizes:  40,40,20,20,6,6,6,6,4,4,4,4
  cont_path:  (2,3),(2,3),(0,2),(0,1)
  backend:    torch
  dtype:      FP32
*** benchmarking opt_einsum expression ***
  #flops :          305049600
  #bytes :          2630144
  arith. intensity: 115.98
  time (eval):      0.002393
  time (compile):   0.000150
  gflops (eval):    127.49
  gflops (total):   119.98
CSV_DATA: opt_einsum,torch,"aefi,bfgj,cghk,dhel,ijkl->abcd","40,40,20,20,6,6,6,6,4,4,4,4","(2,3),(2,3),(0,2),(0,1)",FP32,305049600,115.98209071442476,0.00014972686767578125,0.0023927688598632812,127.48811852116381,119.98037860825207
*** input parameters ***
  einsum_str: aefi,bfgj,cghk,dhel,ijkl->abcd
  dim_sizes:  40,40,20,20,6,6,6,6,4,4,4,4
  cont_path:  (2,3),(2,3),(0,2),(0,1)
  backend:    torch
  dtype:      FP32
*** benchmarking opt_einsum expression ***
  #flops :          305049600
  #bytes :          2630144
  arith. intensity: 115.98
  time (eval):      0.002277
  time (compile):   0.000150
  gflops (eval):    133.95
  gflops (total):   125.67
CSV_DATA: opt_einsum,torch,"aefi,bfgj,cghk,dhel,ijkl->abcd","40,40,20,20,6,6,6,6,4,4,4,4","(2,3),(2,3),(0,2),(0,1)",FP32,305049600,115.98209071442476,0.0001499652862548828,0.002277374267578125,133.94794362211056,125.6724052134761
*** input parameters ***
  einsum_str: aefi,bfgj,cghk,dhel,ijkl->abcd
  dim_sizes:  40,40,20,20,6,6,6,6,4,4,4,4
  cont_path:  (2,3),(2,3),(0,2),(0,1)
  backend:    torch
  dtype:      FP32
*** benchmarking opt_einsum expression ***
  #flops :          305049600
  #bytes :          2630144
  arith. intensity: 115.98
  time (eval):      0.002376
  time (compile):   0.000150
  gflops (eval):    128.37
  gflops (total):   120.75
CSV_DATA: opt_einsum,torch,"aefi,bfgj,cghk,dhel,ijkl->abcd","40,40,20,20,6,6,6,6,4,4,4,4","(2,3),(2,3),(0,2),(0,1)",FP32,305049600,115.98209071442476,0.0001499652862548828,0.0023763179779052734,128.37069905472057,120.75035461291054
*** input parameters ***
  einsum_str: aefi,bfgj,cghk,dhel,ijkl->abcd
  dim_sizes:  40,40,20,20,6,6,6,6,4,4,4,4
  cont_path:  (2,3),(2,3),(0,2),(0,1)
  backend:    torch
  dtype:      FP32
*** benchmarking opt_einsum expression ***
  #flops :          305049600
  #bytes :          2630144
  arith. intensity: 115.98
  time (eval):      0.002445
  time (compile):   0.000147
  gflops (eval):    124.78
  gflops (total):   117.68
CSV_DATA: opt_einsum,torch,"aefi,bfgj,cghk,dhel,ijkl->abcd","40,40,20,20,6,6,6,6,4,4,4,4","(2,3),(2,3),(0,2),(0,1)",FP32,305049600,115.98209071442476,0.00014734268188476562,0.002444744110107422,124.7777216187244,117.68494825960265
*** input parameters ***
  einsum_str: aefi,bfgj,cghk,dhel,ijkl->abcd
  dim_sizes:  40,40,20,20,6,6,6,6,4,4,4,4
  cont_path:  (2,3),(2,3),(0,2),(0,1)
  backend:    torch
  dtype:      FP32
*** benchmarking opt_einsum expression ***
  #flops :          305049600
  #bytes :          2630144
  arith. intensity: 115.98
  time (eval):      0.002410
  time (compile):   0.000149
  gflops (eval):    126.58
  gflops (total):   119.23
CSV_DATA: opt_einsum,torch,"aefi,bfgj,cghk,dhel,ijkl->abcd","40,40,20,20,6,6,6,6,4,4,4,4","(2,3),(2,3),(0,2),(0,1)",FP32,305049600,115.98209071442476,0.00014853477478027344,0.0024099349975585938,126.58001162231896,119.23126991691363
*** input parameters ***
  einsum_str: aefi,bfgj,cghk,dhel,ijkl->abcd
  dim_sizes:  40,40,20,20,6,6,6,6,4,4,4,4
  cont_path:  (2,3),(2,3),(0,2),(0,1)
  backend:    torch
  dtype:      FP32
*** benchmarking opt_einsum expression ***
  #flops :          305049600
  #bytes :          2630144
  arith. intensity: 115.98
  time (eval):      0.002371
  time (compile):   0.000151
  gflops (eval):    128.68
  gflops (total):   120.96
CSV_DATA: opt_einsum,torch,"aefi,bfgj,cghk,dhel,ijkl->abcd","40,40,20,20,6,6,6,6,4,4,4,4","(2,3),(2,3),(0,2),(0,1)",FP32,305049600,115.98209071442476,0.0001513957977294922,0.002370595932006836,128.68055491083175,120.95582884083949
*** input parameters ***
  einsum_str: aefi,bfgj,cghk,dhel,ijkl->abcd
  dim_sizes:  40,40,20,20,6,6,6,6,4,4,4,4
  cont_path:  (2,3),(2,3),(0,2),(0,1)
  backend:    torch
  dtype:      FP32
*** benchmarking opt_einsum expression ***
  #flops :          305049600
  #bytes :          2630144
  arith. intensity: 115.98
  time (eval):      0.002406
  time (compile):   0.000152
  gflops (eval):    126.81
  gflops (total):   119.25
CSV_DATA: opt_einsum,torch,"aefi,bfgj,cghk,dhel,ijkl->abcd","40,40,20,20,6,6,6,6,4,4,4,4","(2,3),(2,3),(0,2),(0,1)",FP32,305049600,115.98209071442476,0.00015234947204589844,0.0024056434631347656,126.80582333779981,119.25349589695219
*** input parameters ***
  einsum_str: aefi,bfgj,cghk,dhel,ijkl->abcd
  dim_sizes:  40,40,20,20,6,6,6,6,4,4,4,4
  cont_path:  (2,3),(2,3),(0,2),(0,1)
  backend:    torch
  dtype:      FP32
*** benchmarking opt_einsum expression ***
  #flops :          305049600
  #bytes :          2630144
  arith. intensity: 115.98
  time (eval):      0.002393
  time (compile):   0.000147
  gflops (eval):    127.49
  gflops (total):   120.09
CSV_DATA: opt_einsum,torch,"aefi,bfgj,cghk,dhel,ijkl->abcd","40,40,20,20,6,6,6,6,4,4,4,4","(2,3),(2,3),(0,2),(0,1)",FP32,305049600,115.98209071442476,0.00014734268188476562,0.0023927688598632812,127.48811852116381,120.0929939439084
*** input parameters ***
  einsum_str: aefi,bfgj,cghk,dhel,ijkl->abcd
  dim_sizes:  40,40,20,20,6,6,6,6,4,4,4,4
  cont_path:  (2,3),(2,3),(0,2),(0,1)
  backend:    torch
  dtype:      FP32
*** benchmarking opt_einsum expression ***
  #flops :          305049600
  #bytes :          2630144
  arith. intensity: 115.98
  time (eval):      0.002459
  time (compile):   0.000148
  gflops (eval):    124.04
  gflops (total):   117.01
CSV_DATA: opt_einsum,torch,"aefi,bfgj,cghk,dhel,ijkl->abcd","40,40,20,20,6,6,6,6,4,4,4,4","(2,3),(2,3),(0,2),(0,1)",FP32,305049600,115.98209071442476,0.00014781951904296875,0.002459287643432617,124.03982137454194,117.00692798156379
*** input parameters ***
  einsum_str: aefi,bfgj,cghk,dhel,ijkl->abcd
  dim_sizes:  40,40,20,20,6,6,6,6,4,4,4,4
  cont_path:  (2,3),(2,3),(0,2),(0,1)
  backend:    torch
  dtype:      FP32
*** benchmarking opt_einsum expression ***
  #flops :          305049600
  #bytes :          2630144
  arith. intensity: 115.98
  time (eval):      0.002248
  time (compile):   0.000154
  gflops (eval):    135.71
  gflops (total):   127.03
CSV_DATA: opt_einsum,torch,"aefi,bfgj,cghk,dhel,ijkl->abcd","40,40,20,20,6,6,6,6,4,4,4,4","(2,3),(2,3),(0,2),(0,1)",FP32,305049600,115.98209071442476,0.00015354156494140625,0.0022478103637695312,135.70966880339415,127.03244216425735
*** input parameters ***
  einsum_str: aefi,bfgj,cghk,dhel,ijkl->abcd
  dim_sizes:  40,40,20,20,6,6,6,6,4,4,4,4
  cont_path:  (2,3),(2,3),(0,2),(0,1)
  backend:    torch
  dtype:      FP32
*** benchmarking opt_einsum expression ***
  #flops :          305049600
  #bytes :          2630144
  arith. intensity: 115.98
  time (eval):      0.002415
  time (compile):   0.000150
  gflops (eval):    126.29
  gflops (total):   118.90
CSV_DATA: opt_einsum,torch,"aefi,bfgj,cghk,dhel,ijkl->abcd","40,40,20,20,6,6,6,6,4,4,4,4","(2,3),(2,3),(0,2),(0,1)",FP32,305049600,115.98209071442476,0.00015020370483398438,0.0024154186248779297,126.29264213586023,118.8988716177307
*** input parameters ***
  einsum_str: aefi,bfgj,cghk,dhel,ijkl->abcd
  dim_sizes:  40,40,20,20,6,6,6,6,4,4,4,4
  cont_path:  (2,3),(2,3),(0,2),(0,1)
  backend:    torch
  dtype:      FP32
*** benchmarking opt_einsum expression ***
  #flops :          305049600
  #bytes :          2630144
  arith. intensity: 115.98
  time (eval):      0.002476
  time (compile):   0.000151
  gflops (eval):    123.23
  gflops (total):   116.15
CSV_DATA: opt_einsum,torch,"aefi,bfgj,cghk,dhel,ijkl->abcd","40,40,20,20,6,6,6,6,4,4,4,4","(2,3),(2,3),(0,2),(0,1)",FP32,305049600,115.98209071442476,0.00015091896057128906,0.0024755001068115234,123.22746388119042,116.14658292287584
*** input parameters ***
  einsum_str: aefi,bfgj,cghk,dhel,ijkl->abcd
  dim_sizes:  40,40,20,20,6,6,6,6,4,4,4,4
  cont_path:  (2,3),(2,3),(0,2),(0,1)
  backend:    torch
  dtype:      FP32
*** benchmarking opt_einsum expression ***
  #flops :          305049600
  #bytes :          2630144
  arith. intensity: 115.98
  time (eval):      0.002406
  time (compile):   0.000147
  gflops (eval):    126.77
  gflops (total):   119.45
CSV_DATA: opt_einsum,torch,"aefi,bfgj,cghk,dhel,ijkl->abcd","40,40,20,20,6,6,6,6,4,4,4,4","(2,3),(2,3),(0,2),(0,1)",FP32,305049600,115.98209071442476,0.00014734268188476562,0.0024063587188720703,126.76813211913208,119.45390322830735
*** input parameters ***
  einsum_str: aefi,bfgj,cghk,dhel,ijkl->abcd
  dim_sizes:  40,40,20,20,6,6,6,6,4,4,4,4
  cont_path:  (2,3),(2,3),(0,2),(0,1)
  backend:    torch
  dtype:      FP32
*** benchmarking opt_einsum expression ***
  #flops :          305049600
  #bytes :          2630144
  arith. intensity: 115.98
  time (eval):      0.002460
  time (compile):   0.000154
  gflops (eval):    124.00
  gflops (total):   116.69
CSV_DATA: opt_einsum,torch,"aefi,bfgj,cghk,dhel,ijkl->abcd","40,40,20,20,6,6,6,6,4,4,4,4","(2,3),(2,3),(0,2),(0,1)",FP32,305049600,115.98209071442476,0.00015425682067871094,0.002460002899169922,124.00375629757707,116.68679958763339
*** input parameters ***
  einsum_str: aefi,bfgj,cghk,dhel,ijkl->abcd
  dim_sizes:  40,40,20,20,6,6,6,6,4,4,4,4
  cont_path:  (2,3),(2,3),(0,2),(0,1)
  backend:    torch
  dtype:      FP32
*** benchmarking opt_einsum expression ***
  #flops :          305049600
  #bytes :          2630144
  arith. intensity: 115.98
  time (eval):      0.002379
  time (compile):   0.000159
  gflops (eval):    128.24
  gflops (total):   120.21
CSV_DATA: opt_einsum,torch,"aefi,bfgj,cghk,dhel,ijkl->abcd","40,40,20,20,6,6,6,6,4,4,4,4","(2,3),(2,3),(0,2),(0,1)",FP32,305049600,115.98209071442476,0.0001590251922607422,0.002378702163696289,128.24203242241154,120.20582088297633
*** input parameters ***
  einsum_str: aefi,bfgj,cghk,dhel,ijkl->abcd
  dim_sizes:  40,40,20,20,6,6,6,6,4,4,4,4
  cont_path:  (2,3),(2,3),(0,2),(0,1)
  backend:    torch
  dtype:      FP32
*** benchmarking opt_einsum expression ***
  #flops :          305049600
  #bytes :          2630144
  arith. intensity: 115.98
  time (eval):      0.002307
  time (compile):   0.000151
  gflops (eval):    132.23
  gflops (total):   124.12
CSV_DATA: opt_einsum,torch,"aefi,bfgj,cghk,dhel,ijkl->abcd","40,40,20,20,6,6,6,6,4,4,4,4","(2,3),(2,3),(0,2),(0,1)",FP32,305049600,115.98209071442476,0.0001506805419921875,0.0023069381713867188,132.23137220735842,124.12405485820722
*** input parameters ***
  einsum_str: aefi,bfgj,cghk,dhel,ijkl->abcd
  dim_sizes:  40,40,20,20,6,6,6,6,4,4,4,4
  cont_path:  (2,3),(2,3),(0,2),(0,1)
  backend:    torch
  dtype:      FP32
*** benchmarking opt_einsum expression ***
  #flops :          305049600
  #bytes :          2630144
  arith. intensity: 115.98
  time (eval):      0.002334
  time (compile):   0.000151
  gflops (eval):    130.72
  gflops (total):   122.75
CSV_DATA: opt_einsum,torch,"aefi,bfgj,cghk,dhel,ijkl->abcd","40,40,20,20,6,6,6,6,4,4,4,4","(2,3),(2,3),(0,2),(0,1)",FP32,305049600,115.98209071442476,0.0001513957977294922,0.0023336410522460938,130.71830378814877,122.75455794669482
*** input parameters ***
  einsum_str: aefi,bfgj,cghk,dhel,ijkl->abcd
  dim_sizes:  40,40,20,20,6,6,6,6,4,4,4,4
  cont_path:  (2,3),(2,3),(0,2),(0,1)
  backend:    torch
  dtype:      FP32
*** benchmarking opt_einsum expression ***
  #flops :          305049600
  #bytes :          2630144
  arith. intensity: 115.98
  time (eval):      0.002376
  time (compile):   0.000158
  gflops (eval):    128.37
  gflops (total):   120.39
CSV_DATA: opt_einsum,torch,"aefi,bfgj,cghk,dhel,ijkl->abcd","40,40,20,20,6,6,6,6,4,4,4,4","(2,3),(2,3),(0,2),(0,1)",FP32,305049600,115.98209071442476,0.0001575946807861328,0.0023763179779052734,128.37069905472057,120.3867856114415
*** input parameters ***
  einsum_str: aefi,bfgj,cghk,dhel,ijkl->abcd
  dim_sizes:  40,40,20,20,6,6,6,6,4,4,4,4
  cont_path:  (2,3),(2,3),(0,2),(0,1)
  backend:    torch
  dtype:      FP32
*** benchmarking opt_einsum expression ***
  #flops :          305049600
  #bytes :          2630144
  arith. intensity: 115.98
  time (eval):      0.002266
  time (compile):   0.000155
  gflops (eval):    134.64
  gflops (total):   126.01
CSV_DATA: opt_einsum,torch,"aefi,bfgj,cghk,dhel,ijkl->abcd","40,40,20,20,6,6,6,6,4,4,4,4","(2,3),(2,3),(0,2),(0,1)",FP32,305049600,115.98209071442476,0.0001552104949951172,0.0022656917572021484,134.63861490880774,126.00657450053183
*** input parameters ***
  einsum_str: aefi,bfgj,cghk,dhel,ijkl->abcd
  dim_sizes:  40,40,20,20,6,6,6,6,4,4,4,4
  cont_path:  (2,3),(2,3),(0,2),(0,1)
  backend:    torch
  dtype:      FP32
*** benchmarking opt_einsum expression ***
  #flops :          305049600
  #bytes :          2630144
  arith. intensity: 115.98
  time (eval):      0.002418
  time (compile):   0.000151
  gflops (eval):    126.17
  gflops (total):   118.74
CSV_DATA: opt_einsum,torch,"aefi,bfgj,cghk,dhel,ijkl->abcd","40,40,20,20,6,6,6,6,4,4,4,4","(2,3),(2,3),(0,2),(0,1)",FP32,305049600,115.98209071442476,0.00015115737915039062,0.0024178028106689453,126.16810546084214,118.74438584486312
*** input parameters ***
  einsum_str: aefi,bfgj,cghk,dhel,ijkl->abcd
  dim_sizes:  40,40,20,20,6,6,6,6,4,4,4,4
  cont_path:  (2,3),(2,3),(0,2),(0,1)
  backend:    torch
  dtype:      FP32
*** benchmarking opt_einsum expression ***
  #flops :          305049600
  #bytes :          2630144
  arith. intensity: 115.98
  time (eval):      0.002391
  time (compile):   0.000149
  gflops (eval):    127.60
  gflops (total):   120.10
CSV_DATA: opt_einsum,torch,"aefi,bfgj,cghk,dhel,ijkl->abcd","40,40,20,20,6,6,6,6,4,4,4,4","(2,3),(2,3),(0,2),(0,1)",FP32,305049600,115.98209071442476,0.00014925003051757812,0.002390623092651367,127.60254886590208,120.10426710582935
*** input parameters ***
  einsum_str: aefi,bfgj,cghk,dhel,ijkl->abcd
  dim_sizes:  40,40,20,20,6,6,6,6,4,4,4,4
  cont_path:  (2,3),(2,3),(0,2),(0,1)
  backend:    torch
  dtype:      FP32
*** benchmarking opt_einsum expression ***
  #flops :          305049600
  #bytes :          2630144
  arith. intensity: 115.98
  time (eval):      0.002446
  time (compile):   0.000153
  gflops (eval):    124.73
  gflops (total):   117.40
CSV_DATA: opt_einsum,torch,"aefi,bfgj,cghk,dhel,ijkl->abcd","40,40,20,20,6,6,6,6,4,4,4,4","(2,3),(2,3),(0,2),(0,1)",FP32,305049600,115.98209071442476,0.000152587890625,0.002445697784423828,124.72906584893741,117.40418035221141
*** input parameters ***
  einsum_str: aefi,bfgj,cghk,dhel,ijkl->abcd
  dim_sizes:  40,40,20,20,6,6,6,6,4,4,4,4
  cont_path:  (2,3),(2,3),(0,2),(0,1)
  backend:    torch
  dtype:      FP32
*** benchmarking opt_einsum expression ***
  #flops :          305049600
  #bytes :          2630144
  arith. intensity: 115.98
  time (eval):      0.002432
  time (compile):   0.000151
  gflops (eval):    125.43
  gflops (total):   118.09
CSV_DATA: opt_einsum,torch,"aefi,bfgj,cghk,dhel,ijkl->abcd","40,40,20,20,6,6,6,6,4,4,4,4","(2,3),(2,3),(0,2),(0,1)",FP32,305049600,115.98209071442476,0.00015115737915039062,0.002432107925415039,125.42601288877562,118.08682579403785
*** input parameters ***
  einsum_str: aefi,bfgj,cghk,dhel,ijkl->abcd
  dim_sizes:  40,40,20,20,6,6,6,6,4,4,4,4
  cont_path:  (2,3),(2,3),(0,2),(0,1)
  backend:    torch
  dtype:      FP32
*** benchmarking opt_einsum expression ***
  #flops :          305049600
  #bytes :          2630144
  arith. intensity: 115.98
  time (eval):      0.002256
  time (compile):   0.000153
  gflops (eval):    135.24
  gflops (total):   126.63
CSV_DATA: opt_einsum,torch,"aefi,bfgj,cghk,dhel,ijkl->abcd","40,40,20,20,6,6,6,6,4,4,4,4","(2,3),(2,3),(0,2),(0,1)",FP32,305049600,115.98209071442476,0.0001533031463623047,0.002255678176879883,135.23631301959625,126.63012247410927
*** input parameters ***
  einsum_str: aefi,bfgj,cghk,dhel,ijkl->abcd
  dim_sizes:  40,40,20,20,6,6,6,6,4,4,4,4
  cont_path:  (2,3),(2,3),(0,2),(0,1)
  backend:    torch
  dtype:      FP32
*** benchmarking opt_einsum expression ***
  #flops :          305049600
  #bytes :          2630144
  arith. intensity: 115.98
  time (eval):      0.002458
  time (compile):   0.000150
  gflops (eval):    124.11
  gflops (total):   116.95
CSV_DATA: opt_einsum,torch,"aefi,bfgj,cghk,dhel,ijkl->abcd","40,40,20,20,6,6,6,6,4,4,4,4","(2,3),(2,3),(0,2),(0,1)",FP32,305049600,115.98209071442476,0.00015044212341308594,0.002457857131958008,124.1120144997963,116.95345132343694
*** input parameters ***
  einsum_str: aefi,bfgj,cghk,dhel,ijkl->abcd
  dim_sizes:  40,40,20,20,6,6,6,6,4,4,4,4
  cont_path:  (2,3),(2,3),(0,2),(0,1)
  backend:    torch
  dtype:      FP32
*** benchmarking opt_einsum expression ***
  #flops :          305049600
  #bytes :          2630144
  arith. intensity: 115.98
  time (eval):      0.002424
  time (compile):   0.000155
  gflops (eval):    125.87
  gflops (total):   118.31
CSV_DATA: opt_einsum,torch,"aefi,bfgj,cghk,dhel,ijkl->abcd","40,40,20,20,6,6,6,6,4,4,4,4","(2,3),(2,3),(0,2),(0,1)",FP32,305049600,115.98209071442476,0.00015497207641601562,0.002423524856567383,125.87021716462371,118.3052018010541
*** input parameters ***
  einsum_str: aefi,bfgj,cghk,dhel,ijkl->abcd
  dim_sizes:  40,40,20,20,6,6,6,6,4,4,4,4
  cont_path:  (2,3),(2,3),(0,2),(0,1)
  backend:    torch
  dtype:      FP32
*** benchmarking opt_einsum expression ***
  #flops :          305049600
  #bytes :          2630144
  arith. intensity: 115.98
  time (eval):      0.002405
  time (compile):   0.000152
  gflops (eval):    126.84
  gflops (total):   119.32
CSV_DATA: opt_einsum,torch,"aefi,bfgj,cghk,dhel,ijkl->abcd","40,40,20,20,6,6,6,6,4,4,4,4","(2,3),(2,3),(0,2),(0,1)",FP32,305049600,115.98209071442476,0.00015163421630859375,0.002404928207397461,126.84353697614753,119.32022358280332
*** input parameters ***
  einsum_str: aefi,bfgj,cghk,dhel,ijkl->abcd
  dim_sizes:  40,40,20,20,6,6,6,6,4,4,4,4
  cont_path:  (2,3),(2,3),(0,2),(0,1)
  backend:    torch
  dtype:      FP32
*** benchmarking opt_einsum expression ***
  #flops :          305049600
  #bytes :          2630144
  arith. intensity: 115.98
  time (eval):      0.002315
  time (compile):   0.000151
  gflops (eval):    131.77
  gflops (total):   123.72
CSV_DATA: opt_einsum,torch,"aefi,bfgj,cghk,dhel,ijkl->abcd","40,40,20,20,6,6,6,6,4,4,4,4","(2,3),(2,3),(0,2),(0,1)",FP32,305049600,115.98209071442476,0.0001506805419921875,0.002315044403076172,131.76835813371784,123.71598892655193
*** input parameters ***
  einsum_str: aefi,bfgj,cghk,dhel,ijkl->abcd
  dim_sizes:  40,40,20,20,6,6,6,6,4,4,4,4
  cont_path:  (2,3),(2,3),(0,2),(0,1)
  backend:    torch
  dtype:      FP32
*** benchmarking opt_einsum expression ***
  #flops :          305049600
  #bytes :          2630144
  arith. intensity: 115.98
  time (eval):      0.002365
  time (compile):   0.000145
  gflops (eval):    128.99
  gflops (total):   121.52
CSV_DATA: opt_einsum,torch,"aefi,bfgj,cghk,dhel,ijkl->abcd","40,40,20,20,6,6,6,6,4,4,4,4","(2,3),(2,3),(0,2),(0,1)",FP32,305049600,115.98209071442476,0.00014543533325195312,0.0023648738861083984,128.9919102206271,121.51873468310382
*** input parameters ***
  einsum_str: aefi,bfgj,cghk,dhel,ijkl->abcd
  dim_sizes:  40,40,20,20,6,6,6,6,4,4,4,4
  cont_path:  (2,3),(2,3),(0,2),(0,1)
  backend:    torch
  dtype:      FP32
*** benchmarking opt_einsum expression ***
  #flops :          305049600
  #bytes :          2630144
  arith. intensity: 115.98
  time (eval):      0.002387
  time (compile):   0.000152
  gflops (eval):    127.78
  gflops (total):   120.13
CSV_DATA: opt_einsum,torch,"aefi,bfgj,cghk,dhel,ijkl->abcd","40,40,20,20,6,6,6,6,4,4,4,4","(2,3),(2,3),(0,2),(0,1)",FP32,305049600,115.98209071442476,0.00015211105346679688,0.0023872852325439453,127.78096049919107,120.1268197801521
*** input parameters ***
  einsum_str: aefi,bfgj,cghk,dhel,ijkl->abcd
  dim_sizes:  40,40,20,20,6,6,6,6,4,4,4,4
  cont_path:  (2,3),(2,3),(0,2),(0,1)
  backend:    torch
  dtype:      FP32
*** benchmarking opt_einsum expression ***
  #flops :          305049600
  #bytes :          2630144
  arith. intensity: 115.98
  time (eval):      0.002354
  time (compile):   0.000153
  gflops (eval):    129.58
  gflops (total):   121.67
CSV_DATA: opt_einsum,torch,"aefi,bfgj,cghk,dhel,ijkl->abcd","40,40,20,20,6,6,6,6,4,4,4,4","(2,3),(2,3),(0,2),(0,1)",FP32,305049600,115.98209071442476,0.00015306472778320312,0.002354145050048828,129.5797809882925,121.66895753883607
*** input parameters ***
  einsum_str: aefi,bfgj,cghk,dhel,ijkl->abcd
  dim_sizes:  40,40,20,20,6,6,6,6,4,4,4,4
  cont_path:  (2,3),(2,3),(0,2),(0,1)
  backend:    torch
  dtype:      FP32
*** benchmarking opt_einsum expression ***
  #flops :          305049600
  #bytes :          2630144
  arith. intensity: 115.98
  time (eval):      0.002356
  time (compile):   0.000150
  gflops (eval):    129.50
  gflops (total):   121.76
CSV_DATA: opt_einsum,torch,"aefi,bfgj,cghk,dhel,ijkl->abcd","40,40,20,20,6,6,6,6,4,4,4,4","(2,3),(2,3),(0,2),(0,1)",FP32,305049600,115.98209071442476,0.00014972686767578125,0.0023555755615234375,129.50108881360325,121.76158712204035
*** input parameters ***
  einsum_str: aefi,bfgj,cghk,dhel,ijkl->abcd
  dim_sizes:  40,40,20,20,6,6,6,6,4,4,4,4
  cont_path:  (2,3),(2,3),(0,2),(0,1)
  backend:    torch
  dtype:      FP32
*** benchmarking opt_einsum expression ***
  #flops :          305049600
  #bytes :          2630144
  arith. intensity: 115.98
  time (eval):      0.002398
  time (compile):   0.000154
  gflops (eval):    127.18
  gflops (total):   119.50
CSV_DATA: opt_einsum,torch,"aefi,bfgj,cghk,dhel,ijkl->abcd","40,40,20,20,6,6,6,6,4,4,4,4","(2,3),(2,3),(0,2),(0,1)",FP32,305049600,115.98209071442476,0.00015425682067871094,0.0023984909057617188,127.18397191634196,119.49852969817877
*** input parameters ***
  einsum_str: aefi,bfgj,cghk,dhel,ijkl->abcd
  dim_sizes:  40,40,20,20,6,6,6,6,4,4,4,4
  cont_path:  (2,3),(2,3),(0,2),(0,1)
  backend:    torch
  dtype:      FP32
*** benchmarking opt_einsum expression ***
  #flops :          305049600
  #bytes :          2630144
  arith. intensity: 115.98
  time (eval):      0.002225
  time (compile):   0.000149
  gflops (eval):    137.09
  gflops (total):   128.46
CSV_DATA: opt_einsum,torch,"aefi,bfgj,cghk,dhel,ijkl->abcd","40,40,20,20,6,6,6,6,4,4,4,4","(2,3),(2,3),(0,2),(0,1)",FP32,305049600,115.98209071442476,0.0001494884490966797,0.002225160598754883,137.09104869585343,128.4609194255422
*** input parameters ***
  einsum_str: aefi,bfgj,cghk,dhel,ijkl->abcd
  dim_sizes:  40,40,20,20,6,6,6,6,4,4,4,4
  cont_path:  (2,3),(2,3),(0,2),(0,1)
  backend:    torch
  dtype:      FP32
*** benchmarking opt_einsum expression ***
  #flops :          305049600
  #bytes :          2630144
  arith. intensity: 115.98
  time (eval):      0.002342
  time (compile):   0.000146
  gflops (eval):    130.24
  gflops (total):   122.58
CSV_DATA: opt_einsum,torch,"aefi,bfgj,cghk,dhel,ijkl->abcd","40,40,20,20,6,6,6,6,4,4,4,4","(2,3),(2,3),(0,2),(0,1)",FP32,305049600,115.98209071442476,0.00014638900756835938,0.00234222412109375,130.23928720260588,122.57815266127612
*** input parameters ***
  einsum_str: aefi,bfgj,cghk,dhel,ijkl->abcd
  dim_sizes:  40,40,20,20,6,6,6,6,4,4,4,4
  cont_path:  (2,3),(2,3),(0,2),(0,1)
  backend:    torch
  dtype:      FP32
*** benchmarking opt_einsum expression ***
  #flops :          305049600
  #bytes :          2630144
  arith. intensity: 115.98
  time (eval):      0.002352
  time (compile):   0.000152
  gflops (eval):    129.67
  gflops (total):   121.81
CSV_DATA: opt_einsum,torch,"aefi,bfgj,cghk,dhel,ijkl->abcd","40,40,20,20,6,6,6,6,4,4,4,4","(2,3),(2,3),(0,2),(0,1)",FP32,305049600,115.98209071442476,0.0001518726348876953,0.002352476119995117,129.6717094839769,121.80795482467633
*** input parameters ***
  einsum_str: aefi,bfgj,cghk,dhel,ijkl->abcd
  dim_sizes:  40,40,20,20,6,6,6,6,4,4,4,4
  cont_path:  (2,3),(2,3),(0,2),(0,1)
  backend:    torch
  dtype:      FP32
*** benchmarking opt_einsum expression ***
  #flops :          305049600
  #bytes :          2630144
  arith. intensity: 115.98
  time (eval):      0.002419
  time (compile):   0.000150
  gflops (eval):    126.11
  gflops (total):   118.74
CSV_DATA: opt_einsum,torch,"aefi,bfgj,cghk,dhel,ijkl->abcd","40,40,20,20,6,6,6,6,4,4,4,4","(2,3),(2,3),(0,2),(0,1)",FP32,305049600,115.98209071442476,0.0001499652862548828,0.002418994903564453,126.10592918178592,118.74438584486312
*** input parameters ***
  einsum_str: aefi,bfgj,cghk,dhel,ijkl->abcd
  dim_sizes:  40,40,20,20,6,6,6,6,4,4,4,4
  cont_path:  (2,3),(2,3),(0,2),(0,1)
  backend:    torch
  dtype:      FP32
*** benchmarking opt_einsum expression ***
  #flops :          305049600
  #bytes :          2630144
  arith. intensity: 115.98
  time (eval):      0.002450
  time (compile):   0.000148
  gflops (eval):    124.49
  gflops (total):   117.39
CSV_DATA: opt_einsum,torch,"aefi,bfgj,cghk,dhel,ijkl->abcd","40,40,20,20,6,6,6,6,4,4,4,4","(2,3),(2,3),(0,2),(0,1)",FP32,305049600,115.98209071442476,0.0001480579376220703,0.0024504661560058594,124.48635507670754,117.39340833823287
*** input parameters ***
  einsum_str: aefi,bfgj,cghk,dhel,ijkl->abcd
  dim_sizes:  40,40,20,20,6,6,6,6,4,4,4,4
  cont_path:  (2,3),(2,3),(0,2),(0,1)
  backend:    torch
  dtype:      FP32
*** benchmarking opt_einsum expression ***
  #flops :          305049600
  #bytes :          2630144
  arith. intensity: 115.98
  time (eval):      0.002385
  time (compile):   0.000155
  gflops (eval):    127.88
  gflops (total):   120.06
CSV_DATA: opt_einsum,torch,"aefi,bfgj,cghk,dhel,ijkl->abcd","40,40,20,20,6,6,6,6,4,4,4,4","(2,3),(2,3),(0,2),(0,1)",FP32,305049600,115.98209071442476,0.00015544891357421875,0.002385377883911133,127.88313418074962,120.05918715195648
*** input parameters ***
  einsum_str: aefi,bfgj,cghk,dhel,ijkl->abcd
  dim_sizes:  40,40,20,20,6,6,6,6,4,4,4,4
  cont_path:  (2,3),(2,3),(0,2),(0,1)
  backend:    torch
  dtype:      FP32
*** benchmarking opt_einsum expression ***
  #flops :          305049600
  #bytes :          2630144
  arith. intensity: 115.98
  time (eval):      0.002304
  time (compile):   0.000154
  gflops (eval):    132.38
  gflops (total):   124.06
CSV_DATA: opt_einsum,torch,"aefi,bfgj,cghk,dhel,ijkl->abcd","40,40,20,20,6,6,6,6,4,4,4,4","(2,3),(2,3),(0,2),(0,1)",FP32,305049600,115.98209071442476,0.0001544952392578125,0.0023043155670166016,132.381868337134,124.06387641601863
*** input parameters ***
  einsum_str: aefi,bfgj,cghk,dhel,ijkl->abcd
  dim_sizes:  40,40,20,20,6,6,6,6,4,4,4,4
  cont_path:  (2,3),(2,3),(0,2),(0,1)
  backend:    torch
  dtype:      FP32
*** benchmarking opt_einsum expression ***
  #flops :          305049600
  #bytes :          2630144
  arith. intensity: 115.98
  time (eval):      0.002402
  time (compile):   0.000152
  gflops (eval):    126.99
  gflops (total):   119.45
CSV_DATA: opt_einsum,torch,"aefi,bfgj,cghk,dhel,ijkl->abcd","40,40,20,20,6,6,6,6,4,4,4,4","(2,3),(2,3),(0,2),(0,1)",FP32,305049600,115.98209071442476,0.00015163421630859375,0.002402067184448242,126.99461612688835,119.45390322830735
*** input parameters ***
  einsum_str: aefi,bfgj,cghk,dhel,ijkl->abcd
  dim_sizes:  40,40,20,20,6,6,6,6,4,4,4,4
  cont_path:  (2,3),(2,3),(0,2),(0,1)
  backend:    torch
  dtype:      FP32
*** benchmarking opt_einsum expression ***
  #flops :          305049600
  #bytes :          2630144
  arith. intensity: 115.98
  time (eval):      0.002367
  time (compile):   0.000153
  gflops (eval):    128.90
  gflops (total):   121.07
CSV_DATA: opt_einsum,torch,"aefi,bfgj,cghk,dhel,ijkl->abcd","40,40,20,20,6,6,6,6,4,4,4,4","(2,3),(2,3),(0,2),(0,1)",FP32,305049600,115.98209071442476,0.00015306472778320312,0.0023665428161621094,128.9009427239976,121.07028363724451
*** input parameters ***
  einsum_str: aefi,bfgj,cghk,dhel,ijkl->abcd
  dim_sizes:  40,40,20,20,6,6,6,6,4,4,4,4
  cont_path:  (2,3),(2,3),(0,2),(0,1)
  backend:    torch
  dtype:      FP32
*** benchmarking opt_einsum expression ***
  #flops :          305049600
  #bytes :          2630144
  arith. intensity: 115.98
  time (eval):      0.002413
  time (compile):   0.000151
  gflops (eval):    126.40
  gflops (total):   118.97
CSV_DATA: opt_einsum,torch,"aefi,bfgj,cghk,dhel,ijkl->abcd","40,40,20,20,6,6,6,6,4,4,4,4","(2,3),(2,3),(0,2),(0,1)",FP32,305049600,115.98209071442476,0.00015091896057128906,0.0024132728576660156,126.40493553432128,118.96520292686193
*** input parameters ***
  einsum_str: aefi,bfgj,cghk,dhel,ijkl->abcd
  dim_sizes:  40,40,20,20,6,6,6,6,4,4,4,4
  cont_path:  (2,3),(2,3),(0,2),(0,1)
  backend:    torch
  dtype:      FP32
*** benchmarking opt_einsum expression ***
  #flops :          305049600
  #bytes :          2630144
  arith. intensity: 115.98
  time (eval):      0.002374
  time (compile):   0.000154
  gflops (eval):    128.47
  gflops (total):   120.67
CSV_DATA: opt_einsum,torch,"aefi,bfgj,cghk,dhel,ijkl->abcd","40,40,20,20,6,6,6,6,4,4,4,4","(2,3),(2,3),(0,2),(0,1)",FP32,305049600,115.98209071442476,0.00015354156494140625,0.002374410629272461,128.4738184032935,120.67063637446006
*** input parameters ***
  einsum_str: aefi,bfgj,cghk,dhel,ijkl->abcd
  dim_sizes:  40,40,20,20,6,6,6,6,4,4,4,4
  cont_path:  (2,3),(2,3),(0,2),(0,1)
  backend:    torch
  dtype:      FP32
*** benchmarking opt_einsum expression ***
  #flops :          305049600
  #bytes :          2630144
  arith. intensity: 115.98
  time (eval):      0.002305
  time (compile):   0.000151
  gflops (eval):    132.34
  gflops (total):   124.18
CSV_DATA: opt_einsum,torch,"aefi,bfgj,cghk,dhel,ijkl->abcd","40,40,20,20,6,6,6,6,4,4,4,4","(2,3),(2,3),(0,2),(0,1)",FP32,305049600,115.98209071442476,0.0001513957977294922,0.0023050308227539062,132.34078997501035,124.18429170905563
*** input parameters ***
  einsum_str: aefi,bfgj,cghk,dhel,ijkl->abcd
  dim_sizes:  40,40,20,20,6,6,6,6,4,4,4,4
  cont_path:  (2,3),(2,3),(0,2),(0,1)
  backend:    torch
  dtype:      FP32
*** benchmarking opt_einsum expression ***
  #flops :          305049600
  #bytes :          2630144
  arith. intensity: 115.98
  time (eval):      0.002462
  time (compile):   0.000152
  gflops (eval):    123.91
  gflops (total):   116.70
CSV_DATA: opt_einsum,torch,"aefi,bfgj,cghk,dhel,ijkl->abcd","40,40,20,20,6,6,6,6,4,4,4,4","(2,3),(2,3),(0,2),(0,1)",FP32,305049600,115.98209071442476,0.00015211105346679688,0.0024619102478027344,123.9076852099942,116.69744230923021
*** input parameters ***
  einsum_str: aefi,bfgj,cghk,dhel,ijkl->abcd
  dim_sizes:  40,40,20,20,6,6,6,6,4,4,4,4
  cont_path:  (2,3),(2,3),(0,2),(0,1)
  backend:    torch
  dtype:      FP32
*** benchmarking opt_einsum expression ***
  #flops :          305049600
  #bytes :          2630144
  arith. intensity: 115.98
  time (eval):      0.002368
  time (compile):   0.000151
  gflops (eval):    128.80
  gflops (total):   121.08
CSV_DATA: opt_einsum,torch,"aefi,bfgj,cghk,dhel,ijkl->abcd","40,40,20,20,6,6,6,6,4,4,4,4","(2,3),(2,3),(0,2),(0,1)",FP32,305049600,115.98209071442476,0.00015091896057128906,0.002368450164794922,128.797136851057,121.08174103136179
*** input parameters ***
  einsum_str: aefi,bfgj,cghk,dhel,ijkl->abcd
  dim_sizes:  40,40,20,20,6,6,6,6,4,4,4,4
  cont_path:  (2,3),(2,3),(0,2),(0,1)
  backend:    torch
  dtype:      FP32
*** benchmarking opt_einsum expression ***
  #flops :          305049600
  #bytes :          2630144
  arith. intensity: 115.98
  time (eval):      0.002347
  time (compile):   0.000151
  gflops (eval):    129.95
  gflops (total):   122.09
CSV_DATA: opt_einsum,torch,"aefi,bfgj,cghk,dhel,ijkl->abcd","40,40,20,20,6,6,6,6,4,4,4,4","(2,3),(2,3),(0,2),(0,1)",FP32,305049600,115.98209071442476,0.00015115737915039062,0.0023474693298339844,129.94827924826328,122.086904339542
*** input parameters ***
  einsum_str: aefi,bfgj,cghk,dhel,ijkl->abcd
  dim_sizes:  40,40,20,20,6,6,6,6,4,4,4,4
  cont_path:  (2,3),(2,3),(0,2),(0,1)
  backend:    torch
  dtype:      FP32
*** benchmarking opt_einsum expression ***
  #flops :          305049600
  #bytes :          2630144
  arith. intensity: 115.98
  time (eval):      0.002537
  time (compile):   0.000145
  gflops (eval):    120.26
  gflops (total):   113.75
CSV_DATA: opt_einsum,torch,"aefi,bfgj,cghk,dhel,ijkl->abcd","40,40,20,20,6,6,6,6,4,4,4,4","(2,3),(2,3),(0,2),(0,1)",FP32,305049600,115.98209071442476,0.00014519691467285156,0.0025365352630615234,120.26231389025284,113.75095639032718
*** input parameters ***
  einsum_str: aefi,bfgj,cghk,dhel,ijkl->abcd
  dim_sizes:  40,40,20,20,6,6,6,6,4,4,4,4
  cont_path:  (2,3),(2,3),(0,2),(0,1)
  backend:    torch
  dtype:      FP32
*** benchmarking opt_einsum expression ***
  #flops :          305049600
  #bytes :          2630144
  arith. intensity: 115.98
  time (eval):      0.002349
  time (compile):   0.000148
  gflops (eval):    129.87
  gflops (total):   122.19
CSV_DATA: opt_einsum,torch,"aefi,bfgj,cghk,dhel,ijkl->abcd","40,40,20,20,6,6,6,6,4,4,4,4","(2,3),(2,3),(0,2),(0,1)",FP32,305049600,115.98209071442476,0.0001475811004638672,0.0023488998413085938,129.86913900511573,122.19184008006876
*** input parameters ***
  einsum_str: aefi,bfgj,cghk,dhel,ijkl->abcd
  dim_sizes:  40,40,20,20,6,6,6,6,4,4,4,4
  cont_path:  (2,3),(2,3),(0,2),(0,1)
  backend:    torch
  dtype:      FP32
*** benchmarking opt_einsum expression ***
  #flops :          305049600
  #bytes :          2630144
  arith. intensity: 115.98
  time (eval):      0.002367
  time (compile):   0.000164
  gflops (eval):    128.87
  gflops (total):   120.53
CSV_DATA: opt_einsum,torch,"aefi,bfgj,cghk,dhel,ijkl->abcd","40,40,20,20,6,6,6,6,4,4,4,4","(2,3),(2,3),(0,2),(0,1)",FP32,305049600,115.98209071442476,0.00016379356384277344,0.0023670196533203125,128.87497557195812,120.53422114728215
*** input parameters ***
  einsum_str: aefi,bfgj,cghk,dhel,ijkl->abcd
  dim_sizes:  40,40,20,20,6,6,6,6,4,4,4,4
  cont_path:  (2,3),(2,3),(0,2),(0,1)
  backend:    torch
  dtype:      FP32
*** benchmarking opt_einsum expression ***
  #flops :          305049600
  #bytes :          2630144
  arith. intensity: 115.98
  time (eval):      0.002375
  time (compile):   0.000159
  gflops (eval):    128.46
  gflops (total):   120.41
CSV_DATA: opt_einsum,torch,"aefi,bfgj,cghk,dhel,ijkl->abcd","40,40,20,20,6,6,6,6,4,4,4,4","(2,3),(2,3),(0,2),(0,1)",FP32,305049600,115.98209071442476,0.00015878677368164062,0.0023746490478515625,128.4609194255422,120.4094445208357
*** input parameters ***
  einsum_str: aefi,bfgj,cghk,dhel,ijkl->abcd
  dim_sizes:  40,40,20,20,6,6,6,6,4,4,4,4
  cont_path:  (2,3),(2,3),(0,2),(0,1)
  backend:    torch
  dtype:      FP32
*** benchmarking opt_einsum expression ***
  #flops :          305049600
  #bytes :          2630144
  arith. intensity: 115.98
  time (eval):      0.002384
  time (compile):   0.000153
  gflops (eval):    127.95
  gflops (total):   120.24
CSV_DATA: opt_einsum,torch,"aefi,bfgj,cghk,dhel,ijkl->abcd","40,40,20,20,6,6,6,6,4,4,4,4","(2,3),(2,3),(0,2),(0,1)",FP32,305049600,115.98209071442476,0.00015282630920410156,0.002384185791015625,127.94707574784,120.2397103165492
*** input parameters ***
  einsum_str: aefi,bfgj,cghk,dhel,ijkl->abcd
  dim_sizes:  40,40,20,20,6,6,6,6,4,4,4,4
  cont_path:  (2,3),(2,3),(0,2),(0,1)
  backend:    torch
  dtype:      FP32
*** benchmarking opt_einsum expression ***
  #flops :          305049600
  #bytes :          2630144
  arith. intensity: 115.98
  time (eval):      0.002429
  time (compile):   0.000160
  gflops (eval):    125.56
  gflops (total):   117.83
CSV_DATA: opt_einsum,torch,"aefi,bfgj,cghk,dhel,ijkl->abcd","40,40,20,20,6,6,6,6,4,4,4,4","(2,3),(2,3),(0,2),(0,1)",FP32,305049600,115.98209071442476,0.0001595020294189453,0.002429485321044922,125.56140897727184,117.82583640099458
*** input parameters ***
  einsum_str: aefi,bfgj,cghk,dhel,ijkl->abcd
  dim_sizes:  40,40,20,20,6,6,6,6,4,4,4,4
  cont_path:  (2,3),(2,3),(0,2),(0,1)
  backend:    torch
  dtype:      FP32
*** benchmarking opt_einsum expression ***
  #flops :          305049600
  #bytes :          2630144
  arith. intensity: 115.98
  time (eval):      0.002316
  time (compile):   0.000152
  gflops (eval):    131.71
  gflops (total):   123.62
CSV_DATA: opt_einsum,torch,"aefi,bfgj,cghk,dhel,ijkl->abcd","40,40,20,20,6,6,6,6,4,4,4,4","(2,3),(2,3),(0,2),(0,1)",FP32,305049600,115.98209071442476,0.00015163421630859375,0.002315998077392578,131.71409897862878,123.62036304139131
*** input parameters ***
  einsum_str: aefi,bfgj,cghk,dhel,ijkl->abcd
  dim_sizes:  40,40,20,20,6,6,6,6,4,4,4,4
  cont_path:  (2,3),(2,3),(0,2),(0,1)
  backend:    torch
  dtype:      FP32
*** benchmarking opt_einsum expression ***
  #flops :          305049600
  #bytes :          2630144
  arith. intensity: 115.98
  time (eval):      0.002300
  time (compile):   0.000152
  gflops (eval):    132.63
  gflops (total):   124.41
CSV_DATA: opt_einsum,torch,"aefi,bfgj,cghk,dhel,ijkl->abcd","40,40,20,20,6,6,6,6,4,4,4,4","(2,3),(2,3),(0,2),(0,1)",FP32,305049600,115.98209071442476,0.0001518726348876953,0.0023000240325927734,132.62887503663316,124.41372593138857
*** input parameters ***
  einsum_str: aefi,bfgj,cghk,dhel,ijkl->abcd
  dim_sizes:  40,40,20,20,6,6,6,6,4,4,4,4
  cont_path:  (2,3),(2,3),(0,2),(0,1)
  backend:    torch
  dtype:      FP32
*** benchmarking opt_einsum expression ***
  #flops :          305049600
  #bytes :          2630144
  arith. intensity: 115.98
  time (eval):      0.002376
  time (compile):   0.000153
  gflops (eval):    128.38
  gflops (total):   120.60
CSV_DATA: opt_einsum,torch,"aefi,bfgj,cghk,dhel,ijkl->abcd","40,40,20,20,6,6,6,6,4,4,4,4","(2,3),(2,3),(0,2),(0,1)",FP32,305049600,115.98209071442476,0.0001533031463623047,0.002376079559326172,128.38357991956653,120.60239018554059
*** input parameters ***
  einsum_str: aefi,bfgj,cghk,dhel,ijkl->abcd
  dim_sizes:  40,40,20,20,6,6,6,6,4,4,4,4
  cont_path:  (2,3),(2,3),(0,2),(0,1)
  backend:    torch
  dtype:      FP32
*** benchmarking opt_einsum expression ***
  #flops :          305049600
  #bytes :          2630144
  arith. intensity: 115.98
  time (eval):      0.002363
  time (compile):   0.000152
  gflops (eval):    129.11
  gflops (total):   121.29
CSV_DATA: opt_einsum,torch,"aefi,bfgj,cghk,dhel,ijkl->abcd","40,40,20,20,6,6,6,6,4,4,4,4","(2,3),(2,3),(0,2),(0,1)",FP32,305049600,115.98209071442476,0.00015234947204589844,0.0023627281188964844,129.10905726320888,121.28834557573231
*** input parameters ***
  einsum_str: aefi,bfgj,cghk,dhel,ijkl->abcd
  dim_sizes:  40,40,20,20,6,6,6,6,4,4,4,4
  cont_path:  (2,3),(2,3),(0,2),(0,1)
  backend:    torch
  dtype:      FP32
*** benchmarking opt_einsum expression ***
  #flops :          305049600
  #bytes :          2630144
  arith. intensity: 115.98
  time (eval):      0.002326
  time (compile):   0.000154
  gflops (eval):    131.17
  gflops (total):   123.01
CSV_DATA: opt_einsum,torch,"aefi,bfgj,cghk,dhel,ijkl->abcd","40,40,20,20,6,6,6,6,4,4,4,4","(2,3),(2,3),(0,2),(0,1)",FP32,305049600,115.98209071442476,0.00015425682067871094,0.0023255348205566406,131.17395504187002,123.01420608387656
*** input parameters ***
  einsum_str: aefi,bfgj,cghk,dhel,ijkl->abcd
  dim_sizes:  40,40,20,20,6,6,6,6,4,4,4,4
  cont_path:  (2,3),(2,3),(0,2),(0,1)
  backend:    torch
  dtype:      FP32
*** benchmarking opt_einsum expression ***
  #flops :          305049600
  #bytes :          2630144
  arith. intensity: 115.98
  time (eval):      0.002369
  time (compile):   0.000151
  gflops (eval):    128.78
  gflops (total):   121.06
CSV_DATA: opt_einsum,torch,"aefi,bfgj,cghk,dhel,ijkl->abcd","40,40,20,20,6,6,6,6,4,4,4,4","(2,3),(2,3),(0,2),(0,1)",FP32,305049600,115.98209071442476,0.00015115737915039062,0.0023686885833740234,128.78417287150478,121.05882841124043
*** input parameters ***
  einsum_str: aefi,bfgj,cghk,dhel,ijkl->abcd
  dim_sizes:  40,40,20,20,6,6,6,6,4,4,4,4
  cont_path:  (2,3),(2,3),(0,2),(0,1)
  backend:    torch
  dtype:      FP32
*** benchmarking opt_einsum expression ***
  #flops :          305049600
  #bytes :          2630144
  arith. intensity: 115.98
  time (eval):      0.002280
  time (compile):   0.000151
  gflops (eval):    133.82
  gflops (total):   125.49
CSV_DATA: opt_einsum,torch,"aefi,bfgj,cghk,dhel,ijkl->abcd","40,40,20,20,6,6,6,6,4,4,4,4","(2,3),(2,3),(0,2),(0,1)",FP32,305049600,115.98209071442476,0.0001513957977294922,0.002279520034790039,133.82185519071228,125.48752034899961
*** input parameters ***
  einsum_str: aefi,bfgj,cghk,dhel,ijkl->abcd
  dim_sizes:  40,40,20,20,6,6,6,6,4,4,4,4
  cont_path:  (2,3),(2,3),(0,2),(0,1)
  backend:    torch
  dtype:      FP32
*** benchmarking opt_einsum expression ***
  #flops :          305049600
  #bytes :          2630144
  arith. intensity: 115.98
  time (eval):      0.002357
  time (compile):   0.000157
  gflops (eval):    129.40
  gflops (total):   121.30
CSV_DATA: opt_einsum,torch,"aefi,bfgj,cghk,dhel,ijkl->abcd","40,40,20,20,6,6,6,6,4,4,4,4","(2,3),(2,3),(0,2),(0,1)",FP32,305049600,115.98209071442476,0.00015735626220703125,0.00235748291015625,129.3963144699029,121.29984428122867
*** input parameters ***
  einsum_str: aefi,bfgj,cghk,dhel,ijkl->abcd
  dim_sizes:  40,40,20,20,6,6,6,6,4,4,4,4
  cont_path:  (2,3),(2,3),(0,2),(0,1)
  backend:    torch
  dtype:      FP32
*** benchmarking opt_einsum expression ***
  #flops :          305049600
  #bytes :          2630144
  arith. intensity: 115.98
  time (eval):      0.002357
  time (compile):   0.000159
  gflops (eval):    129.42
  gflops (total):   121.24
CSV_DATA: opt_einsum,torch,"aefi,bfgj,cghk,dhel,ijkl->abcd","40,40,20,20,6,6,6,6,4,4,4,4","(2,3),(2,3),(0,2),(0,1)",FP32,305049600,115.98209071442476,0.0001590251922607422,0.002357006072998047,129.4224921584463,121.24237254604378
*** input parameters ***
  einsum_str: aefi,bfgj,cghk,dhel,ijkl->abcd
  dim_sizes:  40,40,20,20,6,6,6,6,4,4,4,4
  cont_path:  (2,3),(2,3),(0,2),(0,1)
  backend:    torch
  dtype:      FP32
*** benchmarking opt_einsum expression ***
  #flops :          305049600
  #bytes :          2630144
  arith. intensity: 115.98
  time (eval):      0.002328
  time (compile):   0.000151
  gflops (eval):    131.05
  gflops (total):   123.07
CSV_DATA: opt_einsum,torch,"aefi,bfgj,cghk,dhel,ijkl->abcd","40,40,20,20,6,6,6,6,4,4,4,4","(2,3),(2,3),(0,2),(0,1)",FP32,305049600,115.98209071442476,0.00015091896057128906,0.0023276805877685547,131.05303262095669,123.073370284571
*** input parameters ***
  einsum_str: aefi,bfgj,cghk,dhel,ijkl->abcd
  dim_sizes:  40,40,20,20,6,6,6,6,4,4,4,4
  cont_path:  (2,3),(2,3),(0,2),(0,1)
  backend:    torch
  dtype:      FP32
*** benchmarking opt_einsum expression ***
  #flops :          305049600
  #bytes :          2630144
  arith. intensity: 115.98
  time (eval):      0.002292
  time (compile):   0.000150
  gflops (eval):    133.07
  gflops (total):   124.89
CSV_DATA: opt_einsum,torch,"aefi,bfgj,cghk,dhel,ijkl->abcd","40,40,20,20,6,6,6,6,4,4,4,4","(2,3),(2,3),(0,2),(0,1)",FP32,305049600,115.98209071442476,0.00015020370483398438,0.0022923946380615234,133.07028158901718,124.8873360154612
*** input parameters ***
  einsum_str: aefi,bfgj,cghk,dhel,ijkl->abcd
  dim_sizes:  40,40,20,20,6,6,6,6,4,4,4,4
  cont_path:  (2,3),(2,3),(0,2),(0,1)
  backend:    torch
  dtype:      FP32
*** benchmarking opt_einsum expression ***
  #flops :          305049600
  #bytes :          2630144
  arith. intensity: 115.98
  time (eval):      0.002399
  time (compile):   0.000154
  gflops (eval):    127.15
  gflops (total):   119.48
CSV_DATA: opt_einsum,torch,"aefi,bfgj,cghk,dhel,ijkl->abcd","40,40,20,20,6,6,6,6,4,4,4,4","(2,3),(2,3),(0,2),(0,1)",FP32,305049600,115.98209071442476,0.00015401840209960938,0.0023992061614990234,127.14605559757528,119.47621229605005
*** input parameters ***
  einsum_str: aefi,bfgj,cghk,dhel,ijkl->abcd
  dim_sizes:  40,40,20,20,6,6,6,6,4,4,4,4
  cont_path:  (2,3),(2,3),(0,2),(0,1)
  backend:    torch
  dtype:      FP32
*** benchmarking opt_einsum expression ***
  #flops :          305049600
  #bytes :          2630144
  arith. intensity: 115.98
  time (eval):      0.002295
  time (compile):   0.000149
  gflops (eval):    132.95
  gflops (total):   124.86
CSV_DATA: opt_einsum,torch,"aefi,bfgj,cghk,dhel,ijkl->abcd","40,40,20,20,6,6,6,6,4,4,4,4","(2,3),(2,3),(0,2),(0,1)",FP32,305049600,115.98209071442476,0.00014853477478027344,0.0022945404052734375,132.94583930573566,124.86296062051333
*** input parameters ***
  einsum_str: aefi,bfgj,cghk,dhel,ijkl->abcd
  dim_sizes:  40,40,20,20,6,6,6,6,4,4,4,4
  cont_path:  (2,3),(2,3),(0,2),(0,1)
  backend:    torch
  dtype:      FP32
*** benchmarking opt_einsum expression ***
  #flops :          305049600
  #bytes :          2630144
  arith. intensity: 115.98
  time (eval):      0.002369
  time (compile):   0.000152
  gflops (eval):    128.76
  gflops (total):   121.01
CSV_DATA: opt_einsum,torch,"aefi,bfgj,cghk,dhel,ijkl->abcd","40,40,20,20,6,6,6,6,4,4,4,4","(2,3),(2,3),(0,2),(0,1)",FP32,305049600,115.98209071442476,0.00015163421630859375,0.0023691654205322266,128.75825274010265,121.01302917605223
*** input parameters ***
  einsum_str: aefi,bfgj,cghk,dhel,ijkl->abcd
  dim_sizes:  40,40,20,20,6,6,6,6,4,4,4,4
  cont_path:  (2,3),(2,3),(0,2),(0,1)
  backend:    torch
  dtype:      FP32
*** benchmarking opt_einsum expression ***
  #flops :          305049600
  #bytes :          2630144
  arith. intensity: 115.98
  time (eval):      0.002410
  time (compile):   0.000150
  gflops (eval):    126.55
  gflops (total):   119.13
CSV_DATA: opt_einsum,torch,"aefi,bfgj,cghk,dhel,ijkl->abcd","40,40,20,20,6,6,6,6,4,4,4,4","(2,3),(2,3),(0,2),(0,1)",FP32,305049600,115.98209071442476,0.00015020370483398438,0.002410411834716797,126.55497106611277,119.13135544491621
*** input parameters ***
  einsum_str: aefi,bfgj,cghk,dhel,ijkl->abcd
  dim_sizes:  40,40,20,20,6,6,6,6,4,4,4,4
  cont_path:  (2,3),(2,3),(0,2),(0,1)
  backend:    torch
  dtype:      FP32
*** benchmarking opt_einsum expression ***
  #flops :          305049600
  #bytes :          2630144
  arith. intensity: 115.98
  time (eval):      0.002405
  time (compile):   0.000150
  gflops (eval):    126.83
  gflops (total):   119.39
CSV_DATA: opt_einsum,torch,"aefi,bfgj,cghk,dhel,ijkl->abcd","40,40,20,20,6,6,6,6,4,4,4,4","(2,3),(2,3),(0,2),(0,1)",FP32,305049600,115.98209071442476,0.0001499652862548828,0.0024051666259765625,126.83096327105473,119.38702598473454
*** input parameters ***
  einsum_str: aefi,bfgj,cghk,dhel,ijkl->abcd
  dim_sizes:  40,40,20,20,6,6,6,6,4,4,4,4
  cont_path:  (2,3),(2,3),(0,2),(0,1)
  backend:    torch
  dtype:      FP32
*** benchmarking opt_einsum expression ***
  #flops :          305049600
  #bytes :          2630144
  arith. intensity: 115.98
  time (eval):      0.002379
  time (compile):   0.000154
  gflops (eval):    128.22
  gflops (total):   120.44
CSV_DATA: opt_einsum,torch,"aefi,bfgj,cghk,dhel,ijkl->abcd","40,40,20,20,6,6,6,6,4,4,4,4","(2,3),(2,3),(0,2),(0,1)",FP32,305049600,115.98209071442476,0.00015354156494140625,0.002379179000854492,128.21633004092595,120.44344888246259
*** input parameters ***
  einsum_str: aefi,bfgj,cghk,dhel,ijkl->abcd
  dim_sizes:  40,40,20,20,6,6,6,6,4,4,4,4
  cont_path:  (2,3),(2,3),(0,2),(0,1)
  backend:    torch
  dtype:      FP32
*** benchmarking opt_einsum expression ***
  #flops :          305049600
  #bytes :          2630144
  arith. intensity: 115.98
  time (eval):      0.002317
  time (compile):   0.000156
  gflops (eval):    131.63
  gflops (total):   123.33
CSV_DATA: opt_einsum,torch,"aefi,bfgj,cghk,dhel,ijkl->abcd","40,40,20,20,6,6,6,6,4,4,4,4","(2,3),(2,3),(0,2),(0,1)",FP32,305049600,115.98209071442476,0.00015592575073242188,0.0023174285888671875,131.63279397925928,123.33437029866977
*** input parameters ***
  einsum_str: aefi,bfgj,cghk,dhel,ijkl->abcd
  dim_sizes:  40,40,20,20,6,6,6,6,4,4,4,4
  cont_path:  (2,3),(2,3),(0,2),(0,1)
  backend:    torch
  dtype:      FP32
*** benchmarking opt_einsum expression ***
  #flops :          305049600
  #bytes :          2630144
  arith. intensity: 115.98
  time (eval):      0.002315
  time (compile):   0.000154
  gflops (eval):    131.75
  gflops (total):   123.55
CSV_DATA: opt_einsum,torch,"aefi,bfgj,cghk,dhel,ijkl->abcd","40,40,20,20,6,6,6,6,4,4,4,4","(2,3),(2,3),(0,2),(0,1)",FP32,305049600,115.98209071442476,0.0001537799835205078,0.0023152828216552734,131.75478915440223,123.54874058308228
*** input parameters ***
  einsum_str: aefi,bfgj,cghk,dhel,ijkl->abcd
  dim_sizes:  40,40,20,20,6,6,6,6,4,4,4,4
  cont_path:  (2,3),(2,3),(0,2),(0,1)
  backend:    torch
  dtype:      FP32
*** benchmarking opt_einsum expression ***
  #flops :          305049600
  #bytes :          2630144
  arith. intensity: 115.98
  time (eval):      0.002256
  time (compile):   0.000151
  gflops (eval):    135.24
  gflops (total):   126.77
CSV_DATA: opt_einsum,torch,"aefi,bfgj,cghk,dhel,ijkl->abcd","40,40,20,20,6,6,6,6,4,4,4,4","(2,3),(2,3),(0,2),(0,1)",FP32,305049600,115.98209071442476,0.0001506805419921875,0.002255678176879883,135.23631301959625,126.76813211913208
*** input parameters ***
  einsum_str: aefi,bfgj,cghk,dhel,ijkl->abcd
  dim_sizes:  40,40,20,20,6,6,6,6,4,4,4,4
  cont_path:  (2,3),(2,3),(0,2),(0,1)
  backend:    torch
  dtype:      FP32
*** benchmarking opt_einsum expression ***
  #flops :          305049600
  #bytes :          2630144
  arith. intensity: 115.98
  time (eval):      0.002282
  time (compile):   0.000157
  gflops (eval):    133.67
  gflops (total):   125.06
CSV_DATA: opt_einsum,torch,"aefi,bfgj,cghk,dhel,ijkl->abcd","40,40,20,20,6,6,6,6,4,4,4,4","(2,3),(2,3),(0,2),(0,1)",FP32,305049600,115.98209071442476,0.0001571178436279297,0.0022821426391601562,133.6680691055579,125.05823062050631
*** input parameters ***
  einsum_str: aefi,bfgj,cghk,dhel,ijkl->abcd
  dim_sizes:  40,40,20,20,6,6,6,6,4,4,4,4
  cont_path:  (2,3),(2,3),(0,2),(0,1)
  backend:    torch
  dtype:      FP32
*** benchmarking opt_einsum expression ***
  #flops :          305049600
  #bytes :          2630144
  arith. intensity: 115.98
  time (eval):      0.002340
  time (compile):   0.000150
  gflops (eval):    130.39
  gflops (total):   122.54
CSV_DATA: opt_einsum,torch,"aefi,bfgj,cghk,dhel,ijkl->abcd","40,40,20,20,6,6,6,6,4,4,4,4","(2,3),(2,3),(0,2),(0,1)",FP32,305049600,115.98209071442476,0.00014972686767578125,0.002339601516723633,130.38528049306024,122.54293242777513
