*** input parameters ***
  einsum_str: aib,bjc,ckd,dle,ema->ijklm
  dim_sizes:  40,40,40,40,40,25,25,25,25,25
  cont_path:  (0,1),(0,1),(0,1),(0,1)
  backend:    torch
  dtype:      FP32
*** benchmarking opt_einsum expression ***
  #flops :          33410000000
  #bytes :          39862500
  arith. intensity: 838.13
  time (eval):      0.075548
  time (compile):   0.000097
  gflops (eval):    442.23
  gflops (total):   441.66
CSV_DATA: opt_einsum,torch,"aib,bjc,ckd,dle,ema->ijklm","40,40,40,40,40,25,25,25,25,25","(0,1),(0,1),(0,1),(0,1)",FP32,33410000000,838.1310755722797,9.72747802734375e-05,0.07554841041564941,442.2329975731602,441.6643185063083
*** input parameters ***
  einsum_str: aib,bjc,ckd,dle,ema->ijklm
  dim_sizes:  40,40,40,40,40,25,25,25,25,25
  cont_path:  (0,1),(0,1),(0,1),(0,1)
  backend:    torch
  dtype:      FP32
*** benchmarking opt_einsum expression ***
  #flops :          33410000000
  #bytes :          39862500
  arith. intensity: 838.13
  time (eval):      0.075118
  time (compile):   0.000093
  gflops (eval):    444.77
  gflops (total):   444.22
CSV_DATA: opt_einsum,torch,"aib,bjc,ckd,dle,ema->ijklm","40,40,40,40,40,25,25,25,25,25","(0,1),(0,1),(0,1),(0,1)",FP32,33410000000,838.1310755722797,9.298324584960938e-05,0.07511758804321289,444.7693392495541,444.2194684520187
*** input parameters ***
  einsum_str: aib,bjc,ckd,dle,ema->ijklm
  dim_sizes:  40,40,40,40,40,25,25,25,25,25
  cont_path:  (0,1),(0,1),(0,1),(0,1)
  backend:    torch
  dtype:      FP32
*** benchmarking opt_einsum expression ***
  #flops :          33410000000
  #bytes :          39862500
  arith. intensity: 838.13
  time (eval):      0.075299
  time (compile):   0.000097
  gflops (eval):    443.70
  gflops (total):   443.13
CSV_DATA: opt_einsum,torch,"aib,bjc,ckd,dle,ema->ijklm","40,40,40,40,40,25,25,25,25,25","(0,1),(0,1),(0,1),(0,1)",FP32,33410000000,838.1310755722797,9.655952453613281e-05,0.07529926300048828,443.69624175183964,443.1279994181505
*** input parameters ***
  einsum_str: aib,bjc,ckd,dle,ema->ijklm
  dim_sizes:  40,40,40,40,40,25,25,25,25,25
  cont_path:  (0,1),(0,1),(0,1),(0,1)
  backend:    torch
  dtype:      FP32
*** benchmarking opt_einsum expression ***
  #flops :          33410000000
  #bytes :          39862500
  arith. intensity: 838.13
  time (eval):      0.075113
  time (compile):   0.000096
  gflops (eval):    444.79
  gflops (total):   444.23
CSV_DATA: opt_einsum,torch,"aib,bjc,ckd,dle,ema->ijklm","40,40,40,40,40,25,25,25,25,25","(0,1),(0,1),(0,1),(0,1)",FP32,33410000000,838.1310755722797,9.560585021972656e-05,0.07511329650878906,444.7947507681369,444.229325944923
*** input parameters ***
  einsum_str: aib,bjc,ckd,dle,ema->ijklm
  dim_sizes:  40,40,40,40,40,25,25,25,25,25
  cont_path:  (0,1),(0,1),(0,1),(0,1)
  backend:    torch
  dtype:      FP32
*** benchmarking opt_einsum expression ***
  #flops :          33410000000
  #bytes :          39862500
  arith. intensity: 838.13
  time (eval):      0.074376
  time (compile):   0.000094
  gflops (eval):    449.20
  gflops (total):   448.63
CSV_DATA: opt_einsum,torch,"aib,bjc,ckd,dle,ema->ijklm","40,40,40,40,40,25,25,25,25,25","(0,1),(0,1),(0,1),(0,1)",FP32,33410000000,838.1310755722797,9.441375732421875e-05,0.07437610626220703,449.2034025311262,448.63390226411235
*** input parameters ***
  einsum_str: aib,bjc,ckd,dle,ema->ijklm
  dim_sizes:  40,40,40,40,40,25,25,25,25,25
  cont_path:  (0,1),(0,1),(0,1),(0,1)
  backend:    torch
  dtype:      FP32
*** benchmarking opt_einsum expression ***
  #flops :          33410000000
  #bytes :          39862500
  arith. intensity: 838.13
  time (eval):      0.074716
  time (compile):   0.000094
  gflops (eval):    447.16
  gflops (total):   446.60
CSV_DATA: opt_einsum,torch,"aib,bjc,ckd,dle,ema->ijklm","40,40,40,40,40,25,25,25,25,25","(0,1),(0,1),(0,1),(0,1)",FP32,33410000000,838.1310755722797,9.417533874511719e-05,0.07471585273742676,447.16079353885533,446.59788078119425
*** input parameters ***
  einsum_str: aib,bjc,ckd,dle,ema->ijklm
  dim_sizes:  40,40,40,40,40,25,25,25,25,25
  cont_path:  (0,1),(0,1),(0,1),(0,1)
  backend:    torch
  dtype:      FP32
*** benchmarking opt_einsum expression ***
  #flops :          33410000000
  #bytes :          39862500
  arith. intensity: 838.13
  time (eval):      0.075052
  time (compile):   0.000094
  gflops (eval):    445.16
  gflops (total):   444.60
CSV_DATA: opt_einsum,torch,"aib,bjc,ckd,dle,ema->ijklm","40,40,40,40,40,25,25,25,25,25","(0,1),(0,1),(0,1),(0,1)",FP32,33410000000,838.1310755722797,9.393692016601562e-05,0.07505226135253906,445.15647360796976,444.60000329963896
*** input parameters ***
  einsum_str: aib,bjc,ckd,dle,ema->ijklm
  dim_sizes:  40,40,40,40,40,25,25,25,25,25
  cont_path:  (0,1),(0,1),(0,1),(0,1)
  backend:    torch
  dtype:      FP32
*** benchmarking opt_einsum expression ***
  #flops :          33410000000
  #bytes :          39862500
  arith. intensity: 838.13
  time (eval):      0.074684
  time (compile):   0.000095
  gflops (eval):    447.35
  gflops (total):   446.78
CSV_DATA: opt_einsum,torch,"aib,bjc,ckd,dle,ema->ijklm","40,40,40,40,40,25,25,25,25,25","(0,1),(0,1),(0,1),(0,1)",FP32,33410000000,838.1310755722797,9.5367431640625e-05,0.07468390464782715,447.3520788387439,446.7815622020935
*** input parameters ***
  einsum_str: aib,bjc,ckd,dle,ema->ijklm
  dim_sizes:  40,40,40,40,40,25,25,25,25,25
  cont_path:  (0,1),(0,1),(0,1),(0,1)
  backend:    torch
  dtype:      FP32
*** benchmarking opt_einsum expression ***
  #flops :          33410000000
  #bytes :          39862500
  arith. intensity: 838.13
  time (eval):      0.075070
  time (compile):   0.000096
  gflops (eval):    445.05
  gflops (total):   444.48
CSV_DATA: opt_einsum,torch,"aib,bjc,ckd,dle,ema->ijklm","40,40,40,40,40,25,25,25,25,25","(0,1),(0,1),(0,1),(0,1)",FP32,33410000000,838.1310755722797,9.584426879882812e-05,0.07507038116455078,445.0490257504732,444.48154483458626
*** input parameters ***
  einsum_str: aib,bjc,ckd,dle,ema->ijklm
  dim_sizes:  40,40,40,40,40,25,25,25,25,25
  cont_path:  (0,1),(0,1),(0,1),(0,1)
  backend:    torch
  dtype:      FP32
*** benchmarking opt_einsum expression ***
  #flops :          33410000000
  #bytes :          39862500
  arith. intensity: 838.13
  time (eval):      0.075622
  time (compile):   0.000096
  gflops (eval):    441.80
  gflops (total):   441.24
CSV_DATA: opt_einsum,torch,"aib,bjc,ckd,dle,ema->ijklm","40,40,40,40,40,25,25,25,25,25","(0,1),(0,1),(0,1),(0,1)",FP32,33410000000,838.1310755722797,9.632110595703125e-05,0.0756218433380127,441.80356528291424,441.2415467984949
*** input parameters ***
  einsum_str: aib,bjc,ckd,dle,ema->ijklm
  dim_sizes:  40,40,40,40,40,25,25,25,25,25
  cont_path:  (0,1),(0,1),(0,1),(0,1)
  backend:    torch
  dtype:      FP32
*** benchmarking opt_einsum expression ***
  #flops :          33410000000
  #bytes :          39862500
  arith. intensity: 838.13
  time (eval):      0.075178
  time (compile):   0.000096
  gflops (eval):    444.41
  gflops (total):   443.84
CSV_DATA: opt_einsum,torch,"aib,bjc,ckd,dle,ema->ijklm","40,40,40,40,40,25,25,25,25,25","(0,1),(0,1),(0,1),(0,1)",FP32,33410000000,838.1310755722797,9.584426879882812e-05,0.07517838478088379,444.40965441565896,443.84380181361513
*** input parameters ***
  einsum_str: aib,bjc,ckd,dle,ema->ijklm
  dim_sizes:  40,40,40,40,40,25,25,25,25,25
  cont_path:  (0,1),(0,1),(0,1),(0,1)
  backend:    torch
  dtype:      FP32
*** benchmarking opt_einsum expression ***
  #flops :          33410000000
  #bytes :          39862500
  arith. intensity: 838.13
  time (eval):      0.075141
  time (compile):   0.000098
  gflops (eval):    444.63
  gflops (total):   444.05
CSV_DATA: opt_einsum,torch,"aib,bjc,ckd,dle,ema->ijklm","40,40,40,40,40,25,25,25,25,25","(0,1),(0,1),(0,1),(0,1)",FP32,33410000000,838.1310755722797,9.775161743164062e-05,0.07514095306396484,444.6310385703951,444.0533651061241
*** input parameters ***
  einsum_str: aib,bjc,ckd,dle,ema->ijklm
  dim_sizes:  40,40,40,40,40,25,25,25,25,25
  cont_path:  (0,1),(0,1),(0,1),(0,1)
  backend:    torch
  dtype:      FP32
*** benchmarking opt_einsum expression ***
  #flops :          33410000000
  #bytes :          39862500
  arith. intensity: 838.13
  time (eval):      0.075255
  time (compile):   0.000097
  gflops (eval):    443.96
  gflops (total):   443.39
CSV_DATA: opt_einsum,torch,"aib,bjc,ckd,dle,ema->ijklm","40,40,40,40,40,25,25,25,25,25","(0,1),(0,1),(0,1),(0,1)",FP32,33410000000,838.1310755722797,9.655952453613281e-05,0.07525467872619629,443.9591074670274,443.39019206064944
*** input parameters ***
  einsum_str: aib,bjc,ckd,dle,ema->ijklm
  dim_sizes:  40,40,40,40,40,25,25,25,25,25
  cont_path:  (0,1),(0,1),(0,1),(0,1)
  backend:    torch
  dtype:      FP32
*** benchmarking opt_einsum expression ***
  #flops :          33410000000
  #bytes :          39862500
  arith. intensity: 838.13
  time (eval):      0.075380
  time (compile):   0.000092
  gflops (eval):    443.22
  gflops (total):   442.68
CSV_DATA: opt_einsum,torch,"aib,bjc,ckd,dle,ema->ijklm","40,40,40,40,40,25,25,25,25,25","(0,1),(0,1),(0,1),(0,1)",FP32,33410000000,838.1310755722797,9.179115295410156e-05,0.07538032531738281,443.2191007312568,442.6800461218185
*** input parameters ***
  einsum_str: aib,bjc,ckd,dle,ema->ijklm
  dim_sizes:  40,40,40,40,40,25,25,25,25,25
  cont_path:  (0,1),(0,1),(0,1),(0,1)
  backend:    torch
  dtype:      FP32
*** benchmarking opt_einsum expression ***
  #flops :          33410000000
  #bytes :          39862500
  arith. intensity: 838.13
  time (eval):      0.075020
  time (compile):   0.000096
  gflops (eval):    445.35
  gflops (total):   444.78
CSV_DATA: opt_einsum,torch,"aib,bjc,ckd,dle,ema->ijklm","40,40,40,40,40,25,25,25,25,25","(0,1),(0,1),(0,1),(0,1)",FP32,33410000000,838.1310755722797,9.560585021972656e-05,0.07501959800720215,445.3502936231746,444.7834564014017
*** input parameters ***
  einsum_str: aib,bjc,ckd,dle,ema->ijklm
  dim_sizes:  40,40,40,40,40,25,25,25,25,25
  cont_path:  (0,1),(0,1),(0,1),(0,1)
  backend:    torch
  dtype:      FP32
*** benchmarking opt_einsum expression ***
  #flops :          33410000000
  #bytes :          39862500
  arith. intensity: 838.13
  time (eval):      0.074461
  time (compile):   0.000095
  gflops (eval):    448.69
  gflops (total):   448.12
CSV_DATA: opt_einsum,torch,"aib,bjc,ckd,dle,ema->ijklm","40,40,40,40,40,25,25,25,25,25","(0,1),(0,1),(0,1),(0,1)",FP32,33410000000,838.1310755722797,9.489059448242188e-05,0.07446122169494629,448.6899252992991,448.11885939413713
*** input parameters ***
  einsum_str: aib,bjc,ckd,dle,ema->ijklm
  dim_sizes:  40,40,40,40,40,25,25,25,25,25
  cont_path:  (0,1),(0,1),(0,1),(0,1)
  backend:    torch
  dtype:      FP32
*** benchmarking opt_einsum expression ***
  #flops :          33410000000
  #bytes :          39862500
  arith. intensity: 838.13
  time (eval):      0.075213
  time (compile):   0.000098
  gflops (eval):    444.21
  gflops (total):   443.63
CSV_DATA: opt_einsum,torch,"aib,bjc,ckd,dle,ema->ijklm","40,40,40,40,40,25,25,25,25,25","(0,1),(0,1),(0,1),(0,1)",FP32,33410000000,838.1310755722797,9.751319885253906e-05,0.07521271705627441,444.20679517537604,443.6316272944276
*** input parameters ***
  einsum_str: aib,bjc,ckd,dle,ema->ijklm
  dim_sizes:  40,40,40,40,40,25,25,25,25,25
  cont_path:  (0,1),(0,1),(0,1),(0,1)
  backend:    torch
  dtype:      FP32
*** benchmarking opt_einsum expression ***
  #flops :          33410000000
  #bytes :          39862500
  arith. intensity: 838.13
  time (eval):      0.074516
  time (compile):   0.000096
  gflops (eval):    448.36
  gflops (total):   447.78
CSV_DATA: opt_einsum,torch,"aib,bjc,ckd,dle,ema->ijklm","40,40,40,40,40,25,25,25,25,25","(0,1),(0,1),(0,1),(0,1)",FP32,33410000000,838.1310755722797,9.632110595703125e-05,0.07451558113098145,448.3626040743455,447.7837851379636
*** input parameters ***
  einsum_str: aib,bjc,ckd,dle,ema->ijklm
  dim_sizes:  40,40,40,40,40,25,25,25,25,25
  cont_path:  (0,1),(0,1),(0,1),(0,1)
  backend:    torch
  dtype:      FP32
*** benchmarking opt_einsum expression ***
  #flops :          33410000000
  #bytes :          39862500
  arith. intensity: 838.13
  time (eval):      0.075474
  time (compile):   0.000097
  gflops (eval):    442.67
  gflops (total):   442.10
CSV_DATA: opt_einsum,torch,"aib,bjc,ckd,dle,ema->ijklm","40,40,40,40,40,25,25,25,25,25","(0,1),(0,1),(0,1),(0,1)",FP32,33410000000,838.1310755722797,9.655952453613281e-05,0.07547378540039062,442.6702572656053,442.1046381777168
*** input parameters ***
  einsum_str: aib,bjc,ckd,dle,ema->ijklm
  dim_sizes:  40,40,40,40,40,25,25,25,25,25
  cont_path:  (0,1),(0,1),(0,1),(0,1)
  backend:    torch
  dtype:      FP32
*** benchmarking opt_einsum expression ***
  #flops :          33410000000
  #bytes :          39862500
  arith. intensity: 838.13
  time (eval):      0.075315
  time (compile):   0.000093
  gflops (eval):    443.60
  gflops (total):   443.05
CSV_DATA: opt_einsum,torch,"aib,bjc,ckd,dle,ema->ijklm","40,40,40,40,40,25,25,25,25,25","(0,1),(0,1),(0,1),(0,1)",FP32,33410000000,838.1310755722797,9.34600830078125e-05,0.07531523704528809,443.60213564633824,443.0523437257934
*** input parameters ***
  einsum_str: aib,bjc,ckd,dle,ema->ijklm
  dim_sizes:  40,40,40,40,40,25,25,25,25,25
  cont_path:  (0,1),(0,1),(0,1),(0,1)
  backend:    torch
  dtype:      FP32
*** benchmarking opt_einsum expression ***
  #flops :          33410000000
  #bytes :          39862500
  arith. intensity: 838.13
  time (eval):      0.074840
  time (compile):   0.000095
  gflops (eval):    446.42
  gflops (total):   445.85
CSV_DATA: opt_einsum,torch,"aib,bjc,ckd,dle,ema->ijklm","40,40,40,40,40,25,25,25,25,25","(0,1),(0,1),(0,1),(0,1)",FP32,33410000000,838.1310755722797,9.512901306152344e-05,0.07484030723571777,446.41719461107414,445.850477057098
*** input parameters ***
  einsum_str: aib,bjc,ckd,dle,ema->ijklm
  dim_sizes:  40,40,40,40,40,25,25,25,25,25
  cont_path:  (0,1),(0,1),(0,1),(0,1)
  backend:    torch
  dtype:      FP32
*** benchmarking opt_einsum expression ***
  #flops :          33410000000
  #bytes :          39862500
  arith. intensity: 838.13
  time (eval):      0.074826
  time (compile):   0.000101
  gflops (eval):    446.50
  gflops (total):   445.90
CSV_DATA: opt_einsum,torch,"aib,bjc,ckd,dle,ema->ijklm","40,40,40,40,40,25,25,25,25,25","(0,1),(0,1),(0,1),(0,1)",FP32,33410000000,838.1310755722797,0.00010085105895996094,0.07482624053955078,446.5011172429615,445.9001315441965
*** input parameters ***
  einsum_str: aib,bjc,ckd,dle,ema->ijklm
  dim_sizes:  40,40,40,40,40,25,25,25,25,25
  cont_path:  (0,1),(0,1),(0,1),(0,1)
  backend:    torch
  dtype:      FP32
*** benchmarking opt_einsum expression ***
  #flops :          33410000000
  #bytes :          39862500
  arith. intensity: 838.13
  time (eval):      0.074671
  time (compile):   0.000093
  gflops (eval):    447.43
  gflops (total):   446.87
CSV_DATA: opt_einsum,torch,"aib,bjc,ckd,dle,ema->ijklm","40,40,40,40,40,25,25,25,25,25","(0,1),(0,1),(0,1),(0,1)",FP32,33410000000,838.1310755722797,9.250640869140625e-05,0.07467126846313477,447.4277816305549,446.8741721144709
*** input parameters ***
  einsum_str: aib,bjc,ckd,dle,ema->ijklm
  dim_sizes:  40,40,40,40,40,25,25,25,25,25
  cont_path:  (0,1),(0,1),(0,1),(0,1)
  backend:    torch
  dtype:      FP32
*** benchmarking opt_einsum expression ***
  #flops :          33410000000
  #bytes :          39862500
  arith. intensity: 838.13
  time (eval):      0.075145
  time (compile):   0.000094
  gflops (eval):    444.61
  gflops (total):   444.05
CSV_DATA: opt_einsum,torch,"aib,bjc,ckd,dle,ema->ijklm","40,40,40,40,40,25,25,25,25,25","(0,1),(0,1),(0,1),(0,1)",FP32,33410000000,838.1310755722797,9.417533874511719e-05,0.07514524459838867,444.6056457538819,444.04914375889246
*** input parameters ***
  einsum_str: aib,bjc,ckd,dle,ema->ijklm
  dim_sizes:  40,40,40,40,40,25,25,25,25,25
  cont_path:  (0,1),(0,1),(0,1),(0,1)
  backend:    torch
  dtype:      FP32
*** benchmarking opt_einsum expression ***
  #flops :          33410000000
  #bytes :          39862500
  arith. intensity: 838.13
  time (eval):      0.075033
  time (compile):   0.000099
  gflops (eval):    445.27
  gflops (total):   444.68
CSV_DATA: opt_einsum,torch,"aib,bjc,ckd,dle,ema->ijklm","40,40,40,40,40,25,25,25,25,25","(0,1),(0,1),(0,1),(0,1)",FP32,33410000000,838.1310755722797,9.942054748535156e-05,0.07503342628479004,445.26821783656857,444.6790106939994
*** input parameters ***
  einsum_str: aib,bjc,ckd,dle,ema->ijklm
  dim_sizes:  40,40,40,40,40,25,25,25,25,25
  cont_path:  (0,1),(0,1),(0,1),(0,1)
  backend:    torch
  dtype:      FP32
*** benchmarking opt_einsum expression ***
  #flops :          33410000000
  #bytes :          39862500
  arith. intensity: 838.13
  time (eval):      0.074852
  time (compile):   0.000096
  gflops (eval):    446.35
  gflops (total):   445.78
CSV_DATA: opt_einsum,torch,"aib,bjc,ckd,dle,ema->ijklm","40,40,40,40,40,25,25,25,25,25","(0,1),(0,1),(0,1),(0,1)",FP32,33410000000,838.1310755722797,9.608268737792969e-05,0.07485151290893555,446.3503635610766,445.77814317025764
*** input parameters ***
  einsum_str: aib,bjc,ckd,dle,ema->ijklm
  dim_sizes:  40,40,40,40,40,25,25,25,25,25
  cont_path:  (0,1),(0,1),(0,1),(0,1)
  backend:    torch
  dtype:      FP32
*** benchmarking opt_einsum expression ***
  #flops :          33410000000
  #bytes :          39862500
  arith. intensity: 838.13
  time (eval):      0.075538
  time (compile):   0.000098
  gflops (eval):    442.29
  gflops (total):   441.72
CSV_DATA: opt_einsum,torch,"aib,bjc,ckd,dle,ema->ijklm","40,40,40,40,40,25,25,25,25,25","(0,1),(0,1),(0,1),(0,1)",FP32,33410000000,838.1310755722797,9.799003601074219e-05,0.07553815841674805,442.2930172016539,441.7200066826167
*** input parameters ***
  einsum_str: aib,bjc,ckd,dle,ema->ijklm
  dim_sizes:  40,40,40,40,40,25,25,25,25,25
  cont_path:  (0,1),(0,1),(0,1),(0,1)
  backend:    torch
  dtype:      FP32
*** benchmarking opt_einsum expression ***
  #flops :          33410000000
  #bytes :          39862500
  arith. intensity: 838.13
  time (eval):      0.075398
  time (compile):   0.000096
  gflops (eval):    443.12
  gflops (total):   442.55
CSV_DATA: opt_einsum,torch,"aib,bjc,ckd,dle,ema->ijklm","40,40,40,40,40,25,25,25,25,25","(0,1),(0,1),(0,1),(0,1)",FP32,33410000000,838.1310755722797,9.632110595703125e-05,0.07539796829223633,443.1153883418395,442.5500294966619
*** input parameters ***
  einsum_str: aib,bjc,ckd,dle,ema->ijklm
  dim_sizes:  40,40,40,40,40,25,25,25,25,25
  cont_path:  (0,1),(0,1),(0,1),(0,1)
  backend:    torch
  dtype:      FP32
*** benchmarking opt_einsum expression ***
  #flops :          33410000000
  #bytes :          39862500
  arith. intensity: 838.13
  time (eval):      0.075111
  time (compile):   0.000095
  gflops (eval):    444.81
  gflops (total):   444.24
CSV_DATA: opt_einsum,torch,"aib,bjc,ckd,dle,ema->ijklm","40,40,40,40,40,25,25,25,25,25","(0,1),(0,1),(0,1),(0,1)",FP32,33410000000,838.1310755722797,9.5367431640625e-05,0.07511091232299805,444.8088695331992,444.24481717484895
*** input parameters ***
  einsum_str: aib,bjc,ckd,dle,ema->ijklm
  dim_sizes:  40,40,40,40,40,25,25,25,25,25
  cont_path:  (0,1),(0,1),(0,1),(0,1)
  backend:    torch
  dtype:      FP32
*** benchmarking opt_einsum expression ***
  #flops :          33410000000
  #bytes :          39862500
  arith. intensity: 838.13
  time (eval):      0.075011
  time (compile):   0.000097
  gflops (eval):    445.40
  gflops (total):   444.83
CSV_DATA: opt_einsum,torch,"aib,bjc,ckd,dle,ema->ijklm","40,40,40,40,40,25,25,25,25,25","(0,1),(0,1),(0,1),(0,1)",FP32,33410000000,838.1310755722797,9.655952453613281e-05,0.07501053810119629,445.40408382255254,444.83146142174195
*** input parameters ***
  einsum_str: aib,bjc,ckd,dle,ema->ijklm
  dim_sizes:  40,40,40,40,40,25,25,25,25,25
  cont_path:  (0,1),(0,1),(0,1),(0,1)
  backend:    torch
  dtype:      FP32
*** benchmarking opt_einsum expression ***
  #flops :          33410000000
  #bytes :          39862500
  arith. intensity: 838.13
  time (eval):      0.075117
  time (compile):   0.000095
  gflops (eval):    444.77
  gflops (total):   444.21
CSV_DATA: opt_einsum,torch,"aib,bjc,ckd,dle,ema->ijklm","40,40,40,40,40,25,25,25,25,25","(0,1),(0,1),(0,1),(0,1)",FP32,33410000000,838.1310755722797,9.489059448242188e-05,0.07511687278747559,444.77357430101284,444.21242765349757
*** input parameters ***
  einsum_str: aib,bjc,ckd,dle,ema->ijklm
  dim_sizes:  40,40,40,40,40,25,25,25,25,25
  cont_path:  (0,1),(0,1),(0,1),(0,1)
  backend:    torch
  dtype:      FP32
*** benchmarking opt_einsum expression ***
  #flops :          33410000000
  #bytes :          39862500
  arith. intensity: 838.13
  time (eval):      0.074998
  time (compile):   0.000100
  gflops (eval):    445.48
  gflops (total):   444.89
CSV_DATA: opt_einsum,torch,"aib,bjc,ckd,dle,ema->ijklm","40,40,40,40,40,25,25,25,25,25","(0,1),(0,1),(0,1),(0,1)",FP32,33410000000,838.1310755722797,0.00010037422180175781,0.0749976634979248,445.4805448829011,444.88512635562444
*** input parameters ***
  einsum_str: aib,bjc,ckd,dle,ema->ijklm
  dim_sizes:  40,40,40,40,40,25,25,25,25,25
  cont_path:  (0,1),(0,1),(0,1),(0,1)
  backend:    torch
  dtype:      FP32
*** benchmarking opt_einsum expression ***
  #flops :          33410000000
  #bytes :          39862500
  arith. intensity: 838.13
  time (eval):      0.074989
  time (compile):   0.000096
  gflops (eval):    445.53
  gflops (total):   444.96
CSV_DATA: opt_einsum,torch,"aib,bjc,ckd,dle,ema->ijklm","40,40,40,40,40,25,25,25,25,25","(0,1),(0,1),(0,1),(0,1)",FP32,33410000000,838.1310755722797,9.608268737792969e-05,0.07498931884765625,445.5301170007122,444.9599964436655
*** input parameters ***
  einsum_str: aib,bjc,ckd,dle,ema->ijklm
  dim_sizes:  40,40,40,40,40,25,25,25,25,25
  cont_path:  (0,1),(0,1),(0,1),(0,1)
  backend:    torch
  dtype:      FP32
*** benchmarking opt_einsum expression ***
  #flops :          33410000000
  #bytes :          39862500
  arith. intensity: 838.13
  time (eval):      0.074509
  time (compile):   0.000100
  gflops (eval):    448.40
  gflops (total):   447.80
CSV_DATA: opt_einsum,torch,"aib,bjc,ckd,dle,ema->ijklm","40,40,40,40,40,25,25,25,25,25","(0,1),(0,1),(0,1),(0,1)",FP32,33410000000,838.1310755722797,0.00010013580322265625,0.0745091438293457,448.40134086792915,447.7995252673088
*** input parameters ***
  einsum_str: aib,bjc,ckd,dle,ema->ijklm
  dim_sizes:  40,40,40,40,40,25,25,25,25,25
  cont_path:  (0,1),(0,1),(0,1),(0,1)
  backend:    torch
  dtype:      FP32
*** benchmarking opt_einsum expression ***
  #flops :          33410000000
  #bytes :          39862500
  arith. intensity: 838.13
  time (eval):      0.075695
  time (compile):   0.000101
  gflops (eval):    441.38
  gflops (total):   440.79
CSV_DATA: opt_einsum,torch,"aib,bjc,ckd,dle,ema->ijklm","40,40,40,40,40,25,25,25,25,25","(0,1),(0,1),(0,1),(0,1)",FP32,33410000000,838.1310755722797,0.0001010894775390625,0.07569456100463867,441.3791368438294,440.7904647227203
*** input parameters ***
  einsum_str: aib,bjc,ckd,dle,ema->ijklm
  dim_sizes:  40,40,40,40,40,25,25,25,25,25
  cont_path:  (0,1),(0,1),(0,1),(0,1)
  backend:    torch
  dtype:      FP32
*** benchmarking opt_einsum expression ***
  #flops :          33410000000
  #bytes :          39862500
  arith. intensity: 838.13
  time (eval):      0.074650
  time (compile):   0.000098
  gflops (eval):    447.55
  gflops (total):   446.97
CSV_DATA: opt_einsum,torch,"aib,bjc,ckd,dle,ema->ijklm","40,40,40,40,40,25,25,25,25,25","(0,1),(0,1),(0,1),(0,1)",FP32,33410000000,838.1310755722797,9.799003601074219e-05,0.07465004920959473,447.55496283994194,446.9682460863242
*** input parameters ***
  einsum_str: aib,bjc,ckd,dle,ema->ijklm
  dim_sizes:  40,40,40,40,40,25,25,25,25,25
  cont_path:  (0,1),(0,1),(0,1),(0,1)
  backend:    torch
  dtype:      FP32
*** benchmarking opt_einsum expression ***
  #flops :          33410000000
  #bytes :          39862500
  arith. intensity: 838.13
  time (eval):      0.075198
  time (compile):   0.000098
  gflops (eval):    444.29
  gflops (total):   443.72
CSV_DATA: opt_einsum,torch,"aib,bjc,ckd,dle,ema->ijklm","40,40,40,40,40,25,25,25,25,25","(0,1),(0,1),(0,1),(0,1)",FP32,33410000000,838.1310755722797,9.751319885253906e-05,0.07519817352294922,444.2927059897782,443.7173157533097
*** input parameters ***
  einsum_str: aib,bjc,ckd,dle,ema->ijklm
  dim_sizes:  40,40,40,40,40,25,25,25,25,25
  cont_path:  (0,1),(0,1),(0,1),(0,1)
  backend:    torch
  dtype:      FP32
*** benchmarking opt_einsum expression ***
  #flops :          33410000000
  #bytes :          39862500
  arith. intensity: 838.13
  time (eval):      0.074992
  time (compile):   0.000096
  gflops (eval):    445.52
  gflops (total):   444.95
CSV_DATA: opt_einsum,torch,"aib,bjc,ckd,dle,ema->ijklm","40,40,40,40,40,25,25,25,25,25","(0,1),(0,1),(0,1),(0,1)",FP32,33410000000,838.1310755722797,9.560585021972656e-05,0.07499170303344727,445.5159524127451,444.94869368353875
*** input parameters ***
  einsum_str: aib,bjc,ckd,dle,ema->ijklm
  dim_sizes:  40,40,40,40,40,25,25,25,25,25
  cont_path:  (0,1),(0,1),(0,1),(0,1)
  backend:    torch
  dtype:      FP32
*** benchmarking opt_einsum expression ***
  #flops :          33410000000
  #bytes :          39862500
  arith. intensity: 838.13
  time (eval):      0.075270
  time (compile):   0.000099
  gflops (eval):    443.87
  gflops (total):   443.29
CSV_DATA: opt_einsum,torch,"aib,bjc,ckd,dle,ema->ijklm","40,40,40,40,40,25,25,25,25,25","(0,1),(0,1),(0,1),(0,1)",FP32,33410000000,838.1310755722797,9.870529174804688e-05,0.07526969909667969,443.87051364569345,443.28920415794107
*** input parameters ***
  einsum_str: aib,bjc,ckd,dle,ema->ijklm
  dim_sizes:  40,40,40,40,40,25,25,25,25,25
  cont_path:  (0,1),(0,1),(0,1),(0,1)
  backend:    torch
  dtype:      FP32
*** benchmarking opt_einsum expression ***
  #flops :          33410000000
  #bytes :          39862500
  arith. intensity: 838.13
  time (eval):      0.075168
  time (compile):   0.000095
  gflops (eval):    444.47
  gflops (total):   443.91
CSV_DATA: opt_einsum,torch,"aib,bjc,ckd,dle,ema->ijklm","40,40,40,40,40,25,25,25,25,25","(0,1),(0,1),(0,1),(0,1)",FP32,33410000000,838.1310755722797,9.512901306152344e-05,0.07516837120056152,444.4688566000273,443.90707188971044
*** input parameters ***
  einsum_str: aib,bjc,ckd,dle,ema->ijklm
  dim_sizes:  40,40,40,40,40,25,25,25,25,25
  cont_path:  (0,1),(0,1),(0,1),(0,1)
  backend:    torch
  dtype:      FP32
*** benchmarking opt_einsum expression ***
  #flops :          33410000000
  #bytes :          39862500
  arith. intensity: 838.13
  time (eval):      0.075298
  time (compile):   0.000098
  gflops (eval):    443.70
  gflops (total):   443.12
CSV_DATA: opt_einsum,torch,"aib,bjc,ckd,dle,ema->ijklm","40,40,40,40,40,25,25,25,25,25","(0,1),(0,1),(0,1),(0,1)",FP32,33410000000,838.1310755722797,9.846687316894531e-05,0.07529830932617188,443.7018612898324,443.12239440672664
*** input parameters ***
  einsum_str: aib,bjc,ckd,dle,ema->ijklm
  dim_sizes:  40,40,40,40,40,25,25,25,25,25
  cont_path:  (0,1),(0,1),(0,1),(0,1)
  backend:    torch
  dtype:      FP32
*** benchmarking opt_einsum expression ***
  #flops :          33410000000
  #bytes :          39862500
  arith. intensity: 838.13
  time (eval):      0.075069
  time (compile):   0.000101
  gflops (eval):    445.06
  gflops (total):   444.46
CSV_DATA: opt_einsum,torch,"aib,bjc,ckd,dle,ema->ijklm","40,40,40,40,40,25,25,25,25,25","(0,1),(0,1),(0,1),(0,1)",FP32,33410000000,838.1310755722797,0.00010061264038085938,0.07506895065307617,445.0575065901887,444.46180789383544
*** input parameters ***
  einsum_str: aib,bjc,ckd,dle,ema->ijklm
  dim_sizes:  40,40,40,40,40,25,25,25,25,25
  cont_path:  (0,1),(0,1),(0,1),(0,1)
  backend:    torch
  dtype:      FP32
*** benchmarking opt_einsum expression ***
  #flops :          33410000000
  #bytes :          39862500
  arith. intensity: 838.13
  time (eval):      0.075387
  time (compile):   0.000097
  gflops (eval):    443.18
  gflops (total):   442.62
CSV_DATA: opt_einsum,torch,"aib,bjc,ckd,dle,ema->ijklm","40,40,40,40,40,25,25,25,25,25","(0,1),(0,1),(0,1),(0,1)",FP32,33410000000,838.1310755722797,9.655952453613281e-05,0.07538652420043945,443.1826557113671,442.6157272764602
*** input parameters ***
  einsum_str: aib,bjc,ckd,dle,ema->ijklm
  dim_sizes:  40,40,40,40,40,25,25,25,25,25
  cont_path:  (0,1),(0,1),(0,1),(0,1)
  backend:    torch
  dtype:      FP32
*** benchmarking opt_einsum expression ***
  #flops :          33410000000
  #bytes :          39862500
  arith. intensity: 838.13
  time (eval):      0.074187
  time (compile):   0.000094
  gflops (eval):    450.35
  gflops (total):   449.78
CSV_DATA: opt_einsum,torch,"aib,bjc,ckd,dle,ema->ijklm","40,40,40,40,40,25,25,25,25,25","(0,1),(0,1),(0,1),(0,1)",FP32,33410000000,838.1310755722797,9.441375732421875e-05,0.07418680191040039,450.3496462935706,449.77723775348414
*** input parameters ***
  einsum_str: aib,bjc,ckd,dle,ema->ijklm
  dim_sizes:  40,40,40,40,40,25,25,25,25,25
  cont_path:  (0,1),(0,1),(0,1),(0,1)
  backend:    torch
  dtype:      FP32
*** benchmarking opt_einsum expression ***
  #flops :          33410000000
  #bytes :          39862500
  arith. intensity: 838.13
  time (eval):      0.075061
  time (compile):   0.000096
  gflops (eval):    445.10
  gflops (total):   444.54
CSV_DATA: opt_einsum,torch,"aib,bjc,ckd,dle,ema->ijklm","40,40,40,40,40,25,25,25,25,25","(0,1),(0,1),(0,1),(0,1)",FP32,33410000000,838.1310755722797,9.560585021972656e-05,0.07506132125854492,445.10274319474,444.53653555646497
*** input parameters ***
  einsum_str: aib,bjc,ckd,dle,ema->ijklm
  dim_sizes:  40,40,40,40,40,25,25,25,25,25
  cont_path:  (0,1),(0,1),(0,1),(0,1)
  backend:    torch
  dtype:      FP32
*** benchmarking opt_einsum expression ***
  #flops :          33410000000
  #bytes :          39862500
  arith. intensity: 838.13
  time (eval):      0.074945
  time (compile):   0.000096
  gflops (eval):    445.79
  gflops (total):   445.22
CSV_DATA: opt_einsum,torch,"aib,bjc,ckd,dle,ema->ijklm","40,40,40,40,40,25,25,25,25,25","(0,1),(0,1),(0,1),(0,1)",FP32,33410000000,838.1310755722797,9.632110595703125e-05,0.07494497299194336,445.7937426115505,445.221533045694
*** input parameters ***
  einsum_str: aib,bjc,ckd,dle,ema->ijklm
  dim_sizes:  40,40,40,40,40,25,25,25,25,25
  cont_path:  (0,1),(0,1),(0,1),(0,1)
  backend:    torch
  dtype:      FP32
*** benchmarking opt_einsum expression ***
  #flops :          33410000000
  #bytes :          39862500
  arith. intensity: 838.13
  time (eval):      0.075209
  time (compile):   0.000097
  gflops (eval):    444.23
  gflops (total):   443.66
CSV_DATA: opt_einsum,torch,"aib,bjc,ckd,dle,ema->ijklm","40,40,40,40,40,25,25,25,25,25","(0,1),(0,1),(0,1),(0,1)",FP32,33410000000,838.1310755722797,9.655952453613281e-05,0.07520937919616699,444.2265094737376,443.6569089711768
*** input parameters ***
  einsum_str: aib,bjc,ckd,dle,ema->ijklm
  dim_sizes:  40,40,40,40,40,25,25,25,25,25
  cont_path:  (0,1),(0,1),(0,1),(0,1)
  backend:    torch
  dtype:      FP32
*** benchmarking opt_einsum expression ***
  #flops :          33410000000
  #bytes :          39862500
  arith. intensity: 838.13
  time (eval):      0.075543
  time (compile):   0.000097
  gflops (eval):    442.27
  gflops (total):   441.70
CSV_DATA: opt_einsum,torch,"aib,bjc,ckd,dle,ema->ijklm","40,40,40,40,40,25,25,25,25,25","(0,1),(0,1),(0,1),(0,1)",FP32,33410000000,838.1310755722797,9.72747802734375e-05,0.07554292678833008,442.2650990689601,441.69633749188364
*** input parameters ***
  einsum_str: aib,bjc,ckd,dle,ema->ijklm
  dim_sizes:  40,40,40,40,40,25,25,25,25,25
  cont_path:  (0,1),(0,1),(0,1),(0,1)
  backend:    torch
  dtype:      FP32
*** benchmarking opt_einsum expression ***
  #flops :          33410000000
  #bytes :          39862500
  arith. intensity: 838.13
  time (eval):      0.075186
  time (compile):   0.000094
  gflops (eval):    444.36
  gflops (total):   443.81
CSV_DATA: opt_einsum,torch,"aib,bjc,ckd,dle,ema->ijklm","40,40,40,40,40,25,25,25,25,25","(0,1),(0,1),(0,1),(0,1)",FP32,33410000000,838.1310755722797,9.369850158691406e-05,0.07518625259399414,444.3631494764614,443.81006514709566
*** input parameters ***
  einsum_str: aib,bjc,ckd,dle,ema->ijklm
  dim_sizes:  40,40,40,40,40,25,25,25,25,25
  cont_path:  (0,1),(0,1),(0,1),(0,1)
  backend:    torch
  dtype:      FP32
*** benchmarking opt_einsum expression ***
  #flops :          33410000000
  #bytes :          39862500
  arith. intensity: 838.13
  time (eval):      0.074132
  time (compile):   0.000094
  gflops (eval):    450.68
  gflops (total):   450.11
CSV_DATA: opt_einsum,torch,"aib,bjc,ckd,dle,ema->ijklm","40,40,40,40,40,25,25,25,25,25","(0,1),(0,1),(0,1),(0,1)",FP32,33410000000,838.1310755722797,9.417533874511719e-05,0.07413244247436523,450.6798762438331,450.1080742237312
*** input parameters ***
  einsum_str: aib,bjc,ckd,dle,ema->ijklm
  dim_sizes:  40,40,40,40,40,25,25,25,25,25
  cont_path:  (0,1),(0,1),(0,1),(0,1)
  backend:    torch
  dtype:      FP32
*** benchmarking opt_einsum expression ***
  #flops :          33410000000
  #bytes :          39862500
  arith. intensity: 838.13
  time (eval):      0.074930
  time (compile):   0.000097
  gflops (eval):    445.88
  gflops (total):   445.30
CSV_DATA: opt_einsum,torch,"aib,bjc,ckd,dle,ema->ijklm","40,40,40,40,40,25,25,25,25,25","(0,1),(0,1),(0,1),(0,1)",FP32,33410000000,838.1310755722797,9.703636169433594e-05,0.07493042945861816,445.88026842220813,445.30359162090707
*** input parameters ***
  einsum_str: aib,bjc,ckd,dle,ema->ijklm
  dim_sizes:  40,40,40,40,40,25,25,25,25,25
  cont_path:  (0,1),(0,1),(0,1),(0,1)
  backend:    torch
  dtype:      FP32
*** benchmarking opt_einsum expression ***
  #flops :          33410000000
  #bytes :          39862500
  arith. intensity: 838.13
  time (eval):      0.075046
  time (compile):   0.000093
  gflops (eval):    445.19
  gflops (total):   444.64
CSV_DATA: opt_einsum,torch,"aib,bjc,ckd,dle,ema->ijklm","40,40,40,40,40,25,25,25,25,25","(0,1),(0,1),(0,1),(0,1)",FP32,33410000000,838.1310755722797,9.34600830078125e-05,0.07504630088806152,445.1918296390664,444.6380926452997
*** input parameters ***
  einsum_str: aib,bjc,ckd,dle,ema->ijklm
  dim_sizes:  40,40,40,40,40,25,25,25,25,25
  cont_path:  (0,1),(0,1),(0,1),(0,1)
  backend:    torch
  dtype:      FP32
*** benchmarking opt_einsum expression ***
  #flops :          33410000000
  #bytes :          39862500
  arith. intensity: 838.13
  time (eval):      0.074960
  time (compile):   0.000096
  gflops (eval):    445.70
  gflops (total):   445.14
CSV_DATA: opt_einsum,torch,"aib,bjc,ckd,dle,ema->ijklm","40,40,40,40,40,25,25,25,25,25","(0,1),(0,1),(0,1),(0,1)",FP32,33410000000,838.1310755722797,9.560585021972656e-05,0.07495999336242676,445.70441513334714,445.13667668341776
*** input parameters ***
  einsum_str: aib,bjc,ckd,dle,ema->ijklm
  dim_sizes:  40,40,40,40,40,25,25,25,25,25
  cont_path:  (0,1),(0,1),(0,1),(0,1)
  backend:    torch
  dtype:      FP32
*** benchmarking opt_einsum expression ***
  #flops :          33410000000
  #bytes :          39862500
  arith. intensity: 838.13
  time (eval):      0.074962
  time (compile):   0.000096
  gflops (eval):    445.69
  gflops (total):   445.12
CSV_DATA: opt_einsum,torch,"aib,bjc,ckd,dle,ema->ijklm","40,40,40,40,40,25,25,25,25,25","(0,1),(0,1),(0,1),(0,1)",FP32,33410000000,838.1310755722797,9.608268737792969e-05,0.07496190071105957,445.693074523,445.1225371010368
*** input parameters ***
  einsum_str: aib,bjc,ckd,dle,ema->ijklm
  dim_sizes:  40,40,40,40,40,25,25,25,25,25
  cont_path:  (0,1),(0,1),(0,1),(0,1)
  backend:    torch
  dtype:      FP32
*** benchmarking opt_einsum expression ***
  #flops :          33410000000
  #bytes :          39862500
  arith. intensity: 838.13
  time (eval):      0.075003
  time (compile):   0.000096
  gflops (eval):    445.45
  gflops (total):   444.88
CSV_DATA: opt_einsum,torch,"aib,bjc,ckd,dle,ema->ijklm","40,40,40,40,40,25,25,25,25,25","(0,1),(0,1),(0,1),(0,1)",FP32,33410000000,838.1310755722797,9.560585021972656e-05,0.07500267028808594,445.45080690689934,444.88371395463275
*** input parameters ***
  einsum_str: aib,bjc,ckd,dle,ema->ijklm
  dim_sizes:  40,40,40,40,40,25,25,25,25,25
  cont_path:  (0,1),(0,1),(0,1),(0,1)
  backend:    torch
  dtype:      FP32
*** benchmarking opt_einsum expression ***
  #flops :          33410000000
  #bytes :          39862500
  arith. intensity: 838.13
  time (eval):      0.075413
  time (compile):   0.000109
  gflops (eval):    443.03
  gflops (total):   442.39
CSV_DATA: opt_einsum,torch,"aib,bjc,ckd,dle,ema->ijklm","40,40,40,40,40,25,25,25,25,25","(0,1),(0,1),(0,1),(0,1)",FP32,33410000000,838.1310755722797,0.0001087188720703125,0.07541251182556152,443.029932185278,442.39215504531836
*** input parameters ***
  einsum_str: aib,bjc,ckd,dle,ema->ijklm
  dim_sizes:  40,40,40,40,40,25,25,25,25,25
  cont_path:  (0,1),(0,1),(0,1),(0,1)
  backend:    torch
  dtype:      FP32
*** benchmarking opt_einsum expression ***
  #flops :          33410000000
  #bytes :          39862500
  arith. intensity: 838.13
  time (eval):      0.075517
  time (compile):   0.000095
  gflops (eval):    442.42
  gflops (total):   441.86
CSV_DATA: opt_einsum,torch,"aib,bjc,ckd,dle,ema->ijklm","40,40,40,40,40,25,25,25,25,25","(0,1),(0,1),(0,1),(0,1)",FP32,33410000000,838.1310755722797,9.489059448242188e-05,0.07551717758178711,442.41589887037406,441.8606818439806
*** input parameters ***
  einsum_str: aib,bjc,ckd,dle,ema->ijklm
  dim_sizes:  40,40,40,40,40,25,25,25,25,25
  cont_path:  (0,1),(0,1),(0,1),(0,1)
  backend:    torch
  dtype:      FP32
*** benchmarking opt_einsum expression ***
  #flops :          33410000000
  #bytes :          39862500
  arith. intensity: 838.13
  time (eval):      0.075532
  time (compile):   0.000095
  gflops (eval):    442.33
  gflops (total):   441.77
CSV_DATA: opt_einsum,torch,"aib,bjc,ckd,dle,ema->ijklm","40,40,40,40,40,25,25,25,25,25","(0,1),(0,1),(0,1),(0,1)",FP32,33410000000,838.1310755722797,9.465217590332031e-05,0.07553243637084961,442.3265236138205,441.77292345910985
*** input parameters ***
  einsum_str: aib,bjc,ckd,dle,ema->ijklm
  dim_sizes:  40,40,40,40,40,25,25,25,25,25
  cont_path:  (0,1),(0,1),(0,1),(0,1)
  backend:    torch
  dtype:      FP32
*** benchmarking opt_einsum expression ***
  #flops :          33410000000
  #bytes :          39862500
  arith. intensity: 838.13
  time (eval):      0.074788
  time (compile):   0.000096
  gflops (eval):    446.73
  gflops (total):   446.16
CSV_DATA: opt_einsum,torch,"aib,bjc,ckd,dle,ema->ijklm","40,40,40,40,40,25,25,25,25,25","(0,1),(0,1),(0,1),(0,1)",FP32,33410000000,838.1310755722797,9.560585021972656e-05,0.07478833198547363,446.72743880007016,446.1570927707698
*** input parameters ***
  einsum_str: aib,bjc,ckd,dle,ema->ijklm
  dim_sizes:  40,40,40,40,40,25,25,25,25,25
  cont_path:  (0,1),(0,1),(0,1),(0,1)
  backend:    torch
  dtype:      FP32
*** benchmarking opt_einsum expression ***
  #flops :          33410000000
  #bytes :          39862500
  arith. intensity: 838.13
  time (eval):      0.074809
  time (compile):   0.000095
  gflops (eval):    446.60
  gflops (total):   446.03
CSV_DATA: opt_einsum,torch,"aib,bjc,ckd,dle,ema->ijklm","40,40,40,40,40,25,25,25,25,25","(0,1),(0,1),(0,1),(0,1)",FP32,33410000000,838.1310755722797,9.512901306152344e-05,0.07480931282043457,446.6021507267993,446.0349637778032
*** input parameters ***
  einsum_str: aib,bjc,ckd,dle,ema->ijklm
  dim_sizes:  40,40,40,40,40,25,25,25,25,25
  cont_path:  (0,1),(0,1),(0,1),(0,1)
  backend:    torch
  dtype:      FP32
*** benchmarking opt_einsum expression ***
  #flops :          33410000000
  #bytes :          39862500
  arith. intensity: 838.13
  time (eval):      0.075404
  time (compile):   0.000097
  gflops (eval):    443.08
  gflops (total):   442.51
CSV_DATA: opt_einsum,torch,"aib,bjc,ckd,dle,ema->ijklm","40,40,40,40,40,25,25,25,25,25","(0,1),(0,1),(0,1),(0,1)",FP32,33410000000,838.1310755722797,9.703636169433594e-05,0.07540440559387207,443.07755941935505,442.508104940065
*** input parameters ***
  einsum_str: aib,bjc,ckd,dle,ema->ijklm
  dim_sizes:  40,40,40,40,40,25,25,25,25,25
  cont_path:  (0,1),(0,1),(0,1),(0,1)
  backend:    torch
  dtype:      FP32
*** benchmarking opt_einsum expression ***
  #flops :          33410000000
  #bytes :          39862500
  arith. intensity: 838.13
  time (eval):      0.074740
  time (compile):   0.000094
  gflops (eval):    447.01
  gflops (total):   446.45
CSV_DATA: opt_einsum,torch,"aib,bjc,ckd,dle,ema->ijklm","40,40,40,40,40,25,25,25,25,25","(0,1),(0,1),(0,1),(0,1)",FP32,33410000000,838.1310755722797,9.417533874511719e-05,0.07474040985107422,447.01387196794735,446.45132882416476
*** input parameters ***
  einsum_str: aib,bjc,ckd,dle,ema->ijklm
  dim_sizes:  40,40,40,40,40,25,25,25,25,25
  cont_path:  (0,1),(0,1),(0,1),(0,1)
  backend:    torch
  dtype:      FP32
*** benchmarking opt_einsum expression ***
  #flops :          33410000000
  #bytes :          39862500
  arith. intensity: 838.13
  time (eval):      0.075498
  time (compile):   0.000096
  gflops (eval):    442.53
  gflops (total):   441.97
CSV_DATA: opt_einsum,torch,"aib,bjc,ckd,dle,ema->ijklm","40,40,40,40,40,25,25,25,25,25","(0,1),(0,1),(0,1),(0,1)",FP32,33410000000,838.1310755722797,9.608268737792969e-05,0.07549810409545898,442.52766874459206,441.96520158327155
*** input parameters ***
  einsum_str: aib,bjc,ckd,dle,ema->ijklm
  dim_sizes:  40,40,40,40,40,25,25,25,25,25
  cont_path:  (0,1),(0,1),(0,1),(0,1)
  backend:    torch
  dtype:      FP32
*** benchmarking opt_einsum expression ***
  #flops :          33410000000
  #bytes :          39862500
  arith. intensity: 838.13
  time (eval):      0.075070
  time (compile):   0.000097
  gflops (eval):    445.05
  gflops (total):   444.48
CSV_DATA: opt_einsum,torch,"aib,bjc,ckd,dle,ema->ijklm","40,40,40,40,40,25,25,25,25,25","(0,1),(0,1),(0,1),(0,1)",FP32,33410000000,838.1310755722797,9.703636169433594e-05,0.07506990432739258,445.05185266113205,444.47731534257616
*** input parameters ***
  einsum_str: aib,bjc,ckd,dle,ema->ijklm
  dim_sizes:  40,40,40,40,40,25,25,25,25,25
  cont_path:  (0,1),(0,1),(0,1),(0,1)
  backend:    torch
  dtype:      FP32
*** benchmarking opt_einsum expression ***
  #flops :          33410000000
  #bytes :          39862500
  arith. intensity: 838.13
  time (eval):      0.074544
  time (compile):   0.000095
  gflops (eval):    448.19
  gflops (total):   447.62
CSV_DATA: opt_einsum,torch,"aib,bjc,ckd,dle,ema->ijklm","40,40,40,40,40,25,25,25,25,25","(0,1),(0,1),(0,1),(0,1)",FP32,33410000000,838.1310755722797,9.5367431640625e-05,0.07454371452331543,448.1933884519556,447.62072529459306
*** input parameters ***
  einsum_str: aib,bjc,ckd,dle,ema->ijklm
  dim_sizes:  40,40,40,40,40,25,25,25,25,25
  cont_path:  (0,1),(0,1),(0,1),(0,1)
  backend:    torch
  dtype:      FP32
*** benchmarking opt_einsum expression ***
  #flops :          33410000000
  #bytes :          39862500
  arith. intensity: 838.13
  time (eval):      0.074671
  time (compile):   0.000098
  gflops (eval):    447.43
  gflops (total):   446.85
CSV_DATA: opt_einsum,torch,"aib,bjc,ckd,dle,ema->ijklm","40,40,40,40,40,25,25,25,25,25","(0,1),(0,1),(0,1),(0,1)",FP32,33410000000,838.1310755722797,9.775161743164062e-05,0.07467055320739746,447.43206746043154,446.84709755389815
*** input parameters ***
  einsum_str: aib,bjc,ckd,dle,ema->ijklm
  dim_sizes:  40,40,40,40,40,25,25,25,25,25
  cont_path:  (0,1),(0,1),(0,1),(0,1)
  backend:    torch
  dtype:      FP32
*** benchmarking opt_einsum expression ***
  #flops :          33410000000
  #bytes :          39862500
  arith. intensity: 838.13
  time (eval):      0.074761
  time (compile):   0.000098
  gflops (eval):    446.89
  gflops (total):   446.30
CSV_DATA: opt_einsum,torch,"aib,bjc,ckd,dle,ema->ijklm","40,40,40,40,40,25,25,25,25,25","(0,1),(0,1),(0,1),(0,1)",FP32,33410000000,838.1310755722797,9.822845458984375e-05,0.07476115226745605,446.8898483597017,446.30345158814333
*** input parameters ***
  einsum_str: aib,bjc,ckd,dle,ema->ijklm
  dim_sizes:  40,40,40,40,40,25,25,25,25,25
  cont_path:  (0,1),(0,1),(0,1),(0,1)
  backend:    torch
  dtype:      FP32
*** benchmarking opt_einsum expression ***
  #flops :          33410000000
  #bytes :          39862500
  arith. intensity: 838.13
  time (eval):      0.075812
  time (compile):   0.000099
  gflops (eval):    440.70
  gflops (total):   440.12
CSV_DATA: opt_einsum,torch,"aib,bjc,ckd,dle,ema->ijklm","40,40,40,40,40,25,25,25,25,25","(0,1),(0,1),(0,1),(0,1)",FP32,33410000000,838.1310755722797,9.870529174804688e-05,0.07581186294555664,440.6962011208323,440.1231709339431
*** input parameters ***
  einsum_str: aib,bjc,ckd,dle,ema->ijklm
  dim_sizes:  40,40,40,40,40,25,25,25,25,25
  cont_path:  (0,1),(0,1),(0,1),(0,1)
  backend:    torch
  dtype:      FP32
*** benchmarking opt_einsum expression ***
  #flops :          33410000000
  #bytes :          39862500
  arith. intensity: 838.13
  time (eval):      0.075635
  time (compile):   0.000094
  gflops (eval):    441.73
  gflops (total):   441.18
CSV_DATA: opt_einsum,torch,"aib,bjc,ckd,dle,ema->ijklm","40,40,40,40,40,25,25,25,25,25","(0,1),(0,1),(0,1),(0,1)",FP32,33410000000,838.1310755722797,9.441375732421875e-05,0.07563471794128418,441.7283611203051,441.17764525502866
*** input parameters ***
  einsum_str: aib,bjc,ckd,dle,ema->ijklm
  dim_sizes:  40,40,40,40,40,25,25,25,25,25
  cont_path:  (0,1),(0,1),(0,1),(0,1)
  backend:    torch
  dtype:      FP32
*** benchmarking opt_einsum expression ***
  #flops :          33410000000
  #bytes :          39862500
  arith. intensity: 838.13
  time (eval):      0.075484
  time (compile):   0.000094
  gflops (eval):    442.61
  gflops (total):   442.06
CSV_DATA: opt_einsum,torch,"aib,bjc,ckd,dle,ema->ijklm","40,40,40,40,40,25,25,25,25,25","(0,1),(0,1),(0,1),(0,1)",FP32,33410000000,838.1310755722797,9.369850158691406e-05,0.07548356056213379,442.6129312288969,442.0641925083756
*** input parameters ***
  einsum_str: aib,bjc,ckd,dle,ema->ijklm
  dim_sizes:  40,40,40,40,40,25,25,25,25,25
  cont_path:  (0,1),(0,1),(0,1),(0,1)
  backend:    torch
  dtype:      FP32
*** benchmarking opt_einsum expression ***
  #flops :          33410000000
  #bytes :          39862500
  arith. intensity: 838.13
  time (eval):      0.075024
  time (compile):   0.000097
  gflops (eval):    445.32
  gflops (total):   444.75
CSV_DATA: opt_einsum,torch,"aib,bjc,ckd,dle,ema->ijklm","40,40,40,40,40,25,25,25,25,25","(0,1),(0,1),(0,1),(0,1)",FP32,33410000000,838.1310755722797,9.679794311523438e-05,0.07502388954162598,445.3248185894564,444.7509882918252
*** input parameters ***
  einsum_str: aib,bjc,ckd,dle,ema->ijklm
  dim_sizes:  40,40,40,40,40,25,25,25,25,25
  cont_path:  (0,1),(0,1),(0,1),(0,1)
  backend:    torch
  dtype:      FP32
*** benchmarking opt_einsum expression ***
  #flops :          33410000000
  #bytes :          39862500
  arith. intensity: 838.13
  time (eval):      0.074992
  time (compile):   0.000098
  gflops (eval):    445.51
  gflops (total):   444.93
CSV_DATA: opt_einsum,torch,"aib,bjc,ckd,dle,ema->ijklm","40,40,40,40,40,25,25,25,25,25","(0,1),(0,1),(0,1),(0,1)",FP32,33410000000,838.1310755722797,9.799003601074219e-05,0.07499217987060547,445.5131196032301,444.9317406199695
*** input parameters ***
  einsum_str: aib,bjc,ckd,dle,ema->ijklm
  dim_sizes:  40,40,40,40,40,25,25,25,25,25
  cont_path:  (0,1),(0,1),(0,1),(0,1)
  backend:    torch
  dtype:      FP32
*** benchmarking opt_einsum expression ***
  #flops :          33410000000
  #bytes :          39862500
  arith. intensity: 838.13
  time (eval):      0.075570
  time (compile):   0.000106
  gflops (eval):    442.11
  gflops (total):   441.49
CSV_DATA: opt_einsum,torch,"aib,bjc,ckd,dle,ema->ijklm","40,40,40,40,40,25,25,25,25,25","(0,1),(0,1),(0,1),(0,1)",FP32,33410000000,838.1310755722797,0.00010585784912109375,0.07556962966918945,442.10882263489003,441.4903834206033
*** input parameters ***
  einsum_str: aib,bjc,ckd,dle,ema->ijklm
  dim_sizes:  40,40,40,40,40,25,25,25,25,25
  cont_path:  (0,1),(0,1),(0,1),(0,1)
  backend:    torch
  dtype:      FP32
*** benchmarking opt_einsum expression ***
  #flops :          33410000000
  #bytes :          39862500
  arith. intensity: 838.13
  time (eval):      0.075507
  time (compile):   0.000097
  gflops (eval):    442.48
  gflops (total):   441.91
CSV_DATA: opt_einsum,torch,"aib,bjc,ckd,dle,ema->ijklm","40,40,40,40,40,25,25,25,25,25","(0,1),(0,1),(0,1),(0,1)",FP32,33410000000,838.1310755722797,9.655952453613281e-05,0.07550692558288574,442.47596815904063,441.91084514859483
*** input parameters ***
  einsum_str: aib,bjc,ckd,dle,ema->ijklm
  dim_sizes:  40,40,40,40,40,25,25,25,25,25
  cont_path:  (0,1),(0,1),(0,1),(0,1)
  backend:    torch
  dtype:      FP32
*** benchmarking opt_einsum expression ***
  #flops :          33410000000
  #bytes :          39862500
  arith. intensity: 838.13
  time (eval):      0.074984
  time (compile):   0.000097
  gflops (eval):    445.56
  gflops (total):   444.99
CSV_DATA: opt_einsum,torch,"aib,bjc,ckd,dle,ema->ijklm","40,40,40,40,40,25,25,25,25,25","(0,1),(0,1),(0,1),(0,1)",FP32,33410000000,838.1310755722797,9.703636169433594e-05,0.07498383522033691,445.5626989713995,444.9868428005284
*** input parameters ***
  einsum_str: aib,bjc,ckd,dle,ema->ijklm
  dim_sizes:  40,40,40,40,40,25,25,25,25,25
  cont_path:  (0,1),(0,1),(0,1),(0,1)
  backend:    torch
  dtype:      FP32
*** benchmarking opt_einsum expression ***
  #flops :          33410000000
  #bytes :          39862500
  arith. intensity: 838.13
  time (eval):      0.074839
  time (compile):   0.000095
  gflops (eval):    446.42
  gflops (total):   445.85
CSV_DATA: opt_einsum,torch,"aib,bjc,ckd,dle,ema->ijklm","40,40,40,40,40,25,25,25,25,25","(0,1),(0,1),(0,1),(0,1)",FP32,33410000000,838.1310755722797,9.5367431640625e-05,0.07483935356140137,446.4228832841137,445.8547327226622
*** input parameters ***
  einsum_str: aib,bjc,ckd,dle,ema->ijklm
  dim_sizes:  40,40,40,40,40,25,25,25,25,25
  cont_path:  (0,1),(0,1),(0,1),(0,1)
  backend:    torch
  dtype:      FP32
*** benchmarking opt_einsum expression ***
  #flops :          33410000000
  #bytes :          39862500
  arith. intensity: 838.13
  time (eval):      0.074864
  time (compile):   0.000097
  gflops (eval):    446.28
  gflops (total):   445.70
CSV_DATA: opt_einsum,torch,"aib,bjc,ckd,dle,ema->ijklm","40,40,40,40,40,25,25,25,25,25","(0,1),(0,1),(0,1),(0,1)",FP32,33410000000,838.1310755722797,9.655952453613281e-05,0.07486414909362793,446.27502488829725,445.7001623368363
*** input parameters ***
  einsum_str: aib,bjc,ckd,dle,ema->ijklm
  dim_sizes:  40,40,40,40,40,25,25,25,25,25
  cont_path:  (0,1),(0,1),(0,1),(0,1)
  backend:    torch
  dtype:      FP32
*** benchmarking opt_einsum expression ***
  #flops :          33410000000
  #bytes :          39862500
  arith. intensity: 838.13
  time (eval):      0.074276
  time (compile):   0.000095
  gflops (eval):    449.81
  gflops (total):   449.24
CSV_DATA: opt_einsum,torch,"aib,bjc,ckd,dle,ema->ijklm","40,40,40,40,40,25,25,25,25,25","(0,1),(0,1),(0,1),(0,1)",FP32,33410000000,838.1310755722797,9.465217590332031e-05,0.07427620887756348,449.8075562132267,449.2350838318363
*** input parameters ***
  einsum_str: aib,bjc,ckd,dle,ema->ijklm
  dim_sizes:  40,40,40,40,40,25,25,25,25,25
  cont_path:  (0,1),(0,1),(0,1),(0,1)
  backend:    torch
  dtype:      FP32
*** benchmarking opt_einsum expression ***
  #flops :          33410000000
  #bytes :          39862500
  arith. intensity: 838.13
  time (eval):      0.074610
  time (compile):   0.000097
  gflops (eval):    447.80
  gflops (total):   447.22
CSV_DATA: opt_einsum,torch,"aib,bjc,ckd,dle,ema->ijklm","40,40,40,40,40,25,25,25,25,25","(0,1),(0,1),(0,1),(0,1)",FP32,33410000000,838.1310755722797,9.679794311523438e-05,0.07460951805114746,447.79809430073345,447.21787649876654
*** input parameters ***
  einsum_str: aib,bjc,ckd,dle,ema->ijklm
  dim_sizes:  40,40,40,40,40,25,25,25,25,25
  cont_path:  (0,1),(0,1),(0,1),(0,1)
  backend:    torch
  dtype:      FP32
*** benchmarking opt_einsum expression ***
  #flops :          33410000000
  #bytes :          39862500
  arith. intensity: 838.13
  time (eval):      0.075531
  time (compile):   0.000095
  gflops (eval):    442.34
  gflops (total):   441.78
CSV_DATA: opt_einsum,torch,"aib,bjc,ckd,dle,ema->ijklm","40,40,40,40,40,25,25,25,25,25","(0,1),(0,1),(0,1),(0,1)",FP32,33410000000,838.1310755722797,9.5367431640625e-05,0.0755307674407959,442.33629727366565,441.77849438365195
*** input parameters ***
  einsum_str: aib,bjc,ckd,dle,ema->ijklm
  dim_sizes:  40,40,40,40,40,25,25,25,25,25
  cont_path:  (0,1),(0,1),(0,1),(0,1)
  backend:    torch
  dtype:      FP32
*** benchmarking opt_einsum expression ***
  #flops :          33410000000
  #bytes :          39862500
  arith. intensity: 838.13
  time (eval):      0.074741
  time (compile):   0.000096
  gflops (eval):    447.01
  gflops (total):   446.43
CSV_DATA: opt_einsum,torch,"aib,bjc,ckd,dle,ema->ijklm","40,40,40,40,40,25,25,25,25,25","(0,1),(0,1),(0,1),(0,1)",FP32,33410000000,838.1310755722797,9.632110595703125e-05,0.07474112510681152,447.00959414584975,446.4342610651468
*** input parameters ***
  einsum_str: aib,bjc,ckd,dle,ema->ijklm
  dim_sizes:  40,40,40,40,40,25,25,25,25,25
  cont_path:  (0,1),(0,1),(0,1),(0,1)
  backend:    torch
  dtype:      FP32
*** benchmarking opt_einsum expression ***
  #flops :          33410000000
  #bytes :          39862500
  arith. intensity: 838.13
  time (eval):      0.073602
  time (compile):   0.000100
  gflops (eval):    453.93
  gflops (total):   453.31
CSV_DATA: opt_einsum,torch,"aib,bjc,ckd,dle,ema->ijklm","40,40,40,40,40,25,25,25,25,25","(0,1),(0,1),(0,1),(0,1)",FP32,33410000000,838.1310755722797,9.989738464355469e-05,0.07360243797302246,453.92518128605724,453.30992346262093
*** input parameters ***
  einsum_str: aib,bjc,ckd,dle,ema->ijklm
  dim_sizes:  40,40,40,40,40,25,25,25,25,25
  cont_path:  (0,1),(0,1),(0,1),(0,1)
  backend:    torch
  dtype:      FP32
*** benchmarking opt_einsum expression ***
  #flops :          33410000000
  #bytes :          39862500
  arith. intensity: 838.13
  time (eval):      0.075168
  time (compile):   0.000092
  gflops (eval):    444.47
  gflops (total):   443.93
CSV_DATA: opt_einsum,torch,"aib,bjc,ckd,dle,ema->ijklm","40,40,40,40,40,25,25,25,25,25","(0,1),(0,1),(0,1),(0,1)",FP32,33410000000,838.1310755722797,9.179115295410156e-05,0.07516837120056152,444.4688566000273,443.9267595924781
*** input parameters ***
  einsum_str: aib,bjc,ckd,dle,ema->ijklm
  dim_sizes:  40,40,40,40,40,25,25,25,25,25
  cont_path:  (0,1),(0,1),(0,1),(0,1)
  backend:    torch
  dtype:      FP32
*** benchmarking opt_einsum expression ***
  #flops :          33410000000
  #bytes :          39862500
  arith. intensity: 838.13
  time (eval):      0.075091
  time (compile):   0.000099
  gflops (eval):    444.93
  gflops (total):   444.34
CSV_DATA: opt_einsum,torch,"aib,bjc,ckd,dle,ema->ijklm","40,40,40,40,40,25,25,25,25,25","(0,1),(0,1),(0,1),(0,1)",FP32,33410000000,838.1310755722797,9.918212890625e-05,0.07509088516235352,444.9275025559288,444.34060513048166
*** input parameters ***
  einsum_str: aib,bjc,ckd,dle,ema->ijklm
  dim_sizes:  40,40,40,40,40,25,25,25,25,25
  cont_path:  (0,1),(0,1),(0,1),(0,1)
  backend:    torch
  dtype:      FP32
*** benchmarking opt_einsum expression ***
  #flops :          33410000000
  #bytes :          39862500
  arith. intensity: 838.13
  time (eval):      0.074689
  time (compile):   0.000101
  gflops (eval):    447.32
  gflops (total):   446.72
CSV_DATA: opt_einsum,torch,"aib,bjc,ckd,dle,ema->ijklm","40,40,40,40,40,25,25,25,25,25","(0,1),(0,1),(0,1),(0,1)",FP32,33410000000,838.1310755722797,0.00010061264038085938,0.07468891143798828,447.3220904784402,446.72031827600495
*** input parameters ***
  einsum_str: aib,bjc,ckd,dle,ema->ijklm
  dim_sizes:  40,40,40,40,40,25,25,25,25,25
  cont_path:  (0,1),(0,1),(0,1),(0,1)
  backend:    torch
  dtype:      FP32
*** benchmarking opt_einsum expression ***
  #flops :          33410000000
  #bytes :          39862500
  arith. intensity: 838.13
  time (eval):      0.075047
  time (compile):   0.000094
  gflops (eval):    445.19
  gflops (total):   444.63
CSV_DATA: opt_einsum,torch,"aib,bjc,ckd,dle,ema->ijklm","40,40,40,40,40,25,25,25,25,25","(0,1),(0,1),(0,1),(0,1)",FP32,33410000000,838.1310755722797,9.441375732421875e-05,0.07504677772521973,445.189000949903,444.6296277822728
*** input parameters ***
  einsum_str: aib,bjc,ckd,dle,ema->ijklm
  dim_sizes:  40,40,40,40,40,25,25,25,25,25
  cont_path:  (0,1),(0,1),(0,1),(0,1)
  backend:    torch
  dtype:      FP32
*** benchmarking opt_einsum expression ***
  #flops :          33410000000
  #bytes :          39862500
  arith. intensity: 838.13
  time (eval):      0.074587
  time (compile):   0.000096
  gflops (eval):    447.93
  gflops (total):   447.36
CSV_DATA: opt_einsum,torch,"aib,bjc,ckd,dle,ema->ijklm","40,40,40,40,40,25,25,25,25,25","(0,1),(0,1),(0,1),(0,1)",FP32,33410000000,838.1310755722797,9.560585021972656e-05,0.07458734512329102,447.9312133281337,447.3577913632547
*** input parameters ***
  einsum_str: aib,bjc,ckd,dle,ema->ijklm
  dim_sizes:  40,40,40,40,40,25,25,25,25,25
  cont_path:  (0,1),(0,1),(0,1),(0,1)
  backend:    torch
  dtype:      FP32
*** benchmarking opt_einsum expression ***
  #flops :          33410000000
  #bytes :          39862500
  arith. intensity: 838.13
  time (eval):      0.074824
  time (compile):   0.000095
  gflops (eval):    446.51
  gflops (total):   445.95
CSV_DATA: opt_einsum,torch,"aib,bjc,ckd,dle,ema->ijklm","40,40,40,40,40,25,25,25,25,25","(0,1),(0,1),(0,1),(0,1)",FP32,33410000000,838.1310755722797,9.465217590332031e-05,0.07482409477233887,446.51392177418074,445.949797092594
*** input parameters ***
  einsum_str: aib,bjc,ckd,dle,ema->ijklm
  dim_sizes:  40,40,40,40,40,25,25,25,25,25
  cont_path:  (0,1),(0,1),(0,1),(0,1)
  backend:    torch
  dtype:      FP32
*** benchmarking opt_einsum expression ***
  #flops :          33410000000
  #bytes :          39862500
  arith. intensity: 838.13
  time (eval):      0.074239
  time (compile):   0.000098
  gflops (eval):    450.04
  gflops (total):   449.44
CSV_DATA: opt_einsum,torch,"aib,bjc,ckd,dle,ema->ijklm","40,40,40,40,40,25,25,25,25,25","(0,1),(0,1),(0,1),(0,1)",FP32,33410000000,838.1310755722797,9.775161743164062e-05,0.07423853874206543,450.03579766137085,449.4440042464616
*** input parameters ***
  einsum_str: aib,bjc,ckd,dle,ema->ijklm
  dim_sizes:  40,40,40,40,40,25,25,25,25,25
  cont_path:  (0,1),(0,1),(0,1),(0,1)
  backend:    torch
  dtype:      FP32
*** benchmarking opt_einsum expression ***
  #flops :          33410000000
  #bytes :          39862500
  arith. intensity: 838.13
  time (eval):      0.074792
  time (compile):   0.000098
  gflops (eval):    446.71
  gflops (total):   446.12
CSV_DATA: opt_einsum,torch,"aib,bjc,ckd,dle,ema->ijklm","40,40,40,40,40,25,25,25,25,25","(0,1),(0,1),(0,1),(0,1)",FP32,33410000000,838.1310755722797,9.799003601074219e-05,0.07479166984558105,446.7075019046921,446.1230035337939
*** input parameters ***
  einsum_str: aib,bjc,ckd,dle,ema->ijklm
  dim_sizes:  40,40,40,40,40,25,25,25,25,25
  cont_path:  (0,1),(0,1),(0,1),(0,1)
  backend:    torch
  dtype:      FP32
*** benchmarking opt_einsum expression ***
  #flops :          33410000000
  #bytes :          39862500
  arith. intensity: 838.13
  time (eval):      0.075317
  time (compile):   0.000096
  gflops (eval):    443.59
  gflops (total):   443.03
CSV_DATA: opt_einsum,torch,"aib,bjc,ckd,dle,ema->ijklm","40,40,40,40,40,25,25,25,25,25","(0,1),(0,1),(0,1),(0,1)",FP32,33410000000,838.1310755722797,9.608268737792969e-05,0.0753171443939209,443.5909017641491,443.0257302738488
*** input parameters ***
  einsum_str: aib,bjc,ckd,dle,ema->ijklm
  dim_sizes:  40,40,40,40,40,25,25,25,25,25
  cont_path:  (0,1),(0,1),(0,1),(0,1)
  backend:    torch
  dtype:      FP32
*** benchmarking opt_einsum expression ***
  #flops :          33410000000
  #bytes :          39862500
  arith. intensity: 838.13
  time (eval):      0.074651
  time (compile):   0.000097
  gflops (eval):    447.55
  gflops (total):   446.97
CSV_DATA: opt_einsum,torch,"aib,bjc,ckd,dle,ema->ijklm","40,40,40,40,40,25,25,25,25,25","(0,1),(0,1),(0,1),(0,1)",FP32,33410000000,838.1310755722797,9.703636169433594e-05,0.07465124130249023,447.5478159113411,446.96682042760045
*** input parameters ***
  einsum_str: aib,bjc,ckd,dle,ema->ijklm
  dim_sizes:  40,40,40,40,40,25,25,25,25,25
  cont_path:  (0,1),(0,1),(0,1),(0,1)
  backend:    torch
  dtype:      FP32
*** benchmarking opt_einsum expression ***
  #flops :          33410000000
  #bytes :          39862500
  arith. intensity: 838.13
  time (eval):      0.075657
  time (compile):   0.000096
  gflops (eval):    441.60
  gflops (total):   441.04
CSV_DATA: opt_einsum,torch,"aib,bjc,ckd,dle,ema->ijklm","40,40,40,40,40,25,25,25,25,25","(0,1),(0,1),(0,1),(0,1)",FP32,33410000000,838.1310755722797,9.632110595703125e-05,0.07565712928771973,441.59751122651886,441.03601652960197
*** input parameters ***
  einsum_str: aib,bjc,ckd,dle,ema->ijklm
  dim_sizes:  40,40,40,40,40,25,25,25,25,25
  cont_path:  (0,1),(0,1),(0,1),(0,1)
  backend:    torch
  dtype:      FP32
*** benchmarking opt_einsum expression ***
  #flops :          33410000000
  #bytes :          39862500
  arith. intensity: 838.13
  time (eval):      0.075139
  time (compile):   0.000094
  gflops (eval):    444.65
  gflops (total):   444.09
CSV_DATA: opt_einsum,torch,"aib,bjc,ckd,dle,ema->ijklm","40,40,40,40,40,25,25,25,25,25","(0,1),(0,1),(0,1),(0,1)",FP32,33410000000,838.1310755722797,9.393692016601562e-05,0.07513856887817383,444.64514694403374,444.08995347775937
*** input parameters ***
  einsum_str: aib,bjc,ckd,dle,ema->ijklm
  dim_sizes:  40,40,40,40,40,25,25,25,25,25
  cont_path:  (0,1),(0,1),(0,1),(0,1)
  backend:    torch
  dtype:      FP32
*** benchmarking opt_einsum expression ***
  #flops :          33410000000
  #bytes :          39862500
  arith. intensity: 838.13
  time (eval):      0.074316
  time (compile):   0.000098
  gflops (eval):    449.57
  gflops (total):   448.98
CSV_DATA: opt_einsum,torch,"aib,bjc,ckd,dle,ema->ijklm","40,40,40,40,40,25,25,25,25,25","(0,1),(0,1),(0,1),(0,1)",FP32,33410000000,838.1310755722797,9.822845458984375e-05,0.07431554794311523,449.56944979499656,448.9760044086456
*** input parameters ***
  einsum_str: aib,bjc,ckd,dle,ema->ijklm
  dim_sizes:  40,40,40,40,40,25,25,25,25,25
  cont_path:  (0,1),(0,1),(0,1),(0,1)
  backend:    torch
  dtype:      FP32
*** benchmarking opt_einsum expression ***
  #flops :          33410000000
  #bytes :          39862500
  arith. intensity: 838.13
  time (eval):      0.075340
  time (compile):   0.000096
  gflops (eval):    443.46
  gflops (total):   442.89
CSV_DATA: opt_einsum,torch,"aib,bjc,ckd,dle,ema->ijklm","40,40,40,40,40,25,25,25,25,25","(0,1),(0,1),(0,1),(0,1)",FP32,33410000000,838.1310755722797,9.560585021972656e-05,0.07534003257751465,443.45613954474544,442.89411074589134
*** input parameters ***
  einsum_str: aib,bjc,ckd,dle,ema->ijklm
  dim_sizes:  40,40,40,40,40,25,25,25,25,25
  cont_path:  (0,1),(0,1),(0,1),(0,1)
  backend:    torch
  dtype:      FP32
*** benchmarking opt_einsum expression ***
  #flops :          33410000000
  #bytes :          39862500
  arith. intensity: 838.13
  time (eval):      0.074734
  time (compile):   0.000096
  gflops (eval):    447.05
  gflops (total):   446.48
CSV_DATA: opt_einsum,torch,"aib,bjc,ckd,dle,ema->ijklm","40,40,40,40,40,25,25,25,25,25","(0,1),(0,1),(0,1),(0,1)",FP32,33410000000,838.1310755722797,9.584426879882812e-05,0.07473397254943848,447.0523760515797,446.4797779894794
*** input parameters ***
  einsum_str: aib,bjc,ckd,dle,ema->ijklm
  dim_sizes:  40,40,40,40,40,25,25,25,25,25
  cont_path:  (0,1),(0,1),(0,1),(0,1)
  backend:    torch
  dtype:      FP32
*** benchmarking opt_einsum expression ***
  #flops :          33410000000
  #bytes :          39862500
  arith. intensity: 838.13
  time (eval):      0.075337
  time (compile):   0.000094
  gflops (eval):    443.47
  gflops (total):   442.92
CSV_DATA: opt_einsum,torch,"aib,bjc,ckd,dle,ema->ijklm","40,40,40,40,40,25,25,25,25,25","(0,1),(0,1),(0,1),(0,1)",FP32,33410000000,838.1310755722797,9.441375732421875e-05,0.07533740997314453,443.47157689532514,442.9165085465763
*** input parameters ***
  einsum_str: aib,bjc,ckd,dle,ema->ijklm
  dim_sizes:  40,40,40,40,40,25,25,25,25,25
  cont_path:  (0,1),(0,1),(0,1),(0,1)
  backend:    torch
  dtype:      FP32
*** benchmarking opt_einsum expression ***
  #flops :          33410000000
  #bytes :          39862500
  arith. intensity: 838.13
  time (eval):      0.074394
  time (compile):   0.000096
  gflops (eval):    449.10
  gflops (total):   448.52
CSV_DATA: opt_einsum,torch,"aib,bjc,ckd,dle,ema->ijklm","40,40,40,40,40,25,25,25,25,25","(0,1),(0,1),(0,1),(0,1)",FP32,33410000000,838.1310755722797,9.632110595703125e-05,0.07439351081848145,449.0983102211654,448.51759141960036
*** input parameters ***
  einsum_str: aib,bjc,ckd,dle,ema->ijklm
  dim_sizes:  40,40,40,40,40,25,25,25,25,25
  cont_path:  (0,1),(0,1),(0,1),(0,1)
  backend:    torch
  dtype:      FP32
*** benchmarking opt_einsum expression ***
  #flops :          33410000000
  #bytes :          39862500
  arith. intensity: 838.13
  time (eval):      0.075196
  time (compile):   0.000096
  gflops (eval):    444.31
  gflops (total):   443.74
CSV_DATA: opt_einsum,torch,"aib,bjc,ckd,dle,ema->ijklm","40,40,40,40,40,25,25,25,25,25","(0,1),(0,1),(0,1),(0,1)",FP32,33410000000,838.1310755722797,9.584426879882812e-05,0.0751960277557373,444.3053841690579,443.7397968948407
