*** input parameters ***
  einsum_str: Babcd,aij,bik,ckl,dlm,ejp,fop,gno,hmn->Befgh
  dim_sizes:  128,4,7,4,7,3,4,5,5,50,50,50,50,50,50,50,50
  cont_path:  (1,5),(4,5),(1,2),(1,2),(1,2),(1,2),(1,2),(0,1)
  backend:    torch
  dtype:      FP32
*** benchmarking opt_einsum expression ***
  #flops :          1564961200
  #bytes :          945008
  arith. intensity: 1656.03
  time (eval):      0.004203
  time (compile):   0.000245
  gflops (eval):    372.36
  gflops (total):   351.88
CSV_DATA: opt_einsum,torch,"Babcd,aij,bik,ckl,dlm,ejp,fop,gno,hmn->Befgh","128,4,7,4,7,3,4,5,5,50,50,50,50,50,50,50,50","(1,5),(4,5),(1,2),(1,2),(1,2),(1,2),(1,2),(0,1)",FP32,1564961200,1656.029578585578,0.0002446174621582031,0.004202842712402344,372.35778426394376,351.87750729091886
*** input parameters ***
  einsum_str: Babcd,aij,bik,ckl,dlm,ejp,fop,gno,hmn->Befgh
  dim_sizes:  128,4,7,4,7,3,4,5,5,50,50,50,50,50,50,50,50
  cont_path:  (1,5),(4,5),(1,2),(1,2),(1,2),(1,2),(1,2),(0,1)
  backend:    torch
  dtype:      FP32
*** benchmarking opt_einsum expression ***
  #flops :          1564961200
  #bytes :          945008
  arith. intensity: 1656.03
  time (eval):      0.003937
  time (compile):   0.000233
  gflops (eval):    397.55
  gflops (total):   375.32
CSV_DATA: opt_einsum,torch,"Babcd,aij,bik,ckl,dlm,ejp,fop,gno,hmn->Befgh","128,4,7,4,7,3,4,5,5,50,50,50,50,50,50,50,50","(1,5),(4,5),(1,2),(1,2),(1,2),(1,2),(1,2),(0,1)",FP32,1564961200,1656.029578585578,0.00023317337036132812,0.0039365291595458984,397.54848410179886,375.3172291728973
*** input parameters ***
  einsum_str: Babcd,aij,bik,ckl,dlm,ejp,fop,gno,hmn->Befgh
  dim_sizes:  128,4,7,4,7,3,4,5,5,50,50,50,50,50,50,50,50
  cont_path:  (1,5),(4,5),(1,2),(1,2),(1,2),(1,2),(1,2),(0,1)
  backend:    torch
  dtype:      FP32
*** benchmarking opt_einsum expression ***
  #flops :          1564961200
  #bytes :          945008
  arith. intensity: 1656.03
  time (eval):      0.004293
  time (compile):   0.000237
  gflops (eval):    364.50
  gflops (total):   345.40
CSV_DATA: opt_einsum,torch,"Babcd,aij,bik,ckl,dlm,ejp,fop,gno,hmn->Befgh","128,4,7,4,7,3,4,5,5,50,50,50,50,50,50,50,50","(1,5),(4,5),(1,2),(1,2),(1,2),(1,2),(1,2),(0,1)",FP32,1564961200,1656.029578585578,0.00023746490478515625,0.0042934417724609375,364.50038988254107,345.39691754392766
*** input parameters ***
  einsum_str: Babcd,aij,bik,ckl,dlm,ejp,fop,gno,hmn->Befgh
  dim_sizes:  128,4,7,4,7,3,4,5,5,50,50,50,50,50,50,50,50
  cont_path:  (1,5),(4,5),(1,2),(1,2),(1,2),(1,2),(1,2),(0,1)
  backend:    torch
  dtype:      FP32
*** benchmarking opt_einsum expression ***
  #flops :          1564961200
  #bytes :          945008
  arith. intensity: 1656.03
  time (eval):      0.003914
  time (compile):   0.000247
  gflops (eval):    399.82
  gflops (total):   376.11
CSV_DATA: opt_einsum,torch,"Babcd,aij,bik,ckl,dlm,ejp,fop,gno,hmn->Befgh","128,4,7,4,7,3,4,5,5,50,50,50,50,50,50,50,50","(1,5),(4,5),(1,2),(1,2),(1,2),(1,2),(1,2),(0,1)",FP32,1564961200,1656.029578585578,0.0002467632293701172,0.0039141178131103516,399.82475610676744,376.1129395487509
*** input parameters ***
  einsum_str: Babcd,aij,bik,ckl,dlm,ejp,fop,gno,hmn->Befgh
  dim_sizes:  128,4,7,4,7,3,4,5,5,50,50,50,50,50,50,50,50
  cont_path:  (1,5),(4,5),(1,2),(1,2),(1,2),(1,2),(1,2),(0,1)
  backend:    torch
  dtype:      FP32
*** benchmarking opt_einsum expression ***
  #flops :          1564961200
  #bytes :          945008
  arith. intensity: 1656.03
  time (eval):      0.004422
  time (compile):   0.000234
  gflops (eval):    353.91
  gflops (total):   336.13
CSV_DATA: opt_einsum,torch,"Babcd,aij,bik,ckl,dlm,ejp,fop,gno,hmn->Befgh","128,4,7,4,7,3,4,5,5,50,50,50,50,50,50,50,50","(1,5),(4,5),(1,2),(1,2),(1,2),(1,2),(1,2),(0,1)",FP32,1564961200,1656.029578585578,0.0002338886260986328,0.00442194938659668,353.90753334797006,336.128790506186
*** input parameters ***
  einsum_str: Babcd,aij,bik,ckl,dlm,ejp,fop,gno,hmn->Befgh
  dim_sizes:  128,4,7,4,7,3,4,5,5,50,50,50,50,50,50,50,50
  cont_path:  (1,5),(4,5),(1,2),(1,2),(1,2),(1,2),(1,2),(0,1)
  backend:    torch
  dtype:      FP32
*** benchmarking opt_einsum expression ***
  #flops :          1564961200
  #bytes :          945008
  arith. intensity: 1656.03
  time (eval):      0.004482
  time (compile):   0.000241
  gflops (eval):    349.18
  gflops (total):   331.39
CSV_DATA: opt_einsum,torch,"Babcd,aij,bik,ckl,dlm,ejp,fop,gno,hmn->Befgh","128,4,7,4,7,3,4,5,5,50,50,50,50,50,50,50,50","(1,5),(4,5),(1,2),(1,2),(1,2),(1,2),(1,2),(0,1)",FP32,1564961200,1656.029578585578,0.00024056434631347656,0.004481792449951172,349.1819885628684,331.39410415533905
*** input parameters ***
  einsum_str: Babcd,aij,bik,ckl,dlm,ejp,fop,gno,hmn->Befgh
  dim_sizes:  128,4,7,4,7,3,4,5,5,50,50,50,50,50,50,50,50
  cont_path:  (1,5),(4,5),(1,2),(1,2),(1,2),(1,2),(1,2),(0,1)
  backend:    torch
  dtype:      FP32
*** benchmarking opt_einsum expression ***
  #flops :          1564961200
  #bytes :          945008
  arith. intensity: 1656.03
  time (eval):      0.004088
  time (compile):   0.000251
  gflops (eval):    382.78
  gflops (total):   360.62
CSV_DATA: opt_einsum,torch,"Babcd,aij,bik,ckl,dlm,ejp,fop,gno,hmn->Befgh","128,4,7,4,7,3,4,5,5,50,50,50,50,50,50,50,50","(1,5),(4,5),(1,2),(1,2),(1,2),(1,2),(1,2),(0,1)",FP32,1564961200,1656.029578585578,0.0002512931823730469,0.004088401794433594,382.78067535600655,360.6154829691682
*** input parameters ***
  einsum_str: Babcd,aij,bik,ckl,dlm,ejp,fop,gno,hmn->Befgh
  dim_sizes:  128,4,7,4,7,3,4,5,5,50,50,50,50,50,50,50,50
  cont_path:  (1,5),(4,5),(1,2),(1,2),(1,2),(1,2),(1,2),(0,1)
  backend:    torch
  dtype:      FP32
*** benchmarking opt_einsum expression ***
  #flops :          1564961200
  #bytes :          945008
  arith. intensity: 1656.03
  time (eval):      0.004523
  time (compile):   0.000239
  gflops (eval):    346.00
  gflops (total):   328.61
CSV_DATA: opt_einsum,torch,"Babcd,aij,bik,ckl,dlm,ejp,fop,gno,hmn->Befgh","128,4,7,4,7,3,4,5,5,50,50,50,50,50,50,50,50","(1,5),(4,5),(1,2),(1,2),(1,2),(1,2),(1,2),(0,1)",FP32,1564961200,1656.029578585578,0.00023937225341796875,0.004523038864135742,345.99773448973696,328.60690968734923
*** input parameters ***
  einsum_str: Babcd,aij,bik,ckl,dlm,ejp,fop,gno,hmn->Befgh
  dim_sizes:  128,4,7,4,7,3,4,5,5,50,50,50,50,50,50,50,50
  cont_path:  (1,5),(4,5),(1,2),(1,2),(1,2),(1,2),(1,2),(0,1)
  backend:    torch
  dtype:      FP32
*** benchmarking opt_einsum expression ***
  #flops :          1564961200
  #bytes :          945008
  arith. intensity: 1656.03
  time (eval):      0.004036
  time (compile):   0.000233
  gflops (eval):    387.76
  gflops (total):   366.60
CSV_DATA: opt_einsum,torch,"Babcd,aij,bik,ckl,dlm,ejp,fop,gno,hmn->Befgh","128,4,7,4,7,3,4,5,5,50,50,50,50,50,50,50,50","(1,5),(4,5),(1,2),(1,2),(1,2),(1,2),(1,2),(0,1)",FP32,1564961200,1656.029578585578,0.00023293495178222656,0.00403594970703125,387.75537694971644,366.5972086570679
*** input parameters ***
  einsum_str: Babcd,aij,bik,ckl,dlm,ejp,fop,gno,hmn->Befgh
  dim_sizes:  128,4,7,4,7,3,4,5,5,50,50,50,50,50,50,50,50
  cont_path:  (1,5),(4,5),(1,2),(1,2),(1,2),(1,2),(1,2),(0,1)
  backend:    torch
  dtype:      FP32
*** benchmarking opt_einsum expression ***
  #flops :          1564961200
  #bytes :          945008
  arith. intensity: 1656.03
  time (eval):      0.004174
  time (compile):   0.000238
  gflops (eval):    374.97
  gflops (total):   354.75
CSV_DATA: opt_einsum,torch,"Babcd,aij,bik,ckl,dlm,ejp,fop,gno,hmn->Befgh","128,4,7,4,7,3,4,5,5,50,50,50,50,50,50,50,50","(1,5),(4,5),(1,2),(1,2),(1,2),(1,2),(1,2),(0,1)",FP32,1564961200,1656.029578585578,0.00023794174194335938,0.0041735172271728516,374.9741800059869,354.7491228992488
*** input parameters ***
  einsum_str: Babcd,aij,bik,ckl,dlm,ejp,fop,gno,hmn->Befgh
  dim_sizes:  128,4,7,4,7,3,4,5,5,50,50,50,50,50,50,50,50
  cont_path:  (1,5),(4,5),(1,2),(1,2),(1,2),(1,2),(1,2),(0,1)
  backend:    torch
  dtype:      FP32
*** benchmarking opt_einsum expression ***
  #flops :          1564961200
  #bytes :          945008
  arith. intensity: 1656.03
  time (eval):      0.004400
  time (compile):   0.000232
  gflops (eval):    355.67
  gflops (total):   337.84
CSV_DATA: opt_einsum,torch,"Babcd,aij,bik,ckl,dlm,ejp,fop,gno,hmn->Befgh","128,4,7,4,7,3,4,5,5,50,50,50,50,50,50,50,50","(1,5),(4,5),(1,2),(1,2),(1,2),(1,2),(1,2),(0,1)",FP32,1564961200,1656.029578585578,0.00023221969604492188,0.004400014877319336,355.67179739933897,337.8415266356889
*** input parameters ***
  einsum_str: Babcd,aij,bik,ckl,dlm,ejp,fop,gno,hmn->Befgh
  dim_sizes:  128,4,7,4,7,3,4,5,5,50,50,50,50,50,50,50,50
  cont_path:  (1,5),(4,5),(1,2),(1,2),(1,2),(1,2),(1,2),(0,1)
  backend:    torch
  dtype:      FP32
*** benchmarking opt_einsum expression ***
  #flops :          1564961200
  #bytes :          945008
  arith. intensity: 1656.03
  time (eval):      0.003999
  time (compile):   0.000233
  gflops (eval):    391.39
  gflops (total):   369.80
CSV_DATA: opt_einsum,torch,"Babcd,aij,bik,ckl,dlm,ejp,fop,gno,hmn->Befgh","128,4,7,4,7,3,4,5,5,50,50,50,50,50,50,50,50","(1,5),(4,5),(1,2),(1,2),(1,2),(1,2),(1,2),(0,1)",FP32,1564961200,1656.029578585578,0.0002334117889404297,0.003998517990112305,391.38530922454237,369.79848005660847
*** input parameters ***
  einsum_str: Babcd,aij,bik,ckl,dlm,ejp,fop,gno,hmn->Befgh
  dim_sizes:  128,4,7,4,7,3,4,5,5,50,50,50,50,50,50,50,50
  cont_path:  (1,5),(4,5),(1,2),(1,2),(1,2),(1,2),(1,2),(0,1)
  backend:    torch
  dtype:      FP32
*** benchmarking opt_einsum expression ***
  #flops :          1564961200
  #bytes :          945008
  arith. intensity: 1656.03
  time (eval):      0.004221
  time (compile):   0.000243
  gflops (eval):    370.78
  gflops (total):   350.62
CSV_DATA: opt_einsum,torch,"Babcd,aij,bik,ckl,dlm,ejp,fop,gno,hmn->Befgh","128,4,7,4,7,3,4,5,5,50,50,50,50,50,50,50,50","(1,5),(4,5),(1,2),(1,2),(1,2),(1,2),(1,2),(0,1)",FP32,1564961200,1656.029578585578,0.00024271011352539062,0.004220724105834961,370.7802644187313,350.6181839113723
*** input parameters ***
  einsum_str: Babcd,aij,bik,ckl,dlm,ejp,fop,gno,hmn->Befgh
  dim_sizes:  128,4,7,4,7,3,4,5,5,50,50,50,50,50,50,50,50
  cont_path:  (1,5),(4,5),(1,2),(1,2),(1,2),(1,2),(1,2),(0,1)
  backend:    torch
  dtype:      FP32
*** benchmarking opt_einsum expression ***
  #flops :          1564961200
  #bytes :          945008
  arith. intensity: 1656.03
  time (eval):      0.004221
  time (compile):   0.000237
  gflops (eval):    370.78
  gflops (total):   351.03
CSV_DATA: opt_einsum,torch,"Babcd,aij,bik,ckl,dlm,ejp,fop,gno,hmn->Befgh","128,4,7,4,7,3,4,5,5,50,50,50,50,50,50,50,50","(1,5),(4,5),(1,2),(1,2),(1,2),(1,2),(1,2),(0,1)",FP32,1564961200,1656.029578585578,0.00023746490478515625,0.004220724105834961,370.7802644187313,351.03069795201884
*** input parameters ***
  einsum_str: Babcd,aij,bik,ckl,dlm,ejp,fop,gno,hmn->Befgh
  dim_sizes:  128,4,7,4,7,3,4,5,5,50,50,50,50,50,50,50,50
  cont_path:  (1,5),(4,5),(1,2),(1,2),(1,2),(1,2),(1,2),(0,1)
  backend:    torch
  dtype:      FP32
*** benchmarking opt_einsum expression ***
  #flops :          1564961200
  #bytes :          945008
  arith. intensity: 1656.03
  time (eval):      0.003970
  time (compile):   0.000240
  gflops (eval):    394.16
  gflops (total):   371.68
CSV_DATA: opt_einsum,torch,"Babcd,aij,bik,ckl,dlm,ejp,fop,gno,hmn->Befgh","128,4,7,4,7,3,4,5,5,50,50,50,50,50,50,50,50","(1,5),(4,5),(1,2),(1,2),(1,2),(1,2),(1,2),(0,1)",FP32,1564961200,1656.029578585578,0.00024008750915527344,0.00397038459777832,394.1585913051582,371.68307027207254
*** input parameters ***
  einsum_str: Babcd,aij,bik,ckl,dlm,ejp,fop,gno,hmn->Befgh
  dim_sizes:  128,4,7,4,7,3,4,5,5,50,50,50,50,50,50,50,50
  cont_path:  (1,5),(4,5),(1,2),(1,2),(1,2),(1,2),(1,2),(0,1)
  backend:    torch
  dtype:      FP32
*** benchmarking opt_einsum expression ***
  #flops :          1564961200
  #bytes :          945008
  arith. intensity: 1656.03
  time (eval):      0.004451
  time (compile):   0.000233
  gflops (eval):    351.58
  gflops (total):   334.06
CSV_DATA: opt_einsum,torch,"Babcd,aij,bik,ckl,dlm,ejp,fop,gno,hmn->Befgh","128,4,7,4,7,3,4,5,5,50,50,50,50,50,50,50,50","(1,5),(4,5),(1,2),(1,2),(1,2),(1,2),(1,2),(0,1)",FP32,1564961200,1656.029578585578,0.0002334117889404297,0.004451274871826172,351.5759518481414,334.0588844727365
*** input parameters ***
  einsum_str: Babcd,aij,bik,ckl,dlm,ejp,fop,gno,hmn->Befgh
  dim_sizes:  128,4,7,4,7,3,4,5,5,50,50,50,50,50,50,50,50
  cont_path:  (1,5),(4,5),(1,2),(1,2),(1,2),(1,2),(1,2),(0,1)
  backend:    torch
  dtype:      FP32
*** benchmarking opt_einsum expression ***
  #flops :          1564961200
  #bytes :          945008
  arith. intensity: 1656.03
  time (eval):      0.003990
  time (compile):   0.000237
  gflops (eval):    392.23
  gflops (total):   370.26
CSV_DATA: opt_einsum,torch,"Babcd,aij,bik,ckl,dlm,ejp,fop,gno,hmn->Befgh","128,4,7,4,7,3,4,5,5,50,50,50,50,50,50,50,50","(1,5),(4,5),(1,2),(1,2),(1,2),(1,2),(1,2),(0,1)",FP32,1564961200,1656.029578585578,0.00023674964904785156,0.0039899349212646484,392.22724953718557,370.2573906252708
*** input parameters ***
  einsum_str: Babcd,aij,bik,ckl,dlm,ejp,fop,gno,hmn->Befgh
  dim_sizes:  128,4,7,4,7,3,4,5,5,50,50,50,50,50,50,50,50
  cont_path:  (1,5),(4,5),(1,2),(1,2),(1,2),(1,2),(1,2),(0,1)
  backend:    torch
  dtype:      FP32
*** benchmarking opt_einsum expression ***
  #flops :          1564961200
  #bytes :          945008
  arith. intensity: 1656.03
  time (eval):      0.004263
  time (compile):   0.000235
  gflops (eval):    367.11
  gflops (total):   347.94
CSV_DATA: opt_einsum,torch,"Babcd,aij,bik,ckl,dlm,ejp,fop,gno,hmn->Befgh","128,4,7,4,7,3,4,5,5,50,50,50,50,50,50,50,50","(1,5),(4,5),(1,2),(1,2),(1,2),(1,2),(1,2),(0,1)",FP32,1564961200,1656.029578585578,0.00023484230041503906,0.0042629241943359375,367.10978864680095,347.941851100175
*** input parameters ***
  einsum_str: Babcd,aij,bik,ckl,dlm,ejp,fop,gno,hmn->Befgh
  dim_sizes:  128,4,7,4,7,3,4,5,5,50,50,50,50,50,50,50,50
  cont_path:  (1,5),(4,5),(1,2),(1,2),(1,2),(1,2),(1,2),(0,1)
  backend:    torch
  dtype:      FP32
*** benchmarking opt_einsum expression ***
  #flops :          1564961200
  #bytes :          945008
  arith. intensity: 1656.03
  time (eval):      0.004122
  time (compile):   0.000246
  gflops (eval):    379.66
  gflops (total):   358.25
CSV_DATA: opt_einsum,torch,"Babcd,aij,bik,ckl,dlm,ejp,fop,gno,hmn->Befgh","128,4,7,4,7,3,4,5,5,50,50,50,50,50,50,50,50","(1,5),(4,5),(1,2),(1,2),(1,2),(1,2),(1,2),(0,1)",FP32,1564961200,1656.029578585578,0.00024628639221191406,0.004122018814086914,379.65891728872697,358.2536306628534
*** input parameters ***
  einsum_str: Babcd,aij,bik,ckl,dlm,ejp,fop,gno,hmn->Befgh
  dim_sizes:  128,4,7,4,7,3,4,5,5,50,50,50,50,50,50,50,50
  cont_path:  (1,5),(4,5),(1,2),(1,2),(1,2),(1,2),(1,2),(0,1)
  backend:    torch
  dtype:      FP32
*** benchmarking opt_einsum expression ***
  #flops :          1564961200
  #bytes :          945008
  arith. intensity: 1656.03
  time (eval):      0.004231
  time (compile):   0.000231
  gflops (eval):    369.84
  gflops (total):   350.69
CSV_DATA: opt_einsum,torch,"Babcd,aij,bik,ckl,dlm,ejp,fop,gno,hmn->Befgh","128,4,7,4,7,3,4,5,5,50,50,50,50,50,50,50,50","(1,5),(4,5),(1,2),(1,2),(1,2),(1,2),(1,2),(0,1)",FP32,1564961200,1656.029578585578,0.00023102760314941406,0.004231452941894531,369.84015218643225,350.69311433481863
*** input parameters ***
  einsum_str: Babcd,aij,bik,ckl,dlm,ejp,fop,gno,hmn->Befgh
  dim_sizes:  128,4,7,4,7,3,4,5,5,50,50,50,50,50,50,50,50
  cont_path:  (1,5),(4,5),(1,2),(1,2),(1,2),(1,2),(1,2),(0,1)
  backend:    torch
  dtype:      FP32
*** benchmarking opt_einsum expression ***
  #flops :          1564961200
  #bytes :          945008
  arith. intensity: 1656.03
  time (eval):      0.004587
  time (compile):   0.000237
  gflops (eval):    341.16
  gflops (total):   324.40
CSV_DATA: opt_einsum,torch,"Babcd,aij,bik,ckl,dlm,ejp,fop,gno,hmn->Befgh","128,4,7,4,7,3,4,5,5,50,50,50,50,50,50,50,50","(1,5),(4,5),(1,2),(1,2),(1,2),(1,2),(1,2),(0,1)",FP32,1564961200,1656.029578585578,0.00023698806762695312,0.0045871734619140625,341.1602401769647,324.40066328974996
*** input parameters ***
  einsum_str: Babcd,aij,bik,ckl,dlm,ejp,fop,gno,hmn->Befgh
  dim_sizes:  128,4,7,4,7,3,4,5,5,50,50,50,50,50,50,50,50
  cont_path:  (1,5),(4,5),(1,2),(1,2),(1,2),(1,2),(1,2),(0,1)
  backend:    torch
  dtype:      FP32
*** benchmarking opt_einsum expression ***
  #flops :          1564961200
  #bytes :          945008
  arith. intensity: 1656.03
  time (eval):      0.004403
  time (compile):   0.000231
  gflops (eval):    355.46
  gflops (total):   337.74
CSV_DATA: opt_einsum,torch,"Babcd,aij,bik,ckl,dlm,ejp,fop,gno,hmn->Befgh","128,4,7,4,7,3,4,5,5,50,50,50,50,50,50,50,50","(1,5),(4,5),(1,2),(1,2),(1,2),(1,2),(1,2),(0,1)",FP32,1564961200,1656.029578585578,0.00023102760314941406,0.004402637481689453,355.459927488617,337.73722773371753
*** input parameters ***
  einsum_str: Babcd,aij,bik,ckl,dlm,ejp,fop,gno,hmn->Befgh
  dim_sizes:  128,4,7,4,7,3,4,5,5,50,50,50,50,50,50,50,50
  cont_path:  (1,5),(4,5),(1,2),(1,2),(1,2),(1,2),(1,2),(0,1)
  backend:    torch
  dtype:      FP32
*** benchmarking opt_einsum expression ***
  #flops :          1564961200
  #bytes :          945008
  arith. intensity: 1656.03
  time (eval):      0.004433
  time (compile):   0.000233
  gflops (eval):    352.99
  gflops (total):   335.34
CSV_DATA: opt_einsum,torch,"Babcd,aij,bik,ckl,dlm,ejp,fop,gno,hmn->Befgh","128,4,7,4,7,3,4,5,5,50,50,50,50,50,50,50,50","(1,5),(4,5),(1,2),(1,2),(1,2),(1,2),(1,2),(0,1)",FP32,1564961200,1656.029578585578,0.0002334117889404297,0.004433393478393555,352.99397800509814,335.3388689590682
*** input parameters ***
  einsum_str: Babcd,aij,bik,ckl,dlm,ejp,fop,gno,hmn->Befgh
  dim_sizes:  128,4,7,4,7,3,4,5,5,50,50,50,50,50,50,50,50
  cont_path:  (1,5),(4,5),(1,2),(1,2),(1,2),(1,2),(1,2),(0,1)
  backend:    torch
  dtype:      FP32
*** benchmarking opt_einsum expression ***
  #flops :          1564961200
  #bytes :          945008
  arith. intensity: 1656.03
  time (eval):      0.004056
  time (compile):   0.000230
  gflops (eval):    385.80
  gflops (total):   365.07
CSV_DATA: opt_einsum,torch,"Babcd,aij,bik,ckl,dlm,ejp,fop,gno,hmn->Befgh","128,4,7,4,7,3,4,5,5,50,50,50,50,50,50,50,50","(1,5),(4,5),(1,2),(1,2),(1,2),(1,2),(1,2),(0,1)",FP32,1564961200,1656.029578585578,0.00023031234741210938,0.004056453704833984,385.79540501967796,365.06802119047836
*** input parameters ***
  einsum_str: Babcd,aij,bik,ckl,dlm,ejp,fop,gno,hmn->Befgh
  dim_sizes:  128,4,7,4,7,3,4,5,5,50,50,50,50,50,50,50,50
  cont_path:  (1,5),(4,5),(1,2),(1,2),(1,2),(1,2),(1,2),(0,1)
  backend:    torch
  dtype:      FP32
*** benchmarking opt_einsum expression ***
  #flops :          1564961200
  #bytes :          945008
  arith. intensity: 1656.03
  time (eval):      0.004045
  time (compile):   0.000238
  gflops (eval):    386.86
  gflops (total):   365.37
CSV_DATA: opt_einsum,torch,"Babcd,aij,bik,ckl,dlm,ejp,fop,gno,hmn->Befgh","128,4,7,4,7,3,4,5,5,50,50,50,50,50,50,50,50","(1,5),(4,5),(1,2),(1,2),(1,2),(1,2),(1,2),(0,1)",FP32,1564961200,1656.029578585578,0.00023794174194335938,0.004045248031616211,386.8640903521424,365.37283723934314
*** input parameters ***
  einsum_str: Babcd,aij,bik,ckl,dlm,ejp,fop,gno,hmn->Befgh
  dim_sizes:  128,4,7,4,7,3,4,5,5,50,50,50,50,50,50,50,50
  cont_path:  (1,5),(4,5),(1,2),(1,2),(1,2),(1,2),(1,2),(0,1)
  backend:    torch
  dtype:      FP32
*** benchmarking opt_einsum expression ***
  #flops :          1564961200
  #bytes :          945008
  arith. intensity: 1656.03
  time (eval):      0.004622
  time (compile):   0.000250
  gflops (eval):    338.56
  gflops (total):   321.19
CSV_DATA: opt_einsum,torch,"Babcd,aij,bik,ckl,dlm,ejp,fop,gno,hmn->Befgh","128,4,7,4,7,3,4,5,5,50,50,50,50,50,50,50,50","(1,5),(4,5),(1,2),(1,2),(1,2),(1,2),(1,2),(0,1)",FP32,1564961200,1656.029578585578,0.0002498626708984375,0.004622459411621094,338.5559635343924,321.1941192505774
*** input parameters ***
  einsum_str: Babcd,aij,bik,ckl,dlm,ejp,fop,gno,hmn->Befgh
  dim_sizes:  128,4,7,4,7,3,4,5,5,50,50,50,50,50,50,50,50
  cont_path:  (1,5),(4,5),(1,2),(1,2),(1,2),(1,2),(1,2),(0,1)
  backend:    torch
  dtype:      FP32
*** benchmarking opt_einsum expression ***
  #flops :          1564961200
  #bytes :          945008
  arith. intensity: 1656.03
  time (eval):      0.004214
  time (compile):   0.000237
  gflops (eval):    371.35
  gflops (total):   351.54
CSV_DATA: opt_einsum,torch,"Babcd,aij,bik,ckl,dlm,ejp,fop,gno,hmn->Befgh","128,4,7,4,7,3,4,5,5,50,50,50,50,50,50,50,50","(1,5),(4,5),(1,2),(1,2),(1,2),(1,2),(1,2),(0,1)",FP32,1564961200,1656.029578585578,0.00023746490478515625,0.004214286804199219,371.3466293847477,351.5382937556127
*** input parameters ***
  einsum_str: Babcd,aij,bik,ckl,dlm,ejp,fop,gno,hmn->Befgh
  dim_sizes:  128,4,7,4,7,3,4,5,5,50,50,50,50,50,50,50,50
  cont_path:  (1,5),(4,5),(1,2),(1,2),(1,2),(1,2),(1,2),(0,1)
  backend:    torch
  dtype:      FP32
*** benchmarking opt_einsum expression ***
  #flops :          1564961200
  #bytes :          945008
  arith. intensity: 1656.03
  time (eval):      0.004438
  time (compile):   0.000237
  gflops (eval):    352.65
  gflops (total):   334.81
CSV_DATA: opt_einsum,torch,"Babcd,aij,bik,ckl,dlm,ejp,fop,gno,hmn->Befgh","128,4,7,4,7,3,4,5,5,50,50,50,50,50,50,50,50","(1,5),(4,5),(1,2),(1,2),(1,2),(1,2),(1,2),(0,1)",FP32,1564961200,1656.029578585578,0.00023651123046875,0.004437685012817383,352.65260952048567,334.8086213213364
*** input parameters ***
  einsum_str: Babcd,aij,bik,ckl,dlm,ejp,fop,gno,hmn->Befgh
  dim_sizes:  128,4,7,4,7,3,4,5,5,50,50,50,50,50,50,50,50
  cont_path:  (1,5),(4,5),(1,2),(1,2),(1,2),(1,2),(1,2),(0,1)
  backend:    torch
  dtype:      FP32
*** benchmarking opt_einsum expression ***
  #flops :          1564961200
  #bytes :          945008
  arith. intensity: 1656.03
  time (eval):      0.004292
  time (compile):   0.000231
  gflops (eval):    364.64
  gflops (total):   346.05
CSV_DATA: opt_einsum,torch,"Babcd,aij,bik,ckl,dlm,ejp,fop,gno,hmn->Befgh","128,4,7,4,7,3,4,5,5,50,50,50,50,50,50,50,50","(1,5),(4,5),(1,2),(1,2),(1,2),(1,2),(1,2),(0,1)",FP32,1564961200,1656.029578585578,0.00023055076599121094,0.0042917728424072266,364.64213215959114,346.05245787667656
*** input parameters ***
  einsum_str: Babcd,aij,bik,ckl,dlm,ejp,fop,gno,hmn->Befgh
  dim_sizes:  128,4,7,4,7,3,4,5,5,50,50,50,50,50,50,50,50
  cont_path:  (1,5),(4,5),(1,2),(1,2),(1,2),(1,2),(1,2),(0,1)
  backend:    torch
  dtype:      FP32
*** benchmarking opt_einsum expression ***
  #flops :          1564961200
  #bytes :          945008
  arith. intensity: 1656.03
  time (eval):      0.004550
  time (compile):   0.000241
  gflops (eval):    343.93
  gflops (total):   326.61
CSV_DATA: opt_einsum,torch,"Babcd,aij,bik,ckl,dlm,ejp,fop,gno,hmn->Befgh","128,4,7,4,7,3,4,5,5,50,50,50,50,50,50,50,50","(1,5),(4,5),(1,2),(1,2),(1,2),(1,2),(1,2),(0,1)",FP32,1564961200,1656.029578585578,0.00024127960205078125,0.00455021858215332,343.9309940269741,326.6120824503558
*** input parameters ***
  einsum_str: Babcd,aij,bik,ckl,dlm,ejp,fop,gno,hmn->Befgh
  dim_sizes:  128,4,7,4,7,3,4,5,5,50,50,50,50,50,50,50,50
  cont_path:  (1,5),(4,5),(1,2),(1,2),(1,2),(1,2),(1,2),(0,1)
  backend:    torch
  dtype:      FP32
*** benchmarking opt_einsum expression ***
  #flops :          1564961200
  #bytes :          945008
  arith. intensity: 1656.03
  time (eval):      0.004261
  time (compile):   0.000245
  gflops (eval):    367.32
  gflops (total):   347.35
CSV_DATA: opt_einsum,torch,"Babcd,aij,bik,ckl,dlm,ejp,fop,gno,hmn->Befgh","128,4,7,4,7,3,4,5,5,50,50,50,50,50,50,50,50","(1,5),(4,5),(1,2),(1,2),(1,2),(1,2),(1,2),(0,1)",FP32,1564961200,1656.029578585578,0.0002448558807373047,0.004260540008544922,367.31522221627307,347.3526496800974
*** input parameters ***
  einsum_str: Babcd,aij,bik,ckl,dlm,ejp,fop,gno,hmn->Befgh
  dim_sizes:  128,4,7,4,7,3,4,5,5,50,50,50,50,50,50,50,50
  cont_path:  (1,5),(4,5),(1,2),(1,2),(1,2),(1,2),(1,2),(0,1)
  backend:    torch
  dtype:      FP32
*** benchmarking opt_einsum expression ***
  #flops :          1564961200
  #bytes :          945008
  arith. intensity: 1656.03
  time (eval):      0.004244
  time (compile):   0.000234
  gflops (eval):    368.72
  gflops (total):   349.46
CSV_DATA: opt_einsum,torch,"Babcd,aij,bik,ckl,dlm,ejp,fop,gno,hmn->Befgh","128,4,7,4,7,3,4,5,5,50,50,50,50,50,50,50,50","(1,5),(4,5),(1,2),(1,2),(1,2),(1,2),(1,2),(0,1)",FP32,1564961200,1656.029578585578,0.0002338886260986328,0.004244327545166016,368.7182912596787,349.46084336925946
*** input parameters ***
  einsum_str: Babcd,aij,bik,ckl,dlm,ejp,fop,gno,hmn->Befgh
  dim_sizes:  128,4,7,4,7,3,4,5,5,50,50,50,50,50,50,50,50
  cont_path:  (1,5),(4,5),(1,2),(1,2),(1,2),(1,2),(1,2),(0,1)
  backend:    torch
  dtype:      FP32
*** benchmarking opt_einsum expression ***
  #flops :          1564961200
  #bytes :          945008
  arith. intensity: 1656.03
  time (eval):      0.004359
  time (compile):   0.000235
  gflops (eval):    359.00
  gflops (total):   340.66
CSV_DATA: opt_einsum,torch,"Babcd,aij,bik,ckl,dlm,ejp,fop,gno,hmn->Befgh","128,4,7,4,7,3,4,5,5,50,50,50,50,50,50,50,50","(1,5),(4,5),(1,2),(1,2),(1,2),(1,2),(1,2),(0,1)",FP32,1564961200,1656.029578585578,0.0002346038818359375,0.004359245300292969,358.99819629210236,340.6644706770189
*** input parameters ***
  einsum_str: Babcd,aij,bik,ckl,dlm,ejp,fop,gno,hmn->Befgh
  dim_sizes:  128,4,7,4,7,3,4,5,5,50,50,50,50,50,50,50,50
  cont_path:  (1,5),(4,5),(1,2),(1,2),(1,2),(1,2),(1,2),(0,1)
  backend:    torch
  dtype:      FP32
*** benchmarking opt_einsum expression ***
  #flops :          1564961200
  #bytes :          945008
  arith. intensity: 1656.03
  time (eval):      0.004148
  time (compile):   0.000242
  gflops (eval):    377.26
  gflops (total):   356.48
CSV_DATA: opt_einsum,torch,"Babcd,aij,bik,ckl,dlm,ejp,fop,gno,hmn->Befgh","128,4,7,4,7,3,4,5,5,50,50,50,50,50,50,50,50","(1,5),(4,5),(1,2),(1,2),(1,2),(1,2),(1,2),(0,1)",FP32,1564961200,1656.029578585578,0.00024175643920898438,0.004148244857788086,377.2586367610093,356.48308374544075
*** input parameters ***
  einsum_str: Babcd,aij,bik,ckl,dlm,ejp,fop,gno,hmn->Befgh
  dim_sizes:  128,4,7,4,7,3,4,5,5,50,50,50,50,50,50,50,50
  cont_path:  (1,5),(4,5),(1,2),(1,2),(1,2),(1,2),(1,2),(0,1)
  backend:    torch
  dtype:      FP32
*** benchmarking opt_einsum expression ***
  #flops :          1564961200
  #bytes :          945008
  arith. intensity: 1656.03
  time (eval):      0.004346
  time (compile):   0.000237
  gflops (eval):    360.06
  gflops (total):   341.44
CSV_DATA: opt_einsum,torch,"Babcd,aij,bik,ckl,dlm,ejp,fop,gno,hmn->Befgh","128,4,7,4,7,3,4,5,5,50,50,50,50,50,50,50,50","(1,5),(4,5),(1,2),(1,2),(1,2),(1,2),(1,2),(0,1)",FP32,1564961200,1656.029578585578,0.00023698806762695312,0.004346370697021484,360.061602907559,341.44418544552644
*** input parameters ***
  einsum_str: Babcd,aij,bik,ckl,dlm,ejp,fop,gno,hmn->Befgh
  dim_sizes:  128,4,7,4,7,3,4,5,5,50,50,50,50,50,50,50,50
  cont_path:  (1,5),(4,5),(1,2),(1,2),(1,2),(1,2),(1,2),(0,1)
  backend:    torch
  dtype:      FP32
*** benchmarking opt_einsum expression ***
  #flops :          1564961200
  #bytes :          945008
  arith. intensity: 1656.03
  time (eval):      0.004451
  time (compile):   0.000232
  gflops (eval):    351.61
  gflops (total):   334.19
CSV_DATA: opt_einsum,torch,"Babcd,aij,bik,ckl,dlm,ejp,fop,gno,hmn->Befgh","128,4,7,4,7,3,4,5,5,50,50,50,50,50,50,50,50","(1,5),(4,5),(1,2),(1,2),(1,2),(1,2),(1,2),(0,1)",FP32,1564961200,1656.029578585578,0.0002319812774658203,0.004450798034667969,351.613618009685,334.19495041010134
*** input parameters ***
  einsum_str: Babcd,aij,bik,ckl,dlm,ejp,fop,gno,hmn->Befgh
  dim_sizes:  128,4,7,4,7,3,4,5,5,50,50,50,50,50,50,50,50
  cont_path:  (1,5),(4,5),(1,2),(1,2),(1,2),(1,2),(1,2),(0,1)
  backend:    torch
  dtype:      FP32
*** benchmarking opt_einsum expression ***
  #flops :          1564961200
  #bytes :          945008
  arith. intensity: 1656.03
  time (eval):      0.004668
  time (compile):   0.000244
  gflops (eval):    335.27
  gflops (total):   318.62
CSV_DATA: opt_einsum,torch,"Babcd,aij,bik,ckl,dlm,ejp,fop,gno,hmn->Befgh","128,4,7,4,7,3,4,5,5,50,50,50,50,50,50,50,50","(1,5),(4,5),(1,2),(1,2),(1,2),(1,2),(1,2),(0,1)",FP32,1564961200,1656.029578585578,0.00024390220642089844,0.004667758941650391,335.2703555523956,318.6215727879617
*** input parameters ***
  einsum_str: Babcd,aij,bik,ckl,dlm,ejp,fop,gno,hmn->Befgh
  dim_sizes:  128,4,7,4,7,3,4,5,5,50,50,50,50,50,50,50,50
  cont_path:  (1,5),(4,5),(1,2),(1,2),(1,2),(1,2),(1,2),(0,1)
  backend:    torch
  dtype:      FP32
*** benchmarking opt_einsum expression ***
  #flops :          1564961200
  #bytes :          945008
  arith. intensity: 1656.03
  time (eval):      0.004495
  time (compile):   0.000231
  gflops (eval):    348.18
  gflops (total):   331.14
CSV_DATA: opt_einsum,torch,"Babcd,aij,bik,ckl,dlm,ejp,fop,gno,hmn->Befgh","128,4,7,4,7,3,4,5,5,50,50,50,50,50,50,50,50","(1,5),(4,5),(1,2),(1,2),(1,2),(1,2),(1,2),(0,1)",FP32,1564961200,1656.029578585578,0.00023126602172851562,0.004494667053222656,348.18178554025036,331.14332665749174
*** input parameters ***
  einsum_str: Babcd,aij,bik,ckl,dlm,ejp,fop,gno,hmn->Befgh
  dim_sizes:  128,4,7,4,7,3,4,5,5,50,50,50,50,50,50,50,50
  cont_path:  (1,5),(4,5),(1,2),(1,2),(1,2),(1,2),(1,2),(0,1)
  backend:    torch
  dtype:      FP32
*** benchmarking opt_einsum expression ***
  #flops :          1564961200
  #bytes :          945008
  arith. intensity: 1656.03
  time (eval):      0.004684
  time (compile):   0.000239
  gflops (eval):    334.09
  gflops (total):   317.87
CSV_DATA: opt_einsum,torch,"Babcd,aij,bik,ckl,dlm,ejp,fop,gno,hmn->Befgh","128,4,7,4,7,3,4,5,5,50,50,50,50,50,50,50,50","(1,5),(4,5),(1,2),(1,2),(1,2),(1,2),(1,2),(0,1)",FP32,1564961200,1656.029578585578,0.0002391338348388672,0.0046842098236083984,334.09289056877896,317.8655215982954
*** input parameters ***
  einsum_str: Babcd,aij,bik,ckl,dlm,ejp,fop,gno,hmn->Befgh
  dim_sizes:  128,4,7,4,7,3,4,5,5,50,50,50,50,50,50,50,50
  cont_path:  (1,5),(4,5),(1,2),(1,2),(1,2),(1,2),(1,2),(0,1)
  backend:    torch
  dtype:      FP32
*** benchmarking opt_einsum expression ***
  #flops :          1564961200
  #bytes :          945008
  arith. intensity: 1656.03
  time (eval):      0.004461
  time (compile):   0.000355
  gflops (eval):    350.79
  gflops (total):   324.95
CSV_DATA: opt_einsum,torch,"Babcd,aij,bik,ckl,dlm,ejp,fop,gno,hmn->Befgh","128,4,7,4,7,3,4,5,5,50,50,50,50,50,50,50,50","(1,5),(4,5),(1,2),(1,2),(1,2),(1,2),(1,2),(0,1)",FP32,1564961200,1656.029578585578,0.000354766845703125,0.0044612884521484375,350.7868224136811,324.9466842081584
*** input parameters ***
  einsum_str: Babcd,aij,bik,ckl,dlm,ejp,fop,gno,hmn->Befgh
  dim_sizes:  128,4,7,4,7,3,4,5,5,50,50,50,50,50,50,50,50
  cont_path:  (1,5),(4,5),(1,2),(1,2),(1,2),(1,2),(1,2),(0,1)
  backend:    torch
  dtype:      FP32
*** benchmarking opt_einsum expression ***
  #flops :          1564961200
  #bytes :          945008
  arith. intensity: 1656.03
  time (eval):      0.003947
  time (compile):   0.000235
  gflops (eval):    396.52
  gflops (total):   374.23
CSV_DATA: opt_einsum,torch,"Babcd,aij,bik,ckl,dlm,ejp,fop,gno,hmn->Befgh","128,4,7,4,7,3,4,5,5,50,50,50,50,50,50,50,50","(1,5),(4,5),(1,2),(1,2),(1,2),(1,2),(1,2),(0,1)",FP32,1564961200,1656.029578585578,0.00023508071899414062,0.003946781158447266,396.515828259321,374.22594190449263
*** input parameters ***
  einsum_str: Babcd,aij,bik,ckl,dlm,ejp,fop,gno,hmn->Befgh
  dim_sizes:  128,4,7,4,7,3,4,5,5,50,50,50,50,50,50,50,50
  cont_path:  (1,5),(4,5),(1,2),(1,2),(1,2),(1,2),(1,2),(0,1)
  backend:    torch
  dtype:      FP32
*** benchmarking opt_einsum expression ***
  #flops :          1564961200
  #bytes :          945008
  arith. intensity: 1656.03
  time (eval):      0.003958
  time (compile):   0.000251
  gflops (eval):    395.44
  gflops (total):   371.87
CSV_DATA: opt_einsum,torch,"Babcd,aij,bik,ckl,dlm,ejp,fop,gno,hmn->Befgh","128,4,7,4,7,3,4,5,5,50,50,50,50,50,50,50,50","(1,5),(4,5),(1,2),(1,2),(1,2),(1,2),(1,2),(0,1)",FP32,1564961200,1656.029578585578,0.00025081634521484375,0.003957509994506836,395.4408711973493,371.8725863126622
*** input parameters ***
  einsum_str: Babcd,aij,bik,ckl,dlm,ejp,fop,gno,hmn->Befgh
  dim_sizes:  128,4,7,4,7,3,4,5,5,50,50,50,50,50,50,50,50
  cont_path:  (1,5),(4,5),(1,2),(1,2),(1,2),(1,2),(1,2),(0,1)
  backend:    torch
  dtype:      FP32
*** benchmarking opt_einsum expression ***
  #flops :          1564961200
  #bytes :          945008
  arith. intensity: 1656.03
  time (eval):      0.004325
  time (compile):   0.000235
  gflops (eval):    361.83
  gflops (total):   343.21
CSV_DATA: opt_einsum,torch,"Babcd,aij,bik,ckl,dlm,ejp,fop,gno,hmn->Befgh","128,4,7,4,7,3,4,5,5,50,50,50,50,50,50,50,50","(1,5),(4,5),(1,2),(1,2),(1,2),(1,2),(1,2),(0,1)",FP32,1564961200,1656.029578585578,0.0002346038818359375,0.004325151443481445,361.828070172802,343.21166122900917
*** input parameters ***
  einsum_str: Babcd,aij,bik,ckl,dlm,ejp,fop,gno,hmn->Befgh
  dim_sizes:  128,4,7,4,7,3,4,5,5,50,50,50,50,50,50,50,50
  cont_path:  (1,5),(4,5),(1,2),(1,2),(1,2),(1,2),(1,2),(0,1)
  backend:    torch
  dtype:      FP32
*** benchmarking opt_einsum expression ***
  #flops :          1564961200
  #bytes :          945008
  arith. intensity: 1656.03
  time (eval):      0.004025
  time (compile):   0.000230
  gflops (eval):    388.79
  gflops (total):   367.75
CSV_DATA: opt_einsum,torch,"Babcd,aij,bik,ckl,dlm,ejp,fop,gno,hmn->Befgh","128,4,7,4,7,3,4,5,5,50,50,50,50,50,50,50,50","(1,5),(4,5),(1,2),(1,2),(1,2),(1,2),(1,2),(0,1)",FP32,1564961200,1656.029578585578,0.00023031234741210938,0.00402522087097168,388.78890132113963,367.74738198245285
*** input parameters ***
  einsum_str: Babcd,aij,bik,ckl,dlm,ejp,fop,gno,hmn->Befgh
  dim_sizes:  128,4,7,4,7,3,4,5,5,50,50,50,50,50,50,50,50
  cont_path:  (1,5),(4,5),(1,2),(1,2),(1,2),(1,2),(1,2),(0,1)
  backend:    torch
  dtype:      FP32
*** benchmarking opt_einsum expression ***
  #flops :          1564961200
  #bytes :          945008
  arith. intensity: 1656.03
  time (eval):      0.004580
  time (compile):   0.000371
  gflops (eval):    341.69
  gflops (total):   316.09
CSV_DATA: opt_einsum,torch,"Babcd,aij,bik,ckl,dlm,ejp,fop,gno,hmn->Befgh","128,4,7,4,7,3,4,5,5,50,50,50,50,50,50,50,50","(1,5),(4,5),(1,2),(1,2),(1,2),(1,2),(1,2),(0,1)",FP32,1564961200,1656.029578585578,0.00037097930908203125,0.004580020904541016,341.6930255598543,316.0899075895599
*** input parameters ***
  einsum_str: Babcd,aij,bik,ckl,dlm,ejp,fop,gno,hmn->Befgh
  dim_sizes:  128,4,7,4,7,3,4,5,5,50,50,50,50,50,50,50,50
  cont_path:  (1,5),(4,5),(1,2),(1,2),(1,2),(1,2),(1,2),(0,1)
  backend:    torch
  dtype:      FP32
*** benchmarking opt_einsum expression ***
  #flops :          1564961200
  #bytes :          945008
  arith. intensity: 1656.03
  time (eval):      0.004291
  time (compile):   0.000237
  gflops (eval):    364.68
  gflops (total):   345.56
CSV_DATA: opt_einsum,torch,"Babcd,aij,bik,ckl,dlm,ejp,fop,gno,hmn->Befgh","128,4,7,4,7,3,4,5,5,50,50,50,50,50,50,50,50","(1,5),(4,5),(1,2),(1,2),(1,2),(1,2),(1,2),(0,1)",FP32,1564961200,1656.029578585578,0.00023746490478515625,0.0042912960052490234,364.68265020305574,345.5605696764833
*** input parameters ***
  einsum_str: Babcd,aij,bik,ckl,dlm,ejp,fop,gno,hmn->Befgh
  dim_sizes:  128,4,7,4,7,3,4,5,5,50,50,50,50,50,50,50,50
  cont_path:  (1,5),(4,5),(1,2),(1,2),(1,2),(1,2),(1,2),(0,1)
  backend:    torch
  dtype:      FP32
*** benchmarking opt_einsum expression ***
  #flops :          1564961200
  #bytes :          945008
  arith. intensity: 1656.03
  time (eval):      0.004181
  time (compile):   0.000235
  gflops (eval):    374.33
  gflops (total):   354.39
CSV_DATA: opt_einsum,torch,"Babcd,aij,bik,ckl,dlm,ejp,fop,gno,hmn->Befgh","128,4,7,4,7,3,4,5,5,50,50,50,50,50,50,50,50","(1,5),(4,5),(1,2),(1,2),(1,2),(1,2),(1,2),(0,1)",FP32,1564961200,1656.029578585578,0.0002353191375732422,0.0041806697845458984,374.33265018561735,354.3852187131411
*** input parameters ***
  einsum_str: Babcd,aij,bik,ckl,dlm,ejp,fop,gno,hmn->Befgh
  dim_sizes:  128,4,7,4,7,3,4,5,5,50,50,50,50,50,50,50,50
  cont_path:  (1,5),(4,5),(1,2),(1,2),(1,2),(1,2),(1,2),(0,1)
  backend:    torch
  dtype:      FP32
*** benchmarking opt_einsum expression ***
  #flops :          1564961200
  #bytes :          945008
  arith. intensity: 1656.03
  time (eval):      0.004586
  time (compile):   0.000236
  gflops (eval):    341.23
  gflops (total):   324.55
CSV_DATA: opt_einsum,torch,"Babcd,aij,bik,ckl,dlm,ejp,fop,gno,hmn->Befgh","128,4,7,4,7,3,4,5,5,50,50,50,50,50,50,50,50","(1,5),(4,5),(1,2),(1,2),(1,2),(1,2),(1,2),(0,1)",FP32,1564961200,1656.029578585578,0.0002357959747314453,0.004586219787597656,341.2311822106883,324.5450195799654
*** input parameters ***
  einsum_str: Babcd,aij,bik,ckl,dlm,ejp,fop,gno,hmn->Befgh
  dim_sizes:  128,4,7,4,7,3,4,5,5,50,50,50,50,50,50,50,50
  cont_path:  (1,5),(4,5),(1,2),(1,2),(1,2),(1,2),(1,2),(0,1)
  backend:    torch
  dtype:      FP32
*** benchmarking opt_einsum expression ***
  #flops :          1564961200
  #bytes :          945008
  arith. intensity: 1656.03
  time (eval):      0.004569
  time (compile):   0.000237
  gflops (eval):    342.53
  gflops (total):   325.62
CSV_DATA: opt_einsum,torch,"Babcd,aij,bik,ckl,dlm,ejp,fop,gno,hmn->Befgh","128,4,7,4,7,3,4,5,5,50,50,50,50,50,50,50,50","(1,5),(4,5),(1,2),(1,2),(1,2),(1,2),(1,2),(0,1)",FP32,1564961200,1656.029578585578,0.0002372264862060547,0.004568815231323242,342.5310766062099,325.6237236335351
*** input parameters ***
  einsum_str: Babcd,aij,bik,ckl,dlm,ejp,fop,gno,hmn->Befgh
  dim_sizes:  128,4,7,4,7,3,4,5,5,50,50,50,50,50,50,50,50
  cont_path:  (1,5),(4,5),(1,2),(1,2),(1,2),(1,2),(1,2),(0,1)
  backend:    torch
  dtype:      FP32
*** benchmarking opt_einsum expression ***
  #flops :          1564961200
  #bytes :          945008
  arith. intensity: 1656.03
  time (eval):      0.004465
  time (compile):   0.000251
  gflops (eval):    350.47
  gflops (total):   331.83
CSV_DATA: opt_einsum,torch,"Babcd,aij,bik,ckl,dlm,ejp,fop,gno,hmn->Befgh","128,4,7,4,7,3,4,5,5,50,50,50,50,50,50,50,50","(1,5),(4,5),(1,2),(1,2),(1,2),(1,2),(1,2),(0,1)",FP32,1564961200,1656.029578585578,0.00025081634521484375,0.004465341567993164,350.4684190829623,331.8296861131793
*** input parameters ***
  einsum_str: Babcd,aij,bik,ckl,dlm,ejp,fop,gno,hmn->Befgh
  dim_sizes:  128,4,7,4,7,3,4,5,5,50,50,50,50,50,50,50,50
  cont_path:  (1,5),(4,5),(1,2),(1,2),(1,2),(1,2),(1,2),(0,1)
  backend:    torch
  dtype:      FP32
*** benchmarking opt_einsum expression ***
  #flops :          1564961200
  #bytes :          945008
  arith. intensity: 1656.03
  time (eval):      0.004306
  time (compile):   0.000235
  gflops (eval):    363.45
  gflops (total):   344.64
CSV_DATA: opt_einsum,torch,"Babcd,aij,bik,ckl,dlm,ejp,fop,gno,hmn->Befgh","128,4,7,4,7,3,4,5,5,50,50,50,50,50,50,50,50","(1,5),(4,5),(1,2),(1,2),(1,2),(1,2),(1,2),(0,1)",FP32,1564961200,1656.029578585578,0.00023508071899414062,0.004305839538574219,363.4508870988261,344.635252599223
*** input parameters ***
  einsum_str: Babcd,aij,bik,ckl,dlm,ejp,fop,gno,hmn->Befgh
  dim_sizes:  128,4,7,4,7,3,4,5,5,50,50,50,50,50,50,50,50
  cont_path:  (1,5),(4,5),(1,2),(1,2),(1,2),(1,2),(1,2),(0,1)
  backend:    torch
  dtype:      FP32
*** benchmarking opt_einsum expression ***
  #flops :          1564961200
  #bytes :          945008
  arith. intensity: 1656.03
  time (eval):      0.004173
  time (compile):   0.000239
  gflops (eval):    375.02
  gflops (total):   354.73
CSV_DATA: opt_einsum,torch,"Babcd,aij,bik,ckl,dlm,ejp,fop,gno,hmn->Befgh","128,4,7,4,7,3,4,5,5,50,50,50,50,50,50,50,50","(1,5),(4,5),(1,2),(1,2),(1,2),(1,2),(1,2),(0,1)",FP32,1564961200,1656.029578585578,0.00023865699768066406,0.0041730403900146484,375.0170268528138,354.7299514161695
*** input parameters ***
  einsum_str: Babcd,aij,bik,ckl,dlm,ejp,fop,gno,hmn->Befgh
  dim_sizes:  128,4,7,4,7,3,4,5,5,50,50,50,50,50,50,50,50
  cont_path:  (1,5),(4,5),(1,2),(1,2),(1,2),(1,2),(1,2),(0,1)
  backend:    torch
  dtype:      FP32
*** benchmarking opt_einsum expression ***
  #flops :          1564961200
  #bytes :          945008
  arith. intensity: 1656.03
  time (eval):      0.003888
  time (compile):   0.000242
  gflops (eval):    402.50
  gflops (total):   378.91
CSV_DATA: opt_einsum,torch,"Babcd,aij,bik,ckl,dlm,ejp,fop,gno,hmn->Befgh","128,4,7,4,7,3,4,5,5,50,50,50,50,50,50,50,50","(1,5),(4,5),(1,2),(1,2),(1,2),(1,2),(1,2),(0,1)",FP32,1564961200,1656.029578585578,0.00024199485778808594,0.0038881301879882812,402.49711926691197,378.91375749031926
*** input parameters ***
  einsum_str: Babcd,aij,bik,ckl,dlm,ejp,fop,gno,hmn->Befgh
  dim_sizes:  128,4,7,4,7,3,4,5,5,50,50,50,50,50,50,50,50
  cont_path:  (1,5),(4,5),(1,2),(1,2),(1,2),(1,2),(1,2),(0,1)
  backend:    torch
  dtype:      FP32
*** benchmarking opt_einsum expression ***
  #flops :          1564961200
  #bytes :          945008
  arith. intensity: 1656.03
  time (eval):      0.004261
  time (compile):   0.000239
  gflops (eval):    367.25
  gflops (total):   347.72
CSV_DATA: opt_einsum,torch,"Babcd,aij,bik,ckl,dlm,ejp,fop,gno,hmn->Befgh","128,4,7,4,7,3,4,5,5,50,50,50,50,50,50,50,50","(1,5),(4,5),(1,2),(1,2),(1,2),(1,2),(1,2),(0,1)",FP32,1564961200,1656.029578585578,0.00023937225341796875,0.0042612552642822266,367.25356800787785,347.72066647268105
*** input parameters ***
  einsum_str: Babcd,aij,bik,ckl,dlm,ejp,fop,gno,hmn->Befgh
  dim_sizes:  128,4,7,4,7,3,4,5,5,50,50,50,50,50,50,50,50
  cont_path:  (1,5),(4,5),(1,2),(1,2),(1,2),(1,2),(1,2),(0,1)
  backend:    torch
  dtype:      FP32
*** benchmarking opt_einsum expression ***
  #flops :          1564961200
  #bytes :          945008
  arith. intensity: 1656.03
  time (eval):      0.004317
  time (compile):   0.000242
  gflops (eval):    362.51
  gflops (total):   343.23
CSV_DATA: opt_einsum,torch,"Babcd,aij,bik,ckl,dlm,ejp,fop,gno,hmn->Befgh","128,4,7,4,7,3,4,5,5,50,50,50,50,50,50,50,50","(1,5),(4,5),(1,2),(1,2),(1,2),(1,2),(1,2),(0,1)",FP32,1564961200,1656.029578585578,0.00024247169494628906,0.004317045211791992,362.5074844537914,343.2296078751726
*** input parameters ***
  einsum_str: Babcd,aij,bik,ckl,dlm,ejp,fop,gno,hmn->Befgh
  dim_sizes:  128,4,7,4,7,3,4,5,5,50,50,50,50,50,50,50,50
  cont_path:  (1,5),(4,5),(1,2),(1,2),(1,2),(1,2),(1,2),(0,1)
  backend:    torch
  dtype:      FP32
*** benchmarking opt_einsum expression ***
  #flops :          1564961200
  #bytes :          945008
  arith. intensity: 1656.03
  time (eval):      0.004093
  time (compile):   0.000241
  gflops (eval):    382.33
  gflops (total):   361.11
CSV_DATA: opt_einsum,torch,"Babcd,aij,bik,ckl,dlm,ejp,fop,gno,hmn->Befgh","128,4,7,4,7,3,4,5,5,50,50,50,50,50,50,50,50","(1,5),(4,5),(1,2),(1,2),(1,2),(1,2),(1,2),(0,1)",FP32,1564961200,1656.029578585578,0.00024056434631347656,0.004093170166015625,382.3347519224604,361.1114606923475
*** input parameters ***
  einsum_str: Babcd,aij,bik,ckl,dlm,ejp,fop,gno,hmn->Befgh
  dim_sizes:  128,4,7,4,7,3,4,5,5,50,50,50,50,50,50,50,50
  cont_path:  (1,5),(4,5),(1,2),(1,2),(1,2),(1,2),(1,2),(0,1)
  backend:    torch
  dtype:      FP32
*** benchmarking opt_einsum expression ***
  #flops :          1564961200
  #bytes :          945008
  arith. intensity: 1656.03
  time (eval):      0.004323
  time (compile):   0.000238
  gflops (eval):    361.99
  gflops (total):   343.09
CSV_DATA: opt_einsum,torch,"Babcd,aij,bik,ckl,dlm,ejp,fop,gno,hmn->Befgh","128,4,7,4,7,3,4,5,5,50,50,50,50,50,50,50,50","(1,5),(4,5),(1,2),(1,2),(1,2),(1,2),(1,2),(0,1)",FP32,1564961200,1656.029578585578,0.00023818016052246094,0.004323244094848633,361.9877031381901,343.08608723629527
*** input parameters ***
  einsum_str: Babcd,aij,bik,ckl,dlm,ejp,fop,gno,hmn->Befgh
  dim_sizes:  128,4,7,4,7,3,4,5,5,50,50,50,50,50,50,50,50
  cont_path:  (1,5),(4,5),(1,2),(1,2),(1,2),(1,2),(1,2),(0,1)
  backend:    torch
  dtype:      FP32
*** benchmarking opt_einsum expression ***
  #flops :          1564961200
  #bytes :          945008
  arith. intensity: 1656.03
  time (eval):      0.004483
  time (compile):   0.000237
  gflops (eval):    349.05
  gflops (total):   331.53
CSV_DATA: opt_einsum,torch,"Babcd,aij,bik,ckl,dlm,ejp,fop,gno,hmn->Befgh","128,4,7,4,7,3,4,5,5,50,50,50,50,50,50,50,50","(1,5),(4,5),(1,2),(1,2),(1,2),(1,2),(1,2),(0,1)",FP32,1564961200,1656.029578585578,0.00023698806762695312,0.004483461380004883,349.05200856180807,331.52800752587507
*** input parameters ***
  einsum_str: Babcd,aij,bik,ckl,dlm,ejp,fop,gno,hmn->Befgh
  dim_sizes:  128,4,7,4,7,3,4,5,5,50,50,50,50,50,50,50,50
  cont_path:  (1,5),(4,5),(1,2),(1,2),(1,2),(1,2),(1,2),(0,1)
  backend:    torch
  dtype:      FP32
*** benchmarking opt_einsum expression ***
  #flops :          1564961200
  #bytes :          945008
  arith. intensity: 1656.03
  time (eval):      0.004250
  time (compile):   0.000232
  gflops (eval):    368.20
  gflops (total):   349.13
CSV_DATA: opt_einsum,torch,"Babcd,aij,bik,ckl,dlm,ejp,fop,gno,hmn->Befgh","128,4,7,4,7,3,4,5,5,50,50,50,50,50,50,50,50","(1,5),(4,5),(1,2),(1,2),(1,2),(1,2),(1,2),(0,1)",FP32,1564961200,1656.029578585578,0.00023221969604492188,0.004250288009643555,368.20121282351494,349.1262709964789
*** input parameters ***
  einsum_str: Babcd,aij,bik,ckl,dlm,ejp,fop,gno,hmn->Befgh
  dim_sizes:  128,4,7,4,7,3,4,5,5,50,50,50,50,50,50,50,50
  cont_path:  (1,5),(4,5),(1,2),(1,2),(1,2),(1,2),(1,2),(0,1)
  backend:    torch
  dtype:      FP32
*** benchmarking opt_einsum expression ***
  #flops :          1564961200
  #bytes :          945008
  arith. intensity: 1656.03
  time (eval):      0.004448
  time (compile):   0.000239
  gflops (eval):    351.80
  gflops (total):   333.87
CSV_DATA: opt_einsum,torch,"Babcd,aij,bik,ckl,dlm,ejp,fop,gno,hmn->Befgh","128,4,7,4,7,3,4,5,5,50,50,50,50,50,50,50,50","(1,5),(4,5),(1,2),(1,2),(1,2),(1,2),(1,2),(0,1)",FP32,1564961200,1656.029578585578,0.00023889541625976562,0.004448413848876953,351.8020699434452,333.87197461875894
*** input parameters ***
  einsum_str: Babcd,aij,bik,ckl,dlm,ejp,fop,gno,hmn->Befgh
  dim_sizes:  128,4,7,4,7,3,4,5,5,50,50,50,50,50,50,50,50
  cont_path:  (1,5),(4,5),(1,2),(1,2),(1,2),(1,2),(1,2),(0,1)
  backend:    torch
  dtype:      FP32
*** benchmarking opt_einsum expression ***
  #flops :          1564961200
  #bytes :          945008
  arith. intensity: 1656.03
  time (eval):      0.004682
  time (compile):   0.000239
  gflops (eval):    334.23
  gflops (total):   318.02
CSV_DATA: opt_einsum,torch,"Babcd,aij,bik,ckl,dlm,ejp,fop,gno,hmn->Befgh","128,4,7,4,7,3,4,5,5,50,50,50,50,50,50,50,50","(1,5),(4,5),(1,2),(1,2),(1,2),(1,2),(1,2),(0,1)",FP32,1564961200,1656.029578585578,0.00023865699768066406,0.004682302474975586,334.2289842153267,318.01952621147285
*** input parameters ***
  einsum_str: Babcd,aij,bik,ckl,dlm,ejp,fop,gno,hmn->Befgh
  dim_sizes:  128,4,7,4,7,3,4,5,5,50,50,50,50,50,50,50,50
  cont_path:  (1,5),(4,5),(1,2),(1,2),(1,2),(1,2),(1,2),(0,1)
  backend:    torch
  dtype:      FP32
*** benchmarking opt_einsum expression ***
  #flops :          1564961200
  #bytes :          945008
  arith. intensity: 1656.03
  time (eval):      0.004226
  time (compile):   0.000236
  gflops (eval):    370.30
  gflops (total):   350.71
CSV_DATA: opt_einsum,torch,"Babcd,aij,bik,ckl,dlm,ejp,fop,gno,hmn->Befgh","128,4,7,4,7,3,4,5,5,50,50,50,50,50,50,50,50","(1,5),(4,5),(1,2),(1,2),(1,2),(1,2),(1,2),(0,1)",FP32,1564961200,1656.029578585578,0.00023603439331054688,0.004226207733154297,370.29916625323256,350.71185194511645
*** input parameters ***
  einsum_str: Babcd,aij,bik,ckl,dlm,ejp,fop,gno,hmn->Befgh
  dim_sizes:  128,4,7,4,7,3,4,5,5,50,50,50,50,50,50,50,50
  cont_path:  (1,5),(4,5),(1,2),(1,2),(1,2),(1,2),(1,2),(0,1)
  backend:    torch
  dtype:      FP32
*** benchmarking opt_einsum expression ***
  #flops :          1564961200
  #bytes :          945008
  arith. intensity: 1656.03
  time (eval):      0.004183
  time (compile):   0.000239
  gflops (eval):    374.14
  gflops (total):   353.95
CSV_DATA: opt_einsum,torch,"Babcd,aij,bik,ckl,dlm,ejp,fop,gno,hmn->Befgh","128,4,7,4,7,3,4,5,5,50,50,50,50,50,50,50,50","(1,5),(4,5),(1,2),(1,2),(1,2),(1,2),(1,2),(0,1)",FP32,1564961200,1656.029578585578,0.00023865699768066406,0.0041828155517578125,374.14061907232104,353.94570078214076
*** input parameters ***
  einsum_str: Babcd,aij,bik,ckl,dlm,ejp,fop,gno,hmn->Befgh
  dim_sizes:  128,4,7,4,7,3,4,5,5,50,50,50,50,50,50,50,50
  cont_path:  (1,5),(4,5),(1,2),(1,2),(1,2),(1,2),(1,2),(0,1)
  backend:    torch
  dtype:      FP32
*** benchmarking opt_einsum expression ***
  #flops :          1564961200
  #bytes :          945008
  arith. intensity: 1656.03
  time (eval):      0.004621
  time (compile):   0.000242
  gflops (eval):    338.66
  gflops (total):   321.79
CSV_DATA: opt_einsum,torch,"Babcd,aij,bik,ckl,dlm,ejp,fop,gno,hmn->Befgh","128,4,7,4,7,3,4,5,5,50,50,50,50,50,50,50,50","(1,5),(4,5),(1,2),(1,2),(1,2),(1,2),(1,2),(0,1)",FP32,1564961200,1656.029578585578,0.0002422332763671875,0.004621028900146484,338.66076880635643,321.7924806846162
*** input parameters ***
  einsum_str: Babcd,aij,bik,ckl,dlm,ejp,fop,gno,hmn->Befgh
  dim_sizes:  128,4,7,4,7,3,4,5,5,50,50,50,50,50,50,50,50
  cont_path:  (1,5),(4,5),(1,2),(1,2),(1,2),(1,2),(1,2),(0,1)
  backend:    torch
  dtype:      FP32
*** benchmarking opt_einsum expression ***
  #flops :          1564961200
  #bytes :          945008
  arith. intensity: 1656.03
  time (eval):      0.004537
  time (compile):   0.000239
  gflops (eval):    344.91
  gflops (total):   327.64
CSV_DATA: opt_einsum,torch,"Babcd,aij,bik,ckl,dlm,ejp,fop,gno,hmn->Befgh","128,4,7,4,7,3,4,5,5,50,50,50,50,50,50,50,50","(1,5),(4,5),(1,2),(1,2),(1,2),(1,2),(1,2),(0,1)",FP32,1564961200,1656.029578585578,0.0002391338348388672,0.004537343978881836,344.90688986415853,327.6391644706399
*** input parameters ***
  einsum_str: Babcd,aij,bik,ckl,dlm,ejp,fop,gno,hmn->Befgh
  dim_sizes:  128,4,7,4,7,3,4,5,5,50,50,50,50,50,50,50,50
  cont_path:  (1,5),(4,5),(1,2),(1,2),(1,2),(1,2),(1,2),(0,1)
  backend:    torch
  dtype:      FP32
*** benchmarking opt_einsum expression ***
  #flops :          1564961200
  #bytes :          945008
  arith. intensity: 1656.03
  time (eval):      0.004025
  time (compile):   0.000240
  gflops (eval):    388.77
  gflops (total):   366.86
CSV_DATA: opt_einsum,torch,"Babcd,aij,bik,ckl,dlm,ejp,fop,gno,hmn->Befgh","128,4,7,4,7,3,4,5,5,50,50,50,50,50,50,50,50","(1,5),(4,5),(1,2),(1,2),(1,2),(1,2),(1,2),(0,1)",FP32,1564961200,1656.029578585578,0.000240325927734375,0.004025459289550781,388.7658742599384,366.86357148473064
*** input parameters ***
  einsum_str: Babcd,aij,bik,ckl,dlm,ejp,fop,gno,hmn->Befgh
  dim_sizes:  128,4,7,4,7,3,4,5,5,50,50,50,50,50,50,50,50
  cont_path:  (1,5),(4,5),(1,2),(1,2),(1,2),(1,2),(1,2),(0,1)
  backend:    torch
  dtype:      FP32
*** benchmarking opt_einsum expression ***
  #flops :          1564961200
  #bytes :          945008
  arith. intensity: 1656.03
  time (eval):      0.004019
  time (compile):   0.000243
  gflops (eval):    389.43
  gflops (total):   367.23
CSV_DATA: opt_einsum,torch,"Babcd,aij,bik,ckl,dlm,ejp,fop,gno,hmn->Befgh","128,4,7,4,7,3,4,5,5,50,50,50,50,50,50,50,50","(1,5),(4,5),(1,2),(1,2),(1,2),(1,2),(1,2),(0,1)",FP32,1564961200,1656.029578585578,0.0002429485321044922,0.004018545150756836,389.4347683776209,367.23302120425205
*** input parameters ***
  einsum_str: Babcd,aij,bik,ckl,dlm,ejp,fop,gno,hmn->Befgh
  dim_sizes:  128,4,7,4,7,3,4,5,5,50,50,50,50,50,50,50,50
  cont_path:  (1,5),(4,5),(1,2),(1,2),(1,2),(1,2),(1,2),(0,1)
  backend:    torch
  dtype:      FP32
*** benchmarking opt_einsum expression ***
  #flops :          1564961200
  #bytes :          945008
  arith. intensity: 1656.03
  time (eval):      0.003973
  time (compile):   0.000232
  gflops (eval):    393.95
  gflops (total):   372.21
CSV_DATA: opt_einsum,torch,"Babcd,aij,bik,ckl,dlm,ejp,fop,gno,hmn->Befgh","128,4,7,4,7,3,4,5,5,50,50,50,50,50,50,50,50","(1,5),(4,5),(1,2),(1,2),(1,2),(1,2),(1,2),(0,1)",FP32,1564961200,1656.029578585578,0.0002319812774658203,0.003972530364990234,393.9456860523827,372.20998134419057
*** input parameters ***
  einsum_str: Babcd,aij,bik,ckl,dlm,ejp,fop,gno,hmn->Befgh
  dim_sizes:  128,4,7,4,7,3,4,5,5,50,50,50,50,50,50,50,50
  cont_path:  (1,5),(4,5),(1,2),(1,2),(1,2),(1,2),(1,2),(0,1)
  backend:    torch
  dtype:      FP32
*** benchmarking opt_einsum expression ***
  #flops :          1564961200
  #bytes :          945008
  arith. intensity: 1656.03
  time (eval):      0.004549
  time (compile):   0.000236
  gflops (eval):    344.02
  gflops (total):   327.04
CSV_DATA: opt_einsum,torch,"Babcd,aij,bik,ckl,dlm,ejp,fop,gno,hmn->Befgh","128,4,7,4,7,3,4,5,5,50,50,50,50,50,50,50,50","(1,5),(4,5),(1,2),(1,2),(1,2),(1,2),(1,2),(0,1)",FP32,1564961200,1656.029578585578,0.00023627281188964844,0.0045490264892578125,344.02112269417194,327.0351761748194
*** input parameters ***
  einsum_str: Babcd,aij,bik,ckl,dlm,ejp,fop,gno,hmn->Befgh
  dim_sizes:  128,4,7,4,7,3,4,5,5,50,50,50,50,50,50,50,50
  cont_path:  (1,5),(4,5),(1,2),(1,2),(1,2),(1,2),(1,2),(0,1)
  backend:    torch
  dtype:      FP32
*** benchmarking opt_einsum expression ***
  #flops :          1564961200
  #bytes :          945008
  arith. intensity: 1656.03
  time (eval):      0.004340
  time (compile):   0.000240
  gflops (eval):    360.60
  gflops (total):   341.73
CSV_DATA: opt_einsum,torch,"Babcd,aij,bik,ckl,dlm,ejp,fop,gno,hmn->Befgh","128,4,7,4,7,3,4,5,5,50,50,50,50,50,50,50,50","(1,5),(4,5),(1,2),(1,2),(1,2),(1,2),(1,2),(0,1)",FP32,1564961200,1656.029578585578,0.0002396106719970703,0.004339933395385742,360.59567219715433,341.72860375910045
*** input parameters ***
  einsum_str: Babcd,aij,bik,ckl,dlm,ejp,fop,gno,hmn->Befgh
  dim_sizes:  128,4,7,4,7,3,4,5,5,50,50,50,50,50,50,50,50
  cont_path:  (1,5),(4,5),(1,2),(1,2),(1,2),(1,2),(1,2),(0,1)
  backend:    torch
  dtype:      FP32
*** benchmarking opt_einsum expression ***
  #flops :          1564961200
  #bytes :          945008
  arith. intensity: 1656.03
  time (eval):      0.004384
  time (compile):   0.000248
  gflops (eval):    356.97
  gflops (total):   337.86
CSV_DATA: opt_einsum,torch,"Babcd,aij,bik,ckl,dlm,ejp,fop,gno,hmn->Befgh","128,4,7,4,7,3,4,5,5,50,50,50,50,50,50,50,50","(1,5),(4,5),(1,2),(1,2),(1,2),(1,2),(1,2),(0,1)",FP32,1564961200,1656.029578585578,0.000247955322265625,0.004384040832519531,356.96775184929305,337.85891604924853
*** input parameters ***
  einsum_str: Babcd,aij,bik,ckl,dlm,ejp,fop,gno,hmn->Befgh
  dim_sizes:  128,4,7,4,7,3,4,5,5,50,50,50,50,50,50,50,50
  cont_path:  (1,5),(4,5),(1,2),(1,2),(1,2),(1,2),(1,2),(0,1)
  backend:    torch
  dtype:      FP32
*** benchmarking opt_einsum expression ***
  #flops :          1564961200
  #bytes :          945008
  arith. intensity: 1656.03
  time (eval):      0.004350
  time (compile):   0.000236
  gflops (eval):    359.73
  gflops (total):   341.23
CSV_DATA: opt_einsum,torch,"Babcd,aij,bik,ckl,dlm,ejp,fop,gno,hmn->Befgh","128,4,7,4,7,3,4,5,5,50,50,50,50,50,50,50,50","(1,5),(4,5),(1,2),(1,2),(1,2),(1,2),(1,2),(0,1)",FP32,1564961200,1656.029578585578,0.0002357959747314453,0.004350423812866211,359.7261479149888,341.2311822106883
*** input parameters ***
  einsum_str: Babcd,aij,bik,ckl,dlm,ejp,fop,gno,hmn->Befgh
  dim_sizes:  128,4,7,4,7,3,4,5,5,50,50,50,50,50,50,50,50
  cont_path:  (1,5),(4,5),(1,2),(1,2),(1,2),(1,2),(1,2),(0,1)
  backend:    torch
  dtype:      FP32
*** benchmarking opt_einsum expression ***
  #flops :          1564961200
  #bytes :          945008
  arith. intensity: 1656.03
  time (eval):      0.004044
  time (compile):   0.000239
  gflops (eval):    386.98
  gflops (total):   365.37
CSV_DATA: opt_einsum,torch,"Babcd,aij,bik,ckl,dlm,ejp,fop,gno,hmn->Befgh","128,4,7,4,7,3,4,5,5,50,50,50,50,50,50,50,50","(1,5),(4,5),(1,2),(1,2),(1,2),(1,2),(1,2),(0,1)",FP32,1564961200,1656.029578585578,0.0002391338348388672,0.004044055938720703,386.9781288176394,365.37283723934314
*** input parameters ***
  einsum_str: Babcd,aij,bik,ckl,dlm,ejp,fop,gno,hmn->Befgh
  dim_sizes:  128,4,7,4,7,3,4,5,5,50,50,50,50,50,50,50,50
  cont_path:  (1,5),(4,5),(1,2),(1,2),(1,2),(1,2),(1,2),(0,1)
  backend:    torch
  dtype:      FP32
*** benchmarking opt_einsum expression ***
  #flops :          1564961200
  #bytes :          945008
  arith. intensity: 1656.03
  time (eval):      0.004162
  time (compile):   0.000234
  gflops (eval):    376.05
  gflops (total):   356.04
CSV_DATA: opt_einsum,torch,"Babcd,aij,bik,ckl,dlm,ejp,fop,gno,hmn->Befgh","128,4,7,4,7,3,4,5,5,50,50,50,50,50,50,50,50","(1,5),(4,5),(1,2),(1,2),(1,2),(1,2),(1,2),(0,1)",FP32,1564961200,1656.029578585578,0.0002338886260986328,0.0041615962982177734,376.0482968206703,356.03835002195706
*** input parameters ***
  einsum_str: Babcd,aij,bik,ckl,dlm,ejp,fop,gno,hmn->Befgh
  dim_sizes:  128,4,7,4,7,3,4,5,5,50,50,50,50,50,50,50,50
  cont_path:  (1,5),(4,5),(1,2),(1,2),(1,2),(1,2),(1,2),(0,1)
  backend:    torch
  dtype:      FP32
*** benchmarking opt_einsum expression ***
  #flops :          1564961200
  #bytes :          945008
  arith. intensity: 1656.03
  time (eval):      0.003990
  time (compile):   0.000236
  gflops (eval):    392.18
  gflops (total):   370.26
CSV_DATA: opt_einsum,torch,"Babcd,aij,bik,ckl,dlm,ejp,fop,gno,hmn->Befgh","128,4,7,4,7,3,4,5,5,50,50,50,50,50,50,50,50","(1,5),(4,5),(1,2),(1,2),(1,2),(1,2),(1,2),(0,1)",FP32,1564961200,1656.029578585578,0.00023627281188964844,0.0039904117584228516,392.1803800564498,370.2573906252708
*** input parameters ***
  einsum_str: Babcd,aij,bik,ckl,dlm,ejp,fop,gno,hmn->Befgh
  dim_sizes:  128,4,7,4,7,3,4,5,5,50,50,50,50,50,50,50,50
  cont_path:  (1,5),(4,5),(1,2),(1,2),(1,2),(1,2),(1,2),(0,1)
  backend:    torch
  dtype:      FP32
*** benchmarking opt_einsum expression ***
  #flops :          1564961200
  #bytes :          945008
  arith. intensity: 1656.03
  time (eval):      0.004356
  time (compile):   0.000230
  gflops (eval):    359.29
  gflops (total):   341.25
CSV_DATA: opt_einsum,torch,"Babcd,aij,bik,ckl,dlm,ejp,fop,gno,hmn->Befgh","128,4,7,4,7,3,4,5,5,50,50,50,50,50,50,50,50","(1,5),(4,5),(1,2),(1,2),(1,2),(1,2),(1,2),(0,1)",FP32,1564961200,1656.029578585578,0.00023031234741210938,0.004355669021606445,359.29295642918606,341.2489223293372
*** input parameters ***
  einsum_str: Babcd,aij,bik,ckl,dlm,ejp,fop,gno,hmn->Befgh
  dim_sizes:  128,4,7,4,7,3,4,5,5,50,50,50,50,50,50,50,50
  cont_path:  (1,5),(4,5),(1,2),(1,2),(1,2),(1,2),(1,2),(0,1)
  backend:    torch
  dtype:      FP32
*** benchmarking opt_einsum expression ***
  #flops :          1564961200
  #bytes :          945008
  arith. intensity: 1656.03
  time (eval):      0.004339
  time (compile):   0.000367
  gflops (eval):    360.69
  gflops (total):   332.57
CSV_DATA: opt_einsum,torch,"Babcd,aij,bik,ckl,dlm,ejp,fop,gno,hmn->Befgh","128,4,7,4,7,3,4,5,5,50,50,50,50,50,50,50,50","(1,5),(4,5),(1,2),(1,2),(1,2),(1,2),(1,2),(0,1)",FP32,1564961200,1656.029578585578,0.0003669261932373047,0.004338741302490234,360.6947478296956,332.5694391753965
*** input parameters ***
  einsum_str: Babcd,aij,bik,ckl,dlm,ejp,fop,gno,hmn->Befgh
  dim_sizes:  128,4,7,4,7,3,4,5,5,50,50,50,50,50,50,50,50
  cont_path:  (1,5),(4,5),(1,2),(1,2),(1,2),(1,2),(1,2),(0,1)
  backend:    torch
  dtype:      FP32
*** benchmarking opt_einsum expression ***
  #flops :          1564961200
  #bytes :          945008
  arith. intensity: 1656.03
  time (eval):      0.004454
  time (compile):   0.000231
  gflops (eval):    351.37
  gflops (total):   334.02
CSV_DATA: opt_einsum,torch,"Babcd,aij,bik,ckl,dlm,ejp,fop,gno,hmn->Befgh","128,4,7,4,7,3,4,5,5,50,50,50,50,50,50,50,50","(1,5),(4,5),(1,2),(1,2),(1,2),(1,2),(1,2),(0,1)",FP32,1564961200,1656.029578585578,0.00023126602172851562,0.004453897476196289,351.36893212380494,334.0248852987024
*** input parameters ***
  einsum_str: Babcd,aij,bik,ckl,dlm,ejp,fop,gno,hmn->Befgh
  dim_sizes:  128,4,7,4,7,3,4,5,5,50,50,50,50,50,50,50,50
  cont_path:  (1,5),(4,5),(1,2),(1,2),(1,2),(1,2),(1,2),(0,1)
  backend:    torch
  dtype:      FP32
*** benchmarking opt_einsum expression ***
  #flops :          1564961200
  #bytes :          945008
  arith. intensity: 1656.03
  time (eval):      0.004246
  time (compile):   0.000242
  gflops (eval):    368.59
  gflops (total):   348.72
CSV_DATA: opt_einsum,torch,"Babcd,aij,bik,ckl,dlm,ejp,fop,gno,hmn->Befgh","128,4,7,4,7,3,4,5,5,50,50,50,50,50,50,50,50","(1,5),(4,5),(1,2),(1,2),(1,2),(1,2),(1,2),(0,1)",FP32,1564961200,1656.029578585578,0.00024199485778808594,0.004245758056640625,368.5940600294699,348.7182181907666
*** input parameters ***
  einsum_str: Babcd,aij,bik,ckl,dlm,ejp,fop,gno,hmn->Befgh
  dim_sizes:  128,4,7,4,7,3,4,5,5,50,50,50,50,50,50,50,50
  cont_path:  (1,5),(4,5),(1,2),(1,2),(1,2),(1,2),(1,2),(0,1)
  backend:    torch
  dtype:      FP32
*** benchmarking opt_einsum expression ***
  #flops :          1564961200
  #bytes :          945008
  arith. intensity: 1656.03
  time (eval):      0.004678
  time (compile):   0.000236
  gflops (eval):    334.52
  gflops (total):   318.44
CSV_DATA: opt_einsum,torch,"Babcd,aij,bik,ckl,dlm,ejp,fop,gno,hmn->Befgh","128,4,7,4,7,3,4,5,5,50,50,50,50,50,50,50,50","(1,5),(4,5),(1,2),(1,2),(1,2),(1,2),(1,2),(0,1)",FP32,1564961200,1656.029578585578,0.00023627281188964844,0.004678249359130859,334.5185516769341,318.43608504365204
*** input parameters ***
  einsum_str: Babcd,aij,bik,ckl,dlm,ejp,fop,gno,hmn->Befgh
  dim_sizes:  128,4,7,4,7,3,4,5,5,50,50,50,50,50,50,50,50
  cont_path:  (1,5),(4,5),(1,2),(1,2),(1,2),(1,2),(1,2),(0,1)
  backend:    torch
  dtype:      FP32
*** benchmarking opt_einsum expression ***
  #flops :          1564961200
  #bytes :          945008
  arith. intensity: 1656.03
  time (eval):      0.004289
  time (compile):   0.000236
  gflops (eval):    364.84
  gflops (total):   345.85
CSV_DATA: opt_einsum,torch,"Babcd,aij,bik,ckl,dlm,ejp,fop,gno,hmn->Befgh","128,4,7,4,7,3,4,5,5,50,50,50,50,50,50,50,50","(1,5),(4,5),(1,2),(1,2),(1,2),(1,2),(1,2),(0,1)",FP32,1564961200,1656.029578585578,0.00023555755615234375,0.004289388656616211,364.84481246205326,345.8518900366089
*** input parameters ***
  einsum_str: Babcd,aij,bik,ckl,dlm,ejp,fop,gno,hmn->Befgh
  dim_sizes:  128,4,7,4,7,3,4,5,5,50,50,50,50,50,50,50,50
  cont_path:  (1,5),(4,5),(1,2),(1,2),(1,2),(1,2),(1,2),(0,1)
  backend:    torch
  dtype:      FP32
*** benchmarking opt_einsum expression ***
  #flops :          1564961200
  #bytes :          945008
  arith. intensity: 1656.03
  time (eval):      0.004113
  time (compile):   0.000234
  gflops (eval):    380.52
  gflops (total):   360.00
CSV_DATA: opt_einsum,torch,"Babcd,aij,bik,ckl,dlm,ejp,fop,gno,hmn->Befgh","128,4,7,4,7,3,4,5,5,50,50,50,50,50,50,50,50","(1,5),(4,5),(1,2),(1,2),(1,2),(1,2),(1,2),(0,1)",FP32,1564961200,1656.029578585578,0.00023436546325683594,0.004112720489501953,380.51727657998845,360.0023595132343
*** input parameters ***
  einsum_str: Babcd,aij,bik,ckl,dlm,ejp,fop,gno,hmn->Befgh
  dim_sizes:  128,4,7,4,7,3,4,5,5,50,50,50,50,50,50,50,50
  cont_path:  (1,5),(4,5),(1,2),(1,2),(1,2),(1,2),(1,2),(0,1)
  backend:    torch
  dtype:      FP32
*** benchmarking opt_einsum expression ***
  #flops :          1564961200
  #bytes :          945008
  arith. intensity: 1656.03
  time (eval):      0.004534
  time (compile):   0.000253
  gflops (eval):    345.18
  gflops (total):   326.92
CSV_DATA: opt_einsum,torch,"Babcd,aij,bik,ckl,dlm,ejp,fop,gno,hmn->Befgh","128,4,7,4,7,3,4,5,5,50,50,50,50,50,50,50,50","(1,5),(4,5),(1,2),(1,2),(1,2),(1,2),(1,2),(0,1)",FP32,1564961200,1656.029578585578,0.0002532005310058594,0.0045337677001953125,345.1789556691628,326.9211585319654
*** input parameters ***
  einsum_str: Babcd,aij,bik,ckl,dlm,ejp,fop,gno,hmn->Befgh
  dim_sizes:  128,4,7,4,7,3,4,5,5,50,50,50,50,50,50,50,50
  cont_path:  (1,5),(4,5),(1,2),(1,2),(1,2),(1,2),(1,2),(0,1)
  backend:    torch
  dtype:      FP32
*** benchmarking opt_einsum expression ***
  #flops :          1564961200
  #bytes :          945008
  arith. intensity: 1656.03
  time (eval):      0.004330
  time (compile):   0.000237
  gflops (eval):    361.45
  gflops (total):   342.66
CSV_DATA: opt_einsum,torch,"Babcd,aij,bik,ckl,dlm,ejp,fop,gno,hmn->Befgh","128,4,7,4,7,3,4,5,5,50,50,50,50,50,50,50,50","(1,5),(4,5),(1,2),(1,2),(1,2),(1,2),(1,2),(0,1)",FP32,1564961200,1656.029578585578,0.00023746490478515625,0.004329681396484375,361.4495055619384,342.6562445711422
*** input parameters ***
  einsum_str: Babcd,aij,bik,ckl,dlm,ejp,fop,gno,hmn->Befgh
  dim_sizes:  128,4,7,4,7,3,4,5,5,50,50,50,50,50,50,50,50
  cont_path:  (1,5),(4,5),(1,2),(1,2),(1,2),(1,2),(1,2),(0,1)
  backend:    torch
  dtype:      FP32
*** benchmarking opt_einsum expression ***
  #flops :          1564961200
  #bytes :          945008
  arith. intensity: 1656.03
  time (eval):      0.004126
  time (compile):   0.000235
  gflops (eval):    379.26
  gflops (total):   358.80
CSV_DATA: opt_einsum,torch,"Babcd,aij,bik,ckl,dlm,ejp,fop,gno,hmn->Befgh","128,4,7,4,7,3,4,5,5,50,50,50,50,50,50,50,50","(1,5),(4,5),(1,2),(1,2),(1,2),(1,2),(1,2),(0,1)",FP32,1564961200,1656.029578585578,0.0002353191375732422,0.004126310348510742,379.2640562203039,358.8019580739478
*** input parameters ***
  einsum_str: Babcd,aij,bik,ckl,dlm,ejp,fop,gno,hmn->Befgh
  dim_sizes:  128,4,7,4,7,3,4,5,5,50,50,50,50,50,50,50,50
  cont_path:  (1,5),(4,5),(1,2),(1,2),(1,2),(1,2),(1,2),(0,1)
  backend:    torch
  dtype:      FP32
*** benchmarking opt_einsum expression ***
  #flops :          1564961200
  #bytes :          945008
  arith. intensity: 1656.03
  time (eval):      0.004569
  time (compile):   0.000248
  gflops (eval):    342.50
  gflops (total):   324.88
CSV_DATA: opt_einsum,torch,"Babcd,aij,bik,ckl,dlm,ejp,fop,gno,hmn->Befgh","128,4,7,4,7,3,4,5,5,50,50,50,50,50,50,50,50","(1,5),(4,5),(1,2),(1,2),(1,2),(1,2),(1,2),(0,1)",FP32,1564961200,1656.029578585578,0.00024771690368652344,0.004569292068481445,342.49533112469607,324.88235106933286
*** input parameters ***
  einsum_str: Babcd,aij,bik,ckl,dlm,ejp,fop,gno,hmn->Befgh
  dim_sizes:  128,4,7,4,7,3,4,5,5,50,50,50,50,50,50,50,50
  cont_path:  (1,5),(4,5),(1,2),(1,2),(1,2),(1,2),(1,2),(0,1)
  backend:    torch
  dtype:      FP32
*** benchmarking opt_einsum expression ***
  #flops :          1564961200
  #bytes :          945008
  arith. intensity: 1656.03
  time (eval):      0.004281
  time (compile):   0.000232
  gflops (eval):    365.60
  gflops (total):   346.80
CSV_DATA: opt_einsum,torch,"Babcd,aij,bik,ckl,dlm,ejp,fop,gno,hmn->Befgh","128,4,7,4,7,3,4,5,5,50,50,50,50,50,50,50,50","(1,5),(4,5),(1,2),(1,2),(1,2),(1,2),(1,2),(0,1)",FP32,1564961200,1656.029578585578,0.0002319812774658203,0.004280567169189453,365.59669271498274,346.80208279203254
*** input parameters ***
  einsum_str: Babcd,aij,bik,ckl,dlm,ejp,fop,gno,hmn->Befgh
  dim_sizes:  128,4,7,4,7,3,4,5,5,50,50,50,50,50,50,50,50
  cont_path:  (1,5),(4,5),(1,2),(1,2),(1,2),(1,2),(1,2),(0,1)
  backend:    torch
  dtype:      FP32
*** benchmarking opt_einsum expression ***
  #flops :          1564961200
  #bytes :          945008
  arith. intensity: 1656.03
  time (eval):      0.004425
  time (compile):   0.000244
  gflops (eval):    353.70
  gflops (total):   335.24
CSV_DATA: opt_einsum,torch,"Babcd,aij,bik,ckl,dlm,ejp,fop,gno,hmn->Befgh","128,4,7,4,7,3,4,5,5,50,50,50,50,50,50,50,50","(1,5),(4,5),(1,2),(1,2),(1,2),(1,2),(1,2),(0,1)",FP32,1564961200,1656.029578585578,0.00024366378784179688,0.004424571990966797,353.6977595109818,335.23610934651686
*** input parameters ***
  einsum_str: Babcd,aij,bik,ckl,dlm,ejp,fop,gno,hmn->Befgh
  dim_sizes:  128,4,7,4,7,3,4,5,5,50,50,50,50,50,50,50,50
  cont_path:  (1,5),(4,5),(1,2),(1,2),(1,2),(1,2),(1,2),(0,1)
  backend:    torch
  dtype:      FP32
*** benchmarking opt_einsum expression ***
  #flops :          1564961200
  #bytes :          945008
  arith. intensity: 1656.03
  time (eval):      0.004665
  time (compile):   0.000234
  gflops (eval):    335.46
  gflops (total):   319.41
CSV_DATA: opt_einsum,torch,"Babcd,aij,bik,ckl,dlm,ejp,fop,gno,hmn->Befgh","128,4,7,4,7,3,4,5,5,50,50,50,50,50,50,50,50","(1,5),(4,5),(1,2),(1,2),(1,2),(1,2),(1,2),(0,1)",FP32,1564961200,1656.029578585578,0.00023436546325683594,0.0046651363372802734,335.4588348241836,319.4123124576545
*** input parameters ***
  einsum_str: Babcd,aij,bik,ckl,dlm,ejp,fop,gno,hmn->Befgh
  dim_sizes:  128,4,7,4,7,3,4,5,5,50,50,50,50,50,50,50,50
  cont_path:  (1,5),(4,5),(1,2),(1,2),(1,2),(1,2),(1,2),(0,1)
  backend:    torch
  dtype:      FP32
*** benchmarking opt_einsum expression ***
  #flops :          1564961200
  #bytes :          945008
  arith. intensity: 1656.03
  time (eval):      0.004672
  time (compile):   0.000240
  gflops (eval):    334.98
  gflops (total):   318.61
CSV_DATA: opt_einsum,torch,"Babcd,aij,bik,ckl,dlm,ejp,fop,gno,hmn->Befgh","128,4,7,4,7,3,4,5,5,50,50,50,50,50,50,50,50","(1,5),(4,5),(1,2),(1,2),(1,2),(1,2),(1,2),(0,1)",FP32,1564961200,1656.029578585578,0.00024008750915527344,0.004671812057495117,334.9794856343353,318.6061072228328
*** input parameters ***
  einsum_str: Babcd,aij,bik,ckl,dlm,ejp,fop,gno,hmn->Befgh
  dim_sizes:  128,4,7,4,7,3,4,5,5,50,50,50,50,50,50,50,50
  cont_path:  (1,5),(4,5),(1,2),(1,2),(1,2),(1,2),(1,2),(0,1)
  backend:    torch
  dtype:      FP32
*** benchmarking opt_einsum expression ***
  #flops :          1564961200
  #bytes :          945008
  arith. intensity: 1656.03
  time (eval):      0.004560
  time (compile):   0.000243
  gflops (eval):    343.16
  gflops (total):   325.80
CSV_DATA: opt_einsum,torch,"Babcd,aij,bik,ckl,dlm,ejp,fop,gno,hmn->Befgh","128,4,7,4,7,3,4,5,5,50,50,50,50,50,50,50,50","(1,5),(4,5),(1,2),(1,2),(1,2),(1,2),(1,2),(0,1)",FP32,1564961200,1656.029578585578,0.0002429485321044922,0.0045604705810546875,343.15783254939356,325.80150995209215
*** input parameters ***
  einsum_str: Babcd,aij,bik,ckl,dlm,ejp,fop,gno,hmn->Befgh
  dim_sizes:  128,4,7,4,7,3,4,5,5,50,50,50,50,50,50,50,50
  cont_path:  (1,5),(4,5),(1,2),(1,2),(1,2),(1,2),(1,2),(0,1)
  backend:    torch
  dtype:      FP32
*** benchmarking opt_einsum expression ***
  #flops :          1564961200
  #bytes :          945008
  arith. intensity: 1656.03
  time (eval):      0.004463
  time (compile):   0.000232
  gflops (eval):    350.62
  gflops (total):   333.31
CSV_DATA: opt_einsum,torch,"Babcd,aij,bik,ckl,dlm,ejp,fop,gno,hmn->Befgh","128,4,7,4,7,3,4,5,5,50,50,50,50,50,50,50,50","(1,5),(4,5),(1,2),(1,2),(1,2),(1,2),(1,2),(0,1)",FP32,1564961200,1656.029578585578,0.00023174285888671875,0.0044634342193603516,350.6181839113723,333.312497892896
*** input parameters ***
  einsum_str: Babcd,aij,bik,ckl,dlm,ejp,fop,gno,hmn->Befgh
  dim_sizes:  128,4,7,4,7,3,4,5,5,50,50,50,50,50,50,50,50
  cont_path:  (1,5),(4,5),(1,2),(1,2),(1,2),(1,2),(1,2),(0,1)
  backend:    torch
  dtype:      FP32
*** benchmarking opt_einsum expression ***
  #flops :          1564961200
  #bytes :          945008
  arith. intensity: 1656.03
  time (eval):      0.004008
  time (compile):   0.000239
  gflops (eval):    390.50
  gflops (total):   368.51
CSV_DATA: opt_einsum,torch,"Babcd,aij,bik,ckl,dlm,ejp,fop,gno,hmn->Befgh","128,4,7,4,7,3,4,5,5,50,50,50,50,50,50,50,50","(1,5),(4,5),(1,2),(1,2),(1,2),(1,2),(1,2),(0,1)",FP32,1564961200,1656.029578585578,0.0002391338348388672,0.004007577896118164,390.5005069310965,368.5112857065349
*** input parameters ***
  einsum_str: Babcd,aij,bik,ckl,dlm,ejp,fop,gno,hmn->Befgh
  dim_sizes:  128,4,7,4,7,3,4,5,5,50,50,50,50,50,50,50,50
  cont_path:  (1,5),(4,5),(1,2),(1,2),(1,2),(1,2),(1,2),(0,1)
  backend:    torch
  dtype:      FP32
*** benchmarking opt_einsum expression ***
  #flops :          1564961200
  #bytes :          945008
  arith. intensity: 1656.03
  time (eval):      0.004587
  time (compile):   0.000247
  gflops (eval):    341.18
  gflops (total):   323.78
CSV_DATA: opt_einsum,torch,"Babcd,aij,bik,ckl,dlm,ejp,fop,gno,hmn->Befgh","128,4,7,4,7,3,4,5,5,50,50,50,50,50,50,50,50","(1,5),(4,5),(1,2),(1,2),(1,2),(1,2),(1,2),(0,1)",FP32,1564961200,1656.029578585578,0.0002465248107910156,0.004586935043334961,341.17797291983993,323.7766004540423
*** input parameters ***
  einsum_str: Babcd,aij,bik,ckl,dlm,ejp,fop,gno,hmn->Befgh
  dim_sizes:  128,4,7,4,7,3,4,5,5,50,50,50,50,50,50,50,50
  cont_path:  (1,5),(4,5),(1,2),(1,2),(1,2),(1,2),(1,2),(0,1)
  backend:    torch
  dtype:      FP32
*** benchmarking opt_einsum expression ***
  #flops :          1564961200
  #bytes :          945008
  arith. intensity: 1656.03
  time (eval):      0.004652
  time (compile):   0.000242
  gflops (eval):    336.40
  gflops (total):   319.80
CSV_DATA: opt_einsum,torch,"Babcd,aij,bik,ckl,dlm,ejp,fop,gno,hmn->Befgh","128,4,7,4,7,3,4,5,5,50,50,50,50,50,50,50,50","(1,5),(4,5),(1,2),(1,2),(1,2),(1,2),(1,2),(0,1)",FP32,1564961200,1656.029578585578,0.0002415180206298828,0.0046520233154296875,336.4044188706847,319.8013652133886
*** input parameters ***
  einsum_str: Babcd,aij,bik,ckl,dlm,ejp,fop,gno,hmn->Befgh
  dim_sizes:  128,4,7,4,7,3,4,5,5,50,50,50,50,50,50,50,50
  cont_path:  (1,5),(4,5),(1,2),(1,2),(1,2),(1,2),(1,2),(0,1)
  backend:    torch
  dtype:      FP32
*** benchmarking opt_einsum expression ***
  #flops :          1564961200
  #bytes :          945008
  arith. intensity: 1656.03
  time (eval):      0.004360
  time (compile):   0.000238
  gflops (eval):    358.92
  gflops (total):   340.35
CSV_DATA: opt_einsum,torch,"Babcd,aij,bik,ckl,dlm,ejp,fop,gno,hmn->Befgh","128,4,7,4,7,3,4,5,5,50,50,50,50,50,50,50,50","(1,5),(4,5),(1,2),(1,2),(1,2),(1,2),(1,2),(0,1)",FP32,1564961200,1656.029578585578,0.00023794174194335938,0.004360198974609375,358.91967525179354,340.3465218814062
*** input parameters ***
  einsum_str: Babcd,aij,bik,ckl,dlm,ejp,fop,gno,hmn->Befgh
  dim_sizes:  128,4,7,4,7,3,4,5,5,50,50,50,50,50,50,50,50
  cont_path:  (1,5),(4,5),(1,2),(1,2),(1,2),(1,2),(1,2),(0,1)
  backend:    torch
  dtype:      FP32
*** benchmarking opt_einsum expression ***
  #flops :          1564961200
  #bytes :          945008
  arith. intensity: 1656.03
  time (eval):      0.004384
  time (compile):   0.000240
  gflops (eval):    356.99
  gflops (total):   338.45
CSV_DATA: opt_einsum,torch,"Babcd,aij,bik,ckl,dlm,ejp,fop,gno,hmn->Befgh","128,4,7,4,7,3,4,5,5,50,50,50,50,50,50,50,50","(1,5),(4,5),(1,2),(1,2),(1,2),(1,2),(1,2),(0,1)",FP32,1564961200,1656.029578585578,0.00024008750915527344,0.00438380241394043,356.9871659870996,338.45122311048783
*** input parameters ***
  einsum_str: Babcd,aij,bik,ckl,dlm,ejp,fop,gno,hmn->Befgh
  dim_sizes:  128,4,7,4,7,3,4,5,5,50,50,50,50,50,50,50,50
  cont_path:  (1,5),(4,5),(1,2),(1,2),(1,2),(1,2),(1,2),(0,1)
  backend:    torch
  dtype:      FP32
*** benchmarking opt_einsum expression ***
  #flops :          1564961200
  #bytes :          945008
  arith. intensity: 1656.03
  time (eval):      0.004009
  time (compile):   0.000239
  gflops (eval):    390.38
  gflops (total):   368.41
CSV_DATA: opt_einsum,torch,"Babcd,aij,bik,ckl,dlm,ejp,fop,gno,hmn->Befgh","128,4,7,4,7,3,4,5,5,50,50,50,50,50,50,50,50","(1,5),(4,5),(1,2),(1,2),(1,2),(1,2),(1,2),(0,1)",FP32,1564961200,1656.029578585578,0.0002391338348388672,0.004008769989013672,390.38438331181163,368.4078700681821
*** input parameters ***
  einsum_str: Babcd,aij,bik,ckl,dlm,ejp,fop,gno,hmn->Befgh
  dim_sizes:  128,4,7,4,7,3,4,5,5,50,50,50,50,50,50,50,50
  cont_path:  (1,5),(4,5),(1,2),(1,2),(1,2),(1,2),(1,2),(0,1)
  backend:    torch
  dtype:      FP32
*** benchmarking opt_einsum expression ***
  #flops :          1564961200
  #bytes :          945008
  arith. intensity: 1656.03
  time (eval):      0.004275
  time (compile):   0.000252
  gflops (eval):    366.11
  gflops (total):   345.69
CSV_DATA: opt_einsum,torch,"Babcd,aij,bik,ckl,dlm,ejp,fop,gno,hmn->Befgh","128,4,7,4,7,3,4,5,5,50,50,50,50,50,50,50,50","(1,5),(4,5),(1,2),(1,2),(1,2),(1,2),(1,2),(0,1)",FP32,1564961200,1656.029578585578,0.0002524852752685547,0.004274606704711914,366.1064767139718,345.6879619235728
*** input parameters ***
  einsum_str: Babcd,aij,bik,ckl,dlm,ejp,fop,gno,hmn->Befgh
  dim_sizes:  128,4,7,4,7,3,4,5,5,50,50,50,50,50,50,50,50
  cont_path:  (1,5),(4,5),(1,2),(1,2),(1,2),(1,2),(1,2),(0,1)
  backend:    torch
  dtype:      FP32
*** benchmarking opt_einsum expression ***
  #flops :          1564961200
  #bytes :          945008
  arith. intensity: 1656.03
  time (eval):      0.004359
  time (compile):   0.000231
  gflops (eval):    359.06
  gflops (total):   340.97
CSV_DATA: opt_einsum,torch,"Babcd,aij,bik,ckl,dlm,ejp,fop,gno,hmn->Befgh","128,4,7,4,7,3,4,5,5,50,50,50,50,50,50,50,50","(1,5),(4,5),(1,2),(1,2),(1,2),(1,2),(1,2),(0,1)",FP32,1564961200,1656.029578585578,0.00023126602172851562,0.004358530044555664,359.0571096222745,340.9653015949717
