*** input parameters ***
  einsum_str: Babcd,aij,bik,ckl,dlm,ejp,fop,gno,hmn->Befgh
  dim_sizes:  128,4,7,4,7,3,4,5,5,50,50,50,50,50,50,50,50
  cont_path:  (1,5),(4,5),(1,2),(1,2),(1,2),(1,2),(1,2),(0,1)
  backend:    torch
  dtype:      FP32
*** benchmarking opt_einsum expression ***
  #flops :          1564961200
  #bytes :          945008
  arith. intensity: 1656.03
  time (eval):      0.003606
  time (compile):   0.000154
  gflops (eval):    433.95
  gflops (total):   416.23
CSV_DATA: opt_einsum,torch,"Babcd,aij,bik,ckl,dlm,ejp,fop,gno,hmn->Befgh","128,4,7,4,7,3,4,5,5,50,50,50,50,50,50,50,50","(1,5),(4,5),(1,2),(1,2),(1,2),(1,2),(1,2),(0,1)",FP32,1564961200,1656.029578585578,0.00015354156494140625,0.0036063194274902344,433.9496906653974,416.22847311381105
*** input parameters ***
  einsum_str: Babcd,aij,bik,ckl,dlm,ejp,fop,gno,hmn->Befgh
  dim_sizes:  128,4,7,4,7,3,4,5,5,50,50,50,50,50,50,50,50
  cont_path:  (1,5),(4,5),(1,2),(1,2),(1,2),(1,2),(1,2),(0,1)
  backend:    torch
  dtype:      FP32
*** benchmarking opt_einsum expression ***
  #flops :          1564961200
  #bytes :          945008
  arith. intensity: 1656.03
  time (eval):      0.003364
  time (compile):   0.000160
  gflops (eval):    465.20
  gflops (total):   444.14
CSV_DATA: opt_einsum,torch,"Babcd,aij,bik,ckl,dlm,ejp,fop,gno,hmn->Befgh","128,4,7,4,7,3,4,5,5,50,50,50,50,50,50,50,50","(1,5),(4,5),(1,2),(1,2),(1,2),(1,2),(1,2),(0,1)",FP32,1564961200,1656.029578585578,0.0001595020294189453,0.003364086151123047,465.19652877425943,444.138508762758
*** input parameters ***
  einsum_str: Babcd,aij,bik,ckl,dlm,ejp,fop,gno,hmn->Befgh
  dim_sizes:  128,4,7,4,7,3,4,5,5,50,50,50,50,50,50,50,50
  cont_path:  (1,5),(4,5),(1,2),(1,2),(1,2),(1,2),(1,2),(0,1)
  backend:    torch
  dtype:      FP32
*** benchmarking opt_einsum expression ***
  #flops :          1564961200
  #bytes :          945008
  arith. intensity: 1656.03
  time (eval):      0.003359
  time (compile):   0.000160
  gflops (eval):    465.89
  gflops (total):   444.71
CSV_DATA: opt_einsum,torch,"Babcd,aij,bik,ckl,dlm,ejp,fop,gno,hmn->Befgh","128,4,7,4,7,3,4,5,5,50,50,50,50,50,50,50,50","(1,5),(4,5),(1,2),(1,2),(1,2),(1,2),(1,2),(0,1)",FP32,1564961200,1656.029578585578,0.00015997886657714844,0.003359079360961914,465.8899156082618,444.71023177539297
*** input parameters ***
  einsum_str: Babcd,aij,bik,ckl,dlm,ejp,fop,gno,hmn->Befgh
  dim_sizes:  128,4,7,4,7,3,4,5,5,50,50,50,50,50,50,50,50
  cont_path:  (1,5),(4,5),(1,2),(1,2),(1,2),(1,2),(1,2),(0,1)
  backend:    torch
  dtype:      FP32
*** benchmarking opt_einsum expression ***
  #flops :          1564961200
  #bytes :          945008
  arith. intensity: 1656.03
  time (eval):      0.003380
  time (compile):   0.000157
  gflops (eval):    462.97
  gflops (total):   442.43
CSV_DATA: opt_einsum,torch,"Babcd,aij,bik,ckl,dlm,ejp,fop,gno,hmn->Befgh","128,4,7,4,7,3,4,5,5,50,50,50,50,50,50,50,50","(1,5),(4,5),(1,2),(1,2),(1,2),(1,2),(1,2),(0,1)",FP32,1564961200,1656.029578585578,0.00015687942504882812,0.003380298614501953,462.9653703628721,442.4321259776759
*** input parameters ***
  einsum_str: Babcd,aij,bik,ckl,dlm,ejp,fop,gno,hmn->Befgh
  dim_sizes:  128,4,7,4,7,3,4,5,5,50,50,50,50,50,50,50,50
  cont_path:  (1,5),(4,5),(1,2),(1,2),(1,2),(1,2),(1,2),(0,1)
  backend:    torch
  dtype:      FP32
*** benchmarking opt_einsum expression ***
  #flops :          1564961200
  #bytes :          945008
  arith. intensity: 1656.03
  time (eval):      0.003381
  time (compile):   0.000151
  gflops (eval):    462.83
  gflops (total):   443.06
CSV_DATA: opt_einsum,torch,"Babcd,aij,bik,ckl,dlm,ejp,fop,gno,hmn->Befgh","128,4,7,4,7,3,4,5,5,50,50,50,50,50,50,50,50","(1,5),(4,5),(1,2),(1,2),(1,2),(1,2),(1,2),(0,1)",FP32,1564961200,1656.029578585578,0.00015091896057128906,0.0033812522888183594,462.83479206069666,443.05926567700305
*** input parameters ***
  einsum_str: Babcd,aij,bik,ckl,dlm,ejp,fop,gno,hmn->Befgh
  dim_sizes:  128,4,7,4,7,3,4,5,5,50,50,50,50,50,50,50,50
  cont_path:  (1,5),(4,5),(1,2),(1,2),(1,2),(1,2),(1,2),(0,1)
  backend:    torch
  dtype:      FP32
*** benchmarking opt_einsum expression ***
  #flops :          1564961200
  #bytes :          945008
  arith. intensity: 1656.03
  time (eval):      0.003352
  time (compile):   0.000154
  gflops (eval):    466.82
  gflops (total):   446.31
CSV_DATA: opt_einsum,torch,"Babcd,aij,bik,ckl,dlm,ejp,fop,gno,hmn->Befgh","128,4,7,4,7,3,4,5,5,50,50,50,50,50,50,50,50","(1,5),(4,5),(1,2),(1,2),(1,2),(1,2),(1,2),(0,1)",FP32,1564961200,1656.029578585578,0.00015401840209960938,0.0033524036407470703,466.81765315445557,446.31284565205686
*** input parameters ***
  einsum_str: Babcd,aij,bik,ckl,dlm,ejp,fop,gno,hmn->Befgh
  dim_sizes:  128,4,7,4,7,3,4,5,5,50,50,50,50,50,50,50,50
  cont_path:  (1,5),(4,5),(1,2),(1,2),(1,2),(1,2),(1,2),(0,1)
  backend:    torch
  dtype:      FP32
*** benchmarking opt_einsum expression ***
  #flops :          1564961200
  #bytes :          945008
  arith. intensity: 1656.03
  time (eval):      0.003365
  time (compile):   0.000153
  gflops (eval):    465.06
  gflops (total):   444.83
CSV_DATA: opt_einsum,torch,"Babcd,aij,bik,ckl,dlm,ejp,fop,gno,hmn->Befgh","128,4,7,4,7,3,4,5,5,50,50,50,50,50,50,50,50","(1,5),(4,5),(1,2),(1,2),(1,2),(1,2),(1,2),(0,1)",FP32,1564961200,1656.029578585578,0.00015306472778320312,0.003365039825439453,465.06468903250675,444.83078212285176
*** input parameters ***
  einsum_str: Babcd,aij,bik,ckl,dlm,ejp,fop,gno,hmn->Befgh
  dim_sizes:  128,4,7,4,7,3,4,5,5,50,50,50,50,50,50,50,50
  cont_path:  (1,5),(4,5),(1,2),(1,2),(1,2),(1,2),(1,2),(0,1)
  backend:    torch
  dtype:      FP32
*** benchmarking opt_einsum expression ***
  #flops :          1564961200
  #bytes :          945008
  arith. intensity: 1656.03
  time (eval):      0.003337
  time (compile):   0.000154
  gflops (eval):    468.95
  gflops (total):   448.20
CSV_DATA: opt_einsum,torch,"Babcd,aij,bik,ckl,dlm,ejp,fop,gno,hmn->Befgh","128,4,7,4,7,3,4,5,5,50,50,50,50,50,50,50,50","(1,5),(4,5),(1,2),(1,2),(1,2),(1,2),(1,2),(0,1)",FP32,1564961200,1656.029578585578,0.0001544952392578125,0.0033371448516845703,468.9521341005073,448.20232304573574
*** input parameters ***
  einsum_str: Babcd,aij,bik,ckl,dlm,ejp,fop,gno,hmn->Befgh
  dim_sizes:  128,4,7,4,7,3,4,5,5,50,50,50,50,50,50,50,50
  cont_path:  (1,5),(4,5),(1,2),(1,2),(1,2),(1,2),(1,2),(0,1)
  backend:    torch
  dtype:      FP32
*** benchmarking opt_einsum expression ***
  #flops :          1564961200
  #bytes :          945008
  arith. intensity: 1656.03
  time (eval):      0.003454
  time (compile):   0.000154
  gflops (eval):    453.03
  gflops (total):   433.75
CSV_DATA: opt_einsum,torch,"Babcd,aij,bik,ckl,dlm,ejp,fop,gno,hmn->Befgh","128,4,7,4,7,3,4,5,5,50,50,50,50,50,50,50,50","(1,5),(4,5),(1,2),(1,2),(1,2),(1,2),(1,2),(0,1)",FP32,1564961200,1656.029578585578,0.00015354156494140625,0.003454446792602539,453.02802270721236,433.7489606161898
*** input parameters ***
  einsum_str: Babcd,aij,bik,ckl,dlm,ejp,fop,gno,hmn->Befgh
  dim_sizes:  128,4,7,4,7,3,4,5,5,50,50,50,50,50,50,50,50
  cont_path:  (1,5),(4,5),(1,2),(1,2),(1,2),(1,2),(1,2),(0,1)
  backend:    torch
  dtype:      FP32
*** benchmarking opt_einsum expression ***
  #flops :          1564961200
  #bytes :          945008
  arith. intensity: 1656.03
  time (eval):      0.003348
  time (compile):   0.000155
  gflops (eval):    467.42
  gflops (total):   446.77
CSV_DATA: opt_einsum,torch,"Babcd,aij,bik,ckl,dlm,ejp,fop,gno,hmn->Befgh","128,4,7,4,7,3,4,5,5,50,50,50,50,50,50,50,50","(1,5),(4,5),(1,2),(1,2),(1,2),(1,2),(1,2),(0,1)",FP32,1564961200,1656.029578585578,0.00015473365783691406,0.003348112106323242,467.4160094712526,446.768514906398
*** input parameters ***
  einsum_str: Babcd,aij,bik,ckl,dlm,ejp,fop,gno,hmn->Befgh
  dim_sizes:  128,4,7,4,7,3,4,5,5,50,50,50,50,50,50,50,50
  cont_path:  (1,5),(4,5),(1,2),(1,2),(1,2),(1,2),(1,2),(0,1)
  backend:    torch
  dtype:      FP32
*** benchmarking opt_einsum expression ***
  #flops :          1564961200
  #bytes :          945008
  arith. intensity: 1656.03
  time (eval):      0.003399
  time (compile):   0.000155
  gflops (eval):    460.37
  gflops (total):   440.30
CSV_DATA: opt_einsum,torch,"Babcd,aij,bik,ckl,dlm,ejp,fop,gno,hmn->Befgh","128,4,7,4,7,3,4,5,5,50,50,50,50,50,50,50,50","(1,5),(4,5),(1,2),(1,2),(1,2),(1,2),(1,2),(0,1)",FP32,1564961200,1656.029578585578,0.00015497207641601562,0.003399372100830078,460.36772485655774,440.29534619028715
*** input parameters ***
  einsum_str: Babcd,aij,bik,ckl,dlm,ejp,fop,gno,hmn->Befgh
  dim_sizes:  128,4,7,4,7,3,4,5,5,50,50,50,50,50,50,50,50
  cont_path:  (1,5),(4,5),(1,2),(1,2),(1,2),(1,2),(1,2),(0,1)
  backend:    torch
  dtype:      FP32
*** benchmarking opt_einsum expression ***
  #flops :          1564961200
  #bytes :          945008
  arith. intensity: 1656.03
  time (eval):      0.003369
  time (compile):   0.000155
  gflops (eval):    464.47
  gflops (total):   444.05
CSV_DATA: opt_einsum,torch,"Babcd,aij,bik,ckl,dlm,ejp,fop,gno,hmn->Befgh","128,4,7,4,7,3,4,5,5,50,50,50,50,50,50,50,50","(1,5),(4,5),(1,2),(1,2),(1,2),(1,2),(1,2),(0,1)",FP32,1564961200,1656.029578585578,0.00015497207641601562,0.0033693313598632812,464.4723337818285,444.04837105972126
*** input parameters ***
  einsum_str: Babcd,aij,bik,ckl,dlm,ejp,fop,gno,hmn->Befgh
  dim_sizes:  128,4,7,4,7,3,4,5,5,50,50,50,50,50,50,50,50
  cont_path:  (1,5),(4,5),(1,2),(1,2),(1,2),(1,2),(1,2),(0,1)
  backend:    torch
  dtype:      FP32
*** benchmarking opt_einsum expression ***
  #flops :          1564961200
  #bytes :          945008
  arith. intensity: 1656.03
  time (eval):      0.003499
  time (compile):   0.000159
  gflops (eval):    447.32
  gflops (total):   427.84
CSV_DATA: opt_einsum,torch,"Babcd,aij,bik,ckl,dlm,ejp,fop,gno,hmn->Befgh","128,4,7,4,7,3,4,5,5,50,50,50,50,50,50,50,50","(1,5),(4,5),(1,2),(1,2),(1,2),(1,2),(1,2),(0,1)",FP32,1564961200,1656.029578585578,0.00015926361083984375,0.003498554229736328,447.31654770374814,427.84011347965065
*** input parameters ***
  einsum_str: Babcd,aij,bik,ckl,dlm,ejp,fop,gno,hmn->Befgh
  dim_sizes:  128,4,7,4,7,3,4,5,5,50,50,50,50,50,50,50,50
  cont_path:  (1,5),(4,5),(1,2),(1,2),(1,2),(1,2),(1,2),(0,1)
  backend:    torch
  dtype:      FP32
*** benchmarking opt_einsum expression ***
  #flops :          1564961200
  #bytes :          945008
  arith. intensity: 1656.03
  time (eval):      0.003320
  time (compile):   0.000157
  gflops (eval):    471.41
  gflops (total):   450.11
CSV_DATA: opt_einsum,torch,"Babcd,aij,bik,ckl,dlm,ejp,fop,gno,hmn->Befgh","128,4,7,4,7,3,4,5,5,50,50,50,50,50,50,50,50","(1,5),(4,5),(1,2),(1,2),(1,2),(1,2),(1,2),(0,1)",FP32,1564961200,1656.029578585578,0.0001571178436279297,0.0033197402954101562,471.4107311839127,450.107866762998
*** input parameters ***
  einsum_str: Babcd,aij,bik,ckl,dlm,ejp,fop,gno,hmn->Befgh
  dim_sizes:  128,4,7,4,7,3,4,5,5,50,50,50,50,50,50,50,50
  cont_path:  (1,5),(4,5),(1,2),(1,2),(1,2),(1,2),(1,2),(0,1)
  backend:    torch
  dtype:      FP32
*** benchmarking opt_einsum expression ***
  #flops :          1564961200
  #bytes :          945008
  arith. intensity: 1656.03
  time (eval):      0.003408
  time (compile):   0.000157
  gflops (eval):    459.14
  gflops (total):   438.94
CSV_DATA: opt_einsum,torch,"Babcd,aij,bik,ckl,dlm,ejp,fop,gno,hmn->Befgh","128,4,7,4,7,3,4,5,5,50,50,50,50,50,50,50,50","(1,5),(4,5),(1,2),(1,2),(1,2),(1,2),(1,2),(0,1)",FP32,1564961200,1656.029578585578,0.00015687942504882812,0.0034084320068359375,459.1440277703414,438.94095365820516
*** input parameters ***
  einsum_str: Babcd,aij,bik,ckl,dlm,ejp,fop,gno,hmn->Befgh
  dim_sizes:  128,4,7,4,7,3,4,5,5,50,50,50,50,50,50,50,50
  cont_path:  (1,5),(4,5),(1,2),(1,2),(1,2),(1,2),(1,2),(0,1)
  backend:    torch
  dtype:      FP32
*** benchmarking opt_einsum expression ***
  #flops :          1564961200
  #bytes :          945008
  arith. intensity: 1656.03
  time (eval):      0.003489
  time (compile):   0.000157
  gflops (eval):    448.60
  gflops (total):   429.30
CSV_DATA: opt_einsum,torch,"Babcd,aij,bik,ckl,dlm,ejp,fop,gno,hmn->Befgh","128,4,7,4,7,3,4,5,5,50,50,50,50,50,50,50,50","(1,5),(4,5),(1,2),(1,2),(1,2),(1,2),(1,2),(0,1)",FP32,1564961200,1656.029578585578,0.00015687942504882812,0.0034885406494140625,448.60053451372335,429.29516160920866
*** input parameters ***
  einsum_str: Babcd,aij,bik,ckl,dlm,ejp,fop,gno,hmn->Befgh
  dim_sizes:  128,4,7,4,7,3,4,5,5,50,50,50,50,50,50,50,50
  cont_path:  (1,5),(4,5),(1,2),(1,2),(1,2),(1,2),(1,2),(0,1)
  backend:    torch
  dtype:      FP32
*** benchmarking opt_einsum expression ***
  #flops :          1564961200
  #bytes :          945008
  arith. intensity: 1656.03
  time (eval):      0.003346
  time (compile):   0.000155
  gflops (eval):    467.68
  gflops (total):   446.98
CSV_DATA: opt_einsum,torch,"Babcd,aij,bik,ckl,dlm,ejp,fop,gno,hmn->Befgh","128,4,7,4,7,3,4,5,5,50,50,50,50,50,50,50,50","(1,5),(4,5),(1,2),(1,2),(1,2),(1,2),(1,2),(0,1)",FP32,1564961200,1656.029578585578,0.00015497207641601562,0.0033462047576904297,467.6824382618311,446.98147912868916
*** input parameters ***
  einsum_str: Babcd,aij,bik,ckl,dlm,ejp,fop,gno,hmn->Befgh
  dim_sizes:  128,4,7,4,7,3,4,5,5,50,50,50,50,50,50,50,50
  cont_path:  (1,5),(4,5),(1,2),(1,2),(1,2),(1,2),(1,2),(0,1)
  backend:    torch
  dtype:      FP32
*** benchmarking opt_einsum expression ***
  #flops :          1564961200
  #bytes :          945008
  arith. intensity: 1656.03
  time (eval):      0.003351
  time (compile):   0.000159
  gflops (eval):    467.05
  gflops (total):   445.86
CSV_DATA: opt_einsum,torch,"Babcd,aij,bik,ckl,dlm,ejp,fop,gno,hmn->Befgh","128,4,7,4,7,3,4,5,5,50,50,50,50,50,50,50,50","(1,5),(4,5),(1,2),(1,2),(1,2),(1,2),(1,2),(0,1)",FP32,1564961200,1656.029578585578,0.00015926361083984375,0.0033507347106933594,467.05016514905367,445.85810494530637
*** input parameters ***
  einsum_str: Babcd,aij,bik,ckl,dlm,ejp,fop,gno,hmn->Befgh
  dim_sizes:  128,4,7,4,7,3,4,5,5,50,50,50,50,50,50,50,50
  cont_path:  (1,5),(4,5),(1,2),(1,2),(1,2),(1,2),(1,2),(0,1)
  backend:    torch
  dtype:      FP32
*** benchmarking opt_einsum expression ***
  #flops :          1564961200
  #bytes :          945008
  arith. intensity: 1656.03
  time (eval):      0.003361
  time (compile):   0.000157
  gflops (eval):    465.66
  gflops (total):   444.89
CSV_DATA: opt_einsum,torch,"Babcd,aij,bik,ckl,dlm,ejp,fop,gno,hmn->Befgh","128,4,7,4,7,3,4,5,5,50,50,50,50,50,50,50,50","(1,5),(4,5),(1,2),(1,2),(1,2),(1,2),(1,2),(0,1)",FP32,1564961200,1656.029578585578,0.00015687942504882812,0.003360748291015625,465.65855710874007,444.89108180864855
*** input parameters ***
  einsum_str: Babcd,aij,bik,ckl,dlm,ejp,fop,gno,hmn->Befgh
  dim_sizes:  128,4,7,4,7,3,4,5,5,50,50,50,50,50,50,50,50
  cont_path:  (1,5),(4,5),(1,2),(1,2),(1,2),(1,2),(1,2),(0,1)
  backend:    torch
  dtype:      FP32
*** benchmarking opt_einsum expression ***
  #flops :          1564961200
  #bytes :          945008
  arith. intensity: 1656.03
  time (eval):      0.003407
  time (compile):   0.000156
  gflops (eval):    459.30
  gflops (total):   439.21
CSV_DATA: opt_einsum,torch,"Babcd,aij,bik,ckl,dlm,ejp,fop,gno,hmn->Befgh","128,4,7,4,7,3,4,5,5,50,50,50,50,50,50,50,50","(1,5),(4,5),(1,2),(1,2),(1,2),(1,2),(1,2),(0,1)",FP32,1564961200,1656.029578585578,0.00015592575073242188,0.0034072399139404297,459.30466874290113,439.2052874543192
*** input parameters ***
  einsum_str: Babcd,aij,bik,ckl,dlm,ejp,fop,gno,hmn->Befgh
  dim_sizes:  128,4,7,4,7,3,4,5,5,50,50,50,50,50,50,50,50
  cont_path:  (1,5),(4,5),(1,2),(1,2),(1,2),(1,2),(1,2),(0,1)
  backend:    torch
  dtype:      FP32
*** benchmarking opt_einsum expression ***
  #flops :          1564961200
  #bytes :          945008
  arith. intensity: 1656.03
  time (eval):      0.003367
  time (compile):   0.000162
  gflops (eval):    464.80
  gflops (total):   443.42
CSV_DATA: opt_einsum,torch,"Babcd,aij,bik,ckl,dlm,ejp,fop,gno,hmn->Befgh","128,4,7,4,7,3,4,5,5,50,50,50,50,50,50,50,50","(1,5),(4,5),(1,2),(1,2),(1,2),(1,2),(1,2),(0,1)",FP32,1564961200,1656.029578585578,0.00016236305236816406,0.0033669471740722656,464.80123360747774,443.4184301158414
*** input parameters ***
  einsum_str: Babcd,aij,bik,ckl,dlm,ejp,fop,gno,hmn->Befgh
  dim_sizes:  128,4,7,4,7,3,4,5,5,50,50,50,50,50,50,50,50
  cont_path:  (1,5),(4,5),(1,2),(1,2),(1,2),(1,2),(1,2),(0,1)
  backend:    torch
  dtype:      FP32
*** benchmarking opt_einsum expression ***
  #flops :          1564961200
  #bytes :          945008
  arith. intensity: 1656.03
  time (eval):      0.003388
  time (compile):   0.000158
  gflops (eval):    461.96
  gflops (total):   441.42
CSV_DATA: opt_einsum,torch,"Babcd,aij,bik,ckl,dlm,ejp,fop,gno,hmn->Befgh","128,4,7,4,7,3,4,5,5,50,50,50,50,50,50,50,50","(1,5),(4,5),(1,2),(1,2),(1,2),(1,2),(1,2),(0,1)",FP32,1564961200,1656.029578585578,0.0001575946807861328,0.0033876895904541016,461.9553114930537,441.420512508729
*** input parameters ***
  einsum_str: Babcd,aij,bik,ckl,dlm,ejp,fop,gno,hmn->Befgh
  dim_sizes:  128,4,7,4,7,3,4,5,5,50,50,50,50,50,50,50,50
  cont_path:  (1,5),(4,5),(1,2),(1,2),(1,2),(1,2),(1,2),(0,1)
  backend:    torch
  dtype:      FP32
*** benchmarking opt_einsum expression ***
  #flops :          1564961200
  #bytes :          945008
  arith. intensity: 1656.03
  time (eval):      0.003562
  time (compile):   0.000161
  gflops (eval):    439.38
  gflops (total):   420.41
CSV_DATA: opt_einsum,torch,"Babcd,aij,bik,ckl,dlm,ejp,fop,gno,hmn->Befgh","128,4,7,4,7,3,4,5,5,50,50,50,50,50,50,50,50","(1,5),(4,5),(1,2),(1,2),(1,2),(1,2),(1,2),(0,1)",FP32,1564961200,1656.029578585578,0.00016069412231445312,0.003561735153198242,439.38168692715715,420.413951258874
*** input parameters ***
  einsum_str: Babcd,aij,bik,ckl,dlm,ejp,fop,gno,hmn->Befgh
  dim_sizes:  128,4,7,4,7,3,4,5,5,50,50,50,50,50,50,50,50
  cont_path:  (1,5),(4,5),(1,2),(1,2),(1,2),(1,2),(1,2),(0,1)
  backend:    torch
  dtype:      FP32
*** benchmarking opt_einsum expression ***
  #flops :          1564961200
  #bytes :          945008
  arith. intensity: 1656.03
  time (eval):      0.003348
  time (compile):   0.000151
  gflops (eval):    467.38
  gflops (total):   447.16
CSV_DATA: opt_einsum,torch,"Babcd,aij,bik,ckl,dlm,ejp,fop,gno,hmn->Befgh","128,4,7,4,7,3,4,5,5,50,50,50,50,50,50,50,50","(1,5),(4,5),(1,2),(1,2),(1,2),(1,2),(1,2),(0,1)",FP32,1564961200,1656.029578585578,0.0001513957977294922,0.0033483505249023438,467.38272721481064,447.1641815522039
*** input parameters ***
  einsum_str: Babcd,aij,bik,ckl,dlm,ejp,fop,gno,hmn->Befgh
  dim_sizes:  128,4,7,4,7,3,4,5,5,50,50,50,50,50,50,50,50
  cont_path:  (1,5),(4,5),(1,2),(1,2),(1,2),(1,2),(1,2),(0,1)
  backend:    torch
  dtype:      FP32
*** benchmarking opt_einsum expression ***
  #flops :          1564961200
  #bytes :          945008
  arith. intensity: 1656.03
  time (eval):      0.003359
  time (compile):   0.000161
  gflops (eval):    465.92
  gflops (total):   444.62
CSV_DATA: opt_einsum,torch,"Babcd,aij,bik,ckl,dlm,ejp,fop,gno,hmn->Befgh","128,4,7,4,7,3,4,5,5,50,50,50,50,50,50,50,50","(1,5),(4,5),(1,2),(1,2),(1,2),(1,2),(1,2),(0,1)",FP32,1564961200,1656.029578585578,0.0001609325408935547,0.0033588409423828125,465.92298559091427,444.619861884766
*** input parameters ***
  einsum_str: Babcd,aij,bik,ckl,dlm,ejp,fop,gno,hmn->Befgh
  dim_sizes:  128,4,7,4,7,3,4,5,5,50,50,50,50,50,50,50,50
  cont_path:  (1,5),(4,5),(1,2),(1,2),(1,2),(1,2),(1,2),(0,1)
  backend:    torch
  dtype:      FP32
*** benchmarking opt_einsum expression ***
  #flops :          1564961200
  #bytes :          945008
  arith. intensity: 1656.03
  time (eval):      0.003377
  time (compile):   0.000155
  gflops (eval):    463.42
  gflops (total):   443.12
CSV_DATA: opt_einsum,torch,"Babcd,aij,bik,ckl,dlm,ejp,fop,gno,hmn->Befgh","128,4,7,4,7,3,4,5,5,50,50,50,50,50,50,50,50","(1,5),(4,5),(1,2),(1,2),(1,2),(1,2),(1,2),(0,1)",FP32,1564961200,1656.029578585578,0.00015473365783691406,0.0033769607543945312,463.42297521920364,443.11908600585974
*** input parameters ***
  einsum_str: Babcd,aij,bik,ckl,dlm,ejp,fop,gno,hmn->Befgh
  dim_sizes:  128,4,7,4,7,3,4,5,5,50,50,50,50,50,50,50,50
  cont_path:  (1,5),(4,5),(1,2),(1,2),(1,2),(1,2),(1,2),(0,1)
  backend:    torch
  dtype:      FP32
*** benchmarking opt_einsum expression ***
  #flops :          1564961200
  #bytes :          945008
  arith. intensity: 1656.03
  time (eval):      0.003418
  time (compile):   0.000163
  gflops (eval):    457.86
  gflops (total):   436.98
CSV_DATA: opt_einsum,torch,"Babcd,aij,bik,ckl,dlm,ejp,fop,gno,hmn->Befgh","128,4,7,4,7,3,4,5,5,50,50,50,50,50,50,50,50","(1,5),(4,5),(1,2),(1,2),(1,2),(1,2),(1,2),(0,1)",FP32,1564961200,1656.029578585578,0.0001633167266845703,0.00341796875,457.8629339428571,436.9830917385527
*** input parameters ***
  einsum_str: Babcd,aij,bik,ckl,dlm,ejp,fop,gno,hmn->Befgh
  dim_sizes:  128,4,7,4,7,3,4,5,5,50,50,50,50,50,50,50,50
  cont_path:  (1,5),(4,5),(1,2),(1,2),(1,2),(1,2),(1,2),(0,1)
  backend:    torch
  dtype:      FP32
*** benchmarking opt_einsum expression ***
  #flops :          1564961200
  #bytes :          945008
  arith. intensity: 1656.03
  time (eval):      0.003378
  time (compile):   0.000150
  gflops (eval):    463.29
  gflops (total):   443.57
CSV_DATA: opt_einsum,torch,"Babcd,aij,bik,ckl,dlm,ejp,fop,gno,hmn->Befgh","128,4,7,4,7,3,4,5,5,50,50,50,50,50,50,50,50","(1,5),(4,5),(1,2),(1,2),(1,2),(1,2),(1,2),(0,1)",FP32,1564961200,1656.029578585578,0.00015020370483398438,0.0033779144287109375,463.2921386931678,443.56825388598463
*** input parameters ***
  einsum_str: Babcd,aij,bik,ckl,dlm,ejp,fop,gno,hmn->Befgh
  dim_sizes:  128,4,7,4,7,3,4,5,5,50,50,50,50,50,50,50,50
  cont_path:  (1,5),(4,5),(1,2),(1,2),(1,2),(1,2),(1,2),(0,1)
  backend:    torch
  dtype:      FP32
*** benchmarking opt_einsum expression ***
  #flops :          1564961200
  #bytes :          945008
  arith. intensity: 1656.03
  time (eval):      0.003339
  time (compile):   0.000157
  gflops (eval):    468.75
  gflops (total):   447.71
CSV_DATA: opt_einsum,torch,"Babcd,aij,bik,ckl,dlm,ejp,fop,gno,hmn->Befgh","128,4,7,4,7,3,4,5,5,50,50,50,50,50,50,50,50","(1,5),(4,5),(1,2),(1,2),(1,2),(1,2),(1,2),(0,1)",FP32,1564961200,1656.029578585578,0.00015687942504882812,0.0033385753631591797,468.7511976722702,447.71318607221883
*** input parameters ***
  einsum_str: Babcd,aij,bik,ckl,dlm,ejp,fop,gno,hmn->Befgh
  dim_sizes:  128,4,7,4,7,3,4,5,5,50,50,50,50,50,50,50,50
  cont_path:  (1,5),(4,5),(1,2),(1,2),(1,2),(1,2),(1,2),(0,1)
  backend:    torch
  dtype:      FP32
*** benchmarking opt_einsum expression ***
  #flops :          1564961200
  #bytes :          945008
  arith. intensity: 1656.03
  time (eval):      0.003399
  time (compile):   0.000156
  gflops (eval):    460.40
  gflops (total):   440.24
CSV_DATA: opt_einsum,torch,"Babcd,aij,bik,ckl,dlm,ejp,fop,gno,hmn->Befgh","128,4,7,4,7,3,4,5,5,50,50,50,50,50,50,50,50","(1,5),(4,5),(1,2),(1,2),(1,2),(1,2),(1,2),(0,1)",FP32,1564961200,1656.029578585578,0.0001556873321533203,0.0033991336822509766,460.40001550149407,440.2362857816767
*** input parameters ***
  einsum_str: Babcd,aij,bik,ckl,dlm,ejp,fop,gno,hmn->Befgh
  dim_sizes:  128,4,7,4,7,3,4,5,5,50,50,50,50,50,50,50,50
  cont_path:  (1,5),(4,5),(1,2),(1,2),(1,2),(1,2),(1,2),(0,1)
  backend:    torch
  dtype:      FP32
*** benchmarking opt_einsum expression ***
  #flops :          1564961200
  #bytes :          945008
  arith. intensity: 1656.03
  time (eval):      0.003388
  time (compile):   0.000157
  gflops (eval):    461.92
  gflops (total):   441.51
CSV_DATA: opt_einsum,torch,"Babcd,aij,bik,ckl,dlm,ejp,fop,gno,hmn->Befgh","128,4,7,4,7,3,4,5,5,50,50,50,50,50,50,50,50","(1,5),(4,5),(1,2),(1,2),(1,2),(1,2),(1,2),(0,1)",FP32,1564961200,1656.029578585578,0.00015664100646972656,0.003387928009033203,461.922802322646,441.509586399731
*** input parameters ***
  einsum_str: Babcd,aij,bik,ckl,dlm,ejp,fop,gno,hmn->Befgh
  dim_sizes:  128,4,7,4,7,3,4,5,5,50,50,50,50,50,50,50,50
  cont_path:  (1,5),(4,5),(1,2),(1,2),(1,2),(1,2),(1,2),(0,1)
  backend:    torch
  dtype:      FP32
*** benchmarking opt_einsum expression ***
  #flops :          1564961200
  #bytes :          945008
  arith. intensity: 1656.03
  time (eval):      0.003380
  time (compile):   0.000157
  gflops (eval):    463.00
  gflops (total):   442.40
CSV_DATA: opt_einsum,torch,"Babcd,aij,bik,ckl,dlm,ejp,fop,gno,hmn->Befgh","128,4,7,4,7,3,4,5,5,50,50,50,50,50,50,50,50","(1,5),(4,5),(1,2),(1,2),(1,2),(1,2),(1,2),(0,1)",FP32,1564961200,1656.029578585578,0.00015735626220703125,0.0033800601959228516,462.99802645163294,442.4023064638944
*** input parameters ***
  einsum_str: Babcd,aij,bik,ckl,dlm,ejp,fop,gno,hmn->Befgh
  dim_sizes:  128,4,7,4,7,3,4,5,5,50,50,50,50,50,50,50,50
  cont_path:  (1,5),(4,5),(1,2),(1,2),(1,2),(1,2),(1,2),(0,1)
  backend:    torch
  dtype:      FP32
*** benchmarking opt_einsum expression ***
  #flops :          1564961200
  #bytes :          945008
  arith. intensity: 1656.03
  time (eval):      0.003452
  time (compile):   0.000153
  gflops (eval):    453.34
  gflops (total):   434.06
CSV_DATA: opt_einsum,torch,"Babcd,aij,bik,ckl,dlm,ejp,fop,gno,hmn->Befgh","128,4,7,4,7,3,4,5,5,50,50,50,50,50,50,50,50","(1,5),(4,5),(1,2),(1,2),(1,2),(1,2),(1,2),(0,1)",FP32,1564961200,1656.029578585578,0.0001533031463623047,0.0034520626068115234,453.34090897194557,434.06447698748843
*** input parameters ***
  einsum_str: Babcd,aij,bik,ckl,dlm,ejp,fop,gno,hmn->Befgh
  dim_sizes:  128,4,7,4,7,3,4,5,5,50,50,50,50,50,50,50,50
  cont_path:  (1,5),(4,5),(1,2),(1,2),(1,2),(1,2),(1,2),(0,1)
  backend:    torch
  dtype:      FP32
*** benchmarking opt_einsum expression ***
  #flops :          1564961200
  #bytes :          945008
  arith. intensity: 1656.03
  time (eval):      0.003416
  time (compile):   0.000160
  gflops (eval):    458.12
  gflops (total):   437.68
CSV_DATA: opt_einsum,torch,"Babcd,aij,bik,ckl,dlm,ejp,fop,gno,hmn->Befgh","128,4,7,4,7,3,4,5,5,50,50,50,50,50,50,50,50","(1,5),(4,5),(1,2),(1,2),(1,2),(1,2),(1,2),(0,1)",FP32,1564961200,1656.029578585578,0.0001595020294189453,0.0034160614013671875,458.1185804721385,437.6824045478963
*** input parameters ***
  einsum_str: Babcd,aij,bik,ckl,dlm,ejp,fop,gno,hmn->Befgh
  dim_sizes:  128,4,7,4,7,3,4,5,5,50,50,50,50,50,50,50,50
  cont_path:  (1,5),(4,5),(1,2),(1,2),(1,2),(1,2),(1,2),(0,1)
  backend:    torch
  dtype:      FP32
*** benchmarking opt_einsum expression ***
  #flops :          1564961200
  #bytes :          945008
  arith. intensity: 1656.03
  time (eval):      0.003464
  time (compile):   0.000156
  gflops (eval):    451.84
  gflops (total):   432.35
CSV_DATA: opt_einsum,torch,"Babcd,aij,bik,ckl,dlm,ejp,fop,gno,hmn->Befgh","128,4,7,4,7,3,4,5,5,50,50,50,50,50,50,50,50","(1,5),(4,5),(1,2),(1,2),(1,2),(1,2),(1,2),(0,1)",FP32,1564961200,1656.029578585578,0.00015616416931152344,0.0034635066986083984,451.8429834793695,432.3490331316559
*** input parameters ***
  einsum_str: Babcd,aij,bik,ckl,dlm,ejp,fop,gno,hmn->Befgh
  dim_sizes:  128,4,7,4,7,3,4,5,5,50,50,50,50,50,50,50,50
  cont_path:  (1,5),(4,5),(1,2),(1,2),(1,2),(1,2),(1,2),(0,1)
  backend:    torch
  dtype:      FP32
*** benchmarking opt_einsum expression ***
  #flops :          1564961200
  #bytes :          945008
  arith. intensity: 1656.03
  time (eval):      0.003425
  time (compile):   0.000162
  gflops (eval):    456.97
  gflops (total):   436.29
CSV_DATA: opt_einsum,torch,"Babcd,aij,bik,ckl,dlm,ejp,fop,gno,hmn->Befgh","128,4,7,4,7,3,4,5,5,50,50,50,50,50,50,50,50","(1,5),(4,5),(1,2),(1,2),(1,2),(1,2),(1,2),(0,1)",FP32,1564961200,1656.029578585578,0.00016236305236816406,0.0034246444702148438,456.9704136037873,436.28601003687606
*** input parameters ***
  einsum_str: Babcd,aij,bik,ckl,dlm,ejp,fop,gno,hmn->Befgh
  dim_sizes:  128,4,7,4,7,3,4,5,5,50,50,50,50,50,50,50,50
  cont_path:  (1,5),(4,5),(1,2),(1,2),(1,2),(1,2),(1,2),(0,1)
  backend:    torch
  dtype:      FP32
*** benchmarking opt_einsum expression ***
  #flops :          1564961200
  #bytes :          945008
  arith. intensity: 1656.03
  time (eval):      0.003401
  time (compile):   0.000158
  gflops (eval):    460.11
  gflops (total):   439.73
CSV_DATA: opt_einsum,torch,"Babcd,aij,bik,ckl,dlm,ejp,fop,gno,hmn->Befgh","128,4,7,4,7,3,4,5,5,50,50,50,50,50,50,50,50","(1,5),(4,5),(1,2),(1,2),(1,2),(1,2),(1,2),(0,1)",FP32,1564961200,1656.029578585578,0.0001575946807861328,0.0034012794494628906,460.10956266681626,439.7349113019897
*** input parameters ***
  einsum_str: Babcd,aij,bik,ckl,dlm,ejp,fop,gno,hmn->Befgh
  dim_sizes:  128,4,7,4,7,3,4,5,5,50,50,50,50,50,50,50,50
  cont_path:  (1,5),(4,5),(1,2),(1,2),(1,2),(1,2),(1,2),(0,1)
  backend:    torch
  dtype:      FP32
*** benchmarking opt_einsum expression ***
  #flops :          1564961200
  #bytes :          945008
  arith. intensity: 1656.03
  time (eval):      0.003379
  time (compile):   0.000160
  gflops (eval):    463.19
  gflops (total):   442.25
CSV_DATA: opt_einsum,torch,"Babcd,aij,bik,ckl,dlm,ejp,fop,gno,hmn->Befgh","128,4,7,4,7,3,4,5,5,50,50,50,50,50,50,50,50","(1,5),(4,5),(1,2),(1,2),(1,2),(1,2),(1,2),(0,1)",FP32,1564961200,1656.029578585578,0.00015997886657714844,0.003378629684448242,463.19405977029146,442.25326916889907
*** input parameters ***
  einsum_str: Babcd,aij,bik,ckl,dlm,ejp,fop,gno,hmn->Befgh
  dim_sizes:  128,4,7,4,7,3,4,5,5,50,50,50,50,50,50,50,50
  cont_path:  (1,5),(4,5),(1,2),(1,2),(1,2),(1,2),(1,2),(0,1)
  backend:    torch
  dtype:      FP32
*** benchmarking opt_einsum expression ***
  #flops :          1564961200
  #bytes :          945008
  arith. intensity: 1656.03
  time (eval):      0.003371
  time (compile):   0.000164
  gflops (eval):    464.18
  gflops (total):   442.64
CSV_DATA: opt_einsum,torch,"Babcd,aij,bik,ckl,dlm,ejp,fop,gno,hmn->Befgh","128,4,7,4,7,3,4,5,5,50,50,50,50,50,50,50,50","(1,5),(4,5),(1,2),(1,2),(1,2),(1,2),(1,2),(0,1)",FP32,1564961200,1656.029578585578,0.000164031982421875,0.0033714771270751953,464.17672166075954,442.6409751840853
*** input parameters ***
  einsum_str: Babcd,aij,bik,ckl,dlm,ejp,fop,gno,hmn->Befgh
  dim_sizes:  128,4,7,4,7,3,4,5,5,50,50,50,50,50,50,50,50
  cont_path:  (1,5),(4,5),(1,2),(1,2),(1,2),(1,2),(1,2),(0,1)
  backend:    torch
  dtype:      FP32
*** benchmarking opt_einsum expression ***
  #flops :          1564961200
  #bytes :          945008
  arith. intensity: 1656.03
  time (eval):      0.003405
  time (compile):   0.000163
  gflops (eval):    459.66
  gflops (total):   438.68
CSV_DATA: opt_einsum,torch,"Babcd,aij,bik,ckl,dlm,ejp,fop,gno,hmn->Befgh","128,4,7,4,7,3,4,5,5,50,50,50,50,50,50,50,50","(1,5),(4,5),(1,2),(1,2),(1,2),(1,2),(1,2),(0,1)",FP32,1564961200,1656.029578585578,0.0001628398895263672,0.0034046173095703125,459.65847486028014,438.6769378470093
*** input parameters ***
  einsum_str: Babcd,aij,bik,ckl,dlm,ejp,fop,gno,hmn->Befgh
  dim_sizes:  128,4,7,4,7,3,4,5,5,50,50,50,50,50,50,50,50
  cont_path:  (1,5),(4,5),(1,2),(1,2),(1,2),(1,2),(1,2),(0,1)
  backend:    torch
  dtype:      FP32
*** benchmarking opt_einsum expression ***
  #flops :          1564961200
  #bytes :          945008
  arith. intensity: 1656.03
  time (eval):      0.003404
  time (compile):   0.000155
  gflops (eval):    459.72
  gflops (total):   439.73
CSV_DATA: opt_einsum,torch,"Babcd,aij,bik,ckl,dlm,ejp,fop,gno,hmn->Befgh","128,4,7,4,7,3,4,5,5,50,50,50,50,50,50,50,50","(1,5),(4,5),(1,2),(1,2),(1,2),(1,2),(1,2),(0,1)",FP32,1564961200,1656.029578585578,0.00015473365783691406,0.0034041404724121094,459.7228618157165,439.7349113019897
*** input parameters ***
  einsum_str: Babcd,aij,bik,ckl,dlm,ejp,fop,gno,hmn->Befgh
  dim_sizes:  128,4,7,4,7,3,4,5,5,50,50,50,50,50,50,50,50
  cont_path:  (1,5),(4,5),(1,2),(1,2),(1,2),(1,2),(1,2),(0,1)
  backend:    torch
  dtype:      FP32
*** benchmarking opt_einsum expression ***
  #flops :          1564961200
  #bytes :          945008
  arith. intensity: 1656.03
  time (eval):      0.003465
  time (compile):   0.000153
  gflops (eval):    451.69
  gflops (total):   432.55
CSV_DATA: opt_einsum,torch,"Babcd,aij,bik,ckl,dlm,ejp,fop,gno,hmn->Befgh","128,4,7,4,7,3,4,5,5,50,50,50,50,50,50,50,50","(1,5),(4,5),(1,2),(1,2),(1,2),(1,2),(1,2),(0,1)",FP32,1564961200,1656.029578585578,0.0001533031463623047,0.0034646987915039062,451.6875186488302,432.54846925896544
*** input parameters ***
  einsum_str: Babcd,aij,bik,ckl,dlm,ejp,fop,gno,hmn->Befgh
  dim_sizes:  128,4,7,4,7,3,4,5,5,50,50,50,50,50,50,50,50
  cont_path:  (1,5),(4,5),(1,2),(1,2),(1,2),(1,2),(1,2),(0,1)
  backend:    torch
  dtype:      FP32
*** benchmarking opt_einsum expression ***
  #flops :          1564961200
  #bytes :          945008
  arith. intensity: 1656.03
  time (eval):      0.003350
  time (compile):   0.000153
  gflops (eval):    467.22
  gflops (total):   446.80
CSV_DATA: opt_einsum,torch,"Babcd,aij,bik,ckl,dlm,ejp,fop,gno,hmn->Befgh","128,4,7,4,7,3,4,5,5,50,50,50,50,50,50,50,50","(1,5),(4,5),(1,2),(1,2),(1,2),(1,2),(1,2),(0,1)",FP32,1564961200,1656.029578585578,0.00015306472778320312,0.0033495426177978516,467.2163870029753,446.79892594137914
*** input parameters ***
  einsum_str: Babcd,aij,bik,ckl,dlm,ejp,fop,gno,hmn->Befgh
  dim_sizes:  128,4,7,4,7,3,4,5,5,50,50,50,50,50,50,50,50
  cont_path:  (1,5),(4,5),(1,2),(1,2),(1,2),(1,2),(1,2),(0,1)
  backend:    torch
  dtype:      FP32
*** benchmarking opt_einsum expression ***
  #flops :          1564961200
  #bytes :          945008
  arith. intensity: 1656.03
  time (eval):      0.003511
  time (compile):   0.000163
  gflops (eval):    445.71
  gflops (total):   425.98
CSV_DATA: opt_einsum,torch,"Babcd,aij,bik,ckl,dlm,ejp,fop,gno,hmn->Befgh","128,4,7,4,7,3,4,5,5,50,50,50,50,50,50,50,50","(1,5),(4,5),(1,2),(1,2),(1,2),(1,2),(1,2),(0,1)",FP32,1564961200,1656.029578585578,0.00016260147094726562,0.003511190414428711,445.7067305632376,425.9798183532222
*** input parameters ***
  einsum_str: Babcd,aij,bik,ckl,dlm,ejp,fop,gno,hmn->Befgh
  dim_sizes:  128,4,7,4,7,3,4,5,5,50,50,50,50,50,50,50,50
  cont_path:  (1,5),(4,5),(1,2),(1,2),(1,2),(1,2),(1,2),(0,1)
  backend:    torch
  dtype:      FP32
*** benchmarking opt_einsum expression ***
  #flops :          1564961200
  #bytes :          945008
  arith. intensity: 1656.03
  time (eval):      0.003335
  time (compile):   0.000154
  gflops (eval):    469.19
  gflops (total):   448.48
CSV_DATA: opt_einsum,torch,"Babcd,aij,bik,ckl,dlm,ejp,fop,gno,hmn->Befgh","128,4,7,4,7,3,4,5,5,50,50,50,50,50,50,50,50","(1,5),(4,5),(1,2),(1,2),(1,2),(1,2),(1,2),(0,1)",FP32,1564961200,1656.029578585578,0.00015401840209960938,0.0033354759216308594,469.18677777017876,448.47793256386996
*** input parameters ***
  einsum_str: Babcd,aij,bik,ckl,dlm,ejp,fop,gno,hmn->Befgh
  dim_sizes:  128,4,7,4,7,3,4,5,5,50,50,50,50,50,50,50,50
  cont_path:  (1,5),(4,5),(1,2),(1,2),(1,2),(1,2),(1,2),(0,1)
  backend:    torch
  dtype:      FP32
*** benchmarking opt_einsum expression ***
  #flops :          1564961200
  #bytes :          945008
  arith. intensity: 1656.03
  time (eval):      0.003553
  time (compile):   0.000156
  gflops (eval):    440.47
  gflops (total):   421.98
CSV_DATA: opt_einsum,torch,"Babcd,aij,bik,ckl,dlm,ejp,fop,gno,hmn->Befgh","128,4,7,4,7,3,4,5,5,50,50,50,50,50,50,50,50","(1,5),(4,5),(1,2),(1,2),(1,2),(1,2),(1,2),(0,1)",FP32,1564961200,1656.029578585578,0.0001556873321533203,0.0035529136657714844,440.4726225342102,421.98155069140466
*** input parameters ***
  einsum_str: Babcd,aij,bik,ckl,dlm,ejp,fop,gno,hmn->Befgh
  dim_sizes:  128,4,7,4,7,3,4,5,5,50,50,50,50,50,50,50,50
  cont_path:  (1,5),(4,5),(1,2),(1,2),(1,2),(1,2),(1,2),(0,1)
  backend:    torch
  dtype:      FP32
*** benchmarking opt_einsum expression ***
  #flops :          1564961200
  #bytes :          945008
  arith. intensity: 1656.03
  time (eval):      0.003339
  time (compile):   0.000153
  gflops (eval):    468.65
  gflops (total):   448.11
CSV_DATA: opt_einsum,torch,"Babcd,aij,bik,ckl,dlm,ejp,fop,gno,hmn->Befgh","128,4,7,4,7,3,4,5,5,50,50,50,50,50,50,50,50","(1,5),(4,5),(1,2),(1,2),(1,2),(1,2),(1,2),(0,1)",FP32,1564961200,1656.029578585578,0.00015306472778320312,0.0033392906188964844,468.65079401719265,448.11052846837794
*** input parameters ***
  einsum_str: Babcd,aij,bik,ckl,dlm,ejp,fop,gno,hmn->Befgh
  dim_sizes:  128,4,7,4,7,3,4,5,5,50,50,50,50,50,50,50,50
  cont_path:  (1,5),(4,5),(1,2),(1,2),(1,2),(1,2),(1,2),(0,1)
  backend:    torch
  dtype:      FP32
*** benchmarking opt_einsum expression ***
  #flops :          1564961200
  #bytes :          945008
  arith. intensity: 1656.03
  time (eval):      0.003399
  time (compile):   0.000160
  gflops (eval):    460.37
  gflops (total):   439.71
CSV_DATA: opt_einsum,torch,"Babcd,aij,bik,ckl,dlm,ejp,fop,gno,hmn->Befgh","128,4,7,4,7,3,4,5,5,50,50,50,50,50,50,50,50","(1,5),(4,5),(1,2),(1,2),(1,2),(1,2),(1,2),(0,1)",FP32,1564961200,1656.029578585578,0.00015974044799804688,0.003399372100830078,460.36772485655774,439.7054542473741
*** input parameters ***
  einsum_str: Babcd,aij,bik,ckl,dlm,ejp,fop,gno,hmn->Befgh
  dim_sizes:  128,4,7,4,7,3,4,5,5,50,50,50,50,50,50,50,50
  cont_path:  (1,5),(4,5),(1,2),(1,2),(1,2),(1,2),(1,2),(0,1)
  backend:    torch
  dtype:      FP32
*** benchmarking opt_einsum expression ***
  #flops :          1564961200
  #bytes :          945008
  arith. intensity: 1656.03
  time (eval):      0.003366
  time (compile):   0.000156
  gflops (eval):    464.87
  gflops (total):   444.32
CSV_DATA: opt_einsum,torch,"Babcd,aij,bik,ckl,dlm,ejp,fop,gno,hmn->Befgh","128,4,7,4,7,3,4,5,5,50,50,50,50,50,50,50,50","(1,5),(4,5),(1,2),(1,2),(1,2),(1,2),(1,2),(0,1)",FP32,1564961200,1656.029578585578,0.0001556873321533203,0.0033664703369140625,464.86706947626067,444.31889399612805
*** input parameters ***
  einsum_str: Babcd,aij,bik,ckl,dlm,ejp,fop,gno,hmn->Befgh
  dim_sizes:  128,4,7,4,7,3,4,5,5,50,50,50,50,50,50,50,50
  cont_path:  (1,5),(4,5),(1,2),(1,2),(1,2),(1,2),(1,2),(0,1)
  backend:    torch
  dtype:      FP32
*** benchmarking opt_einsum expression ***
  #flops :          1564961200
  #bytes :          945008
  arith. intensity: 1656.03
  time (eval):      0.003438
  time (compile):   0.000159
  gflops (eval):    455.16
  gflops (total):   435.01
CSV_DATA: opt_einsum,torch,"Babcd,aij,bik,ckl,dlm,ejp,fop,gno,hmn->Befgh","128,4,7,4,7,3,4,5,5,50,50,50,50,50,50,50,50","(1,5),(4,5),(1,2),(1,2),(1,2),(1,2),(1,2),(0,1)",FP32,1564961200,1656.029578585578,0.00015926361083984375,0.003438234329223633,455.1642064353928,435.0137862684605
*** input parameters ***
  einsum_str: Babcd,aij,bik,ckl,dlm,ejp,fop,gno,hmn->Befgh
  dim_sizes:  128,4,7,4,7,3,4,5,5,50,50,50,50,50,50,50,50
  cont_path:  (1,5),(4,5),(1,2),(1,2),(1,2),(1,2),(1,2),(0,1)
  backend:    torch
  dtype:      FP32
*** benchmarking opt_einsum expression ***
  #flops :          1564961200
  #bytes :          945008
  arith. intensity: 1656.03
  time (eval):      0.003352
  time (compile):   0.000156
  gflops (eval):    466.92
  gflops (total):   446.10
CSV_DATA: opt_einsum,torch,"Babcd,aij,bik,ckl,dlm,ejp,fop,gno,hmn->Befgh","128,4,7,4,7,3,4,5,5,50,50,50,50,50,50,50,50","(1,5),(4,5),(1,2),(1,2),(1,2),(1,2),(1,2),(0,1)",FP32,1564961200,1656.029578585578,0.000156402587890625,0.0033516883850097656,466.91727279874806,446.1005179424222
*** input parameters ***
  einsum_str: Babcd,aij,bik,ckl,dlm,ejp,fop,gno,hmn->Befgh
  dim_sizes:  128,4,7,4,7,3,4,5,5,50,50,50,50,50,50,50,50
  cont_path:  (1,5),(4,5),(1,2),(1,2),(1,2),(1,2),(1,2),(0,1)
  backend:    torch
  dtype:      FP32
*** benchmarking opt_einsum expression ***
  #flops :          1564961200
  #bytes :          945008
  arith. intensity: 1656.03
  time (eval):      0.003412
  time (compile):   0.000154
  gflops (eval):    458.73
  gflops (total):   438.94
CSV_DATA: opt_einsum,torch,"Babcd,aij,bik,ckl,dlm,ejp,fop,gno,hmn->Befgh","128,4,7,4,7,3,4,5,5,50,50,50,50,50,50,50,50","(1,5),(4,5),(1,2),(1,2),(1,2),(1,2),(1,2),(0,1)",FP32,1564961200,1656.029578585578,0.0001537799835205078,0.003411531448364258,458.7268866451045,438.94095365820516
*** input parameters ***
  einsum_str: Babcd,aij,bik,ckl,dlm,ejp,fop,gno,hmn->Befgh
  dim_sizes:  128,4,7,4,7,3,4,5,5,50,50,50,50,50,50,50,50
  cont_path:  (1,5),(4,5),(1,2),(1,2),(1,2),(1,2),(1,2),(0,1)
  backend:    torch
  dtype:      FP32
*** benchmarking opt_einsum expression ***
  #flops :          1564961200
  #bytes :          945008
  arith. intensity: 1656.03
  time (eval):      0.003355
  time (compile):   0.000157
  gflops (eval):    466.52
  gflops (total):   445.71
CSV_DATA: opt_einsum,torch,"Babcd,aij,bik,ckl,dlm,ejp,fop,gno,hmn->Befgh","128,4,7,4,7,3,4,5,5,50,50,50,50,50,50,50,50","(1,5),(4,5),(1,2),(1,2),(1,2),(1,2),(1,2),(0,1)",FP32,1564961200,1656.029578585578,0.00015664100646972656,0.0033545494079589844,466.5190491119261,445.7067305632376
*** input parameters ***
  einsum_str: Babcd,aij,bik,ckl,dlm,ejp,fop,gno,hmn->Befgh
  dim_sizes:  128,4,7,4,7,3,4,5,5,50,50,50,50,50,50,50,50
  cont_path:  (1,5),(4,5),(1,2),(1,2),(1,2),(1,2),(1,2),(0,1)
  backend:    torch
  dtype:      FP32
*** benchmarking opt_einsum expression ***
  #flops :          1564961200
  #bytes :          945008
  arith. intensity: 1656.03
  time (eval):      0.003385
  time (compile):   0.000157
  gflops (eval):    462.38
  gflops (total):   441.90
CSV_DATA: opt_einsum,torch,"Babcd,aij,bik,ckl,dlm,ejp,fop,gno,hmn->Befgh","128,4,7,4,7,3,4,5,5,50,50,50,50,50,50,50,50","(1,5),(4,5),(1,2),(1,2),(1,2),(1,2),(1,2),(0,1)",FP32,1564961200,1656.029578585578,0.00015687942504882812,0.0033845901489257812,462.3783474925895,441.895989026848
*** input parameters ***
  einsum_str: Babcd,aij,bik,ckl,dlm,ejp,fop,gno,hmn->Befgh
  dim_sizes:  128,4,7,4,7,3,4,5,5,50,50,50,50,50,50,50,50
  cont_path:  (1,5),(4,5),(1,2),(1,2),(1,2),(1,2),(1,2),(0,1)
  backend:    torch
  dtype:      FP32
*** benchmarking opt_einsum expression ***
  #flops :          1564961200
  #bytes :          945008
  arith. intensity: 1656.03
  time (eval):      0.003412
  time (compile):   0.000156
  gflops (eval):    458.73
  gflops (total):   438.71
CSV_DATA: opt_einsum,torch,"Babcd,aij,bik,ckl,dlm,ejp,fop,gno,hmn->Befgh","128,4,7,4,7,3,4,5,5,50,50,50,50,50,50,50,50","(1,5),(4,5),(1,2),(1,2),(1,2),(1,2),(1,2),(0,1)",FP32,1564961200,1656.029578585578,0.0001556873321533203,0.003411531448364258,458.7268866451045,438.7062572520252
*** input parameters ***
  einsum_str: Babcd,aij,bik,ckl,dlm,ejp,fop,gno,hmn->Befgh
  dim_sizes:  128,4,7,4,7,3,4,5,5,50,50,50,50,50,50,50,50
  cont_path:  (1,5),(4,5),(1,2),(1,2),(1,2),(1,2),(1,2),(0,1)
  backend:    torch
  dtype:      FP32
*** benchmarking opt_einsum expression ***
  #flops :          1564961200
  #bytes :          945008
  arith. intensity: 1656.03
  time (eval):      0.003473
  time (compile):   0.000156
  gflops (eval):    450.60
  gflops (total):   431.18
CSV_DATA: opt_einsum,torch,"Babcd,aij,bik,ckl,dlm,ejp,fop,gno,hmn->Befgh","128,4,7,4,7,3,4,5,5,50,50,50,50,50,50,50,50","(1,5),(4,5),(1,2),(1,2),(1,2),(1,2),(1,2),(0,1)",FP32,1564961200,1656.029578585578,0.000156402587890625,0.003473043441772461,450.6022531066658,431.1845904883926
*** input parameters ***
  einsum_str: Babcd,aij,bik,ckl,dlm,ejp,fop,gno,hmn->Befgh
  dim_sizes:  128,4,7,4,7,3,4,5,5,50,50,50,50,50,50,50,50
  cont_path:  (1,5),(4,5),(1,2),(1,2),(1,2),(1,2),(1,2),(0,1)
  backend:    torch
  dtype:      FP32
*** benchmarking opt_einsum expression ***
  #flops :          1564961200
  #bytes :          945008
  arith. intensity: 1656.03
  time (eval):      0.003376
  time (compile):   0.000155
  gflops (eval):    463.62
  gflops (total):   443.30
CSV_DATA: opt_einsum,torch,"Babcd,aij,bik,ckl,dlm,ejp,fop,gno,hmn->Befgh","128,4,7,4,7,3,4,5,5,50,50,50,50,50,50,50,50","(1,5),(4,5),(1,2),(1,2),(1,2),(1,2),(1,2),(0,1)",FP32,1564961200,1656.029578585578,0.00015473365783691406,0.003375530242919922,463.61936862585117,443.298643952509
*** input parameters ***
  einsum_str: Babcd,aij,bik,ckl,dlm,ejp,fop,gno,hmn->Befgh
  dim_sizes:  128,4,7,4,7,3,4,5,5,50,50,50,50,50,50,50,50
  cont_path:  (1,5),(4,5),(1,2),(1,2),(1,2),(1,2),(1,2),(0,1)
  backend:    torch
  dtype:      FP32
*** benchmarking opt_einsum expression ***
  #flops :          1564961200
  #bytes :          945008
  arith. intensity: 1656.03
  time (eval):      0.003407
  time (compile):   0.000160
  gflops (eval):    459.27
  gflops (total):   438.71
CSV_DATA: opt_einsum,torch,"Babcd,aij,bik,ckl,dlm,ejp,fop,gno,hmn->Befgh","128,4,7,4,7,3,4,5,5,50,50,50,50,50,50,50,50","(1,5),(4,5),(1,2),(1,2),(1,2),(1,2),(1,2),(0,1)",FP32,1564961200,1656.029578585578,0.00015974044799804688,0.0034074783325195312,459.2725315564512,438.7062572520252
*** input parameters ***
  einsum_str: Babcd,aij,bik,ckl,dlm,ejp,fop,gno,hmn->Befgh
  dim_sizes:  128,4,7,4,7,3,4,5,5,50,50,50,50,50,50,50,50
  cont_path:  (1,5),(4,5),(1,2),(1,2),(1,2),(1,2),(1,2),(0,1)
  backend:    torch
  dtype:      FP32
*** benchmarking opt_einsum expression ***
  #flops :          1564961200
  #bytes :          945008
  arith. intensity: 1656.03
  time (eval):      0.003412
  time (compile):   0.000153
  gflops (eval):    458.69
  gflops (total):   439.03
CSV_DATA: opt_einsum,torch,"Babcd,aij,bik,ckl,dlm,ejp,fop,gno,hmn->Befgh","128,4,7,4,7,3,4,5,5,50,50,50,50,50,50,50,50","(1,5),(4,5),(1,2),(1,2),(1,2),(1,2),(1,2),(0,1)",FP32,1564961200,1656.029578585578,0.00015282630920410156,0.0034117698669433594,458.6948302588959,439.029029563561
*** input parameters ***
  einsum_str: Babcd,aij,bik,ckl,dlm,ejp,fop,gno,hmn->Befgh
  dim_sizes:  128,4,7,4,7,3,4,5,5,50,50,50,50,50,50,50,50
  cont_path:  (1,5),(4,5),(1,2),(1,2),(1,2),(1,2),(1,2),(0,1)
  backend:    torch
  dtype:      FP32
*** benchmarking opt_einsum expression ***
  #flops :          1564961200
  #bytes :          945008
  arith. intensity: 1656.03
  time (eval):      0.003400
  time (compile):   0.000157
  gflops (eval):    460.27
  gflops (total):   439.91
CSV_DATA: opt_einsum,torch,"Babcd,aij,bik,ckl,dlm,ejp,fop,gno,hmn->Befgh","128,4,7,4,7,3,4,5,5,50,50,50,50,50,50,50,50","(1,5),(4,5),(1,2),(1,2),(1,2),(1,2),(1,2),(0,1)",FP32,1564961200,1656.029578585578,0.00015735626220703125,0.003400087356567383,460.27088009289673,439.91173654612965
*** input parameters ***
  einsum_str: Babcd,aij,bik,ckl,dlm,ejp,fop,gno,hmn->Befgh
  dim_sizes:  128,4,7,4,7,3,4,5,5,50,50,50,50,50,50,50,50
  cont_path:  (1,5),(4,5),(1,2),(1,2),(1,2),(1,2),(1,2),(0,1)
  backend:    torch
  dtype:      FP32
*** benchmarking opt_einsum expression ***
  #flops :          1564961200
  #bytes :          945008
  arith. intensity: 1656.03
  time (eval):      0.003404
  time (compile):   0.000159
  gflops (eval):    459.72
  gflops (total):   439.23
CSV_DATA: opt_einsum,torch,"Babcd,aij,bik,ckl,dlm,ejp,fop,gno,hmn->Befgh","128,4,7,4,7,3,4,5,5,50,50,50,50,50,50,50,50","(1,5),(4,5),(1,2),(1,2),(1,2),(1,2),(1,2),(0,1)",FP32,1564961200,1656.029578585578,0.00015878677368164062,0.0034041404724121094,459.7228618157165,439.2346775297645
*** input parameters ***
  einsum_str: Babcd,aij,bik,ckl,dlm,ejp,fop,gno,hmn->Befgh
  dim_sizes:  128,4,7,4,7,3,4,5,5,50,50,50,50,50,50,50,50
  cont_path:  (1,5),(4,5),(1,2),(1,2),(1,2),(1,2),(1,2),(0,1)
  backend:    torch
  dtype:      FP32
*** benchmarking opt_einsum expression ***
  #flops :          1564961200
  #bytes :          945008
  arith. intensity: 1656.03
  time (eval):      0.003381
  time (compile):   0.000154
  gflops (eval):    462.80
  gflops (total):   442.61
CSV_DATA: opt_einsum,torch,"Babcd,aij,bik,ckl,dlm,ejp,fop,gno,hmn->Befgh","128,4,7,4,7,3,4,5,5,50,50,50,50,50,50,50,50","(1,5),(4,5),(1,2),(1,2),(1,2),(1,2),(1,2),(0,1)",FP32,1564961200,1656.029578585578,0.00015425682067871094,0.003381490707397461,462.8021589934993,442.6111275121241
*** input parameters ***
  einsum_str: Babcd,aij,bik,ckl,dlm,ejp,fop,gno,hmn->Befgh
  dim_sizes:  128,4,7,4,7,3,4,5,5,50,50,50,50,50,50,50,50
  cont_path:  (1,5),(4,5),(1,2),(1,2),(1,2),(1,2),(1,2),(0,1)
  backend:    torch
  dtype:      FP32
*** benchmarking opt_einsum expression ***
  #flops :          1564961200
  #bytes :          945008
  arith. intensity: 1656.03
  time (eval):      0.003406
  time (compile):   0.000152
  gflops (eval):    459.53
  gflops (total):   439.94
CSV_DATA: opt_einsum,torch,"Babcd,aij,bik,ckl,dlm,ejp,fop,gno,hmn->Befgh","128,4,7,4,7,3,4,5,5,50,50,50,50,50,50,50,50","(1,5),(4,5),(1,2),(1,2),(1,2),(1,2),(1,2),(0,1)",FP32,1564961200,1656.029578585578,0.00015163421630859375,0.0034055709838867188,459.5297550409409,439.94122124697054
*** input parameters ***
  einsum_str: Babcd,aij,bik,ckl,dlm,ejp,fop,gno,hmn->Befgh
  dim_sizes:  128,4,7,4,7,3,4,5,5,50,50,50,50,50,50,50,50
  cont_path:  (1,5),(4,5),(1,2),(1,2),(1,2),(1,2),(1,2),(0,1)
  backend:    torch
  dtype:      FP32
*** benchmarking opt_einsum expression ***
  #flops :          1564961200
  #bytes :          945008
  arith. intensity: 1656.03
  time (eval):      0.003390
  time (compile):   0.000159
  gflops (eval):    461.70
  gflops (total):   440.98
CSV_DATA: opt_einsum,torch,"Babcd,aij,bik,ckl,dlm,ejp,fop,gno,hmn->Befgh","128,4,7,4,7,3,4,5,5,50,50,50,50,50,50,50,50","(1,5),(4,5),(1,2),(1,2),(1,2),(1,2),(1,2),(0,1)",FP32,1564961200,1656.029578585578,0.00015926361083984375,0.003389596939086914,461.6953661816699,440.97568162612026
*** input parameters ***
  einsum_str: Babcd,aij,bik,ckl,dlm,ejp,fop,gno,hmn->Befgh
  dim_sizes:  128,4,7,4,7,3,4,5,5,50,50,50,50,50,50,50,50
  cont_path:  (1,5),(4,5),(1,2),(1,2),(1,2),(1,2),(1,2),(0,1)
  backend:    torch
  dtype:      FP32
*** benchmarking opt_einsum expression ***
  #flops :          1564961200
  #bytes :          945008
  arith. intensity: 1656.03
  time (eval):      0.003336
  time (compile):   0.000156
  gflops (eval):    469.09
  gflops (total):   448.11
CSV_DATA: opt_einsum,torch,"Babcd,aij,bik,ckl,dlm,ejp,fop,gno,hmn->Befgh","128,4,7,4,7,3,4,5,5,50,50,50,50,50,50,50,50","(1,5),(4,5),(1,2),(1,2),(1,2),(1,2),(1,2),(0,1)",FP32,1564961200,1656.029578585578,0.00015616416931152344,0.003336191177368164,469.08618745121134,448.11052846837794
*** input parameters ***
  einsum_str: Babcd,aij,bik,ckl,dlm,ejp,fop,gno,hmn->Befgh
  dim_sizes:  128,4,7,4,7,3,4,5,5,50,50,50,50,50,50,50,50
  cont_path:  (1,5),(4,5),(1,2),(1,2),(1,2),(1,2),(1,2),(0,1)
  backend:    torch
  dtype:      FP32
*** benchmarking opt_einsum expression ***
  #flops :          1564961200
  #bytes :          945008
  arith. intensity: 1656.03
  time (eval):      0.003428
  time (compile):   0.000159
  gflops (eval):    456.49
  gflops (total):   436.23
CSV_DATA: opt_einsum,torch,"Babcd,aij,bik,ckl,dlm,ejp,fop,gno,hmn->Befgh","128,4,7,4,7,3,4,5,5,50,50,50,50,50,50,50,50","(1,5),(4,5),(1,2),(1,2),(1,2),(1,2),(1,2),(0,1)",FP32,1564961200,1656.029578585578,0.00015926361083984375,0.003428220748901367,456.49370755996944,436.22802027014023
*** input parameters ***
  einsum_str: Babcd,aij,bik,ckl,dlm,ejp,fop,gno,hmn->Befgh
  dim_sizes:  128,4,7,4,7,3,4,5,5,50,50,50,50,50,50,50,50
  cont_path:  (1,5),(4,5),(1,2),(1,2),(1,2),(1,2),(1,2),(0,1)
  backend:    torch
  dtype:      FP32
*** benchmarking opt_einsum expression ***
  #flops :          1564961200
  #bytes :          945008
  arith. intensity: 1656.03
  time (eval):      0.003362
  time (compile):   0.000155
  gflops (eval):    465.49
  gflops (total):   444.95
CSV_DATA: opt_einsum,torch,"Babcd,aij,bik,ckl,dlm,ejp,fop,gno,hmn->Befgh","128,4,7,4,7,3,4,5,5,50,50,50,50,50,50,50,50","(1,5),(4,5),(1,2),(1,2),(1,2),(1,2),(1,2),(0,1)",FP32,1564961200,1656.029578585578,0.0001552104949951172,0.003361940383911133,465.49344167114396,444.9513978446855
*** input parameters ***
  einsum_str: Babcd,aij,bik,ckl,dlm,ejp,fop,gno,hmn->Befgh
  dim_sizes:  128,4,7,4,7,3,4,5,5,50,50,50,50,50,50,50,50
  cont_path:  (1,5),(4,5),(1,2),(1,2),(1,2),(1,2),(1,2),(0,1)
  backend:    torch
  dtype:      FP32
*** benchmarking opt_einsum expression ***
  #flops :          1564961200
  #bytes :          945008
  arith. intensity: 1656.03
  time (eval):      0.003353
  time (compile):   0.000158
  gflops (eval):    466.72
  gflops (total):   445.68
CSV_DATA: opt_einsum,torch,"Babcd,aij,bik,ckl,dlm,ejp,fop,gno,hmn->Befgh","128,4,7,4,7,3,4,5,5,50,50,50,50,50,50,50,50","(1,5),(4,5),(1,2),(1,2),(1,2),(1,2),(1,2),(0,1)",FP32,1564961200,1656.029578585578,0.0001583099365234375,0.003353118896484375,466.7180760100114,445.6764680204237
*** input parameters ***
  einsum_str: Babcd,aij,bik,ckl,dlm,ejp,fop,gno,hmn->Befgh
  dim_sizes:  128,4,7,4,7,3,4,5,5,50,50,50,50,50,50,50,50
  cont_path:  (1,5),(4,5),(1,2),(1,2),(1,2),(1,2),(1,2),(0,1)
  backend:    torch
  dtype:      FP32
*** benchmarking opt_einsum expression ***
  #flops :          1564961200
  #bytes :          945008
  arith. intensity: 1656.03
  time (eval):      0.003340
  time (compile):   0.000154
  gflops (eval):    468.48
  gflops (total):   447.90
CSV_DATA: opt_einsum,torch,"Babcd,aij,bik,ckl,dlm,ejp,fop,gno,hmn->Befgh","128,4,7,4,7,3,4,5,5,50,50,50,50,50,50,50,50","(1,5),(4,5),(1,2),(1,2),(1,2),(1,2),(1,2),(0,1)",FP32,1564961200,1656.029578585578,0.00015354156494140625,0.003340482711791992,468.48355013951897,447.8964872742955
*** input parameters ***
  einsum_str: Babcd,aij,bik,ckl,dlm,ejp,fop,gno,hmn->Befgh
  dim_sizes:  128,4,7,4,7,3,4,5,5,50,50,50,50,50,50,50,50
  cont_path:  (1,5),(4,5),(1,2),(1,2),(1,2),(1,2),(1,2),(0,1)
  backend:    torch
  dtype:      FP32
*** benchmarking opt_einsum expression ***
  #flops :          1564961200
  #bytes :          945008
  arith. intensity: 1656.03
  time (eval):      0.003355
  time (compile):   0.000156
  gflops (eval):    466.45
  gflops (total):   445.71
CSV_DATA: opt_einsum,torch,"Babcd,aij,bik,ckl,dlm,ejp,fop,gno,hmn->Befgh","128,4,7,4,7,3,4,5,5,50,50,50,50,50,50,50,50","(1,5),(4,5),(1,2),(1,2),(1,2),(1,2),(1,2),(0,1)",FP32,1564961200,1656.029578585578,0.00015616416931152344,0.0033550262451171875,466.4527445284821,445.7067305632376
*** input parameters ***
  einsum_str: Babcd,aij,bik,ckl,dlm,ejp,fop,gno,hmn->Befgh
  dim_sizes:  128,4,7,4,7,3,4,5,5,50,50,50,50,50,50,50,50
  cont_path:  (1,5),(4,5),(1,2),(1,2),(1,2),(1,2),(1,2),(0,1)
  backend:    torch
  dtype:      FP32
*** benchmarking opt_einsum expression ***
  #flops :          1564961200
  #bytes :          945008
  arith. intensity: 1656.03
  time (eval):      0.003377
  time (compile):   0.000154
  gflops (eval):    463.42
  gflops (total):   443.24
CSV_DATA: opt_einsum,torch,"Babcd,aij,bik,ckl,dlm,ejp,fop,gno,hmn->Befgh","128,4,7,4,7,3,4,5,5,50,50,50,50,50,50,50,50","(1,5),(4,5),(1,2),(1,2),(1,2),(1,2),(1,2),(0,1)",FP32,1564961200,1656.029578585578,0.0001537799835205078,0.0033769607543945312,463.42297521920364,443.2387751370653
*** input parameters ***
  einsum_str: Babcd,aij,bik,ckl,dlm,ejp,fop,gno,hmn->Befgh
  dim_sizes:  128,4,7,4,7,3,4,5,5,50,50,50,50,50,50,50,50
  cont_path:  (1,5),(4,5),(1,2),(1,2),(1,2),(1,2),(1,2),(0,1)
  backend:    torch
  dtype:      FP32
*** benchmarking opt_einsum expression ***
  #flops :          1564961200
  #bytes :          945008
  arith. intensity: 1656.03
  time (eval):      0.003330
  time (compile):   0.000157
  gflops (eval):    470.03
  gflops (total):   448.91
CSV_DATA: opt_einsum,torch,"Babcd,aij,bik,ckl,dlm,ejp,fop,gno,hmn->Befgh","128,4,7,4,7,3,4,5,5,50,50,50,50,50,50,50,50","(1,5),(4,5),(1,2),(1,2),(1,2),(1,2),(1,2),(0,1)",FP32,1564961200,1656.029578585578,0.00015664100646972656,0.0033295154571533203,470.0267111353241,448.9073328549309
*** input parameters ***
  einsum_str: Babcd,aij,bik,ckl,dlm,ejp,fop,gno,hmn->Befgh
  dim_sizes:  128,4,7,4,7,3,4,5,5,50,50,50,50,50,50,50,50
  cont_path:  (1,5),(4,5),(1,2),(1,2),(1,2),(1,2),(1,2),(0,1)
  backend:    torch
  dtype:      FP32
*** benchmarking opt_einsum expression ***
  #flops :          1564961200
  #bytes :          945008
  arith. intensity: 1656.03
  time (eval):      0.003407
  time (compile):   0.000159
  gflops (eval):    459.34
  gflops (total):   438.85
CSV_DATA: opt_einsum,torch,"Babcd,aij,bik,ckl,dlm,ejp,fop,gno,hmn->Befgh","128,4,7,4,7,3,4,5,5,50,50,50,50,50,50,50,50","(1,5),(4,5),(1,2),(1,2),(1,2),(1,2),(1,2),(0,1)",FP32,1564961200,1656.029578585578,0.0001590251922607422,0.003407001495361328,459.33681042720787,438.8529130844956
*** input parameters ***
  einsum_str: Babcd,aij,bik,ckl,dlm,ejp,fop,gno,hmn->Befgh
  dim_sizes:  128,4,7,4,7,3,4,5,5,50,50,50,50,50,50,50,50
  cont_path:  (1,5),(4,5),(1,2),(1,2),(1,2),(1,2),(1,2),(0,1)
  backend:    torch
  dtype:      FP32
*** benchmarking opt_einsum expression ***
  #flops :          1564961200
  #bytes :          945008
  arith. intensity: 1656.03
  time (eval):      0.003378
  time (compile):   0.000156
  gflops (eval):    463.26
  gflops (total):   442.79
CSV_DATA: opt_einsum,torch,"Babcd,aij,bik,ckl,dlm,ejp,fop,gno,hmn->Befgh","128,4,7,4,7,3,4,5,5,50,50,50,50,50,50,50,50","(1,5),(4,5),(1,2),(1,2),(1,2),(1,2),(1,2),(0,1)",FP32,1564961200,1656.029578585578,0.00015616416931152344,0.003378152847290039,463.259441104157,442.7902739479763
*** input parameters ***
  einsum_str: Babcd,aij,bik,ckl,dlm,ejp,fop,gno,hmn->Befgh
  dim_sizes:  128,4,7,4,7,3,4,5,5,50,50,50,50,50,50,50,50
  cont_path:  (1,5),(4,5),(1,2),(1,2),(1,2),(1,2),(1,2),(0,1)
  backend:    torch
  dtype:      FP32
*** benchmarking opt_einsum expression ***
  #flops :          1564961200
  #bytes :          945008
  arith. intensity: 1656.03
  time (eval):      0.003383
  time (compile):   0.000155
  gflops (eval):    462.54
  gflops (total):   442.22
CSV_DATA: opt_einsum,torch,"Babcd,aij,bik,ckl,dlm,ejp,fop,gno,hmn->Befgh","128,4,7,4,7,3,4,5,5,50,50,50,50,50,50,50,50","(1,5),(4,5),(1,2),(1,2),(1,2),(1,2),(1,2),(0,1)",FP32,1564961200,1656.029578585578,0.00015544891357421875,0.0033833980560302734,462.5412600242972,442.2234737589975
*** input parameters ***
  einsum_str: Babcd,aij,bik,ckl,dlm,ejp,fop,gno,hmn->Befgh
  dim_sizes:  128,4,7,4,7,3,4,5,5,50,50,50,50,50,50,50,50
  cont_path:  (1,5),(4,5),(1,2),(1,2),(1,2),(1,2),(1,2),(0,1)
  backend:    torch
  dtype:      FP32
*** benchmarking opt_einsum expression ***
  #flops :          1564961200
  #bytes :          945008
  arith. intensity: 1656.03
  time (eval):      0.003488
  time (compile):   0.000154
  gflops (eval):    448.72
  gflops (total):   429.80
CSV_DATA: opt_einsum,torch,"Babcd,aij,bik,ckl,dlm,ejp,fop,gno,hmn->Befgh","128,4,7,4,7,3,4,5,5,50,50,50,50,50,50,50,50","(1,5),(4,5),(1,2),(1,2),(1,2),(1,2),(1,2),(0,1)",FP32,1564961200,1656.029578585578,0.00015354156494140625,0.0034875869750976562,448.7232035141373,429.80114071534837
*** input parameters ***
  einsum_str: Babcd,aij,bik,ckl,dlm,ejp,fop,gno,hmn->Befgh
  dim_sizes:  128,4,7,4,7,3,4,5,5,50,50,50,50,50,50,50,50
  cont_path:  (1,5),(4,5),(1,2),(1,2),(1,2),(1,2),(1,2),(0,1)
  backend:    torch
  dtype:      FP32
*** benchmarking opt_einsum expression ***
  #flops :          1564961200
  #bytes :          945008
  arith. intensity: 1656.03
  time (eval):      0.003371
  time (compile):   0.000164
  gflops (eval):    464.24
  gflops (total):   442.67
CSV_DATA: opt_einsum,torch,"Babcd,aij,bik,ckl,dlm,ejp,fop,gno,hmn->Befgh","128,4,7,4,7,3,4,5,5,50,50,50,50,50,50,50,50","(1,5),(4,5),(1,2),(1,2),(1,2),(1,2),(1,2),(0,1)",FP32,1564961200,1656.029578585578,0.00016427040100097656,0.003371000289916992,464.2423807203338,442.67082688189913
*** input parameters ***
  einsum_str: Babcd,aij,bik,ckl,dlm,ejp,fop,gno,hmn->Befgh
  dim_sizes:  128,4,7,4,7,3,4,5,5,50,50,50,50,50,50,50,50
  cont_path:  (1,5),(4,5),(1,2),(1,2),(1,2),(1,2),(1,2),(0,1)
  backend:    torch
  dtype:      FP32
*** benchmarking opt_einsum expression ***
  #flops :          1564961200
  #bytes :          945008
  arith. intensity: 1656.03
  time (eval):      0.003381
  time (compile):   0.000159
  gflops (eval):    462.93
  gflops (total):   442.16
CSV_DATA: opt_einsum,torch,"Babcd,aij,bik,ckl,dlm,ejp,fop,gno,hmn->Befgh","128,4,7,4,7,3,4,5,5,50,50,50,50,50,50,50,50","(1,5),(4,5),(1,2),(1,2),(1,2),(1,2),(1,2),(0,1)",FP32,1564961200,1656.029578585578,0.00015878677368164062,0.0033805370330810547,462.9327188803724,442.1638949817986
*** input parameters ***
  einsum_str: Babcd,aij,bik,ckl,dlm,ejp,fop,gno,hmn->Befgh
  dim_sizes:  128,4,7,4,7,3,4,5,5,50,50,50,50,50,50,50,50
  cont_path:  (1,5),(4,5),(1,2),(1,2),(1,2),(1,2),(1,2),(0,1)
  backend:    torch
  dtype:      FP32
*** benchmarking opt_einsum expression ***
  #flops :          1564961200
  #bytes :          945008
  arith. intensity: 1656.03
  time (eval):      0.003426
  time (compile):   0.000155
  gflops (eval):    456.81
  gflops (total):   437.01
CSV_DATA: opt_einsum,torch,"Babcd,aij,bik,ckl,dlm,ejp,fop,gno,hmn->Befgh","128,4,7,4,7,3,4,5,5,50,50,50,50,50,50,50,50","(1,5),(4,5),(1,2),(1,2),(1,2),(1,2),(1,2),(0,1)",FP32,1564961200,1656.029578585578,0.0001552104949951172,0.0034258365631103516,456.8114010024915,437.01218515344874
*** input parameters ***
  einsum_str: Babcd,aij,bik,ckl,dlm,ejp,fop,gno,hmn->Befgh
  dim_sizes:  128,4,7,4,7,3,4,5,5,50,50,50,50,50,50,50,50
  cont_path:  (1,5),(4,5),(1,2),(1,2),(1,2),(1,2),(1,2),(0,1)
  backend:    torch
  dtype:      FP32
*** benchmarking opt_einsum expression ***
  #flops :          1564961200
  #bytes :          945008
  arith. intensity: 1656.03
  time (eval):      0.003366
  time (compile):   0.000160
  gflops (eval):    464.87
  gflops (total):   443.81
CSV_DATA: opt_einsum,torch,"Babcd,aij,bik,ckl,dlm,ejp,fop,gno,hmn->Befgh","128,4,7,4,7,3,4,5,5,50,50,50,50,50,50,50,50","(1,5),(4,5),(1,2),(1,2),(1,2),(1,2),(1,2),(0,1)",FP32,1564961200,1656.029578585578,0.00015974044799804688,0.0033664703369140625,464.86706947626067,443.8081826237188
*** input parameters ***
  einsum_str: Babcd,aij,bik,ckl,dlm,ejp,fop,gno,hmn->Befgh
  dim_sizes:  128,4,7,4,7,3,4,5,5,50,50,50,50,50,50,50,50
  cont_path:  (1,5),(4,5),(1,2),(1,2),(1,2),(1,2),(1,2),(0,1)
  backend:    torch
  dtype:      FP32
*** benchmarking opt_einsum expression ***
  #flops :          1564961200
  #bytes :          945008
  arith. intensity: 1656.03
  time (eval):      0.003455
  time (compile):   0.000154
  gflops (eval):    453.00
  gflops (total):   433.69
CSV_DATA: opt_einsum,torch,"Babcd,aij,bik,ckl,dlm,ejp,fop,gno,hmn->Befgh","128,4,7,4,7,3,4,5,5,50,50,50,50,50,50,50,50","(1,5),(4,5),(1,2),(1,2),(1,2),(1,2),(1,2),(0,1)",FP32,1564961200,1656.029578585578,0.0001537799835205078,0.0034546852111816406,452.9967578333195,433.6916432774893
*** input parameters ***
  einsum_str: Babcd,aij,bik,ckl,dlm,ejp,fop,gno,hmn->Befgh
  dim_sizes:  128,4,7,4,7,3,4,5,5,50,50,50,50,50,50,50,50
  cont_path:  (1,5),(4,5),(1,2),(1,2),(1,2),(1,2),(1,2),(0,1)
  backend:    torch
  dtype:      FP32
*** benchmarking opt_einsum expression ***
  #flops :          1564961200
  #bytes :          945008
  arith. intensity: 1656.03
  time (eval):      0.003348
  time (compile):   0.000153
  gflops (eval):    467.45
  gflops (total):   447.01
CSV_DATA: opt_einsum,torch,"Babcd,aij,bik,ckl,dlm,ejp,fop,gno,hmn->Befgh","128,4,7,4,7,3,4,5,5,50,50,50,50,50,50,50,50","(1,5),(4,5),(1,2),(1,2),(1,2),(1,2),(1,2),(0,1)",FP32,1564961200,1656.029578585578,0.00015306472778320312,0.0033478736877441406,467.4492964680815,447.0119191640425
*** input parameters ***
  einsum_str: Babcd,aij,bik,ckl,dlm,ejp,fop,gno,hmn->Befgh
  dim_sizes:  128,4,7,4,7,3,4,5,5,50,50,50,50,50,50,50,50
  cont_path:  (1,5),(4,5),(1,2),(1,2),(1,2),(1,2),(1,2),(0,1)
  backend:    torch
  dtype:      FP32
*** benchmarking opt_einsum expression ***
  #flops :          1564961200
  #bytes :          945008
  arith. intensity: 1656.03
  time (eval):      0.003345
  time (compile):   0.000155
  gflops (eval):    467.78
  gflops (total):   447.01
CSV_DATA: opt_einsum,torch,"Babcd,aij,bik,ckl,dlm,ejp,fop,gno,hmn->Befgh","128,4,7,4,7,3,4,5,5,50,50,50,50,50,50,50,50","(1,5),(4,5),(1,2),(1,2),(1,2),(1,2),(1,2),(0,1)",FP32,1564961200,1656.029578585578,0.00015544891357421875,0.003345489501953125,467.78242738061573,447.0119191640425
*** input parameters ***
  einsum_str: Babcd,aij,bik,ckl,dlm,ejp,fop,gno,hmn->Befgh
  dim_sizes:  128,4,7,4,7,3,4,5,5,50,50,50,50,50,50,50,50
  cont_path:  (1,5),(4,5),(1,2),(1,2),(1,2),(1,2),(1,2),(0,1)
  backend:    torch
  dtype:      FP32
*** benchmarking opt_einsum expression ***
  #flops :          1564961200
  #bytes :          945008
  arith. intensity: 1656.03
  time (eval):      0.003345
  time (compile):   0.000159
  gflops (eval):    467.78
  gflops (total):   446.62
CSV_DATA: opt_einsum,torch,"Babcd,aij,bik,ckl,dlm,ejp,fop,gno,hmn->Befgh","128,4,7,4,7,3,4,5,5,50,50,50,50,50,50,50,50","(1,5),(4,5),(1,2),(1,2),(1,2),(1,2),(1,2),(0,1)",FP32,1564961200,1656.029578585578,0.00015854835510253906,0.003345489501953125,467.78242738061573,446.61652180749815
*** input parameters ***
  einsum_str: Babcd,aij,bik,ckl,dlm,ejp,fop,gno,hmn->Befgh
  dim_sizes:  128,4,7,4,7,3,4,5,5,50,50,50,50,50,50,50,50
  cont_path:  (1,5),(4,5),(1,2),(1,2),(1,2),(1,2),(1,2),(0,1)
  backend:    torch
  dtype:      FP32
*** benchmarking opt_einsum expression ***
  #flops :          1564961200
  #bytes :          945008
  arith. intensity: 1656.03
  time (eval):      0.003410
  time (compile):   0.000156
  gflops (eval):    458.89
  gflops (total):   438.79
CSV_DATA: opt_einsum,torch,"Babcd,aij,bik,ckl,dlm,ejp,fop,gno,hmn->Befgh","128,4,7,4,7,3,4,5,5,50,50,50,50,50,50,50,50","(1,5),(4,5),(1,2),(1,2),(1,2),(1,2),(1,2),(0,1)",FP32,1564961200,1656.029578585578,0.00015616416931152344,0.00341033935546875,458.88723580850115,438.7942389868842
*** input parameters ***
  einsum_str: Babcd,aij,bik,ckl,dlm,ejp,fop,gno,hmn->Befgh
  dim_sizes:  128,4,7,4,7,3,4,5,5,50,50,50,50,50,50,50,50
  cont_path:  (1,5),(4,5),(1,2),(1,2),(1,2),(1,2),(1,2),(0,1)
  backend:    torch
  dtype:      FP32
*** benchmarking opt_einsum expression ***
  #flops :          1564961200
  #bytes :          945008
  arith. intensity: 1656.03
  time (eval):      0.003376
  time (compile):   0.000160
  gflops (eval):    463.62
  gflops (total):   442.61
CSV_DATA: opt_einsum,torch,"Babcd,aij,bik,ckl,dlm,ejp,fop,gno,hmn->Befgh","128,4,7,4,7,3,4,5,5,50,50,50,50,50,50,50,50","(1,5),(4,5),(1,2),(1,2),(1,2),(1,2),(1,2),(0,1)",FP32,1564961200,1656.029578585578,0.00016021728515625,0.003375530242919922,463.61936862585117,442.6111275121241
*** input parameters ***
  einsum_str: Babcd,aij,bik,ckl,dlm,ejp,fop,gno,hmn->Befgh
  dim_sizes:  128,4,7,4,7,3,4,5,5,50,50,50,50,50,50,50,50
  cont_path:  (1,5),(4,5),(1,2),(1,2),(1,2),(1,2),(1,2),(0,1)
  backend:    torch
  dtype:      FP32
*** benchmarking opt_einsum expression ***
  #flops :          1564961200
  #bytes :          945008
  arith. intensity: 1656.03
  time (eval):      0.003466
  time (compile):   0.000155
  gflops (eval):    451.53
  gflops (total):   432.18
CSV_DATA: opt_einsum,torch,"Babcd,aij,bik,ckl,dlm,ejp,fop,gno,hmn->Befgh","128,4,7,4,7,3,4,5,5,50,50,50,50,50,50,50,50","(1,5),(4,5),(1,2),(1,2),(1,2),(1,2),(1,2),(0,1)",FP32,1564961200,1656.029578585578,0.0001552104949951172,0.003465890884399414,451.53216076252323,432.17823419836714
*** input parameters ***
  einsum_str: Babcd,aij,bik,ckl,dlm,ejp,fop,gno,hmn->Befgh
  dim_sizes:  128,4,7,4,7,3,4,5,5,50,50,50,50,50,50,50,50
  cont_path:  (1,5),(4,5),(1,2),(1,2),(1,2),(1,2),(1,2),(0,1)
  backend:    torch
  dtype:      FP32
*** benchmarking opt_einsum expression ***
  #flops :          1564961200
  #bytes :          945008
  arith. intensity: 1656.03
  time (eval):      0.003391
  time (compile):   0.000156
  gflops (eval):    461.50
  gflops (total):   441.15
CSV_DATA: opt_einsum,torch,"Babcd,aij,bik,ckl,dlm,ejp,fop,gno,hmn->Befgh","128,4,7,4,7,3,4,5,5,50,50,50,50,50,50,50,50","(1,5),(4,5),(1,2),(1,2),(1,2),(1,2),(1,2),(0,1)",FP32,1564961200,1656.029578585578,0.000156402587890625,0.0033910274505615234,461.50059910038675,441.15350635155596
*** input parameters ***
  einsum_str: Babcd,aij,bik,ckl,dlm,ejp,fop,gno,hmn->Befgh
  dim_sizes:  128,4,7,4,7,3,4,5,5,50,50,50,50,50,50,50,50
  cont_path:  (1,5),(4,5),(1,2),(1,2),(1,2),(1,2),(1,2),(0,1)
  backend:    torch
  dtype:      FP32
*** benchmarking opt_einsum expression ***
  #flops :          1564961200
  #bytes :          945008
  arith. intensity: 1656.03
  time (eval):      0.003345
  time (compile):   0.000158
  gflops (eval):    467.85
  gflops (total):   446.77
CSV_DATA: opt_einsum,torch,"Babcd,aij,bik,ckl,dlm,ejp,fop,gno,hmn->Befgh","128,4,7,4,7,3,4,5,5,50,50,50,50,50,50,50,50","(1,5),(4,5),(1,2),(1,2),(1,2),(1,2),(1,2),(0,1)",FP32,1564961200,1656.029578585578,0.00015783309936523438,0.003345012664794922,467.8491105491661,446.768514906398
*** input parameters ***
  einsum_str: Babcd,aij,bik,ckl,dlm,ejp,fop,gno,hmn->Befgh
  dim_sizes:  128,4,7,4,7,3,4,5,5,50,50,50,50,50,50,50,50
  cont_path:  (1,5),(4,5),(1,2),(1,2),(1,2),(1,2),(1,2),(0,1)
  backend:    torch
  dtype:      FP32
*** benchmarking opt_einsum expression ***
  #flops :          1564961200
  #bytes :          945008
  arith. intensity: 1656.03
  time (eval):      0.003392
  time (compile):   0.000163
  gflops (eval):    461.44
  gflops (total):   440.30
CSV_DATA: opt_einsum,torch,"Babcd,aij,bik,ckl,dlm,ejp,fop,gno,hmn->Befgh","128,4,7,4,7,3,4,5,5,50,50,50,50,50,50,50,50","(1,5),(4,5),(1,2),(1,2),(1,2),(1,2),(1,2),(0,1)",FP32,1564961200,1656.029578585578,0.0001628398895263672,0.0033915042877197266,461.43571325165556,440.29534619028715
*** input parameters ***
  einsum_str: Babcd,aij,bik,ckl,dlm,ejp,fop,gno,hmn->Befgh
  dim_sizes:  128,4,7,4,7,3,4,5,5,50,50,50,50,50,50,50,50
  cont_path:  (1,5),(4,5),(1,2),(1,2),(1,2),(1,2),(1,2),(0,1)
  backend:    torch
  dtype:      FP32
*** benchmarking opt_einsum expression ***
  #flops :          1564961200
  #bytes :          945008
  arith. intensity: 1656.03
  time (eval):      0.003400
  time (compile):   0.000153
  gflops (eval):    460.27
  gflops (total):   440.47
CSV_DATA: opt_einsum,torch,"Babcd,aij,bik,ckl,dlm,ejp,fop,gno,hmn->Befgh","128,4,7,4,7,3,4,5,5,50,50,50,50,50,50,50,50","(1,5),(4,5),(1,2),(1,2),(1,2),(1,2),(1,2),(0,1)",FP32,1564961200,1656.029578585578,0.00015282630920410156,0.003400087356567383,460.27088009289673,440.4726225342102
*** input parameters ***
  einsum_str: Babcd,aij,bik,ckl,dlm,ejp,fop,gno,hmn->Befgh
  dim_sizes:  128,4,7,4,7,3,4,5,5,50,50,50,50,50,50,50,50
  cont_path:  (1,5),(4,5),(1,2),(1,2),(1,2),(1,2),(1,2),(0,1)
  backend:    torch
  dtype:      FP32
*** benchmarking opt_einsum expression ***
  #flops :          1564961200
  #bytes :          945008
  arith. intensity: 1656.03
  time (eval):      0.003397
  time (compile):   0.000155
  gflops (eval):    460.76
  gflops (total):   440.62
CSV_DATA: opt_einsum,torch,"Babcd,aij,bik,ckl,dlm,ejp,fop,gno,hmn->Befgh","128,4,7,4,7,3,4,5,5,50,50,50,50,50,50,50,50","(1,5),(4,5),(1,2),(1,2),(1,2),(1,2),(1,2),(0,1)",FP32,1564961200,1656.029578585578,0.0001552104949951172,0.0033965110778808594,460.7555117931209,440.6204619054038
*** input parameters ***
  einsum_str: Babcd,aij,bik,ckl,dlm,ejp,fop,gno,hmn->Befgh
  dim_sizes:  128,4,7,4,7,3,4,5,5,50,50,50,50,50,50,50,50
  cont_path:  (1,5),(4,5),(1,2),(1,2),(1,2),(1,2),(1,2),(0,1)
  backend:    torch
  dtype:      FP32
*** benchmarking opt_einsum expression ***
  #flops :          1564961200
  #bytes :          945008
  arith. intensity: 1656.03
  time (eval):      0.003398
  time (compile):   0.000154
  gflops (eval):    460.56
  gflops (total):   440.53
CSV_DATA: opt_einsum,torch,"Babcd,aij,bik,ckl,dlm,ejp,fop,gno,hmn->Befgh","128,4,7,4,7,3,4,5,5,50,50,50,50,50,50,50,50","(1,5),(4,5),(1,2),(1,2),(1,2),(1,2),(1,2),(0,1)",FP32,1564961200,1656.029578585578,0.0001544952392578125,0.0033979415893554688,460.56153669694083,440.5317463761611
*** input parameters ***
  einsum_str: Babcd,aij,bik,ckl,dlm,ejp,fop,gno,hmn->Befgh
  dim_sizes:  128,4,7,4,7,3,4,5,5,50,50,50,50,50,50,50,50
  cont_path:  (1,5),(4,5),(1,2),(1,2),(1,2),(1,2),(1,2),(0,1)
  backend:    torch
  dtype:      FP32
*** benchmarking opt_einsum expression ***
  #flops :          1564961200
  #bytes :          945008
  arith. intensity: 1656.03
  time (eval):      0.003382
  time (compile):   0.000158
  gflops (eval):    462.67
  gflops (total):   441.99
CSV_DATA: opt_einsum,torch,"Babcd,aij,bik,ckl,dlm,ejp,fop,gno,hmn->Befgh","128,4,7,4,7,3,4,5,5,50,50,50,50,50,50,50,50","(1,5),(4,5),(1,2),(1,2),(1,2),(1,2),(1,2),(0,1)",FP32,1564961200,1656.029578585578,0.0001583099365234375,0.003382444381713867,462.67167272889264,441.985254932651
*** input parameters ***
  einsum_str: Babcd,aij,bik,ckl,dlm,ejp,fop,gno,hmn->Befgh
  dim_sizes:  128,4,7,4,7,3,4,5,5,50,50,50,50,50,50,50,50
  cont_path:  (1,5),(4,5),(1,2),(1,2),(1,2),(1,2),(1,2),(0,1)
  backend:    torch
  dtype:      FP32
*** benchmarking opt_einsum expression ***
  #flops :          1564961200
  #bytes :          945008
  arith. intensity: 1656.03
  time (eval):      0.003334
  time (compile):   0.000159
  gflops (eval):    469.46
  gflops (total):   448.14
CSV_DATA: opt_einsum,torch,"Babcd,aij,bik,ckl,dlm,ejp,fop,gno,hmn->Befgh","128,4,7,4,7,3,4,5,5,50,50,50,50,50,50,50,50","(1,5),(4,5),(1,2),(1,2),(1,2),(1,2),(1,2),(0,1)",FP32,1564961200,1656.029578585578,0.00015854835510253906,0.003333568572998047,469.4552296527536,448.14112248274733
*** input parameters ***
  einsum_str: Babcd,aij,bik,ckl,dlm,ejp,fop,gno,hmn->Befgh
  dim_sizes:  128,4,7,4,7,3,4,5,5,50,50,50,50,50,50,50,50
  cont_path:  (1,5),(4,5),(1,2),(1,2),(1,2),(1,2),(1,2),(0,1)
  backend:    torch
  dtype:      FP32
*** benchmarking opt_einsum expression ***
  #flops :          1564961200
  #bytes :          945008
  arith. intensity: 1656.03
  time (eval):      0.003362
  time (compile):   0.000155
  gflops (eval):    465.46
  gflops (total):   444.89
CSV_DATA: opt_einsum,torch,"Babcd,aij,bik,ckl,dlm,ejp,fop,gno,hmn->Befgh","128,4,7,4,7,3,4,5,5,50,50,50,50,50,50,50,50","(1,5),(4,5),(1,2),(1,2),(1,2),(1,2),(1,2),(0,1)",FP32,1564961200,1656.029578585578,0.00015544891357421875,0.0033621788024902344,465.46043263400935,444.89108180864855
*** input parameters ***
  einsum_str: Babcd,aij,bik,ckl,dlm,ejp,fop,gno,hmn->Befgh
  dim_sizes:  128,4,7,4,7,3,4,5,5,50,50,50,50,50,50,50,50
  cont_path:  (1,5),(4,5),(1,2),(1,2),(1,2),(1,2),(1,2),(0,1)
  backend:    torch
  dtype:      FP32
*** benchmarking opt_einsum expression ***
  #flops :          1564961200
  #bytes :          945008
  arith. intensity: 1656.03
  time (eval):      0.003375
  time (compile):   0.000158
  gflops (eval):    463.72
  gflops (total):   442.97
CSV_DATA: opt_einsum,torch,"Babcd,aij,bik,ckl,dlm,ejp,fop,gno,hmn->Befgh","128,4,7,4,7,3,4,5,5,50,50,50,50,50,50,50,50","(1,5),(4,5),(1,2),(1,2),(1,2),(1,2),(1,2),(0,1)",FP32,1564961200,1656.029578585578,0.00015807151794433594,0.003374814987182617,463.7176277643801,442.96956546124983
*** input parameters ***
  einsum_str: Babcd,aij,bik,ckl,dlm,ejp,fop,gno,hmn->Befgh
  dim_sizes:  128,4,7,4,7,3,4,5,5,50,50,50,50,50,50,50,50
  cont_path:  (1,5),(4,5),(1,2),(1,2),(1,2),(1,2),(1,2),(0,1)
  backend:    torch
  dtype:      FP32
*** benchmarking opt_einsum expression ***
  #flops :          1564961200
  #bytes :          945008
  arith. intensity: 1656.03
  time (eval):      0.003344
  time (compile):   0.000160
  gflops (eval):    468.05
  gflops (total):   446.71
CSV_DATA: opt_einsum,torch,"Babcd,aij,bik,ckl,dlm,ejp,fop,gno,hmn->Befgh","128,4,7,4,7,3,4,5,5,50,50,50,50,50,50,50,50","(1,5),(4,5),(1,2),(1,2),(1,2),(1,2),(1,2),(0,1)",FP32,1564961200,1656.029578585578,0.00015974044799804688,0.0033435821533203125,468.04927417318885,446.7077052541718
*** input parameters ***
  einsum_str: Babcd,aij,bik,ckl,dlm,ejp,fop,gno,hmn->Befgh
  dim_sizes:  128,4,7,4,7,3,4,5,5,50,50,50,50,50,50,50,50
  cont_path:  (1,5),(4,5),(1,2),(1,2),(1,2),(1,2),(1,2),(0,1)
  backend:    torch
  dtype:      FP32
*** benchmarking opt_einsum expression ***
  #flops :          1564961200
  #bytes :          945008
  arith. intensity: 1656.03
  time (eval):      0.003372
  time (compile):   0.000155
  gflops (eval):    464.14
  gflops (total):   443.78
CSV_DATA: opt_einsum,torch,"Babcd,aij,bik,ckl,dlm,ejp,fop,gno,hmn->Befgh","128,4,7,4,7,3,4,5,5,50,50,50,50,50,50,50,50","(1,5),(4,5),(1,2),(1,2),(1,2),(1,2),(1,2),(0,1)",FP32,1564961200,1656.029578585578,0.00015473365783691406,0.003371715545654297,464.1438990952341,443.7781773378947
*** input parameters ***
  einsum_str: Babcd,aij,bik,ckl,dlm,ejp,fop,gno,hmn->Befgh
  dim_sizes:  128,4,7,4,7,3,4,5,5,50,50,50,50,50,50,50,50
  cont_path:  (1,5),(4,5),(1,2),(1,2),(1,2),(1,2),(1,2),(0,1)
  backend:    torch
  dtype:      FP32
*** benchmarking opt_einsum expression ***
  #flops :          1564961200
  #bytes :          945008
  arith. intensity: 1656.03
  time (eval):      0.003352
  time (compile):   0.000158
  gflops (eval):    466.85
  gflops (total):   445.86
CSV_DATA: opt_einsum,torch,"Babcd,aij,bik,ckl,dlm,ejp,fop,gno,hmn->Befgh","128,4,7,4,7,3,4,5,5,50,50,50,50,50,50,50,50","(1,5),(4,5),(1,2),(1,2),(1,2),(1,2),(1,2),(0,1)",FP32,1564961200,1656.029578585578,0.00015783309936523438,0.0033521652221679688,466.8508549790043,445.85810494530637
