*** input parameters ***
  einsum_str: af,fbg,gch,hdi,ie->abcde
  dim_sizes:  100,72,128,128,3,71,305,32,3
  cont_path:  (1,2),(0,3),(0,1),(0,1)
  backend:    torch
  dtype:      FP32
*** benchmarking opt_einsum expression ***
  #flops :          39609704448
  #bytes :          1426888948
  arith. intensity: 27.76
  time (eval):      0.289444
  time (compile):   0.000103
  gflops (eval):    136.85
  gflops (total):   136.80
CSV_DATA: opt_einsum,torch,"af,fbg,gch,hdi,ie->abcde","100,72,128,128,3,71,305,32,3","(1,2),(0,3),(0,1),(0,1)",FP32,39609704448,27.759486471262512,0.00010323524475097656,0.2894442081451416,136.84745914189355,136.79866754914917
*** input parameters ***
  einsum_str: af,fbg,gch,hdi,ie->abcde
  dim_sizes:  100,72,128,128,3,71,305,32,3
  cont_path:  (1,2),(0,3),(0,1),(0,1)
  backend:    torch
  dtype:      FP32
*** benchmarking opt_einsum expression ***
  #flops :          39609704448
  #bytes :          1426888948
  arith. intensity: 27.76
  time (eval):      0.291240
  time (compile):   0.000109
  gflops (eval):    136.00
  gflops (total):   135.95
CSV_DATA: opt_einsum,torch,"af,fbg,gch,hdi,ie->abcde","100,72,128,128,3,71,305,32,3","(1,2),(0,3),(0,1),(0,1)",FP32,39609704448,27.759486471262512,0.00010895729064941406,0.29123973846435547,136.00377701495498,135.95291492675088
*** input parameters ***
  einsum_str: af,fbg,gch,hdi,ie->abcde
  dim_sizes:  100,72,128,128,3,71,305,32,3
  cont_path:  (1,2),(0,3),(0,1),(0,1)
  backend:    torch
  dtype:      FP32
*** benchmarking opt_einsum expression ***
  #flops :          39609704448
  #bytes :          1426888948
  arith. intensity: 27.76
  time (eval):      0.294021
  time (compile):   0.000098
  gflops (eval):    134.72
  gflops (total):   134.67
CSV_DATA: opt_einsum,torch,"af,fbg,gch,hdi,ie->abcde","100,72,128,128,3,71,305,32,3","(1,2),(0,3),(0,1),(0,1)",FP32,39609704448,27.759486471262512,9.751319885253906e-05,0.2940213680267334,134.7170945902087,134.6724300151944
*** input parameters ***
  einsum_str: af,fbg,gch,hdi,ie->abcde
  dim_sizes:  100,72,128,128,3,71,305,32,3
  cont_path:  (1,2),(0,3),(0,1),(0,1)
  backend:    torch
  dtype:      FP32
*** benchmarking opt_einsum expression ***
  #flops :          39609704448
  #bytes :          1426888948
  arith. intensity: 27.76
  time (eval):      0.297034
  time (compile):   0.000103
  gflops (eval):    133.35
  gflops (total):   133.30
CSV_DATA: opt_einsum,torch,"af,fbg,gch,hdi,ie->abcde","100,72,128,128,3,71,305,32,3","(1,2),(0,3),(0,1),(0,1)",FP32,39609704448,27.759486471262512,0.00010275840759277344,0.29703378677368164,133.3508382269649,133.3047216519101
*** input parameters ***
  einsum_str: af,fbg,gch,hdi,ie->abcde
  dim_sizes:  100,72,128,128,3,71,305,32,3
  cont_path:  (1,2),(0,3),(0,1),(0,1)
  backend:    torch
  dtype:      FP32
*** benchmarking opt_einsum expression ***
  #flops :          39609704448
  #bytes :          1426888948
  arith. intensity: 27.76
  time (eval):      0.292591
  time (compile):   0.000101
  gflops (eval):    135.38
  gflops (total):   135.33
CSV_DATA: opt_einsum,torch,"af,fbg,gch,hdi,ie->abcde","100,72,128,128,3,71,305,32,3","(1,2),(0,3),(0,1),(0,1)",FP32,39609704448,27.759486471262512,0.00010132789611816406,0.2925910949707031,135.37563216667985,135.32876614992836
*** input parameters ***
  einsum_str: af,fbg,gch,hdi,ie->abcde
  dim_sizes:  100,72,128,128,3,71,305,32,3
  cont_path:  (1,2),(0,3),(0,1),(0,1)
  backend:    torch
  dtype:      FP32
*** benchmarking opt_einsum expression ***
  #flops :          39609704448
  #bytes :          1426888948
  arith. intensity: 27.76
  time (eval):      0.292290
  time (compile):   0.000107
  gflops (eval):    135.52
  gflops (total):   135.47
CSV_DATA: opt_einsum,torch,"af,fbg,gch,hdi,ie->abcde","100,72,128,128,3,71,305,32,3","(1,2),(0,3),(0,1),(0,1)",FP32,39609704448,27.759486471262512,0.00010704994201660156,0.29228997230529785,135.5150987069359,135.46548505715435
*** input parameters ***
  einsum_str: af,fbg,gch,hdi,ie->abcde
  dim_sizes:  100,72,128,128,3,71,305,32,3
  cont_path:  (1,2),(0,3),(0,1),(0,1)
  backend:    torch
  dtype:      FP32
*** benchmarking opt_einsum expression ***
  #flops :          39609704448
  #bytes :          1426888948
  arith. intensity: 27.76
  time (eval):      0.295154
  time (compile):   0.000105
  gflops (eval):    134.20
  gflops (total):   134.15
CSV_DATA: opt_einsum,torch,"af,fbg,gch,hdi,ie->abcde","100,72,128,128,3,71,305,32,3","(1,2),(0,3),(0,1),(0,1)",FP32,39609704448,27.759486471262512,0.0001049041748046875,0.2951538562774658,134.20019290130512,134.15251214672438
*** input parameters ***
  einsum_str: af,fbg,gch,hdi,ie->abcde
  dim_sizes:  100,72,128,128,3,71,305,32,3
  cont_path:  (1,2),(0,3),(0,1),(0,1)
  backend:    torch
  dtype:      FP32
*** benchmarking opt_einsum expression ***
  #flops :          39609704448
  #bytes :          1426888948
  arith. intensity: 27.76
  time (eval):      0.296420
  time (compile):   0.000100
  gflops (eval):    133.63
  gflops (total):   133.58
CSV_DATA: opt_einsum,torch,"af,fbg,gch,hdi,ie->abcde","100,72,128,128,3,71,305,32,3","(1,2),(0,3),(0,1),(0,1)",FP32,39609704448,27.759486471262512,0.00010037422180175781,0.2964203357696533,133.62681188911577,133.58157832935666
*** input parameters ***
  einsum_str: af,fbg,gch,hdi,ie->abcde
  dim_sizes:  100,72,128,128,3,71,305,32,3
  cont_path:  (1,2),(0,3),(0,1),(0,1)
  backend:    torch
  dtype:      FP32
*** benchmarking opt_einsum expression ***
  #flops :          39609704448
  #bytes :          1426888948
  arith. intensity: 27.76
  time (eval):      0.296132
  time (compile):   0.000116
  gflops (eval):    133.76
  gflops (total):   133.70
CSV_DATA: opt_einsum,torch,"af,fbg,gch,hdi,ie->abcde","100,72,128,128,3,71,305,32,3","(1,2),(0,3),(0,1),(0,1)",FP32,39609704448,27.759486471262512,0.0001163482666015625,0.29613161087036133,133.75709648687285,133.70456479562594
*** input parameters ***
  einsum_str: af,fbg,gch,hdi,ie->abcde
  dim_sizes:  100,72,128,128,3,71,305,32,3
  cont_path:  (1,2),(0,3),(0,1),(0,1)
  backend:    torch
  dtype:      FP32
*** benchmarking opt_einsum expression ***
  #flops :          39609704448
  #bytes :          1426888948
  arith. intensity: 27.76
  time (eval):      0.292203
  time (compile):   0.000108
  gflops (eval):    135.56
  gflops (total):   135.51
CSV_DATA: opt_einsum,torch,"af,fbg,gch,hdi,ie->abcde","100,72,128,128,3,71,305,32,3","(1,2),(0,3),(0,1),(0,1)",FP32,39609704448,27.759486471262512,0.00010752677917480469,0.292203426361084,135.55523609450483,135.50537201045006
*** input parameters ***
  einsum_str: af,fbg,gch,hdi,ie->abcde
  dim_sizes:  100,72,128,128,3,71,305,32,3
  cont_path:  (1,2),(0,3),(0,1),(0,1)
  backend:    torch
  dtype:      FP32
*** benchmarking opt_einsum expression ***
  #flops :          39609704448
  #bytes :          1426888948
  arith. intensity: 27.76
  time (eval):      0.292096
  time (compile):   0.000107
  gflops (eval):    135.61
  gflops (total):   135.56
CSV_DATA: opt_einsum,torch,"af,fbg,gch,hdi,ie->abcde","100,72,128,128,3,71,305,32,3","(1,2),(0,3),(0,1),(0,1)",FP32,39609704448,27.759486471262512,0.00010704994201660156,0.2920958995819092,135.60513689064197,135.55545730299596
*** input parameters ***
  einsum_str: af,fbg,gch,hdi,ie->abcde
  dim_sizes:  100,72,128,128,3,71,305,32,3
  cont_path:  (1,2),(0,3),(0,1),(0,1)
  backend:    torch
  dtype:      FP32
*** benchmarking opt_einsum expression ***
  #flops :          39609704448
  #bytes :          1426888948
  arith. intensity: 27.76
  time (eval):      0.294578
  time (compile):   0.000111
  gflops (eval):    134.46
  gflops (total):   134.41
CSV_DATA: opt_einsum,torch,"af,fbg,gch,hdi,ie->abcde","100,72,128,128,3,71,305,32,3","(1,2),(0,3),(0,1),(0,1)",FP32,39609704448,27.759486471262512,0.00011086463928222656,0.29457759857177734,134.46271759985382,134.41213142989938
*** input parameters ***
  einsum_str: af,fbg,gch,hdi,ie->abcde
  dim_sizes:  100,72,128,128,3,71,305,32,3
  cont_path:  (1,2),(0,3),(0,1),(0,1)
  backend:    torch
  dtype:      FP32
*** benchmarking opt_einsum expression ***
  #flops :          39609704448
  #bytes :          1426888948
  arith. intensity: 27.76
  time (eval):      0.293011
  time (compile):   0.000108
  gflops (eval):    135.18
  gflops (total):   135.13
CSV_DATA: opt_einsum,torch,"af,fbg,gch,hdi,ie->abcde","100,72,128,128,3,71,305,32,3","(1,2),(0,3),(0,1),(0,1)",FP32,39609704448,27.759486471262512,0.00010800361633300781,0.2930107116699219,135.1817625446422,135.13195296764937
*** input parameters ***
  einsum_str: af,fbg,gch,hdi,ie->abcde
  dim_sizes:  100,72,128,128,3,71,305,32,3
  cont_path:  (1,2),(0,3),(0,1),(0,1)
  backend:    torch
  dtype:      FP32
*** benchmarking opt_einsum expression ***
  #flops :          39609704448
  #bytes :          1426888948
  arith. intensity: 27.76
  time (eval):      0.296525
  time (compile):   0.000113
  gflops (eval):    133.58
  gflops (total):   133.53
CSV_DATA: opt_einsum,torch,"af,fbg,gch,hdi,ie->abcde","100,72,128,128,3,71,305,32,3","(1,2),(0,3),(0,1),(0,1)",FP32,39609704448,27.759486471262512,0.00011301040649414062,0.2965247631072998,133.57975243931625,133.52886241966792
*** input parameters ***
  einsum_str: af,fbg,gch,hdi,ie->abcde
  dim_sizes:  100,72,128,128,3,71,305,32,3
  cont_path:  (1,2),(0,3),(0,1),(0,1)
  backend:    torch
  dtype:      FP32
*** benchmarking opt_einsum expression ***
  #flops :          39609704448
  #bytes :          1426888948
  arith. intensity: 27.76
  time (eval):      0.295207
  time (compile):   0.000112
  gflops (eval):    134.18
  gflops (total):   134.13
CSV_DATA: opt_einsum,torch,"af,fbg,gch,hdi,ie->abcde","100,72,128,128,3,71,305,32,3","(1,2),(0,3),(0,1),(0,1)",FP32,39609704448,27.759486471262512,0.00011181831359863281,0.29520726203918457,134.1759148280789,134.12511105168997
*** input parameters ***
  einsum_str: af,fbg,gch,hdi,ie->abcde
  dim_sizes:  100,72,128,128,3,71,305,32,3
  cont_path:  (1,2),(0,3),(0,1),(0,1)
  backend:    torch
  dtype:      FP32
*** benchmarking opt_einsum expression ***
  #flops :          39609704448
  #bytes :          1426888948
  arith. intensity: 27.76
  time (eval):      0.293554
  time (compile):   0.000101
  gflops (eval):    134.93
  gflops (total):   134.89
CSV_DATA: opt_einsum,torch,"af,fbg,gch,hdi,ie->abcde","100,72,128,128,3,71,305,32,3","(1,2),(0,3),(0,1),(0,1)",FP32,39609704448,27.759486471262512,0.00010132789611816406,0.29355359077453613,134.93176609930225,134.88520685200533
*** input parameters ***
  einsum_str: af,fbg,gch,hdi,ie->abcde
  dim_sizes:  100,72,128,128,3,71,305,32,3
  cont_path:  (1,2),(0,3),(0,1),(0,1)
  backend:    torch
  dtype:      FP32
*** benchmarking opt_einsum expression ***
  #flops :          39609704448
  #bytes :          1426888948
  arith. intensity: 27.76
  time (eval):      0.293354
  time (compile):   0.000102
  gflops (eval):    135.02
  gflops (total):   134.98
CSV_DATA: opt_einsum,torch,"af,fbg,gch,hdi,ie->abcde","100,72,128,128,3,71,305,32,3","(1,2),(0,3),(0,1),(0,1)",FP32,39609704448,27.759486471262512,0.00010180473327636719,0.2933540344238281,135.0235544767495,134.9767125499062
*** input parameters ***
  einsum_str: af,fbg,gch,hdi,ie->abcde
  dim_sizes:  100,72,128,128,3,71,305,32,3
  cont_path:  (1,2),(0,3),(0,1),(0,1)
  backend:    torch
  dtype:      FP32
*** benchmarking opt_einsum expression ***
  #flops :          39609704448
  #bytes :          1426888948
  arith. intensity: 27.76
  time (eval):      0.294847
  time (compile):   0.000115
  gflops (eval):    134.34
  gflops (total):   134.29
CSV_DATA: opt_einsum,torch,"af,fbg,gch,hdi,ie->abcde","100,72,128,128,3,71,305,32,3","(1,2),(0,3),(0,1),(0,1)",FP32,39609704448,27.759486471262512,0.00011467933654785156,0.2948465347290039,134.34007113024285,134.28784043178368
*** input parameters ***
  einsum_str: af,fbg,gch,hdi,ie->abcde
  dim_sizes:  100,72,128,128,3,71,305,32,3
  cont_path:  (1,2),(0,3),(0,1),(0,1)
  backend:    torch
  dtype:      FP32
*** benchmarking opt_einsum expression ***
  #flops :          39609704448
  #bytes :          1426888948
  arith. intensity: 27.76
  time (eval):      0.293071
  time (compile):   0.000109
  gflops (eval):    135.15
  gflops (total):   135.10
CSV_DATA: opt_einsum,torch,"af,fbg,gch,hdi,ie->abcde","100,72,128,128,3,71,305,32,3","(1,2),(0,3),(0,1),(0,1)",FP32,39609704448,27.759486471262512,0.00010895729064941406,0.29307126998901367,135.15382947460134,135.10360100177053
*** input parameters ***
  einsum_str: af,fbg,gch,hdi,ie->abcde
  dim_sizes:  100,72,128,128,3,71,305,32,3
  cont_path:  (1,2),(0,3),(0,1),(0,1)
  backend:    torch
  dtype:      FP32
*** benchmarking opt_einsum expression ***
  #flops :          39609704448
  #bytes :          1426888948
  arith. intensity: 27.76
  time (eval):      0.293351
  time (compile):   0.000094
  gflops (eval):    135.03
  gflops (total):   134.98
CSV_DATA: opt_einsum,torch,"af,fbg,gch,hdi,ie->abcde","100,72,128,128,3,71,305,32,3","(1,2),(0,3),(0,1),(0,1)",FP32,39609704448,27.759486471262512,9.417533874511719e-05,0.2933506965637207,135.0250908280905,134.98175719071804
*** input parameters ***
  einsum_str: af,fbg,gch,hdi,ie->abcde
  dim_sizes:  100,72,128,128,3,71,305,32,3
  cont_path:  (1,2),(0,3),(0,1),(0,1)
  backend:    torch
  dtype:      FP32
*** benchmarking opt_einsum expression ***
  #flops :          39609704448
  #bytes :          1426888948
  arith. intensity: 27.76
  time (eval):      0.293520
  time (compile):   0.000099
  gflops (eval):    134.95
  gflops (total):   134.90
CSV_DATA: opt_einsum,torch,"af,fbg,gch,hdi,ie->abcde","100,72,128,128,3,71,305,32,3","(1,2),(0,3),(0,1),(0,1)",FP32,39609704448,27.759486471262512,9.894371032714844e-05,0.2935197353363037,134.94732953004578,134.90185493855932
*** input parameters ***
  einsum_str: af,fbg,gch,hdi,ie->abcde
  dim_sizes:  100,72,128,128,3,71,305,32,3
  cont_path:  (1,2),(0,3),(0,1),(0,1)
  backend:    torch
  dtype:      FP32
*** benchmarking opt_einsum expression ***
  #flops :          39609704448
  #bytes :          1426888948
  arith. intensity: 27.76
  time (eval):      0.294249
  time (compile):   0.000111
  gflops (eval):    134.61
  gflops (total):   134.56
CSV_DATA: opt_einsum,torch,"af,fbg,gch,hdi,ie->abcde","100,72,128,128,3,71,305,32,3","(1,2),(0,3),(0,1),(0,1)",FP32,39609704448,27.759486471262512,0.00011134147644042969,0.2942485809326172,134.61306872732416,134.5621514091729
*** input parameters ***
  einsum_str: af,fbg,gch,hdi,ie->abcde
  dim_sizes:  100,72,128,128,3,71,305,32,3
  cont_path:  (1,2),(0,3),(0,1),(0,1)
  backend:    torch
  dtype:      FP32
*** benchmarking opt_einsum expression ***
  #flops :          39609704448
  #bytes :          1426888948
  arith. intensity: 27.76
  time (eval):      0.294314
  time (compile):   0.000113
  gflops (eval):    134.58
  gflops (total):   134.53
CSV_DATA: opt_einsum,torch,"af,fbg,gch,hdi,ie->abcde","100,72,128,128,3,71,305,32,3","(1,2),(0,3),(0,1),(0,1)",FP32,39609704448,27.759486471262512,0.00011324882507324219,0.2943141460418701,134.5830806323696,134.53131447194406
*** input parameters ***
  einsum_str: af,fbg,gch,hdi,ie->abcde
  dim_sizes:  100,72,128,128,3,71,305,32,3
  cont_path:  (1,2),(0,3),(0,1),(0,1)
  backend:    torch
  dtype:      FP32
*** benchmarking opt_einsum expression ***
  #flops :          39609704448
  #bytes :          1426888948
  arith. intensity: 27.76
  time (eval):      0.292437
  time (compile):   0.000101
  gflops (eval):    135.45
  gflops (total):   135.40
CSV_DATA: opt_einsum,torch,"af,fbg,gch,hdi,ie->abcde","100,72,128,128,3,71,305,32,3","(1,2),(0,3),(0,1),(0,1)",FP32,39609704448,27.759486471262512,0.00010085105895996094,0.2924368381500244,135.44704114082796,135.40034637965383
*** input parameters ***
  einsum_str: af,fbg,gch,hdi,ie->abcde
  dim_sizes:  100,72,128,128,3,71,305,32,3
  cont_path:  (1,2),(0,3),(0,1),(0,1)
  backend:    torch
  dtype:      FP32
*** benchmarking opt_einsum expression ***
  #flops :          39609704448
  #bytes :          1426888948
  arith. intensity: 27.76
  time (eval):      0.293049
  time (compile):   0.000114
  gflops (eval):    135.16
  gflops (total):   135.11
CSV_DATA: opt_einsum,torch,"af,fbg,gch,hdi,ie->abcde","100,72,128,128,3,71,305,32,3","(1,2),(0,3),(0,1),(0,1)",FP32,39609704448,27.759486471262512,0.00011396408081054688,0.29304933547973633,135.16394563105544,135.11140210038272
*** input parameters ***
  einsum_str: af,fbg,gch,hdi,ie->abcde
  dim_sizes:  100,72,128,128,3,71,305,32,3
  cont_path:  (1,2),(0,3),(0,1),(0,1)
  backend:    torch
  dtype:      FP32
*** benchmarking opt_einsum expression ***
  #flops :          39609704448
  #bytes :          1426888948
  arith. intensity: 27.76
  time (eval):      0.294873
  time (compile):   0.000108
  gflops (eval):    134.33
  gflops (total):   134.28
CSV_DATA: opt_einsum,torch,"af,fbg,gch,hdi,ie->abcde","100,72,128,128,3,71,305,32,3","(1,2),(0,3),(0,1),(0,1)",FP32,39609704448,27.759486471262512,0.00010824203491210938,0.294872522354126,134.32823150754916,134.27894028968066
*** input parameters ***
  einsum_str: af,fbg,gch,hdi,ie->abcde
  dim_sizes:  100,72,128,128,3,71,305,32,3
  cont_path:  (1,2),(0,3),(0,1),(0,1)
  backend:    torch
  dtype:      FP32
*** benchmarking opt_einsum expression ***
  #flops :          39609704448
  #bytes :          1426888948
  arith. intensity: 27.76
  time (eval):      0.293545
  time (compile):   0.000100
  gflops (eval):    134.94
  gflops (total):   134.89
CSV_DATA: opt_einsum,torch,"af,fbg,gch,hdi,ie->abcde","100,72,128,128,3,71,305,32,3","(1,2),(0,3),(0,1),(0,1)",FP32,39609704448,27.759486471262512,0.00010013580322265625,0.2935450077056885,134.93571141810438,134.88969704958862
*** input parameters ***
  einsum_str: af,fbg,gch,hdi,ie->abcde
  dim_sizes:  100,72,128,128,3,71,305,32,3
  cont_path:  (1,2),(0,3),(0,1),(0,1)
  backend:    torch
  dtype:      FP32
*** benchmarking opt_einsum expression ***
  #flops :          39609704448
  #bytes :          1426888948
  arith. intensity: 27.76
  time (eval):      0.293011
  time (compile):   0.000098
  gflops (eval):    135.18
  gflops (total):   135.14
CSV_DATA: opt_einsum,torch,"af,fbg,gch,hdi,ie->abcde","100,72,128,128,3,71,305,32,3","(1,2),(0,3),(0,1),(0,1)",FP32,39609704448,27.759486471262512,9.799003601074219e-05,0.293010950088501,135.18165254928627,135.1364596084102
*** input parameters ***
  einsum_str: af,fbg,gch,hdi,ie->abcde
  dim_sizes:  100,72,128,128,3,71,305,32,3
  cont_path:  (1,2),(0,3),(0,1),(0,1)
  backend:    torch
  dtype:      FP32
*** benchmarking opt_einsum expression ***
  #flops :          39609704448
  #bytes :          1426888948
  arith. intensity: 27.76
  time (eval):      0.295359
  time (compile):   0.000100
  gflops (eval):    134.11
  gflops (total):   134.06
CSV_DATA: opt_einsum,torch,"af,fbg,gch,hdi,ie->abcde","100,72,128,128,3,71,305,32,3","(1,2),(0,3),(0,1),(0,1)",FP32,39609704448,27.759486471262512,9.965896606445312e-05,0.29535865783691406,134.10713854838477,134.0619038130278
*** input parameters ***
  einsum_str: af,fbg,gch,hdi,ie->abcde
  dim_sizes:  100,72,128,128,3,71,305,32,3
  cont_path:  (1,2),(0,3),(0,1),(0,1)
  backend:    torch
  dtype:      FP32
*** benchmarking opt_einsum expression ***
  #flops :          39609704448
  #bytes :          1426888948
  arith. intensity: 27.76
  time (eval):      0.294682
  time (compile):   0.000102
  gflops (eval):    134.42
  gflops (total):   134.37
CSV_DATA: opt_einsum,torch,"af,fbg,gch,hdi,ie->abcde","100,72,128,128,3,71,305,32,3","(1,2),(0,3),(0,1),(0,1)",FP32,39609704448,27.759486471262512,0.00010204315185546875,0.29468202590942383,134.4150676504946,134.3685382121718
*** input parameters ***
  einsum_str: af,fbg,gch,hdi,ie->abcde
  dim_sizes:  100,72,128,128,3,71,305,32,3
  cont_path:  (1,2),(0,3),(0,1),(0,1)
  backend:    torch
  dtype:      FP32
*** benchmarking opt_einsum expression ***
  #flops :          39609704448
  #bytes :          1426888948
  arith. intensity: 27.76
  time (eval):      0.291920
  time (compile):   0.000113
  gflops (eval):    135.69
  gflops (total):   135.63
CSV_DATA: opt_einsum,torch,"af,fbg,gch,hdi,ie->abcde","100,72,128,128,3,71,305,32,3","(1,2),(0,3),(0,1),(0,1)",FP32,39609704448,27.759486471262512,0.0001125335693359375,0.2919197082519531,135.68698285287832,135.63469636424392
*** input parameters ***
  einsum_str: af,fbg,gch,hdi,ie->abcde
  dim_sizes:  100,72,128,128,3,71,305,32,3
  cont_path:  (1,2),(0,3),(0,1),(0,1)
  backend:    torch
  dtype:      FP32
*** benchmarking opt_einsum expression ***
  #flops :          39609704448
  #bytes :          1426888948
  arith. intensity: 27.76
  time (eval):      0.294717
  time (compile):   0.000113
  gflops (eval):    134.40
  gflops (total):   134.35
CSV_DATA: opt_einsum,torch,"af,fbg,gch,hdi,ie->abcde","100,72,128,128,3,71,305,32,3","(1,2),(0,3),(0,1),(0,1)",FP32,39609704448,27.759486471262512,0.0001125335693359375,0.29471731185913086,134.39897438713294,134.3476756582648
*** input parameters ***
  einsum_str: af,fbg,gch,hdi,ie->abcde
  dim_sizes:  100,72,128,128,3,71,305,32,3
  cont_path:  (1,2),(0,3),(0,1),(0,1)
  backend:    torch
  dtype:      FP32
*** benchmarking opt_einsum expression ***
  #flops :          39609704448
  #bytes :          1426888948
  arith. intensity: 27.76
  time (eval):      0.295749
  time (compile):   0.000100
  gflops (eval):    133.93
  gflops (total):   133.88
CSV_DATA: opt_einsum,torch,"af,fbg,gch,hdi,ie->abcde","100,72,128,128,3,71,305,32,3","(1,2),(0,3),(0,1),(0,1)",FP32,39609704448,27.759486471262512,9.989738464355469e-05,0.2957491874694824,133.93005332292663,133.8848300562779
*** input parameters ***
  einsum_str: af,fbg,gch,hdi,ie->abcde
  dim_sizes:  100,72,128,128,3,71,305,32,3
  cont_path:  (1,2),(0,3),(0,1),(0,1)
  backend:    torch
  dtype:      FP32
*** benchmarking opt_einsum expression ***
  #flops :          39609704448
  #bytes :          1426888948
  arith. intensity: 27.76
  time (eval):      0.294488
  time (compile):   0.000101
  gflops (eval):    134.50
  gflops (total):   134.46
CSV_DATA: opt_einsum,torch,"af,fbg,gch,hdi,ie->abcde","100,72,128,128,3,71,305,32,3","(1,2),(0,3),(0,1),(0,1)",FP32,39609704448,27.759486471262512,0.0001010894775390625,0.29448819160461426,134.50354064172728,134.45738521950457
*** input parameters ***
  einsum_str: af,fbg,gch,hdi,ie->abcde
  dim_sizes:  100,72,128,128,3,71,305,32,3
  cont_path:  (1,2),(0,3),(0,1),(0,1)
  backend:    torch
  dtype:      FP32
*** benchmarking opt_einsum expression ***
  #flops :          39609704448
  #bytes :          1426888948
  arith. intensity: 27.76
  time (eval):      0.295013
  time (compile):   0.000105
  gflops (eval):    134.26
  gflops (total):   134.22
CSV_DATA: opt_einsum,torch,"af,fbg,gch,hdi,ie->abcde","100,72,128,128,3,71,305,32,3","(1,2),(0,3),(0,1),(0,1)",FP32,39609704448,27.759486471262512,0.0001049041748046875,0.2950131893157959,134.26418167900937,134.21645545179547
*** input parameters ***
  einsum_str: af,fbg,gch,hdi,ie->abcde
  dim_sizes:  100,72,128,128,3,71,305,32,3
  cont_path:  (1,2),(0,3),(0,1),(0,1)
  backend:    torch
  dtype:      FP32
*** benchmarking opt_einsum expression ***
  #flops :          39609704448
  #bytes :          1426888948
  arith. intensity: 27.76
  time (eval):      0.299264
  time (compile):   0.000100
  gflops (eval):    132.36
  gflops (total):   132.31
CSV_DATA: opt_einsum,torch,"af,fbg,gch,hdi,ie->abcde","100,72,128,128,3,71,305,32,3","(1,2),(0,3),(0,1),(0,1)",FP32,39609704448,27.759486471262512,9.989738464355469e-05,0.29926371574401855,132.3571898769077,132.31302239452972
*** input parameters ***
  einsum_str: af,fbg,gch,hdi,ie->abcde
  dim_sizes:  100,72,128,128,3,71,305,32,3
  cont_path:  (1,2),(0,3),(0,1),(0,1)
  backend:    torch
  dtype:      FP32
*** benchmarking opt_einsum expression ***
  #flops :          39609704448
  #bytes :          1426888948
  arith. intensity: 27.76
  time (eval):      0.291762
  time (compile):   0.000108
  gflops (eval):    135.76
  gflops (total):   135.71
CSV_DATA: opt_einsum,torch,"af,fbg,gch,hdi,ie->abcde","100,72,128,128,3,71,305,32,3","(1,2),(0,3),(0,1),(0,1)",FP32,39609704448,27.759486471262512,0.00010848045349121094,0.2917623519897461,135.76016294724712,135.70970458551474
*** input parameters ***
  einsum_str: af,fbg,gch,hdi,ie->abcde
  dim_sizes:  100,72,128,128,3,71,305,32,3
  cont_path:  (1,2),(0,3),(0,1),(0,1)
  backend:    torch
  dtype:      FP32
*** benchmarking opt_einsum expression ***
  #flops :          39609704448
  #bytes :          1426888948
  arith. intensity: 27.76
  time (eval):      0.292875
  time (compile):   0.000109
  gflops (eval):    135.24
  gflops (total):   135.19
CSV_DATA: opt_einsum,torch,"af,fbg,gch,hdi,ie->abcde","100,72,128,128,3,71,305,32,3","(1,2),(0,3),(0,1),(0,1)",FP32,39609704448,27.759486471262512,0.00010943412780761719,0.292874813079834,135.24448904113478,135.1939731419352
*** input parameters ***
  einsum_str: af,fbg,gch,hdi,ie->abcde
  dim_sizes:  100,72,128,128,3,71,305,32,3
  cont_path:  (1,2),(0,3),(0,1),(0,1)
  backend:    torch
  dtype:      FP32
*** benchmarking opt_einsum expression ***
  #flops :          39609704448
  #bytes :          1426888948
  arith. intensity: 27.76
  time (eval):      0.294940
  time (compile):   0.000111
  gflops (eval):    134.30
  gflops (total):   134.25
CSV_DATA: opt_einsum,torch,"af,fbg,gch,hdi,ie->abcde","100,72,128,128,3,71,305,32,3","(1,2),(0,3),(0,1),(0,1)",FP32,39609704448,27.759486471262512,0.00011134147644042969,0.2949399948120117,134.29750167740514,134.24682276062026
*** input parameters ***
  einsum_str: af,fbg,gch,hdi,ie->abcde
  dim_sizes:  100,72,128,128,3,71,305,32,3
  cont_path:  (1,2),(0,3),(0,1),(0,1)
  backend:    torch
  dtype:      FP32
*** benchmarking opt_einsum expression ***
  #flops :          39609704448
  #bytes :          1426888948
  arith. intensity: 27.76
  time (eval):      0.293714
  time (compile):   0.000112
  gflops (eval):    134.86
  gflops (total):   134.81
CSV_DATA: opt_einsum,torch,"af,fbg,gch,hdi,ie->abcde","100,72,128,128,3,71,305,32,3","(1,2),(0,3),(0,1),(0,1)",FP32,39609704448,27.759486471262512,0.00011229515075683594,0.2937135696411133,134.8582719429642,134.8067314497902
*** input parameters ***
  einsum_str: af,fbg,gch,hdi,ie->abcde
  dim_sizes:  100,72,128,128,3,71,305,32,3
  cont_path:  (1,2),(0,3),(0,1),(0,1)
  backend:    torch
  dtype:      FP32
*** benchmarking opt_einsum expression ***
  #flops :          39609704448
  #bytes :          1426888948
  arith. intensity: 27.76
  time (eval):      0.295426
  time (compile):   0.000099
  gflops (eval):    134.08
  gflops (total):   134.03
CSV_DATA: opt_einsum,torch,"af,fbg,gch,hdi,ie->abcde","100,72,128,128,3,71,305,32,3","(1,2),(0,3),(0,1),(0,1)",FP32,39609704448,27.759486471262512,9.870529174804688e-05,0.2954263687133789,134.07640157683124,134.03162009634698
*** input parameters ***
  einsum_str: af,fbg,gch,hdi,ie->abcde
  dim_sizes:  100,72,128,128,3,71,305,32,3
  cont_path:  (1,2),(0,3),(0,1),(0,1)
  backend:    torch
  dtype:      FP32
*** benchmarking opt_einsum expression ***
  #flops :          39609704448
  #bytes :          1426888948
  arith. intensity: 27.76
  time (eval):      0.294382
  time (compile):   0.000107
  gflops (eval):    134.55
  gflops (total):   134.50
CSV_DATA: opt_einsum,torch,"af,fbg,gch,hdi,ie->abcde","100,72,128,128,3,71,305,32,3","(1,2),(0,3),(0,1),(0,1)",FP32,39609704448,27.759486471262512,0.00010728836059570312,0.29438161849975586,134.55223410300277,134.50321395903435
*** input parameters ***
  einsum_str: af,fbg,gch,hdi,ie->abcde
  dim_sizes:  100,72,128,128,3,71,305,32,3
  cont_path:  (1,2),(0,3),(0,1),(0,1)
  backend:    torch
  dtype:      FP32
*** benchmarking opt_einsum expression ***
  #flops :          39609704448
  #bytes :          1426888948
  arith. intensity: 27.76
  time (eval):      0.292807
  time (compile):   0.000113
  gflops (eval):    135.28
  gflops (total):   135.22
CSV_DATA: opt_einsum,torch,"af,fbg,gch,hdi,ie->abcde","100,72,128,128,3,71,305,32,3","(1,2),(0,3),(0,1),(0,1)",FP32,39609704448,27.759486471262512,0.0001125335693359375,0.29280686378479004,135.27587412401888,135.22390393325063
*** input parameters ***
  einsum_str: af,fbg,gch,hdi,ie->abcde
  dim_sizes:  100,72,128,128,3,71,305,32,3
  cont_path:  (1,2),(0,3),(0,1),(0,1)
  backend:    torch
  dtype:      FP32
*** benchmarking opt_einsum expression ***
  #flops :          39609704448
  #bytes :          1426888948
  arith. intensity: 27.76
  time (eval):      0.293415
  time (compile):   0.000111
  gflops (eval):    135.00
  gflops (total):   134.94
CSV_DATA: opt_einsum,torch,"af,fbg,gch,hdi,ie->abcde","100,72,128,128,3,71,305,32,3","(1,2),(0,3),(0,1),(0,1)",FP32,39609704448,27.759486471262512,0.00011086463928222656,0.2934150695800781,134.995467358536,134.94447961929842
*** input parameters ***
  einsum_str: af,fbg,gch,hdi,ie->abcde
  dim_sizes:  100,72,128,128,3,71,305,32,3
  cont_path:  (1,2),(0,3),(0,1),(0,1)
  backend:    torch
  dtype:      FP32
*** benchmarking opt_einsum expression ***
  #flops :          39609704448
  #bytes :          1426888948
  arith. intensity: 27.76
  time (eval):      0.297955
  time (compile):   0.000108
  gflops (eval):    132.94
  gflops (total):   132.89
CSV_DATA: opt_einsum,torch,"af,fbg,gch,hdi,ie->abcde","100,72,128,128,3,71,305,32,3","(1,2),(0,3),(0,1),(0,1)",FP32,39609704448,27.759486471262512,0.00010800361633300781,0.2979550361633301,132.93852977966495,132.89035929204994
*** input parameters ***
  einsum_str: af,fbg,gch,hdi,ie->abcde
  dim_sizes:  100,72,128,128,3,71,305,32,3
  cont_path:  (1,2),(0,3),(0,1),(0,1)
  backend:    torch
  dtype:      FP32
*** benchmarking opt_einsum expression ***
  #flops :          39609704448
  #bytes :          1426888948
  arith. intensity: 27.76
  time (eval):      0.294922
  time (compile):   0.000098
  gflops (eval):    134.31
  gflops (total):   134.26
CSV_DATA: opt_einsum,torch,"af,fbg,gch,hdi,ie->abcde","100,72,128,128,3,71,305,32,3","(1,2),(0,3),(0,1),(0,1)",FP32,39609704448,27.759486471262512,9.751319885253906e-05,0.2949216365814209,134.30586140486406,134.2614690520965
*** input parameters ***
  einsum_str: af,fbg,gch,hdi,ie->abcde
  dim_sizes:  100,72,128,128,3,71,305,32,3
  cont_path:  (1,2),(0,3),(0,1),(0,1)
  backend:    torch
  dtype:      FP32
*** benchmarking opt_einsum expression ***
  #flops :          39609704448
  #bytes :          1426888948
  arith. intensity: 27.76
  time (eval):      0.292757
  time (compile):   0.000109
  gflops (eval):    135.30
  gflops (total):   135.25
CSV_DATA: opt_einsum,torch,"af,fbg,gch,hdi,ie->abcde","100,72,128,128,3,71,305,32,3","(1,2),(0,3),(0,1),(0,1)",FP32,39609704448,27.759486471262512,0.00010919570922851562,0.2927572727203369,135.29878892483768,135.2483425651242
*** input parameters ***
  einsum_str: af,fbg,gch,hdi,ie->abcde
  dim_sizes:  100,72,128,128,3,71,305,32,3
  cont_path:  (1,2),(0,3),(0,1),(0,1)
  backend:    torch
  dtype:      FP32
*** benchmarking opt_einsum expression ***
  #flops :          39609704448
  #bytes :          1426888948
  arith. intensity: 27.76
  time (eval):      0.294530
  time (compile):   0.000100
  gflops (eval):    134.48
  gflops (total):   134.44
CSV_DATA: opt_einsum,torch,"af,fbg,gch,hdi,ie->abcde","100,72,128,128,3,71,305,32,3","(1,2),(0,3),(0,1),(0,1)",FP32,39609704448,27.759486471262512,0.00010037422180175781,0.29452967643737793,134.4845956683136,134.4387796132156
*** input parameters ***
  einsum_str: af,fbg,gch,hdi,ie->abcde
  dim_sizes:  100,72,128,128,3,71,305,32,3
  cont_path:  (1,2),(0,3),(0,1),(0,1)
  backend:    torch
  dtype:      FP32
*** benchmarking opt_einsum expression ***
  #flops :          39609704448
  #bytes :          1426888948
  arith. intensity: 27.76
  time (eval):      0.295978
  time (compile):   0.000112
  gflops (eval):    133.83
  gflops (total):   133.78
CSV_DATA: opt_einsum,torch,"af,fbg,gch,hdi,ie->abcde","100,72,128,128,3,71,305,32,3","(1,2),(0,3),(0,1),(0,1)",FP32,39609704448,27.759486471262512,0.00011205673217773438,0.2959775924682617,133.82669991224904,133.7760524724929
*** input parameters ***
  einsum_str: af,fbg,gch,hdi,ie->abcde
  dim_sizes:  100,72,128,128,3,71,305,32,3
  cont_path:  (1,2),(0,3),(0,1),(0,1)
  backend:    torch
  dtype:      FP32
*** benchmarking opt_einsum expression ***
  #flops :          39609704448
  #bytes :          1426888948
  arith. intensity: 27.76
  time (eval):      0.296854
  time (compile):   0.000103
  gflops (eval):    133.43
  gflops (total):   133.39
CSV_DATA: opt_einsum,torch,"af,fbg,gch,hdi,ie->abcde","100,72,128,128,3,71,305,32,3","(1,2),(0,3),(0,1),(0,1)",FP32,39609704448,27.759486471262512,0.000102996826171875,0.29685401916503906,133.4315922668326,133.38531273890607
*** input parameters ***
  einsum_str: af,fbg,gch,hdi,ie->abcde
  dim_sizes:  100,72,128,128,3,71,305,32,3
  cont_path:  (1,2),(0,3),(0,1),(0,1)
  backend:    torch
  dtype:      FP32
*** benchmarking opt_einsum expression ***
  #flops :          39609704448
  #bytes :          1426888948
  arith. intensity: 27.76
  time (eval):      0.296306
  time (compile):   0.000099
  gflops (eval):    133.68
  gflops (total):   133.63
CSV_DATA: opt_einsum,torch,"af,fbg,gch,hdi,ie->abcde","100,72,128,128,3,71,305,32,3","(1,2),(0,3),(0,1),(0,1)",FP32,39609704448,27.759486471262512,9.894371032714844e-05,0.2963063716888428,133.6782068581196,133.63358344184044
*** input parameters ***
  einsum_str: af,fbg,gch,hdi,ie->abcde
  dim_sizes:  100,72,128,128,3,71,305,32,3
  cont_path:  (1,2),(0,3),(0,1),(0,1)
  backend:    torch
  dtype:      FP32
*** benchmarking opt_einsum expression ***
  #flops :          39609704448
  #bytes :          1426888948
  arith. intensity: 27.76
  time (eval):      0.295827
  time (compile):   0.000102
  gflops (eval):    133.89
  gflops (total):   133.85
CSV_DATA: opt_einsum,torch,"af,fbg,gch,hdi,ie->abcde","100,72,128,128,3,71,305,32,3","(1,2),(0,3),(0,1),(0,1)",FP32,39609704448,27.759486471262512,0.00010180473327636719,0.29582691192626953,133.89486504146092,133.848802830343
*** input parameters ***
  einsum_str: af,fbg,gch,hdi,ie->abcde
  dim_sizes:  100,72,128,128,3,71,305,32,3
  cont_path:  (1,2),(0,3),(0,1),(0,1)
  backend:    torch
  dtype:      FP32
*** benchmarking opt_einsum expression ***
  #flops :          39609704448
  #bytes :          1426888948
  arith. intensity: 27.76
  time (eval):      0.294255
  time (compile):   0.000098
  gflops (eval):    134.61
  gflops (total):   134.57
CSV_DATA: opt_einsum,torch,"af,fbg,gch,hdi,ie->abcde","100,72,128,128,3,71,305,32,3","(1,2),(0,3),(0,1),(0,1)",FP32,39609704448,27.759486471262512,9.775161743164062e-05,0.29425501823425293,134.6101238500109,134.56542117119582
*** input parameters ***
  einsum_str: af,fbg,gch,hdi,ie->abcde
  dim_sizes:  100,72,128,128,3,71,305,32,3
  cont_path:  (1,2),(0,3),(0,1),(0,1)
  backend:    torch
  dtype:      FP32
*** benchmarking opt_einsum expression ***
  #flops :          39609704448
  #bytes :          1426888948
  arith. intensity: 27.76
  time (eval):      0.295660
  time (compile):   0.000110
  gflops (eval):    133.97
  gflops (total):   133.92
CSV_DATA: opt_einsum,torch,"af,fbg,gch,hdi,ie->abcde","100,72,128,128,3,71,305,32,3","(1,2),(0,3),(0,1),(0,1)",FP32,39609704448,27.759486471262512,0.00010991096496582031,0.29565954208374023,133.9706615549762,133.92087668187034
*** input parameters ***
  einsum_str: af,fbg,gch,hdi,ie->abcde
  dim_sizes:  100,72,128,128,3,71,305,32,3
  cont_path:  (1,2),(0,3),(0,1),(0,1)
  backend:    torch
  dtype:      FP32
*** benchmarking opt_einsum expression ***
  #flops :          39609704448
  #bytes :          1426888948
  arith. intensity: 27.76
  time (eval):      0.296772
  time (compile):   0.000103
  gflops (eval):    133.47
  gflops (total):   133.42
CSV_DATA: opt_einsum,torch,"af,fbg,gch,hdi,ie->abcde","100,72,128,128,3,71,305,32,3","(1,2),(0,3),(0,1),(0,1)",FP32,39609704448,27.759486471262512,0.00010275840759277344,0.2967715263366699,133.46868190806524,133.42248380361104
*** input parameters ***
  einsum_str: af,fbg,gch,hdi,ie->abcde
  dim_sizes:  100,72,128,128,3,71,305,32,3
  cont_path:  (1,2),(0,3),(0,1),(0,1)
  backend:    torch
  dtype:      FP32
*** benchmarking opt_einsum expression ***
  #flops :          39609704448
  #bytes :          1426888948
  arith. intensity: 27.76
  time (eval):      0.290970
  time (compile):   0.000101
  gflops (eval):    136.13
  gflops (total):   136.08
CSV_DATA: opt_einsum,torch,"af,fbg,gch,hdi,ie->abcde","100,72,128,128,3,71,305,32,3","(1,2),(0,3),(0,1),(0,1)",FP32,39609704448,27.759486471262512,0.00010132789611816406,0.2909700870513916,136.12981612437733,136.08242655893574
*** input parameters ***
  einsum_str: af,fbg,gch,hdi,ie->abcde
  dim_sizes:  100,72,128,128,3,71,305,32,3
  cont_path:  (1,2),(0,3),(0,1),(0,1)
  backend:    torch
  dtype:      FP32
*** benchmarking opt_einsum expression ***
  #flops :          39609704448
  #bytes :          1426888948
  arith. intensity: 27.76
  time (eval):      0.296333
  time (compile):   0.000103
  gflops (eval):    133.67
  gflops (total):   133.62
CSV_DATA: opt_einsum,torch,"af,fbg,gch,hdi,ie->abcde","100,72,128,128,3,71,305,32,3","(1,2),(0,3),(0,1),(0,1)",FP32,39609704448,27.759486471262512,0.00010275840759277344,0.29633283615112305,133.66626851909166,133.61993355408066
*** input parameters ***
  einsum_str: af,fbg,gch,hdi,ie->abcde
  dim_sizes:  100,72,128,128,3,71,305,32,3
  cont_path:  (1,2),(0,3),(0,1),(0,1)
  backend:    torch
  dtype:      FP32
*** benchmarking opt_einsum expression ***
  #flops :          39609704448
  #bytes :          1426888948
  arith. intensity: 27.76
  time (eval):      0.296144
  time (compile):   0.000110
  gflops (eval):    133.75
  gflops (total):   133.70
CSV_DATA: opt_einsum,torch,"af,fbg,gch,hdi,ie->abcde","100,72,128,128,3,71,305,32,3","(1,2),(0,3),(0,1),(0,1)",FP32,39609704448,27.759486471262512,0.00011038780212402344,0.2961442470550537,133.75138920269652,133.70155193384758
*** input parameters ***
  einsum_str: af,fbg,gch,hdi,ie->abcde
  dim_sizes:  100,72,128,128,3,71,305,32,3
  cont_path:  (1,2),(0,3),(0,1),(0,1)
  backend:    torch
  dtype:      FP32
*** benchmarking opt_einsum expression ***
  #flops :          39609704448
  #bytes :          1426888948
  arith. intensity: 27.76
  time (eval):      0.291103
  time (compile):   0.000105
  gflops (eval):    136.07
  gflops (total):   136.02
CSV_DATA: opt_einsum,torch,"af,fbg,gch,hdi,ie->abcde","100,72,128,128,3,71,305,32,3","(1,2),(0,3),(0,1),(0,1)",FP32,39609704448,27.759486471262512,0.00010538101196289062,0.2911031246185303,136.06760319012608,136.01836375706594
*** input parameters ***
  einsum_str: af,fbg,gch,hdi,ie->abcde
  dim_sizes:  100,72,128,128,3,71,305,32,3
  cont_path:  (1,2),(0,3),(0,1),(0,1)
  backend:    torch
  dtype:      FP32
*** benchmarking opt_einsum expression ***
  #flops :          39609704448
  #bytes :          1426888948
  arith. intensity: 27.76
  time (eval):      0.293689
  time (compile):   0.000103
  gflops (eval):    134.87
  gflops (total):   134.82
CSV_DATA: opt_einsum,torch,"af,fbg,gch,hdi,ie->abcde","100,72,128,128,3,71,305,32,3","(1,2),(0,3),(0,1),(0,1)",FP32,39609704448,27.759486471262512,0.000102996826171875,0.2936892509460449,134.86943877042643,134.82215663740124
*** input parameters ***
  einsum_str: af,fbg,gch,hdi,ie->abcde
  dim_sizes:  100,72,128,128,3,71,305,32,3
  cont_path:  (1,2),(0,3),(0,1),(0,1)
  backend:    torch
  dtype:      FP32
*** benchmarking opt_einsum expression ***
  #flops :          39609704448
  #bytes :          1426888948
  arith. intensity: 27.76
  time (eval):      0.292938
  time (compile):   0.000107
  gflops (eval):    135.22
  gflops (total):   135.17
CSV_DATA: opt_einsum,torch,"af,fbg,gch,hdi,ie->abcde","100,72,128,128,3,71,305,32,3","(1,2),(0,3),(0,1),(0,1)",FP32,39609704448,27.759486471262512,0.00010728836059570312,0.2929377555847168,135.21542953361293,135.16592505618996
*** input parameters ***
  einsum_str: af,fbg,gch,hdi,ie->abcde
  dim_sizes:  100,72,128,128,3,71,305,32,3
  cont_path:  (1,2),(0,3),(0,1),(0,1)
  backend:    torch
  dtype:      FP32
*** benchmarking opt_einsum expression ***
  #flops :          39609704448
  #bytes :          1426888948
  arith. intensity: 27.76
  time (eval):      0.295828
  time (compile):   0.000111
  gflops (eval):    133.89
  gflops (total):   133.84
CSV_DATA: opt_einsum,torch,"af,fbg,gch,hdi,ie->abcde","100,72,128,128,3,71,305,32,3","(1,2),(0,3),(0,1),(0,1)",FP32,39609704448,27.759486471262512,0.00011110305786132812,0.29582762718200684,133.8945413087814,133.84427383294855
*** input parameters ***
  einsum_str: af,fbg,gch,hdi,ie->abcde
  dim_sizes:  100,72,128,128,3,71,305,32,3
  cont_path:  (1,2),(0,3),(0,1),(0,1)
  backend:    torch
  dtype:      FP32
*** benchmarking opt_einsum expression ***
  #flops :          39609704448
  #bytes :          1426888948
  arith. intensity: 27.76
  time (eval):      0.292533
  time (compile):   0.000098
  gflops (eval):    135.40
  gflops (total):   135.36
CSV_DATA: opt_einsum,torch,"af,fbg,gch,hdi,ie->abcde","100,72,128,128,3,71,305,32,3","(1,2),(0,3),(0,1),(0,1)",FP32,39609704448,27.759486471262512,9.822845458984375e-05,0.29253339767456055,135.4023327348943,135.356881865252
*** input parameters ***
  einsum_str: af,fbg,gch,hdi,ie->abcde
  dim_sizes:  100,72,128,128,3,71,305,32,3
  cont_path:  (1,2),(0,3),(0,1),(0,1)
  backend:    torch
  dtype:      FP32
*** benchmarking opt_einsum expression ***
  #flops :          39609704448
  #bytes :          1426888948
  arith. intensity: 27.76
  time (eval):      0.294219
  time (compile):   0.000116
  gflops (eval):    134.63
  gflops (total):   134.57
CSV_DATA: opt_einsum,torch,"af,fbg,gch,hdi,ie->abcde","100,72,128,128,3,71,305,32,3","(1,2),(0,3),(0,1),(0,1)",FP32,39609704448,27.759486471262512,0.00011563301086425781,0.2942185401916504,134.62681319198552,134.57392329618082
*** input parameters ***
  einsum_str: af,fbg,gch,hdi,ie->abcde
  dim_sizes:  100,72,128,128,3,71,305,32,3
  cont_path:  (1,2),(0,3),(0,1),(0,1)
  backend:    torch
  dtype:      FP32
*** benchmarking opt_einsum expression ***
  #flops :          39609704448
  #bytes :          1426888948
  arith. intensity: 27.76
  time (eval):      0.294988
  time (compile):   0.000112
  gflops (eval):    134.28
  gflops (total):   134.22
CSV_DATA: opt_einsum,torch,"af,fbg,gch,hdi,ie->abcde","100,72,128,128,3,71,305,32,3","(1,2),(0,3),(0,1),(0,1)",FP32,39609704448,27.759486471262512,0.00011181831359863281,0.29498767852783203,134.27579296083323,134.224913535803
*** input parameters ***
  einsum_str: af,fbg,gch,hdi,ie->abcde
  dim_sizes:  100,72,128,128,3,71,305,32,3
  cont_path:  (1,2),(0,3),(0,1),(0,1)
  backend:    torch
  dtype:      FP32
*** benchmarking opt_einsum expression ***
  #flops :          39609704448
  #bytes :          1426888948
  arith. intensity: 27.76
  time (eval):      0.291628
  time (compile):   0.000112
  gflops (eval):    135.82
  gflops (total):   135.77
CSV_DATA: opt_einsum,torch,"af,fbg,gch,hdi,ie->abcde","100,72,128,128,3,71,305,32,3","(1,2),(0,3),(0,1),(0,1)",FP32,39609704448,27.759486471262512,0.00011157989501953125,0.291628360748291,135.82253916033824,135.77059198907543
*** input parameters ***
  einsum_str: af,fbg,gch,hdi,ie->abcde
  dim_sizes:  100,72,128,128,3,71,305,32,3
  cont_path:  (1,2),(0,3),(0,1),(0,1)
  backend:    torch
  dtype:      FP32
*** benchmarking opt_einsum expression ***
  #flops :          39609704448
  #bytes :          1426888948
  arith. intensity: 27.76
  time (eval):      0.296750
  time (compile):   0.000098
  gflops (eval):    133.48
  gflops (total):   133.43
CSV_DATA: opt_einsum,torch,"af,fbg,gch,hdi,ie->abcde","100,72,128,128,3,71,305,32,3","(1,2),(0,3),(0,1),(0,1)",FP32,39609704448,27.759486471262512,9.751319885253906e-05,0.2967500686645508,133.4783328821238,133.4344858036496
*** input parameters ***
  einsum_str: af,fbg,gch,hdi,ie->abcde
  dim_sizes:  100,72,128,128,3,71,305,32,3
  cont_path:  (1,2),(0,3),(0,1),(0,1)
  backend:    torch
  dtype:      FP32
*** benchmarking opt_einsum expression ***
  #flops :          39609704448
  #bytes :          1426888948
  arith. intensity: 27.76
  time (eval):      0.294213
  time (compile):   0.000100
  gflops (eval):    134.63
  gflops (total):   134.58
CSV_DATA: opt_einsum,torch,"af,fbg,gch,hdi,ie->abcde","100,72,128,128,3,71,305,32,3","(1,2),(0,3),(0,1),(0,1)",FP32,39609704448,27.759486471262512,9.989738464355469e-05,0.29421281814575195,134.62943150348227,134.58373477550026
*** input parameters ***
  einsum_str: af,fbg,gch,hdi,ie->abcde
  dim_sizes:  100,72,128,128,3,71,305,32,3
  cont_path:  (1,2),(0,3),(0,1),(0,1)
  backend:    torch
  dtype:      FP32
*** benchmarking opt_einsum expression ***
  #flops :          39609704448
  #bytes :          1426888948
  arith. intensity: 27.76
  time (eval):      0.292426
  time (compile):   0.000108
  gflops (eval):    135.45
  gflops (total):   135.40
CSV_DATA: opt_einsum,torch,"af,fbg,gch,hdi,ie->abcde","100,72,128,128,3,71,305,32,3","(1,2),(0,3),(0,1),(0,1)",FP32,39609704448,27.759486471262512,0.00010776519775390625,0.29242634773254395,135.45190012846393,135.4020016716403
*** input parameters ***
  einsum_str: af,fbg,gch,hdi,ie->abcde
  dim_sizes:  100,72,128,128,3,71,305,32,3
  cont_path:  (1,2),(0,3),(0,1),(0,1)
  backend:    torch
  dtype:      FP32
*** benchmarking opt_einsum expression ***
  #flops :          39609704448
  #bytes :          1426888948
  arith. intensity: 27.76
  time (eval):      0.295991
  time (compile):   0.000099
  gflops (eval):    133.82
  gflops (total):   133.78
CSV_DATA: opt_einsum,torch,"af,fbg,gch,hdi,ie->abcde","100,72,128,128,3,71,305,32,3","(1,2),(0,3),(0,1),(0,1)",FP32,39609704448,27.759486471262512,9.942054748535156e-05,0.2959914207458496,133.82044772848508,133.7755138760235
*** input parameters ***
  einsum_str: af,fbg,gch,hdi,ie->abcde
  dim_sizes:  100,72,128,128,3,71,305,32,3
  cont_path:  (1,2),(0,3),(0,1),(0,1)
  backend:    torch
  dtype:      FP32
*** benchmarking opt_einsum expression ***
  #flops :          39609704448
  #bytes :          1426888948
  arith. intensity: 27.76
  time (eval):      0.294521
  time (compile):   0.000106
  gflops (eval):    134.49
  gflops (total):   134.44
CSV_DATA: opt_einsum,torch,"af,fbg,gch,hdi,ie->abcde","100,72,128,128,3,71,305,32,3","(1,2),(0,3),(0,1),(0,1)",FP32,39609704448,27.759486471262512,0.00010585784912109375,0.2945210933685303,134.4885148801105,134.44019389366355
*** input parameters ***
  einsum_str: af,fbg,gch,hdi,ie->abcde
  dim_sizes:  100,72,128,128,3,71,305,32,3
  cont_path:  (1,2),(0,3),(0,1),(0,1)
  backend:    torch
  dtype:      FP32
*** benchmarking opt_einsum expression ***
  #flops :          39609704448
  #bytes :          1426888948
  arith. intensity: 27.76
  time (eval):      0.294629
  time (compile):   0.000108
  gflops (eval):    134.44
  gflops (total):   134.39
CSV_DATA: opt_einsum,torch,"af,fbg,gch,hdi,ie->abcde","100,72,128,128,3,71,305,32,3","(1,2),(0,3),(0,1),(0,1)",FP32,39609704448,27.759486471262512,0.00010800361633300781,0.2946288585662842,134.43932356371263,134.39005950826086
*** input parameters ***
  einsum_str: af,fbg,gch,hdi,ie->abcde
  dim_sizes:  100,72,128,128,3,71,305,32,3
  cont_path:  (1,2),(0,3),(0,1),(0,1)
  backend:    torch
  dtype:      FP32
*** benchmarking opt_einsum expression ***
  #flops :          39609704448
  #bytes :          1426888948
  arith. intensity: 27.76
  time (eval):      0.294011
  time (compile):   0.000112
  gflops (eval):    134.72
  gflops (total):   134.67
CSV_DATA: opt_einsum,torch,"af,fbg,gch,hdi,ie->abcde","100,72,128,128,3,71,305,32,3","(1,2),(0,3),(0,1),(0,1)",FP32,39609704448,27.759486471262512,0.00011205673217773438,0.29401135444641113,134.72168284990363,134.6703558525961
*** input parameters ***
  einsum_str: af,fbg,gch,hdi,ie->abcde
  dim_sizes:  100,72,128,128,3,71,305,32,3
  cont_path:  (1,2),(0,3),(0,1),(0,1)
  backend:    torch
  dtype:      FP32
*** benchmarking opt_einsum expression ***
  #flops :          39609704448
  #bytes :          1426888948
  arith. intensity: 27.76
  time (eval):      0.293746
  time (compile):   0.000100
  gflops (eval):    134.84
  gflops (total):   134.80
CSV_DATA: opt_einsum,torch,"af,fbg,gch,hdi,ie->abcde","100,72,128,128,3,71,305,32,3","(1,2),(0,3),(0,1),(0,1)",FP32,39609704448,27.759486471262512,9.965896606445312e-05,0.2937459945678711,134.8433857158452,134.79765302509594
*** input parameters ***
  einsum_str: af,fbg,gch,hdi,ie->abcde
  dim_sizes:  100,72,128,128,3,71,305,32,3
  cont_path:  (1,2),(0,3),(0,1),(0,1)
  backend:    torch
  dtype:      FP32
*** benchmarking opt_einsum expression ***
  #flops :          39609704448
  #bytes :          1426888948
  arith. intensity: 27.76
  time (eval):      0.294770
  time (compile):   0.000103
  gflops (eval):    134.37
  gflops (total):   134.33
CSV_DATA: opt_einsum,torch,"af,fbg,gch,hdi,ie->abcde","100,72,128,128,3,71,305,32,3","(1,2),(0,3),(0,1),(0,1)",FP32,39609704448,27.759486471262512,0.00010251998901367188,0.2947704792022705,134.37473303023657,134.32801428626288
*** input parameters ***
  einsum_str: af,fbg,gch,hdi,ie->abcde
  dim_sizes:  100,72,128,128,3,71,305,32,3
  cont_path:  (1,2),(0,3),(0,1),(0,1)
  backend:    torch
  dtype:      FP32
*** benchmarking opt_einsum expression ***
  #flops :          39609704448
  #bytes :          1426888948
  arith. intensity: 27.76
  time (eval):      0.293757
  time (compile):   0.000100
  gflops (eval):    134.84
  gflops (total):   134.79
CSV_DATA: opt_einsum,torch,"af,fbg,gch,hdi,ie->abcde","100,72,128,128,3,71,305,32,3","(1,2),(0,3),(0,1),(0,1)",FP32,39609704448,27.759486471262512,0.00010013580322265625,0.29375672340393066,134.83846084957386,134.79251277261247
*** input parameters ***
  einsum_str: af,fbg,gch,hdi,ie->abcde
  dim_sizes:  100,72,128,128,3,71,305,32,3
  cont_path:  (1,2),(0,3),(0,1),(0,1)
  backend:    torch
  dtype:      FP32
*** benchmarking opt_einsum expression ***
  #flops :          39609704448
  #bytes :          1426888948
  arith. intensity: 27.76
  time (eval):      0.293116
  time (compile):   0.000113
  gflops (eval):    135.13
  gflops (total):   135.08
CSV_DATA: opt_einsum,torch,"af,fbg,gch,hdi,ie->abcde","100,72,128,128,3,71,305,32,3","(1,2),(0,3),(0,1),(0,1)",FP32,39609704448,27.759486471262512,0.00011348724365234375,0.29311585426330566,135.13327195334392,135.08097192606527
*** input parameters ***
  einsum_str: af,fbg,gch,hdi,ie->abcde
  dim_sizes:  100,72,128,128,3,71,305,32,3
  cont_path:  (1,2),(0,3),(0,1),(0,1)
  backend:    torch
  dtype:      FP32
*** benchmarking opt_einsum expression ***
  #flops :          39609704448
  #bytes :          1426888948
  arith. intensity: 27.76
  time (eval):      0.293829
  time (compile):   0.000101
  gflops (eval):    134.81
  gflops (total):   134.76
CSV_DATA: opt_einsum,torch,"af,fbg,gch,hdi,ie->abcde","100,72,128,128,3,71,305,32,3","(1,2),(0,3),(0,1),(0,1)",FP32,39609704448,27.759486471262512,0.00010132789611816406,0.29382872581481934,134.8054188308442,134.75894672190876
*** input parameters ***
  einsum_str: af,fbg,gch,hdi,ie->abcde
  dim_sizes:  100,72,128,128,3,71,305,32,3
  cont_path:  (1,2),(0,3),(0,1),(0,1)
  backend:    torch
  dtype:      FP32
*** benchmarking opt_einsum expression ***
  #flops :          39609704448
  #bytes :          1426888948
  arith. intensity: 27.76
  time (eval):      0.292064
  time (compile):   0.000115
  gflops (eval):    135.62
  gflops (total):   135.57
CSV_DATA: opt_einsum,torch,"af,fbg,gch,hdi,ie->abcde","100,72,128,128,3,71,305,32,3","(1,2),(0,3),(0,1),(0,1)",FP32,39609704448,27.759486471262512,0.00011539459228515625,0.29206371307373047,135.62008108142032,135.5665186481338
*** input parameters ***
  einsum_str: af,fbg,gch,hdi,ie->abcde
  dim_sizes:  100,72,128,128,3,71,305,32,3
  cont_path:  (1,2),(0,3),(0,1),(0,1)
  backend:    torch
  dtype:      FP32
*** benchmarking opt_einsum expression ***
  #flops :          39609704448
  #bytes :          1426888948
  arith. intensity: 27.76
  time (eval):      0.294129
  time (compile):   0.000110
  gflops (eval):    134.67
  gflops (total):   134.62
CSV_DATA: opt_einsum,torch,"af,fbg,gch,hdi,ie->abcde","100,72,128,128,3,71,305,32,3","(1,2),(0,3),(0,1),(0,1)",FP32,39609704448,27.759486471262512,0.00011014938354492188,0.2941293716430664,134.66762678862077,134.6172135877616
*** input parameters ***
  einsum_str: af,fbg,gch,hdi,ie->abcde
  dim_sizes:  100,72,128,128,3,71,305,32,3
  cont_path:  (1,2),(0,3),(0,1),(0,1)
  backend:    torch
  dtype:      FP32
*** benchmarking opt_einsum expression ***
  #flops :          39609704448
  #bytes :          1426888948
  arith. intensity: 27.76
  time (eval):      0.291767
  time (compile):   0.000110
  gflops (eval):    135.76
  gflops (total):   135.71
CSV_DATA: opt_einsum,torch,"af,fbg,gch,hdi,ie->abcde","100,72,128,128,3,71,305,32,3","(1,2),(0,3),(0,1),(0,1)",FP32,39609704448,27.759486471262512,0.00011038780212402344,0.291766881942749,135.75805514408,135.7067115319478
*** input parameters ***
  einsum_str: af,fbg,gch,hdi,ie->abcde
  dim_sizes:  100,72,128,128,3,71,305,32,3
  cont_path:  (1,2),(0,3),(0,1),(0,1)
  backend:    torch
  dtype:      FP32
*** benchmarking opt_einsum expression ***
  #flops :          39609704448
  #bytes :          1426888948
  arith. intensity: 27.76
  time (eval):      0.293339
  time (compile):   0.000100
  gflops (eval):    135.03
  gflops (total):   134.98
CSV_DATA: opt_einsum,torch,"af,fbg,gch,hdi,ie->abcde","100,72,128,128,3,71,305,32,3","(1,2),(0,3),(0,1),(0,1)",FP32,39609704448,27.759486471262512,0.00010013580322265625,0.29333925247192383,135.0303585838419,134.984279652531
*** input parameters ***
  einsum_str: af,fbg,gch,hdi,ie->abcde
  dim_sizes:  100,72,128,128,3,71,305,32,3
  cont_path:  (1,2),(0,3),(0,1),(0,1)
  backend:    torch
  dtype:      FP32
*** benchmarking opt_einsum expression ***
  #flops :          39609704448
  #bytes :          1426888948
  arith. intensity: 27.76
  time (eval):      0.295527
  time (compile):   0.000101
  gflops (eval):    134.03
  gflops (total):   133.98
CSV_DATA: opt_einsum,torch,"af,fbg,gch,hdi,ie->abcde","100,72,128,128,3,71,305,32,3","(1,2),(0,3),(0,1),(0,1)",FP32,39609704448,27.759486471262512,0.00010132789611816406,0.29552745819091797,134.03053878807825,133.98459930873747
*** input parameters ***
  einsum_str: af,fbg,gch,hdi,ie->abcde
  dim_sizes:  100,72,128,128,3,71,305,32,3
  cont_path:  (1,2),(0,3),(0,1),(0,1)
  backend:    torch
  dtype:      FP32
*** benchmarking opt_einsum expression ***
  #flops :          39609704448
  #bytes :          1426888948
  arith. intensity: 27.76
  time (eval):      0.293874
  time (compile):   0.000100
  gflops (eval):    134.78
  gflops (total):   134.74
CSV_DATA: opt_einsum,torch,"af,fbg,gch,hdi,ie->abcde","100,72,128,128,3,71,305,32,3","(1,2),(0,3),(0,1),(0,1)",FP32,39609704448,27.759486471262512,9.989738464355469e-05,0.29387354850769043,134.78485780411586,134.739055521725
*** input parameters ***
  einsum_str: af,fbg,gch,hdi,ie->abcde
  dim_sizes:  100,72,128,128,3,71,305,32,3
  cont_path:  (1,2),(0,3),(0,1),(0,1)
  backend:    torch
  dtype:      FP32
*** benchmarking opt_einsum expression ***
  #flops :          39609704448
  #bytes :          1426888948
  arith. intensity: 27.76
  time (eval):      0.295144
  time (compile):   0.000102
  gflops (eval):    134.20
  gflops (total):   134.16
CSV_DATA: opt_einsum,torch,"af,fbg,gch,hdi,ie->abcde","100,72,128,128,3,71,305,32,3","(1,2),(0,3),(0,1),(0,1)",FP32,39609704448,27.759486471262512,0.00010156631469726562,0.29514408111572266,134.2046376070455,134.15847038806817
*** input parameters ***
  einsum_str: af,fbg,gch,hdi,ie->abcde
  dim_sizes:  100,72,128,128,3,71,305,32,3
  cont_path:  (1,2),(0,3),(0,1),(0,1)
  backend:    torch
  dtype:      FP32
*** benchmarking opt_einsum expression ***
  #flops :          39609704448
  #bytes :          1426888948
  arith. intensity: 27.76
  time (eval):      0.295188
  time (compile):   0.000100
  gflops (eval):    134.18
  gflops (total):   134.14
CSV_DATA: opt_einsum,torch,"af,fbg,gch,hdi,ie->abcde","100,72,128,128,3,71,305,32,3","(1,2),(0,3),(0,1),(0,1)",FP32,39609704448,27.759486471262512,9.989738464355469e-05,0.29518795013427734,134.1846929387939,134.1392975728944
*** input parameters ***
  einsum_str: af,fbg,gch,hdi,ie->abcde
  dim_sizes:  100,72,128,128,3,71,305,32,3
  cont_path:  (1,2),(0,3),(0,1),(0,1)
  backend:    torch
  dtype:      FP32
*** benchmarking opt_einsum expression ***
  #flops :          39609704448
  #bytes :          1426888948
  arith. intensity: 27.76
  time (eval):      0.293793
  time (compile):   0.000109
  gflops (eval):    134.82
  gflops (total):   134.77
CSV_DATA: opt_einsum,torch,"af,fbg,gch,hdi,ie->abcde","100,72,128,128,3,71,305,32,3","(1,2),(0,3),(0,1),(0,1)",FP32,39609704448,27.759486471262512,0.0001087188720703125,0.2937932014465332,134.8217189947756,134.7718463528963
*** input parameters ***
  einsum_str: af,fbg,gch,hdi,ie->abcde
  dim_sizes:  100,72,128,128,3,71,305,32,3
  cont_path:  (1,2),(0,3),(0,1),(0,1)
  backend:    torch
  dtype:      FP32
*** benchmarking opt_einsum expression ***
  #flops :          39609704448
  #bytes :          1426888948
  arith. intensity: 27.76
  time (eval):      0.297172
  time (compile):   0.000109
  gflops (eval):    133.29
  gflops (total):   133.24
CSV_DATA: opt_einsum,torch,"af,fbg,gch,hdi,ie->abcde","100,72,128,128,3,71,305,32,3","(1,2),(0,3),(0,1),(0,1)",FP32,39609704448,27.759486471262512,0.00010895729064941406,0.29717183113098145,133.28889315401375,133.24004103427595
*** input parameters ***
  einsum_str: af,fbg,gch,hdi,ie->abcde
  dim_sizes:  100,72,128,128,3,71,305,32,3
  cont_path:  (1,2),(0,3),(0,1),(0,1)
  backend:    torch
  dtype:      FP32
*** benchmarking opt_einsum expression ***
  #flops :          39609704448
  #bytes :          1426888948
  arith. intensity: 27.76
  time (eval):      0.294315
  time (compile):   0.000099
  gflops (eval):    134.58
  gflops (total):   134.54
CSV_DATA: opt_einsum,torch,"af,fbg,gch,hdi,ie->abcde","100,72,128,128,3,71,305,32,3","(1,2),(0,3),(0,1),(0,1)",FP32,39609704448,27.759486471262512,9.942054748535156e-05,0.2943146228790283,134.58286258607245,134.53741535901517
*** input parameters ***
  einsum_str: af,fbg,gch,hdi,ie->abcde
  dim_sizes:  100,72,128,128,3,71,305,32,3
  cont_path:  (1,2),(0,3),(0,1),(0,1)
  backend:    torch
  dtype:      FP32
*** benchmarking opt_einsum expression ***
  #flops :          39609704448
  #bytes :          1426888948
  arith. intensity: 27.76
  time (eval):      0.295014
  time (compile):   0.000104
  gflops (eval):    134.26
  gflops (total):   134.22
CSV_DATA: opt_einsum,torch,"af,fbg,gch,hdi,ie->abcde","100,72,128,128,3,71,305,32,3","(1,2),(0,3),(0,1),(0,1)",FP32,39609704448,27.759486471262512,0.00010442733764648438,0.2950136661529541,134.26396466482262,134.21645545179547
*** input parameters ***
  einsum_str: af,fbg,gch,hdi,ie->abcde
  dim_sizes:  100,72,128,128,3,71,305,32,3
  cont_path:  (1,2),(0,3),(0,1),(0,1)
  backend:    torch
  dtype:      FP32
*** benchmarking opt_einsum expression ***
  #flops :          39609704448
  #bytes :          1426888948
  arith. intensity: 27.76
  time (eval):      0.292470
  time (compile):   0.000109
  gflops (eval):    135.43
  gflops (total):   135.38
CSV_DATA: opt_einsum,torch,"af,fbg,gch,hdi,ie->abcde","100,72,128,128,3,71,305,32,3","(1,2),(0,3),(0,1),(0,1)",FP32,39609704448,27.759486471262512,0.00010943412780761719,0.29247021675109863,135.43158304460488,135.3809273099235
*** input parameters ***
  einsum_str: af,fbg,gch,hdi,ie->abcde
  dim_sizes:  100,72,128,128,3,71,305,32,3
  cont_path:  (1,2),(0,3),(0,1),(0,1)
  backend:    torch
  dtype:      FP32
*** benchmarking opt_einsum expression ***
  #flops :          39609704448
  #bytes :          1426888948
  arith. intensity: 27.76
  time (eval):      0.296723
  time (compile):   0.000107
  gflops (eval):    133.49
  gflops (total):   133.44
CSV_DATA: opt_einsum,torch,"af,fbg,gch,hdi,ie->abcde","100,72,128,128,3,71,305,32,3","(1,2),(0,3),(0,1),(0,1)",FP32,39609704448,27.759486471262512,0.00010728836059570312,0.2967233657836914,133.490344932509,133.44209533273485
*** input parameters ***
  einsum_str: af,fbg,gch,hdi,ie->abcde
  dim_sizes:  100,72,128,128,3,71,305,32,3
  cont_path:  (1,2),(0,3),(0,1),(0,1)
  backend:    torch
  dtype:      FP32
*** benchmarking opt_einsum expression ***
  #flops :          39609704448
  #bytes :          1426888948
  arith. intensity: 27.76
  time (eval):      0.293059
  time (compile):   0.000108
  gflops (eval):    135.16
  gflops (total):   135.11
CSV_DATA: opt_einsum,torch,"af,fbg,gch,hdi,ie->abcde","100,72,128,128,3,71,305,32,3","(1,2),(0,3),(0,1),(0,1)",FP32,39609704448,27.759486471262512,0.00010824203491210938,0.2930586338043213,135.1596570754775,135.10975390589877
*** input parameters ***
  einsum_str: af,fbg,gch,hdi,ie->abcde
  dim_sizes:  100,72,128,128,3,71,305,32,3
  cont_path:  (1,2),(0,3),(0,1),(0,1)
  backend:    torch
  dtype:      FP32
*** benchmarking opt_einsum expression ***
  #flops :          39609704448
  #bytes :          1426888948
  arith. intensity: 27.76
  time (eval):      0.295886
  time (compile):   0.000111
  gflops (eval):    133.87
  gflops (total):   133.82
CSV_DATA: opt_einsum,torch,"af,fbg,gch,hdi,ie->abcde","100,72,128,128,3,71,305,32,3","(1,2),(0,3),(0,1),(0,1)",FP32,39609704448,27.759486471262512,0.00011110305786132812,0.2958860397338867,133.86810842317564,133.8178607888382
*** input parameters ***
  einsum_str: af,fbg,gch,hdi,ie->abcde
  dim_sizes:  100,72,128,128,3,71,305,32,3
  cont_path:  (1,2),(0,3),(0,1),(0,1)
  backend:    torch
  dtype:      FP32
*** benchmarking opt_einsum expression ***
  #flops :          39609704448
  #bytes :          1426888948
  arith. intensity: 27.76
  time (eval):      0.299053
  time (compile):   0.000118
  gflops (eval):    132.45
  gflops (total):   132.40
CSV_DATA: opt_einsum,torch,"af,fbg,gch,hdi,ie->abcde","100,72,128,128,3,71,305,32,3","(1,2),(0,3),(0,1),(0,1)",FP32,39609704448,27.759486471262512,0.00011777877807617188,0.2990531921386719,132.45036498267126,132.39822141374276
*** input parameters ***
  einsum_str: af,fbg,gch,hdi,ie->abcde
  dim_sizes:  100,72,128,128,3,71,305,32,3
  cont_path:  (1,2),(0,3),(0,1),(0,1)
  backend:    torch
  dtype:      FP32
*** benchmarking opt_einsum expression ***
  #flops :          39609704448
  #bytes :          1426888948
  arith. intensity: 27.76
  time (eval):      0.291787
  time (compile):   0.000103
  gflops (eval):    135.75
  gflops (total):   135.70
CSV_DATA: opt_einsum,torch,"af,fbg,gch,hdi,ie->abcde","100,72,128,128,3,71,305,32,3","(1,2),(0,3),(0,1),(0,1)",FP32,39609704448,27.759486471262512,0.000102996826171875,0.29178714752197266,135.7486262996462,135.70072582086408
*** input parameters ***
  einsum_str: af,fbg,gch,hdi,ie->abcde
  dim_sizes:  100,72,128,128,3,71,305,32,3
  cont_path:  (1,2),(0,3),(0,1),(0,1)
  backend:    torch
  dtype:      FP32
*** benchmarking opt_einsum expression ***
  #flops :          39609704448
  #bytes :          1426888948
  arith. intensity: 27.76
  time (eval):      0.294427
  time (compile):   0.000106
  gflops (eval):    134.53
  gflops (total):   134.48
CSV_DATA: opt_einsum,torch,"af,fbg,gch,hdi,ie->abcde","100,72,128,128,3,71,305,32,3","(1,2),(0,3),(0,1),(0,1)",FP32,39609704448,27.759486471262512,0.00010609626770019531,0.29442715644836426,134.53142341150394,134.4829627308143
*** input parameters ***
  einsum_str: af,fbg,gch,hdi,ie->abcde
  dim_sizes:  100,72,128,128,3,71,305,32,3
  cont_path:  (1,2),(0,3),(0,1),(0,1)
  backend:    torch
  dtype:      FP32
*** benchmarking opt_einsum expression ***
  #flops :          39609704448
  #bytes :          1426888948
  arith. intensity: 27.76
  time (eval):      0.295336
  time (compile):   0.000101
  gflops (eval):    134.12
  gflops (total):   134.07
CSV_DATA: opt_einsum,torch,"af,fbg,gch,hdi,ie->abcde","100,72,128,128,3,71,305,32,3","(1,2),(0,3),(0,1),(0,1)",FP32,39609704448,27.759486471262512,0.00010085105895996094,0.2953364849090576,134.1172068875843,134.07142437910397
*** input parameters ***
  einsum_str: af,fbg,gch,hdi,ie->abcde
  dim_sizes:  100,72,128,128,3,71,305,32,3
  cont_path:  (1,2),(0,3),(0,1),(0,1)
  backend:    torch
  dtype:      FP32
*** benchmarking opt_einsum expression ***
  #flops :          39609704448
  #bytes :          1426888948
  arith. intensity: 27.76
  time (eval):      0.294806
  time (compile):   0.000104
  gflops (eval):    134.36
  gflops (total):   134.31
CSV_DATA: opt_einsum,torch,"af,fbg,gch,hdi,ie->abcde","100,72,128,128,3,71,305,32,3","(1,2),(0,3),(0,1),(0,1)",FP32,39609704448,27.759486471262512,0.00010395050048828125,0.29480576515197754,134.3586494232245,134.31129035666552
*** input parameters ***
  einsum_str: af,fbg,gch,hdi,ie->abcde
  dim_sizes:  100,72,128,128,3,71,305,32,3
  cont_path:  (1,2),(0,3),(0,1),(0,1)
  backend:    torch
  dtype:      FP32
*** benchmarking opt_einsum expression ***
  #flops :          39609704448
  #bytes :          1426888948
  arith. intensity: 27.76
  time (eval):      0.296463
  time (compile):   0.000110
  gflops (eval):    133.61
  gflops (total):   133.56
CSV_DATA: opt_einsum,torch,"af,fbg,gch,hdi,ie->abcde","100,72,128,128,3,71,305,32,3","(1,2),(0,3),(0,1),(0,1)",FP32,39609704448,27.759486471262512,0.00010991096496582031,0.2964634895324707,133.60736092820522,133.55784565157717
