*** input parameters ***
  einsum_str: af,fbg,gch,hdi,ie->abcde
  dim_sizes:  100,72,128,128,3,71,305,32,3
  cont_path:  (1,2),(0,3),(0,1),(0,1)
  backend:    torch
  dtype:      FP32
*** benchmarking opt_einsum expression ***
  #flops :          39609704448
  #bytes :          1426888948
  arith. intensity: 27.76
  time (eval):      0.082587
  time (compile):   0.000169
  gflops (eval):    479.61
  gflops (total):   478.63
CSV_DATA: opt_einsum,torch,"af,fbg,gch,hdi,ie->abcde","100,72,128,128,3,71,305,32,3","(1,2),(0,3),(0,1),(0,1)",FP32,39609704448,27.759486471262512,0.00016927719116210938,0.08258724212646484,479.61045105908903,478.62941523645287
*** input parameters ***
  einsum_str: af,fbg,gch,hdi,ie->abcde
  dim_sizes:  100,72,128,128,3,71,305,32,3
  cont_path:  (1,2),(0,3),(0,1),(0,1)
  backend:    torch
  dtype:      FP32
*** benchmarking opt_einsum expression ***
  #flops :          39609704448
  #bytes :          1426888948
  arith. intensity: 27.76
  time (eval):      0.083412
  time (compile):   0.000166
  gflops (eval):    474.87
  gflops (total):   473.92
CSV_DATA: opt_einsum,torch,"af,fbg,gch,hdi,ie->abcde","100,72,128,128,3,71,305,32,3","(1,2),(0,3),(0,1),(0,1)",FP32,39609704448,27.759486471262512,0.00016641616821289062,0.08341193199157715,474.8685649913941,473.92303533292886
*** input parameters ***
  einsum_str: af,fbg,gch,hdi,ie->abcde
  dim_sizes:  100,72,128,128,3,71,305,32,3
  cont_path:  (1,2),(0,3),(0,1),(0,1)
  backend:    torch
  dtype:      FP32
*** benchmarking opt_einsum expression ***
  #flops :          39609704448
  #bytes :          1426888948
  arith. intensity: 27.76
  time (eval):      0.087321
  time (compile):   0.000173
  gflops (eval):    453.61
  gflops (total):   452.71
CSV_DATA: opt_einsum,torch,"af,fbg,gch,hdi,ie->abcde","100,72,128,128,3,71,305,32,3","(1,2),(0,3),(0,1),(0,1)",FP32,39609704448,27.759486471262512,0.0001728534698486328,0.08732128143310547,453.6088316379547,452.7126817349976
*** input parameters ***
  einsum_str: af,fbg,gch,hdi,ie->abcde
  dim_sizes:  100,72,128,128,3,71,305,32,3
  cont_path:  (1,2),(0,3),(0,1),(0,1)
  backend:    torch
  dtype:      FP32
*** benchmarking opt_einsum expression ***
  #flops :          39609704448
  #bytes :          1426888948
  arith. intensity: 27.76
  time (eval):      0.082304
  time (compile):   0.000170
  gflops (eval):    481.26
  gflops (total):   480.27
CSV_DATA: opt_einsum,torch,"af,fbg,gch,hdi,ie->abcde","100,72,128,128,3,71,305,32,3","(1,2),(0,3),(0,1),(0,1)",FP32,39609704448,27.759486471262512,0.00017023086547851562,0.08230376243591309,481.26237823990886,480.2690261795734
*** input parameters ***
  einsum_str: af,fbg,gch,hdi,ie->abcde
  dim_sizes:  100,72,128,128,3,71,305,32,3
  cont_path:  (1,2),(0,3),(0,1),(0,1)
  backend:    torch
  dtype:      FP32
*** benchmarking opt_einsum expression ***
  #flops :          39609704448
  #bytes :          1426888948
  arith. intensity: 27.76
  time (eval):      0.081969
  time (compile):   0.000168
  gflops (eval):    483.23
  gflops (total):   482.24
CSV_DATA: opt_einsum,torch,"af,fbg,gch,hdi,ie->abcde","100,72,128,128,3,71,305,32,3","(1,2),(0,3),(0,1),(0,1)",FP32,39609704448,27.759486471262512,0.00016832351684570312,0.08196902275085449,483.22772577628524,482.2374504151247
*** input parameters ***
  einsum_str: af,fbg,gch,hdi,ie->abcde
  dim_sizes:  100,72,128,128,3,71,305,32,3
  cont_path:  (1,2),(0,3),(0,1),(0,1)
  backend:    torch
  dtype:      FP32
*** benchmarking opt_einsum expression ***
  #flops :          39609704448
  #bytes :          1426888948
  arith. intensity: 27.76
  time (eval):      0.080609
  time (compile):   0.000165
  gflops (eval):    491.38
  gflops (total):   490.38
CSV_DATA: opt_einsum,torch,"af,fbg,gch,hdi,ie->abcde","100,72,128,128,3,71,305,32,3","(1,2),(0,3),(0,1),(0,1)",FP32,39609704448,27.759486471262512,0.0001652240753173828,0.08060884475708008,491.3816165876882,490.37649112598683
*** input parameters ***
  einsum_str: af,fbg,gch,hdi,ie->abcde
  dim_sizes:  100,72,128,128,3,71,305,32,3
  cont_path:  (1,2),(0,3),(0,1),(0,1)
  backend:    torch
  dtype:      FP32
*** benchmarking opt_einsum expression ***
  #flops :          39609704448
  #bytes :          1426888948
  arith. intensity: 27.76
  time (eval):      0.080500
  time (compile):   0.000170
  gflops (eval):    492.05
  gflops (total):   491.01
CSV_DATA: opt_einsum,torch,"af,fbg,gch,hdi,ie->abcde","100,72,128,128,3,71,305,32,3","(1,2),(0,3),(0,1),(0,1)",FP32,39609704448,27.759486471262512,0.00016951560974121094,0.08049988746643066,492.04670583567815,491.012737637325
*** input parameters ***
  einsum_str: af,fbg,gch,hdi,ie->abcde
  dim_sizes:  100,72,128,128,3,71,305,32,3
  cont_path:  (1,2),(0,3),(0,1),(0,1)
  backend:    torch
  dtype:      FP32
*** benchmarking opt_einsum expression ***
  #flops :          39609704448
  #bytes :          1426888948
  arith. intensity: 27.76
  time (eval):      0.077129
  time (compile):   0.000170
  gflops (eval):    513.55
  gflops (total):   512.42
CSV_DATA: opt_einsum,torch,"af,fbg,gch,hdi,ie->abcde","100,72,128,128,3,71,305,32,3","(1,2),(0,3),(0,1),(0,1)",FP32,39609704448,27.759486471262512,0.00016999244689941406,0.07712888717651367,513.5521319962912,512.4227497341709
*** input parameters ***
  einsum_str: af,fbg,gch,hdi,ie->abcde
  dim_sizes:  100,72,128,128,3,71,305,32,3
  cont_path:  (1,2),(0,3),(0,1),(0,1)
  backend:    torch
  dtype:      FP32
*** benchmarking opt_einsum expression ***
  #flops :          39609704448
  #bytes :          1426888948
  arith. intensity: 27.76
  time (eval):      0.082682
  time (compile):   0.000172
  gflops (eval):    479.06
  gflops (total):   478.07
CSV_DATA: opt_einsum,torch,"af,fbg,gch,hdi,ie->abcde","100,72,128,128,3,71,305,32,3","(1,2),(0,3),(0,1),(0,1)",FP32,39609704448,27.759486471262512,0.00017189979553222656,0.08268165588378906,479.0627863533882,478.06885441714184
*** input parameters ***
  einsum_str: af,fbg,gch,hdi,ie->abcde
  dim_sizes:  100,72,128,128,3,71,305,32,3
  cont_path:  (1,2),(0,3),(0,1),(0,1)
  backend:    torch
  dtype:      FP32
*** benchmarking opt_einsum expression ***
  #flops :          39609704448
  #bytes :          1426888948
  arith. intensity: 27.76
  time (eval):      0.086181
  time (compile):   0.000170
  gflops (eval):    459.61
  gflops (total):   458.71
CSV_DATA: opt_einsum,torch,"af,fbg,gch,hdi,ie->abcde","100,72,128,128,3,71,305,32,3","(1,2),(0,3),(0,1),(0,1)",FP32,39609704448,27.759486471262512,0.00016999244689941406,0.0861806869506836,459.61230815746956,458.70750206406245
*** input parameters ***
  einsum_str: af,fbg,gch,hdi,ie->abcde
  dim_sizes:  100,72,128,128,3,71,305,32,3
  cont_path:  (1,2),(0,3),(0,1),(0,1)
  backend:    torch
  dtype:      FP32
*** benchmarking opt_einsum expression ***
  #flops :          39609704448
  #bytes :          1426888948
  arith. intensity: 27.76
  time (eval):      0.078610
  time (compile):   0.000170
  gflops (eval):    503.88
  gflops (total):   502.79
CSV_DATA: opt_einsum,torch,"af,fbg,gch,hdi,ie->abcde","100,72,128,128,3,71,305,32,3","(1,2),(0,3),(0,1),(0,1)",FP32,39609704448,27.759486471262512,0.0001704692840576172,0.07860994338989258,503.8765166327915,502.78620158964316
*** input parameters ***
  einsum_str: af,fbg,gch,hdi,ie->abcde
  dim_sizes:  100,72,128,128,3,71,305,32,3
  cont_path:  (1,2),(0,3),(0,1),(0,1)
  backend:    torch
  dtype:      FP32
*** benchmarking opt_einsum expression ***
  #flops :          39609704448
  #bytes :          1426888948
  arith. intensity: 27.76
  time (eval):      0.079656
  time (compile):   0.000176
  gflops (eval):    497.26
  gflops (total):   496.16
CSV_DATA: opt_einsum,torch,"af,fbg,gch,hdi,ie->abcde","100,72,128,128,3,71,305,32,3","(1,2),(0,3),(0,1),(0,1)",FP32,39609704448,27.759486471262512,0.0001761913299560547,0.07965636253356934,497.25725840553423,496.15980613263633
*** input parameters ***
  einsum_str: af,fbg,gch,hdi,ie->abcde
  dim_sizes:  100,72,128,128,3,71,305,32,3
  cont_path:  (1,2),(0,3),(0,1),(0,1)
  backend:    torch
  dtype:      FP32
*** benchmarking opt_einsum expression ***
  #flops :          39609704448
  #bytes :          1426888948
  arith. intensity: 27.76
  time (eval):      0.084197
  time (compile):   0.000159
  gflops (eval):    470.44
  gflops (total):   469.55
CSV_DATA: opt_einsum,torch,"af,fbg,gch,hdi,ie->abcde","100,72,128,128,3,71,305,32,3","(1,2),(0,3),(0,1),(0,1)",FP32,39609704448,27.759486471262512,0.00015926361083984375,0.0841972827911377,470.4392248174685,469.5510441981708
*** input parameters ***
  einsum_str: af,fbg,gch,hdi,ie->abcde
  dim_sizes:  100,72,128,128,3,71,305,32,3
  cont_path:  (1,2),(0,3),(0,1),(0,1)
  backend:    torch
  dtype:      FP32
*** benchmarking opt_einsum expression ***
  #flops :          39609704448
  #bytes :          1426888948
  arith. intensity: 27.76
  time (eval):      0.078032
  time (compile):   0.000165
  gflops (eval):    507.61
  gflops (total):   506.54
CSV_DATA: opt_einsum,torch,"af,fbg,gch,hdi,ie->abcde","100,72,128,128,3,71,305,32,3","(1,2),(0,3),(0,1),(0,1)",FP32,39609704448,27.759486471262512,0.0001647472381591797,0.07803225517272949,507.6068141350181,506.53737645683054
*** input parameters ***
  einsum_str: af,fbg,gch,hdi,ie->abcde
  dim_sizes:  100,72,128,128,3,71,305,32,3
  cont_path:  (1,2),(0,3),(0,1),(0,1)
  backend:    torch
  dtype:      FP32
*** benchmarking opt_einsum expression ***
  #flops :          39609704448
  #bytes :          1426888948
  arith. intensity: 27.76
  time (eval):      0.080398
  time (compile):   0.000166
  gflops (eval):    492.67
  gflops (total):   491.65
CSV_DATA: opt_einsum,torch,"af,fbg,gch,hdi,ie->abcde","100,72,128,128,3,71,305,32,3","(1,2),(0,3),(0,1),(0,1)",FP32,39609704448,27.759486471262512,0.00016617774963378906,0.0803983211517334,492.6683030264496,491.6520922756937
*** input parameters ***
  einsum_str: af,fbg,gch,hdi,ie->abcde
  dim_sizes:  100,72,128,128,3,71,305,32,3
  cont_path:  (1,2),(0,3),(0,1),(0,1)
  backend:    torch
  dtype:      FP32
*** benchmarking opt_einsum expression ***
  #flops :          39609704448
  #bytes :          1426888948
  arith. intensity: 27.76
  time (eval):      0.079641
  time (compile):   0.000163
  gflops (eval):    497.36
  gflops (total):   496.34
CSV_DATA: opt_einsum,torch,"af,fbg,gch,hdi,ie->abcde","100,72,128,128,3,71,305,32,3","(1,2),(0,3),(0,1),(0,1)",FP32,39609704448,27.759486471262512,0.0001633167266845703,0.07964062690734863,497.3555079379356,496.33768262935865
*** input parameters ***
  einsum_str: af,fbg,gch,hdi,ie->abcde
  dim_sizes:  100,72,128,128,3,71,305,32,3
  cont_path:  (1,2),(0,3),(0,1),(0,1)
  backend:    torch
  dtype:      FP32
*** benchmarking opt_einsum expression ***
  #flops :          39609704448
  #bytes :          1426888948
  arith. intensity: 27.76
  time (eval):      0.087574
  time (compile):   0.000175
  gflops (eval):    452.30
  gflops (total):   451.40
CSV_DATA: opt_einsum,torch,"af,fbg,gch,hdi,ie->abcde","100,72,128,128,3,71,305,32,3","(1,2),(0,3),(0,1),(0,1)",FP32,39609704448,27.759486471262512,0.0001747608184814453,0.08757400512695312,452.29979364971524,451.39899144143845
*** input parameters ***
  einsum_str: af,fbg,gch,hdi,ie->abcde
  dim_sizes:  100,72,128,128,3,71,305,32,3
  cont_path:  (1,2),(0,3),(0,1),(0,1)
  backend:    torch
  dtype:      FP32
*** benchmarking opt_einsum expression ***
  #flops :          39609704448
  #bytes :          1426888948
  arith. intensity: 27.76
  time (eval):      0.079496
  time (compile):   0.000165
  gflops (eval):    498.26
  gflops (total):   497.23
CSV_DATA: opt_einsum,torch,"af,fbg,gch,hdi,ie->abcde","100,72,128,128,3,71,305,32,3","(1,2),(0,3),(0,1),(0,1)",FP32,39609704448,27.759486471262512,0.0001647472381591797,0.07949638366699219,498.25794106463746,497.22749348313107
*** input parameters ***
  einsum_str: af,fbg,gch,hdi,ie->abcde
  dim_sizes:  100,72,128,128,3,71,305,32,3
  cont_path:  (1,2),(0,3),(0,1),(0,1)
  backend:    torch
  dtype:      FP32
*** benchmarking opt_einsum expression ***
  #flops :          39609704448
  #bytes :          1426888948
  arith. intensity: 27.76
  time (eval):      0.081587
  time (compile):   0.000167
  gflops (eval):    485.49
  gflops (total):   484.50
CSV_DATA: opt_einsum,torch,"af,fbg,gch,hdi,ie->abcde","100,72,128,128,3,71,305,32,3","(1,2),(0,3),(0,1),(0,1)",FP32,39609704448,27.759486471262512,0.00016736984252929688,0.08158707618713379,485.48993663099816,484.49602892090246
*** input parameters ***
  einsum_str: af,fbg,gch,hdi,ie->abcde
  dim_sizes:  100,72,128,128,3,71,305,32,3
  cont_path:  (1,2),(0,3),(0,1),(0,1)
  backend:    torch
  dtype:      FP32
*** benchmarking opt_einsum expression ***
  #flops :          39609704448
  #bytes :          1426888948
  arith. intensity: 27.76
  time (eval):      0.078047
  time (compile):   0.000180
  gflops (eval):    507.51
  gflops (total):   506.34
CSV_DATA: opt_einsum,torch,"af,fbg,gch,hdi,ie->abcde","100,72,128,128,3,71,305,32,3","(1,2),(0,3),(0,1),(0,1)",FP32,39609704448,27.759486471262512,0.00017976760864257812,0.07804727554321289,507.5091240829933,506.3428560262603
*** input parameters ***
  einsum_str: af,fbg,gch,hdi,ie->abcde
  dim_sizes:  100,72,128,128,3,71,305,32,3
  cont_path:  (1,2),(0,3),(0,1),(0,1)
  backend:    torch
  dtype:      FP32
*** benchmarking opt_einsum expression ***
  #flops :          39609704448
  #bytes :          1426888948
  arith. intensity: 27.76
  time (eval):      0.080059
  time (compile):   0.000169
  gflops (eval):    494.76
  gflops (total):   493.71
CSV_DATA: opt_einsum,torch,"af,fbg,gch,hdi,ie->abcde","100,72,128,128,3,71,305,32,3","(1,2),(0,3),(0,1),(0,1)",FP32,39609704448,27.759486471262512,0.00016927719116210938,0.08005905151367188,494.75610438921774,493.71219726796335
*** input parameters ***
  einsum_str: af,fbg,gch,hdi,ie->abcde
  dim_sizes:  100,72,128,128,3,71,305,32,3
  cont_path:  (1,2),(0,3),(0,1),(0,1)
  backend:    torch
  dtype:      FP32
*** benchmarking opt_einsum expression ***
  #flops :          39609704448
  #bytes :          1426888948
  arith. intensity: 27.76
  time (eval):      0.084335
  time (compile):   0.000171
  gflops (eval):    469.67
  gflops (total):   468.72
CSV_DATA: opt_einsum,torch,"af,fbg,gch,hdi,ie->abcde","100,72,128,128,3,71,305,32,3","(1,2),(0,3),(0,1),(0,1)",FP32,39609704448,27.759486471262512,0.0001709461212158203,0.0843348503112793,469.6718414961416,468.7217459649766
*** input parameters ***
  einsum_str: af,fbg,gch,hdi,ie->abcde
  dim_sizes:  100,72,128,128,3,71,305,32,3
  cont_path:  (1,2),(0,3),(0,1),(0,1)
  backend:    torch
  dtype:      FP32
*** benchmarking opt_einsum expression ***
  #flops :          39609704448
  #bytes :          1426888948
  arith. intensity: 27.76
  time (eval):      0.080300
  time (compile):   0.000167
  gflops (eval):    493.27
  gflops (total):   492.25
CSV_DATA: opt_einsum,torch,"af,fbg,gch,hdi,ie->abcde","100,72,128,128,3,71,305,32,3","(1,2),(0,3),(0,1),(0,1)",FP32,39609704448,27.759486471262512,0.0001671314239501953,0.08029985427856445,493.2724324827768,492.2478964781474
*** input parameters ***
  einsum_str: af,fbg,gch,hdi,ie->abcde
  dim_sizes:  100,72,128,128,3,71,305,32,3
  cont_path:  (1,2),(0,3),(0,1),(0,1)
  backend:    torch
  dtype:      FP32
*** benchmarking opt_einsum expression ***
  #flops :          39609704448
  #bytes :          1426888948
  arith. intensity: 27.76
  time (eval):      0.085134
  time (compile):   0.000162
  gflops (eval):    465.27
  gflops (total):   464.38
CSV_DATA: opt_einsum,torch,"af,fbg,gch,hdi,ie->abcde","100,72,128,128,3,71,305,32,3","(1,2),(0,3),(0,1),(0,1)",FP32,39609704448,27.759486471262512,0.00016164779663085938,0.08513355255126953,465.2654947547979,464.38374359214487
*** input parameters ***
  einsum_str: af,fbg,gch,hdi,ie->abcde
  dim_sizes:  100,72,128,128,3,71,305,32,3
  cont_path:  (1,2),(0,3),(0,1),(0,1)
  backend:    torch
  dtype:      FP32
*** benchmarking opt_einsum expression ***
  #flops :          39609704448
  #bytes :          1426888948
  arith. intensity: 27.76
  time (eval):      0.078377
  time (compile):   0.000162
  gflops (eval):    505.38
  gflops (total):   504.33
CSV_DATA: opt_einsum,torch,"af,fbg,gch,hdi,ie->abcde","100,72,128,128,3,71,305,32,3","(1,2),(0,3),(0,1),(0,1)",FP32,39609704448,27.759486471262512,0.00016188621520996094,0.07837677001953125,505.3755652105769,504.33387005772113
*** input parameters ***
  einsum_str: af,fbg,gch,hdi,ie->abcde
  dim_sizes:  100,72,128,128,3,71,305,32,3
  cont_path:  (1,2),(0,3),(0,1),(0,1)
  backend:    torch
  dtype:      FP32
*** benchmarking opt_einsum expression ***
  #flops :          39609704448
  #bytes :          1426888948
  arith. intensity: 27.76
  time (eval):      0.082882
  time (compile):   0.000178
  gflops (eval):    477.91
  gflops (total):   476.88
CSV_DATA: opt_einsum,torch,"af,fbg,gch,hdi,ie->abcde","100,72,128,128,3,71,305,32,3","(1,2),(0,3),(0,1),(0,1)",FP32,39609704448,27.759486471262512,0.00017786026000976562,0.08288168907165527,477.9065785417992,476.8832092964352
*** input parameters ***
  einsum_str: af,fbg,gch,hdi,ie->abcde
  dim_sizes:  100,72,128,128,3,71,305,32,3
  cont_path:  (1,2),(0,3),(0,1),(0,1)
  backend:    torch
  dtype:      FP32
*** benchmarking opt_einsum expression ***
  #flops :          39609704448
  #bytes :          1426888948
  arith. intensity: 27.76
  time (eval):      0.080749
  time (compile):   0.000164
  gflops (eval):    490.53
  gflops (total):   489.54
CSV_DATA: opt_einsum,torch,"af,fbg,gch,hdi,ie->abcde","100,72,128,128,3,71,305,32,3","(1,2),(0,3),(0,1),(0,1)",FP32,39609704448,27.759486471262512,0.00016355514526367188,0.0807492733001709,490.52707014164764,489.5355311267078
*** input parameters ***
  einsum_str: af,fbg,gch,hdi,ie->abcde
  dim_sizes:  100,72,128,128,3,71,305,32,3
  cont_path:  (1,2),(0,3),(0,1),(0,1)
  backend:    torch
  dtype:      FP32
*** benchmarking opt_einsum expression ***
  #flops :          39609704448
  #bytes :          1426888948
  arith. intensity: 27.76
  time (eval):      0.079166
  time (compile):   0.000169
  gflops (eval):    500.34
  gflops (total):   499.27
CSV_DATA: opt_einsum,torch,"af,fbg,gch,hdi,ie->abcde","100,72,128,128,3,71,305,32,3","(1,2),(0,3),(0,1),(0,1)",FP32,39609704448,27.759486471262512,0.00016927719116210938,0.07916569709777832,500.3392365645144,499.271661748326
*** input parameters ***
  einsum_str: af,fbg,gch,hdi,ie->abcde
  dim_sizes:  100,72,128,128,3,71,305,32,3
  cont_path:  (1,2),(0,3),(0,1),(0,1)
  backend:    torch
  dtype:      FP32
*** benchmarking opt_einsum expression ***
  #flops :          39609704448
  #bytes :          1426888948
  arith. intensity: 27.76
  time (eval):      0.079429
  time (compile):   0.000170
  gflops (eval):    498.68
  gflops (total):   497.61
CSV_DATA: opt_einsum,torch,"af,fbg,gch,hdi,ie->abcde","100,72,128,128,3,71,305,32,3","(1,2),(0,3),(0,1),(0,1)",FP32,39609704448,27.759486471262512,0.0001697540283203125,0.07942938804626465,498.678202391901,497.6147156320533
*** input parameters ***
  einsum_str: af,fbg,gch,hdi,ie->abcde
  dim_sizes:  100,72,128,128,3,71,305,32,3
  cont_path:  (1,2),(0,3),(0,1),(0,1)
  backend:    torch
  dtype:      FP32
*** benchmarking opt_einsum expression ***
  #flops :          39609704448
  #bytes :          1426888948
  arith. intensity: 27.76
  time (eval):      0.077129
  time (compile):   0.000170
  gflops (eval):    513.55
  gflops (total):   512.42
CSV_DATA: opt_einsum,torch,"af,fbg,gch,hdi,ie->abcde","100,72,128,128,3,71,305,32,3","(1,2),(0,3),(0,1),(0,1)",FP32,39609704448,27.759486471262512,0.00016951560974121094,0.07712936401367188,513.5489570610076,512.4227497341709
*** input parameters ***
  einsum_str: af,fbg,gch,hdi,ie->abcde
  dim_sizes:  100,72,128,128,3,71,305,32,3
  cont_path:  (1,2),(0,3),(0,1),(0,1)
  backend:    torch
  dtype:      FP32
*** benchmarking opt_einsum expression ***
  #flops :          39609704448
  #bytes :          1426888948
  arith. intensity: 27.76
  time (eval):      0.080064
  time (compile):   0.000168
  gflops (eval):    494.73
  gflops (total):   493.69
CSV_DATA: opt_einsum,torch,"af,fbg,gch,hdi,ie->abcde","100,72,128,128,3,71,305,32,3","(1,2),(0,3),(0,1),(0,1)",FP32,39609704448,27.759486471262512,0.00016808509826660156,0.0800635814666748,494.72811136342824,493.6916574696721
*** input parameters ***
  einsum_str: af,fbg,gch,hdi,ie->abcde
  dim_sizes:  100,72,128,128,3,71,305,32,3
  cont_path:  (1,2),(0,3),(0,1),(0,1)
  backend:    torch
  dtype:      FP32
*** benchmarking opt_einsum expression ***
  #flops :          39609704448
  #bytes :          1426888948
  arith. intensity: 27.76
  time (eval):      0.083202
  time (compile):   0.000166
  gflops (eval):    476.07
  gflops (total):   475.12
CSV_DATA: opt_einsum,torch,"af,fbg,gch,hdi,ie->abcde","100,72,128,128,3,71,305,32,3","(1,2),(0,3),(0,1),(0,1)",FP32,39609704448,27.759486471262512,0.00016641616821289062,0.08320164680480957,476.0687554769687,475.11844506711793
*** input parameters ***
  einsum_str: af,fbg,gch,hdi,ie->abcde
  dim_sizes:  100,72,128,128,3,71,305,32,3
  cont_path:  (1,2),(0,3),(0,1),(0,1)
  backend:    torch
  dtype:      FP32
*** benchmarking opt_einsum expression ***
  #flops :          39609704448
  #bytes :          1426888948
  arith. intensity: 27.76
  time (eval):      0.078772
  time (compile):   0.000162
  gflops (eval):    502.84
  gflops (total):   501.81
CSV_DATA: opt_einsum,torch,"af,fbg,gch,hdi,ie->abcde","100,72,128,128,3,71,305,32,3","(1,2),(0,3),(0,1),(0,1)",FP32,39609704448,27.759486471262512,0.00016164779663085938,0.07877159118652344,502.8425077031653,501.81273387822574
*** input parameters ***
  einsum_str: af,fbg,gch,hdi,ie->abcde
  dim_sizes:  100,72,128,128,3,71,305,32,3
  cont_path:  (1,2),(0,3),(0,1),(0,1)
  backend:    torch
  dtype:      FP32
*** benchmarking opt_einsum expression ***
  #flops :          39609704448
  #bytes :          1426888948
  arith. intensity: 27.76
  time (eval):      0.078694
  time (compile):   0.000168
  gflops (eval):    503.34
  gflops (total):   502.27
CSV_DATA: opt_einsum,torch,"af,fbg,gch,hdi,ie->abcde","100,72,128,128,3,71,305,32,3","(1,2),(0,3),(0,1),(0,1)",FP32,39609704448,27.759486471262512,0.00016808509826660156,0.07869362831115723,503.3406807903419,502.2678652993446
*** input parameters ***
  einsum_str: af,fbg,gch,hdi,ie->abcde
  dim_sizes:  100,72,128,128,3,71,305,32,3
  cont_path:  (1,2),(0,3),(0,1),(0,1)
  backend:    torch
  dtype:      FP32
*** benchmarking opt_einsum expression ***
  #flops :          39609704448
  #bytes :          1426888948
  arith. intensity: 27.76
  time (eval):      0.079698
  time (compile):   0.000168
  gflops (eval):    497.00
  gflops (total):   495.95
CSV_DATA: opt_einsum,torch,"af,fbg,gch,hdi,ie->abcde","100,72,128,128,3,71,305,32,3","(1,2),(0,3),(0,1),(0,1)",FP32,39609704448,27.759486471262512,0.0001678466796875,0.07969832420349121,496.99544932545626,495.9509640938919
*** input parameters ***
  einsum_str: af,fbg,gch,hdi,ie->abcde
  dim_sizes:  100,72,128,128,3,71,305,32,3
  cont_path:  (1,2),(0,3),(0,1),(0,1)
  backend:    torch
  dtype:      FP32
*** benchmarking opt_einsum expression ***
  #flops :          39609704448
  #bytes :          1426888948
  arith. intensity: 27.76
  time (eval):      0.082948
  time (compile):   0.000160
  gflops (eval):    477.52
  gflops (total):   476.61
CSV_DATA: opt_einsum,torch,"af,fbg,gch,hdi,ie->abcde","100,72,128,128,3,71,305,32,3","(1,2),(0,3),(0,1),(0,1)",FP32,39609704448,27.759486471262512,0.00015974044799804688,0.08294796943664551,477.5247027385443,476.60685757049106
*** input parameters ***
  einsum_str: af,fbg,gch,hdi,ie->abcde
  dim_sizes:  100,72,128,128,3,71,305,32,3
  cont_path:  (1,2),(0,3),(0,1),(0,1)
  backend:    torch
  dtype:      FP32
*** benchmarking opt_einsum expression ***
  #flops :          39609704448
  #bytes :          1426888948
  arith. intensity: 27.76
  time (eval):      0.078189
  time (compile):   0.000170
  gflops (eval):    506.59
  gflops (total):   505.49
CSV_DATA: opt_einsum,torch,"af,fbg,gch,hdi,ie->abcde","100,72,128,128,3,71,305,32,3","(1,2),(0,3),(0,1),(0,1)",FP32,39609704448,27.759486471262512,0.00016999244689941406,0.07818889617919922,506.5898917055881,505.49089123767106
*** input parameters ***
  einsum_str: af,fbg,gch,hdi,ie->abcde
  dim_sizes:  100,72,128,128,3,71,305,32,3
  cont_path:  (1,2),(0,3),(0,1),(0,1)
  backend:    torch
  dtype:      FP32
*** benchmarking opt_einsum expression ***
  #flops :          39609704448
  #bytes :          1426888948
  arith. intensity: 27.76
  time (eval):      0.081845
  time (compile):   0.000166
  gflops (eval):    483.96
  gflops (total):   482.98
CSV_DATA: opt_einsum,torch,"af,fbg,gch,hdi,ie->abcde","100,72,128,128,3,71,305,32,3","(1,2),(0,3),(0,1),(0,1)",FP32,39609704448,27.759486471262512,0.00016641616821289062,0.08184456825256348,483.96253158509853,482.9804778927324
*** input parameters ***
  einsum_str: af,fbg,gch,hdi,ie->abcde
  dim_sizes:  100,72,128,128,3,71,305,32,3
  cont_path:  (1,2),(0,3),(0,1),(0,1)
  backend:    torch
  dtype:      FP32
*** benchmarking opt_einsum expression ***
  #flops :          39609704448
  #bytes :          1426888948
  arith. intensity: 27.76
  time (eval):      0.077345
  time (compile):   0.000162
  gflops (eval):    512.12
  gflops (total):   511.05
CSV_DATA: opt_einsum,torch,"af,fbg,gch,hdi,ie->abcde","100,72,128,128,3,71,305,32,3","(1,2),(0,3),(0,1),(0,1)",FP32,39609704448,27.759486471262512,0.00016164779663085938,0.07734489440917969,512.1178941489243,511.0498200631962
*** input parameters ***
  einsum_str: af,fbg,gch,hdi,ie->abcde
  dim_sizes:  100,72,128,128,3,71,305,32,3
  cont_path:  (1,2),(0,3),(0,1),(0,1)
  backend:    torch
  dtype:      FP32
*** benchmarking opt_einsum expression ***
  #flops :          39609704448
  #bytes :          1426888948
  arith. intensity: 27.76
  time (eval):      0.078683
  time (compile):   0.000163
  gflops (eval):    503.41
  gflops (total):   502.37
CSV_DATA: opt_einsum,torch,"af,fbg,gch,hdi,ie->abcde","100,72,128,128,3,71,305,32,3","(1,2),(0,3),(0,1),(0,1)",FP32,39609704448,27.759486471262512,0.00016260147094726562,0.07868289947509766,503.40931399631603,502.37114321976946
*** input parameters ***
  einsum_str: af,fbg,gch,hdi,ie->abcde
  dim_sizes:  100,72,128,128,3,71,305,32,3
  cont_path:  (1,2),(0,3),(0,1),(0,1)
  backend:    torch
  dtype:      FP32
*** benchmarking opt_einsum expression ***
  #flops :          39609704448
  #bytes :          1426888948
  arith. intensity: 27.76
  time (eval):      0.085325
  time (compile):   0.000159
  gflops (eval):    464.22
  gflops (total):   463.36
CSV_DATA: opt_einsum,torch,"af,fbg,gch,hdi,ie->abcde","100,72,128,128,3,71,305,32,3","(1,2),(0,3),(0,1),(0,1)",FP32,39609704448,27.759486471262512,0.0001590251922607422,0.08532452583312988,464.22413791627906,463.36054097980775
*** input parameters ***
  einsum_str: af,fbg,gch,hdi,ie->abcde
  dim_sizes:  100,72,128,128,3,71,305,32,3
  cont_path:  (1,2),(0,3),(0,1),(0,1)
  backend:    torch
  dtype:      FP32
*** benchmarking opt_einsum expression ***
  #flops :          39609704448
  #bytes :          1426888948
  arith. intensity: 27.76
  time (eval):      0.081981
  time (compile):   0.000161
  gflops (eval):    483.16
  gflops (total):   482.21
CSV_DATA: opt_einsum,torch,"af,fbg,gch,hdi,ie->abcde","100,72,128,128,3,71,305,32,3","(1,2),(0,3),(0,1),(0,1)",FP32,39609704448,27.759486471262512,0.0001614093780517578,0.08198118209838867,483.1560540376561,482.20665718052715
*** input parameters ***
  einsum_str: af,fbg,gch,hdi,ie->abcde
  dim_sizes:  100,72,128,128,3,71,305,32,3
  cont_path:  (1,2),(0,3),(0,1),(0,1)
  backend:    torch
  dtype:      FP32
*** benchmarking opt_einsum expression ***
  #flops :          39609704448
  #bytes :          1426888948
  arith. intensity: 27.76
  time (eval):      0.079936
  time (compile):   0.000164
  gflops (eval):    495.52
  gflops (total):   494.50
CSV_DATA: opt_einsum,torch,"af,fbg,gch,hdi,ie->abcde","100,72,128,128,3,71,305,32,3","(1,2),(0,3),(0,1),(0,1)",FP32,39609704448,27.759486471262512,0.00016427040100097656,0.07993555068969727,495.52050503487953,494.50428114126913
*** input parameters ***
  einsum_str: af,fbg,gch,hdi,ie->abcde
  dim_sizes:  100,72,128,128,3,71,305,32,3
  cont_path:  (1,2),(0,3),(0,1),(0,1)
  backend:    torch
  dtype:      FP32
*** benchmarking opt_einsum expression ***
  #flops :          39609704448
  #bytes :          1426888948
  arith. intensity: 27.76
  time (eval):      0.079271
  time (compile):   0.000165
  gflops (eval):    499.67
  gflops (total):   498.64
CSV_DATA: opt_einsum,torch,"af,fbg,gch,hdi,ie->abcde","100,72,128,128,3,71,305,32,3","(1,2),(0,3),(0,1),(0,1)",FP32,39609704448,27.759486471262512,0.00016498565673828125,0.07927107810974121,499.67409794988737,498.6362940193236
*** input parameters ***
  einsum_str: af,fbg,gch,hdi,ie->abcde
  dim_sizes:  100,72,128,128,3,71,305,32,3
  cont_path:  (1,2),(0,3),(0,1),(0,1)
  backend:    torch
  dtype:      FP32
*** benchmarking opt_einsum expression ***
  #flops :          39609704448
  #bytes :          1426888948
  arith. intensity: 27.76
  time (eval):      0.081186
  time (compile):   0.000166
  gflops (eval):    487.89
  gflops (total):   486.89
CSV_DATA: opt_einsum,torch,"af,fbg,gch,hdi,ie->abcde","100,72,128,128,3,71,305,32,3","(1,2),(0,3),(0,1),(0,1)",FP32,39609704448,27.759486471262512,0.00016617774963378906,0.08118557929992676,487.89088886917307,486.89427105882
*** input parameters ***
  einsum_str: af,fbg,gch,hdi,ie->abcde
  dim_sizes:  100,72,128,128,3,71,305,32,3
  cont_path:  (1,2),(0,3),(0,1),(0,1)
  backend:    torch
  dtype:      FP32
*** benchmarking opt_einsum expression ***
  #flops :          39609704448
  #bytes :          1426888948
  arith. intensity: 27.76
  time (eval):      0.085168
  time (compile):   0.000165
  gflops (eval):    465.08
  gflops (total):   464.18
CSV_DATA: opt_einsum,torch,"af,fbg,gch,hdi,ie->abcde","100,72,128,128,3,71,305,32,3","(1,2),(0,3),(0,1),(0,1)",FP32,39609704448,27.759486471262512,0.0001652240753173828,0.08516788482666016,465.07794021909245,464.1774448121868
*** input parameters ***
  einsum_str: af,fbg,gch,hdi,ie->abcde
  dim_sizes:  100,72,128,128,3,71,305,32,3
  cont_path:  (1,2),(0,3),(0,1),(0,1)
  backend:    torch
  dtype:      FP32
*** benchmarking opt_einsum expression ***
  #flops :          39609704448
  #bytes :          1426888948
  arith. intensity: 27.76
  time (eval):      0.077958
  time (compile):   0.000160
  gflops (eval):    508.09
  gflops (total):   507.05
CSV_DATA: opt_einsum,torch,"af,fbg,gch,hdi,ie->abcde","100,72,128,128,3,71,305,32,3","(1,2),(0,3),(0,1),(0,1)",FP32,39609704448,27.759486471262512,0.00015974044799804688,0.07795834541320801,508.0880595663485,507.04909127414294
*** input parameters ***
  einsum_str: af,fbg,gch,hdi,ie->abcde
  dim_sizes:  100,72,128,128,3,71,305,32,3
  cont_path:  (1,2),(0,3),(0,1),(0,1)
  backend:    torch
  dtype:      FP32
*** benchmarking opt_einsum expression ***
  #flops :          39609704448
  #bytes :          1426888948
  arith. intensity: 27.76
  time (eval):      0.086285
  time (compile):   0.000171
  gflops (eval):    459.06
  gflops (total):   458.15
CSV_DATA: opt_einsum,torch,"af,fbg,gch,hdi,ie->abcde","100,72,128,128,3,71,305,32,3","(1,2),(0,3),(0,1),(0,1)",FP32,39609704448,27.759486471262512,0.0001709461212158203,0.08628463745117188,459.0585951110356,458.1509118475328
*** input parameters ***
  einsum_str: af,fbg,gch,hdi,ie->abcde
  dim_sizes:  100,72,128,128,3,71,305,32,3
  cont_path:  (1,2),(0,3),(0,1),(0,1)
  backend:    torch
  dtype:      FP32
*** benchmarking opt_einsum expression ***
  #flops :          39609704448
  #bytes :          1426888948
  arith. intensity: 27.76
  time (eval):      0.081870
  time (compile):   0.000175
  gflops (eval):    483.81
  gflops (total):   482.78
CSV_DATA: opt_einsum,torch,"af,fbg,gch,hdi,ie->abcde","100,72,128,128,3,71,305,32,3","(1,2),(0,3),(0,1),(0,1)",FP32,39609704448,27.759486471262512,0.00017499923706054688,0.08187031745910645,483.8103195066359,482.77837228277156
*** input parameters ***
  einsum_str: af,fbg,gch,hdi,ie->abcde
  dim_sizes:  100,72,128,128,3,71,305,32,3
  cont_path:  (1,2),(0,3),(0,1),(0,1)
  backend:    torch
  dtype:      FP32
*** benchmarking opt_einsum expression ***
  #flops :          39609704448
  #bytes :          1426888948
  arith. intensity: 27.76
  time (eval):      0.082042
  time (compile):   0.000168
  gflops (eval):    482.80
  gflops (total):   481.81
CSV_DATA: opt_einsum,torch,"af,fbg,gch,hdi,ie->abcde","100,72,128,128,3,71,305,32,3","(1,2),(0,3),(0,1),(0,1)",FP32,39609704448,27.759486471262512,0.00016808509826660156,0.08204221725463867,482.79661098214007,481.8094972813369
*** input parameters ***
  einsum_str: af,fbg,gch,hdi,ie->abcde
  dim_sizes:  100,72,128,128,3,71,305,32,3
  cont_path:  (1,2),(0,3),(0,1),(0,1)
  backend:    torch
  dtype:      FP32
*** benchmarking opt_einsum expression ***
  #flops :          39609704448
  #bytes :          1426888948
  arith. intensity: 27.76
  time (eval):      0.084919
  time (compile):   0.000175
  gflops (eval):    466.44
  gflops (total):   465.48
CSV_DATA: opt_einsum,torch,"af,fbg,gch,hdi,ie->abcde","100,72,128,128,3,71,305,32,3","(1,2),(0,3),(0,1),(0,1)",FP32,39609704448,27.759486471262512,0.0001747608184814453,0.08491873741149902,466.4424561102385,465.484499661157
*** input parameters ***
  einsum_str: af,fbg,gch,hdi,ie->abcde
  dim_sizes:  100,72,128,128,3,71,305,32,3
  cont_path:  (1,2),(0,3),(0,1),(0,1)
  backend:    torch
  dtype:      FP32
*** benchmarking opt_einsum expression ***
  #flops :          39609704448
  #bytes :          1426888948
  arith. intensity: 27.76
  time (eval):      0.081155
  time (compile):   0.000164
  gflops (eval):    488.08
  gflops (total):   487.09
CSV_DATA: opt_einsum,torch,"af,fbg,gch,hdi,ie->abcde","100,72,128,128,3,71,305,32,3","(1,2),(0,3),(0,1),(0,1)",FP32,39609704448,27.759486471262512,0.00016427040100097656,0.08115458488464355,488.07722329308757,487.0912694093522
*** input parameters ***
  einsum_str: af,fbg,gch,hdi,ie->abcde
  dim_sizes:  100,72,128,128,3,71,305,32,3
  cont_path:  (1,2),(0,3),(0,1),(0,1)
  backend:    torch
  dtype:      FP32
*** benchmarking opt_einsum expression ***
  #flops :          39609704448
  #bytes :          1426888948
  arith. intensity: 27.76
  time (eval):      0.083154
  time (compile):   0.000170
  gflops (eval):    476.34
  gflops (total):   475.37
CSV_DATA: opt_einsum,torch,"af,fbg,gch,hdi,ie->abcde","100,72,128,128,3,71,305,32,3","(1,2),(0,3),(0,1),(0,1)",FP32,39609704448,27.759486471262512,0.00016999244689941406,0.08315420150756836,476.3403860524701,475.3685882595467
*** input parameters ***
  einsum_str: af,fbg,gch,hdi,ie->abcde
  dim_sizes:  100,72,128,128,3,71,305,32,3
  cont_path:  (1,2),(0,3),(0,1),(0,1)
  backend:    torch
  dtype:      FP32
*** benchmarking opt_einsum expression ***
  #flops :          39609704448
  #bytes :          1426888948
  arith. intensity: 27.76
  time (eval):      0.079798
  time (compile):   0.000169
  gflops (eval):    496.37
  gflops (total):   495.33
CSV_DATA: opt_einsum,torch,"af,fbg,gch,hdi,ie->abcde","100,72,128,128,3,71,305,32,3","(1,2),(0,3),(0,1),(0,1)",FP32,39609704448,27.759486471262512,0.0001685619354248047,0.07979822158813477,496.37327323457026,495.3269683071636
*** input parameters ***
  einsum_str: af,fbg,gch,hdi,ie->abcde
  dim_sizes:  100,72,128,128,3,71,305,32,3
  cont_path:  (1,2),(0,3),(0,1),(0,1)
  backend:    torch
  dtype:      FP32
*** benchmarking opt_einsum expression ***
  #flops :          39609704448
  #bytes :          1426888948
  arith. intensity: 27.76
  time (eval):      0.080352
  time (compile):   0.000171
  gflops (eval):    492.95
  gflops (total):   491.91
CSV_DATA: opt_einsum,torch,"af,fbg,gch,hdi,ie->abcde","100,72,128,128,3,71,305,32,3","(1,2),(0,3),(0,1),(0,1)",FP32,39609704448,27.759486471262512,0.00017070770263671875,0.0803518295288086,492.95336123987954,491.9083005811172
*** input parameters ***
  einsum_str: af,fbg,gch,hdi,ie->abcde
  dim_sizes:  100,72,128,128,3,71,305,32,3
  cont_path:  (1,2),(0,3),(0,1),(0,1)
  backend:    torch
  dtype:      FP32
*** benchmarking opt_einsum expression ***
  #flops :          39609704448
  #bytes :          1426888948
  arith. intensity: 27.76
  time (eval):      0.081410
  time (compile):   0.000190
  gflops (eval):    486.55
  gflops (total):   485.41
CSV_DATA: opt_einsum,torch,"af,fbg,gch,hdi,ie->abcde","100,72,128,128,3,71,305,32,3","(1,2),(0,3),(0,1),(0,1)",FP32,39609704448,27.759486471262512,0.00019025802612304688,0.08140969276428223,486.547769719362,485.4133374386472
*** input parameters ***
  einsum_str: af,fbg,gch,hdi,ie->abcde
  dim_sizes:  100,72,128,128,3,71,305,32,3
  cont_path:  (1,2),(0,3),(0,1),(0,1)
  backend:    torch
  dtype:      FP32
*** benchmarking opt_einsum expression ***
  #flops :          39609704448
  #bytes :          1426888948
  arith. intensity: 27.76
  time (eval):      0.087207
  time (compile):   0.000174
  gflops (eval):    454.20
  gflops (total):   453.30
CSV_DATA: opt_einsum,torch,"af,fbg,gch,hdi,ie->abcde","100,72,128,128,3,71,305,32,3","(1,2),(0,3),(0,1),(0,1)",FP32,39609704448,27.759486471262512,0.00017380714416503906,0.08720684051513672,454.20409928880343,453.3006507623832
*** input parameters ***
  einsum_str: af,fbg,gch,hdi,ie->abcde
  dim_sizes:  100,72,128,128,3,71,305,32,3
  cont_path:  (1,2),(0,3),(0,1),(0,1)
  backend:    torch
  dtype:      FP32
*** benchmarking opt_einsum expression ***
  #flops :          39609704448
  #bytes :          1426888948
  arith. intensity: 27.76
  time (eval):      0.082053
  time (compile):   0.000175
  gflops (eval):    482.73
  gflops (total):   481.71
CSV_DATA: opt_einsum,torch,"af,fbg,gch,hdi,ie->abcde","100,72,128,128,3,71,305,32,3","(1,2),(0,3),(0,1),(0,1)",FP32,39609704448,27.759486471262512,0.00017523765563964844,0.08205270767211914,482.7348855601394,481.7061193748255
*** input parameters ***
  einsum_str: af,fbg,gch,hdi,ie->abcde
  dim_sizes:  100,72,128,128,3,71,305,32,3
  cont_path:  (1,2),(0,3),(0,1),(0,1)
  backend:    torch
  dtype:      FP32
*** benchmarking opt_einsum expression ***
  #flops :          39609704448
  #bytes :          1426888948
  arith. intensity: 27.76
  time (eval):      0.079607
  time (compile):   0.000175
  gflops (eval):    497.57
  gflops (total):   496.47
CSV_DATA: opt_einsum,torch,"af,fbg,gch,hdi,ie->abcde","100,72,128,128,3,71,305,32,3","(1,2),(0,3),(0,1),(0,1)",FP32,39609704448,27.759486471262512,0.00017547607421875,0.07960677146911621,497.56702497810454,496.4726573600897
*** input parameters ***
  einsum_str: af,fbg,gch,hdi,ie->abcde
  dim_sizes:  100,72,128,128,3,71,305,32,3
  cont_path:  (1,2),(0,3),(0,1),(0,1)
  backend:    torch
  dtype:      FP32
*** benchmarking opt_einsum expression ***
  #flops :          39609704448
  #bytes :          1426888948
  arith. intensity: 27.76
  time (eval):      0.079485
  time (compile):   0.000167
  gflops (eval):    498.33
  gflops (total):   497.28
CSV_DATA: opt_einsum,torch,"af,fbg,gch,hdi,ie->abcde","100,72,128,128,3,71,305,32,3","(1,2),(0,3),(0,1),(0,1)",FP32,39609704448,27.759486471262512,0.0001666545867919922,0.07948541641235352,498.3266897982045,497.2840498827071
*** input parameters ***
  einsum_str: af,fbg,gch,hdi,ie->abcde
  dim_sizes:  100,72,128,128,3,71,305,32,3
  cont_path:  (1,2),(0,3),(0,1),(0,1)
  backend:    torch
  dtype:      FP32
*** benchmarking opt_einsum expression ***
  #flops :          39609704448
  #bytes :          1426888948
  arith. intensity: 27.76
  time (eval):      0.083258
  time (compile):   0.000166
  gflops (eval):    475.74
  gflops (total):   474.80
CSV_DATA: opt_einsum,torch,"af,fbg,gch,hdi,ie->abcde","100,72,128,128,3,71,305,32,3","(1,2),(0,3),(0,1),(0,1)",FP32,39609704448,27.759486471262512,0.0001659393310546875,0.08325839042663574,475.7442973018152,474.7979943386792
*** input parameters ***
  einsum_str: af,fbg,gch,hdi,ie->abcde
  dim_sizes:  100,72,128,128,3,71,305,32,3
  cont_path:  (1,2),(0,3),(0,1),(0,1)
  backend:    torch
  dtype:      FP32
*** benchmarking opt_einsum expression ***
  #flops :          39609704448
  #bytes :          1426888948
  arith. intensity: 27.76
  time (eval):      0.082359
  time (compile):   0.000164
  gflops (eval):    480.94
  gflops (total):   479.98
CSV_DATA: opt_einsum,torch,"af,fbg,gch,hdi,ie->abcde","100,72,128,128,3,71,305,32,3","(1,2),(0,3),(0,1),(0,1)",FP32,39609704448,27.759486471262512,0.00016355514526367188,0.08235931396484375,480.93776576269164,479.9845773072933
*** input parameters ***
  einsum_str: af,fbg,gch,hdi,ie->abcde
  dim_sizes:  100,72,128,128,3,71,305,32,3
  cont_path:  (1,2),(0,3),(0,1),(0,1)
  backend:    torch
  dtype:      FP32
*** benchmarking opt_einsum expression ***
  #flops :          39609704448
  #bytes :          1426888948
  arith. intensity: 27.76
  time (eval):      0.089258
  time (compile):   0.000175
  gflops (eval):    443.77
  gflops (total):   442.90
CSV_DATA: opt_einsum,torch,"af,fbg,gch,hdi,ie->abcde","100,72,128,128,3,71,305,32,3","(1,2),(0,3),(0,1),(0,1)",FP32,39609704448,27.759486471262512,0.00017547607421875,0.08925795555114746,443.76665590668233,442.89594761301106
*** input parameters ***
  einsum_str: af,fbg,gch,hdi,ie->abcde
  dim_sizes:  100,72,128,128,3,71,305,32,3
  cont_path:  (1,2),(0,3),(0,1),(0,1)
  backend:    torch
  dtype:      FP32
*** benchmarking opt_einsum expression ***
  #flops :          39609704448
  #bytes :          1426888948
  arith. intensity: 27.76
  time (eval):      0.085644
  time (compile):   0.000174
  gflops (eval):    462.49
  gflops (total):   461.56
CSV_DATA: opt_einsum,torch,"af,fbg,gch,hdi,ie->abcde","100,72,128,128,3,71,305,32,3","(1,2),(0,3),(0,1),(0,1)",FP32,39609704448,27.759486471262512,0.00017404556274414062,0.08564376831054688,462.49371354578915,461.5557383748235
*** input parameters ***
  einsum_str: af,fbg,gch,hdi,ie->abcde
  dim_sizes:  100,72,128,128,3,71,305,32,3
  cont_path:  (1,2),(0,3),(0,1),(0,1)
  backend:    torch
  dtype:      FP32
*** benchmarking opt_einsum expression ***
  #flops :          39609704448
  #bytes :          1426888948
  arith. intensity: 27.76
  time (eval):      0.080549
  time (compile):   0.000166
  gflops (eval):    491.75
  gflops (total):   490.74
CSV_DATA: opt_einsum,torch,"af,fbg,gch,hdi,ie->abcde","100,72,128,128,3,71,305,32,3","(1,2),(0,3),(0,1),(0,1)",FP32,39609704448,27.759486471262512,0.00016570091247558594,0.08054924011230469,491.7452280465304,490.73571689582775
*** input parameters ***
  einsum_str: af,fbg,gch,hdi,ie->abcde
  dim_sizes:  100,72,128,128,3,71,305,32,3
  cont_path:  (1,2),(0,3),(0,1),(0,1)
  backend:    torch
  dtype:      FP32
*** benchmarking opt_einsum expression ***
  #flops :          39609704448
  #bytes :          1426888948
  arith. intensity: 27.76
  time (eval):      0.080841
  time (compile):   0.000160
  gflops (eval):    489.97
  gflops (total):   489.00
CSV_DATA: opt_einsum,torch,"af,fbg,gch,hdi,ie->abcde","100,72,128,128,3,71,305,32,3","(1,2),(0,3),(0,1),(0,1)",FP32,39609704448,27.759486471262512,0.00016021728515625,0.0808405876159668,489.97299025293955,489.00383763286317
*** input parameters ***
  einsum_str: af,fbg,gch,hdi,ie->abcde
  dim_sizes:  100,72,128,128,3,71,305,32,3
  cont_path:  (1,2),(0,3),(0,1),(0,1)
  backend:    torch
  dtype:      FP32
*** benchmarking opt_einsum expression ***
  #flops :          39609704448
  #bytes :          1426888948
  arith. intensity: 27.76
  time (eval):      0.079027
  time (compile):   0.000167
  gflops (eval):    501.22
  gflops (total):   500.16
CSV_DATA: opt_einsum,torch,"af,fbg,gch,hdi,ie->abcde","100,72,128,128,3,71,305,32,3","(1,2),(0,3),(0,1),(0,1)",FP32,39609704448,27.759486471262512,0.00016736984252929688,0.07902717590332031,501.2162461234529,500.1569751421404
*** input parameters ***
  einsum_str: af,fbg,gch,hdi,ie->abcde
  dim_sizes:  100,72,128,128,3,71,305,32,3
  cont_path:  (1,2),(0,3),(0,1),(0,1)
  backend:    torch
  dtype:      FP32
*** benchmarking opt_einsum expression ***
  #flops :          39609704448
  #bytes :          1426888948
  arith. intensity: 27.76
  time (eval):      0.092099
  time (compile):   0.000165
  gflops (eval):    430.08
  gflops (total):   429.31
CSV_DATA: opt_einsum,torch,"af,fbg,gch,hdi,ie->abcde","100,72,128,128,3,71,305,32,3","(1,2),(0,3),(0,1),(0,1)",FP32,39609704448,27.759486471262512,0.0001652240753173828,0.09209871292114258,430.07880557369907,429.308630624767
*** input parameters ***
  einsum_str: af,fbg,gch,hdi,ie->abcde
  dim_sizes:  100,72,128,128,3,71,305,32,3
  cont_path:  (1,2),(0,3),(0,1),(0,1)
  backend:    torch
  dtype:      FP32
*** benchmarking opt_einsum expression ***
  #flops :          39609704448
  #bytes :          1426888948
  arith. intensity: 27.76
  time (eval):      0.078188
  time (compile):   0.000165
  gflops (eval):    506.60
  gflops (total):   505.53
CSV_DATA: opt_einsum,torch,"af,fbg,gch,hdi,ie->abcde","100,72,128,128,3,71,305,32,3","(1,2),(0,3),(0,1),(0,1)",FP32,39609704448,27.759486471262512,0.00016450881958007812,0.07818794250488281,506.5960706860446,505.5324214934067
*** input parameters ***
  einsum_str: af,fbg,gch,hdi,ie->abcde
  dim_sizes:  100,72,128,128,3,71,305,32,3
  cont_path:  (1,2),(0,3),(0,1),(0,1)
  backend:    torch
  dtype:      FP32
*** benchmarking opt_einsum expression ***
  #flops :          39609704448
  #bytes :          1426888948
  arith. intensity: 27.76
  time (eval):      0.080539
  time (compile):   0.000160
  gflops (eval):    491.80
  gflops (total):   490.83
CSV_DATA: opt_einsum,torch,"af,fbg,gch,hdi,ie->abcde","100,72,128,128,3,71,305,32,3","(1,2),(0,3),(0,1),(0,1)",FP32,39609704448,27.759486471262512,0.0001595020294189453,0.08053946495056152,491.80491169532957,490.8328561111104
*** input parameters ***
  einsum_str: af,fbg,gch,hdi,ie->abcde
  dim_sizes:  100,72,128,128,3,71,305,32,3
  cont_path:  (1,2),(0,3),(0,1),(0,1)
  backend:    torch
  dtype:      FP32
*** benchmarking opt_einsum expression ***
  #flops :          39609704448
  #bytes :          1426888948
  arith. intensity: 27.76
  time (eval):      0.080659
  time (compile):   0.000162
  gflops (eval):    491.08
  gflops (total):   490.09
CSV_DATA: opt_einsum,torch,"af,fbg,gch,hdi,ie->abcde","100,72,128,128,3,71,305,32,3","(1,2),(0,3),(0,1),(0,1)",FP32,39609704448,27.759486471262512,0.00016188621520996094,0.0806589126586914,491.07659826271976,490.09295874197005
*** input parameters ***
  einsum_str: af,fbg,gch,hdi,ie->abcde
  dim_sizes:  100,72,128,128,3,71,305,32,3
  cont_path:  (1,2),(0,3),(0,1),(0,1)
  backend:    torch
  dtype:      FP32
*** benchmarking opt_einsum expression ***
  #flops :          39609704448
  #bytes :          1426888948
  arith. intensity: 27.76
  time (eval):      0.082714
  time (compile):   0.000164
  gflops (eval):    478.88
  gflops (total):   477.93
CSV_DATA: opt_einsum,torch,"af,fbg,gch,hdi,ie->abcde","100,72,128,128,3,71,305,32,3","(1,2),(0,3),(0,1),(0,1)",FP32,39609704448,27.759486471262512,0.00016379356384277344,0.08271360397338867,478.8777485834564,477.931325367763
*** input parameters ***
  einsum_str: af,fbg,gch,hdi,ie->abcde
  dim_sizes:  100,72,128,128,3,71,305,32,3
  cont_path:  (1,2),(0,3),(0,1),(0,1)
  backend:    torch
  dtype:      FP32
*** benchmarking opt_einsum expression ***
  #flops :          39609704448
  #bytes :          1426888948
  arith. intensity: 27.76
  time (eval):      0.080234
  time (compile):   0.000163
  gflops (eval):    493.68
  gflops (total):   492.67
CSV_DATA: opt_einsum,torch,"af,fbg,gch,hdi,ie->abcde","100,72,128,128,3,71,305,32,3","(1,2),(0,3),(0,1),(0,1)",FP32,39609704448,27.759486471262512,0.00016307830810546875,0.08023428916931152,493.6755202556235,492.6741470624155
*** input parameters ***
  einsum_str: af,fbg,gch,hdi,ie->abcde
  dim_sizes:  100,72,128,128,3,71,305,32,3
  cont_path:  (1,2),(0,3),(0,1),(0,1)
  backend:    torch
  dtype:      FP32
*** benchmarking opt_einsum expression ***
  #flops :          39609704448
  #bytes :          1426888948
  arith. intensity: 27.76
  time (eval):      0.080649
  time (compile):   0.000170
  gflops (eval):    491.14
  gflops (total):   490.11
CSV_DATA: opt_einsum,torch,"af,fbg,gch,hdi,ie->abcde","100,72,128,128,3,71,305,32,3","(1,2),(0,3),(0,1),(0,1)",FP32,39609704448,27.759486471262512,0.00016951560974121094,0.08064889907836914,491.13757163020875,490.10741674232827
*** input parameters ***
  einsum_str: af,fbg,gch,hdi,ie->abcde
  dim_sizes:  100,72,128,128,3,71,305,32,3
  cont_path:  (1,2),(0,3),(0,1),(0,1)
  backend:    torch
  dtype:      FP32
*** benchmarking opt_einsum expression ***
  #flops :          39609704448
  #bytes :          1426888948
  arith. intensity: 27.76
  time (eval):      0.084300
  time (compile):   0.000156
  gflops (eval):    469.86
  gflops (total):   468.99
CSV_DATA: opt_einsum,torch,"af,fbg,gch,hdi,ie->abcde","100,72,128,128,3,71,305,32,3","(1,2),(0,3),(0,1),(0,1)",FP32,39609704448,27.759486471262512,0.000156402587890625,0.08430027961730957,469.8644491787291,468.99432245943876
*** input parameters ***
  einsum_str: af,fbg,gch,hdi,ie->abcde
  dim_sizes:  100,72,128,128,3,71,305,32,3
  cont_path:  (1,2),(0,3),(0,1),(0,1)
  backend:    torch
  dtype:      FP32
*** benchmarking opt_einsum expression ***
  #flops :          39609704448
  #bytes :          1426888948
  arith. intensity: 27.76
  time (eval):      0.082823
  time (compile):   0.000159
  gflops (eval):    478.24
  gflops (total):   477.33
CSV_DATA: opt_einsum,torch,"af,fbg,gch,hdi,ie->abcde","100,72,128,128,3,71,305,32,3","(1,2),(0,3),(0,1),(0,1)",FP32,39609704448,27.759486471262512,0.0001590251922607422,0.08282327651977539,478.2436304429776,477.3271363989513
*** input parameters ***
  einsum_str: af,fbg,gch,hdi,ie->abcde
  dim_sizes:  100,72,128,128,3,71,305,32,3
  cont_path:  (1,2),(0,3),(0,1),(0,1)
  backend:    torch
  dtype:      FP32
*** benchmarking opt_einsum expression ***
  #flops :          39609704448
  #bytes :          1426888948
  arith. intensity: 27.76
  time (eval):      0.079310
  time (compile):   0.000163
  gflops (eval):    499.43
  gflops (total):   498.41
CSV_DATA: opt_einsum,torch,"af,fbg,gch,hdi,ie->abcde","100,72,128,128,3,71,305,32,3","(1,2),(0,3),(0,1),(0,1)",FP32,39609704448,27.759486471262512,0.00016260147094726562,0.07930994033813477,499.42925538873953,498.4074190448688
*** input parameters ***
  einsum_str: af,fbg,gch,hdi,ie->abcde
  dim_sizes:  100,72,128,128,3,71,305,32,3
  cont_path:  (1,2),(0,3),(0,1),(0,1)
  backend:    torch
  dtype:      FP32
*** benchmarking opt_einsum expression ***
  #flops :          39609704448
  #bytes :          1426888948
  arith. intensity: 27.76
  time (eval):      0.080426
  time (compile):   0.000161
  gflops (eval):    492.50
  gflops (total):   491.51
CSV_DATA: opt_einsum,torch,"af,fbg,gch,hdi,ie->abcde","100,72,128,128,3,71,305,32,3","(1,2),(0,3),(0,1),(0,1)",FP32,39609704448,27.759486471262512,0.00016117095947265625,0.08042597770690918,492.49888627213096,491.5139088985264
*** input parameters ***
  einsum_str: af,fbg,gch,hdi,ie->abcde
  dim_sizes:  100,72,128,128,3,71,305,32,3
  cont_path:  (1,2),(0,3),(0,1),(0,1)
  backend:    torch
  dtype:      FP32
*** benchmarking opt_einsum expression ***
  #flops :          39609704448
  #bytes :          1426888948
  arith. intensity: 27.76
  time (eval):      0.078530
  time (compile):   0.000161
  gflops (eval):    504.39
  gflops (total):   503.36
CSV_DATA: opt_einsum,torch,"af,fbg,gch,hdi,ie->abcde","100,72,128,128,3,71,305,32,3","(1,2),(0,3),(0,1),(0,1)",FP32,39609704448,27.759486471262512,0.00016069412231445312,0.07852983474731445,504.390523365447,503.36050623860547
*** input parameters ***
  einsum_str: af,fbg,gch,hdi,ie->abcde
  dim_sizes:  100,72,128,128,3,71,305,32,3
  cont_path:  (1,2),(0,3),(0,1),(0,1)
  backend:    torch
  dtype:      FP32
*** benchmarking opt_einsum expression ***
  #flops :          39609704448
  #bytes :          1426888948
  arith. intensity: 27.76
  time (eval):      0.084332
  time (compile):   0.000167
  gflops (eval):    469.69
  gflops (total):   468.76
CSV_DATA: opt_einsum,torch,"af,fbg,gch,hdi,ie->abcde","100,72,128,128,3,71,305,32,3","(1,2),(0,3),(0,1),(0,1)",FP32,39609704448,27.759486471262512,0.0001666545867919922,0.08433151245117188,469.6904312125803,468.76406715667457
*** input parameters ***
  einsum_str: af,fbg,gch,hdi,ie->abcde
  dim_sizes:  100,72,128,128,3,71,305,32,3
  cont_path:  (1,2),(0,3),(0,1),(0,1)
  backend:    torch
  dtype:      FP32
*** benchmarking opt_einsum expression ***
  #flops :          39609704448
  #bytes :          1426888948
  arith. intensity: 27.76
  time (eval):      0.079174
  time (compile):   0.000171
  gflops (eval):    500.29
  gflops (total):   499.21
CSV_DATA: opt_einsum,torch,"af,fbg,gch,hdi,ie->abcde","100,72,128,128,3,71,305,32,3","(1,2),(0,3),(0,1),(0,1)",FP32,39609704448,27.759486471262512,0.00017142295837402344,0.07917356491088867,500.28951573143723,499.20865213648017
*** input parameters ***
  einsum_str: af,fbg,gch,hdi,ie->abcde
  dim_sizes:  100,72,128,128,3,71,305,32,3
  cont_path:  (1,2),(0,3),(0,1),(0,1)
  backend:    torch
  dtype:      FP32
*** benchmarking opt_einsum expression ***
  #flops :          39609704448
  #bytes :          1426888948
  arith. intensity: 27.76
  time (eval):      0.080647
  time (compile):   0.000158
  gflops (eval):    491.15
  gflops (total):   490.19
CSV_DATA: opt_einsum,torch,"af,fbg,gch,hdi,ie->abcde","100,72,128,128,3,71,305,32,3","(1,2),(0,3),(0,1),(0,1)",FP32,39609704448,27.759486471262512,0.0001583099365234375,0.08064699172973633,491.1491873217018,490.18695099481357
*** input parameters ***
  einsum_str: af,fbg,gch,hdi,ie->abcde
  dim_sizes:  100,72,128,128,3,71,305,32,3
  cont_path:  (1,2),(0,3),(0,1),(0,1)
  backend:    torch
  dtype:      FP32
*** benchmarking opt_einsum expression ***
  #flops :          39609704448
  #bytes :          1426888948
  arith. intensity: 27.76
  time (eval):      0.079768
  time (compile):   0.000165
  gflops (eval):    496.56
  gflops (total):   495.54
CSV_DATA: opt_einsum,torch,"af,fbg,gch,hdi,ie->abcde","100,72,128,128,3,71,305,32,3","(1,2),(0,3),(0,1),(0,1)",FP32,39609704448,27.759486471262512,0.00016450881958007812,0.07976770401000977,496.5631760321135,495.5411972948285
*** input parameters ***
  einsum_str: af,fbg,gch,hdi,ie->abcde
  dim_sizes:  100,72,128,128,3,71,305,32,3
  cont_path:  (1,2),(0,3),(0,1),(0,1)
  backend:    torch
  dtype:      FP32
*** benchmarking opt_einsum expression ***
  #flops :          39609704448
  #bytes :          1426888948
  arith. intensity: 27.76
  time (eval):      0.081143
  time (compile):   0.000167
  gflops (eval):    488.15
  gflops (total):   487.14
CSV_DATA: opt_einsum,torch,"af,fbg,gch,hdi,ie->abcde","100,72,128,128,3,71,305,32,3","(1,2),(0,3),(0,1),(0,1)",FP32,39609704448,27.759486471262512,0.00016736984252929688,0.08114290237426758,488.14749397676485,487.14268650323777
*** input parameters ***
  einsum_str: af,fbg,gch,hdi,ie->abcde
  dim_sizes:  100,72,128,128,3,71,305,32,3
  cont_path:  (1,2),(0,3),(0,1),(0,1)
  backend:    torch
  dtype:      FP32
*** benchmarking opt_einsum expression ***
  #flops :          39609704448
  #bytes :          1426888948
  arith. intensity: 27.76
  time (eval):      0.085028
  time (compile):   0.000165
  gflops (eval):    465.84
  gflops (total):   464.94
CSV_DATA: opt_einsum,torch,"af,fbg,gch,hdi,ie->abcde","100,72,128,128,3,71,305,32,3","(1,2),(0,3),(0,1),(0,1)",FP32,39609704448,27.759486471262512,0.00016450881958007812,0.08502817153930664,465.8421289194642,464.94257817852764
*** input parameters ***
  einsum_str: af,fbg,gch,hdi,ie->abcde
  dim_sizes:  100,72,128,128,3,71,305,32,3
  cont_path:  (1,2),(0,3),(0,1),(0,1)
  backend:    torch
  dtype:      FP32
*** benchmarking opt_einsum expression ***
  #flops :          39609704448
  #bytes :          1426888948
  arith. intensity: 27.76
  time (eval):      0.089044
  time (compile):   0.000165
  gflops (eval):    444.83
  gflops (total):   444.01
CSV_DATA: opt_einsum,torch,"af,fbg,gch,hdi,ie->abcde","100,72,128,128,3,71,305,32,3","(1,2),(0,3),(0,1),(0,1)",FP32,39609704448,27.759486471262512,0.00016498565673828125,0.08904409408569336,444.83247153798675,444.00978647423415
*** input parameters ***
  einsum_str: af,fbg,gch,hdi,ie->abcde
  dim_sizes:  100,72,128,128,3,71,305,32,3
  cont_path:  (1,2),(0,3),(0,1),(0,1)
  backend:    torch
  dtype:      FP32
*** benchmarking opt_einsum expression ***
  #flops :          39609704448
  #bytes :          1426888948
  arith. intensity: 27.76
  time (eval):      0.085398
  time (compile):   0.000161
  gflops (eval):    463.82
  gflops (total):   462.95
CSV_DATA: opt_einsum,torch,"af,fbg,gch,hdi,ie->abcde","100,72,128,128,3,71,305,32,3","(1,2),(0,3),(0,1),(0,1)",FP32,39609704448,27.759486471262512,0.0001614093780517578,0.08539843559265137,463.82236598498605,462.9473611314153
*** input parameters ***
  einsum_str: af,fbg,gch,hdi,ie->abcde
  dim_sizes:  100,72,128,128,3,71,305,32,3
  cont_path:  (1,2),(0,3),(0,1),(0,1)
  backend:    torch
  dtype:      FP32
*** benchmarking opt_einsum expression ***
  #flops :          39609704448
  #bytes :          1426888948
  arith. intensity: 27.76
  time (eval):      0.091866
  time (compile):   0.000164
  gflops (eval):    431.17
  gflops (total):   430.40
CSV_DATA: opt_einsum,torch,"af,fbg,gch,hdi,ie->abcde","100,72,128,128,3,71,305,32,3","(1,2),(0,3),(0,1),(0,1)",FP32,39609704448,27.759486471262512,0.00016379356384277344,0.09186625480651855,431.1670757823189,430.39969172456154
*** input parameters ***
  einsum_str: af,fbg,gch,hdi,ie->abcde
  dim_sizes:  100,72,128,128,3,71,305,32,3
  cont_path:  (1,2),(0,3),(0,1),(0,1)
  backend:    torch
  dtype:      FP32
*** benchmarking opt_einsum expression ***
  #flops :          39609704448
  #bytes :          1426888948
  arith. intensity: 27.76
  time (eval):      0.081741
  time (compile):   0.000161
  gflops (eval):    484.58
  gflops (total):   483.62
CSV_DATA: opt_einsum,torch,"af,fbg,gch,hdi,ie->abcde","100,72,128,128,3,71,305,32,3","(1,2),(0,3),(0,1),(0,1)",FP32,39609704448,27.759486471262512,0.0001614093780517578,0.0817408561706543,484.5765790035882,483.62159682194266
*** input parameters ***
  einsum_str: af,fbg,gch,hdi,ie->abcde
  dim_sizes:  100,72,128,128,3,71,305,32,3
  cont_path:  (1,2),(0,3),(0,1),(0,1)
  backend:    torch
  dtype:      FP32
*** benchmarking opt_einsum expression ***
  #flops :          39609704448
  #bytes :          1426888948
  arith. intensity: 27.76
  time (eval):      0.078698
  time (compile):   0.000166
  gflops (eval):    503.31
  gflops (total):   502.25
CSV_DATA: opt_einsum,torch,"af,fbg,gch,hdi,ie->abcde","100,72,128,128,3,71,305,32,3","(1,2),(0,3),(0,1),(0,1)",FP32,39609704448,27.759486471262512,0.00016617774963378906,0.07869791984558105,503.31323274771563,502.2526809512794
*** input parameters ***
  einsum_str: af,fbg,gch,hdi,ie->abcde
  dim_sizes:  100,72,128,128,3,71,305,32,3
  cont_path:  (1,2),(0,3),(0,1),(0,1)
  backend:    torch
  dtype:      FP32
*** benchmarking opt_einsum expression ***
  #flops :          39609704448
  #bytes :          1426888948
  arith. intensity: 27.76
  time (eval):      0.081155
  time (compile):   0.000161
  gflops (eval):    488.07
  gflops (total):   487.11
CSV_DATA: opt_einsum,torch,"af,fbg,gch,hdi,ie->abcde","100,72,128,128,3,71,305,32,3","(1,2),(0,3),(0,1),(0,1)",FP32,39609704448,27.759486471262512,0.00016117095947265625,0.08115506172180176,488.0743555316541,487.10697903644234
*** input parameters ***
  einsum_str: af,fbg,gch,hdi,ie->abcde
  dim_sizes:  100,72,128,128,3,71,305,32,3
  cont_path:  (1,2),(0,3),(0,1),(0,1)
  backend:    torch
  dtype:      FP32
*** benchmarking opt_einsum expression ***
  #flops :          39609704448
  #bytes :          1426888948
  arith. intensity: 27.76
  time (eval):      0.079512
  time (compile):   0.000163
  gflops (eval):    498.16
  gflops (total):   497.14
CSV_DATA: opt_einsum,torch,"af,fbg,gch,hdi,ie->abcde","100,72,128,128,3,71,305,32,3","(1,2),(0,3),(0,1),(0,1)",FP32,39609704448,27.759486471262512,0.00016307830810546875,0.07951188087463379,498.1608284484244,497.14119535540385
*** input parameters ***
  einsum_str: af,fbg,gch,hdi,ie->abcde
  dim_sizes:  100,72,128,128,3,71,305,32,3
  cont_path:  (1,2),(0,3),(0,1),(0,1)
  backend:    torch
  dtype:      FP32
*** benchmarking opt_einsum expression ***
  #flops :          39609704448
  #bytes :          1426888948
  arith. intensity: 27.76
  time (eval):      0.080121
  time (compile):   0.000168
  gflops (eval):    494.37
  gflops (total):   493.34
CSV_DATA: opt_einsum,torch,"af,fbg,gch,hdi,ie->abcde","100,72,128,128,3,71,305,32,3","(1,2),(0,3),(0,1),(0,1)",FP32,39609704448,27.759486471262512,0.00016832351684570312,0.08012127876281738,494.3718455275335,493.335417331279
*** input parameters ***
  einsum_str: af,fbg,gch,hdi,ie->abcde
  dim_sizes:  100,72,128,128,3,71,305,32,3
  cont_path:  (1,2),(0,3),(0,1),(0,1)
  backend:    torch
  dtype:      FP32
*** benchmarking opt_einsum expression ***
  #flops :          39609704448
  #bytes :          1426888948
  arith. intensity: 27.76
  time (eval):      0.084754
  time (compile):   0.000160
  gflops (eval):    467.35
  gflops (total):   466.47
CSV_DATA: opt_einsum,torch,"af,fbg,gch,hdi,ie->abcde","100,72,128,128,3,71,305,32,3","(1,2),(0,3),(0,1),(0,1)",FP32,39609704448,27.759486471262512,0.00016045570373535156,0.08475351333618164,467.35176972410477,466.46864933824935
*** input parameters ***
  einsum_str: af,fbg,gch,hdi,ie->abcde
  dim_sizes:  100,72,128,128,3,71,305,32,3
  cont_path:  (1,2),(0,3),(0,1),(0,1)
  backend:    torch
  dtype:      FP32
*** benchmarking opt_einsum expression ***
  #flops :          39609704448
  #bytes :          1426888948
  arith. intensity: 27.76
  time (eval):      0.084271
  time (compile):   0.000163
  gflops (eval):    470.03
  gflops (total):   469.12
CSV_DATA: opt_einsum,torch,"af,fbg,gch,hdi,ie->abcde","100,72,128,128,3,71,305,32,3","(1,2),(0,3),(0,1),(0,1)",FP32,39609704448,27.759486471262512,0.0001633167266845703,0.08427143096923828,470.0252979263968,469.11615808514654
*** input parameters ***
  einsum_str: af,fbg,gch,hdi,ie->abcde
  dim_sizes:  100,72,128,128,3,71,305,32,3
  cont_path:  (1,2),(0,3),(0,1),(0,1)
  backend:    torch
  dtype:      FP32
*** benchmarking opt_einsum expression ***
  #flops :          39609704448
  #bytes :          1426888948
  arith. intensity: 27.76
  time (eval):      0.081714
  time (compile):   0.000166
  gflops (eval):    484.74
  gflops (total):   483.75
CSV_DATA: opt_einsum,torch,"af,fbg,gch,hdi,ie->abcde","100,72,128,128,3,71,305,32,3","(1,2),(0,3),(0,1),(0,1)",FP32,39609704448,27.759486471262512,0.00016641616821289062,0.08171367645263672,484.7377595470052,483.75256036183265
*** input parameters ***
  einsum_str: af,fbg,gch,hdi,ie->abcde
  dim_sizes:  100,72,128,128,3,71,305,32,3
  cont_path:  (1,2),(0,3),(0,1),(0,1)
  backend:    torch
  dtype:      FP32
*** benchmarking opt_einsum expression ***
  #flops :          39609704448
  #bytes :          1426888948
  arith. intensity: 27.76
  time (eval):      0.086062
  time (compile):   0.000163
  gflops (eval):    460.24
  gflops (total):   459.37
CSV_DATA: opt_einsum,torch,"af,fbg,gch,hdi,ie->abcde","100,72,128,128,3,71,305,32,3","(1,2),(0,3),(0,1),(0,1)",FP32,39609704448,27.759486471262512,0.0001633167266845703,0.08606243133544922,460.2438466281712,459.37211724109915
*** input parameters ***
  einsum_str: af,fbg,gch,hdi,ie->abcde
  dim_sizes:  100,72,128,128,3,71,305,32,3
  cont_path:  (1,2),(0,3),(0,1),(0,1)
  backend:    torch
  dtype:      FP32
*** benchmarking opt_einsum expression ***
  #flops :          39609704448
  #bytes :          1426888948
  arith. intensity: 27.76
  time (eval):      0.082323
  time (compile):   0.000164
  gflops (eval):    481.15
  gflops (total):   480.20
CSV_DATA: opt_einsum,torch,"af,fbg,gch,hdi,ie->abcde","100,72,128,128,3,71,305,32,3","(1,2),(0,3),(0,1),(0,1)",FP32,39609704448,27.759486471262512,0.00016379356384277344,0.08232259750366211,481.15226741039083,480.1968413866521
*** input parameters ***
  einsum_str: af,fbg,gch,hdi,ie->abcde
  dim_sizes:  100,72,128,128,3,71,305,32,3
  cont_path:  (1,2),(0,3),(0,1),(0,1)
  backend:    torch
  dtype:      FP32
*** benchmarking opt_einsum expression ***
  #flops :          39609704448
  #bytes :          1426888948
  arith. intensity: 27.76
  time (eval):      0.081218
  time (compile):   0.000171
  gflops (eval):    487.69
  gflops (total):   486.67
CSV_DATA: opt_einsum,torch,"af,fbg,gch,hdi,ie->abcde","100,72,128,128,3,71,305,32,3","(1,2),(0,3),(0,1),(0,1)",FP32,39609704448,27.759486471262512,0.00017118453979492188,0.08121848106384277,487.693243325547,486.667492171508
*** input parameters ***
  einsum_str: af,fbg,gch,hdi,ie->abcde
  dim_sizes:  100,72,128,128,3,71,305,32,3
  cont_path:  (1,2),(0,3),(0,1),(0,1)
  backend:    torch
  dtype:      FP32
*** benchmarking opt_einsum expression ***
  #flops :          39609704448
  #bytes :          1426888948
  arith. intensity: 27.76
  time (eval):      0.086266
  time (compile):   0.000173
  gflops (eval):    459.16
  gflops (total):   458.24
CSV_DATA: opt_einsum,torch,"af,fbg,gch,hdi,ie->abcde","100,72,128,128,3,71,305,32,3","(1,2),(0,3),(0,1),(0,1)",FP32,39609704448,27.759486471262512,0.00017309188842773438,0.08626604080200195,459.1575558557544,458.2381059960066
