****************************
*** Printing System Info ***
****************************
Tue Nov  5 01:53:22 PM UTC 2024
Linux ip-172-31-40-233.us-east-2.compute.internal 6.11.4-301.fc41.x86_64 #1 SMP PREEMPT_DYNAMIC Sun Oct 20 15:02:33 UTC 2024 x86_64 GNU/Linux
     Static hostname: ip-172-31-40-233.us-east-2.compute.internal
           Icon name: computer-server
             Chassis: server 🖳
          Machine ID: 7d44e6eb4d164b63bb5f34fda7d10376
             Boot ID: 21a42e28399c4c8ea61a674f84e6ddfe
    Operating System: Fedora Linux 41 (Cloud Edition)
         CPE OS Name: cpe:/o:fedoraproject:fedora:41
      OS Support End: Tue 2025-05-13
OS Support Remaining: 6month 5d
              Kernel: Linux 6.11.4-301.fc41.x86_64
        Architecture: x86-64
     Hardware Vendor: Amazon EC2
      Hardware Model: c7i.metal-24xl
    Firmware Version: 1.0
       Firmware Date: Mon 2017-10-16
        Firmware Age: 7y 2w 6d
g++ (GCC) 14.2.1 20240912 (Red Hat 14.2.1-3)
Copyright (C) 2024 Free Software Foundation, Inc.
This is free software; see the source for copying conditions.  There is NO
warranty; not even for MERCHANTABILITY or FITNESS FOR A PARTICULAR PURPOSE.

clang version 19.1.0 (Fedora 19.1.0-1.fc41)
Target: x86_64-redhat-linux-gnu
Thread model: posix
InstalledDir: /usr/bin
Configuration file: /etc/clang/x86_64-redhat-linux-gnu-clang++.cfg
Architecture:                         x86_64
CPU op-mode(s):                       32-bit, 64-bit
Address sizes:                        46 bits physical, 57 bits virtual
Byte Order:                           Little Endian
CPU(s):                               96
On-line CPU(s) list:                  0-95
Vendor ID:                            GenuineIntel
Model name:                           Intel(R) Xeon(R) Platinum 8488C
CPU family:                           6
Model:                                143
Thread(s) per core:                   2
Core(s) per socket:                   48
Socket(s):                            1
Stepping:                             8
CPU(s) scaling MHz:                   21%
CPU max MHz:                          3800.0000
CPU min MHz:                          800.0000
BogoMIPS:                             4800.00
Flags:                                fpu vme de pse tsc msr pae mce cx8 apic sep mtrr pge mca cmov pat pse36 clflush dts acpi mmx fxsr sse sse2 ss ht tm pbe syscall nx pdpe1gb rdtscp lm constant_tsc art arch_perfmon pebs bts rep_good nopl xtopology nonstop_tsc cpuid aperfmperf tsc_known_freq pni pclmulqdq dtes64 monitor ds_cpl vmx smx est tm2 ssse3 sdbg fma cx16 xtpr pdcm pcid dca sse4_1 sse4_2 x2apic movbe popcnt tsc_deadline_timer aes xsave avx f16c rdrand lahf_lm abm 3dnowprefetch cpuid_fault epb cat_l3 cat_l2 cdp_l3 intel_ppin cdp_l2 ssbd mba ibrs ibpb stibp ibrs_enhanced tpr_shadow flexpriority ept vpid ept_ad fsgsbase tsc_adjust bmi1 avx2 smep bmi2 erms invpcid cqm rdt_a avx512f avx512dq rdseed adx smap avx512ifma clflushopt clwb intel_pt avx512cd sha_ni avx512bw avx512vl xsaveopt xsavec xgetbv1 xsaves cqm_llc cqm_occup_llc cqm_mbm_total cqm_mbm_local split_lock_detect user_shstk avx_vnni avx512_bf16 wbnoinvd dtherm ida arat pln pts hwp hwp_act_window hwp_epp hwp_pkg_req hfi vnmi avx512vbmi umip pku ospke waitpkg avx512_vbmi2 gfni vaes vpclmulqdq avx512_vnni avx512_bitalg tme avx512_vpopcntdq la57 rdpid bus_lock_detect cldemote movdiri movdir64b enqcmd fsrm md_clear serialize tsxldtrk pconfig arch_lbr ibt amx_bf16 avx512_fp16 amx_tile amx_int8 flush_l1d arch_capabilities
Virtualization:                       VT-x
L1d cache:                            2.3 MiB (48 instances)
L1i cache:                            1.5 MiB (48 instances)
L2 cache:                             96 MiB (48 instances)
L3 cache:                             105 MiB (1 instance)
NUMA node(s):                         1
NUMA node0 CPU(s):                    0-95
Vulnerability Gather data sampling:   Not affected
Vulnerability Itlb multihit:          Not affected
Vulnerability L1tf:                   Not affected
Vulnerability Mds:                    Not affected
Vulnerability Meltdown:               Not affected
Vulnerability Mmio stale data:        Not affected
Vulnerability Reg file data sampling: Not affected
Vulnerability Retbleed:               Not affected
Vulnerability Spec rstack overflow:   Not affected
Vulnerability Spec store bypass:      Mitigation; Speculative Store Bypass disabled via prctl
Vulnerability Spectre v1:             Mitigation; usercopy/swapgs barriers and __user pointer sanitization
Vulnerability Spectre v2:             Mitigation; Enhanced / Automatic IBRS; IBPB conditional; RSB filling; PBRSB-eIBRS SW sequence; BHI BHI_DIS_S
Vulnerability Srbds:                  Not affected
Vulnerability Tsx async abort:        Not affected
RANGE                                  SIZE  STATE REMOVABLE BLOCK
0x0000000000000000-0x000000007fffffff    2G online       yes     0
0x0000000100000000-0x000000307fffffff  190G online       yes  2-96

Memory block size:         2G
Total online memory:     192G
Total offline memory:      0B
