**********************************
*** Installing System Packages ***
**********************************
Updating and loading repositories:
 Fedora 41 - x86_64 - Updates           100% |   7.5 MiB/s |   4.2 MiB |  00m01s
 Fedora 41 - x86_64                     100% |  13.6 MiB/s |  35.3 MiB |  00m03s
 Fedora 41 openh264 (From Cisco) - x86_ 100% |  13.4 KiB/s |   6.0 KiB |  00m00s
Repositories loaded.
Package                             Arch   Version                 Repository                            Size
Upgrading:
 glibc                              x86_64 2.40-9.fc41             updates                            6.7 MiB
   replacing glibc                  x86_64 2.40-3.fc41             296c376c1056462d8163efe5bf303d05   6.7 MiB
 glibc-common                       x86_64 2.40-9.fc41             updates                            1.0 MiB
   replacing glibc-common           x86_64 2.40-3.fc41             296c376c1056462d8163efe5bf303d05   1.0 MiB
 glibc-gconv-extra                  x86_64 2.40-9.fc41             updates                            8.0 MiB
   replacing glibc-gconv-extra      x86_64 2.40-3.fc41             296c376c1056462d8163efe5bf303d05   8.0 MiB
 glibc-langpack-en                  x86_64 2.40-9.fc41             updates                            5.7 MiB
   replacing glibc-langpack-en      x86_64 2.40-3.fc41             296c376c1056462d8163efe5bf303d05   5.7 MiB
 glibc-minimal-langpack             x86_64 2.40-9.fc41             updates                            0.0   B
   replacing glibc-minimal-langpack x86_64 2.40-3.fc41             296c376c1056462d8163efe5bf303d05   0.0   B
 libxcrypt                          x86_64 4.4.36-8.fc41           updates                          271.5 KiB
   replacing libxcrypt              x86_64 4.4.36-7.fc41           296c376c1056462d8163efe5bf303d05 266.8 KiB
 vim-data                           noarch 2:9.1.825-1.fc41        updates                           18.2 KiB
   replacing vim-data               noarch 2:9.1.737-1.fc41        296c376c1056462d8163efe5bf303d05  17.8 KiB
 vim-minimal                        x86_64 2:9.1.825-1.fc41        updates                            1.7 MiB
   replacing vim-minimal            x86_64 2:9.1.737-1.fc41        296c376c1056462d8163efe5bf303d05   1.7 MiB
Installing:
 clang                              x86_64 19.1.0-1.fc41           fedora                           184.7 KiB
 cmake                              x86_64 3.30.5-1.fc41           updates                           32.5 MiB
 environment-modules                x86_64 5.4.0-2.fc41            fedora                             1.7 MiB
 gcc-gfortran                       x86_64 14.2.1-3.fc41           fedora                            37.2 MiB
 gcc13-c++                          x86_64 13.3.1-2.fc41.1         fedora                            55.0 MiB
 git                                x86_64 2.47.0-1.fc41           fedora                            85.2 KiB
 htop                               x86_64 3.3.0-4.fc41            fedora                           448.6 KiB
 libxml2-devel                      x86_64 2.12.8-2.fc41           fedora                             3.4 MiB
 llvm18-devel                       x86_64 18.1.8-4.fc41           fedora                            24.2 MiB
 python3.10                         x86_64 3.10.15-1.fc41          fedora                            32.5 KiB
 tmux                               x86_64 3.5a-2.fc41             fedora                             1.2 MiB
 vim-enhanced                       x86_64 2:9.1.825-1.fc41        updates                            4.0 MiB
 wget2-wget                         x86_64 2.1.0-12.fc41           fedora                            42.0   B
 zlib-ng-compat-devel               x86_64 2.1.7-3.fc41            fedora                           106.8 KiB
Installing dependencies:
 abattis-cantarell-vf-fonts         noarch 0.301-13.fc41           fedora                           192.7 KiB
 binutils                           x86_64 2.43.1-2.fc41           fedora                            27.5 MiB
 clang-libs                         x86_64 19.1.0-1.fc41           fedora                           124.5 MiB
 clang-resource-filesystem          x86_64 19.1.0-1.fc41           fedora                            15.3 KiB
 cmake-data                         noarch 3.30.5-1.fc41           updates                            8.2 MiB
 cmake-filesystem                   x86_64 3.30.5-1.fc41           updates                            0.0   B
 cpp                                x86_64 14.2.1-3.fc41           fedora                            35.0 MiB
 default-fonts-core-sans            noarch 4.1-2.fc41              fedora                            11.9 KiB
 emacs-filesystem                   noarch 1:30.0-3.fc41           fedora                             0.0   B
 fontconfig                         x86_64 2.15.0-8.fc41           fedora                           791.9 KiB
 fonts-filesystem                   noarch 1:2.0.5-17.fc41         fedora                             0.0   B
 gcc                                x86_64 14.2.1-3.fc41           fedora                           104.3 MiB
 gcc-c++                            x86_64 14.2.1-3.fc41           fedora                            38.2 MiB
 gcc13                              x86_64 13.3.1-2.fc41.1         fedora                           104.5 MiB
 git-core                           x86_64 2.47.0-1.fc41           fedora                            22.5 MiB
 git-core-doc                       noarch 2.47.0-1.fc41           fedora                            17.2 MiB
 glibc-devel                        x86_64 2.40-9.fc41             updates                            2.3 MiB
 gnutls-dane                        x86_64 3.8.6-7.fc41            fedora                            69.7 KiB
 google-noto-fonts-common           noarch 20240701-2.fc41         fedora                            17.5 KiB
 google-noto-sans-vf-fonts          noarch 20240701-2.fc41         fedora                             1.2 MiB
 gpm-libs                           x86_64 1.20.7-48.fc41          fedora                            27.7 KiB
 hwloc-libs                         x86_64 2.11.2-1.fc41           fedora                             2.9 MiB
 jsoncpp                            x86_64 1.9.5-8.fc41            fedora                           253.4 KiB
 kernel-headers                     x86_64 6.11.3-300.fc41         fedora                             6.4 MiB
 libX11                             x86_64 1.8.10-2.fc41           fedora                             1.3 MiB
 libX11-common                      noarch 1.8.10-2.fc41           fedora                             1.1 MiB
 libXau                             x86_64 1.0.11-7.fc41           fedora                            66.9 KiB
 libXft                             x86_64 2.3.8-7.fc41            fedora                           164.5 KiB
 libXrender                         x86_64 0.9.11-7.fc41           fedora                            50.1 KiB
 libedit-devel                      x86_64 3.1-53.20240808cvs.fc41 fedora                            59.4 KiB
 libgfortran                        x86_64 14.2.1-3.fc41           fedora                             3.0 MiB
 libmpc                             x86_64 1.3.1-6.fc41            fedora                           164.7 KiB
 libquadmath                        x86_64 14.2.1-3.fc41           fedora                           325.9 KiB
 libquadmath-devel                  x86_64 14.2.1-3.fc41           fedora                            21.9 KiB
 libsodium                          x86_64 1.0.20-2.fc41           fedora                           393.0 KiB
 libstdc++-devel                    x86_64 14.2.1-3.fc41           fedora                            15.4 MiB
 libuv                              x86_64 1:1.49.2-1.fc41         updates                          565.0 KiB
 libxcb                             x86_64 1.17.0-3.fc41           fedora                             1.2 MiB
 libxcrypt-devel                    x86_64 4.4.36-8.fc41           updates                           30.5 KiB
 llvm                               x86_64 19.1.0-1.fc41           fedora                            75.3 MiB
 llvm-libs                          x86_64 19.1.0-1.fc41           fedora                           124.5 MiB
 llvm18                             x86_64 18.1.8-4.fc41           fedora                           112.2 MiB
 llvm18-googletest                  x86_64 18.1.8-4.fc41           fedora                             2.2 MiB
 llvm18-libs                        x86_64 18.1.8-4.fc41           fedora                           113.5 MiB
 llvm18-static                      x86_64 18.1.8-4.fc41           fedora                           283.9 MiB
 llvm18-test                        x86_64 18.1.8-4.fc41           fedora                             1.9 MiB
 make                               x86_64 1:4.4.1-8.fc41          fedora                             1.8 MiB
 ncurses-c++-libs                   x86_64 6.5-2.20240629.fc41     fedora                           161.7 KiB
 ncurses-devel                      x86_64 6.5-2.20240629.fc41     fedora                           870.1 KiB
 perl-Error                         noarch 1:0.17029-16.fc41       fedora                            77.3 KiB
 perl-File-Find                     noarch 1.44-512.fc41           updates                           41.9 KiB
 perl-Git                           noarch 2.47.0-1.fc41           fedora                            64.0 KiB
 perl-TermReadKey                   x86_64 2.38-23.fc41            fedora                            64.1 KiB
 perl-lib                           x86_64 0.65-512.fc41           updates                            8.5 KiB
 python-setuptools-wheel            noarch 69.2.0-8.fc41           fedora                           750.4 KiB
 python3.10-libs                    x86_64 3.10.15-1.fc41          fedora                            31.2 MiB
 rhash                              x86_64 1.4.4-2.fc41            fedora                           349.9 KiB
 tcl                                x86_64 1:8.6.14-2.fc41         fedora                             4.2 MiB
 tk                                 x86_64 1:8.6.14-2.fc41         fedora                             3.6 MiB
 vim-common                         x86_64 2:9.1.825-1.fc41        updates                           37.1 MiB
 vim-filesystem                     noarch 2:9.1.825-1.fc41        updates                           40.0   B
 wget2                              x86_64 2.1.0-12.fc41           fedora                           884.1 KiB
 wget2-libs                         x86_64 2.1.0-12.fc41           fedora                           365.7 KiB
 xml-common                         noarch 0.6.3-65.fc41           fedora                            78.4 KiB
 xxd                                x86_64 2:9.1.825-1.fc41        updates                           45.1 KiB
 xz-devel                           x86_64 1:5.6.2-2.fc41          fedora                           255.6 KiB
Installing weak dependencies:
 compiler-rt                        x86_64 19.1.0-1.fc41           fedora                            36.5 MiB
 libatomic                          x86_64 14.2.1-3.fc41           fedora                            40.7 KiB
 libomp                             x86_64 19.1.0-1.fc41           fedora                            50.5 MiB
 libomp-devel                       x86_64 19.1.0-1.fc41           fedora                            31.2 MiB
 nagelfar                           noarch 1.3.3-6.fc41            fedora                           693.0 KiB
 python3.10-tkinter                 x86_64 3.10.15-1.fc41          fedora                             1.6 MiB

Transaction Summary:
 Installing:        86 packages
 Upgrading:          8 packages
 Replacing:          8 package

Total size of inbound packages is 397 MiB. Need to download 397 MiB.
After this operation, 2 GiB extra will be used (install 2 GiB, remove 23 MiB).
[ 1/94] git-0:2.47.0-1.fc41.x86_64      100% | 441.0 KiB/s |  52.0 KiB |  00m00s
[ 2/94] wget2-wget-0:2.1.0-12.fc41.x86_ 100% |  75.7 KiB/s |   9.2 KiB |  00m00s
[ 3/94] htop-0:3.3.0-4.fc41.x86_64      100% |   1.5 MiB/s | 195.7 KiB |  00m00s
[ 4/94] environment-modules-0:5.4.0-2.f 100% |   2.8 MiB/s | 731.3 KiB |  00m00s
[ 5/94] tmux-0:3.5a-2.fc41.x86_64       100% |   1.2 MiB/s | 528.7 KiB |  00m00s
[ 6/94] wget2-0:2.1.0-12.fc41.x86_64    100% |  10.6 MiB/s | 249.0 KiB |  00m00s
[ 7/94] gcc13-c++-0:13.3.1-2.fc41.1.x86 100% |  12.7 MiB/s |  15.5 MiB |  00m01s
[ 8/94] git-core-0:2.47.0-1.fc41.x86_64 100% |   4.7 MiB/s |   4.8 MiB |  00m01s
[ 9/94] hwloc-libs-0:2.11.2-1.fc41.x86_ 100% |   1.6 MiB/s |   2.1 MiB |  00m01s
[10/94] git-core-doc-0:2.47.0-1.fc41.no 100% |   4.8 MiB/s |   3.0 MiB |  00m01s
[11/94] perl-Git-0:2.47.0-1.fc41.noarch 100% | 104.3 KiB/s |  38.8 KiB |  00m00s
[12/94] perl-TermReadKey-0:2.38-23.fc41 100% | 128.3 KiB/s |  35.6 KiB |  00m00s
[13/94] libmpc-0:1.3.1-6.fc41.x86_64    100% | 836.7 KiB/s |  71.1 KiB |  00m00s
[14/94] perl-Error-1:0.17029-16.fc41.no 100% |   3.6 MiB/s |  40.6 KiB |  00m00s
[15/94] make-1:4.4.1-8.fc41.x86_64      100% |   4.7 MiB/s | 586.1 KiB |  00m00s
[16/94] wget2-libs-0:2.1.0-12.fc41.x86_ 100% | 522.4 KiB/s | 146.3 KiB |  00m00s
[17/94] gnutls-dane-0:3.8.6-7.fc41.x86_ 100% | 230.7 KiB/s |  39.9 KiB |  00m00s
[18/94] vim-enhanced-2:9.1.825-1.fc41.x 100% |   3.5 MiB/s |   1.9 MiB |  00m01s
[19/94] gcc13-0:13.3.1-2.fc41.1.x86_64  100% |  14.9 MiB/s |  39.9 MiB |  00m03s
[20/94] vim-common-2:9.1.825-1.fc41.x86 100% |   3.1 MiB/s |   8.0 MiB |  00m03s
[21/94] gpm-libs-0:1.20.7-48.fc41.x86_6 100% |   9.3 KiB/s |  20.2 KiB |  00m02s
[22/94] libsodium-0:1.0.20-2.fc41.x86_6 100% | 339.8 KiB/s | 175.7 KiB |  00m01s
[23/94] libgfortran-0:14.2.1-3.fc41.x86 100% |  10.4 MiB/s | 939.1 KiB |  00m00s
[24/94] gcc-gfortran-0:14.2.1-3.fc41.x8 100% |  13.0 MiB/s |  13.4 MiB |  00m01s
[25/94] cpp-0:14.2.1-3.fc41.x86_64      100% |   8.8 MiB/s |  11.9 MiB |  00m01s
[26/94] clang-0:19.1.0-1.fc41.x86_64    100% | 133.1 KiB/s |  82.0 KiB |  00m01s
[27/94] gcc-0:14.2.1-3.fc41.x86_64      100% |  10.9 MiB/s |  36.9 MiB |  00m03s
[28/94] clang-resource-filesystem-0:19. 100% | 462.1 KiB/s |  16.6 KiB |  00m00s
[29/94] clang-libs-0:19.1.0-1.fc41.x86_ 100% |   8.7 MiB/s |  27.3 MiB |  00m03s
[30/94] cmake-0:3.30.5-1.fc41.x86_64    100% |   5.6 MiB/s |  10.8 MiB |  00m02s
[31/94] cmake-data-0:3.30.5-1.fc41.noar 100% |   3.5 MiB/s |   2.3 MiB |  00m01s
[32/94] llvm-libs-0:19.1.0-1.fc41.x86_6 100% |   5.8 MiB/s |  31.5 MiB |  00m05s
[33/94] cmake-filesystem-0:3.30.5-1.fc4 100% |   9.8 KiB/s |  17.4 KiB |  00m02s
[34/94] jsoncpp-0:1.9.5-8.fc41.x86_64   100% |  59.3 KiB/s |  99.3 KiB |  00m02s
[35/94] rhash-0:1.4.4-2.fc41.x86_64     100% |  15.9 MiB/s | 196.0 KiB |  00m00s
[36/94] python3.10-0:3.10.15-1.fc41.x86 100% |   2.8 MiB/s |  25.7 KiB |  00m00s
[37/94] python3.10-libs-0:3.10.15-1.fc4 100% |  19.3 MiB/s |   7.7 MiB |  00m00s
[38/94] emacs-filesystem-1:30.0-3.fc41. 100% |  15.1 KiB/s |   7.1 KiB |  00m00s
[39/94] python-setuptools-wheel-0:69.2. 100% |   1.0 MiB/s | 679.1 KiB |  00m01s
[40/94] llvm18-devel-0:18.1.8-4.fc41.x8 100% |   9.6 MiB/s |   4.0 MiB |  00m00s
[41/94] llvm18-googletest-0:18.1.8-4.fc 100% |   1.3 MiB/s | 391.0 KiB |  00m00s
[42/94] llvm18-0:18.1.8-4.fc41.x86_64   100% |  13.8 MiB/s |  26.9 MiB |  00m02s
[43/94] llvm18-libs-0:18.1.8-4.fc41.x86 100% |   8.9 MiB/s |  28.0 MiB |  00m03s
[44/94] llvm18-test-0:18.1.8-4.fc41.x86 100% | 392.7 KiB/s | 651.0 KiB |  00m02s
[45/94] zlib-ng-compat-devel-0:2.1.7-3. 100% | 125.3 KiB/s |  38.1 KiB |  00m00s
[46/94] llvm18-static-0:18.1.8-4.fc41.x 100% |   7.3 MiB/s |  38.0 MiB |  00m05s
[47/94] libxml2-devel-0:2.12.8-2.fc41.x 100% | 258.9 KiB/s | 524.3 KiB |  00m02s
[48/94] xz-devel-1:5.6.2-2.fc41.x86_64  100% |  32.9 KiB/s |  66.5 KiB |  00m02s
[49/94] libedit-devel-0:3.1-53.20240808 100% | 241.3 KiB/s |  40.8 KiB |  00m00s
[50/94] ncurses-c++-libs-0:6.5-2.202406 100% |   4.6 MiB/s |  37.8 KiB |  00m00s
[51/94] perl-File-Find-0:1.44-512.fc41. 100% |   3.1 MiB/s |  25.3 KiB |  00m00s
[52/94] perl-lib-0:0.65-512.fc41.x86_64 100% |   2.1 MiB/s |  14.9 KiB |  00m00s
[53/94] libstdc++-devel-0:14.2.1-3.fc41 100% |  14.0 MiB/s |   2.8 MiB |  00m00s
[54/94] glibc-devel-0:2.40-9.fc41.x86_6 100% |   1.3 MiB/s | 632.4 KiB |  00m00s
[55/94] ncurses-devel-0:6.5-2.20240629. 100% |   1.1 MiB/s | 570.0 KiB |  00m00s
[56/94] libquadmath-0:14.2.1-3.fc41.x86 100% |   2.1 MiB/s | 202.5 KiB |  00m00s
[57/94] binutils-0:2.43.1-2.fc41.x86_64 100% |   8.3 MiB/s |   6.5 MiB |  00m01s
[58/94] libquadmath-devel-0:14.2.1-3.fc 100% |  88.3 KiB/s |  44.3 KiB |  00m01s
[59/94] vim-filesystem-2:9.1.825-1.fc41 100% |  38.8 KiB/s |  16.4 KiB |  00m00s
[60/94] tcl-1:8.6.14-2.fc41.x86_64      100% |   8.2 MiB/s |   1.1 MiB |  00m00s
[61/94] xxd-2:9.1.825-1.fc41.x86_64     100% | 123.5 KiB/s |  35.9 KiB |  00m00s
[62/94] libxcrypt-devel-0:4.4.36-8.fc41 100% | 110.3 KiB/s |  28.9 KiB |  00m00s
[63/94] gcc-c++-0:14.2.1-3.fc41.x86_64  100% |  12.6 MiB/s |  14.2 MiB |  00m01s
[64/94] kernel-headers-0:6.11.3-300.fc4 100% |   1.7 MiB/s |   1.6 MiB |  00m01s
[65/94] libuv-1:1.49.2-1.fc41.x86_64    100% | 280.6 KiB/s | 262.1 KiB |  00m01s
[66/94] nagelfar-0:1.3.3-6.fc41.noarch  100% | 535.7 KiB/s | 112.5 KiB |  00m00s
[67/94] libatomic-0:14.2.1-3.fc41.x86_6 100% | 421.0 KiB/s |  42.5 KiB |  00m00s
[68/94] compiler-rt-0:19.1.0-1.fc41.x86 100% |   9.3 MiB/s |   2.6 MiB |  00m00s
[69/94] libomp-devel-0:19.1.0-1.fc41.x8 100% |   1.8 MiB/s | 652.2 KiB |  00m00s
[70/94] tk-1:8.6.14-2.fc41.x86_64       100% |   7.2 MiB/s |   1.6 MiB |  00m00s
[71/94] libomp-0:19.1.0-1.fc41.x86_64   100% |  12.4 MiB/s |  14.3 MiB |  00m01s
[72/94] fontconfig-0:2.15.0-8.fc41.x86_ 100% | 310.2 KiB/s | 269.9 KiB |  00m01s
[73/94] libX11-0:1.8.10-2.fc41.x86_64   100% | 664.5 KiB/s | 649.9 KiB |  00m01s
[74/94] libXft-0:2.3.8-7.fc41.x86_64    100% | 219.9 KiB/s |  72.3 KiB |  00m00s
[75/94] default-fonts-core-sans-0:4.1-2 100% | 123.0 KiB/s |  31.1 KiB |  00m00s
[76/94] fonts-filesystem-1:2.0.5-17.fc4 100% | 771.2 KiB/s |   8.5 KiB |  00m00s
[77/94] xml-common-0:0.6.3-65.fc41.noar 100% |   3.8 MiB/s |  31.2 KiB |  00m00s
[78/94] libxcb-0:1.17.0-3.fc41.x86_64   100% |  23.5 MiB/s | 240.7 KiB |  00m00s
[79/94] libXrender-0:0.9.11-7.fc41.x86_ 100% |   3.8 MiB/s |  27.5 KiB |  00m00s
[80/94] libX11-common-0:1.8.10-2.fc41.n 100% | 610.4 KiB/s | 175.8 KiB |  00m00s
[81/94] abattis-cantarell-vf-fonts-0:0. 100% | 345.5 KiB/s | 120.2 KiB |  00m00s
[82/94] google-noto-sans-vf-fonts-0:202 100% |   1.3 MiB/s | 594.1 KiB |  00m00s
[83/94] libXau-0:1.0.11-7.fc41.x86_64   100% | 179.1 KiB/s |  31.9 KiB |  00m00s
[84/94] google-noto-fonts-common-0:2024 100% | 166.8 KiB/s |  18.0 KiB |  00m00s
[85/94] vim-data-2:9.1.825-1.fc41.noarc 100% |   4.3 MiB/s |  21.9 KiB |  00m00s
[86/94] python3.10-tkinter-0:3.10.15-1. 100% |   3.1 MiB/s | 344.1 KiB |  00m00s
[87/94] vim-minimal-2:9.1.825-1.fc41.x8 100% |   4.7 MiB/s | 821.8 KiB |  00m00s
[88/94] glibc-0:2.40-9.fc41.x86_64      100% |   8.1 MiB/s |   2.2 MiB |  00m00s
[89/94] glibc-common-0:2.40-9.fc41.x86_ 100% |   1.2 MiB/s | 397.3 KiB |  00m00s
[90/94] glibc-gconv-extra-0:2.40-9.fc41 100% |   5.7 MiB/s |   1.7 MiB |  00m00s
[91/94] glibc-minimal-langpack-0:2.40-9 100% | 560.3 KiB/s | 109.3 KiB |  00m00s
[92/94] llvm-0:19.1.0-1.fc41.x86_64     100% |  11.6 MiB/s |  21.3 MiB |  00m02s
[93/94] glibc-langpack-en-0:2.40-9.fc41 100% | 559.9 KiB/s | 649.5 KiB |  00m01s
[94/94] libxcrypt-0:4.4.36-8.fc41.x86_6 100% | 102.8 KiB/s | 118.7 KiB |  00m01s
--------------------------------------------------------------------------------
[94/94] Total                           100% |  16.0 MiB/s | 397.4 MiB |  00m25s
Running transaction
Importing PGP key 0xE99D6AD1:
 UserID     : "Fedora (41) <fedora-41-primary@fedoraproject.org>"
 Fingerprint: 466CF2D8B60BC3057AA9453ED0622462E99D6AD1
 From       : file:///etc/pki/rpm-gpg/RPM-GPG-KEY-fedora-41-x86_64
The key was successfully imported.
[  1/104] Verify package files          100% |  90.0   B/s |  94.0   B |  00m01s
[  2/104] Prepare transaction           100% | 755.0   B/s | 102.0   B |  00m00s
[  3/104] Upgrading glibc-common-0:2.40 100% |   1.5 MiB/s |   1.0 MiB |  00m01s
[  4/104] Upgrading glibc-gconv-extra-0 100% |   7.5 MiB/s |   8.1 MiB |  00m01s
[  5/104] Upgrading glibc-minimal-langp 100% |  24.2 KiB/s | 124.0   B |  00m00s
[  6/104] Upgrading glibc-0:2.40-9.fc41 100% |   5.4 MiB/s |   6.7 MiB |  00m01s
[  7/104] Installing libmpc-0:1.3.1-6.f 100% |   1.7 MiB/s | 166.2 KiB |  00m00s
[  8/104] Installing tcl-1:8.6.14-2.fc4 100% |   8.8 MiB/s |   4.2 MiB |  00m00s
[  9/104] Installing cmake-filesystem-0 100% |  91.3 KiB/s |   7.3 KiB |  00m00s
[ 10/104] Installing make-1:4.4.1-8.fc4 100% |   6.6 MiB/s |   1.8 MiB |  00m00s
[ 11/104] Installing llvm-libs-0:19.1.0 100% | 270.6 MiB/s | 124.5 MiB |  00m00s
[ 12/104] Installing llvm18-libs-0:18.1 100% | 262.1 MiB/s | 113.5 MiB |  00m00s
[ 13/104] Installing fonts-filesystem-1 100% |  11.2 KiB/s | 788.0   B |  00m00s
[ 14/104] Installing vim-filesystem-2:9 100% |  21.3 KiB/s |   4.7 KiB |  00m00s
[ 15/104] Installing libstdc++-devel-0: 100% |  12.0 MiB/s |  15.6 MiB |  00m01s
[ 16/104] Installing clang-resource-fil 100% |   3.3 MiB/s |  16.7 KiB |  00m00s
[ 17/104] Installing llvm18-0:18.1.8-4. 100% | 172.7 MiB/s | 112.2 MiB |  00m01s
[ 18/104] Installing git-core-0:2.47.0- 100% |  88.4 MiB/s |  22.6 MiB |  00m00s
[ 19/104] Installing binutils-0:2.43.1- 100% |  79.8 MiB/s |  27.5 MiB |  00m00s
[ 20/104] Installing libquadmath-0:14.2 100% |   1.7 MiB/s | 327.1 KiB |  00m00s
[ 21/104] Upgrading libxcrypt-0:4.4.36- 100% |  14.1 MiB/s | 274.2 KiB |  00m00s
[ 22/104] Upgrading vim-data-2:9.1.825- 100% | 209.2 KiB/s |  19.2 KiB |  00m00s
[ 23/104] Installing git-core-doc-0:2.4 100% |  20.1 MiB/s |  17.4 MiB |  00m01s
[ 24/104] Installing llvm18-test-0:18.1 100% |  18.9 MiB/s |   1.9 MiB |  00m00s
[ 25/104] Installing clang-libs-0:19.1. 100% | 295.1 MiB/s | 124.5 MiB |  00m00s
[ 26/104] Installing abattis-cantarell- 100% |  23.7 MiB/s | 194.4 KiB |  00m00s
[ 27/104] Installing llvm-0:19.1.0-1.fc 100% | 184.7 MiB/s |  75.3 MiB |  00m00s
[ 28/104] Installing zlib-ng-compat-dev 100% |  11.8 MiB/s | 108.3 KiB |  00m00s
[ 29/104] Installing cpp-0:14.2.1-3.fc4 100% | 236.5 MiB/s |  35.0 MiB |  00m00s
[ 30/104] Installing hwloc-libs-0:2.11. 100% |  29.2 MiB/s |   2.9 MiB |  00m00s
[ 31/104] Installing perl-TermReadKey-0 100% |   9.2 MiB/s |  66.3 KiB |  00m00s
[ 32/104] Installing gnutls-dane-0:3.8. 100% | 829.9 KiB/s |  70.5 KiB |  00m00s
[ 33/104] Installing wget2-libs-0:2.1.0 100% |  51.2 MiB/s | 366.9 KiB |  00m00s
[ 34/104] Installing wget2-0:2.1.0-12.f 100% |   8.1 MiB/s | 889.7 KiB |  00m00s
[ 35/104] Installing gpm-libs-0:1.20.7- 100% | 327.9 KiB/s |  28.5 KiB |  00m00s
[ 36/104] Installing libsodium-0:1.0.20 100% |   3.7 MiB/s | 394.2 KiB |  00m00s
[ 37/104] Installing libgfortran-0:14.2 100% | 276.7 MiB/s |   3.0 MiB |  00m00s
[ 38/104] Installing jsoncpp-0:1.9.5-8. 100% |   3.1 MiB/s | 254.9 KiB |  00m00s
[ 39/104] Installing rhash-0:1.4.4-2.fc 100% |   3.7 MiB/s | 355.1 KiB |  00m00s
[ 40/104] Installing ncurses-c++-libs-0 100% |  19.9 MiB/s | 162.9 KiB |  00m00s
[ 41/104] Installing ncurses-devel-0:6. 100% |   3.2 MiB/s |   1.0 MiB |  00m00s
[ 42/104] Installing libedit-devel-0:3. 100% |   5.9 MiB/s |  67.0 KiB |  00m00s
[ 43/104] Installing xxd-2:9.1.825-1.fc 100% | 448.8 KiB/s |  46.2 KiB |  00m00s
[ 44/104] Installing vim-common-2:9.1.8 100% |  30.9 MiB/s |  37.5 MiB |  00m01s
[ 45/104] Installing libuv-1:1.49.2-1.f 100% |  46.2 MiB/s | 567.8 KiB |  00m00s
[ 46/104] Installing libomp-0:19.1.0-1. 100% | 286.8 MiB/s |  50.5 MiB |  00m00s
[ 47/104] Installing libXau-0:1.0.11-7. 100% | 579.8 KiB/s |  68.4 KiB |  00m00s
[ 48/104] Installing libxcb-0:1.17.0-3. 100% |   6.7 MiB/s |   1.2 MiB |  00m00s
[ 49/104] Installing google-noto-fonts- 100% |   3.6 MiB/s |  18.3 KiB |  00m00s
[ 50/104] Installing google-noto-sans-v 100% | 124.9 MiB/s |   1.2 MiB |  00m00s
[ 51/104] Installing default-fonts-core 100% | 230.1 KiB/s |  18.2 KiB |  00m00s
[ 52/104] Installing libX11-common-0:1. 100% |   7.3 MiB/s |   1.2 MiB |  00m00s
[ 53/104] Installing libX11-0:1.8.10-2. 100% |  15.8 MiB/s |   1.3 MiB |  00m00s
[ 54/104] Installing libXrender-0:0.9.1 100% |   3.3 MiB/s |  51.4 KiB |  00m00s
[ 55/104] Installing xml-common-0:0.6.3 100% |   1.1 MiB/s |  81.1 KiB |  00m00s
[ 56/104] Installing fontconfig-0:2.15. 100% | 682.8 KiB/s | 811.1 KiB |  00m01s
[ 57/104] Installing libXft-0:2.3.8-7.f 100% |   7.0 MiB/s | 166.0 KiB |  00m00s
[ 58/104] Installing tk-1:8.6.14-2.fc41 100% |   9.4 MiB/s |   3.7 MiB |  00m00s
[ 59/104] Installing kernel-headers-0:6 100% |  10.6 MiB/s |   6.5 MiB |  00m01s
[ 60/104] Installing libxcrypt-devel-0: 100% |   2.7 MiB/s |  32.9 KiB |  00m00s
[ 61/104] Installing glibc-devel-0:2.40 100% |   6.7 MiB/s |   2.3 MiB |  00m00s
[ 62/104] Installing gcc-0:14.2.1-3.fc4 100% | 203.1 MiB/s | 104.4 MiB |  00m01s
[ 63/104] Installing libquadmath-devel- 100% | 284.8 KiB/s |  23.4 KiB |  00m00s
[ 64/104] Installing gcc-c++-0:14.2.1-3 100% | 350.2 MiB/s |  38.2 MiB |  00m00s
[ 65/104] Installing gcc13-0:13.3.1-2.f 100% | 267.4 MiB/s | 104.6 MiB |  00m00s
[ 66/104] Installing perl-lib-0:0.65-51 100% | 114.1 KiB/s |   8.9 KiB |  00m00s
[ 67/104] Installing perl-File-Find-0:1 100% | 285.2 KiB/s |  42.5 KiB |  00m00s
[ 68/104] Installing xz-devel-1:5.6.2-2 100% |   2.6 MiB/s | 259.4 KiB |  00m00s
[ 69/104] Installing llvm18-static-0:18 100% | 240.0 MiB/s | 283.9 MiB |  00m01s
[ 70/104] Installing llvm18-googletest- 100% |  17.4 MiB/s |   2.2 MiB |  00m00s
[ 71/104] Installing python-setuptools- 100% |  61.1 MiB/s | 751.1 KiB |  00m00s
[ 72/104] Installing python3.10-libs-0: 100% |  23.7 MiB/s |  31.6 MiB |  00m01s
[ 73/104] Installing python3.10-0:3.10. 100% | 309.8 KiB/s |  33.8 KiB |  00m00s
[ 74/104] Installing emacs-filesystem-1 100% |   2.8 KiB/s | 544.0   B |  00m00s
[ 75/104] Installing cmake-data-0:3.30. 100% |   5.0 MiB/s |   8.8 MiB |  00m02s
[ 76/104] Installing cmake-0:3.30.5-1.f 100% |  63.6 MiB/s |  32.5 MiB |  00m01s
[ 77/104] Installing perl-Error-1:0.170 100% | 390.9 KiB/s |  80.5 KiB |  00m00s
[ 78/104] Installing perl-Git-0:2.47.0- 100% | 403.8 KiB/s |  65.0 KiB |  00m00s
[ 79/104] Installing git-0:2.47.0-1.fc4 100% | 462.5 KiB/s |  87.4 KiB |  00m00s
[ 80/104] Installing python3.10-tkinter 100% |   4.3 MiB/s |   1.6 MiB |  00m00s
[ 81/104] Installing llvm18-devel-0:18. 100% |  19.7 MiB/s |  24.6 MiB |  00m01s
[ 82/104] Installing libxml2-devel-0:2. 100% |   9.8 MiB/s |   3.4 MiB |  00m00s
[ 83/104] Installing gcc13-c++-0:13.3.1 100% |  26.2 MiB/s |  55.1 MiB |  00m02s
[ 84/104] Installing clang-0:19.1.0-1.f 100% |   1.3 MiB/s | 187.2 KiB |  00m00s
[ 85/104] Installing gcc-gfortran-0:14. 100% | 125.5 MiB/s |  37.3 MiB |  00m00s
[ 86/104] Installing nagelfar-0:1.3.3-6 100% |   3.8 MiB/s | 699.2 KiB |  00m00s
[ 87/104] Installing libomp-devel-0:19. 100% | 163.2 MiB/s |  31.2 MiB |  00m00s
[ 88/104] Installing vim-enhanced-2:9.1 100% |  23.0 MiB/s |   4.0 MiB |  00m00s
[ 89/104] Installing wget2-wget-0:2.1.0 100% |   1.7 KiB/s | 444.0   B |  00m00s
[ 90/104] Installing htop-0:3.3.0-4.fc4 100% |   2.2 MiB/s | 450.6 KiB |  00m00s
[ 91/104] Upgrading vim-minimal-2:9.1.8 100% |   2.0 MiB/s |   1.7 MiB |  00m01s
[ 92/104] Installing compiler-rt-0:19.1 100% | 125.8 MiB/s |  36.5 MiB |  00m00s
[ 93/104] Installing environment-module 100% |   8.0 MiB/s |   1.7 MiB |  00m00s
[ 94/104] Installing tmux-0:3.5a-2.fc41 100% |   4.8 MiB/s |   1.2 MiB |  00m00s
[ 95/104] Installing libatomic-0:14.2.1 100% | 254.9 KiB/s |  41.5 KiB |  00m00s
[ 96/104] Upgrading glibc-langpack-en-0 100% |   8.2 MiB/s |   5.8 MiB |  00m01s
[ 97/104] Erasing vim-minimal-2:9.1.737 100% | 137.0   B/s |  16.0   B |  00m00s
[ 98/104] Erasing glibc-langpack-en-0:2 100% |   5.1 KiB/s | 492.0   B |  00m00s
[ 99/104] Erasing libxcrypt-0:4.4.36-7. 100% | 102.0   B/s |  18.0   B |  00m00s
[100/104] Erasing vim-data-2:9.1.737-1. 100% |  72.0   B/s |   7.0   B |  00m00s
[101/104] Erasing glibc-0:2.40-3.fc41.x 100% | 224.0   B/s | 103.0   B |  00m00s
[102/104] Erasing glibc-minimal-langpac 100% |   1.2 KiB/s | 100.0   B |  00m00s
warning: posix.fork(): .fork(), .exec(), .wait() and .redirect2null() are deprecated, use rpm.spawn() or rpm.execute() instead
warning: posix.wait(): .fork(), .exec(), .wait() and .redirect2null() are deprecated, use rpm.spawn() or rpm.execute() instead
warning: posix.exec(): .fork(), .exec(), .wait() and .redirect2null() are deprecated, use rpm.spawn() or rpm.execute() instead
[103/104] Erasing glibc-gconv-extra-0:2 100% |   2.5 KiB/s | 624.0   B |  00m00s
[104/104] Erasing glibc-common-0:2.40-3 100% |   1.0   B/s |  52.0   B |  00m47s
Complete!
*****************************
*** Installing opt_einsum ***
*****************************
Collecting opt-einsum==3.4.0
  Downloading opt_einsum-3.4.0-py3-none-any.whl.metadata (6.3 kB)
Downloading opt_einsum-3.4.0-py3-none-any.whl (71 kB)
Installing collected packages: opt-einsum
Successfully installed opt-einsum-3.4.0

[notice] A new release of pip is available: 24.2 -> 24.3.1
[notice] To update, run: pip install --upgrade pip
3.4.0
Looking in indexes: https://download.pytorch.org/whl/cpu
Collecting torch==2.5.1
  Downloading https://download.pytorch.org/whl/cpu/torch-2.5.1%2Bcpu-cp310-cp310-linux_x86_64.whl (174.7 MB)
     ━━━━━━━━━━━━━━━━━━━━━━━━━━━━━━━━━━━━━━━━ 174.7/174.7 MB 32.7 MB/s eta 0:00:00
Collecting torchvision
  Downloading https://download.pytorch.org/whl/cpu/torchvision-0.20.1%2Bcpu-cp310-cp310-linux_x86_64.whl (1.8 MB)
     ━━━━━━━━━━━━━━━━━━━━━━━━━━━━━━━━━━━━━━━━ 1.8/1.8 MB 15.0 MB/s eta 0:00:00
Collecting torchaudio
  Downloading https://download.pytorch.org/whl/cpu/torchaudio-2.5.1%2Bcpu-cp310-cp310-linux_x86_64.whl (1.7 MB)
     ━━━━━━━━━━━━━━━━━━━━━━━━━━━━━━━━━━━━━━━━ 1.7/1.7 MB 4.4 MB/s eta 0:00:00
Collecting filelock (from torch==2.5.1)
  Downloading https://download.pytorch.org/whl/filelock-3.13.1-py3-none-any.whl (11 kB)
Collecting typing-extensions>=4.8.0 (from torch==2.5.1)
  Downloading https://download.pytorch.org/whl/typing_extensions-4.9.0-py3-none-any.whl (32 kB)
Collecting networkx (from torch==2.5.1)
  Downloading https://download.pytorch.org/whl/networkx-3.2.1-py3-none-any.whl (1.6 MB)
     ━━━━━━━━━━━━━━━━━━━━━━━━━━━━━━━━━━━━━━━━ 1.6/1.6 MB 9.6 MB/s eta 0:00:00
Collecting jinja2 (from torch==2.5.1)
  Downloading https://download.pytorch.org/whl/Jinja2-3.1.3-py3-none-any.whl (133 kB)
Collecting fsspec (from torch==2.5.1)
  Downloading https://download.pytorch.org/whl/fsspec-2024.2.0-py3-none-any.whl (170 kB)
Collecting sympy==1.13.1 (from torch==2.5.1)
  Downloading https://download.pytorch.org/whl/sympy-1.13.1-py3-none-any.whl (6.2 MB)
     ━━━━━━━━━━━━━━━━━━━━━━━━━━━━━━━━━━━━━━━━ 6.2/6.2 MB 18.6 MB/s eta 0:00:00
Collecting mpmath<1.4,>=1.1.0 (from sympy==1.13.1->torch==2.5.1)
  Downloading https://download.pytorch.org/whl/mpmath-1.3.0-py3-none-any.whl (536 kB)
     ━━━━━━━━━━━━━━━━━━━━━━━━━━━━━━━━━━━━━━━━ 536.2/536.2 kB 1.5 MB/s eta 0:00:00
Collecting numpy (from torchvision)
  Downloading https://download.pytorch.org/whl/numpy-1.26.3-cp310-cp310-manylinux_2_17_x86_64.manylinux2014_x86_64.whl (18.2 MB)
     ━━━━━━━━━━━━━━━━━━━━━━━━━━━━━━━━━━━━━━━━ 18.2/18.2 MB 163.0 MB/s eta 0:00:00
Collecting pillow!=8.3.*,>=5.3.0 (from torchvision)
  Downloading https://download.pytorch.org/whl/pillow-10.2.0-cp310-cp310-manylinux_2_28_x86_64.whl (4.5 MB)
     ━━━━━━━━━━━━━━━━━━━━━━━━━━━━━━━━━━━━━━━━ 4.5/4.5 MB 14.9 MB/s eta 0:00:00
Collecting MarkupSafe>=2.0 (from jinja2->torch==2.5.1)
  Downloading https://download.pytorch.org/whl/MarkupSafe-2.1.5-cp310-cp310-manylinux_2_17_x86_64.manylinux2014_x86_64.whl (25 kB)
Installing collected packages: mpmath, typing-extensions, sympy, pillow, numpy, networkx, MarkupSafe, fsspec, filelock, jinja2, torch, torchvision, torchaudio
Successfully installed MarkupSafe-2.1.5 filelock-3.13.1 fsspec-2024.2.0 jinja2-3.1.3 mpmath-1.3.0 networkx-3.2.1 numpy-1.26.3 pillow-10.2.0 sympy-1.13.1 torch-2.5.1+cpu torchaudio-2.5.1+cpu torchvision-0.20.1+cpu typing-extensions-4.9.0

[notice] A new release of pip is available: 24.2 -> 24.3.1
[notice] To update, run: pip install --upgrade pip
PyTorch built with:
  - GCC 9.3
  - C++ Version: 201703
  - Intel(R) oneAPI Math Kernel Library Version 2024.2-Product Build 20240605 for Intel(R) 64 architecture applications
  - Intel(R) MKL-DNN v3.5.3 (Git Hash 66f0cb9eb66affd2da3bf5f8d897376f04aae6af)
  - OpenMP 201511 (a.k.a. OpenMP 4.5)
  - LAPACK is enabled (usually provided by MKL)
  - NNPACK is enabled
  - CPU capability usage: AVX512
  - Build settings: BLAS_INFO=mkl, BUILD_TYPE=Release, CXX_COMPILER=/opt/rh/devtoolset-9/root/usr/bin/c++, CXX_FLAGS= -D_GLIBCXX_USE_CXX11_ABI=0 -fabi-version=11 -fvisibility-inlines-hidden -DUSE_PTHREADPOOL -DNDEBUG -DUSE_KINETO -DLIBKINETO_NOCUPTI -DLIBKINETO_NOROCTRACER -DLIBKINETO_NOXPUPTI=ON -DUSE_FBGEMM -DUSE_PYTORCH_QNNPACK -DUSE_XNNPACK -DSYMBOLICATE_MOBILE_DEBUG_HANDLE -O2 -fPIC -Wall -Wextra -Werror=return-type -Werror=non-virtual-dtor -Werror=bool-operation -Wnarrowing -Wno-missing-field-initializers -Wno-type-limits -Wno-array-bounds -Wno-unknown-pragmas -Wno-unused-parameter -Wno-strict-overflow -Wno-strict-aliasing -Wno-stringop-overflow -Wsuggest-override -Wno-psabi -Wno-error=old-style-cast -Wno-missing-braces -fdiagnostics-color=always -faligned-new -Wno-unused-but-set-variable -Wno-maybe-uninitialized -fno-math-errno -fno-trapping-math -Werror=format -Wno-stringop-overflow, LAPACK_INFO=mkl, PERF_WITH_AVX=1, PERF_WITH_AVX2=1, TORCH_VERSION=2.5.1, USE_CUDA=0, USE_CUDNN=OFF, USE_CUSPARSELT=OFF, USE_EXCEPTION_PTR=1, USE_GFLAGS=OFF, USE_GLOG=OFF, USE_GLOO=ON, USE_MKL=ON, USE_MKLDNN=ON, USE_MPI=OFF, USE_NCCL=OFF, USE_NNPACK=ON, USE_OPENMP=ON, USE_ROCM=OFF, USE_ROCM_KERNEL_ASSERT=OFF, 

ATen/Parallel:
	at::get_num_threads() : 48
	at::get_num_interop_threads() : 48
OpenMP 201511 (a.k.a. OpenMP 4.5)
	omp_get_max_threads() : 48
Intel(R) oneAPI Math Kernel Library Version 2024.2-Product Build 20240605 for Intel(R) 64 architecture applications
	mkl_get_max_threads() : 48
Intel(R) MKL-DNN v3.5.3 (Git Hash 66f0cb9eb66affd2da3bf5f8d897376f04aae6af)
std::thread::hardware_concurrency() : 96
Environment variables:
	OMP_NUM_THREADS : [not set]
	MKL_NUM_THREADS : [not set]
ATen parallel backend: OpenMP

Cloning into 'einsum_ir'...
commit d036e0ea15d2cdd55906015e719a1de820ac9dc0
Author: Alexander Nikolas Breuer <breuer@mytum.de>
Date:   Sat Nov 9 19:37:43 2024 +0100

    Added arithmetic intensity to opt_einsum wrapper.

commit c600e8a2bcc332ab64cf7794d8b342d6b477959a
Author: Alexander Nikolas Breuer <alex.breuer@uni-jena.de>
Date:   Tue Nov 5 17:24:23 2024 +0100

    Added opt_einsum benchmarking script.

commit 0569261d56f557c9adef6744afdbf628f1f4ec6b
Author: Alexander Nikolas Breuer <alex.breuer@uni-jena.de>
Date:   Tue Nov 5 17:23:41 2024 +0100

    Added opt_einsum wrapper.

commit b23481aa1b8d9f6d00442c10df3c42dabd7c32ec
Author: Alexander Nikolas Breuer <alex.breuer@uni-jena.de>
Date:   Tue Nov 5 17:22:29 2024 +0100

    Removed #cores flag from einsum_ir benchmarking script.

commit 0c7f053d7bbafa6601cd6b9649468aa957a5a607
