*** input parameters ***
  einsum_str: aib,bjc,ckd,dle,ema->ijklm
  dim_sizes:  40,40,40,40,40,25,25,25,25,25
  cont_path:  (0,1),(0,1),(0,1),(0,1)
  backend:    torch
  dtype:      FP32
*** benchmarking opt_einsum expression ***
  #flops :          33410000000
  #bytes :          39862500
  arith. intensity: 838.13
  time (eval):      0.034844
  time (compile):   0.000156
  gflops (eval):    958.85
  gflops (total):   954.56
CSV_DATA: opt_einsum,torch,"aib,bjc,ckd,dle,ema->ijklm","40,40,40,40,40,25,25,25,25,25","(0,1),(0,1),(0,1),(0,1)",FP32,33410000000,838.1310755722797,0.000156402587890625,0.03484392166137695,958.8472940757873,954.5625852508822
*** input parameters ***
  einsum_str: aib,bjc,ckd,dle,ema->ijklm
  dim_sizes:  40,40,40,40,40,25,25,25,25,25
  cont_path:  (0,1),(0,1),(0,1),(0,1)
  backend:    torch
  dtype:      FP32
*** benchmarking opt_einsum expression ***
  #flops :          33410000000
  #bytes :          39862500
  arith. intensity: 838.13
  time (eval):      0.035055
  time (compile):   0.000152
  gflops (eval):    953.07
  gflops (total):   948.96
CSV_DATA: opt_einsum,torch,"aib,bjc,ckd,dle,ema->ijklm","40,40,40,40,40,25,25,25,25,25","(0,1),(0,1),(0,1),(0,1)",FP32,33410000000,838.1310755722797,0.00015163421630859375,0.03505516052246094,953.069377006366,948.9645464149309
*** input parameters ***
  einsum_str: aib,bjc,ckd,dle,ema->ijklm
  dim_sizes:  40,40,40,40,40,25,25,25,25,25
  cont_path:  (0,1),(0,1),(0,1),(0,1)
  backend:    torch
  dtype:      FP32
*** benchmarking opt_einsum expression ***
  #flops :          33410000000
  #bytes :          39862500
  arith. intensity: 838.13
  time (eval):      0.034740
  time (compile):   0.000154
  gflops (eval):    961.72
  gflops (total):   957.46
CSV_DATA: opt_einsum,torch,"aib,bjc,ckd,dle,ema->ijklm","40,40,40,40,40,25,25,25,25,25","(0,1),(0,1),(0,1),(0,1)",FP32,33410000000,838.1310755722797,0.0001544952392578125,0.03473997116088867,961.7163999725483,957.4584009073642
*** input parameters ***
  einsum_str: aib,bjc,ckd,dle,ema->ijklm
  dim_sizes:  40,40,40,40,40,25,25,25,25,25
  cont_path:  (0,1),(0,1),(0,1),(0,1)
  backend:    torch
  dtype:      FP32
*** benchmarking opt_einsum expression ***
  #flops :          33410000000
  #bytes :          39862500
  arith. intensity: 838.13
  time (eval):      0.035065
  time (compile):   0.000161
  gflops (eval):    952.79
  gflops (total):   948.44
CSV_DATA: opt_einsum,torch,"aib,bjc,ckd,dle,ema->ijklm","40,40,40,40,40,25,25,25,25,25","(0,1),(0,1),(0,1),(0,1)",FP32,33410000000,838.1310755722797,0.0001609325408935547,0.035065412521362305,952.7907301716812,948.4378791201354
*** input parameters ***
  einsum_str: aib,bjc,ckd,dle,ema->ijklm
  dim_sizes:  40,40,40,40,40,25,25,25,25,25
  cont_path:  (0,1),(0,1),(0,1),(0,1)
  backend:    torch
  dtype:      FP32
*** benchmarking opt_einsum expression ***
  #flops :          33410000000
  #bytes :          39862500
  arith. intensity: 838.13
  time (eval):      0.035483
  time (compile):   0.000163
  gflops (eval):    941.58
  gflops (total):   937.27
CSV_DATA: opt_einsum,torch,"aib,bjc,ckd,dle,ema->ijklm","40,40,40,40,40,25,25,25,25,25","(0,1),(0,1),(0,1),(0,1)",FP32,33410000000,838.1310755722797,0.00016307830810546875,0.03548288345336914,941.5807496002043,937.2730696274498
*** input parameters ***
  einsum_str: aib,bjc,ckd,dle,ema->ijklm
  dim_sizes:  40,40,40,40,40,25,25,25,25,25
  cont_path:  (0,1),(0,1),(0,1),(0,1)
  backend:    torch
  dtype:      FP32
*** benchmarking opt_einsum expression ***
  #flops :          33410000000
  #bytes :          39862500
  arith. intensity: 838.13
  time (eval):      0.035894
  time (compile):   0.000148
  gflops (eval):    930.79
  gflops (total):   926.97
CSV_DATA: opt_einsum,torch,"aib,bjc,ckd,dle,ema->ijklm","40,40,40,40,40,25,25,25,25,25","(0,1),(0,1),(0,1),(0,1)",FP32,33410000000,838.1310755722797,0.0001480579376220703,0.035894155502319336,930.7922009153045,926.9685963009024
*** input parameters ***
  einsum_str: aib,bjc,ckd,dle,ema->ijklm
  dim_sizes:  40,40,40,40,40,25,25,25,25,25
  cont_path:  (0,1),(0,1),(0,1),(0,1)
  backend:    torch
  dtype:      FP32
*** benchmarking opt_einsum expression ***
  #flops :          33410000000
  #bytes :          39862500
  arith. intensity: 838.13
  time (eval):      0.035441
  time (compile):   0.000155
  gflops (eval):    942.69
  gflops (total):   938.59
CSV_DATA: opt_einsum,torch,"aib,bjc,ckd,dle,ema->ijklm","40,40,40,40,40,25,25,25,25,25","(0,1),(0,1),(0,1),(0,1)",FP32,33410000000,838.1310755722797,0.00015497207641601562,0.03544116020202637,942.6892294030986,938.585117581262
*** input parameters ***
  einsum_str: aib,bjc,ckd,dle,ema->ijklm
  dim_sizes:  40,40,40,40,40,25,25,25,25,25
  cont_path:  (0,1),(0,1),(0,1),(0,1)
  backend:    torch
  dtype:      FP32
*** benchmarking opt_einsum expression ***
  #flops :          33410000000
  #bytes :          39862500
  arith. intensity: 838.13
  time (eval):      0.035721
  time (compile):   0.000151
  gflops (eval):    935.30
  gflops (total):   931.36
CSV_DATA: opt_einsum,torch,"aib,bjc,ckd,dle,ema->ijklm","40,40,40,40,40,25,25,25,25,25","(0,1),(0,1),(0,1),(0,1)",FP32,33410000000,838.1310755722797,0.00015115737915039062,0.0357210636138916,935.3024971800434,931.3613452169694
*** input parameters ***
  einsum_str: aib,bjc,ckd,dle,ema->ijklm
  dim_sizes:  40,40,40,40,40,25,25,25,25,25
  cont_path:  (0,1),(0,1),(0,1),(0,1)
  backend:    torch
  dtype:      FP32
*** benchmarking opt_einsum expression ***
  #flops :          33410000000
  #bytes :          39862500
  arith. intensity: 838.13
  time (eval):      0.036318
  time (compile):   0.000160
  gflops (eval):    919.92
  gflops (total):   915.89
CSV_DATA: opt_einsum,torch,"aib,bjc,ckd,dle,ema->ijklm","40,40,40,40,40,25,25,25,25,25","(0,1),(0,1),(0,1),(0,1)",FP32,33410000000,838.1310755722797,0.00015974044799804688,0.036318302154541016,919.9218580712926,915.8934420915034
*** input parameters ***
  einsum_str: aib,bjc,ckd,dle,ema->ijklm
  dim_sizes:  40,40,40,40,40,25,25,25,25,25
  cont_path:  (0,1),(0,1),(0,1),(0,1)
  backend:    torch
  dtype:      FP32
*** benchmarking opt_einsum expression ***
  #flops :          33410000000
  #bytes :          39862500
  arith. intensity: 838.13
  time (eval):      0.035921
  time (compile):   0.000153
  gflops (eval):    930.11
  gflops (total):   926.17
CSV_DATA: opt_einsum,torch,"aib,bjc,ckd,dle,ema->ijklm","40,40,40,40,40,25,25,25,25,25","(0,1),(0,1),(0,1),(0,1)",FP32,33410000000,838.1310755722797,0.00015282630920410156,0.03592061996459961,930.1064411729567,926.1660154788736
*** input parameters ***
  einsum_str: aib,bjc,ckd,dle,ema->ijklm
  dim_sizes:  40,40,40,40,40,25,25,25,25,25
  cont_path:  (0,1),(0,1),(0,1),(0,1)
  backend:    torch
  dtype:      FP32
*** benchmarking opt_einsum expression ***
  #flops :          33410000000
  #bytes :          39862500
  arith. intensity: 838.13
  time (eval):      0.035223
  time (compile):   0.000158
  gflops (eval):    948.53
  gflops (total):   944.30
CSV_DATA: opt_einsum,torch,"aib,bjc,ckd,dle,ema->ijklm","40,40,40,40,40,25,25,25,25,25","(0,1),(0,1),(0,1),(0,1)",FP32,33410000000,838.1310755722797,0.0001575946807861328,0.03522300720214844,948.5277565386907,944.3027597592944
*** input parameters ***
  einsum_str: aib,bjc,ckd,dle,ema->ijklm
  dim_sizes:  40,40,40,40,40,25,25,25,25,25
  cont_path:  (0,1),(0,1),(0,1),(0,1)
  backend:    torch
  dtype:      FP32
*** benchmarking opt_einsum expression ***
  #flops :          33410000000
  #bytes :          39862500
  arith. intensity: 838.13
  time (eval):      0.035650
  time (compile):   0.000165
  gflops (eval):    937.15
  gflops (total):   932.84
CSV_DATA: opt_einsum,torch,"aib,bjc,ckd,dle,ema->ijklm","40,40,40,40,40,25,25,25,25,25","(0,1),(0,1),(0,1),(0,1)",FP32,33410000000,838.1310755722797,0.0001647472381591797,0.03565049171447754,937.1539744129901,932.84314099321
*** input parameters ***
  einsum_str: aib,bjc,ckd,dle,ema->ijklm
  dim_sizes:  40,40,40,40,40,25,25,25,25,25
  cont_path:  (0,1),(0,1),(0,1),(0,1)
  backend:    torch
  dtype:      FP32
*** benchmarking opt_einsum expression ***
  #flops :          33410000000
  #bytes :          39862500
  arith. intensity: 838.13
  time (eval):      0.034527
  time (compile):   0.000153
  gflops (eval):    967.65
  gflops (total):   963.38
CSV_DATA: opt_einsum,torch,"aib,bjc,ckd,dle,ema->ijklm","40,40,40,40,40,25,25,25,25,25","(0,1),(0,1),(0,1),(0,1)",FP32,33410000000,838.1310755722797,0.00015282630920410156,0.03452706336975098,967.6467309777167,963.382534064816
*** input parameters ***
  einsum_str: aib,bjc,ckd,dle,ema->ijklm
  dim_sizes:  40,40,40,40,40,25,25,25,25,25
  cont_path:  (0,1),(0,1),(0,1),(0,1)
  backend:    torch
  dtype:      FP32
*** benchmarking opt_einsum expression ***
  #flops :          33410000000
  #bytes :          39862500
  arith. intensity: 838.13
  time (eval):      0.036059
  time (compile):   0.000153
  gflops (eval):    926.53
  gflops (total):   922.62
CSV_DATA: opt_einsum,torch,"aib,bjc,ckd,dle,ema->ijklm","40,40,40,40,40,25,25,25,25,25","(0,1),(0,1),(0,1),(0,1)",FP32,33410000000,838.1310755722797,0.00015282630920410156,0.03605914115905762,926.5334371838696,922.6231639935742
*** input parameters ***
  einsum_str: aib,bjc,ckd,dle,ema->ijklm
  dim_sizes:  40,40,40,40,40,25,25,25,25,25
  cont_path:  (0,1),(0,1),(0,1),(0,1)
  backend:    torch
  dtype:      FP32
*** benchmarking opt_einsum expression ***
  #flops :          33410000000
  #bytes :          39862500
  arith. intensity: 838.13
  time (eval):      0.035198
  time (compile):   0.000151
  gflops (eval):    949.21
  gflops (total):   945.14
CSV_DATA: opt_einsum,torch,"aib,bjc,ckd,dle,ema->ijklm","40,40,40,40,40,25,25,25,25,25","(0,1),(0,1),(0,1),(0,1)",FP32,33410000000,838.1310755722797,0.0001513957977294922,0.03519773483276367,949.2088101334418,945.143470407716
*** input parameters ***
  einsum_str: aib,bjc,ckd,dle,ema->ijklm
  dim_sizes:  40,40,40,40,40,25,25,25,25,25
  cont_path:  (0,1),(0,1),(0,1),(0,1)
  backend:    torch
  dtype:      FP32
*** benchmarking opt_einsum expression ***
  #flops :          33410000000
  #bytes :          39862500
  arith. intensity: 838.13
  time (eval):      0.035541
  time (compile):   0.000152
  gflops (eval):    940.04
  gflops (total):   936.03
CSV_DATA: opt_einsum,torch,"aib,bjc,ckd,dle,ema->ijklm","40,40,40,40,40,25,25,25,25,25","(0,1),(0,1),(0,1),(0,1)",FP32,33410000000,838.1310755722797,0.00015234947204589844,0.03554105758666992,940.0395561816597,936.0272037085278
*** input parameters ***
  einsum_str: aib,bjc,ckd,dle,ema->ijklm
  dim_sizes:  40,40,40,40,40,25,25,25,25,25
  cont_path:  (0,1),(0,1),(0,1),(0,1)
  backend:    torch
  dtype:      FP32
*** benchmarking opt_einsum expression ***
  #flops :          33410000000
  #bytes :          39862500
  arith. intensity: 838.13
  time (eval):      0.035622
  time (compile):   0.000152
  gflops (eval):    937.91
  gflops (total):   933.93
CSV_DATA: opt_einsum,torch,"aib,bjc,ckd,dle,ema->ijklm","40,40,40,40,40,25,25,25,25,25","(0,1),(0,1),(0,1),(0,1)",FP32,33410000000,838.1310755722797,0.00015163421630859375,0.03562188148498535,937.9066631862875,933.9311315938553
*** input parameters ***
  einsum_str: aib,bjc,ckd,dle,ema->ijklm
  dim_sizes:  40,40,40,40,40,25,25,25,25,25
  cont_path:  (0,1),(0,1),(0,1),(0,1)
  backend:    torch
  dtype:      FP32
*** benchmarking opt_einsum expression ***
  #flops :          33410000000
  #bytes :          39862500
  arith. intensity: 838.13
  time (eval):      0.035698
  time (compile):   0.000151
  gflops (eval):    935.91
  gflops (total):   931.97
CSV_DATA: opt_einsum,torch,"aib,bjc,ckd,dle,ema->ijklm","40,40,40,40,40,25,25,25,25,25","(0,1),(0,1),(0,1),(0,1)",FP32,33410000000,838.1310755722797,0.0001506805419921875,0.03569793701171875,935.9084248771105,931.9745719606278
*** input parameters ***
  einsum_str: aib,bjc,ckd,dle,ema->ijklm
  dim_sizes:  40,40,40,40,40,25,25,25,25,25
  cont_path:  (0,1),(0,1),(0,1),(0,1)
  backend:    torch
  dtype:      FP32
*** benchmarking opt_einsum expression ***
  #flops :          33410000000
  #bytes :          39862500
  arith. intensity: 838.13
  time (eval):      0.036508
  time (compile):   0.000154
  gflops (eval):    915.14
  gflops (total):   911.28
CSV_DATA: opt_einsum,torch,"aib,bjc,ckd,dle,ema->ijklm","40,40,40,40,40,25,25,25,25,25","(0,1),(0,1),(0,1),(0,1)",FP32,33410000000,838.1310755722797,0.0001544952392578125,0.03650808334350586,915.1397975523425,911.2834200840194
*** input parameters ***
  einsum_str: aib,bjc,ckd,dle,ema->ijklm
  dim_sizes:  40,40,40,40,40,25,25,25,25,25
  cont_path:  (0,1),(0,1),(0,1),(0,1)
  backend:    torch
  dtype:      FP32
*** benchmarking opt_einsum expression ***
  #flops :          33410000000
  #bytes :          39862500
  arith. intensity: 838.13
  time (eval):      0.036355
  time (compile):   0.000154
  gflops (eval):    919.00
  gflops (total):   915.11
CSV_DATA: opt_einsum,torch,"aib,bjc,ckd,dle,ema->ijklm","40,40,40,40,40,25,25,25,25,25","(0,1),(0,1),(0,1),(0,1)",FP32,33410000000,838.1310755722797,0.0001544952392578125,0.036354780197143555,918.99881717962,915.1099166073493
*** input parameters ***
  einsum_str: aib,bjc,ckd,dle,ema->ijklm
  dim_sizes:  40,40,40,40,40,25,25,25,25,25
  cont_path:  (0,1),(0,1),(0,1),(0,1)
  backend:    torch
  dtype:      FP32
*** benchmarking opt_einsum expression ***
  #flops :          33410000000
  #bytes :          39862500
  arith. intensity: 838.13
  time (eval):      0.036450
  time (compile):   0.000150
  gflops (eval):    916.59
  gflops (total):   912.82
CSV_DATA: opt_einsum,torch,"aib,bjc,ckd,dle,ema->ijklm","40,40,40,40,40,25,25,25,25,25","(0,1),(0,1),(0,1),(0,1)",FP32,33410000000,838.1310755722797,0.00015044212341308594,0.03645038604736328,916.5883718374716,912.8208750936391
*** input parameters ***
  einsum_str: aib,bjc,ckd,dle,ema->ijklm
  dim_sizes:  40,40,40,40,40,25,25,25,25,25
  cont_path:  (0,1),(0,1),(0,1),(0,1)
  backend:    torch
  dtype:      FP32
*** benchmarking opt_einsum expression ***
  #flops :          33410000000
  #bytes :          39862500
  arith. intensity: 838.13
  time (eval):      0.037065
  time (compile):   0.000150
  gflops (eval):    901.40
  gflops (total):   897.77
CSV_DATA: opt_einsum,torch,"aib,bjc,ckd,dle,ema->ijklm","40,40,40,40,40,25,25,25,25,25","(0,1),(0,1),(0,1),(0,1)",FP32,33410000000,838.1310755722797,0.00014972686767578125,0.037064552307128906,901.4003386080021,897.7736702373021
*** input parameters ***
  einsum_str: aib,bjc,ckd,dle,ema->ijklm
  dim_sizes:  40,40,40,40,40,25,25,25,25,25
  cont_path:  (0,1),(0,1),(0,1),(0,1)
  backend:    torch
  dtype:      FP32
*** benchmarking opt_einsum expression ***
  #flops :          33410000000
  #bytes :          39862500
  arith. intensity: 838.13
  time (eval):      0.036607
  time (compile):   0.000159
  gflops (eval):    912.66
  gflops (total):   908.72
CSV_DATA: opt_einsum,torch,"aib,bjc,ckd,dle,ema->ijklm","40,40,40,40,40,25,25,25,25,25","(0,1),(0,1),(0,1),(0,1)",FP32,33410000000,838.1310755722797,0.00015878677368164062,0.03660726547241211,912.6603576871476,908.7187217264993
*** input parameters ***
  einsum_str: aib,bjc,ckd,dle,ema->ijklm
  dim_sizes:  40,40,40,40,40,25,25,25,25,25
  cont_path:  (0,1),(0,1),(0,1),(0,1)
  backend:    torch
  dtype:      FP32
*** benchmarking opt_einsum expression ***
  #flops :          33410000000
  #bytes :          39862500
  arith. intensity: 838.13
  time (eval):      0.035036
  time (compile):   0.000152
  gflops (eval):    953.60
  gflops (total):   949.48
CSV_DATA: opt_einsum,torch,"aib,bjc,ckd,dle,ema->ijklm","40,40,40,40,40,25,25,25,25,25","(0,1),(0,1),(0,1),(0,1)",FP32,33410000000,838.1310755722797,0.00015211105346679688,0.03503561019897461,953.6012020415108,949.4789321625066
*** input parameters ***
  einsum_str: aib,bjc,ckd,dle,ema->ijklm
  dim_sizes:  40,40,40,40,40,25,25,25,25,25
  cont_path:  (0,1),(0,1),(0,1),(0,1)
  backend:    torch
  dtype:      FP32
*** benchmarking opt_einsum expression ***
  #flops :          33410000000
  #bytes :          39862500
  arith. intensity: 838.13
  time (eval):      0.036193
  time (compile):   0.000153
  gflops (eval):    923.11
  gflops (total):   919.23
CSV_DATA: opt_einsum,torch,"aib,bjc,ckd,dle,ema->ijklm","40,40,40,40,40,25,25,25,25,25","(0,1),(0,1),(0,1),(0,1)",FP32,33410000000,838.1310755722797,0.00015282630920410156,0.036192893981933594,923.1093820979685,919.2278962248681
*** input parameters ***
  einsum_str: aib,bjc,ckd,dle,ema->ijklm
  dim_sizes:  40,40,40,40,40,25,25,25,25,25
  cont_path:  (0,1),(0,1),(0,1),(0,1)
  backend:    torch
  dtype:      FP32
*** benchmarking opt_einsum expression ***
  #flops :          33410000000
  #bytes :          39862500
  arith. intensity: 838.13
  time (eval):      0.035952
  time (compile):   0.000151
  gflops (eval):    929.30
  gflops (total):   925.41
CSV_DATA: opt_einsum,torch,"aib,bjc,ckd,dle,ema->ijklm","40,40,40,40,40,25,25,25,25,25","(0,1),(0,1),(0,1),(0,1)",FP32,33410000000,838.1310755722797,0.00015091896057128906,0.035951852798461914,929.298419953181,925.4137112517006
*** input parameters ***
  einsum_str: aib,bjc,ckd,dle,ema->ijklm
  dim_sizes:  40,40,40,40,40,25,25,25,25,25
  cont_path:  (0,1),(0,1),(0,1),(0,1)
  backend:    torch
  dtype:      FP32
*** benchmarking opt_einsum expression ***
  #flops :          33410000000
  #bytes :          39862500
  arith. intensity: 838.13
  time (eval):      0.036278
  time (compile):   0.000155
  gflops (eval):    920.95
  gflops (total):   917.04
CSV_DATA: opt_einsum,torch,"aib,bjc,ckd,dle,ema->ijklm","40,40,40,40,40,25,25,25,25,25","(0,1),(0,1),(0,1),(0,1)",FP32,33410000000,838.1310755722797,0.00015473365783691406,0.03627777099609375,920.9496361724501,917.0382414648352
*** input parameters ***
  einsum_str: aib,bjc,ckd,dle,ema->ijklm
  dim_sizes:  40,40,40,40,40,25,25,25,25,25
  cont_path:  (0,1),(0,1),(0,1),(0,1)
  backend:    torch
  dtype:      FP32
*** benchmarking opt_einsum expression ***
  #flops :          33410000000
  #bytes :          39862500
  arith. intensity: 838.13
  time (eval):      0.035873
  time (compile):   0.000151
  gflops (eval):    931.34
  gflops (total):   927.42
CSV_DATA: opt_einsum,torch,"aib,bjc,ckd,dle,ema->ijklm","40,40,40,40,40,25,25,25,25,25","(0,1),(0,1),(0,1),(0,1)",FP32,33410000000,838.1310755722797,0.0001513957977294922,0.0358731746673584,931.3365853399175,927.4225776648268
*** input parameters ***
  einsum_str: aib,bjc,ckd,dle,ema->ijklm
  dim_sizes:  40,40,40,40,40,25,25,25,25,25
  cont_path:  (0,1),(0,1),(0,1),(0,1)
  backend:    torch
  dtype:      FP32
*** benchmarking opt_einsum expression ***
  #flops :          33410000000
  #bytes :          39862500
  arith. intensity: 838.13
  time (eval):      0.036757
  time (compile):   0.000154
  gflops (eval):    908.95
  gflops (total):   905.14
CSV_DATA: opt_einsum,torch,"aib,bjc,ckd,dle,ema->ijklm","40,40,40,40,40,25,25,25,25,25","(0,1),(0,1),(0,1),(0,1)",FP32,33410000000,838.1310755722797,0.0001544952392578125,0.03675675392150879,908.9485995238991,905.1441162146276
*** input parameters ***
  einsum_str: aib,bjc,ckd,dle,ema->ijklm
  dim_sizes:  40,40,40,40,40,25,25,25,25,25
  cont_path:  (0,1),(0,1),(0,1),(0,1)
  backend:    torch
  dtype:      FP32
*** benchmarking opt_einsum expression ***
  #flops :          33410000000
  #bytes :          39862500
  arith. intensity: 838.13
  time (eval):      0.036177
  time (compile):   0.000158
  gflops (eval):    923.52
  gflops (total):   919.51
CSV_DATA: opt_einsum,torch,"aib,bjc,ckd,dle,ema->ijklm","40,40,40,40,40,25,25,25,25,25","(0,1),(0,1),(0,1),(0,1)",FP32,33410000000,838.1310755722797,0.00015783309936523438,0.03617668151855469,923.5230705962989,919.5113888633709
*** input parameters ***
  einsum_str: aib,bjc,ckd,dle,ema->ijklm
  dim_sizes:  40,40,40,40,40,25,25,25,25,25
  cont_path:  (0,1),(0,1),(0,1),(0,1)
  backend:    torch
  dtype:      FP32
*** benchmarking opt_einsum expression ***
  #flops :          33410000000
  #bytes :          39862500
  arith. intensity: 838.13
  time (eval):      0.036469
  time (compile):   0.000152
  gflops (eval):    916.11
  gflops (total):   912.31
CSV_DATA: opt_einsum,torch,"aib,bjc,ckd,dle,ema->ijklm","40,40,40,40,40,25,25,25,25,25","(0,1),(0,1),(0,1),(0,1)",FP32,33410000000,838.1310755722797,0.0001518726348876953,0.036469459533691406,916.1089971496561,912.3097938164466
*** input parameters ***
  einsum_str: aib,bjc,ckd,dle,ema->ijklm
  dim_sizes:  40,40,40,40,40,25,25,25,25,25
  cont_path:  (0,1),(0,1),(0,1),(0,1)
  backend:    torch
  dtype:      FP32
*** benchmarking opt_einsum expression ***
  #flops :          33410000000
  #bytes :          39862500
  arith. intensity: 838.13
  time (eval):      0.035962
  time (compile):   0.000153
  gflops (eval):    929.05
  gflops (total):   925.12
CSV_DATA: opt_einsum,torch,"aib,bjc,ckd,dle,ema->ijklm","40,40,40,40,40,25,25,25,25,25","(0,1),(0,1),(0,1),(0,1)",FP32,33410000000,838.1310755722797,0.000152587890625,0.03596162796020508,929.0458161952876,925.120460541083
*** input parameters ***
  einsum_str: aib,bjc,ckd,dle,ema->ijklm
  dim_sizes:  40,40,40,40,40,25,25,25,25,25
  cont_path:  (0,1),(0,1),(0,1),(0,1)
  backend:    torch
  dtype:      FP32
*** benchmarking opt_einsum expression ***
  #flops :          33410000000
  #bytes :          39862500
  arith. intensity: 838.13
  time (eval):      0.034905
  time (compile):   0.000157
  gflops (eval):    957.17
  gflops (total):   952.89
CSV_DATA: opt_einsum,torch,"aib,bjc,ckd,dle,ema->ijklm","40,40,40,40,40,25,25,25,25,25","(0,1),(0,1),(0,1),(0,1)",FP32,33410000000,838.1310755722797,0.00015687942504882812,0.03490495681762695,957.1706441168838,952.8879140486877
*** input parameters ***
  einsum_str: aib,bjc,ckd,dle,ema->ijklm
  dim_sizes:  40,40,40,40,40,25,25,25,25,25
  cont_path:  (0,1),(0,1),(0,1),(0,1)
  backend:    torch
  dtype:      FP32
*** benchmarking opt_einsum expression ***
  #flops :          33410000000
  #bytes :          39862500
  arith. intensity: 838.13
  time (eval):      0.035557
  time (compile):   0.000162
  gflops (eval):    939.63
  gflops (total):   935.36
CSV_DATA: opt_einsum,torch,"aib,bjc,ckd,dle,ema->ijklm","40,40,40,40,40,25,25,25,25,25","(0,1),(0,1),(0,1),(0,1)",FP32,33410000000,838.1310755722797,0.0001621246337890625,0.03555655479431152,939.629843028129,935.3649276774689
*** input parameters ***
  einsum_str: aib,bjc,ckd,dle,ema->ijklm
  dim_sizes:  40,40,40,40,40,25,25,25,25,25
  cont_path:  (0,1),(0,1),(0,1),(0,1)
  backend:    torch
  dtype:      FP32
*** benchmarking opt_einsum expression ***
  #flops :          33410000000
  #bytes :          39862500
  arith. intensity: 838.13
  time (eval):      0.034817
  time (compile):   0.000155
  gflops (eval):    959.59
  gflops (total):   955.34
CSV_DATA: opt_einsum,torch,"aib,bjc,ckd,dle,ema->ijklm","40,40,40,40,40,25,25,25,25,25","(0,1),(0,1),(0,1),(0,1)",FP32,33410000000,838.1310755722797,0.00015473365783691406,0.03481698036193848,959.589247909719,955.343509360385
*** input parameters ***
  einsum_str: aib,bjc,ckd,dle,ema->ijklm
  dim_sizes:  40,40,40,40,40,25,25,25,25,25
  cont_path:  (0,1),(0,1),(0,1),(0,1)
  backend:    torch
  dtype:      FP32
*** benchmarking opt_einsum expression ***
  #flops :          33410000000
  #bytes :          39862500
  arith. intensity: 838.13
  time (eval):      0.037272
  time (compile):   0.000154
  gflops (eval):    896.39
  gflops (total):   892.69
CSV_DATA: opt_einsum,torch,"aib,bjc,ckd,dle,ema->ijklm","40,40,40,40,40,25,25,25,25,25","(0,1),(0,1),(0,1),(0,1)",FP32,33410000000,838.1310755722797,0.0001544952392578125,0.037271738052368164,896.3896438920483,892.6893534721647
*** input parameters ***
  einsum_str: aib,bjc,ckd,dle,ema->ijklm
  dim_sizes:  40,40,40,40,40,25,25,25,25,25
  cont_path:  (0,1),(0,1),(0,1),(0,1)
  backend:    torch
  dtype:      FP32
*** benchmarking opt_einsum expression ***
  #flops :          33410000000
  #bytes :          39862500
  arith. intensity: 838.13
  time (eval):      0.035409
  time (compile):   0.000151
  gflops (eval):    943.55
  gflops (total):   939.54
CSV_DATA: opt_einsum,torch,"aib,bjc,ckd,dle,ema->ijklm","40,40,40,40,40,25,25,25,25,25","(0,1),(0,1),(0,1),(0,1)",FP32,33410000000,838.1310755722797,0.00015091896057128906,0.035408973693847656,943.5461272859491,939.5416438594963
*** input parameters ***
  einsum_str: aib,bjc,ckd,dle,ema->ijklm
  dim_sizes:  40,40,40,40,40,25,25,25,25,25
  cont_path:  (0,1),(0,1),(0,1),(0,1)
  backend:    torch
  dtype:      FP32
*** benchmarking opt_einsum expression ***
  #flops :          33410000000
  #bytes :          39862500
  arith. intensity: 838.13
  time (eval):      0.035840
  time (compile):   0.000153
  gflops (eval):    932.20
  gflops (total):   928.24
CSV_DATA: opt_einsum,torch,"aib,bjc,ckd,dle,ema->ijklm","40,40,40,40,40,25,25,25,25,25","(0,1),(0,1),(0,1),(0,1)",FP32,33410000000,838.1310755722797,0.00015282630920410156,0.03584003448486328,932.197763763604,928.2396359421059
*** input parameters ***
  einsum_str: aib,bjc,ckd,dle,ema->ijklm
  dim_sizes:  40,40,40,40,40,25,25,25,25,25
  cont_path:  (0,1),(0,1),(0,1),(0,1)
  backend:    torch
  dtype:      FP32
*** benchmarking opt_einsum expression ***
  #flops :          33410000000
  #bytes :          39862500
  arith. intensity: 838.13
  time (eval):      0.036395
  time (compile):   0.000148
  gflops (eval):    917.99
  gflops (total):   914.27
CSV_DATA: opt_einsum,torch,"aib,bjc,ckd,dle,ema->ijklm","40,40,40,40,40,25,25,25,25,25","(0,1),(0,1),(0,1),(0,1)",FP32,33410000000,838.1310755722797,0.0001480579376220703,0.03639483451843262,917.9874133808491,914.2680766219531
*** input parameters ***
  einsum_str: aib,bjc,ckd,dle,ema->ijklm
  dim_sizes:  40,40,40,40,40,25,25,25,25,25
  cont_path:  (0,1),(0,1),(0,1),(0,1)
  backend:    torch
  dtype:      FP32
*** benchmarking opt_einsum expression ***
  #flops :          33410000000
  #bytes :          39862500
  arith. intensity: 838.13
  time (eval):      0.035512
  time (compile):   0.000148
  gflops (eval):    940.82
  gflops (total):   936.90
CSV_DATA: opt_einsum,torch,"aib,bjc,ckd,dle,ema->ijklm","40,40,40,40,40,25,25,25,25,25","(0,1),(0,1),(0,1),(0,1)",FP32,33410000000,838.1310755722797,0.00014829635620117188,0.03551173210144043,940.8158381169142,936.9033465490844
*** input parameters ***
  einsum_str: aib,bjc,ckd,dle,ema->ijklm
  dim_sizes:  40,40,40,40,40,25,25,25,25,25
  cont_path:  (0,1),(0,1),(0,1),(0,1)
  backend:    torch
  dtype:      FP32
*** benchmarking opt_einsum expression ***
  #flops :          33410000000
  #bytes :          39862500
  arith. intensity: 838.13
  time (eval):      0.036986
  time (compile):   0.000149
  gflops (eval):    903.32
  gflops (total):   899.70
CSV_DATA: opt_einsum,torch,"aib,bjc,ckd,dle,ema->ijklm","40,40,40,40,40,25,25,25,25,25","(0,1),(0,1),(0,1),(0,1)",FP32,33410000000,838.1310755722797,0.000148773193359375,0.03698563575744629,903.3236637894914,899.7046390117687
*** input parameters ***
  einsum_str: aib,bjc,ckd,dle,ema->ijklm
  dim_sizes:  40,40,40,40,40,25,25,25,25,25
  cont_path:  (0,1),(0,1),(0,1),(0,1)
  backend:    torch
  dtype:      FP32
*** benchmarking opt_einsum expression ***
  #flops :          33410000000
  #bytes :          39862500
  arith. intensity: 838.13
  time (eval):      0.037287
  time (compile):   0.000157
  gflops (eval):    896.01
  gflops (total):   892.26
CSV_DATA: opt_einsum,torch,"aib,bjc,ckd,dle,ema->ijklm","40,40,40,40,40,25,25,25,25,25","(0,1),(0,1),(0,1),(0,1)",FP32,33410000000,838.1310755722797,0.00015664100646972656,0.03728747367858887,896.0113599539628,892.2630507093193
*** input parameters ***
  einsum_str: aib,bjc,ckd,dle,ema->ijklm
  dim_sizes:  40,40,40,40,40,25,25,25,25,25
  cont_path:  (0,1),(0,1),(0,1),(0,1)
  backend:    torch
  dtype:      FP32
*** benchmarking opt_einsum expression ***
  #flops :          33410000000
  #bytes :          39862500
  arith. intensity: 838.13
  time (eval):      0.037481
  time (compile):   0.000156
  gflops (eval):    891.38
  gflops (total):   887.69
CSV_DATA: opt_einsum,torch,"aib,bjc,ckd,dle,ema->ijklm","40,40,40,40,40,25,25,25,25,25","(0,1),(0,1),(0,1),(0,1)",FP32,33410000000,838.1310755722797,0.00015592575073242188,0.037481069564819336,891.3833139745686,887.6904152387227
*** input parameters ***
  einsum_str: aib,bjc,ckd,dle,ema->ijklm
  dim_sizes:  40,40,40,40,40,25,25,25,25,25
  cont_path:  (0,1),(0,1),(0,1),(0,1)
  backend:    torch
  dtype:      FP32
*** benchmarking opt_einsum expression ***
  #flops :          33410000000
  #bytes :          39862500
  arith. intensity: 838.13
  time (eval):      0.036648
  time (compile):   0.000150
  gflops (eval):    911.64
  gflops (total):   907.92
CSV_DATA: opt_einsum,torch,"aib,bjc,ckd,dle,ema->ijklm","40,40,40,40,40,25,25,25,25,25","(0,1),(0,1),(0,1),(0,1)",FP32,33410000000,838.1310755722797,0.00015020370483398438,0.03664827346801758,911.6391261693796,907.9180054942208
*** input parameters ***
  einsum_str: aib,bjc,ckd,dle,ema->ijklm
  dim_sizes:  40,40,40,40,40,25,25,25,25,25
  cont_path:  (0,1),(0,1),(0,1),(0,1)
  backend:    torch
  dtype:      FP32
*** benchmarking opt_einsum expression ***
  #flops :          33410000000
  #bytes :          39862500
  arith. intensity: 838.13
  time (eval):      0.037803
  time (compile):   0.000153
  gflops (eval):    883.80
  gflops (total):   880.25
CSV_DATA: opt_einsum,torch,"aib,bjc,ckd,dle,ema->ijklm","40,40,40,40,40,25,25,25,25,25","(0,1),(0,1),(0,1),(0,1)",FP32,33410000000,838.1310755722797,0.000152587890625,0.037802696228027344,883.7993935265774,880.2463418678861
*** input parameters ***
  einsum_str: aib,bjc,ckd,dle,ema->ijklm
  dim_sizes:  40,40,40,40,40,25,25,25,25,25
  cont_path:  (0,1),(0,1),(0,1),(0,1)
  backend:    torch
  dtype:      FP32
*** benchmarking opt_einsum expression ***
  #flops :          33410000000
  #bytes :          39862500
  arith. intensity: 838.13
  time (eval):      0.036887
  time (compile):   0.000158
  gflops (eval):    905.75
  gflops (total):   901.88
CSV_DATA: opt_einsum,torch,"aib,bjc,ckd,dle,ema->ijklm","40,40,40,40,40,25,25,25,25,25","(0,1),(0,1),(0,1),(0,1)",FP32,33410000000,838.1310755722797,0.00015807151794433594,0.03688669204711914,905.7467109634553,901.881852783874
*** input parameters ***
  einsum_str: aib,bjc,ckd,dle,ema->ijklm
  dim_sizes:  40,40,40,40,40,25,25,25,25,25
  cont_path:  (0,1),(0,1),(0,1),(0,1)
  backend:    torch
  dtype:      FP32
*** benchmarking opt_einsum expression ***
  #flops :          33410000000
  #bytes :          39862500
  arith. intensity: 838.13
  time (eval):      0.037037
  time (compile):   0.000155
  gflops (eval):    902.08
  gflops (total):   898.33
CSV_DATA: opt_einsum,torch,"aib,bjc,ckd,dle,ema->ijklm","40,40,40,40,40,25,25,25,25,25","(0,1),(0,1),(0,1),(0,1)",FP32,33410000000,838.1310755722797,0.00015473365783691406,0.03703665733337402,902.0792481154606,898.3261746756244
*** input parameters ***
  einsum_str: aib,bjc,ckd,dle,ema->ijklm
  dim_sizes:  40,40,40,40,40,25,25,25,25,25
  cont_path:  (0,1),(0,1),(0,1),(0,1)
  backend:    torch
  dtype:      FP32
*** benchmarking opt_einsum expression ***
  #flops :          33410000000
  #bytes :          39862500
  arith. intensity: 838.13
  time (eval):      0.036513
  time (compile):   0.000151
  gflops (eval):    915.03
  gflops (total):   911.25
CSV_DATA: opt_einsum,torch,"aib,bjc,ckd,dle,ema->ijklm","40,40,40,40,40,25,25,25,25,25","(0,1),(0,1),(0,1),(0,1)",FP32,33410000000,838.1310755722797,0.0001513957977294922,0.03651261329650879,915.0262603415065,911.2478647418391
*** input parameters ***
  einsum_str: aib,bjc,ckd,dle,ema->ijklm
  dim_sizes:  40,40,40,40,40,25,25,25,25,25
  cont_path:  (0,1),(0,1),(0,1),(0,1)
  backend:    torch
  dtype:      FP32
*** benchmarking opt_einsum expression ***
  #flops :          33410000000
  #bytes :          39862500
  arith. intensity: 838.13
  time (eval):      0.036349
  time (compile):   0.000152
  gflops (eval):    919.14
  gflops (total):   915.32
CSV_DATA: opt_einsum,torch,"aib,bjc,ckd,dle,ema->ijklm","40,40,40,40,40,25,25,25,25,25","(0,1),(0,1),(0,1),(0,1)",FP32,33410000000,838.1310755722797,0.0001518726348876953,0.03634905815124512,919.1434853960737,915.3191242096462
*** input parameters ***
  einsum_str: aib,bjc,ckd,dle,ema->ijklm
  dim_sizes:  40,40,40,40,40,25,25,25,25,25
  cont_path:  (0,1),(0,1),(0,1),(0,1)
  backend:    torch
  dtype:      FP32
*** benchmarking opt_einsum expression ***
  #flops :          33410000000
  #bytes :          39862500
  arith. intensity: 838.13
  time (eval):      0.035968
  time (compile):   0.000150
  gflops (eval):    928.87
  gflops (total):   925.02
CSV_DATA: opt_einsum,torch,"aib,bjc,ckd,dle,ema->ijklm","40,40,40,40,40,25,25,25,25,25","(0,1),(0,1),(0,1),(0,1)",FP32,33410000000,838.1310755722797,0.00014972686767578125,0.03596830368041992,928.8733852129761,925.0227516007658
*** input parameters ***
  einsum_str: aib,bjc,ckd,dle,ema->ijklm
  dim_sizes:  40,40,40,40,40,25,25,25,25,25
  cont_path:  (0,1),(0,1),(0,1),(0,1)
  backend:    torch
  dtype:      FP32
*** benchmarking opt_einsum expression ***
  #flops :          33410000000
  #bytes :          39862500
  arith. intensity: 838.13
  time (eval):      0.036573
  time (compile):   0.000152
  gflops (eval):    913.52
  gflops (total):   909.74
CSV_DATA: opt_einsum,torch,"aib,bjc,ckd,dle,ema->ijklm","40,40,40,40,40,25,25,25,25,25","(0,1),(0,1),(0,1),(0,1)",FP32,33410000000,838.1310755722797,0.00015211105346679688,0.03657269477844238,913.5230587299623,909.7393231408447
*** input parameters ***
  einsum_str: aib,bjc,ckd,dle,ema->ijklm
  dim_sizes:  40,40,40,40,40,25,25,25,25,25
  cont_path:  (0,1),(0,1),(0,1),(0,1)
  backend:    torch
  dtype:      FP32
*** benchmarking opt_einsum expression ***
  #flops :          33410000000
  #bytes :          39862500
  arith. intensity: 838.13
  time (eval):      0.036594
  time (compile):   0.000159
  gflops (eval):    913.00
  gflops (total):   909.04
CSV_DATA: opt_einsum,torch,"aib,bjc,ckd,dle,ema->ijklm","40,40,40,40,40,25,25,25,25,25","(0,1),(0,1),(0,1),(0,1)",FP32,33410000000,838.1310755722797,0.00015926361083984375,0.03659367561340332,912.9992940026714,909.0429420121568
*** input parameters ***
  einsum_str: aib,bjc,ckd,dle,ema->ijklm
  dim_sizes:  40,40,40,40,40,25,25,25,25,25
  cont_path:  (0,1),(0,1),(0,1),(0,1)
  backend:    torch
  dtype:      FP32
*** benchmarking opt_einsum expression ***
  #flops :          33410000000
  #bytes :          39862500
  arith. intensity: 838.13
  time (eval):      0.036314
  time (compile):   0.000149
  gflops (eval):    920.04
  gflops (total):   916.27
CSV_DATA: opt_einsum,torch,"aib,bjc,ckd,dle,ema->ijklm","40,40,40,40,40,25,25,25,25,25","(0,1),(0,1),(0,1),(0,1)",FP32,33410000000,838.1310755722797,0.00014925003051757812,0.036313772201538086,920.0366135078884,916.2707300391666
*** input parameters ***
  einsum_str: aib,bjc,ckd,dle,ema->ijklm
  dim_sizes:  40,40,40,40,40,25,25,25,25,25
  cont_path:  (0,1),(0,1),(0,1),(0,1)
  backend:    torch
  dtype:      FP32
*** benchmarking opt_einsum expression ***
  #flops :          33410000000
  #bytes :          39862500
  arith. intensity: 838.13
  time (eval):      0.035829
  time (compile):   0.000153
  gflops (eval):    932.48
  gflops (total):   928.53
CSV_DATA: opt_einsum,torch,"aib,bjc,ckd,dle,ema->ijklm","40,40,40,40,40,25,25,25,25,25","(0,1),(0,1),(0,1),(0,1)",FP32,33410000000,838.1310755722797,0.000152587890625,0.03582906723022461,932.4831089048298,928.5287151963319
*** input parameters ***
  einsum_str: aib,bjc,ckd,dle,ema->ijklm
  dim_sizes:  40,40,40,40,40,25,25,25,25,25
  cont_path:  (0,1),(0,1),(0,1),(0,1)
  backend:    torch
  dtype:      FP32
*** benchmarking opt_einsum expression ***
  #flops :          33410000000
  #bytes :          39862500
  arith. intensity: 838.13
  time (eval):      0.036591
  time (compile):   0.000154
  gflops (eval):    913.07
  gflops (total):   909.26
CSV_DATA: opt_einsum,torch,"aib,bjc,ckd,dle,ema->ijklm","40,40,40,40,40,25,25,25,25,25","(0,1),(0,1),(0,1),(0,1)",FP32,33410000000,838.1310755722797,0.00015354156494140625,0.0365908145904541,913.0706810970008,909.2552842321094
*** input parameters ***
  einsum_str: aib,bjc,ckd,dle,ema->ijklm
  dim_sizes:  40,40,40,40,40,25,25,25,25,25
  cont_path:  (0,1),(0,1),(0,1),(0,1)
  backend:    torch
  dtype:      FP32
*** benchmarking opt_einsum expression ***
  #flops :          33410000000
  #bytes :          39862500
  arith. intensity: 838.13
  time (eval):      0.037204
  time (compile):   0.000159
  gflops (eval):    898.03
  gflops (total):   894.22
CSV_DATA: opt_einsum,torch,"aib,bjc,ckd,dle,ema->ijklm","40,40,40,40,40,25,25,25,25,25","(0,1),(0,1),(0,1),(0,1)",FP32,33410000000,838.1310755722797,0.00015854835510253906,0.03720355033874512,898.0325720474485,894.2217158026393
*** input parameters ***
  einsum_str: aib,bjc,ckd,dle,ema->ijklm
  dim_sizes:  40,40,40,40,40,25,25,25,25,25
  cont_path:  (0,1),(0,1),(0,1),(0,1)
  backend:    torch
  dtype:      FP32
*** benchmarking opt_einsum expression ***
  #flops :          33410000000
  #bytes :          39862500
  arith. intensity: 838.13
  time (eval):      0.036558
  time (compile):   0.000153
  gflops (eval):    913.89
  gflops (total):   910.09
CSV_DATA: opt_einsum,torch,"aib,bjc,ckd,dle,ema->ijklm","40,40,40,40,40,25,25,25,25,25","(0,1),(0,1),(0,1),(0,1)",FP32,33410000000,838.1310755722797,0.00015282630920410156,0.036557912826538086,913.892435777872,910.0879139606172
*** input parameters ***
  einsum_str: aib,bjc,ckd,dle,ema->ijklm
  dim_sizes:  40,40,40,40,40,25,25,25,25,25
  cont_path:  (0,1),(0,1),(0,1),(0,1)
  backend:    torch
  dtype:      FP32
*** benchmarking opt_einsum expression ***
  #flops :          33410000000
  #bytes :          39862500
  arith. intensity: 838.13
  time (eval):      0.036624
  time (compile):   0.000150
  gflops (eval):    912.24
  gflops (total):   908.51
CSV_DATA: opt_einsum,torch,"aib,bjc,ckd,dle,ema->ijklm","40,40,40,40,40,25,25,25,25,25","(0,1),(0,1),(0,1),(0,1)",FP32,33410000000,838.1310755722797,0.00015044212341308594,0.03662419319152832,912.238525645616,908.5066300147818
*** input parameters ***
  einsum_str: aib,bjc,ckd,dle,ema->ijklm
  dim_sizes:  40,40,40,40,40,25,25,25,25,25
  cont_path:  (0,1),(0,1),(0,1),(0,1)
  backend:    torch
  dtype:      FP32
*** benchmarking opt_einsum expression ***
  #flops :          33410000000
  #bytes :          39862500
  arith. intensity: 838.13
  time (eval):      0.035139
  time (compile):   0.000157
  gflops (eval):    950.79
  gflops (total):   946.57
CSV_DATA: opt_einsum,torch,"aib,bjc,ckd,dle,ema->ijklm","40,40,40,40,40,25,25,25,25,25","(0,1),(0,1),(0,1),(0,1)",FP32,33410000000,838.1310755722797,0.00015664100646972656,0.03513932228088379,950.7866922685484,946.567167695654
*** input parameters ***
  einsum_str: aib,bjc,ckd,dle,ema->ijklm
  dim_sizes:  40,40,40,40,40,25,25,25,25,25
  cont_path:  (0,1),(0,1),(0,1),(0,1)
  backend:    torch
  dtype:      FP32
*** benchmarking opt_einsum expression ***
  #flops :          33410000000
  #bytes :          39862500
  arith. intensity: 838.13
  time (eval):      0.035861
  time (compile):   0.000155
  gflops (eval):    931.65
  gflops (total):   927.64
CSV_DATA: opt_einsum,torch,"aib,bjc,ckd,dle,ema->ijklm","40,40,40,40,40,25,25,25,25,25","(0,1),(0,1),(0,1),(0,1)",FP32,33410000000,838.1310755722797,0.0001552104949951172,0.03586101531982422,931.6523724170944,927.6374535127729
*** input parameters ***
  einsum_str: aib,bjc,ckd,dle,ema->ijklm
  dim_sizes:  40,40,40,40,40,25,25,25,25,25
  cont_path:  (0,1),(0,1),(0,1),(0,1)
  backend:    torch
  dtype:      FP32
*** benchmarking opt_einsum expression ***
  #flops :          33410000000
  #bytes :          39862500
  arith. intensity: 838.13
  time (eval):      0.034936
  time (compile):   0.000151
  gflops (eval):    956.31
  gflops (total):   952.19
CSV_DATA: opt_einsum,torch,"aib,bjc,ckd,dle,ema->ijklm","40,40,40,40,40,25,25,25,25,25","(0,1),(0,1),(0,1),(0,1)",FP32,33410000000,838.1310755722797,0.0001513957977294922,0.03493618965148926,956.3149368401657,952.1886323113721
*** input parameters ***
  einsum_str: aib,bjc,ckd,dle,ema->ijklm
  dim_sizes:  40,40,40,40,40,25,25,25,25,25
  cont_path:  (0,1),(0,1),(0,1),(0,1)
  backend:    torch
  dtype:      FP32
*** benchmarking opt_einsum expression ***
  #flops :          33410000000
  #bytes :          39862500
  arith. intensity: 838.13
  time (eval):      0.035900
  time (compile):   0.000154
  gflops (eval):    930.64
  gflops (total):   926.65
CSV_DATA: opt_einsum,torch,"aib,bjc,ckd,dle,ema->ijklm","40,40,40,40,40,25,25,25,25,25","(0,1),(0,1),(0,1),(0,1)",FP32,33410000000,838.1310755722797,0.0001544952392578125,0.035900115966796875,930.6376623100628,926.6498481722479
*** input parameters ***
  einsum_str: aib,bjc,ckd,dle,ema->ijklm
  dim_sizes:  40,40,40,40,40,25,25,25,25,25
  cont_path:  (0,1),(0,1),(0,1),(0,1)
  backend:    torch
  dtype:      FP32
*** benchmarking opt_einsum expression ***
  #flops :          33410000000
  #bytes :          39862500
  arith. intensity: 838.13
  time (eval):      0.033842
  time (compile):   0.000155
  gflops (eval):    987.24
  gflops (total):   982.73
CSV_DATA: opt_einsum,torch,"aib,bjc,ckd,dle,ema->ijklm","40,40,40,40,40,25,25,25,25,25","(0,1),(0,1),(0,1),(0,1)",FP32,33410000000,838.1310755722797,0.00015544891357421875,0.033841848373413086,987.2392202503822,982.7251771801256
*** input parameters ***
  einsum_str: aib,bjc,ckd,dle,ema->ijklm
  dim_sizes:  40,40,40,40,40,25,25,25,25,25
  cont_path:  (0,1),(0,1),(0,1),(0,1)
  backend:    torch
  dtype:      FP32
*** benchmarking opt_einsum expression ***
  #flops :          33410000000
  #bytes :          39862500
  arith. intensity: 838.13
  time (eval):      0.034474
  time (compile):   0.000221
  gflops (eval):    969.13
  gflops (total):   962.96
CSV_DATA: opt_einsum,torch,"aib,bjc,ckd,dle,ema->ijklm","40,40,40,40,40,25,25,25,25,25","(0,1),(0,1),(0,1),(0,1)",FP32,33410000000,838.1310755722797,0.00022077560424804688,0.03447437286376953,969.1256787186368,962.9588422369127
*** input parameters ***
  einsum_str: aib,bjc,ckd,dle,ema->ijklm
  dim_sizes:  40,40,40,40,40,25,25,25,25,25
  cont_path:  (0,1),(0,1),(0,1),(0,1)
  backend:    torch
  dtype:      FP32
*** benchmarking opt_einsum expression ***
  #flops :          33410000000
  #bytes :          39862500
  arith. intensity: 838.13
  time (eval):      0.035243
  time (compile):   0.000157
  gflops (eval):    947.98
  gflops (total):   943.77
CSV_DATA: opt_einsum,torch,"aib,bjc,ckd,dle,ema->ijklm","40,40,40,40,40,25,25,25,25,25","(0,1),(0,1),(0,1),(0,1)",FP32,33410000000,838.1310755722797,0.00015735626220703125,0.03524327278137207,947.9823343097396,943.7685403519642
*** input parameters ***
  einsum_str: aib,bjc,ckd,dle,ema->ijklm
  dim_sizes:  40,40,40,40,40,25,25,25,25,25
  cont_path:  (0,1),(0,1),(0,1),(0,1)
  backend:    torch
  dtype:      FP32
*** benchmarking opt_einsum expression ***
  #flops :          33410000000
  #bytes :          39862500
  arith. intensity: 838.13
  time (eval):      0.035822
  time (compile):   0.000156
  gflops (eval):    932.67
  gflops (total):   928.63
CSV_DATA: opt_einsum,torch,"aib,bjc,ckd,dle,ema->ijklm","40,40,40,40,40,25,25,25,25,25","(0,1),(0,1),(0,1),(0,1)",FP32,33410000000,838.1310755722797,0.0001556873321533203,0.03582191467285156,932.6692976944786,928.6333201237899
*** input parameters ***
  einsum_str: aib,bjc,ckd,dle,ema->ijklm
  dim_sizes:  40,40,40,40,40,25,25,25,25,25
  cont_path:  (0,1),(0,1),(0,1),(0,1)
  backend:    torch
  dtype:      FP32
*** benchmarking opt_einsum expression ***
  #flops :          33410000000
  #bytes :          39862500
  arith. intensity: 838.13
  time (eval):      0.034689
  time (compile):   0.000188
  gflops (eval):    963.12
  gflops (total):   957.92
CSV_DATA: opt_einsum,torch,"aib,bjc,ckd,dle,ema->ijklm","40,40,40,40,40,25,25,25,25,25","(0,1),(0,1),(0,1),(0,1)",FP32,33410000000,838.1310755722797,0.00018835067749023438,0.03468918800354004,963.1243024942096,957.9231007539973
*** input parameters ***
  einsum_str: aib,bjc,ckd,dle,ema->ijklm
  dim_sizes:  40,40,40,40,40,25,25,25,25,25
  cont_path:  (0,1),(0,1),(0,1),(0,1)
  backend:    torch
  dtype:      FP32
*** benchmarking opt_einsum expression ***
  #flops :          33410000000
  #bytes :          39862500
  arith. intensity: 838.13
  time (eval):      0.035789
  time (compile):   0.000155
  gflops (eval):    933.54
  gflops (total):   929.50
CSV_DATA: opt_einsum,torch,"aib,bjc,ckd,dle,ema->ijklm","40,40,40,40,40,25,25,25,25,25","(0,1),(0,1),(0,1),(0,1)",FP32,33410000000,838.1310755722797,0.00015544891357421875,0.035788536071777344,933.5391627361633,929.501834969488
*** input parameters ***
  einsum_str: aib,bjc,ckd,dle,ema->ijklm
  dim_sizes:  40,40,40,40,40,25,25,25,25,25
  cont_path:  (0,1),(0,1),(0,1),(0,1)
  backend:    torch
  dtype:      FP32
*** benchmarking opt_einsum expression ***
  #flops :          33410000000
  #bytes :          39862500
  arith. intensity: 838.13
  time (eval):      0.035354
  time (compile):   0.000150
  gflops (eval):    945.00
  gflops (total):   941.01
CSV_DATA: opt_einsum,torch,"aib,bjc,ckd,dle,ema->ijklm","40,40,40,40,40,25,25,25,25,25","(0,1),(0,1),(0,1),(0,1)",FP32,33410000000,838.1310755722797,0.0001499652862548828,0.0353543758392334,945.0032480257879,941.0116887372748
*** input parameters ***
  einsum_str: aib,bjc,ckd,dle,ema->ijklm
  dim_sizes:  40,40,40,40,40,25,25,25,25,25
  cont_path:  (0,1),(0,1),(0,1),(0,1)
  backend:    torch
  dtype:      FP32
*** benchmarking opt_einsum expression ***
  #flops :          33410000000
  #bytes :          39862500
  arith. intensity: 838.13
  time (eval):      0.035995
  time (compile):   0.000152
  gflops (eval):    928.18
  gflops (total):   924.27
CSV_DATA: opt_einsum,torch,"aib,bjc,ckd,dle,ema->ijklm","40,40,40,40,40,25,25,25,25,25","(0,1),(0,1),(0,1),(0,1)",FP32,33410000000,838.1310755722797,0.00015234947204589844,0.0359952449798584,928.1781529392284,924.2662065508463
*** input parameters ***
  einsum_str: aib,bjc,ckd,dle,ema->ijklm
  dim_sizes:  40,40,40,40,40,25,25,25,25,25
  cont_path:  (0,1),(0,1),(0,1),(0,1)
  backend:    torch
  dtype:      FP32
*** benchmarking opt_einsum expression ***
  #flops :          33410000000
  #bytes :          39862500
  arith. intensity: 838.13
  time (eval):      0.035620
  time (compile):   0.000149
  gflops (eval):    937.94
  gflops (total):   934.04
CSV_DATA: opt_einsum,torch,"aib,bjc,ckd,dle,ema->ijklm","40,40,40,40,40,25,25,25,25,25","(0,1),(0,1),(0,1),(0,1)",FP32,33410000000,838.1310755722797,0.000148773193359375,0.03562045097351074,937.944329364203,934.0431831603646
*** input parameters ***
  einsum_str: aib,bjc,ckd,dle,ema->ijklm
  dim_sizes:  40,40,40,40,40,25,25,25,25,25
  cont_path:  (0,1),(0,1),(0,1),(0,1)
  backend:    torch
  dtype:      FP32
*** benchmarking opt_einsum expression ***
  #flops :          33410000000
  #bytes :          39862500
  arith. intensity: 838.13
  time (eval):      0.036470
  time (compile):   0.000156
  gflops (eval):    916.10
  gflops (total):   912.20
CSV_DATA: opt_einsum,torch,"aib,bjc,ckd,dle,ema->ijklm","40,40,40,40,40,25,25,25,25,25","(0,1),(0,1),(0,1),(0,1)",FP32,33410000000,838.1310755722797,0.00015592575073242188,0.03646969795227051,916.1030081391169,912.2028957355536
*** input parameters ***
  einsum_str: aib,bjc,ckd,dle,ema->ijklm
  dim_sizes:  40,40,40,40,40,25,25,25,25,25
  cont_path:  (0,1),(0,1),(0,1),(0,1)
  backend:    torch
  dtype:      FP32
*** benchmarking opt_einsum expression ***
  #flops :          33410000000
  #bytes :          39862500
  arith. intensity: 838.13
  time (eval):      0.035931
  time (compile):   0.000156
  gflops (eval):    929.83
  gflops (total):   925.82
CSV_DATA: opt_einsum,torch,"aib,bjc,ckd,dle,ema->ijklm","40,40,40,40,40,25,25,25,25,25","(0,1),(0,1),(0,1),(0,1)",FP32,33410000000,838.1310755722797,0.0001556873321533203,0.03593134880065918,929.8287182413558,925.8172346723045
*** input parameters ***
  einsum_str: aib,bjc,ckd,dle,ema->ijklm
  dim_sizes:  40,40,40,40,40,25,25,25,25,25
  cont_path:  (0,1),(0,1),(0,1),(0,1)
  backend:    torch
  dtype:      FP32
*** benchmarking opt_einsum expression ***
  #flops :          33410000000
  #bytes :          39862500
  arith. intensity: 838.13
  time (eval):      0.037601
  time (compile):   0.000150
  gflops (eval):    888.55
  gflops (total):   885.02
CSV_DATA: opt_einsum,torch,"aib,bjc,ckd,dle,ema->ijklm","40,40,40,40,40,25,25,25,25,25","(0,1),(0,1),(0,1),(0,1)",FP32,33410000000,838.1310755722797,0.00015020370483398438,0.03760051727294922,888.5516057524032,885.01620988013
*** input parameters ***
  einsum_str: aib,bjc,ckd,dle,ema->ijklm
  dim_sizes:  40,40,40,40,40,25,25,25,25,25
  cont_path:  (0,1),(0,1),(0,1),(0,1)
  backend:    torch
  dtype:      FP32
*** benchmarking opt_einsum expression ***
  #flops :          33410000000
  #bytes :          39862500
  arith. intensity: 838.13
  time (eval):      0.036153
  time (compile):   0.000164
  gflops (eval):    924.13
  gflops (total):   919.95
CSV_DATA: opt_einsum,torch,"aib,bjc,ckd,dle,ema->ijklm","40,40,40,40,40,25,25,25,25,25","(0,1),(0,1),(0,1),(0,1)",FP32,33410000000,838.1310755722797,0.000164031982421875,0.03615307807922363,924.1260156821884,919.952054094863
*** input parameters ***
  einsum_str: aib,bjc,ckd,dle,ema->ijklm
  dim_sizes:  40,40,40,40,40,25,25,25,25,25
  cont_path:  (0,1),(0,1),(0,1),(0,1)
  backend:    torch
  dtype:      FP32
*** benchmarking opt_einsum expression ***
  #flops :          33410000000
  #bytes :          39862500
  arith. intensity: 838.13
  time (eval):      0.036867
  time (compile):   0.000154
  gflops (eval):    906.23
  gflops (total):   902.46
CSV_DATA: opt_einsum,torch,"aib,bjc,ckd,dle,ema->ijklm","40,40,40,40,40,25,25,25,25,25","(0,1),(0,1),(0,1),(0,1)",FP32,33410000000,838.1310755722797,0.00015401840209960938,0.03686714172363281,906.2270205390863,902.4568621440255
*** input parameters ***
  einsum_str: aib,bjc,ckd,dle,ema->ijklm
  dim_sizes:  40,40,40,40,40,25,25,25,25,25
  cont_path:  (0,1),(0,1),(0,1),(0,1)
  backend:    torch
  dtype:      FP32
*** benchmarking opt_einsum expression ***
  #flops :          33410000000
  #bytes :          39862500
  arith. intensity: 838.13
  time (eval):      0.036744
  time (compile):   0.000154
  gflops (eval):    909.26
  gflops (total):   905.47
CSV_DATA: opt_einsum,torch,"aib,bjc,ckd,dle,ema->ijklm","40,40,40,40,40,25,25,25,25,25","(0,1),(0,1),(0,1),(0,1)",FP32,33410000000,838.1310755722797,0.0001537799835205078,0.03674435615539551,909.2552842321094,905.4657903102828
*** input parameters ***
  einsum_str: aib,bjc,ckd,dle,ema->ijklm
  dim_sizes:  40,40,40,40,40,25,25,25,25,25
  cont_path:  (0,1),(0,1),(0,1),(0,1)
  backend:    torch
  dtype:      FP32
*** benchmarking opt_einsum expression ***
  #flops :          33410000000
  #bytes :          39862500
  arith. intensity: 838.13
  time (eval):      0.036553
  time (compile):   0.000160
  gflops (eval):    914.01
  gflops (total):   910.02
CSV_DATA: opt_einsum,torch,"aib,bjc,ckd,dle,ema->ijklm","40,40,40,40,40,25,25,25,25,25","(0,1),(0,1),(0,1),(0,1)",FP32,33410000000,838.1310755722797,0.00015997886657714844,0.036553382873535156,914.0056917738527,910.0229021930423
*** input parameters ***
  einsum_str: aib,bjc,ckd,dle,ema->ijklm
  dim_sizes:  40,40,40,40,40,25,25,25,25,25
  cont_path:  (0,1),(0,1),(0,1),(0,1)
  backend:    torch
  dtype:      FP32
*** benchmarking opt_einsum expression ***
  #flops :          33410000000
  #bytes :          39862500
  arith. intensity: 838.13
  time (eval):      0.035702
  time (compile):   0.000152
  gflops (eval):    935.80
  gflops (total):   931.83
CSV_DATA: opt_einsum,torch,"aib,bjc,ckd,dle,ema->ijklm","40,40,40,40,40,25,25,25,25,25","(0,1),(0,1),(0,1),(0,1)",FP32,33410000000,838.1310755722797,0.00015234947204589844,0.03570199012756348,935.8021746302047,931.825836791148
*** input parameters ***
  einsum_str: aib,bjc,ckd,dle,ema->ijklm
  dim_sizes:  40,40,40,40,40,25,25,25,25,25
  cont_path:  (0,1),(0,1),(0,1),(0,1)
  backend:    torch
  dtype:      FP32
*** benchmarking opt_einsum expression ***
  #flops :          33410000000
  #bytes :          39862500
  arith. intensity: 838.13
  time (eval):      0.036031
  time (compile):   0.000150
  gflops (eval):    927.24
  gflops (total):   923.39
CSV_DATA: opt_einsum,torch,"aib,bjc,ckd,dle,ema->ijklm","40,40,40,40,40,25,25,25,25,25","(0,1),(0,1),(0,1),(0,1)",FP32,33410000000,838.1310755722797,0.00015044212341308594,0.036031484603881836,927.2446130737724,923.3891896308597
*** input parameters ***
  einsum_str: aib,bjc,ckd,dle,ema->ijklm
  dim_sizes:  40,40,40,40,40,25,25,25,25,25
  cont_path:  (0,1),(0,1),(0,1),(0,1)
  backend:    torch
  dtype:      FP32
*** benchmarking opt_einsum expression ***
  #flops :          33410000000
  #bytes :          39862500
  arith. intensity: 838.13
  time (eval):      0.035884
  time (compile):   0.000162
  gflops (eval):    931.05
  gflops (total):   926.87
CSV_DATA: opt_einsum,torch,"aib,bjc,ckd,dle,ema->ijklm","40,40,40,40,40,25,25,25,25,25","(0,1),(0,1),(0,1),(0,1)",FP32,33410000000,838.1310755722797,0.00016188621520996094,0.03588414192199707,931.0519413457004,926.8704966002593
*** input parameters ***
  einsum_str: aib,bjc,ckd,dle,ema->ijklm
  dim_sizes:  40,40,40,40,40,25,25,25,25,25
  cont_path:  (0,1),(0,1),(0,1),(0,1)
  backend:    torch
  dtype:      FP32
*** benchmarking opt_einsum expression ***
  #flops :          33410000000
  #bytes :          39862500
  arith. intensity: 838.13
  time (eval):      0.035997
  time (compile):   0.000153
  gflops (eval):    928.14
  gflops (total):   924.21
CSV_DATA: opt_einsum,torch,"aib,bjc,ckd,dle,ema->ijklm","40,40,40,40,40,25,25,25,25,25","(0,1),(0,1),(0,1),(0,1)",FP32,33410000000,838.1310755722797,0.0001533031463623047,0.03599667549133301,928.141267046847,924.2052487732813
*** input parameters ***
  einsum_str: aib,bjc,ckd,dle,ema->ijklm
  dim_sizes:  40,40,40,40,40,25,25,25,25,25
  cont_path:  (0,1),(0,1),(0,1),(0,1)
  backend:    torch
  dtype:      FP32
*** benchmarking opt_einsum expression ***
  #flops :          33410000000
  #bytes :          39862500
  arith. intensity: 838.13
  time (eval):      0.035777
  time (compile):   0.000153
  gflops (eval):    933.84
  gflops (total):   929.86
CSV_DATA: opt_einsum,torch,"aib,bjc,ckd,dle,ema->ijklm","40,40,40,40,40,25,25,25,25,25","(0,1),(0,1),(0,1),(0,1)",FP32,33410000000,838.1310755722797,0.0001533031463623047,0.03577685356140137,933.843998960409,929.8595681543709
*** input parameters ***
  einsum_str: aib,bjc,ckd,dle,ema->ijklm
  dim_sizes:  40,40,40,40,40,25,25,25,25,25
  cont_path:  (0,1),(0,1),(0,1),(0,1)
  backend:    torch
  dtype:      FP32
*** benchmarking opt_einsum expression ***
  #flops :          33410000000
  #bytes :          39862500
  arith. intensity: 838.13
  time (eval):      0.035613
  time (compile):   0.000153
  gflops (eval):    938.14
  gflops (total):   934.14
CSV_DATA: opt_einsum,torch,"aib,bjc,ckd,dle,ema->ijklm","40,40,40,40,40,25,25,25,25,25","(0,1),(0,1),(0,1),(0,1)",FP32,33410000000,838.1310755722797,0.000152587890625,0.035613059997558594,938.1389861553705,934.1365800069328
*** input parameters ***
  einsum_str: aib,bjc,ckd,dle,ema->ijklm
  dim_sizes:  40,40,40,40,40,25,25,25,25,25
  cont_path:  (0,1),(0,1),(0,1),(0,1)
  backend:    torch
  dtype:      FP32
*** benchmarking opt_einsum expression ***
  #flops :          33410000000
  #bytes :          39862500
  arith. intensity: 838.13
  time (eval):      0.035250
  time (compile):   0.000153
  gflops (eval):    947.80
  gflops (total):   943.72
CSV_DATA: opt_einsum,torch,"aib,bjc,ckd,dle,ema->ijklm","40,40,40,40,40,25,25,25,25,25","(0,1),(0,1),(0,1),(0,1)",FP32,33410000000,838.1310755722797,0.000152587890625,0.035249948501586914,947.8028031302208,943.7176938359071
*** input parameters ***
  einsum_str: aib,bjc,ckd,dle,ema->ijklm
  dim_sizes:  40,40,40,40,40,25,25,25,25,25
  cont_path:  (0,1),(0,1),(0,1),(0,1)
  backend:    torch
  dtype:      FP32
*** benchmarking opt_einsum expression ***
  #flops :          33410000000
  #bytes :          39862500
  arith. intensity: 838.13
  time (eval):      0.036015
  time (compile):   0.000157
  gflops (eval):    927.66
  gflops (total):   923.64
CSV_DATA: opt_einsum,torch,"aib,bjc,ckd,dle,ema->ijklm","40,40,40,40,40,25,25,25,25,25","(0,1),(0,1),(0,1),(0,1)",FP32,33410000000,838.1310755722797,0.00015687942504882812,0.03601527214050293,927.6620170926592,923.638726312806
*** input parameters ***
  einsum_str: aib,bjc,ckd,dle,ema->ijklm
  dim_sizes:  40,40,40,40,40,25,25,25,25,25
  cont_path:  (0,1),(0,1),(0,1),(0,1)
  backend:    torch
  dtype:      FP32
*** benchmarking opt_einsum expression ***
  #flops :          33410000000
  #bytes :          39862500
  arith. intensity: 838.13
  time (eval):      0.035997
  time (compile):   0.000152
  gflops (eval):    928.14
  gflops (total):   924.24
CSV_DATA: opt_einsum,torch,"aib,bjc,ckd,dle,ema->ijklm","40,40,40,40,40,25,25,25,25,25","(0,1),(0,1),(0,1),(0,1)",FP32,33410000000,838.1310755722797,0.0001518726348876953,0.03599691390991211,928.135119683141,924.2357266569494
*** input parameters ***
  einsum_str: aib,bjc,ckd,dle,ema->ijklm
  dim_sizes:  40,40,40,40,40,25,25,25,25,25
  cont_path:  (0,1),(0,1),(0,1),(0,1)
  backend:    torch
  dtype:      FP32
*** benchmarking opt_einsum expression ***
  #flops :          33410000000
  #bytes :          39862500
  arith. intensity: 838.13
  time (eval):      0.037332
  time (compile):   0.000151
  gflops (eval):    894.94
  gflops (total):   891.33
CSV_DATA: opt_einsum,torch,"aib,bjc,ckd,dle,ema->ijklm","40,40,40,40,40,25,25,25,25,25","(0,1),(0,1),(0,1),(0,1)",FP32,33410000000,838.1310755722797,0.0001513957977294922,0.03733205795288086,894.9412872488537,891.3266163328394
*** input parameters ***
  einsum_str: aib,bjc,ckd,dle,ema->ijklm
  dim_sizes:  40,40,40,40,40,25,25,25,25,25
  cont_path:  (0,1),(0,1),(0,1),(0,1)
  backend:    torch
  dtype:      FP32
*** benchmarking opt_einsum expression ***
  #flops :          33410000000
  #bytes :          39862500
  arith. intensity: 838.13
  time (eval):      0.036259
  time (compile):   0.000151
  gflops (eval):    921.43
  gflops (total):   917.60
CSV_DATA: opt_einsum,torch,"aib,bjc,ckd,dle,ema->ijklm","40,40,40,40,40,25,25,25,25,25","(0,1),(0,1),(0,1),(0,1)",FP32,33410000000,838.1310755722797,0.00015115737915039062,0.03625893592834473,921.4280326931045,917.6027020266511
*** input parameters ***
  einsum_str: aib,bjc,ckd,dle,ema->ijklm
  dim_sizes:  40,40,40,40,40,25,25,25,25,25
  cont_path:  (0,1),(0,1),(0,1),(0,1)
  backend:    torch
  dtype:      FP32
*** benchmarking opt_einsum expression ***
  #flops :          33410000000
  #bytes :          39862500
  arith. intensity: 838.13
  time (eval):      0.036487
  time (compile):   0.000152
  gflops (eval):    915.66
  gflops (total):   911.87
CSV_DATA: opt_einsum,torch,"aib,bjc,ckd,dle,ema->ijklm","40,40,40,40,40,25,25,25,25,25","(0,1),(0,1),(0,1),(0,1)",FP32,33410000000,838.1310755722797,0.00015163421630859375,0.03648734092712402,915.6600385522645,911.8704840735319
*** input parameters ***
  einsum_str: aib,bjc,ckd,dle,ema->ijklm
  dim_sizes:  40,40,40,40,40,25,25,25,25,25
  cont_path:  (0,1),(0,1),(0,1),(0,1)
  backend:    torch
  dtype:      FP32
*** benchmarking opt_einsum expression ***
  #flops :          33410000000
  #bytes :          39862500
  arith. intensity: 838.13
  time (eval):      0.036155
  time (compile):   0.000148
  gflops (eval):    924.08
  gflops (total):   920.31
CSV_DATA: opt_einsum,torch,"aib,bjc,ckd,dle,ema->ijklm","40,40,40,40,40,25,25,25,25,25","(0,1),(0,1),(0,1),(0,1)",FP32,33410000000,838.1310755722797,0.00014829635620117188,0.036154747009277344,924.0833573369207,920.3085169374648
*** input parameters ***
  einsum_str: aib,bjc,ckd,dle,ema->ijklm
  dim_sizes:  40,40,40,40,40,25,25,25,25,25
  cont_path:  (0,1),(0,1),(0,1),(0,1)
  backend:    torch
  dtype:      FP32
*** benchmarking opt_einsum expression ***
  #flops :          33410000000
  #bytes :          39862500
  arith. intensity: 838.13
  time (eval):      0.035733
  time (compile):   0.000153
  gflops (eval):    935.00
  gflops (total):   931.01
CSV_DATA: opt_einsum,torch,"aib,bjc,ckd,dle,ema->ijklm","40,40,40,40,40,25,25,25,25,25","(0,1),(0,1),(0,1),(0,1)",FP32,33410000000,838.1310755722797,0.00015306472778320312,0.03573250770568848,935.0029467615915,931.0148266950139
*** input parameters ***
  einsum_str: aib,bjc,ckd,dle,ema->ijklm
  dim_sizes:  40,40,40,40,40,25,25,25,25,25
  cont_path:  (0,1),(0,1),(0,1),(0,1)
  backend:    torch
  dtype:      FP32
*** benchmarking opt_einsum expression ***
  #flops :          33410000000
  #bytes :          39862500
  arith. intensity: 838.13
  time (eval):      0.035871
  time (compile):   0.000161
  gflops (eval):    931.40
  gflops (total):   927.23
CSV_DATA: opt_einsum,torch,"aib,bjc,ckd,dle,ema->ijklm","40,40,40,40,40,25,25,25,25,25","(0,1),(0,1),(0,1),(0,1)",FP32,33410000000,838.1310755722797,0.0001614093780517578,0.03587079048156738,931.3984875010801,927.226206841792
*** input parameters ***
  einsum_str: aib,bjc,ckd,dle,ema->ijklm
  dim_sizes:  40,40,40,40,40,25,25,25,25,25
  cont_path:  (0,1),(0,1),(0,1),(0,1)
  backend:    torch
  dtype:      FP32
*** benchmarking opt_einsum expression ***
  #flops :          33410000000
  #bytes :          39862500
  arith. intensity: 838.13
  time (eval):      0.035814
  time (compile):   0.000160
  gflops (eval):    932.87
  gflops (total):   928.72
CSV_DATA: opt_einsum,torch,"aib,bjc,ckd,dle,ema->ijklm","40,40,40,40,40,25,25,25,25,25","(0,1),(0,1),(0,1),(0,1)",FP32,33410000000,838.1310755722797,0.00016021728515625,0.03581404685974121,932.8741912591953,928.7194830568573
*** input parameters ***
  einsum_str: aib,bjc,ckd,dle,ema->ijklm
  dim_sizes:  40,40,40,40,40,25,25,25,25,25
  cont_path:  (0,1),(0,1),(0,1),(0,1)
  backend:    torch
  dtype:      FP32
*** benchmarking opt_einsum expression ***
  #flops :          33410000000
  #bytes :          39862500
  arith. intensity: 838.13
  time (eval):      0.035021
  time (compile):   0.000158
  gflops (eval):    954.00
  gflops (total):   949.72
CSV_DATA: opt_einsum,torch,"aib,bjc,ckd,dle,ema->ijklm","40,40,40,40,40,25,25,25,25,25","(0,1),(0,1),(0,1),(0,1)",FP32,33410000000,838.1310755722797,0.0001575946807861328,0.035021066665649414,953.9972131337269,949.7234607929516
*** input parameters ***
  einsum_str: aib,bjc,ckd,dle,ema->ijklm
  dim_sizes:  40,40,40,40,40,25,25,25,25,25
  cont_path:  (0,1),(0,1),(0,1),(0,1)
  backend:    torch
  dtype:      FP32
*** benchmarking opt_einsum expression ***
  #flops :          33410000000
  #bytes :          39862500
  arith. intensity: 838.13
  time (eval):      0.035150
  time (compile):   0.000153
  gflops (eval):    950.51
  gflops (total):   946.38
CSV_DATA: opt_einsum,torch,"aib,bjc,ckd,dle,ema->ijklm","40,40,40,40,40,25,25,25,25,25","(0,1),(0,1),(0,1),(0,1)",FP32,33410000000,838.1310755722797,0.0001533031463623047,0.035149574279785156,950.5093784084436,946.3817806322644
*** input parameters ***
  einsum_str: aib,bjc,ckd,dle,ema->ijklm
  dim_sizes:  40,40,40,40,40,25,25,25,25,25
  cont_path:  (0,1),(0,1),(0,1),(0,1)
  backend:    torch
  dtype:      FP32
*** benchmarking opt_einsum expression ***
  #flops :          33410000000
  #bytes :          39862500
  arith. intensity: 838.13
  time (eval):      0.034554
  time (compile):   0.000156
  gflops (eval):    966.89
  gflops (total):   962.55
CSV_DATA: opt_einsum,torch,"aib,bjc,ckd,dle,ema->ijklm","40,40,40,40,40,25,25,25,25,25","(0,1),(0,1),(0,1),(0,1)",FP32,33410000000,838.1310755722797,0.00015592575073242188,0.03455400466918945,966.8922696474161,962.5487460160458
*** input parameters ***
  einsum_str: aib,bjc,ckd,dle,ema->ijklm
  dim_sizes:  40,40,40,40,40,25,25,25,25,25
  cont_path:  (0,1),(0,1),(0,1),(0,1)
  backend:    torch
  dtype:      FP32
*** benchmarking opt_einsum expression ***
  #flops :          33410000000
  #bytes :          39862500
  arith. intensity: 838.13
  time (eval):      0.035770
  time (compile):   0.000147
  gflops (eval):    934.01
  gflops (total):   930.18
CSV_DATA: opt_einsum,torch,"aib,bjc,ckd,dle,ema->ijklm","40,40,40,40,40,25,25,25,25,25","(0,1),(0,1),(0,1),(0,1)",FP32,33410000000,838.1310755722797,0.00014734268188476562,0.035770416259765625,934.0120550282606,930.180528642549
*** input parameters ***
  einsum_str: aib,bjc,ckd,dle,ema->ijklm
  dim_sizes:  40,40,40,40,40,25,25,25,25,25
  cont_path:  (0,1),(0,1),(0,1),(0,1)
  backend:    torch
  dtype:      FP32
*** benchmarking opt_einsum expression ***
  #flops :          33410000000
  #bytes :          39862500
  arith. intensity: 838.13
  time (eval):      0.035825
  time (compile):   0.000152
  gflops (eval):    932.60
  gflops (total):   928.67
CSV_DATA: opt_einsum,torch,"aib,bjc,ckd,dle,ema->ijklm","40,40,40,40,40,25,25,25,25,25","(0,1),(0,1),(0,1),(0,1)",FP32,33410000000,838.1310755722797,0.00015163421630859375,0.03582453727722168,932.6010198390779,928.6702451373473
*** input parameters ***
  einsum_str: aib,bjc,ckd,dle,ema->ijklm
  dim_sizes:  40,40,40,40,40,25,25,25,25,25
  cont_path:  (0,1),(0,1),(0,1),(0,1)
  backend:    torch
  dtype:      FP32
*** benchmarking opt_einsum expression ***
  #flops :          33410000000
  #bytes :          39862500
  arith. intensity: 838.13
  time (eval):      0.035730
  time (compile):   0.000150
  gflops (eval):    935.06
  gflops (total):   931.14
CSV_DATA: opt_einsum,torch,"aib,bjc,ckd,dle,ema->ijklm","40,40,40,40,40,25,25,25,25,25","(0,1),(0,1),(0,1),(0,1)",FP32,33410000000,838.1310755722797,0.00015044212341308594,0.03573036193847656,935.0590978487162,931.1385537061032
