*** input parameters ***
  einsum_str: aefg,behi,cfhj,dgij->abcd
  dim_sizes:  60,60,20,20,8,8,8,8,8,8
  cont_path:  (2,3),(0,2),(0,1)
  backend:    torch
  dtype:      FP32
*** benchmarking opt_einsum expression ***
  #flops :          3073638400
  #bytes :          6087680
  arith. intensity: 504.89
  time (eval):      0.016980
  time (compile):   0.000087
  gflops (eval):    181.02
  gflops (total):   180.09
CSV_DATA: opt_einsum,torch,"aefg,behi,cfhj,dgij->abcd","60,60,20,20,8,8,8,8,8,8","(2,3),(0,2),(0,1)",FP32,3073638400,504.89486963835157,8.726119995117188e-05,0.01697993278503418,181.01593445110996,180.09043564536705
*** input parameters ***
  einsum_str: aefg,behi,cfhj,dgij->abcd
  dim_sizes:  60,60,20,20,8,8,8,8,8,8
  cont_path:  (2,3),(0,2),(0,1)
  backend:    torch
  dtype:      FP32
*** benchmarking opt_einsum expression ***
  #flops :          3073638400
  #bytes :          6087680
  arith. intensity: 504.89
  time (eval):      0.017300
  time (compile):   0.000088
  gflops (eval):    177.67
  gflops (total):   176.77
CSV_DATA: opt_einsum,torch,"aefg,behi,cfhj,dgij->abcd","60,60,20,20,8,8,8,8,8,8","(2,3),(0,2),(0,1)",FP32,3073638400,504.89486963835157,8.797645568847656e-05,0.017299890518188477,177.66808389732228,176.7691462453531
*** input parameters ***
  einsum_str: aefg,behi,cfhj,dgij->abcd
  dim_sizes:  60,60,20,20,8,8,8,8,8,8
  cont_path:  (2,3),(0,2),(0,1)
  backend:    torch
  dtype:      FP32
*** benchmarking opt_einsum expression ***
  #flops :          3073638400
  #bytes :          6087680
  arith. intensity: 504.89
  time (eval):      0.017013
  time (compile):   0.000087
  gflops (eval):    180.67
  gflops (total):   179.74
CSV_DATA: opt_einsum,torch,"aefg,behi,cfhj,dgij->abcd","60,60,20,20,8,8,8,8,8,8","(2,3),(0,2),(0,1)",FP32,3073638400,504.89486963835157,8.749961853027344e-05,0.017012834548950195,180.66586089204424,179.74142317318612
*** input parameters ***
  einsum_str: aefg,behi,cfhj,dgij->abcd
  dim_sizes:  60,60,20,20,8,8,8,8,8,8
  cont_path:  (2,3),(0,2),(0,1)
  backend:    torch
  dtype:      FP32
*** benchmarking opt_einsum expression ***
  #flops :          3073638400
  #bytes :          6087680
  arith. intensity: 504.89
  time (eval):      0.017315
  time (compile):   0.000089
  gflops (eval):    177.51
  gflops (total):   176.60
CSV_DATA: opt_einsum,torch,"aefg,behi,cfhj,dgij->abcd","60,60,20,20,8,8,8,8,8,8","(2,3),(0,2),(0,1)",FP32,3073638400,504.89486963835157,8.869171142578125e-05,0.017315387725830078,177.5090716227467,176.6044800634757
*** input parameters ***
  einsum_str: aefg,behi,cfhj,dgij->abcd
  dim_sizes:  60,60,20,20,8,8,8,8,8,8
  cont_path:  (2,3),(0,2),(0,1)
  backend:    torch
  dtype:      FP32
*** benchmarking opt_einsum expression ***
  #flops :          3073638400
  #bytes :          6087680
  arith. intensity: 504.89
  time (eval):      0.017818
  time (compile):   0.000088
  gflops (eval):    172.50
  gflops (total):   171.65
CSV_DATA: opt_einsum,torch,"aefg,behi,cfhj,dgij->abcd","60,60,20,20,8,8,8,8,8,8","(2,3),(0,2),(0,1)",FP32,3073638400,504.89486963835157,8.797645568847656e-05,0.017818450927734375,172.49750904080497,171.65000779806408
*** input parameters ***
  einsum_str: aefg,behi,cfhj,dgij->abcd
  dim_sizes:  60,60,20,20,8,8,8,8,8,8
  cont_path:  (2,3),(0,2),(0,1)
  backend:    torch
  dtype:      FP32
*** benchmarking opt_einsum expression ***
  #flops :          3073638400
  #bytes :          6087680
  arith. intensity: 504.89
  time (eval):      0.018077
  time (compile):   0.000090
  gflops (eval):    170.03
  gflops (total):   169.19
CSV_DATA: opt_einsum,torch,"aefg,behi,cfhj,dgij->abcd","60,60,20,20,8,8,8,8,8,8","(2,3),(0,2),(0,1)",FP32,3073638400,504.89486963835157,8.988380432128906e-05,0.01807713508605957,170.029066296588,169.18782429556683
*** input parameters ***
  einsum_str: aefg,behi,cfhj,dgij->abcd
  dim_sizes:  60,60,20,20,8,8,8,8,8,8
  cont_path:  (2,3),(0,2),(0,1)
  backend:    torch
  dtype:      FP32
*** benchmarking opt_einsum expression ***
  #flops :          3073638400
  #bytes :          6087680
  arith. intensity: 504.89
  time (eval):      0.017685
  time (compile):   0.000087
  gflops (eval):    173.80
  gflops (total):   172.94
CSV_DATA: opt_einsum,torch,"aefg,behi,cfhj,dgij->abcd","60,60,20,20,8,8,8,8,8,8","(2,3),(0,2),(0,1)",FP32,3073638400,504.89486963835157,8.749961853027344e-05,0.0176849365234375,173.79979825918898,172.9441240045826
*** input parameters ***
  einsum_str: aefg,behi,cfhj,dgij->abcd
  dim_sizes:  60,60,20,20,8,8,8,8,8,8
  cont_path:  (2,3),(0,2),(0,1)
  backend:    torch
  dtype:      FP32
*** benchmarking opt_einsum expression ***
  #flops :          3073638400
  #bytes :          6087680
  arith. intensity: 504.89
  time (eval):      0.018132
  time (compile):   0.000090
  gflops (eval):    169.51
  gflops (total):   168.68
CSV_DATA: opt_einsum,torch,"aefg,behi,cfhj,dgij->abcd","60,60,20,20,8,8,8,8,8,8","(2,3),(0,2),(0,1)",FP32,3073638400,504.89486963835157,9.012222290039062e-05,0.01813197135925293,169.51484971497547,168.67646882300699
*** input parameters ***
  einsum_str: aefg,behi,cfhj,dgij->abcd
  dim_sizes:  60,60,20,20,8,8,8,8,8,8
  cont_path:  (2,3),(0,2),(0,1)
  backend:    torch
  dtype:      FP32
*** benchmarking opt_einsum expression ***
  #flops :          3073638400
  #bytes :          6087680
  arith. intensity: 504.89
  time (eval):      0.018687
  time (compile):   0.000090
  gflops (eval):    164.48
  gflops (total):   163.69
CSV_DATA: opt_einsum,torch,"aefg,behi,cfhj,dgij->abcd","60,60,20,20,8,8,8,8,8,8","(2,3),(0,2),(0,1)",FP32,3073638400,504.89486963835157,9.012222290039062e-05,0.01868724822998047,164.4778493961929,163.68843591347672
*** input parameters ***
  einsum_str: aefg,behi,cfhj,dgij->abcd
  dim_sizes:  60,60,20,20,8,8,8,8,8,8
  cont_path:  (2,3),(0,2),(0,1)
  backend:    torch
  dtype:      FP32
*** benchmarking opt_einsum expression ***
  #flops :          3073638400
  #bytes :          6087680
  arith. intensity: 504.89
  time (eval):      0.018674
  time (compile):   0.000090
  gflops (eval):    164.59
  gflops (total):   163.80
CSV_DATA: opt_einsum,torch,"aefg,behi,cfhj,dgij->abcd","60,60,20,20,8,8,8,8,8,8","(2,3),(0,2),(0,1)",FP32,3073638400,504.89486963835157,9.012222290039062e-05,0.018674135208129883,164.59334613052795,163.80282626677004
*** input parameters ***
  einsum_str: aefg,behi,cfhj,dgij->abcd
  dim_sizes:  60,60,20,20,8,8,8,8,8,8
  cont_path:  (2,3),(0,2),(0,1)
  backend:    torch
  dtype:      FP32
*** benchmarking opt_einsum expression ***
  #flops :          3073638400
  #bytes :          6087680
  arith. intensity: 504.89
  time (eval):      0.018596
  time (compile):   0.000088
  gflops (eval):    165.28
  gflops (total):   164.51
CSV_DATA: opt_einsum,torch,"aefg,behi,cfhj,dgij->abcd","60,60,20,20,8,8,8,8,8,8","(2,3),(0,2),(0,1)",FP32,3073638400,504.89486963835157,8.7738037109375e-05,0.018596172332763672,165.28338977504038,164.50723318369702
*** input parameters ***
  einsum_str: aefg,behi,cfhj,dgij->abcd
  dim_sizes:  60,60,20,20,8,8,8,8,8,8
  cont_path:  (2,3),(0,2),(0,1)
  backend:    torch
  dtype:      FP32
*** benchmarking opt_einsum expression ***
  #flops :          3073638400
  #bytes :          6087680
  arith. intensity: 504.89
  time (eval):      0.018279
  time (compile):   0.000095
  gflops (eval):    168.15
  gflops (total):   167.28
CSV_DATA: opt_einsum,torch,"aefg,behi,cfhj,dgij->abcd","60,60,20,20,8,8,8,8,8,8","(2,3),(0,2),(0,1)",FP32,3073638400,504.89486963835157,9.489059448242188e-05,0.018279075622558594,168.15064741057026,167.2822494442893
*** input parameters ***
  einsum_str: aefg,behi,cfhj,dgij->abcd
  dim_sizes:  60,60,20,20,8,8,8,8,8,8
  cont_path:  (2,3),(0,2),(0,1)
  backend:    torch
  dtype:      FP32
*** benchmarking opt_einsum expression ***
  #flops :          3073638400
  #bytes :          6087680
  arith. intensity: 504.89
  time (eval):      0.018777
  time (compile):   0.000087
  gflops (eval):    163.69
  gflops (total):   162.93
CSV_DATA: opt_einsum,torch,"aefg,behi,cfhj,dgij->abcd","60,60,20,20,8,8,8,8,8,8","(2,3),(0,2),(0,1)",FP32,3073638400,504.89486963835157,8.749961853027344e-05,0.018776893615722656,163.69259276339073,162.9333295713459
*** input parameters ***
  einsum_str: aefg,behi,cfhj,dgij->abcd
  dim_sizes:  60,60,20,20,8,8,8,8,8,8
  cont_path:  (2,3),(0,2),(0,1)
  backend:    torch
  dtype:      FP32
*** benchmarking opt_einsum expression ***
  #flops :          3073638400
  #bytes :          6087680
  arith. intensity: 504.89
  time (eval):      0.019068
  time (compile):   0.000090
  gflops (eval):    161.20
  gflops (total):   160.44
CSV_DATA: opt_einsum,torch,"aefg,behi,cfhj,dgij->abcd","60,60,20,20,8,8,8,8,8,8","(2,3),(0,2),(0,1)",FP32,3073638400,504.89486963835157,9.012222290039062e-05,0.019067764282226562,161.1955316054016,160.4372381670309
*** input parameters ***
  einsum_str: aefg,behi,cfhj,dgij->abcd
  dim_sizes:  60,60,20,20,8,8,8,8,8,8
  cont_path:  (2,3),(0,2),(0,1)
  backend:    torch
  dtype:      FP32
*** benchmarking opt_einsum expression ***
  #flops :          3073638400
  #bytes :          6087680
  arith. intensity: 504.89
  time (eval):      0.018770
  time (compile):   0.000092
  gflops (eval):    163.76
  gflops (total):   162.96
CSV_DATA: opt_einsum,torch,"aefg,behi,cfhj,dgij->abcd","60,60,20,20,8,8,8,8,8,8","(2,3),(0,2),(0,1)",FP32,3073638400,504.89486963835157,9.179115295410156e-05,0.018769502639770508,163.7570509453617,162.96010410407789
*** input parameters ***
  einsum_str: aefg,behi,cfhj,dgij->abcd
  dim_sizes:  60,60,20,20,8,8,8,8,8,8
  cont_path:  (2,3),(0,2),(0,1)
  backend:    torch
  dtype:      FP32
*** benchmarking opt_einsum expression ***
  #flops :          3073638400
  #bytes :          6087680
  arith. intensity: 504.89
  time (eval):      0.018645
  time (compile):   0.000088
  gflops (eval):    164.85
  gflops (total):   164.08
CSV_DATA: opt_einsum,torch,"aefg,behi,cfhj,dgij->abcd","60,60,20,20,8,8,8,8,8,8","(2,3),(0,2),(0,1)",FP32,3073638400,504.89486963835157,8.821487426757812e-05,0.01864480972290039,164.85222674194523,164.07592826545846
*** input parameters ***
  einsum_str: aefg,behi,cfhj,dgij->abcd
  dim_sizes:  60,60,20,20,8,8,8,8,8,8
  cont_path:  (2,3),(0,2),(0,1)
  backend:    torch
  dtype:      FP32
*** benchmarking opt_einsum expression ***
  #flops :          3073638400
  #bytes :          6087680
  arith. intensity: 504.89
  time (eval):      0.018827
  time (compile):   0.000085
  gflops (eval):    163.26
  gflops (total):   162.52
CSV_DATA: opt_einsum,torch,"aefg,behi,cfhj,dgij->abcd","60,60,20,20,8,8,8,8,8,8","(2,3),(0,2),(0,1)",FP32,3073638400,504.89486963835157,8.511543273925781e-05,0.018826961517333984,163.25727320205658,162.52251976946917
*** input parameters ***
  einsum_str: aefg,behi,cfhj,dgij->abcd
  dim_sizes:  60,60,20,20,8,8,8,8,8,8
  cont_path:  (2,3),(0,2),(0,1)
  backend:    torch
  dtype:      FP32
*** benchmarking opt_einsum expression ***
  #flops :          3073638400
  #bytes :          6087680
  arith. intensity: 504.89
  time (eval):      0.018721
  time (compile):   0.000090
  gflops (eval):    164.18
  gflops (total):   163.40
CSV_DATA: opt_einsum,torch,"aefg,behi,cfhj,dgij->abcd","60,60,20,20,8,8,8,8,8,8","(2,3),(0,2),(0,1)",FP32,3073638400,504.89486963835157,9.036064147949219e-05,0.018720626831054688,164.18458782060114,163.39590914553543
*** input parameters ***
  einsum_str: aefg,behi,cfhj,dgij->abcd
  dim_sizes:  60,60,20,20,8,8,8,8,8,8
  cont_path:  (2,3),(0,2),(0,1)
  backend:    torch
  dtype:      FP32
*** benchmarking opt_einsum expression ***
  #flops :          3073638400
  #bytes :          6087680
  arith. intensity: 504.89
  time (eval):      0.018322
  time (compile):   0.000091
  gflops (eval):    167.76
  gflops (total):   166.93
CSV_DATA: opt_einsum,torch,"aefg,behi,cfhj,dgij->abcd","60,60,20,20,8,8,8,8,8,8","(2,3),(0,2),(0,1)",FP32,3073638400,504.89486963835157,9.083747863769531e-05,0.018321514129638672,167.7611565426125,166.93350558319761
*** input parameters ***
  einsum_str: aefg,behi,cfhj,dgij->abcd
  dim_sizes:  60,60,20,20,8,8,8,8,8,8
  cont_path:  (2,3),(0,2),(0,1)
  backend:    torch
  dtype:      FP32
*** benchmarking opt_einsum expression ***
  #flops :          3073638400
  #bytes :          6087680
  arith. intensity: 504.89
  time (eval):      0.018261
  time (compile):   0.000087
  gflops (eval):    168.32
  gflops (total):   167.52
CSV_DATA: opt_einsum,torch,"aefg,behi,cfhj,dgij->abcd","60,60,20,20,8,8,8,8,8,8","(2,3),(0,2),(0,1)",FP32,3073638400,504.89486963835157,8.678436279296875e-05,0.018260955810546875,168.31749837677043,167.52136072136804
*** input parameters ***
  einsum_str: aefg,behi,cfhj,dgij->abcd
  dim_sizes:  60,60,20,20,8,8,8,8,8,8
  cont_path:  (2,3),(0,2),(0,1)
  backend:    torch
  dtype:      FP32
*** benchmarking opt_einsum expression ***
  #flops :          3073638400
  #bytes :          6087680
  arith. intensity: 504.89
  time (eval):      0.018603
  time (compile):   0.000093
  gflops (eval):    165.22
  gflops (total):   164.40
CSV_DATA: opt_einsum,torch,"aefg,behi,cfhj,dgij->abcd","60,60,20,20,8,8,8,8,8,8","(2,3),(0,2),(0,1)",FP32,3073638400,504.89486963835157,9.34600830078125e-05,0.018603086471557617,165.2219595226473,164.39604988170726
*** input parameters ***
  einsum_str: aefg,behi,cfhj,dgij->abcd
  dim_sizes:  60,60,20,20,8,8,8,8,8,8
  cont_path:  (2,3),(0,2),(0,1)
  backend:    torch
  dtype:      FP32
*** benchmarking opt_einsum expression ***
  #flops :          3073638400
  #bytes :          6087680
  arith. intensity: 504.89
  time (eval):      0.018299
  time (compile):   0.000091
  gflops (eval):    167.96
  gflops (total):   167.13
CSV_DATA: opt_einsum,torch,"aefg,behi,cfhj,dgij->abcd","60,60,20,20,8,8,8,8,8,8","(2,3),(0,2),(0,1)",FP32,3073638400,504.89486963835157,9.083747863769531e-05,0.018299341201782227,167.96442921675504,167.13477630712268
*** input parameters ***
  einsum_str: aefg,behi,cfhj,dgij->abcd
  dim_sizes:  60,60,20,20,8,8,8,8,8,8
  cont_path:  (2,3),(0,2),(0,1)
  backend:    torch
  dtype:      FP32
*** benchmarking opt_einsum expression ***
  #flops :          3073638400
  #bytes :          6087680
  arith. intensity: 504.89
  time (eval):      0.018370
  time (compile):   0.000089
  gflops (eval):    167.32
  gflops (total):   166.51
CSV_DATA: opt_einsum,torch,"aefg,behi,cfhj,dgij->abcd","60,60,20,20,8,8,8,8,8,8","(2,3),(0,2),(0,1)",FP32,3073638400,504.89486963835157,8.893013000488281e-05,0.01836991310119629,167.31915840145362,166.51305618136448
*** input parameters ***
  einsum_str: aefg,behi,cfhj,dgij->abcd
  dim_sizes:  60,60,20,20,8,8,8,8,8,8
  cont_path:  (2,3),(0,2),(0,1)
  backend:    torch
  dtype:      FP32
*** benchmarking opt_einsum expression ***
  #flops :          3073638400
  #bytes :          6087680
  arith. intensity: 504.89
  time (eval):      0.019054
  time (compile):   0.000086
  gflops (eval):    161.31
  gflops (total):   160.59
CSV_DATA: opt_einsum,torch,"aefg,behi,cfhj,dgij->abcd","60,60,20,20,8,8,8,8,8,8","(2,3),(0,2),(0,1)",FP32,3073638400,504.89486963835157,8.58306884765625e-05,0.019054412841796875,161.30848142734737,160.58512500839063
*** input parameters ***
  einsum_str: aefg,behi,cfhj,dgij->abcd
  dim_sizes:  60,60,20,20,8,8,8,8,8,8
  cont_path:  (2,3),(0,2),(0,1)
  backend:    torch
  dtype:      FP32
*** benchmarking opt_einsum expression ***
  #flops :          3073638400
  #bytes :          6087680
  arith. intensity: 504.89
  time (eval):      0.018564
  time (compile):   0.000089
  gflops (eval):    165.57
  gflops (total):   164.77
CSV_DATA: opt_einsum,torch,"aefg,behi,cfhj,dgij->abcd","60,60,20,20,8,8,8,8,8,8","(2,3),(0,2),(0,1)",FP32,3073638400,504.89486963835157,8.940696716308594e-05,0.018564462661743164,165.5657077720876,164.77216047640084
*** input parameters ***
  einsum_str: aefg,behi,cfhj,dgij->abcd
  dim_sizes:  60,60,20,20,8,8,8,8,8,8
  cont_path:  (2,3),(0,2),(0,1)
  backend:    torch
  dtype:      FP32
*** benchmarking opt_einsum expression ***
  #flops :          3073638400
  #bytes :          6087680
  arith. intensity: 504.89
  time (eval):      0.018192
  time (compile):   0.000092
  gflops (eval):    168.96
  gflops (total):   168.11
CSV_DATA: opt_einsum,torch,"aefg,behi,cfhj,dgij->abcd","60,60,20,20,8,8,8,8,8,8","(2,3),(0,2),(0,1)",FP32,3073638400,504.89486963835157,9.179115295410156e-05,0.01819157600402832,168.95943481309027,168.11117851594295
*** input parameters ***
  einsum_str: aefg,behi,cfhj,dgij->abcd
  dim_sizes:  60,60,20,20,8,8,8,8,8,8
  cont_path:  (2,3),(0,2),(0,1)
  backend:    torch
  dtype:      FP32
*** benchmarking opt_einsum expression ***
  #flops :          3073638400
  #bytes :          6087680
  arith. intensity: 504.89
  time (eval):      0.018806
  time (compile):   0.000091
  gflops (eval):    163.44
  gflops (total):   162.65
CSV_DATA: opt_einsum,torch,"aefg,behi,cfhj,dgij->abcd","60,60,20,20,8,8,8,8,8,8","(2,3),(0,2),(0,1)",FP32,3073638400,504.89486963835157,9.107589721679688e-05,0.01880645751953125,163.43526667943206,162.64759702850802
*** input parameters ***
  einsum_str: aefg,behi,cfhj,dgij->abcd
  dim_sizes:  60,60,20,20,8,8,8,8,8,8
  cont_path:  (2,3),(0,2),(0,1)
  backend:    torch
  dtype:      FP32
*** benchmarking opt_einsum expression ***
  #flops :          3073638400
  #bytes :          6087680
  arith. intensity: 504.89
  time (eval):      0.018794
  time (compile):   0.000090
  gflops (eval):    163.54
  gflops (total):   162.76
CSV_DATA: opt_einsum,torch,"aefg,behi,cfhj,dgij->abcd","60,60,20,20,8,8,8,8,8,8","(2,3),(0,2),(0,1)",FP32,3073638400,504.89486963835157,9.012222290039062e-05,0.01879405975341797,163.54307905406202,162.76259166822715
*** input parameters ***
  einsum_str: aefg,behi,cfhj,dgij->abcd
  dim_sizes:  60,60,20,20,8,8,8,8,8,8
  cont_path:  (2,3),(0,2),(0,1)
  backend:    torch
  dtype:      FP32
*** benchmarking opt_einsum expression ***
  #flops :          3073638400
  #bytes :          6087680
  arith. intensity: 504.89
  time (eval):      0.018335
  time (compile):   0.000089
  gflops (eval):    167.64
  gflops (total):   166.83
CSV_DATA: opt_einsum,torch,"aefg,behi,cfhj,dgij->abcd","60,60,20,20,8,8,8,8,8,8","(2,3),(0,2),(0,1)",FP32,3073638400,504.89486963835157,8.869171142578125e-05,0.01833486557006836,167.6389929478245,166.8319724056423
*** input parameters ***
  einsum_str: aefg,behi,cfhj,dgij->abcd
  dim_sizes:  60,60,20,20,8,8,8,8,8,8
  cont_path:  (2,3),(0,2),(0,1)
  backend:    torch
  dtype:      FP32
*** benchmarking opt_einsum expression ***
  #flops :          3073638400
  #bytes :          6087680
  arith. intensity: 504.89
  time (eval):      0.018572
  time (compile):   0.000090
  gflops (eval):    165.50
  gflops (total):   164.70
CSV_DATA: opt_einsum,torch,"aefg,behi,cfhj,dgij->abcd","60,60,20,20,8,8,8,8,8,8","(2,3),(0,2),(0,1)",FP32,3073638400,504.89486963835157,9.012222290039062e-05,0.018572092056274414,165.49769356552372,164.698484007328
*** input parameters ***
  einsum_str: aefg,behi,cfhj,dgij->abcd
  dim_sizes:  60,60,20,20,8,8,8,8,8,8
  cont_path:  (2,3),(0,2),(0,1)
  backend:    torch
  dtype:      FP32
*** benchmarking opt_einsum expression ***
  #flops :          3073638400
  #bytes :          6087680
  arith. intensity: 504.89
  time (eval):      0.018519
  time (compile):   0.000090
  gflops (eval):    165.97
  gflops (total):   165.17
CSV_DATA: opt_einsum,torch,"aefg,behi,cfhj,dgij->abcd","60,60,20,20,8,8,8,8,8,8","(2,3),(0,2),(0,1)",FP32,3073638400,504.89486963835157,9.012222290039062e-05,0.018519163131713867,165.97069630735243,165.16692293279695
*** input parameters ***
  einsum_str: aefg,behi,cfhj,dgij->abcd
  dim_sizes:  60,60,20,20,8,8,8,8,8,8
  cont_path:  (2,3),(0,2),(0,1)
  backend:    torch
  dtype:      FP32
*** benchmarking opt_einsum expression ***
  #flops :          3073638400
  #bytes :          6087680
  arith. intensity: 504.89
  time (eval):      0.018168
  time (compile):   0.000086
  gflops (eval):    169.18
  gflops (total):   168.39
CSV_DATA: opt_einsum,torch,"aefg,behi,cfhj,dgij->abcd","60,60,20,20,8,8,8,8,8,8","(2,3),(0,2),(0,1)",FP32,3073638400,504.89486963835157,8.559226989746094e-05,0.018167734146118164,169.1811634450152,168.38785051820273
*** input parameters ***
  einsum_str: aefg,behi,cfhj,dgij->abcd
  dim_sizes:  60,60,20,20,8,8,8,8,8,8
  cont_path:  (2,3),(0,2),(0,1)
  backend:    torch
  dtype:      FP32
*** benchmarking opt_einsum expression ***
  #flops :          3073638400
  #bytes :          6087680
  arith. intensity: 504.89
  time (eval):      0.018828
  time (compile):   0.000087
  gflops (eval):    163.25
  gflops (total):   162.49
CSV_DATA: opt_einsum,torch,"aefg,behi,cfhj,dgij->abcd","60,60,20,20,8,8,8,8,8,8","(2,3),(0,2),(0,1)",FP32,3073638400,504.89486963835157,8.749961853027344e-05,0.01882791519165039,163.24900387075598,162.49384065030947
*** input parameters ***
  einsum_str: aefg,behi,cfhj,dgij->abcd
  dim_sizes:  60,60,20,20,8,8,8,8,8,8
  cont_path:  (2,3),(0,2),(0,1)
  backend:    torch
  dtype:      FP32
*** benchmarking opt_einsum expression ***
  #flops :          3073638400
  #bytes :          6087680
  arith. intensity: 504.89
  time (eval):      0.017636
  time (compile):   0.000090
  gflops (eval):    174.28
  gflops (total):   173.40
CSV_DATA: opt_einsum,torch,"aefg,behi,cfhj,dgij->abcd","60,60,20,20,8,8,8,8,8,8","(2,3),(0,2),(0,1)",FP32,3073638400,504.89486963835157,9.012222290039062e-05,0.017635822296142578,174.28381554243074,173.39772200561683
*** input parameters ***
  einsum_str: aefg,behi,cfhj,dgij->abcd
  dim_sizes:  60,60,20,20,8,8,8,8,8,8
  cont_path:  (2,3),(0,2),(0,1)
  backend:    torch
  dtype:      FP32
*** benchmarking opt_einsum expression ***
  #flops :          3073638400
  #bytes :          6087680
  arith. intensity: 504.89
  time (eval):      0.017969
  time (compile):   0.000091
  gflops (eval):    171.05
  gflops (total):   170.19
CSV_DATA: opt_einsum,torch,"aefg,behi,cfhj,dgij->abcd","60,60,20,20,8,8,8,8,8,8","(2,3),(0,2),(0,1)",FP32,3073638400,504.89486963835157,9.107589721679688e-05,0.017969369888305664,171.04875792001488,170.18618679190507
*** input parameters ***
  einsum_str: aefg,behi,cfhj,dgij->abcd
  dim_sizes:  60,60,20,20,8,8,8,8,8,8
  cont_path:  (2,3),(0,2),(0,1)
  backend:    torch
  dtype:      FP32
*** benchmarking opt_einsum expression ***
  #flops :          3073638400
  #bytes :          6087680
  arith. intensity: 504.89
  time (eval):      0.018373
  time (compile):   0.000087
  gflops (eval):    167.29
  gflops (total):   166.49
CSV_DATA: opt_einsum,torch,"aefg,behi,cfhj,dgij->abcd","60,60,20,20,8,8,8,8,8,8","(2,3),(0,2),(0,1)",FP32,3073638400,504.89486963835157,8.749961853027344e-05,0.018373489379882812,167.28659082935744,166.49370194978238
*** input parameters ***
  einsum_str: aefg,behi,cfhj,dgij->abcd
  dim_sizes:  60,60,20,20,8,8,8,8,8,8
  cont_path:  (2,3),(0,2),(0,1)
  backend:    torch
  dtype:      FP32
*** benchmarking opt_einsum expression ***
  #flops :          3073638400
  #bytes :          6087680
  arith. intensity: 504.89
  time (eval):      0.018227
  time (compile):   0.000086
  gflops (eval):    168.63
  gflops (total):   167.84
CSV_DATA: opt_einsum,torch,"aefg,behi,cfhj,dgij->abcd","60,60,20,20,8,8,8,8,8,8","(2,3),(0,2),(0,1)",FP32,3073638400,504.89486963835157,8.58306884765625e-05,0.018227100372314453,168.63013519520734,167.83978434674654
*** input parameters ***
  einsum_str: aefg,behi,cfhj,dgij->abcd
  dim_sizes:  60,60,20,20,8,8,8,8,8,8
  cont_path:  (2,3),(0,2),(0,1)
  backend:    torch
  dtype:      FP32
*** benchmarking opt_einsum expression ***
  #flops :          3073638400
  #bytes :          6087680
  arith. intensity: 504.89
  time (eval):      0.018092
  time (compile):   0.000087
  gflops (eval):    169.89
  gflops (total):   169.08
CSV_DATA: opt_einsum,torch,"aefg,behi,cfhj,dgij->abcd","60,60,20,20,8,8,8,8,8,8","(2,3),(0,2),(0,1)",FP32,3073638400,504.89486963835157,8.654594421386719e-05,0.01809239387512207,169.88566693909996,169.07687854991084
*** input parameters ***
  einsum_str: aefg,behi,cfhj,dgij->abcd
  dim_sizes:  60,60,20,20,8,8,8,8,8,8
  cont_path:  (2,3),(0,2),(0,1)
  backend:    torch
  dtype:      FP32
*** benchmarking opt_einsum expression ***
  #flops :          3073638400
  #bytes :          6087680
  arith. intensity: 504.89
  time (eval):      0.018487
  time (compile):   0.000088
  gflops (eval):    166.26
  gflops (total):   165.47
CSV_DATA: opt_einsum,torch,"aefg,behi,cfhj,dgij->abcd","60,60,20,20,8,8,8,8,8,8","(2,3),(0,2),(0,1)",FP32,3073638400,504.89486963835157,8.7738037109375e-05,0.018487215042114258,166.2575132597413,165.47220264248804
*** input parameters ***
  einsum_str: aefg,behi,cfhj,dgij->abcd
  dim_sizes:  60,60,20,20,8,8,8,8,8,8
  cont_path:  (2,3),(0,2),(0,1)
  backend:    torch
  dtype:      FP32
*** benchmarking opt_einsum expression ***
  #flops :          3073638400
  #bytes :          6087680
  arith. intensity: 504.89
  time (eval):      0.019119
  time (compile):   0.000088
  gflops (eval):    160.76
  gflops (total):   160.03
CSV_DATA: opt_einsum,torch,"aefg,behi,cfhj,dgij->abcd","60,60,20,20,8,8,8,8,8,8","(2,3),(0,2),(0,1)",FP32,3073638400,504.89486963835157,8.797645568847656e-05,0.0191190242767334,160.76335044672842,160.02698405751738
*** input parameters ***
  einsum_str: aefg,behi,cfhj,dgij->abcd
  dim_sizes:  60,60,20,20,8,8,8,8,8,8
  cont_path:  (2,3),(0,2),(0,1)
  backend:    torch
  dtype:      FP32
*** benchmarking opt_einsum expression ***
  #flops :          3073638400
  #bytes :          6087680
  arith. intensity: 504.89
  time (eval):      0.018346
  time (compile):   0.000093
  gflops (eval):    167.54
  gflops (total):   166.70
CSV_DATA: opt_einsum,torch,"aefg,behi,cfhj,dgij->abcd","60,60,20,20,8,8,8,8,8,8","(2,3),(0,2),(0,1)",FP32,3073638400,504.89486963835157,9.298324584960938e-05,0.01834559440612793,167.54095462686786,166.6960683201262
*** input parameters ***
  einsum_str: aefg,behi,cfhj,dgij->abcd
  dim_sizes:  60,60,20,20,8,8,8,8,8,8
  cont_path:  (2,3),(0,2),(0,1)
  backend:    torch
  dtype:      FP32
*** benchmarking opt_einsum expression ***
  #flops :          3073638400
  #bytes :          6087680
  arith. intensity: 504.89
  time (eval):      0.018071
  time (compile):   0.000087
  gflops (eval):    170.09
  gflops (total):   169.27
CSV_DATA: opt_einsum,torch,"aefg,behi,cfhj,dgij->abcd","60,60,20,20,8,8,8,8,8,8","(2,3),(0,2),(0,1)",FP32,3073638400,504.89486963835157,8.678436279296875e-05,0.01807093620300293,170.08739145951054,169.2744631057866
*** input parameters ***
  einsum_str: aefg,behi,cfhj,dgij->abcd
  dim_sizes:  60,60,20,20,8,8,8,8,8,8
  cont_path:  (2,3),(0,2),(0,1)
  backend:    torch
  dtype:      FP32
*** benchmarking opt_einsum expression ***
  #flops :          3073638400
  #bytes :          6087680
  arith. intensity: 504.89
  time (eval):      0.018661
  time (compile):   0.000089
  gflops (eval):    164.71
  gflops (total):   163.92
CSV_DATA: opt_einsum,torch,"aefg,behi,cfhj,dgij->abcd","60,60,20,20,8,8,8,8,8,8","(2,3),(0,2),(0,1)",FP32,3073638400,504.89486963835157,8.940696716308594e-05,0.0186612606048584,164.70690084033168,163.92154509668134
*** input parameters ***
  einsum_str: aefg,behi,cfhj,dgij->abcd
  dim_sizes:  60,60,20,20,8,8,8,8,8,8
  cont_path:  (2,3),(0,2),(0,1)
  backend:    torch
  dtype:      FP32
*** benchmarking opt_einsum expression ***
  #flops :          3073638400
  #bytes :          6087680
  arith. intensity: 504.89
  time (eval):      0.019203
  time (compile):   0.000086
  gflops (eval):    160.06
  gflops (total):   159.34
CSV_DATA: opt_einsum,torch,"aefg,behi,cfhj,dgij->abcd","60,60,20,20,8,8,8,8,8,8","(2,3),(0,2),(0,1)",FP32,3073638400,504.89486963835157,8.630752563476562e-05,0.01920294761657715,160.06076053379687,159.3445873020654
*** input parameters ***
  einsum_str: aefg,behi,cfhj,dgij->abcd
  dim_sizes:  60,60,20,20,8,8,8,8,8,8
  cont_path:  (2,3),(0,2),(0,1)
  backend:    torch
  dtype:      FP32
*** benchmarking opt_einsum expression ***
  #flops :          3073638400
  #bytes :          6087680
  arith. intensity: 504.89
  time (eval):      0.019122
  time (compile):   0.000085
  gflops (eval):    160.74
  gflops (total):   160.03
CSV_DATA: opt_einsum,torch,"aefg,behi,cfhj,dgij->abcd","60,60,20,20,8,8,8,8,8,8","(2,3),(0,2),(0,1)",FP32,3073638400,504.89486963835157,8.511543273925781e-05,0.019121885299682617,160.73929697983368,160.02698405751738
*** input parameters ***
  einsum_str: aefg,behi,cfhj,dgij->abcd
  dim_sizes:  60,60,20,20,8,8,8,8,8,8
  cont_path:  (2,3),(0,2),(0,1)
  backend:    torch
  dtype:      FP32
*** benchmarking opt_einsum expression ***
  #flops :          3073638400
  #bytes :          6087680
  arith. intensity: 504.89
  time (eval):      0.018587
  time (compile):   0.000089
  gflops (eval):    165.36
  gflops (total):   164.58
CSV_DATA: opt_einsum,torch,"aefg,behi,cfhj,dgij->abcd","60,60,20,20,8,8,8,8,8,8","(2,3),(0,2),(0,1)",FP32,3073638400,504.89486963835157,8.893013000488281e-05,0.018587112426757812,165.36395376697794,164.57653652577585
*** input parameters ***
  einsum_str: aefg,behi,cfhj,dgij->abcd
  dim_sizes:  60,60,20,20,8,8,8,8,8,8
  cont_path:  (2,3),(0,2),(0,1)
  backend:    torch
  dtype:      FP32
*** benchmarking opt_einsum expression ***
  #flops :          3073638400
  #bytes :          6087680
  arith. intensity: 504.89
  time (eval):      0.018631
  time (compile):   0.000085
  gflops (eval):    164.98
  gflops (total):   164.23
CSV_DATA: opt_einsum,torch,"aefg,behi,cfhj,dgij->abcd","60,60,20,20,8,8,8,8,8,8","(2,3),(0,2),(0,1)",FP32,3073638400,504.89486963835157,8.535385131835938e-05,0.018630504608154297,164.97880570849992,164.22641828883567
*** input parameters ***
  einsum_str: aefg,behi,cfhj,dgij->abcd
  dim_sizes:  60,60,20,20,8,8,8,8,8,8
  cont_path:  (2,3),(0,2),(0,1)
  backend:    torch
  dtype:      FP32
*** benchmarking opt_einsum expression ***
  #flops :          3073638400
  #bytes :          6087680
  arith. intensity: 504.89
  time (eval):      0.019142
  time (compile):   0.000088
  gflops (eval):    160.57
  gflops (total):   159.83
CSV_DATA: opt_einsum,torch,"aefg,behi,cfhj,dgij->abcd","60,60,20,20,8,8,8,8,8,8","(2,3),(0,2),(0,1)",FP32,3073638400,504.89486963835157,8.797645568847656e-05,0.01914238929748535,160.5671242097124,159.83255022035755
*** input parameters ***
  einsum_str: aefg,behi,cfhj,dgij->abcd
  dim_sizes:  60,60,20,20,8,8,8,8,8,8
  cont_path:  (2,3),(0,2),(0,1)
  backend:    torch
  dtype:      FP32
*** benchmarking opt_einsum expression ***
  #flops :          3073638400
  #bytes :          6087680
  arith. intensity: 504.89
  time (eval):      0.018384
  time (compile):   0.000090
  gflops (eval):    167.19
  gflops (total):   166.38
CSV_DATA: opt_einsum,torch,"aefg,behi,cfhj,dgij->abcd","60,60,20,20,8,8,8,8,8,8","(2,3),(0,2),(0,1)",FP32,3073638400,504.89486963835157,9.012222290039062e-05,0.01838374137878418,167.19330068182654,166.37767097726785
*** input parameters ***
  einsum_str: aefg,behi,cfhj,dgij->abcd
  dim_sizes:  60,60,20,20,8,8,8,8,8,8
  cont_path:  (2,3),(0,2),(0,1)
  backend:    torch
  dtype:      FP32
*** benchmarking opt_einsum expression ***
  #flops :          3073638400
  #bytes :          6087680
  arith. intensity: 504.89
  time (eval):      0.018761
  time (compile):   0.000087
  gflops (eval):    163.83
  gflops (total):   163.08
CSV_DATA: opt_einsum,torch,"aefg,behi,cfhj,dgij->abcd","60,60,20,20,8,8,8,8,8,8","(2,3),(0,2),(0,1)",FP32,3073638400,504.89486963835157,8.654594421386719e-05,0.018761157989501953,163.8298873512975,163.07760408426753
*** input parameters ***
  einsum_str: aefg,behi,cfhj,dgij->abcd
  dim_sizes:  60,60,20,20,8,8,8,8,8,8
  cont_path:  (2,3),(0,2),(0,1)
  backend:    torch
  dtype:      FP32
*** benchmarking opt_einsum expression ***
  #flops :          3073638400
  #bytes :          6087680
  arith. intensity: 504.89
  time (eval):      0.018761
  time (compile):   0.000086
  gflops (eval):    163.83
  gflops (total):   163.08
CSV_DATA: opt_einsum,torch,"aefg,behi,cfhj,dgij->abcd","60,60,20,20,8,8,8,8,8,8","(2,3),(0,2),(0,1)",FP32,3073638400,504.89486963835157,8.606910705566406e-05,0.018761157989501953,163.8298873512975,163.08172996766137
*** input parameters ***
  einsum_str: aefg,behi,cfhj,dgij->abcd
  dim_sizes:  60,60,20,20,8,8,8,8,8,8
  cont_path:  (2,3),(0,2),(0,1)
  backend:    torch
  dtype:      FP32
*** benchmarking opt_einsum expression ***
  #flops :          3073638400
  #bytes :          6087680
  arith. intensity: 504.89
  time (eval):      0.018909
  time (compile):   0.000091
  gflops (eval):    162.55
  gflops (total):   161.77
CSV_DATA: opt_einsum,torch,"aefg,behi,cfhj,dgij->abcd","60,60,20,20,8,8,8,8,8,8","(2,3),(0,2),(0,1)",FP32,3073638400,504.89486963835157,9.131431579589844e-05,0.01890850067138672,162.5532586330963,161.77201736298454
*** input parameters ***
  einsum_str: aefg,behi,cfhj,dgij->abcd
  dim_sizes:  60,60,20,20,8,8,8,8,8,8
  cont_path:  (2,3),(0,2),(0,1)
  backend:    torch
  dtype:      FP32
*** benchmarking opt_einsum expression ***
  #flops :          3073638400
  #bytes :          6087680
  arith. intensity: 504.89
  time (eval):      0.017870
  time (compile):   0.000089
  gflops (eval):    172.00
  gflops (total):   171.14
CSV_DATA: opt_einsum,torch,"aefg,behi,cfhj,dgij->abcd","60,60,20,20,8,8,8,8,8,8","(2,3),(0,2),(0,1)",FP32,3073638400,504.89486963835157,8.940696716308594e-05,0.017870187759399414,171.9981032870412,171.14185741920136
*** input parameters ***
  einsum_str: aefg,behi,cfhj,dgij->abcd
  dim_sizes:  60,60,20,20,8,8,8,8,8,8
  cont_path:  (2,3),(0,2),(0,1)
  backend:    torch
  dtype:      FP32
*** benchmarking opt_einsum expression ***
  #flops :          3073638400
  #bytes :          6087680
  arith. intensity: 504.89
  time (eval):      0.018099
  time (compile):   0.000093
  gflops (eval):    169.83
  gflops (total):   168.96
CSV_DATA: opt_einsum,torch,"aefg,behi,cfhj,dgij->abcd","60,60,20,20,8,8,8,8,8,8","(2,3),(0,2),(0,1)",FP32,3073638400,504.89486963835157,9.274482727050781e-05,0.01809859275817871,169.82748001835836,168.96164922245873
*** input parameters ***
  einsum_str: aefg,behi,cfhj,dgij->abcd
  dim_sizes:  60,60,20,20,8,8,8,8,8,8
  cont_path:  (2,3),(0,2),(0,1)
  backend:    torch
  dtype:      FP32
*** benchmarking opt_einsum expression ***
  #flops :          3073638400
  #bytes :          6087680
  arith. intensity: 504.89
  time (eval):      0.017718
  time (compile):   0.000089
  gflops (eval):    173.47
  gflops (total):   172.60
CSV_DATA: opt_einsum,torch,"aefg,behi,cfhj,dgij->abcd","60,60,20,20,8,8,8,8,8,8","(2,3),(0,2),(0,1)",FP32,3073638400,504.89486963835157,8.940696716308594e-05,0.01771831512451172,173.4723859690188,172.6014357241649
*** input parameters ***
  einsum_str: aefg,behi,cfhj,dgij->abcd
  dim_sizes:  60,60,20,20,8,8,8,8,8,8
  cont_path:  (2,3),(0,2),(0,1)
  backend:    torch
  dtype:      FP32
*** benchmarking opt_einsum expression ***
  #flops :          3073638400
  #bytes :          6087680
  arith. intensity: 504.89
  time (eval):      0.018393
  time (compile):   0.000087
  gflops (eval):    167.11
  gflops (total):   166.32
CSV_DATA: opt_einsum,torch,"aefg,behi,cfhj,dgij->abcd","60,60,20,20,8,8,8,8,8,8","(2,3),(0,2),(0,1)",FP32,3073638400,504.89486963835157,8.654594421386719e-05,0.018393278121948242,167.10661251472646,166.32400768511937
*** input parameters ***
  einsum_str: aefg,behi,cfhj,dgij->abcd
  dim_sizes:  60,60,20,20,8,8,8,8,8,8
  cont_path:  (2,3),(0,2),(0,1)
  backend:    torch
  dtype:      FP32
*** benchmarking opt_einsum expression ***
  #flops :          3073638400
  #bytes :          6087680
  arith. intensity: 504.89
  time (eval):      0.018969
  time (compile):   0.000089
  gflops (eval):    162.03
  gflops (total):   161.28
CSV_DATA: opt_einsum,torch,"aefg,behi,cfhj,dgij->abcd","60,60,20,20,8,8,8,8,8,8","(2,3),(0,2),(0,1)",FP32,3073638400,504.89486963835157,8.869171142578125e-05,0.018969058990478516,162.0343107975365,161.28022913495633
*** input parameters ***
  einsum_str: aefg,behi,cfhj,dgij->abcd
  dim_sizes:  60,60,20,20,8,8,8,8,8,8
  cont_path:  (2,3),(0,2),(0,1)
  backend:    torch
  dtype:      FP32
*** benchmarking opt_einsum expression ***
  #flops :          3073638400
  #bytes :          6087680
  arith. intensity: 504.89
  time (eval):      0.017967
  time (compile):   0.000095
  gflops (eval):    171.08
  gflops (total):   170.17
CSV_DATA: opt_einsum,torch,"aefg,behi,cfhj,dgij->abcd","60,60,20,20,8,8,8,8,8,8","(2,3),(0,2),(0,1)",FP32,3073638400,504.89486963835157,9.512901306152344e-05,0.017966508865356445,171.0759960676991,170.17495426994034
*** input parameters ***
  einsum_str: aefg,behi,cfhj,dgij->abcd
  dim_sizes:  60,60,20,20,8,8,8,8,8,8
  cont_path:  (2,3),(0,2),(0,1)
  backend:    torch
  dtype:      FP32
*** benchmarking opt_einsum expression ***
  #flops :          3073638400
  #bytes :          6087680
  arith. intensity: 504.89
  time (eval):      0.017970
  time (compile):   0.000089
  gflops (eval):    171.04
  gflops (total):   170.20
CSV_DATA: opt_einsum,torch,"aefg,behi,cfhj,dgij->abcd","60,60,20,20,8,8,8,8,8,8","(2,3),(0,2),(0,1)",FP32,3073638400,504.89486963835157,8.893013000488281e-05,0.01797008514404297,171.0419497382795,170.19966777574228
*** input parameters ***
  einsum_str: aefg,behi,cfhj,dgij->abcd
  dim_sizes:  60,60,20,20,8,8,8,8,8,8
  cont_path:  (2,3),(0,2),(0,1)
  backend:    torch
  dtype:      FP32
*** benchmarking opt_einsum expression ***
  #flops :          3073638400
  #bytes :          6087680
  arith. intensity: 504.89
  time (eval):      0.018347
  time (compile):   0.000091
  gflops (eval):    167.53
  gflops (total):   166.71
CSV_DATA: opt_einsum,torch,"aefg,behi,cfhj,dgij->abcd","60,60,20,20,8,8,8,8,8,8","(2,3),(0,2),(0,1)",FP32,3073638400,504.89486963835157,9.059906005859375e-05,0.018346548080444336,167.53224565858275,166.70900202601285
*** input parameters ***
  einsum_str: aefg,behi,cfhj,dgij->abcd
  dim_sizes:  60,60,20,20,8,8,8,8,8,8
  cont_path:  (2,3),(0,2),(0,1)
  backend:    torch
  dtype:      FP32
*** benchmarking opt_einsum expression ***
  #flops :          3073638400
  #bytes :          6087680
  arith. intensity: 504.89
  time (eval):      0.019202
  time (compile):   0.000087
  gflops (eval):    160.07
  gflops (total):   159.35
CSV_DATA: opt_einsum,torch,"aefg,behi,cfhj,dgij->abcd","60,60,20,20,8,8,8,8,8,8","(2,3),(0,2),(0,1)",FP32,3073638400,504.89486963835157,8.654594421386719e-05,0.01920151710510254,160.0726850475384,159.3544355460272
*** input parameters ***
  einsum_str: aefg,behi,cfhj,dgij->abcd
  dim_sizes:  60,60,20,20,8,8,8,8,8,8
  cont_path:  (2,3),(0,2),(0,1)
  backend:    torch
  dtype:      FP32
*** benchmarking opt_einsum expression ***
  #flops :          3073638400
  #bytes :          6087680
  arith. intensity: 504.89
  time (eval):      0.018199
  time (compile):   0.000088
  gflops (eval):    168.89
  gflops (total):   168.08
CSV_DATA: opt_einsum,torch,"aefg,behi,cfhj,dgij->abcd","60,60,20,20,8,8,8,8,8,8","(2,3),(0,2),(0,1)",FP32,3073638400,504.89486963835157,8.797645568847656e-05,0.018198728561401367,168.89302951191,168.08049329431032
*** input parameters ***
  einsum_str: aefg,behi,cfhj,dgij->abcd
  dim_sizes:  60,60,20,20,8,8,8,8,8,8
  cont_path:  (2,3),(0,2),(0,1)
  backend:    torch
  dtype:      FP32
*** benchmarking opt_einsum expression ***
  #flops :          3073638400
  #bytes :          6087680
  arith. intensity: 504.89
  time (eval):      0.018924
  time (compile):   0.000083
  gflops (eval):    162.42
  gflops (total):   161.71
CSV_DATA: opt_einsum,torch,"aefg,behi,cfhj,dgij->abcd","60,60,20,20,8,8,8,8,8,8","(2,3),(0,2),(0,1)",FP32,3073638400,504.89486963835157,8.320808410644531e-05,0.018923521041870117,162.42423348166963,161.71316903755144
*** input parameters ***
  einsum_str: aefg,behi,cfhj,dgij->abcd
  dim_sizes:  60,60,20,20,8,8,8,8,8,8
  cont_path:  (2,3),(0,2),(0,1)
  backend:    torch
  dtype:      FP32
*** benchmarking opt_einsum expression ***
  #flops :          3073638400
  #bytes :          6087680
  arith. intensity: 504.89
  time (eval):      0.019046
  time (compile):   0.000087
  gflops (eval):    161.38
  gflops (total):   160.65
CSV_DATA: opt_einsum,torch,"aefg,behi,cfhj,dgij->abcd","60,60,20,20,8,8,8,8,8,8","(2,3),(0,2),(0,1)",FP32,3073638400,504.89486963835157,8.654594421386719e-05,0.01904606819152832,161.37915548192527,160.64916054822052
*** input parameters ***
  einsum_str: aefg,behi,cfhj,dgij->abcd
  dim_sizes:  60,60,20,20,8,8,8,8,8,8
  cont_path:  (2,3),(0,2),(0,1)
  backend:    torch
  dtype:      FP32
*** benchmarking opt_einsum expression ***
  #flops :          3073638400
  #bytes :          6087680
  arith. intensity: 504.89
  time (eval):      0.018789
  time (compile):   0.000084
  gflops (eval):    163.58
  gflops (total):   162.85
CSV_DATA: opt_einsum,torch,"aefg,behi,cfhj,dgij->abcd","60,60,20,20,8,8,8,8,8,8","(2,3),(0,2),(0,1)",FP32,3073638400,504.89486963835157,8.440017700195312e-05,0.018789291381835938,163.58458323613846,162.8530587361815
*** input parameters ***
  einsum_str: aefg,behi,cfhj,dgij->abcd
  dim_sizes:  60,60,20,20,8,8,8,8,8,8
  cont_path:  (2,3),(0,2),(0,1)
  backend:    torch
  dtype:      FP32
*** benchmarking opt_einsum expression ***
  #flops :          3073638400
  #bytes :          6087680
  arith. intensity: 504.89
  time (eval):      0.018209
  time (compile):   0.000087
  gflops (eval):    168.80
  gflops (total):   168.00
CSV_DATA: opt_einsum,torch,"aefg,behi,cfhj,dgij->abcd","60,60,20,20,8,8,8,8,8,8","(2,3),(0,2),(0,1)",FP32,3073638400,504.89486963835157,8.702278137207031e-05,0.01820850372314453,168.8023599705861,167.99945053460002
*** input parameters ***
  einsum_str: aefg,behi,cfhj,dgij->abcd
  dim_sizes:  60,60,20,20,8,8,8,8,8,8
  cont_path:  (2,3),(0,2),(0,1)
  backend:    torch
  dtype:      FP32
*** benchmarking opt_einsum expression ***
  #flops :          3073638400
  #bytes :          6087680
  arith. intensity: 504.89
  time (eval):      0.018610
  time (compile):   0.000088
  gflops (eval):    165.16
  gflops (total):   164.38
CSV_DATA: opt_einsum,torch,"aefg,behi,cfhj,dgij->abcd","60,60,20,20,8,8,8,8,8,8","(2,3),(0,2),(0,1)",FP32,3073638400,504.89486963835157,8.845329284667969e-05,0.018610239028930664,165.15845901935256,164.37718462377723
*** input parameters ***
  einsum_str: aefg,behi,cfhj,dgij->abcd
  dim_sizes:  60,60,20,20,8,8,8,8,8,8
  cont_path:  (2,3),(0,2),(0,1)
  backend:    torch
  dtype:      FP32
*** benchmarking opt_einsum expression ***
  #flops :          3073638400
  #bytes :          6087680
  arith. intensity: 504.89
  time (eval):      0.018910
  time (compile):   0.000095
  gflops (eval):    162.54
  gflops (total):   161.73
CSV_DATA: opt_einsum,torch,"aefg,behi,cfhj,dgij->abcd","60,60,20,20,8,8,8,8,8,8","(2,3),(0,2),(0,1)",FP32,3073638400,504.89486963835157,9.465217590332031e-05,0.018909692764282227,162.5430110533406,161.73345672655378
*** input parameters ***
  einsum_str: aefg,behi,cfhj,dgij->abcd
  dim_sizes:  60,60,20,20,8,8,8,8,8,8
  cont_path:  (2,3),(0,2),(0,1)
  backend:    torch
  dtype:      FP32
*** benchmarking opt_einsum expression ***
  #flops :          3073638400
  #bytes :          6087680
  arith. intensity: 504.89
  time (eval):      0.019057
  time (compile):   0.000087
  gflops (eval):    161.29
  gflops (total):   160.56
CSV_DATA: opt_einsum,torch,"aefg,behi,cfhj,dgij->abcd","60,60,20,20,8,8,8,8,8,8","(2,3),(0,2),(0,1)",FP32,3073638400,504.89486963835157,8.678436279296875e-05,0.019057035446166992,161.28628236445937,160.55512591909337
*** input parameters ***
  einsum_str: aefg,behi,cfhj,dgij->abcd
  dim_sizes:  60,60,20,20,8,8,8,8,8,8
  cont_path:  (2,3),(0,2),(0,1)
  backend:    torch
  dtype:      FP32
*** benchmarking opt_einsum expression ***
  #flops :          3073638400
  #bytes :          6087680
  arith. intensity: 504.89
  time (eval):      0.018348
  time (compile):   0.000089
  gflops (eval):    167.52
  gflops (total):   166.71
CSV_DATA: opt_einsum,torch,"aefg,behi,cfhj,dgij->abcd","60,60,20,20,8,8,8,8,8,8","(2,3),(0,2),(0,1)",FP32,3073638400,504.89486963835157,8.893013000488281e-05,0.018347740173339844,167.52136072136804,166.71331370732327
*** input parameters ***
  einsum_str: aefg,behi,cfhj,dgij->abcd
  dim_sizes:  60,60,20,20,8,8,8,8,8,8
  cont_path:  (2,3),(0,2),(0,1)
  backend:    torch
  dtype:      FP32
*** benchmarking opt_einsum expression ***
  #flops :          3073638400
  #bytes :          6087680
  arith. intensity: 504.89
  time (eval):      0.018769
  time (compile):   0.000086
  gflops (eval):    163.76
  gflops (total):   163.02
CSV_DATA: opt_einsum,torch,"aefg,behi,cfhj,dgij->abcd","60,60,20,20,8,8,8,8,8,8","(2,3),(0,2),(0,1)",FP32,3073638400,504.89486963835157,8.58306884765625e-05,0.018768787384033203,163.76329152808108,163.01780222646872
*** input parameters ***
  einsum_str: aefg,behi,cfhj,dgij->abcd
  dim_sizes:  60,60,20,20,8,8,8,8,8,8
  cont_path:  (2,3),(0,2),(0,1)
  backend:    torch
  dtype:      FP32
*** benchmarking opt_einsum expression ***
  #flops :          3073638400
  #bytes :          6087680
  arith. intensity: 504.89
  time (eval):      0.018638
  time (compile):   0.000087
  gflops (eval):    164.92
  gflops (total):   164.14
CSV_DATA: opt_einsum,torch,"aefg,behi,cfhj,dgij->abcd","60,60,20,20,8,8,8,8,8,8","(2,3),(0,2),(0,1)",FP32,3073638400,504.89486963835157,8.749961853027344e-05,0.018637657165527344,164.915491936673,164.14486860888988
*** input parameters ***
  einsum_str: aefg,behi,cfhj,dgij->abcd
  dim_sizes:  60,60,20,20,8,8,8,8,8,8
  cont_path:  (2,3),(0,2),(0,1)
  backend:    torch
  dtype:      FP32
*** benchmarking opt_einsum expression ***
  #flops :          3073638400
  #bytes :          6087680
  arith. intensity: 504.89
  time (eval):      0.018455
  time (compile):   0.000107
  gflops (eval):    166.55
  gflops (total):   165.58
CSV_DATA: opt_einsum,torch,"aefg,behi,cfhj,dgij->abcd","60,60,20,20,8,8,8,8,8,8","(2,3),(0,2),(0,1)",FP32,3073638400,504.89486963835157,0.00010704994201660156,0.01845526695251465,166.54532323528363,165.58484684126594
*** input parameters ***
  einsum_str: aefg,behi,cfhj,dgij->abcd
  dim_sizes:  60,60,20,20,8,8,8,8,8,8
  cont_path:  (2,3),(0,2),(0,1)
  backend:    torch
  dtype:      FP32
*** benchmarking opt_einsum expression ***
  #flops :          3073638400
  #bytes :          6087680
  arith. intensity: 504.89
  time (eval):      0.018782
  time (compile):   0.000094
  gflops (eval):    163.65
  gflops (total):   162.83
CSV_DATA: opt_einsum,torch,"aefg,behi,cfhj,dgij->abcd","60,60,20,20,8,8,8,8,8,8","(2,3),(0,2),(0,1)",FP32,3073638400,504.89486963835157,9.441375732421875e-05,0.01878190040588379,163.6489563663709,162.8304325423263
*** input parameters ***
  einsum_str: aefg,behi,cfhj,dgij->abcd
  dim_sizes:  60,60,20,20,8,8,8,8,8,8
  cont_path:  (2,3),(0,2),(0,1)
  backend:    torch
  dtype:      FP32
*** benchmarking opt_einsum expression ***
  #flops :          3073638400
  #bytes :          6087680
  arith. intensity: 504.89
  time (eval):      0.019114
  time (compile):   0.000096
  gflops (eval):    160.81
  gflops (total):   160.01
CSV_DATA: opt_einsum,torch,"aefg,behi,cfhj,dgij->abcd","60,60,20,20,8,8,8,8,8,8","(2,3),(0,2),(0,1)",FP32,3073638400,504.89486963835157,9.584426879882812e-05,0.019113540649414062,160.80947305250976,160.00712220024326
*** input parameters ***
  einsum_str: aefg,behi,cfhj,dgij->abcd
  dim_sizes:  60,60,20,20,8,8,8,8,8,8
  cont_path:  (2,3),(0,2),(0,1)
  backend:    torch
  dtype:      FP32
*** benchmarking opt_einsum expression ***
  #flops :          3073638400
  #bytes :          6087680
  arith. intensity: 504.89
  time (eval):      0.018420
  time (compile):   0.000087
  gflops (eval):    166.87
  gflops (total):   166.08
CSV_DATA: opt_einsum,torch,"aefg,behi,cfhj,dgij->abcd","60,60,20,20,8,8,8,8,8,8","(2,3),(0,2),(0,1)",FP32,3073638400,504.89486963835157,8.749961853027344e-05,0.018419742584228516,166.86652302251676,166.07760174780805
*** input parameters ***
  einsum_str: aefg,behi,cfhj,dgij->abcd
  dim_sizes:  60,60,20,20,8,8,8,8,8,8
  cont_path:  (2,3),(0,2),(0,1)
  backend:    torch
  dtype:      FP32
*** benchmarking opt_einsum expression ***
  #flops :          3073638400
  #bytes :          6087680
  arith. intensity: 504.89
  time (eval):      0.018018
  time (compile):   0.000092
  gflops (eval):    170.58
  gflops (total):   169.72
CSV_DATA: opt_einsum,torch,"aefg,behi,cfhj,dgij->abcd","60,60,20,20,8,8,8,8,8,8","(2,3),(0,2),(0,1)",FP32,3073638400,504.89486963835157,9.202957153320312e-05,0.018018484115600586,170.58251850047768,169.71569404923054
*** input parameters ***
  einsum_str: aefg,behi,cfhj,dgij->abcd
  dim_sizes:  60,60,20,20,8,8,8,8,8,8
  cont_path:  (2,3),(0,2),(0,1)
  backend:    torch
  dtype:      FP32
*** benchmarking opt_einsum expression ***
  #flops :          3073638400
  #bytes :          6087680
  arith. intensity: 504.89
  time (eval):      0.018168
  time (compile):   0.000087
  gflops (eval):    169.17
  gflops (total):   168.37
CSV_DATA: opt_einsum,torch,"aefg,behi,cfhj,dgij->abcd","60,60,20,20,8,8,8,8,8,8","(2,3),(0,2),(0,1)",FP32,3073638400,504.89486963835157,8.678436279296875e-05,0.01816844940185547,169.17450311891238,168.37025696993
*** input parameters ***
  einsum_str: aefg,behi,cfhj,dgij->abcd
  dim_sizes:  60,60,20,20,8,8,8,8,8,8
  cont_path:  (2,3),(0,2),(0,1)
  backend:    torch
  dtype:      FP32
*** benchmarking opt_einsum expression ***
  #flops :          3073638400
  #bytes :          6087680
  arith. intensity: 504.89
  time (eval):      0.017795
  time (compile):   0.000087
  gflops (eval):    172.73
  gflops (total):   171.89
CSV_DATA: opt_einsum,torch,"aefg,behi,cfhj,dgij->abcd","60,60,20,20,8,8,8,8,8,8","(2,3),(0,2),(0,1)",FP32,3073638400,504.89486963835157,8.726119995117188e-05,0.01779460906982422,172.72862741403077,171.88573418940297
*** input parameters ***
  einsum_str: aefg,behi,cfhj,dgij->abcd
  dim_sizes:  60,60,20,20,8,8,8,8,8,8
  cont_path:  (2,3),(0,2),(0,1)
  backend:    torch
  dtype:      FP32
*** benchmarking opt_einsum expression ***
  #flops :          3073638400
  #bytes :          6087680
  arith. intensity: 504.89
  time (eval):      0.018107
  time (compile):   0.000088
  gflops (eval):    169.75
  gflops (total):   168.92
CSV_DATA: opt_einsum,torch,"aefg,behi,cfhj,dgij->abcd","60,60,20,20,8,8,8,8,8,8","(2,3),(0,2),(0,1)",FP32,3073638400,504.89486963835157,8.845329284667969e-05,0.018106937408447266,169.74921438487348,168.92401215553022
*** input parameters ***
  einsum_str: aefg,behi,cfhj,dgij->abcd
  dim_sizes:  60,60,20,20,8,8,8,8,8,8
  cont_path:  (2,3),(0,2),(0,1)
  backend:    torch
  dtype:      FP32
*** benchmarking opt_einsum expression ***
  #flops :          3073638400
  #bytes :          6087680
  arith. intensity: 504.89
  time (eval):      0.017975
  time (compile):   0.000087
  gflops (eval):    171.00
  gflops (total):   170.17
CSV_DATA: opt_einsum,torch,"aefg,behi,cfhj,dgij->abcd","60,60,20,20,8,8,8,8,8,8","(2,3),(0,2),(0,1)",FP32,3073638400,504.89486963835157,8.726119995117188e-05,0.0179746150970459,170.99884383644735,170.1727079434719
*** input parameters ***
  einsum_str: aefg,behi,cfhj,dgij->abcd
  dim_sizes:  60,60,20,20,8,8,8,8,8,8
  cont_path:  (2,3),(0,2),(0,1)
  backend:    torch
  dtype:      FP32
*** benchmarking opt_einsum expression ***
  #flops :          3073638400
  #bytes :          6087680
  arith. intensity: 504.89
  time (eval):      0.018739
  time (compile):   0.000087
  gflops (eval):    164.03
  gflops (total):   163.27
CSV_DATA: opt_einsum,torch,"aefg,behi,cfhj,dgij->abcd","60,60,20,20,8,8,8,8,8,8","(2,3),(0,2),(0,1)",FP32,3073638400,504.89486963835157,8.749961853027344e-05,0.018738508224487305,164.02791317098544,163.26554337116082
*** input parameters ***
  einsum_str: aefg,behi,cfhj,dgij->abcd
  dim_sizes:  60,60,20,20,8,8,8,8,8,8
  cont_path:  (2,3),(0,2),(0,1)
  backend:    torch
  dtype:      FP32
*** benchmarking opt_einsum expression ***
  #flops :          3073638400
  #bytes :          6087680
  arith. intensity: 504.89
  time (eval):      0.018195
  time (compile):   0.000091
  gflops (eval):    168.93
  gflops (total):   168.09
CSV_DATA: opt_einsum,torch,"aefg,behi,cfhj,dgij->abcd","60,60,20,20,8,8,8,8,8,8","(2,3),(0,2),(0,1)",FP32,3073638400,504.89486963835157,9.083747863769531e-05,0.018194913864135742,168.92843917543863,168.0892593573798
*** input parameters ***
  einsum_str: aefg,behi,cfhj,dgij->abcd
  dim_sizes:  60,60,20,20,8,8,8,8,8,8
  cont_path:  (2,3),(0,2),(0,1)
  backend:    torch
  dtype:      FP32
*** benchmarking opt_einsum expression ***
  #flops :          3073638400
  #bytes :          6087680
  arith. intensity: 504.89
  time (eval):      0.019083
  time (compile):   0.000088
  gflops (eval):    161.07
  gflops (total):   160.33
CSV_DATA: opt_einsum,torch,"aefg,behi,cfhj,dgij->abcd","60,60,20,20,8,8,8,8,8,8","(2,3),(0,2),(0,1)",FP32,3073638400,504.89486963835157,8.797645568847656e-05,0.01908254623413086,161.07066438033934,160.331486508309
*** input parameters ***
  einsum_str: aefg,behi,cfhj,dgij->abcd
  dim_sizes:  60,60,20,20,8,8,8,8,8,8
  cont_path:  (2,3),(0,2),(0,1)
  backend:    torch
  dtype:      FP32
*** benchmarking opt_einsum expression ***
  #flops :          3073638400
  #bytes :          6087680
  arith. intensity: 504.89
  time (eval):      0.018408
  time (compile):   0.000096
  gflops (eval):    166.97
  gflops (total):   166.11
CSV_DATA: opt_einsum,torch,"aefg,behi,cfhj,dgij->abcd","60,60,20,20,8,8,8,8,8,8","(2,3),(0,2),(0,1)",FP32,3073638400,504.89486963835157,9.584426879882812e-05,0.01840829849243164,166.97026079100635,166.1054197247024
*** input parameters ***
  einsum_str: aefg,behi,cfhj,dgij->abcd
  dim_sizes:  60,60,20,20,8,8,8,8,8,8
  cont_path:  (2,3),(0,2),(0,1)
  backend:    torch
  dtype:      FP32
*** benchmarking opt_einsum expression ***
  #flops :          3073638400
  #bytes :          6087680
  arith. intensity: 504.89
  time (eval):      0.017913
  time (compile):   0.000086
  gflops (eval):    171.59
  gflops (total):   170.77
CSV_DATA: opt_einsum,torch,"aefg,behi,cfhj,dgij->abcd","60,60,20,20,8,8,8,8,8,8","(2,3),(0,2),(0,1)",FP32,3073638400,504.89486963835157,8.630752563476562e-05,0.017912864685058594,171.58832236162488,170.76554210498318
*** input parameters ***
  einsum_str: aefg,behi,cfhj,dgij->abcd
  dim_sizes:  60,60,20,20,8,8,8,8,8,8
  cont_path:  (2,3),(0,2),(0,1)
  backend:    torch
  dtype:      FP32
*** benchmarking opt_einsum expression ***
  #flops :          3073638400
  #bytes :          6087680
  arith. intensity: 504.89
  time (eval):      0.018567
  time (compile):   0.000089
  gflops (eval):    165.55
  gflops (total):   164.75
CSV_DATA: opt_einsum,torch,"aefg,behi,cfhj,dgij->abcd","60,60,20,20,8,8,8,8,8,8","(2,3),(0,2),(0,1)",FP32,3073638400,504.89486963835157,8.940696716308594e-05,0.018566608428955078,165.54657312676375,164.753208803609
*** input parameters ***
  einsum_str: aefg,behi,cfhj,dgij->abcd
  dim_sizes:  60,60,20,20,8,8,8,8,8,8
  cont_path:  (2,3),(0,2),(0,1)
  backend:    torch
  dtype:      FP32
*** benchmarking opt_einsum expression ***
  #flops :          3073638400
  #bytes :          6087680
  arith. intensity: 504.89
  time (eval):      0.018283
  time (compile):   0.000085
  gflops (eval):    168.12
  gflops (total):   167.34
CSV_DATA: opt_einsum,torch,"aefg,behi,cfhj,dgij->abcd","60,60,20,20,8,8,8,8,8,8","(2,3),(0,2),(0,1)",FP32,3073638400,504.89486963835157,8.535385131835938e-05,0.018282651901245117,168.11775537829246,167.33653295873108
*** input parameters ***
  einsum_str: aefg,behi,cfhj,dgij->abcd
  dim_sizes:  60,60,20,20,8,8,8,8,8,8
  cont_path:  (2,3),(0,2),(0,1)
  backend:    torch
  dtype:      FP32
*** benchmarking opt_einsum expression ***
  #flops :          3073638400
  #bytes :          6087680
  arith. intensity: 504.89
  time (eval):      0.018608
  time (compile):   0.000086
  gflops (eval):    165.18
  gflops (total):   164.42
CSV_DATA: opt_einsum,torch,"aefg,behi,cfhj,dgij->abcd","60,60,20,20,8,8,8,8,8,8","(2,3),(0,2),(0,1)",FP32,3073638400,504.89486963835157,8.58306884765625e-05,0.018607616424560547,165.18173686894397,164.42330734476445
*** input parameters ***
  einsum_str: aefg,behi,cfhj,dgij->abcd
  dim_sizes:  60,60,20,20,8,8,8,8,8,8
  cont_path:  (2,3),(0,2),(0,1)
  backend:    torch
  dtype:      FP32
*** benchmarking opt_einsum expression ***
  #flops :          3073638400
  #bytes :          6087680
  arith. intensity: 504.89
  time (eval):      0.019297
  time (compile):   0.000091
  gflops (eval):    159.28
  gflops (total):   158.54
CSV_DATA: opt_einsum,torch,"aefg,behi,cfhj,dgij->abcd","60,60,20,20,8,8,8,8,8,8","(2,3),(0,2),(0,1)",FP32,3073638400,504.89486963835157,9.059906005859375e-05,0.019296646118164062,159.28355534834438,158.5392030556545
*** input parameters ***
  einsum_str: aefg,behi,cfhj,dgij->abcd
  dim_sizes:  60,60,20,20,8,8,8,8,8,8
  cont_path:  (2,3),(0,2),(0,1)
  backend:    torch
  dtype:      FP32
*** benchmarking opt_einsum expression ***
  #flops :          3073638400
  #bytes :          6087680
  arith. intensity: 504.89
  time (eval):      0.018639
  time (compile):   0.000087
  gflops (eval):    164.91
  gflops (total):   164.14
CSV_DATA: opt_einsum,torch,"aefg,behi,cfhj,dgij->abcd","60,60,20,20,8,8,8,8,8,8","(2,3),(0,2),(0,1)",FP32,3073638400,504.89486963835157,8.749961853027344e-05,0.01863861083984375,164.90705377191978,164.1365091182359
*** input parameters ***
  einsum_str: aefg,behi,cfhj,dgij->abcd
  dim_sizes:  60,60,20,20,8,8,8,8,8,8
  cont_path:  (2,3),(0,2),(0,1)
  backend:    torch
  dtype:      FP32
*** benchmarking opt_einsum expression ***
  #flops :          3073638400
  #bytes :          6087680
  arith. intensity: 504.89
  time (eval):      0.018854
  time (compile):   0.000086
  gflops (eval):    163.03
  gflops (total):   162.29
CSV_DATA: opt_einsum,torch,"aefg,behi,cfhj,dgij->abcd","60,60,20,20,8,8,8,8,8,8","(2,3),(0,2),(0,1)",FP32,3073638400,504.89486963835157,8.58306884765625e-05,0.01885366439819336,163.02604815085866,162.28724081262874
*** input parameters ***
  einsum_str: aefg,behi,cfhj,dgij->abcd
  dim_sizes:  60,60,20,20,8,8,8,8,8,8
  cont_path:  (2,3),(0,2),(0,1)
  backend:    torch
  dtype:      FP32
*** benchmarking opt_einsum expression ***
  #flops :          3073638400
  #bytes :          6087680
  arith. intensity: 504.89
  time (eval):      0.018792
  time (compile):   0.000087
  gflops (eval):    163.56
  gflops (total):   162.81
CSV_DATA: opt_einsum,torch,"aefg,behi,cfhj,dgij->abcd","60,60,20,20,8,8,8,8,8,8","(2,3),(0,2),(0,1)",FP32,3073638400,504.89486963835157,8.678436279296875e-05,0.018792152404785156,163.55967819936058,162.80781263479494
*** input parameters ***
  einsum_str: aefg,behi,cfhj,dgij->abcd
  dim_sizes:  60,60,20,20,8,8,8,8,8,8
  cont_path:  (2,3),(0,2),(0,1)
  backend:    torch
  dtype:      FP32
*** benchmarking opt_einsum expression ***
  #flops :          3073638400
  #bytes :          6087680
  arith. intensity: 504.89
  time (eval):      0.018137
  time (compile):   0.000091
  gflops (eval):    169.47
  gflops (total):   168.63
CSV_DATA: opt_einsum,torch,"aefg,behi,cfhj,dgij->abcd","60,60,20,20,8,8,8,8,8,8","(2,3),(0,2),(0,1)",FP32,3073638400,504.89486963835157,9.059906005859375e-05,0.01813673973083496,169.47028217945865,168.62792946689515
*** input parameters ***
  einsum_str: aefg,behi,cfhj,dgij->abcd
  dim_sizes:  60,60,20,20,8,8,8,8,8,8
  cont_path:  (2,3),(0,2),(0,1)
  backend:    torch
  dtype:      FP32
*** benchmarking opt_einsum expression ***
  #flops :          3073638400
  #bytes :          6087680
  arith. intensity: 504.89
  time (eval):      0.019177
  time (compile):   0.000087
  gflops (eval):    160.28
  gflops (total):   159.56
CSV_DATA: opt_einsum,torch,"aefg,behi,cfhj,dgij->abcd","60,60,20,20,8,8,8,8,8,8","(2,3),(0,2),(0,1)",FP32,3073638400,504.89486963835157,8.654594421386719e-05,0.01917719841003418,160.27567396871513,159.55560577828166
*** input parameters ***
  einsum_str: aefg,behi,cfhj,dgij->abcd
  dim_sizes:  60,60,20,20,8,8,8,8,8,8
  cont_path:  (2,3),(0,2),(0,1)
  backend:    torch
  dtype:      FP32
*** benchmarking opt_einsum expression ***
  #flops :          3073638400
  #bytes :          6087680
  arith. intensity: 504.89
  time (eval):      0.019142
  time (compile):   0.000085
  gflops (eval):    160.57
  gflops (total):   159.86
CSV_DATA: opt_einsum,torch,"aefg,behi,cfhj,dgij->abcd","60,60,20,20,8,8,8,8,8,8","(2,3),(0,2),(0,1)",FP32,3073638400,504.89486963835157,8.463859558105469e-05,0.01914191246032715,160.57112403843215,159.8642622414325
*** input parameters ***
  einsum_str: aefg,behi,cfhj,dgij->abcd
  dim_sizes:  60,60,20,20,8,8,8,8,8,8
  cont_path:  (2,3),(0,2),(0,1)
  backend:    torch
  dtype:      FP32
*** benchmarking opt_einsum expression ***
  #flops :          3073638400
  #bytes :          6087680
  arith. intensity: 504.89
  time (eval):      0.018677
  time (compile):   0.000092
  gflops (eval):    164.57
  gflops (total):   163.76
CSV_DATA: opt_einsum,torch,"aefg,behi,cfhj,dgij->abcd","60,60,20,20,8,8,8,8,8,8","(2,3),(0,2),(0,1)",FP32,3073638400,504.89486963835157,9.202957153320312e-05,0.018677234649658203,164.5660322662514,163.75913108675374
*** input parameters ***
  einsum_str: aefg,behi,cfhj,dgij->abcd
  dim_sizes:  60,60,20,20,8,8,8,8,8,8
  cont_path:  (2,3),(0,2),(0,1)
  backend:    torch
  dtype:      FP32
*** benchmarking opt_einsum expression ***
  #flops :          3073638400
  #bytes :          6087680
  arith. intensity: 504.89
  time (eval):      0.018517
  time (compile):   0.000089
  gflops (eval):    165.99
  gflops (total):   165.20
CSV_DATA: opt_einsum,torch,"aefg,behi,cfhj,dgij->abcd","60,60,20,20,8,8,8,8,8,8","(2,3),(0,2),(0,1)",FP32,3073638400,504.89486963835157,8.869171142578125e-05,0.018517255783081055,165.98779192802093,165.19655346267382
*** input parameters ***
  einsum_str: aefg,behi,cfhj,dgij->abcd
  dim_sizes:  60,60,20,20,8,8,8,8,8,8
  cont_path:  (2,3),(0,2),(0,1)
  backend:    torch
  dtype:      FP32
*** benchmarking opt_einsum expression ***
  #flops :          3073638400
  #bytes :          6087680
  arith. intensity: 504.89
  time (eval):      0.019146
  time (compile):   0.000089
  gflops (eval):    160.54
  gflops (total):   159.79
CSV_DATA: opt_einsum,torch,"aefg,behi,cfhj,dgij->abcd","60,60,20,20,8,8,8,8,8,8","(2,3),(0,2),(0,1)",FP32,3073638400,504.89486963835157,8.916854858398438e-05,0.019145727157592773,160.53913098730558,159.79490853246404
*** input parameters ***
  einsum_str: aefg,behi,cfhj,dgij->abcd
  dim_sizes:  60,60,20,20,8,8,8,8,8,8
  cont_path:  (2,3),(0,2),(0,1)
  backend:    torch
  dtype:      FP32
*** benchmarking opt_einsum expression ***
  #flops :          3073638400
  #bytes :          6087680
  arith. intensity: 504.89
  time (eval):      0.018585
  time (compile):   0.000107
  gflops (eval):    165.38
  gflops (total):   164.43
CSV_DATA: opt_einsum,torch,"aefg,behi,cfhj,dgij->abcd","60,60,20,20,8,8,8,8,8,8","(2,3),(0,2),(0,1)",FP32,3073638400,504.89486963835157,0.00010728836059570312,0.018585205078125,165.38092461609196,164.4316960750185
