************************************
*** benchmark 1: efbad,cf->abcde ***
************************************
einsum_str: efbad,cf->abcde
  optimizing
    optimization time: 1646.1927337646484
  verifying
    error (relative): 0.002359696080496921
  benchmarking
    num_ops:  5159780352.0
    median:   0.004314401910135506
    gflops:   1195.9433681592132
CSV_DATA:"efbad,cf->abcde","48,36,24,36,48,36",float32,"num_cores:72,vector_unit_bytes:64,cache_line_bytes:64,max_shared_memory_per_block:0,max_local_memory_per_block:0,max_threads_per_block:0,max_vthread_extent:0,warp_size:0","llvm -keys=arm_cpu,cpu -device=arm_cpu -mcpu=neoverse-v2 -mtriple=aarch64-linux-gnu",1000,10,1646.1927337646484,0.002359696080496921,5159780352.0,0.004314401910135506,1195.9433681592132
************************************
*** benchmark 2: efcad,bf->abcde ***
************************************
einsum_str: efcad,bf->abcde
  optimizing
    optimization time: 1638.930472612381
  verifying
    error (relative): 0.002398881196516236
  benchmarking
    num_ops:  5159780352.0
    median:   0.004078211410049576
    gflops:   1265.2066882273953
CSV_DATA:"efcad,bf->abcde","48,24,36,36,48,36",float32,"num_cores:72,vector_unit_bytes:64,cache_line_bytes:64,max_shared_memory_per_block:0,max_local_memory_per_block:0,max_threads_per_block:0,max_vthread_extent:0,warp_size:0","llvm -keys=arm_cpu,cpu -device=arm_cpu -mcpu=neoverse-v2 -mtriple=aarch64-linux-gnu",1000,10,1638.930472612381,0.002398881196516236,5159780352.0,0.004078211410049576,1265.2066882273953
**********************************
*** benchmark 3: dbea,ec->abcd ***
**********************************
einsum_str: dbea,ec->abcd
  optimizing
    optimization time: 1184.0635628700256
  verifying
    error (relative): 0.002320262534129059
  benchmarking
    num_ops:  3567255552.0
    median:   0.0013390860175156766
    gflops:   2663.9480252494222
CSV_DATA:"dbea,ec->abcd","96,84,24,96,96",float32,"num_cores:72,vector_unit_bytes:64,cache_line_bytes:64,max_shared_memory_per_block:0,max_local_memory_per_block:0,max_threads_per_block:0,max_vthread_extent:0,warp_size:0","llvm -keys=arm_cpu,cpu -device=arm_cpu -mcpu=neoverse-v2 -mtriple=aarch64-linux-gnu",1000,10,1184.0635628700256,0.002320262534129059,3567255552.0,0.0013390860175156766,2663.9480252494222
************************************
*** benchmark 4: ecbfa,fd->abcde ***
************************************
einsum_str: ecbfa,fd->abcde
  optimizing
    optimization time: 1891.1586420536041
  verifying
    error (relative): 0.002384231213168789
  benchmarking
    num_ops:  6879707136.0
    median:   0.0036424356657869484
    gflops:   1888.7655863411492
CSV_DATA:"ecbfa,fd->abcde","48,36,36,24,48,48",float32,"num_cores:72,vector_unit_bytes:64,cache_line_bytes:64,max_shared_memory_per_block:0,max_local_memory_per_block:0,max_threads_per_block:0,max_vthread_extent:0,warp_size:0","llvm -keys=arm_cpu,cpu -device=arm_cpu -mcpu=neoverse-v2 -mtriple=aarch64-linux-gnu",1000,10,1891.1586420536041,0.002384231213168789,6879707136.0,0.0036424356657869484,1888.7655863411492
**********************************
*** benchmark 5: deca,be->abcd ***
**********************************
einsum_str: deca,be->abcd
  optimizing
    optimization time: 1110.1685547828674
  verifying
    error (relative): 0.002368649107324204
  benchmarking
    num_ops:  3121348608.0
    median:   0.0017756041344493133
    gflops:   1757.9079409882409
CSV_DATA:"deca,be->abcd","96,24,84,96,84",float32,"num_cores:72,vector_unit_bytes:64,cache_line_bytes:64,max_shared_memory_per_block:0,max_local_memory_per_block:0,max_threads_per_block:0,max_vthread_extent:0,warp_size:0","llvm -keys=arm_cpu,cpu -device=arm_cpu -mcpu=neoverse-v2 -mtriple=aarch64-linux-gnu",1000,10,1110.1685547828674,0.002368649107324204,3121348608.0,0.0017756041344493133,1757.9079409882409
********************************
*** benchmark 6: bda,dc->abc ***
********************************
einsum_str: bda,dc->abc
  optimizing
    optimization time: 931.2799956798553
  verifying
    error (relative): 0.0023597482561968004
  benchmarking
    num_ops:  2717908992.0
    median:   0.0007381254058965915
    gflops:   3682.1778119106884
CSV_DATA:"bda,dc->abc","384,384,24,384",float32,"num_cores:72,vector_unit_bytes:64,cache_line_bytes:64,max_shared_memory_per_block:0,max_local_memory_per_block:0,max_threads_per_block:0,max_vthread_extent:0,warp_size:0","llvm -keys=arm_cpu,cpu -device=arm_cpu -mcpu=neoverse-v2 -mtriple=aarch64-linux-gnu",1000,10,931.2799956798553,0.0023597482561968004,2717908992.0,0.0007381254058965915,3682.1778119106884
**********************************
*** benchmark 7: ebad,ce->abcd ***
**********************************
einsum_str: ebad,ce->abcd
  optimizing
    optimization time: 1124.4932043552399
  verifying
    error (relative): 0.002356103457530219
  benchmarking
    num_ops:  3121348608.0
    median:   0.0012448599521958966
    gflops:   2507.389367369424
CSV_DATA:"ebad,ce->abcd","96,84,24,84,96",float32,"num_cores:72,vector_unit_bytes:64,cache_line_bytes:64,max_shared_memory_per_block:0,max_local_memory_per_block:0,max_threads_per_block:0,max_vthread_extent:0,warp_size:0","llvm -keys=arm_cpu,cpu -device=arm_cpu -mcpu=neoverse-v2 -mtriple=aarch64-linux-gnu",1000,10,1124.4932043552399,0.002356103457530219,3121348608.0,0.0012448599521958966,2507.389367369424
**************************************
*** benchmark 8: dega,gfbc->abcdef ***
**************************************
einsum_str: dega,gfbc->abcdef
  optimizing
    optimization time: 1281.9206092357635
  verifying
    error (relative): 0.002348639676065398
  benchmarking
    num_ops:  4423680000.0
    median:   0.0016982561295220346
    gflops:   2604.836763489275
CSV_DATA:"dega,gfbc->abcdef","24,20,20,24,20,20,24",float32,"num_cores:72,vector_unit_bytes:64,cache_line_bytes:64,max_shared_memory_per_block:0,max_local_memory_per_block:0,max_threads_per_block:0,max_vthread_extent:0,warp_size:0","llvm -keys=arm_cpu,cpu -device=arm_cpu -mcpu=neoverse-v2 -mtriple=aarch64-linux-gnu",1000,10,1281.9206092357635,0.002348639676065398,4423680000.0,0.0016982561295220346,2604.836763489275
**************************************
*** benchmark 9: dfgb,geac->abcdef ***
**************************************
einsum_str: dfgb,geac->abcdef
  optimizing
    optimization time: 1272.988718032837
  verifying
    error (relative): 0.002345361362965743
  benchmarking
    num_ops:  4423680000.0
    median:   0.002128197425902189
    gflops:   2078.6041492953623
CSV_DATA:"dfgb,geac->abcdef","24,20,20,24,20,20,24",float32,"num_cores:72,vector_unit_bytes:64,cache_line_bytes:64,max_shared_memory_per_block:0,max_local_memory_per_block:0,max_threads_per_block:0,max_vthread_extent:0,warp_size:0","llvm -keys=arm_cpu,cpu -device=arm_cpu -mcpu=neoverse-v2 -mtriple=aarch64-linux-gnu",1000,10,1272.988718032837,0.002345361362965743,4423680000.0,0.002128197425902189,2078.6041492953623
***************************************
*** benchmark 10: degb,gfac->abcdef ***
***************************************
einsum_str: degb,gfac->abcdef
  optimizing
    optimization time: 1239.7514426708221
  verifying
    error (relative): 0.0023459625888276425
  benchmarking
    num_ops:  4423680000.0
    median:   0.0023359293522648085
    gflops:   1893.7559030674474
CSV_DATA:"degb,gfac->abcdef","24,20,20,24,20,20,24",float32,"num_cores:72,vector_unit_bytes:64,cache_line_bytes:64,max_shared_memory_per_block:0,max_local_memory_per_block:0,max_threads_per_block:0,max_vthread_extent:0,warp_size:0","llvm -keys=arm_cpu,cpu -device=arm_cpu -mcpu=neoverse-v2 -mtriple=aarch64-linux-gnu",1000,10,1239.7514426708221,0.0023459625888276425,4423680000.0,0.0023359293522648085,1893.7559030674474
***************************************
*** benchmark 11: degc,gfab->abcdef ***
***************************************
einsum_str: degc,gfab->abcdef
  optimizing
    optimization time: 1251.9468202590942
  verifying
    error (relative): 0.0023443639386542046
  benchmarking
    num_ops:  4423680000.0
    median:   0.0022215858533555437
    gflops:   1991.2262194676625
CSV_DATA:"degc,gfab->abcdef","24,20,20,24,20,20,24",float32,"num_cores:72,vector_unit_bytes:64,cache_line_bytes:64,max_shared_memory_per_block:0,max_local_memory_per_block:0,max_threads_per_block:0,max_vthread_extent:0,warp_size:0","llvm -keys=arm_cpu,cpu -device=arm_cpu -mcpu=neoverse-v2 -mtriple=aarch64-linux-gnu",1000,10,1251.9468202590942,0.0023443639386542046,4423680000.0,0.0022215858533555437,1991.2262194676625
*********************************
*** benchmark 12: dca,bd->abc ***
*********************************
einsum_str: dca,bd->abc
  optimizing
    optimization time: 962.9895949363708
  verifying
    error (relative): 0.0023400181279937026
  benchmarking
    num_ops:  2661285888.0
    median:   0.0013174981429038943
    gflops:   2019.9541853882745
CSV_DATA:"dca,bd->abc","384,24,376,384",float32,"num_cores:72,vector_unit_bytes:64,cache_line_bytes:64,max_shared_memory_per_block:0,max_local_memory_per_block:0,max_threads_per_block:0,max_vthread_extent:0,warp_size:0","llvm -keys=arm_cpu,cpu -device=arm_cpu -mcpu=neoverse-v2 -mtriple=aarch64-linux-gnu",1000,10,962.9895949363708,0.0023400181279937026,2661285888.0,0.0013174981429038943,2019.9541853882745
***********************************
*** benchmark 13: ea,ebcd->abcd ***
***********************************
einsum_str: ea,ebcd->abcd
  optimizing
    optimization time: 1320.0367288589478
  verifying
    error (relative): 0.0023558994262920406
  benchmarking
    num_ops:  10924720128.0
    median:   0.003445107726648889
    gflops:   3171.082298383351
CSV_DATA:"ea,ebcd->abcd","96,84,84,84,96",float32,"num_cores:72,vector_unit_bytes:64,cache_line_bytes:64,max_shared_memory_per_block:0,max_local_memory_per_block:0,max_threads_per_block:0,max_vthread_extent:0,warp_size:0","llvm -keys=arm_cpu,cpu -device=arm_cpu -mcpu=neoverse-v2 -mtriple=aarch64-linux-gnu",1000,10,1320.0367288589478,0.0023558994262920406,10924720128.0,0.003445107726648889,3171.082298383351
***********************************
*** benchmark 14: eb,aecd->abcd ***
***********************************
einsum_str: eb,aecd->abcd
  optimizing
    optimization time: 1320.2921061515808
  verifying
    error (relative): 0.0023549549464452766
  benchmarking
    num_ops:  10924720128.0
    median:   0.003461910000455223
    gflops:   3155.6915478921915
CSV_DATA:"eb,aecd->abcd","96,84,84,84,96",float32,"num_cores:72,vector_unit_bytes:64,cache_line_bytes:64,max_shared_memory_per_block:0,max_local_memory_per_block:0,max_threads_per_block:0,max_vthread_extent:0,warp_size:0","llvm -keys=arm_cpu,cpu -device=arm_cpu -mcpu=neoverse-v2 -mtriple=aarch64-linux-gnu",1000,10,1320.2921061515808,0.0023549549464452766,10924720128.0,0.003461910000455223,3155.6915478921915
***********************************
*** benchmark 15: ec,abed->abcd ***
***********************************
einsum_str: ec,abed->abcd
  optimizing
    optimization time: 1319.9147045612335
  verifying
    error (relative): 0.002354855405390168
  benchmarking
    num_ops:  10924720128.0
    median:   0.0029415417759180084
    gflops:   3713.9435575721404
CSV_DATA:"ec,abed->abcd","96,84,84,84,96",float32,"num_cores:72,vector_unit_bytes:64,cache_line_bytes:64,max_shared_memory_per_block:0,max_local_memory_per_block:0,max_threads_per_block:0,max_vthread_extent:0,warp_size:0","llvm -keys=arm_cpu,cpu -device=arm_cpu -mcpu=neoverse-v2 -mtriple=aarch64-linux-gnu",1000,10,1319.9147045612335,0.002354855405390168,10924720128.0,0.0029415417759180084,3713.9435575721404
***********************************
*** benchmark 16: adec,ebd->abc ***
***********************************
einsum_str: adec,ebd->abc
  optimizing
    optimization time: 1117.1103327274323
  verifying
    error (relative): 0.0023438783971478916
  benchmarking
    num_ops:  10924720128.0
    median:   0.003459702108680134
    gflops:   3157.7054280455804
CSV_DATA:"adec,ebd->abc","96,84,84,84,96",float32,"num_cores:72,vector_unit_bytes:64,cache_line_bytes:64,max_shared_memory_per_block:0,max_local_memory_per_block:0,max_threads_per_block:0,max_vthread_extent:0,warp_size:0","llvm -keys=arm_cpu,cpu -device=arm_cpu -mcpu=neoverse-v2 -mtriple=aarch64-linux-gnu",1000,10,1117.1103327274323,0.0023438783971478916,10924720128.0,0.003459702108680134,3157.7054280455804
*********************************
*** benchmark 17: cad,dcb->ab ***
*********************************
einsum_str: cad,dcb->ab
  optimizing
    optimization time: 1478.415552854538
  verifying
    error (relative): 0.0023544904493963217
  benchmarking
    num_ops:  42580574208.0
    median:   0.012133958918089171
    gflops:   3509.20705232662
CSV_DATA:"cad,dcb->ab","384,376,384,384",float32,"num_cores:72,vector_unit_bytes:64,cache_line_bytes:64,max_shared_memory_per_block:0,max_local_memory_per_block:0,max_threads_per_block:0,max_vthread_extent:0,warp_size:0","llvm -keys=arm_cpu,cpu -device=arm_cpu -mcpu=neoverse-v2 -mtriple=aarch64-linux-gnu",1000,10,1478.415552854538,0.0023544904493963217,42580574208.0,0.012133958918089171,3509.20705232662
*********************************
*** benchmark 18: acd,dbc->ab ***
*********************************
einsum_str: acd,dbc->ab
  optimizing
    optimization time: 1502.0281774997711
  verifying
    error (relative): 0.002351105363118887
  benchmarking
    num_ops:  41693478912.0
    median:   0.020001628269127655
    gflops:   2084.5042389050664
CSV_DATA:"acd,dbc->ab","384,376,376,384",float32,"num_cores:72,vector_unit_bytes:64,cache_line_bytes:64,max_shared_memory_per_block:0,max_local_memory_per_block:0,max_threads_per_block:0,max_vthread_extent:0,warp_size:0","llvm -keys=arm_cpu,cpu -device=arm_cpu -mcpu=neoverse-v2 -mtriple=aarch64-linux-gnu",1000,10,1502.0281774997711,0.002351105363118887,41693478912.0,0.020001628269127655,2084.5042389050664
*********************************
*** benchmark 19: acd,db->abc ***
*********************************
einsum_str: acd,db->abc
  optimizing
    optimization time: 1352.7845437526703
  verifying
    error (relative): 0.0023513696504218118
  benchmarking
    num_ops:  41693478912.0
    median:   0.01176991522433227
    gflops:   3542.3771639243346
CSV_DATA:"acd,db->abc","384,376,376,384",float32,"num_cores:72,vector_unit_bytes:64,cache_line_bytes:64,max_shared_memory_per_block:0,max_local_memory_per_block:0,max_threads_per_block:0,max_vthread_extent:0,warp_size:0","llvm -keys=arm_cpu,cpu -device=arm_cpu -mcpu=neoverse-v2 -mtriple=aarch64-linux-gnu",1000,10,1352.7845437526703,0.0023513696504218118,41693478912.0,0.01176991522433227,3542.3771639243346
*********************************
*** benchmark 20: adc,bd->abc ***
*********************************
einsum_str: adc,bd->abc
  optimizing
    optimization time: 1422.794171333313
  verifying
    error (relative): 0.002349738199508986
  benchmarking
    num_ops:  41693478912.0
    median:   0.011076726516123188
    gflops:   3764.0614175416654
CSV_DATA:"adc,bd->abc","384,384,376,376",float32,"num_cores:72,vector_unit_bytes:64,cache_line_bytes:64,max_shared_memory_per_block:0,max_local_memory_per_block:0,max_threads_per_block:0,max_vthread_extent:0,warp_size:0","llvm -keys=arm_cpu,cpu -device=arm_cpu -mcpu=neoverse-v2 -mtriple=aarch64-linux-gnu",1000,10,1422.794171333313,0.002349738199508986,41693478912.0,0.011076726516123188,3764.0614175416654
*******************************
*** benchmark 21: ac,cb->ab ***
*******************************
einsum_str: ac,cb->ab
  optimizing
    optimization time: 3532.1827762126923
  verifying
    error (relative): 0.002352788807544755
  benchmarking
    num_ops:  760685137920.0
    median:   0.17189463414127423
    gflops:   4425.298914769028
CSV_DATA:"ac,cb->ab","7248,7240,7248",float32,"num_cores:72,vector_unit_bytes:64,cache_line_bytes:64,max_shared_memory_per_block:0,max_local_memory_per_block:0,max_threads_per_block:0,max_vthread_extent:0,warp_size:0","llvm -keys=arm_cpu,cpu -device=arm_cpu -mcpu=neoverse-v2 -mtriple=aarch64-linux-gnu",1000,10,3532.1827762126923,0.002352788807544755,760685137920.0,0.17189463414127423,4425.298914769028
*************************************
*** benchmark 22: aebf,fdec->abcd ***
*************************************
einsum_str: aebf,fdec->abcd
  optimizing
    optimization time: 3874.931387424469
  verifying
    error (relative): 0.002349018667450494
  benchmarking
    num_ops:  917676490752.0
    median:   0.21887892512681162
    gflops:   4192.62151538951
CSV_DATA:"aebf,fdec->abcd","96,84,84,84,84,96",float32,"num_cores:72,vector_unit_bytes:64,cache_line_bytes:64,max_shared_memory_per_block:0,max_local_memory_per_block:0,max_threads_per_block:0,max_vthread_extent:0,warp_size:0","llvm -keys=arm_cpu,cpu -device=arm_cpu -mcpu=neoverse-v2 -mtriple=aarch64-linux-gnu",1000,10,3874.931387424469,0.002349018667450494,917676490752.0,0.21887892512681162,4192.62151538951
*************************************
*** benchmark 23: eafd,fbec->abcd ***
*************************************
einsum_str: eafd,fbec->abcd
  optimizing
    optimization time: 10518.682993650436
  verifying
    error (relative): 0.0023479877275934305
  benchmarking
    num_ops:  1048773132288.0
    median:   0.35184681759064323
    gflops:   2980.7662876411086
CSV_DATA:"eafd,fbec->abcd","96,84,84,84,96,96",float32,"num_cores:72,vector_unit_bytes:64,cache_line_bytes:64,max_shared_memory_per_block:0,max_local_memory_per_block:0,max_threads_per_block:0,max_vthread_extent:0,warp_size:0","llvm -keys=arm_cpu,cpu -device=arm_cpu -mcpu=neoverse-v2 -mtriple=aarch64-linux-gnu",1000,10,10518.682993650436,0.0023479877275934305,1048773132288.0,0.35184681759064323,2980.7662876411086
*************************************
*** benchmark 24: aebf,dfce->abcd ***
*************************************
einsum_str: aebf,dfce->abcd
  optimizing
    optimization time: 10925.822677135468
  verifying
    error (relative): 0.00234946420815179
  benchmarking
    num_ops:  917676490752.0
    median:   0.5613803417383177
    gflops:   1634.6787062589492
CSV_DATA:"aebf,dfce->abcd","96,84,84,96,84,84",float32,"num_cores:72,vector_unit_bytes:64,cache_line_bytes:64,max_shared_memory_per_block:0,max_local_memory_per_block:0,max_threads_per_block:0,max_vthread_extent:0,warp_size:0","llvm -keys=arm_cpu,cpu -device=arm_cpu -mcpu=neoverse-v2 -mtriple=aarch64-linux-gnu",1000,10,10925.822677135468,0.00234946420815179,917676490752.0,0.5613803417383177,1634.6787062589492
