*** input parameters ***
  einsum_str: aefg,behi,cfhj,dgij->abcd
  dim_sizes:  60,60,20,20,8,8,8,8,8,8
  cont_path:  (2,3),(0,2),(0,1)
  backend:    torch
  dtype:      FP32
*** benchmarking opt_einsum expression ***
  #flops :          3073638400
  #bytes :          6087680
  arith. intensity: 504.89
  time (eval):      0.011590
  time (compile):   0.000132
  gflops (eval):    265.20
  gflops (total):   262.21
CSV_DATA: opt_einsum,torch,"aefg,behi,cfhj,dgij->abcd","60,60,20,20,8,8,8,8,8,8","(2,3),(0,2),(0,1)",FP32,3073638400,504.89486963835157,0.00013208389282226562,0.011590003967285156,265.19735529650296,262.20912491708907
*** input parameters ***
  einsum_str: aefg,behi,cfhj,dgij->abcd
  dim_sizes:  60,60,20,20,8,8,8,8,8,8
  cont_path:  (2,3),(0,2),(0,1)
  backend:    torch
  dtype:      FP32
*** benchmarking opt_einsum expression ***
  #flops :          3073638400
  #bytes :          6087680
  arith. intensity: 504.89
  time (eval):      0.011919
  time (compile):   0.000144
  gflops (eval):    257.88
  gflops (total):   254.81
CSV_DATA: opt_einsum,torch,"aefg,behi,cfhj,dgij->abcd","60,60,20,20,8,8,8,8,8,8","(2,3),(0,2),(0,1)",FP32,3073638400,504.89486963835157,0.00014352798461914062,0.011918783187866211,257.88189545465383,254.8133899091495
*** input parameters ***
  einsum_str: aefg,behi,cfhj,dgij->abcd
  dim_sizes:  60,60,20,20,8,8,8,8,8,8
  cont_path:  (2,3),(0,2),(0,1)
  backend:    torch
  dtype:      FP32
*** benchmarking opt_einsum expression ***
  #flops :          3073638400
  #bytes :          6087680
  arith. intensity: 504.89
  time (eval):      0.011544
  time (compile):   0.000142
  gflops (eval):    266.27
  gflops (total):   263.04
CSV_DATA: opt_einsum,torch,"aefg,behi,cfhj,dgij->abcd","60,60,20,20,8,8,8,8,8,8","(2,3),(0,2),(0,1)",FP32,3073638400,504.89486963835157,0.00014162063598632812,0.011543512344360352,266.265440561654,263.03837578652957
*** input parameters ***
  einsum_str: aefg,behi,cfhj,dgij->abcd
  dim_sizes:  60,60,20,20,8,8,8,8,8,8
  cont_path:  (2,3),(0,2),(0,1)
  backend:    torch
  dtype:      FP32
*** benchmarking opt_einsum expression ***
  #flops :          3073638400
  #bytes :          6087680
  arith. intensity: 504.89
  time (eval):      0.012351
  time (compile):   0.000144
  gflops (eval):    248.85
  gflops (total):   245.98
CSV_DATA: opt_einsum,torch,"aefg,behi,cfhj,dgij->abcd","60,60,20,20,8,8,8,8,8,8","(2,3),(0,2),(0,1)",FP32,3073638400,504.89486963835157,0.0001442432403564453,0.012351274490356445,248.85192231779945,245.9792756281931
*** input parameters ***
  einsum_str: aefg,behi,cfhj,dgij->abcd
  dim_sizes:  60,60,20,20,8,8,8,8,8,8
  cont_path:  (2,3),(0,2),(0,1)
  backend:    torch
  dtype:      FP32
*** benchmarking opt_einsum expression ***
  #flops :          3073638400
  #bytes :          6087680
  arith. intensity: 504.89
  time (eval):      0.011919
  time (compile):   0.000131
  gflops (eval):    257.87
  gflops (total):   255.06
CSV_DATA: opt_einsum,torch,"aefg,behi,cfhj,dgij->abcd","60,60,20,20,8,8,8,8,8,8","(2,3),(0,2),(0,1)",FP32,3073638400,504.89486963835157,0.00013136863708496094,0.011919498443603516,257.86642068395406,255.05537314617865
*** input parameters ***
  einsum_str: aefg,behi,cfhj,dgij->abcd
  dim_sizes:  60,60,20,20,8,8,8,8,8,8
  cont_path:  (2,3),(0,2),(0,1)
  backend:    torch
  dtype:      FP32
*** benchmarking opt_einsum expression ***
  #flops :          3073638400
  #bytes :          6087680
  arith. intensity: 504.89
  time (eval):      0.011853
  time (compile):   0.000135
  gflops (eval):    259.31
  gflops (total):   256.39
CSV_DATA: opt_einsum,torch,"aefg,behi,cfhj,dgij->abcd","60,60,20,20,8,8,8,8,8,8","(2,3),(0,2),(0,1)",FP32,3073638400,504.89486963835157,0.00013494491577148438,0.01185297966003418,259.3135640284341,256.3945394020326
*** input parameters ***
  einsum_str: aefg,behi,cfhj,dgij->abcd
  dim_sizes:  60,60,20,20,8,8,8,8,8,8
  cont_path:  (2,3),(0,2),(0,1)
  backend:    torch
  dtype:      FP32
*** benchmarking opt_einsum expression ***
  #flops :          3073638400
  #bytes :          6087680
  arith. intensity: 504.89
  time (eval):      0.012140
  time (compile):   0.000132
  gflops (eval):    253.19
  gflops (total):   250.47
CSV_DATA: opt_einsum,torch,"aefg,behi,cfhj,dgij->abcd","60,60,20,20,8,8,8,8,8,8","(2,3),(0,2),(0,1)",FP32,3073638400,504.89486963835157,0.00013208389282226562,0.012139558792114258,253.19193659629593,250.46674507341223
*** input parameters ***
  einsum_str: aefg,behi,cfhj,dgij->abcd
  dim_sizes:  60,60,20,20,8,8,8,8,8,8
  cont_path:  (2,3),(0,2),(0,1)
  backend:    torch
  dtype:      FP32
*** benchmarking opt_einsum expression ***
  #flops :          3073638400
  #bytes :          6087680
  arith. intensity: 504.89
  time (eval):      0.011997
  time (compile):   0.000132
  gflops (eval):    256.20
  gflops (total):   253.41
CSV_DATA: opt_einsum,torch,"aefg,behi,cfhj,dgij->abcd","60,60,20,20,8,8,8,8,8,8","(2,3),(0,2),(0,1)",FP32,3073638400,504.89486963835157,0.0001323223114013672,0.011996984481811523,256.2009148765596,253.40594086711485
*** input parameters ***
  einsum_str: aefg,behi,cfhj,dgij->abcd
  dim_sizes:  60,60,20,20,8,8,8,8,8,8
  cont_path:  (2,3),(0,2),(0,1)
  backend:    torch
  dtype:      FP32
*** benchmarking opt_einsum expression ***
  #flops :          3073638400
  #bytes :          6087680
  arith. intensity: 504.89
  time (eval):      0.012076
  time (compile):   0.000132
  gflops (eval):    254.53
  gflops (total):   251.77
CSV_DATA: opt_einsum,torch,"aefg,behi,cfhj,dgij->abcd","60,60,20,20,8,8,8,8,8,8","(2,3),(0,2),(0,1)",FP32,3073638400,504.89486963835157,0.00013208389282226562,0.01207590103149414,254.5266305167542,251.77278797893916
*** input parameters ***
  einsum_str: aefg,behi,cfhj,dgij->abcd
  dim_sizes:  60,60,20,20,8,8,8,8,8,8
  cont_path:  (2,3),(0,2),(0,1)
  backend:    torch
  dtype:      FP32
*** benchmarking opt_einsum expression ***
  #flops :          3073638400
  #bytes :          6087680
  arith. intensity: 504.89
  time (eval):      0.012186
  time (compile):   0.000132
  gflops (eval):    252.24
  gflops (total):   249.54
CSV_DATA: opt_einsum,torch,"aefg,behi,cfhj,dgij->abcd","60,60,20,20,8,8,8,8,8,8","(2,3),(0,2),(0,1)",FP32,3073638400,504.89486963835157,0.00013184547424316406,0.01218557357788086,252.23584104233223,249.53591227132765
*** input parameters ***
  einsum_str: aefg,behi,cfhj,dgij->abcd
  dim_sizes:  60,60,20,20,8,8,8,8,8,8
  cont_path:  (2,3),(0,2),(0,1)
  backend:    torch
  dtype:      FP32
*** benchmarking opt_einsum expression ***
  #flops :          3073638400
  #bytes :          6087680
  arith. intensity: 504.89
  time (eval):      0.012084
  time (compile):   0.000133
  gflops (eval):    254.35
  gflops (total):   251.57
CSV_DATA: opt_einsum,torch,"aefg,behi,cfhj,dgij->abcd","60,60,20,20,8,8,8,8,8,8","(2,3),(0,2),(0,1)",FP32,3073638400,504.89486963835157,0.00013327598571777344,0.012084484100341797,254.34585162912046,251.57135009607964
*** input parameters ***
  einsum_str: aefg,behi,cfhj,dgij->abcd
  dim_sizes:  60,60,20,20,8,8,8,8,8,8
  cont_path:  (2,3),(0,2),(0,1)
  backend:    torch
  dtype:      FP32
*** benchmarking opt_einsum expression ***
  #flops :          3073638400
  #bytes :          6087680
  arith. intensity: 504.89
  time (eval):      0.012170
  time (compile):   0.000130
  gflops (eval):    252.55
  gflops (total):   249.87
CSV_DATA: opt_einsum,torch,"aefg,behi,cfhj,dgij->abcd","60,60,20,20,8,8,8,8,8,8","(2,3),(0,2),(0,1)",FP32,3073638400,504.89486963835157,0.0001304149627685547,0.01217031478881836,252.5520870523371,249.87447591094917
*** input parameters ***
  einsum_str: aefg,behi,cfhj,dgij->abcd
  dim_sizes:  60,60,20,20,8,8,8,8,8,8
  cont_path:  (2,3),(0,2),(0,1)
  backend:    torch
  dtype:      FP32
*** benchmarking opt_einsum expression ***
  #flops :          3073638400
  #bytes :          6087680
  arith. intensity: 504.89
  time (eval):      0.012078
  time (compile):   0.000131
  gflops (eval):    254.49
  gflops (total):   251.76
CSV_DATA: opt_einsum,torch,"aefg,behi,cfhj,dgij->abcd","60,60,20,20,8,8,8,8,8,8","(2,3),(0,2),(0,1)",FP32,3073638400,504.89486963835157,0.0001308917999267578,0.012077569961547852,254.49145894296151,251.76295425679805
*** input parameters ***
  einsum_str: aefg,behi,cfhj,dgij->abcd
  dim_sizes:  60,60,20,20,8,8,8,8,8,8
  cont_path:  (2,3),(0,2),(0,1)
  backend:    torch
  dtype:      FP32
*** benchmarking opt_einsum expression ***
  #flops :          3073638400
  #bytes :          6087680
  arith. intensity: 504.89
  time (eval):      0.012029
  time (compile):   0.000131
  gflops (eval):    255.53
  gflops (total):   252.77
CSV_DATA: opt_einsum,torch,"aefg,behi,cfhj,dgij->abcd","60,60,20,20,8,8,8,8,8,8","(2,3),(0,2),(0,1)",FP32,3073638400,504.89486963835157,0.00013113021850585938,0.012028694152832031,255.52552595880442,252.76996658314576
*** input parameters ***
  einsum_str: aefg,behi,cfhj,dgij->abcd
  dim_sizes:  60,60,20,20,8,8,8,8,8,8
  cont_path:  (2,3),(0,2),(0,1)
  backend:    torch
  dtype:      FP32
*** benchmarking opt_einsum expression ***
  #flops :          3073638400
  #bytes :          6087680
  arith. intensity: 504.89
  time (eval):      0.011843
  time (compile):   0.000136
  gflops (eval):    259.53
  gflops (total):   256.58
CSV_DATA: opt_einsum,torch,"aefg,behi,cfhj,dgij->abcd","60,60,20,20,8,8,8,8,8,8","(2,3),(0,2),(0,1)",FP32,3073638400,504.89486963835157,0.00013637542724609375,0.011842966079711914,259.53282136520045,256.57824332119816
*** input parameters ***
  einsum_str: aefg,behi,cfhj,dgij->abcd
  dim_sizes:  60,60,20,20,8,8,8,8,8,8
  cont_path:  (2,3),(0,2),(0,1)
  backend:    torch
  dtype:      FP32
*** benchmarking opt_einsum expression ***
  #flops :          3073638400
  #bytes :          6087680
  arith. intensity: 504.89
  time (eval):      0.011736
  time (compile):   0.000132
  gflops (eval):    261.89
  gflops (total):   258.99
CSV_DATA: opt_einsum,torch,"aefg,behi,cfhj,dgij->abcd","60,60,20,20,8,8,8,8,8,8","(2,3),(0,2),(0,1)",FP32,3073638400,504.89486963835157,0.0001316070556640625,0.011736392974853516,261.88952658500796,258.9853717641046
*** input parameters ***
  einsum_str: aefg,behi,cfhj,dgij->abcd
  dim_sizes:  60,60,20,20,8,8,8,8,8,8
  cont_path:  (2,3),(0,2),(0,1)
  backend:    torch
  dtype:      FP32
*** benchmarking opt_einsum expression ***
  #flops :          3073638400
  #bytes :          6087680
  arith. intensity: 504.89
  time (eval):      0.012132
  time (compile):   0.000143
  gflops (eval):    253.35
  gflops (total):   250.39
CSV_DATA: opt_einsum,torch,"aefg,behi,cfhj,dgij->abcd","60,60,20,20,8,8,8,8,8,8","(2,3),(0,2),(0,1)",FP32,3073638400,504.89486963835157,0.00014328956604003906,0.01213216781616211,253.3461823620171,250.38891051476296
*** input parameters ***
  einsum_str: aefg,behi,cfhj,dgij->abcd
  dim_sizes:  60,60,20,20,8,8,8,8,8,8
  cont_path:  (2,3),(0,2),(0,1)
  backend:    torch
  dtype:      FP32
*** benchmarking opt_einsum expression ***
  #flops :          3073638400
  #bytes :          6087680
  arith. intensity: 504.89
  time (eval):      0.011612
  time (compile):   0.000133
  gflops (eval):    264.69
  gflops (total):   261.69
CSV_DATA: opt_einsum,torch,"aefg,behi,cfhj,dgij->abcd","60,60,20,20,8,8,8,8,8,8","(2,3),(0,2),(0,1)",FP32,3073638400,504.89486963835157,0.00013303756713867188,0.011612415313720703,264.6855384485197,261.68751696316986
*** input parameters ***
  einsum_str: aefg,behi,cfhj,dgij->abcd
  dim_sizes:  60,60,20,20,8,8,8,8,8,8
  cont_path:  (2,3),(0,2),(0,1)
  backend:    torch
  dtype:      FP32
*** benchmarking opt_einsum expression ***
  #flops :          3073638400
  #bytes :          6087680
  arith. intensity: 504.89
  time (eval):      0.012499
  time (compile):   0.000134
  gflops (eval):    245.92
  gflops (total):   243.32
CSV_DATA: opt_einsum,torch,"aefg,behi,cfhj,dgij->abcd","60,60,20,20,8,8,8,8,8,8","(2,3),(0,2),(0,1)",FP32,3073638400,504.89486963835157,0.000133514404296875,0.012498617172241211,245.91827700958743,243.3190615041353
*** input parameters ***
  einsum_str: aefg,behi,cfhj,dgij->abcd
  dim_sizes:  60,60,20,20,8,8,8,8,8,8
  cont_path:  (2,3),(0,2),(0,1)
  backend:    torch
  dtype:      FP32
*** benchmarking opt_einsum expression ***
  #flops :          3073638400
  #bytes :          6087680
  arith. intensity: 504.89
  time (eval):      0.011706
  time (compile):   0.000133
  gflops (eval):    262.58
  gflops (total):   259.64
CSV_DATA: opt_einsum,torch,"aefg,behi,cfhj,dgij->abcd","60,60,20,20,8,8,8,8,8,8","(2,3),(0,2),(0,1)",FP32,3073638400,504.89486963835157,0.00013256072998046875,0.011705636978149414,262.57762868756953,259.6373599918152
*** input parameters ***
  einsum_str: aefg,behi,cfhj,dgij->abcd
  dim_sizes:  60,60,20,20,8,8,8,8,8,8
  cont_path:  (2,3),(0,2),(0,1)
  backend:    torch
  dtype:      FP32
*** benchmarking opt_einsum expression ***
  #flops :          3073638400
  #bytes :          6087680
  arith. intensity: 504.89
  time (eval):      0.011721
  time (compile):   0.000132
  gflops (eval):    262.23
  gflops (total):   259.31
CSV_DATA: opt_einsum,torch,"aefg,behi,cfhj,dgij->abcd","60,60,20,20,8,8,8,8,8,8","(2,3),(0,2),(0,1)",FP32,3073638400,504.89486963835157,0.00013184547424316406,0.011721372604370117,262.2251253111812,259.3083481308553
*** input parameters ***
  einsum_str: aefg,behi,cfhj,dgij->abcd
  dim_sizes:  60,60,20,20,8,8,8,8,8,8
  cont_path:  (2,3),(0,2),(0,1)
  backend:    torch
  dtype:      FP32
*** benchmarking opt_einsum expression ***
  #flops :          3073638400
  #bytes :          6087680
  arith. intensity: 504.89
  time (eval):      0.011792
  time (compile):   0.000132
  gflops (eval):    260.66
  gflops (total):   257.78
CSV_DATA: opt_einsum,torch,"aefg,behi,cfhj,dgij->abcd","60,60,20,20,8,8,8,8,8,8","(2,3),(0,2),(0,1)",FP32,3073638400,504.89486963835157,0.00013184547424316406,0.011791706085205078,260.6610424132314,257.7787653850873
*** input parameters ***
  einsum_str: aefg,behi,cfhj,dgij->abcd
  dim_sizes:  60,60,20,20,8,8,8,8,8,8
  cont_path:  (2,3),(0,2),(0,1)
  backend:    torch
  dtype:      FP32
*** benchmarking opt_einsum expression ***
  #flops :          3073638400
  #bytes :          6087680
  arith. intensity: 504.89
  time (eval):      0.012455
  time (compile):   0.000135
  gflops (eval):    246.77
  gflops (total):   244.12
CSV_DATA: opt_einsum,torch,"aefg,behi,cfhj,dgij->abcd","60,60,20,20,8,8,8,8,8,8","(2,3),(0,2),(0,1)",FP32,3073638400,504.89486963835157,0.00013518333435058594,0.012455463409423828,246.7702966133303,244.12077175620823
*** input parameters ***
  einsum_str: aefg,behi,cfhj,dgij->abcd
  dim_sizes:  60,60,20,20,8,8,8,8,8,8
  cont_path:  (2,3),(0,2),(0,1)
  backend:    torch
  dtype:      FP32
*** benchmarking opt_einsum expression ***
  #flops :          3073638400
  #bytes :          6087680
  arith. intensity: 504.89
  time (eval):      0.012198
  time (compile):   0.000138
  gflops (eval):    251.98
  gflops (total):   249.16
CSV_DATA: opt_einsum,torch,"aefg,behi,cfhj,dgij->abcd","60,60,20,20,8,8,8,8,8,8","(2,3),(0,2),(0,1)",FP32,3073638400,504.89486963835157,0.00013780593872070312,0.01219797134399414,251.97947374366913,249.16455036091227
*** input parameters ***
  einsum_str: aefg,behi,cfhj,dgij->abcd
  dim_sizes:  60,60,20,20,8,8,8,8,8,8
  cont_path:  (2,3),(0,2),(0,1)
  backend:    torch
  dtype:      FP32
*** benchmarking opt_einsum expression ***
  #flops :          3073638400
  #bytes :          6087680
  arith. intensity: 504.89
  time (eval):      0.012549
  time (compile):   0.000133
  gflops (eval):    244.92
  gflops (total):   242.35
CSV_DATA: opt_einsum,torch,"aefg,behi,cfhj,dgij->abcd","60,60,20,20,8,8,8,8,8,8","(2,3),(0,2),(0,1)",FP32,3073638400,504.89486963835157,0.00013327598571777344,0.012549400329589844,244.9231293349343,242.34935305336217
*** input parameters ***
  einsum_str: aefg,behi,cfhj,dgij->abcd
  dim_sizes:  60,60,20,20,8,8,8,8,8,8
  cont_path:  (2,3),(0,2),(0,1)
  backend:    torch
  dtype:      FP32
*** benchmarking opt_einsum expression ***
  #flops :          3073638400
  #bytes :          6087680
  arith. intensity: 504.89
  time (eval):      0.012091
  time (compile):   0.000133
  gflops (eval):    254.21
  gflops (total):   251.43
CSV_DATA: opt_einsum,torch,"aefg,behi,cfhj,dgij->abcd","60,60,20,20,8,8,8,8,8,8","(2,3),(0,2),(0,1)",FP32,3073638400,504.89486963835157,0.00013327598571777344,0.01209115982055664,254.205423269188,251.43396789096798
*** input parameters ***
  einsum_str: aefg,behi,cfhj,dgij->abcd
  dim_sizes:  60,60,20,20,8,8,8,8,8,8
  cont_path:  (2,3),(0,2),(0,1)
  backend:    torch
  dtype:      FP32
*** benchmarking opt_einsum expression ***
  #flops :          3073638400
  #bytes :          6087680
  arith. intensity: 504.89
  time (eval):      0.012341
  time (compile):   0.000132
  gflops (eval):    249.05
  gflops (total):   246.41
CSV_DATA: opt_einsum,torch,"aefg,behi,cfhj,dgij->abcd","60,60,20,20,8,8,8,8,8,8","(2,3),(0,2),(0,1)",FP32,3073638400,504.89486963835157,0.0001323223114013672,0.01234126091003418,249.05383837245913,246.41182452833823
*** input parameters ***
  einsum_str: aefg,behi,cfhj,dgij->abcd
  dim_sizes:  60,60,20,20,8,8,8,8,8,8
  cont_path:  (2,3),(0,2),(0,1)
  backend:    torch
  dtype:      FP32
*** benchmarking opt_einsum expression ***
  #flops :          3073638400
  #bytes :          6087680
  arith. intensity: 504.89
  time (eval):      0.012069
  time (compile):   0.000133
  gflops (eval):    254.67
  gflops (total):   251.89
CSV_DATA: opt_einsum,torch,"aefg,behi,cfhj,dgij->abcd","60,60,20,20,8,8,8,8,8,8","(2,3),(0,2),(0,1)",FP32,3073638400,504.89486963835157,0.00013327598571777344,0.012068986892700195,254.67244494722746,251.89085259229387
*** input parameters ***
  einsum_str: aefg,behi,cfhj,dgij->abcd
  dim_sizes:  60,60,20,20,8,8,8,8,8,8
  cont_path:  (2,3),(0,2),(0,1)
  backend:    torch
  dtype:      FP32
*** benchmarking opt_einsum expression ***
  #flops :          3073638400
  #bytes :          6087680
  arith. intensity: 504.89
  time (eval):      0.012318
  time (compile):   0.000136
  gflops (eval):    249.53
  gflops (total):   246.80
CSV_DATA: opt_einsum,torch,"aefg,behi,cfhj,dgij->abcd","60,60,20,20,8,8,8,8,8,8","(2,3),(0,2),(0,1)",FP32,3073638400,504.89486963835157,0.0001361370086669922,0.012317657470703125,249.53108229470428,246.80336624243517
*** input parameters ***
  einsum_str: aefg,behi,cfhj,dgij->abcd
  dim_sizes:  60,60,20,20,8,8,8,8,8,8
  cont_path:  (2,3),(0,2),(0,1)
  backend:    torch
  dtype:      FP32
*** benchmarking opt_einsum expression ***
  #flops :          3073638400
  #bytes :          6087680
  arith. intensity: 504.89
  time (eval):      0.011847
  time (compile):   0.000136
  gflops (eval):    259.45
  gflops (total):   256.51
CSV_DATA: opt_einsum,torch,"aefg,behi,cfhj,dgij->abcd","60,60,20,20,8,8,8,8,8,8","(2,3),(0,2),(0,1)",FP32,3073638400,504.89486963835157,0.0001361370086669922,0.011846542358398438,259.4544726226373,256.5067716363955
*** input parameters ***
  einsum_str: aefg,behi,cfhj,dgij->abcd
  dim_sizes:  60,60,20,20,8,8,8,8,8,8
  cont_path:  (2,3),(0,2),(0,1)
  backend:    torch
  dtype:      FP32
*** benchmarking opt_einsum expression ***
  #flops :          3073638400
  #bytes :          6087680
  arith. intensity: 504.89
  time (eval):      0.012182
  time (compile):   0.000142
  gflops (eval):    252.31
  gflops (total):   249.41
CSV_DATA: opt_einsum,torch,"aefg,behi,cfhj,dgij->abcd","60,60,20,20,8,8,8,8,8,8","(2,3),(0,2),(0,1)",FP32,3073638400,504.89486963835157,0.00014209747314453125,0.012181758880615234,252.31482827090463,249.4055684982318
*** input parameters ***
  einsum_str: aefg,behi,cfhj,dgij->abcd
  dim_sizes:  60,60,20,20,8,8,8,8,8,8
  cont_path:  (2,3),(0,2),(0,1)
  backend:    torch
  dtype:      FP32
*** benchmarking opt_einsum expression ***
  #flops :          3073638400
  #bytes :          6087680
  arith. intensity: 504.89
  time (eval):      0.012143
  time (compile):   0.000134
  gflops (eval):    253.12
  gflops (total):   250.35
CSV_DATA: opt_einsum,torch,"aefg,behi,cfhj,dgij->abcd","60,60,20,20,8,8,8,8,8,8","(2,3),(0,2),(0,1)",FP32,3073638400,504.89486963835157,0.0001342296600341797,0.012143135070800781,253.11736895612975,250.35001137340714
*** input parameters ***
  einsum_str: aefg,behi,cfhj,dgij->abcd
  dim_sizes:  60,60,20,20,8,8,8,8,8,8
  cont_path:  (2,3),(0,2),(0,1)
  backend:    torch
  dtype:      FP32
*** benchmarking opt_einsum expression ***
  #flops :          3073638400
  #bytes :          6087680
  arith. intensity: 504.89
  time (eval):      0.011612
  time (compile):   0.000134
  gflops (eval):    264.70
  gflops (total):   261.67
CSV_DATA: opt_einsum,torch,"aefg,behi,cfhj,dgij->abcd","60,60,20,20,8,8,8,8,8,8","(2,3),(0,2),(0,1)",FP32,3073638400,504.89486963835157,0.0001342296600341797,0.0116119384765625,264.69640759842315,261.67158210716303
*** input parameters ***
  einsum_str: aefg,behi,cfhj,dgij->abcd
  dim_sizes:  60,60,20,20,8,8,8,8,8,8
  cont_path:  (2,3),(0,2),(0,1)
  backend:    torch
  dtype:      FP32
*** benchmarking opt_einsum expression ***
  #flops :          3073638400
  #bytes :          6087680
  arith. intensity: 504.89
  time (eval):      0.012361
  time (compile):   0.000134
  gflops (eval):    248.65
  gflops (total):   245.99
CSV_DATA: opt_einsum,torch,"aefg,behi,cfhj,dgij->abcd","60,60,20,20,8,8,8,8,8,8","(2,3),(0,2),(0,1)",FP32,3073638400,504.89486963835157,0.00013375282287597656,0.012361288070678711,248.6503333977588,245.9886627170203
*** input parameters ***
  einsum_str: aefg,behi,cfhj,dgij->abcd
  dim_sizes:  60,60,20,20,8,8,8,8,8,8
  cont_path:  (2,3),(0,2),(0,1)
  backend:    torch
  dtype:      FP32
*** benchmarking opt_einsum expression ***
  #flops :          3073638400
  #bytes :          6087680
  arith. intensity: 504.89
  time (eval):      0.011883
  time (compile):   0.000143
  gflops (eval):    258.66
  gflops (total):   255.60
CSV_DATA: opt_einsum,torch,"aefg,behi,cfhj,dgij->abcd","60,60,20,20,8,8,8,8,8,8","(2,3),(0,2),(0,1)",FP32,3073638400,504.89486963835157,0.00014257431030273438,0.011882781982421875,258.66319895011236,255.59645179574133
*** input parameters ***
  einsum_str: aefg,behi,cfhj,dgij->abcd
  dim_sizes:  60,60,20,20,8,8,8,8,8,8
  cont_path:  (2,3),(0,2),(0,1)
  backend:    torch
  dtype:      FP32
*** benchmarking opt_einsum expression ***
  #flops :          3073638400
  #bytes :          6087680
  arith. intensity: 504.89
  time (eval):      0.012314
  time (compile):   0.000135
  gflops (eval):    249.60
  gflops (total):   246.88
CSV_DATA: opt_einsum,torch,"aefg,behi,cfhj,dgij->abcd","60,60,20,20,8,8,8,8,8,8","(2,3),(0,2),(0,1)",FP32,3073638400,504.89486963835157,0.0001354217529296875,0.012314319610595703,249.5987189869042,246.88371511114178
*** input parameters ***
  einsum_str: aefg,behi,cfhj,dgij->abcd
  dim_sizes:  60,60,20,20,8,8,8,8,8,8
  cont_path:  (2,3),(0,2),(0,1)
  backend:    torch
  dtype:      FP32
*** benchmarking opt_einsum expression ***
  #flops :          3073638400
  #bytes :          6087680
  arith. intensity: 504.89
  time (eval):      0.012136
  time (compile):   0.000132
  gflops (eval):    253.28
  gflops (total):   250.54
CSV_DATA: opt_einsum,torch,"aefg,behi,cfhj,dgij->abcd","60,60,20,20,8,8,8,8,8,8","(2,3),(0,2),(0,1)",FP32,3073638400,504.89486963835157,0.0001323223114013672,0.012135505676269531,253.2764997185383,250.54462803757846
*** input parameters ***
  einsum_str: aefg,behi,cfhj,dgij->abcd
  dim_sizes:  60,60,20,20,8,8,8,8,8,8
  cont_path:  (2,3),(0,2),(0,1)
  backend:    torch
  dtype:      FP32
*** benchmarking opt_einsum expression ***
  #flops :          3073638400
  #bytes :          6087680
  arith. intensity: 504.89
  time (eval):      0.012460
  time (compile):   0.000131
  gflops (eval):    246.69
  gflops (total):   244.12
CSV_DATA: opt_einsum,torch,"aefg,behi,cfhj,dgij->abcd","60,60,20,20,8,8,8,8,8,8","(2,3),(0,2),(0,1)",FP32,3073638400,504.89486963835157,0.00013113021850585938,0.012459754943847656,246.68530110358978,244.11614913224014
*** input parameters ***
  einsum_str: aefg,behi,cfhj,dgij->abcd
  dim_sizes:  60,60,20,20,8,8,8,8,8,8
  cont_path:  (2,3),(0,2),(0,1)
  backend:    torch
  dtype:      FP32
*** benchmarking opt_einsum expression ***
  #flops :          3073638400
  #bytes :          6087680
  arith. intensity: 504.89
  time (eval):      0.012292
  time (compile):   0.000132
  gflops (eval):    250.04
  gflops (total):   247.40
CSV_DATA: opt_einsum,torch,"aefg,behi,cfhj,dgij->abcd","60,60,20,20,8,8,8,8,8,8","(2,3),(0,2),(0,1)",FP32,3073638400,504.89486963835157,0.0001316070556640625,0.01229238510131836,250.0441024801893,247.39539120463635
*** input parameters ***
  einsum_str: aefg,behi,cfhj,dgij->abcd
  dim_sizes:  60,60,20,20,8,8,8,8,8,8
  cont_path:  (2,3),(0,2),(0,1)
  backend:    torch
  dtype:      FP32
*** benchmarking opt_einsum expression ***
  #flops :          3073638400
  #bytes :          6087680
  arith. intensity: 504.89
  time (eval):      0.012264
  time (compile):   0.000138
  gflops (eval):    250.61
  gflops (total):   247.83
CSV_DATA: opt_einsum,torch,"aefg,behi,cfhj,dgij->abcd","60,60,20,20,8,8,8,8,8,8","(2,3),(0,2),(0,1)",FP32,3073638400,504.89486963835157,0.00013756752014160156,0.012264490127563477,250.6128153743823,247.83293928397097
*** input parameters ***
  einsum_str: aefg,behi,cfhj,dgij->abcd
  dim_sizes:  60,60,20,20,8,8,8,8,8,8
  cont_path:  (2,3),(0,2),(0,1)
  backend:    torch
  dtype:      FP32
*** benchmarking opt_einsum expression ***
  #flops :          3073638400
  #bytes :          6087680
  arith. intensity: 504.89
  time (eval):      0.012744
  time (compile):   0.000134
  gflops (eval):    241.18
  gflops (total):   238.66
CSV_DATA: opt_einsum,torch,"aefg,behi,cfhj,dgij->abcd","60,60,20,20,8,8,8,8,8,8","(2,3),(0,2),(0,1)",FP32,3073638400,504.89486963835157,0.00013446807861328125,0.012744426727294922,241.1751007534254,238.65700017908108
*** input parameters ***
  einsum_str: aefg,behi,cfhj,dgij->abcd
  dim_sizes:  60,60,20,20,8,8,8,8,8,8
  cont_path:  (2,3),(0,2),(0,1)
  backend:    torch
  dtype:      FP32
*** benchmarking opt_einsum expression ***
  #flops :          3073638400
  #bytes :          6087680
  arith. intensity: 504.89
  time (eval):      0.012407
  time (compile):   0.000133
  gflops (eval):    247.73
  gflops (total):   245.11
CSV_DATA: opt_einsum,torch,"aefg,behi,cfhj,dgij->abcd","60,60,20,20,8,8,8,8,8,8","(2,3),(0,2),(0,1)",FP32,3073638400,504.89486963835157,0.0001327991485595703,0.012407064437866211,247.73292791317283,245.10939683005552
*** input parameters ***
  einsum_str: aefg,behi,cfhj,dgij->abcd
  dim_sizes:  60,60,20,20,8,8,8,8,8,8
  cont_path:  (2,3),(0,2),(0,1)
  backend:    torch
  dtype:      FP32
*** benchmarking opt_einsum expression ***
  #flops :          3073638400
  #bytes :          6087680
  arith. intensity: 504.89
  time (eval):      0.012266
  time (compile):   0.000144
  gflops (eval):    250.58
  gflops (total):   247.68
CSV_DATA: opt_einsum,torch,"aefg,behi,cfhj,dgij->abcd","60,60,20,20,8,8,8,8,8,8","(2,3),(0,2),(0,1)",FP32,3073638400,504.89486963835157,0.0001437664031982422,0.012266159057617188,250.57871706720573,247.67581479075523
*** input parameters ***
  einsum_str: aefg,behi,cfhj,dgij->abcd
  dim_sizes:  60,60,20,20,8,8,8,8,8,8
  cont_path:  (2,3),(0,2),(0,1)
  backend:    torch
  dtype:      FP32
*** benchmarking opt_einsum expression ***
  #flops :          3073638400
  #bytes :          6087680
  arith. intensity: 504.89
  time (eval):      0.012237
  time (compile):   0.000135
  gflops (eval):    251.17
  gflops (total):   248.43
CSV_DATA: opt_einsum,torch,"aefg,behi,cfhj,dgij->abcd","60,60,20,20,8,8,8,8,8,8","(2,3),(0,2),(0,1)",FP32,3073638400,504.89486963835157,0.0001347064971923828,0.012237310409545898,251.16943978166657,248.4347073859863
*** input parameters ***
  einsum_str: aefg,behi,cfhj,dgij->abcd
  dim_sizes:  60,60,20,20,8,8,8,8,8,8
  cont_path:  (2,3),(0,2),(0,1)
  backend:    torch
  dtype:      FP32
*** benchmarking opt_einsum expression ***
  #flops :          3073638400
  #bytes :          6087680
  arith. intensity: 504.89
  time (eval):      0.012652
  time (compile):   0.000140
  gflops (eval):    242.94
  gflops (total):   240.29
CSV_DATA: opt_einsum,torch,"aefg,behi,cfhj,dgij->abcd","60,60,20,20,8,8,8,8,8,8","(2,3),(0,2),(0,1)",FP32,3073638400,504.89486963835157,0.0001399517059326172,0.012651681900024414,242.94306672333178,240.285056208037
*** input parameters ***
  einsum_str: aefg,behi,cfhj,dgij->abcd
  dim_sizes:  60,60,20,20,8,8,8,8,8,8
  cont_path:  (2,3),(0,2),(0,1)
  backend:    torch
  dtype:      FP32
*** benchmarking opt_einsum expression ***
  #flops :          3073638400
  #bytes :          6087680
  arith. intensity: 504.89
  time (eval):      0.012391
  time (compile):   0.000142
  gflops (eval):    248.06
  gflops (total):   245.24
CSV_DATA: opt_einsum,torch,"aefg,behi,cfhj,dgij->abcd","60,60,20,20,8,8,8,8,8,8","(2,3),(0,2),(0,1)",FP32,3073638400,504.89486963835157,0.0001423358917236328,0.012390613555908203,248.06184020922842,245.244618024114
*** input parameters ***
  einsum_str: aefg,behi,cfhj,dgij->abcd
  dim_sizes:  60,60,20,20,8,8,8,8,8,8
  cont_path:  (2,3),(0,2),(0,1)
  backend:    torch
  dtype:      FP32
*** benchmarking opt_einsum expression ***
  #flops :          3073638400
  #bytes :          6087680
  arith. intensity: 504.89
  time (eval):      0.012467
  time (compile):   0.000132
  gflops (eval):    246.54
  gflops (total):   243.96
CSV_DATA: opt_einsum,torch,"aefg,behi,cfhj,dgij->abcd","60,60,20,20,8,8,8,8,8,8","(2,3),(0,2),(0,1)",FP32,3073638400,504.89486963835157,0.00013184547424316406,0.012466907501220703,246.54377195780458,243.96370069211818
*** input parameters ***
  einsum_str: aefg,behi,cfhj,dgij->abcd
  dim_sizes:  60,60,20,20,8,8,8,8,8,8
  cont_path:  (2,3),(0,2),(0,1)
  backend:    torch
  dtype:      FP32
*** benchmarking opt_einsum expression ***
  #flops :          3073638400
  #bytes :          6087680
  arith. intensity: 504.89
  time (eval):      0.012355
  time (compile):   0.000136
  gflops (eval):    248.78
  gflops (total):   246.07
CSV_DATA: opt_einsum,torch,"aefg,behi,cfhj,dgij->abcd","60,60,20,20,8,8,8,8,8,8","(2,3),(0,2),(0,1)",FP32,3073638400,504.89486963835157,0.0001361370086669922,0.012354612350463867,248.78468970210926,246.07317876834512
*** input parameters ***
  einsum_str: aefg,behi,cfhj,dgij->abcd
  dim_sizes:  60,60,20,20,8,8,8,8,8,8
  cont_path:  (2,3),(0,2),(0,1)
  backend:    torch
  dtype:      FP32
*** benchmarking opt_einsum expression ***
  #flops :          3073638400
  #bytes :          6087680
  arith. intensity: 504.89
  time (eval):      0.012503
  time (compile):   0.000131
  gflops (eval):    245.82
  gflops (total):   243.28
CSV_DATA: opt_einsum,torch,"aefg,behi,cfhj,dgij->abcd","60,60,20,20,8,8,8,8,8,8","(2,3),(0,2),(0,1)",FP32,3073638400,504.89486963835157,0.0001308917999267578,0.012503385543823242,245.82449203275175,243.2777369352657
*** input parameters ***
  einsum_str: aefg,behi,cfhj,dgij->abcd
  dim_sizes:  60,60,20,20,8,8,8,8,8,8
  cont_path:  (2,3),(0,2),(0,1)
  backend:    torch
  dtype:      FP32
*** benchmarking opt_einsum expression ***
  #flops :          3073638400
  #bytes :          6087680
  arith. intensity: 504.89
  time (eval):      0.012759
  time (compile):   0.000135
  gflops (eval):    240.90
  gflops (total):   238.38
CSV_DATA: opt_einsum,torch,"aefg,behi,cfhj,dgij->abcd","60,60,20,20,8,8,8,8,8,8","(2,3),(0,2),(0,1)",FP32,3073638400,504.89486963835157,0.00013494491577148438,0.012758731842041016,240.90469476536234,238.38339193183432
*** input parameters ***
  einsum_str: aefg,behi,cfhj,dgij->abcd
  dim_sizes:  60,60,20,20,8,8,8,8,8,8
  cont_path:  (2,3),(0,2),(0,1)
  backend:    torch
  dtype:      FP32
*** benchmarking opt_einsum expression ***
  #flops :          3073638400
  #bytes :          6087680
  arith. intensity: 504.89
  time (eval):      0.012602
  time (compile):   0.000134
  gflops (eval):    243.91
  gflops (total):   241.34
CSV_DATA: opt_einsum,torch,"aefg,behi,cfhj,dgij->abcd","60,60,20,20,8,8,8,8,8,8","(2,3),(0,2),(0,1)",FP32,3073638400,504.89486963835157,0.0001342296600341797,0.012601613998413086,243.9083120929638,241.3376359218541
*** input parameters ***
  einsum_str: aefg,behi,cfhj,dgij->abcd
  dim_sizes:  60,60,20,20,8,8,8,8,8,8
  cont_path:  (2,3),(0,2),(0,1)
  backend:    torch
  dtype:      FP32
*** benchmarking opt_einsum expression ***
  #flops :          3073638400
  #bytes :          6087680
  arith. intensity: 504.89
  time (eval):      0.012468
  time (compile):   0.000135
  gflops (eval):    246.52
  gflops (total):   243.88
CSV_DATA: opt_einsum,torch,"aefg,behi,cfhj,dgij->abcd","60,60,20,20,8,8,8,8,8,8","(2,3),(0,2),(0,1)",FP32,3073638400,504.89486963835157,0.00013518333435058594,0.01246786117553711,246.5249136741041,243.8806272237302
*** input parameters ***
  einsum_str: aefg,behi,cfhj,dgij->abcd
  dim_sizes:  60,60,20,20,8,8,8,8,8,8
  cont_path:  (2,3),(0,2),(0,1)
  backend:    torch
  dtype:      FP32
*** benchmarking opt_einsum expression ***
  #flops :          3073638400
  #bytes :          6087680
  arith. intensity: 504.89
  time (eval):      0.012388
  time (compile):   0.000134
  gflops (eval):    248.11
  gflops (total):   245.46
CSV_DATA: opt_einsum,torch,"aefg,behi,cfhj,dgij->abcd","60,60,20,20,8,8,8,8,8,8","(2,3),(0,2),(0,1)",FP32,3073638400,504.89486963835157,0.00013375282287597656,0.012388229370117188,248.1095811330562,245.45941310473145
*** input parameters ***
  einsum_str: aefg,behi,cfhj,dgij->abcd
  dim_sizes:  60,60,20,20,8,8,8,8,8,8
  cont_path:  (2,3),(0,2),(0,1)
  backend:    torch
  dtype:      FP32
*** benchmarking opt_einsum expression ***
  #flops :          3073638400
  #bytes :          6087680
  arith. intensity: 504.89
  time (eval):      0.012510
  time (compile):   0.000136
  gflops (eval):    245.70
  gflops (total):   243.05
CSV_DATA: opt_einsum,torch,"aefg,behi,cfhj,dgij->abcd","60,60,20,20,8,8,8,8,8,8","(2,3),(0,2),(0,1)",FP32,3073638400,504.89486963835157,0.0001361370086669922,0.012509822845458984,245.69799572467318,243.05299364027073
*** input parameters ***
  einsum_str: aefg,behi,cfhj,dgij->abcd
  dim_sizes:  60,60,20,20,8,8,8,8,8,8
  cont_path:  (2,3),(0,2),(0,1)
  backend:    torch
  dtype:      FP32
*** benchmarking opt_einsum expression ***
  #flops :          3073638400
  #bytes :          6087680
  arith. intensity: 504.89
  time (eval):      0.012684
  time (compile):   0.000134
  gflops (eval):    242.32
  gflops (total):   239.78
CSV_DATA: opt_einsum,torch,"aefg,behi,cfhj,dgij->abcd","60,60,20,20,8,8,8,8,8,8","(2,3),(0,2),(0,1)",FP32,3073638400,504.89486963835157,0.0001342296600341797,0.012684345245361328,242.31746617934667,239.78003972237704
*** input parameters ***
  einsum_str: aefg,behi,cfhj,dgij->abcd
  dim_sizes:  60,60,20,20,8,8,8,8,8,8
  cont_path:  (2,3),(0,2),(0,1)
  backend:    torch
  dtype:      FP32
*** benchmarking opt_einsum expression ***
  #flops :          3073638400
  #bytes :          6087680
  arith. intensity: 504.89
  time (eval):      0.012145
  time (compile):   0.000137
  gflops (eval):    253.08
  gflops (total):   250.26
CSV_DATA: opt_einsum,torch,"aefg,behi,cfhj,dgij->abcd","60,60,20,20,8,8,8,8,8,8","(2,3),(0,2),(0,1)",FP32,3073638400,504.89486963835157,0.00013709068298339844,0.012144804000854492,253.08258575303012,250.25767433461974
*** input parameters ***
  einsum_str: aefg,behi,cfhj,dgij->abcd
  dim_sizes:  60,60,20,20,8,8,8,8,8,8
  cont_path:  (2,3),(0,2),(0,1)
  backend:    torch
  dtype:      FP32
*** benchmarking opt_einsum expression ***
  #flops :          3073638400
  #bytes :          6087680
  arith. intensity: 504.89
  time (eval):      0.012533
  time (compile):   0.000132
  gflops (eval):    245.24
  gflops (total):   242.69
CSV_DATA: opt_einsum,torch,"aefg,behi,cfhj,dgij->abcd","60,60,20,20,8,8,8,8,8,8","(2,3),(0,2),(0,1)",FP32,3073638400,504.89486963835157,0.00013184547424316406,0.012532949447631836,245.244618024114,242.6915255209639
*** input parameters ***
  einsum_str: aefg,behi,cfhj,dgij->abcd
  dim_sizes:  60,60,20,20,8,8,8,8,8,8
  cont_path:  (2,3),(0,2),(0,1)
  backend:    torch
  dtype:      FP32
*** benchmarking opt_einsum expression ***
  #flops :          3073638400
  #bytes :          6087680
  arith. intensity: 504.89
  time (eval):      0.012270
  time (compile):   0.000133
  gflops (eval):    250.49
  gflops (total):   247.80
CSV_DATA: opt_einsum,torch,"aefg,behi,cfhj,dgij->abcd","60,60,20,20,8,8,8,8,8,8","(2,3),(0,2),(0,1)",FP32,3073638400,504.89486963835157,0.00013303756713867188,0.012270450592041016,250.4910782977811,247.80435636770724
*** input parameters ***
  einsum_str: aefg,behi,cfhj,dgij->abcd
  dim_sizes:  60,60,20,20,8,8,8,8,8,8
  cont_path:  (2,3),(0,2),(0,1)
  backend:    torch
  dtype:      FP32
*** benchmarking opt_einsum expression ***
  #flops :          3073638400
  #bytes :          6087680
  arith. intensity: 504.89
  time (eval):      0.012446
  time (compile):   0.000128
  gflops (eval):    246.95
  gflops (total):   244.43
CSV_DATA: opt_einsum,torch,"aefg,behi,cfhj,dgij->abcd","60,60,20,20,8,8,8,8,8,8","(2,3),(0,2),(0,1)",FP32,3073638400,504.89486963835157,0.00012826919555664062,0.012446403503417969,246.9499240608689,244.4308868771302
*** input parameters ***
  einsum_str: aefg,behi,cfhj,dgij->abcd
  dim_sizes:  60,60,20,20,8,8,8,8,8,8
  cont_path:  (2,3),(0,2),(0,1)
  backend:    torch
  dtype:      FP32
*** benchmarking opt_einsum expression ***
  #flops :          3073638400
  #bytes :          6087680
  arith. intensity: 504.89
  time (eval):      0.012423
  time (compile):   0.000133
  gflops (eval):    247.41
  gflops (total):   244.80
CSV_DATA: opt_einsum,torch,"aefg,behi,cfhj,dgij->abcd","60,60,20,20,8,8,8,8,8,8","(2,3),(0,2),(0,1)",FP32,3073638400,504.89486963835157,0.00013256072998046875,0.012423276901245117,247.4096347069223,244.79755873523348
*** input parameters ***
  einsum_str: aefg,behi,cfhj,dgij->abcd
  dim_sizes:  60,60,20,20,8,8,8,8,8,8
  cont_path:  (2,3),(0,2),(0,1)
  backend:    torch
  dtype:      FP32
*** benchmarking opt_einsum expression ***
  #flops :          3073638400
  #bytes :          6087680
  arith. intensity: 504.89
  time (eval):      0.012368
  time (compile):   0.000133
  gflops (eval):    248.51
  gflops (total):   245.87
CSV_DATA: opt_einsum,torch,"aefg,behi,cfhj,dgij->abcd","60,60,20,20,8,8,8,8,8,8","(2,3),(0,2),(0,1)",FP32,3073638400,504.89486963835157,0.0001327991485595703,0.012368440628051758,248.5065411583862,245.8666864186139
*** input parameters ***
  einsum_str: aefg,behi,cfhj,dgij->abcd
  dim_sizes:  60,60,20,20,8,8,8,8,8,8
  cont_path:  (2,3),(0,2),(0,1)
  backend:    torch
  dtype:      FP32
*** benchmarking opt_einsum expression ***
  #flops :          3073638400
  #bytes :          6087680
  arith. intensity: 504.89
  time (eval):      0.012379
  time (compile):   0.000139
  gflops (eval):    248.29
  gflops (total):   245.53
CSV_DATA: opt_einsum,torch,"aefg,behi,cfhj,dgij->abcd","60,60,20,20,8,8,8,8,8,8","(2,3),(0,2),(0,1)",FP32,3073638400,504.89486963835157,0.00013899803161621094,0.012379169464111328,248.29116435564117,245.5342126592439
*** input parameters ***
  einsum_str: aefg,behi,cfhj,dgij->abcd
  dim_sizes:  60,60,20,20,8,8,8,8,8,8
  cont_path:  (2,3),(0,2),(0,1)
  backend:    torch
  dtype:      FP32
*** benchmarking opt_einsum expression ***
  #flops :          3073638400
  #bytes :          6087680
  arith. intensity: 504.89
  time (eval):      0.012383
  time (compile):   0.000133
  gflops (eval):    248.22
  gflops (total):   245.58
CSV_DATA: opt_einsum,torch,"aefg,behi,cfhj,dgij->abcd","60,60,20,20,8,8,8,8,8,8","(2,3),(0,2),(0,1)",FP32,3073638400,504.89486963835157,0.00013327598571777344,0.012382745742797852,248.21945502577356,245.57630744577872
*** input parameters ***
  einsum_str: aefg,behi,cfhj,dgij->abcd
  dim_sizes:  60,60,20,20,8,8,8,8,8,8
  cont_path:  (2,3),(0,2),(0,1)
  backend:    torch
  dtype:      FP32
*** benchmarking opt_einsum expression ***
  #flops :          3073638400
  #bytes :          6087680
  arith. intensity: 504.89
  time (eval):      0.012567
  time (compile):   0.000133
  gflops (eval):    244.58
  gflops (total):   242.02
CSV_DATA: opt_einsum,torch,"aefg,behi,cfhj,dgij->abcd","60,60,20,20,8,8,8,8,8,8","(2,3),(0,2),(0,1)",FP32,3073638400,504.89486963835157,0.00013303756713867188,0.012566804885864258,244.58391993157906,242.02177400029288
*** input parameters ***
  einsum_str: aefg,behi,cfhj,dgij->abcd
  dim_sizes:  60,60,20,20,8,8,8,8,8,8
  cont_path:  (2,3),(0,2),(0,1)
  backend:    torch
  dtype:      FP32
*** benchmarking opt_einsum expression ***
  #flops :          3073638400
  #bytes :          6087680
  arith. intensity: 504.89
  time (eval):      0.012443
  time (compile):   0.000135
  gflops (eval):    247.02
  gflops (total):   244.37
CSV_DATA: opt_einsum,torch,"aefg,behi,cfhj,dgij->abcd","60,60,20,20,8,8,8,8,8,8","(2,3),(0,2),(0,1)",FP32,3073638400,504.89486963835157,0.0001347064971923828,0.012443065643310547,247.01616853178004,244.3706536948839
*** input parameters ***
  einsum_str: aefg,behi,cfhj,dgij->abcd
  dim_sizes:  60,60,20,20,8,8,8,8,8,8
  cont_path:  (2,3),(0,2),(0,1)
  backend:    torch
  dtype:      FP32
*** benchmarking opt_einsum expression ***
  #flops :          3073638400
  #bytes :          6087680
  arith. intensity: 504.89
  time (eval):      0.012217
  time (compile):   0.000133
  gflops (eval):    251.60
  gflops (total):   248.88
CSV_DATA: opt_einsum,torch,"aefg,behi,cfhj,dgij->abcd","60,60,20,20,8,8,8,8,8,8","(2,3),(0,2),(0,1)",FP32,3073638400,504.89486963835157,0.00013327598571777344,0.012216567993164062,251.59589843234974,248.88074742125525
*** input parameters ***
  einsum_str: aefg,behi,cfhj,dgij->abcd
  dim_sizes:  60,60,20,20,8,8,8,8,8,8
  cont_path:  (2,3),(0,2),(0,1)
  backend:    torch
  dtype:      FP32
*** benchmarking opt_einsum expression ***
  #flops :          3073638400
  #bytes :          6087680
  arith. intensity: 504.89
  time (eval):      0.012563
  time (compile):   0.000136
  gflops (eval):    244.66
  gflops (total):   242.04
CSV_DATA: opt_einsum,torch,"aefg,behi,cfhj,dgij->abcd","60,60,20,20,8,8,8,8,8,8","(2,3),(0,2),(0,1)",FP32,3073638400,504.89486963835157,0.00013589859008789062,0.012562751770019531,244.66282994901695,242.04449392951074
*** input parameters ***
  einsum_str: aefg,behi,cfhj,dgij->abcd
  dim_sizes:  60,60,20,20,8,8,8,8,8,8
  cont_path:  (2,3),(0,2),(0,1)
  backend:    torch
  dtype:      FP32
*** benchmarking opt_einsum expression ***
  #flops :          3073638400
  #bytes :          6087680
  arith. intensity: 504.89
  time (eval):      0.012695
  time (compile):   0.000134
  gflops (eval):    242.12
  gflops (total):   239.60
CSV_DATA: opt_einsum,torch,"aefg,behi,cfhj,dgij->abcd","60,60,20,20,8,8,8,8,8,8","(2,3),(0,2),(0,1)",FP32,3073638400,504.89486963835157,0.000133514404296875,0.012694835662841797,242.11722637707246,239.5973280986061
*** input parameters ***
  einsum_str: aefg,behi,cfhj,dgij->abcd
  dim_sizes:  60,60,20,20,8,8,8,8,8,8
  cont_path:  (2,3),(0,2),(0,1)
  backend:    torch
  dtype:      FP32
*** benchmarking opt_einsum expression ***
  #flops :          3073638400
  #bytes :          6087680
  arith. intensity: 504.89
  time (eval):      0.012493
  time (compile):   0.000133
  gflops (eval):    246.04
  gflops (total):   243.45
CSV_DATA: opt_einsum,torch,"aefg,behi,cfhj,dgij->abcd","60,60,20,20,8,8,8,8,8,8","(2,3),(0,2),(0,1)",FP32,3073638400,504.89486963835157,0.0001327991485595703,0.012492656707763672,246.0356089101416,243.4477166589293
*** input parameters ***
  einsum_str: aefg,behi,cfhj,dgij->abcd
  dim_sizes:  60,60,20,20,8,8,8,8,8,8
  cont_path:  (2,3),(0,2),(0,1)
  backend:    torch
  dtype:      FP32
*** benchmarking opt_einsum expression ***
  #flops :          3073638400
  #bytes :          6087680
  arith. intensity: 504.89
  time (eval):      0.012346
  time (compile):   0.000134
  gflops (eval):    248.95
  gflops (total):   246.27
CSV_DATA: opt_einsum,torch,"aefg,behi,cfhj,dgij->abcd","60,60,20,20,8,8,8,8,8,8","(2,3),(0,2),(0,1)",FP32,3073638400,504.89486963835157,0.00013446807861328125,0.012346267700195312,248.95283940355324,246.2706089186521
*** input parameters ***
  einsum_str: aefg,behi,cfhj,dgij->abcd
  dim_sizes:  60,60,20,20,8,8,8,8,8,8
  cont_path:  (2,3),(0,2),(0,1)
  backend:    torch
  dtype:      FP32
*** benchmarking opt_einsum expression ***
  #flops :          3073638400
  #bytes :          6087680
  arith. intensity: 504.89
  time (eval):      0.012637
  time (compile):   0.000132
  gflops (eval):    243.23
  gflops (total):   240.71
CSV_DATA: opt_einsum,torch,"aefg,behi,cfhj,dgij->abcd","60,60,20,20,8,8,8,8,8,8","(2,3),(0,2),(0,1)",FP32,3073638400,504.89486963835157,0.0001323223114013672,0.012636899948120117,243.22724818734034,240.70678209928676
*** input parameters ***
  einsum_str: aefg,behi,cfhj,dgij->abcd
  dim_sizes:  60,60,20,20,8,8,8,8,8,8
  cont_path:  (2,3),(0,2),(0,1)
  backend:    torch
  dtype:      FP32
*** benchmarking opt_einsum expression ***
  #flops :          3073638400
  #bytes :          6087680
  arith. intensity: 504.89
  time (eval):      0.012379
  time (compile):   0.000130
  gflops (eval):    248.29
  gflops (total):   245.70
CSV_DATA: opt_einsum,torch,"aefg,behi,cfhj,dgij->abcd","60,60,20,20,8,8,8,8,8,8","(2,3),(0,2),(0,1)",FP32,3073638400,504.89486963835157,0.00013017654418945312,0.01237940788269043,248.28638244465074,245.7026784515352
*** input parameters ***
  einsum_str: aefg,behi,cfhj,dgij->abcd
  dim_sizes:  60,60,20,20,8,8,8,8,8,8
  cont_path:  (2,3),(0,2),(0,1)
  backend:    torch
  dtype:      FP32
*** benchmarking opt_einsum expression ***
  #flops :          3073638400
  #bytes :          6087680
  arith. intensity: 504.89
  time (eval):      0.012440
  time (compile):   0.000134
  gflops (eval):    247.07
  gflops (total):   244.44
CSV_DATA: opt_einsum,torch,"aefg,behi,cfhj,dgij->abcd","60,60,20,20,8,8,8,8,8,8","(2,3),(0,2),(0,1)",FP32,3073638400,504.89486963835157,0.00013375282287597656,0.012440204620361328,247.072977800483,244.4447910592465
*** input parameters ***
  einsum_str: aefg,behi,cfhj,dgij->abcd
  dim_sizes:  60,60,20,20,8,8,8,8,8,8
  cont_path:  (2,3),(0,2),(0,1)
  backend:    torch
  dtype:      FP32
*** benchmarking opt_einsum expression ***
  #flops :          3073638400
  #bytes :          6087680
  arith. intensity: 504.89
  time (eval):      0.012261
  time (compile):   0.000133
  gflops (eval):    250.69
  gflops (total):   248.00
CSV_DATA: opt_einsum,torch,"aefg,behi,cfhj,dgij->abcd","60,60,20,20,8,8,8,8,8,8","(2,3),(0,2),(0,1)",FP32,3073638400,504.89486963835157,0.00013303756713867188,0.012260913848876953,250.68591443381948,247.99503377334565
*** input parameters ***
  einsum_str: aefg,behi,cfhj,dgij->abcd
  dim_sizes:  60,60,20,20,8,8,8,8,8,8
  cont_path:  (2,3),(0,2),(0,1)
  backend:    torch
  dtype:      FP32
*** benchmarking opt_einsum expression ***
  #flops :          3073638400
  #bytes :          6087680
  arith. intensity: 504.89
  time (eval):      0.012311
  time (compile):   0.000138
  gflops (eval):    249.67
  gflops (total):   246.90
CSV_DATA: opt_einsum,torch,"aefg,behi,cfhj,dgij->abcd","60,60,20,20,8,8,8,8,8,8","(2,3),(0,2),(0,1)",FP32,3073638400,504.89486963835157,0.00013828277587890625,0.01231074333190918,249.6712275718718,246.89789975435414
*** input parameters ***
  einsum_str: aefg,behi,cfhj,dgij->abcd
  dim_sizes:  60,60,20,20,8,8,8,8,8,8
  cont_path:  (2,3),(0,2),(0,1)
  backend:    torch
  dtype:      FP32
*** benchmarking opt_einsum expression ***
  #flops :          3073638400
  #bytes :          6087680
  arith. intensity: 504.89
  time (eval):      0.012475
  time (compile):   0.000130
  gflops (eval):    246.38
  gflops (total):   243.85
CSV_DATA: opt_einsum,torch,"aefg,behi,cfhj,dgij->abcd","60,60,20,20,8,8,8,8,8,8","(2,3),(0,2),(0,1)",FP32,3073638400,504.89486963835157,0.00012969970703125,0.012475013732910156,246.3835684518309,243.84833615180452
*** input parameters ***
  einsum_str: aefg,behi,cfhj,dgij->abcd
  dim_sizes:  60,60,20,20,8,8,8,8,8,8
  cont_path:  (2,3),(0,2),(0,1)
  backend:    torch
  dtype:      FP32
*** benchmarking opt_einsum expression ***
  #flops :          3073638400
  #bytes :          6087680
  arith. intensity: 504.89
  time (eval):      0.012152
  time (compile):   0.000144
  gflops (eval):    252.94
  gflops (total):   249.98
CSV_DATA: opt_einsum,torch,"aefg,behi,cfhj,dgij->abcd","60,60,20,20,8,8,8,8,8,8","(2,3),(0,2),(0,1)",FP32,3073638400,504.89486963835157,0.0001437664031982422,0.012151718139648438,252.9385856944279,249.9810714485583
*** input parameters ***
  einsum_str: aefg,behi,cfhj,dgij->abcd
  dim_sizes:  60,60,20,20,8,8,8,8,8,8
  cont_path:  (2,3),(0,2),(0,1)
  backend:    torch
  dtype:      FP32
*** benchmarking opt_einsum expression ***
  #flops :          3073638400
  #bytes :          6087680
  arith. intensity: 504.89
  time (eval):      0.011930
  time (compile):   0.000146
  gflops (eval):    257.64
  gflops (total):   254.54
CSV_DATA: opt_einsum,torch,"aefg,behi,cfhj,dgij->abcd","60,60,20,20,8,8,8,8,8,8","(2,3),(0,2),(0,1)",FP32,3073638400,504.89486963835157,0.0001456737518310547,0.011929750442504883,257.6448195470072,254.53668132351922
*** input parameters ***
  einsum_str: aefg,behi,cfhj,dgij->abcd
  dim_sizes:  60,60,20,20,8,8,8,8,8,8
  cont_path:  (2,3),(0,2),(0,1)
  backend:    torch
  dtype:      FP32
*** benchmarking opt_einsum expression ***
  #flops :          3073638400
  #bytes :          6087680
  arith. intensity: 504.89
  time (eval):      0.012265
  time (compile):   0.000139
  gflops (eval):    250.61
  gflops (total):   247.81
CSV_DATA: opt_einsum,torch,"aefg,behi,cfhj,dgij->abcd","60,60,20,20,8,8,8,8,8,8","(2,3),(0,2),(0,1)",FP32,3073638400,504.89486963835157,0.0001385211944580078,0.012264728546142578,250.60794361948604,247.80911972922746
*** input parameters ***
  einsum_str: aefg,behi,cfhj,dgij->abcd
  dim_sizes:  60,60,20,20,8,8,8,8,8,8
  cont_path:  (2,3),(0,2),(0,1)
  backend:    torch
  dtype:      FP32
*** benchmarking opt_einsum expression ***
  #flops :          3073638400
  #bytes :          6087680
  arith. intensity: 504.89
  time (eval):      0.012899
  time (compile):   0.000138
  gflops (eval):    238.29
  gflops (total):   235.77
CSV_DATA: opt_einsum,torch,"aefg,behi,cfhj,dgij->abcd","60,60,20,20,8,8,8,8,8,8","(2,3),(0,2),(0,1)",FP32,3073638400,504.89486963835157,0.00013780593872070312,0.012898921966552734,238.28645587360174,235.76762684114118
*** input parameters ***
  einsum_str: aefg,behi,cfhj,dgij->abcd
  dim_sizes:  60,60,20,20,8,8,8,8,8,8
  cont_path:  (2,3),(0,2),(0,1)
  backend:    torch
  dtype:      FP32
*** benchmarking opt_einsum expression ***
  #flops :          3073638400
  #bytes :          6087680
  arith. intensity: 504.89
  time (eval):      0.012745
  time (compile):   0.000133
  gflops (eval):    241.17
  gflops (total):   238.68
CSV_DATA: opt_einsum,torch,"aefg,behi,cfhj,dgij->abcd","60,60,20,20,8,8,8,8,8,8","(2,3),(0,2),(0,1)",FP32,3073638400,504.89486963835157,0.00013256072998046875,0.012744903564453125,241.16607744076626,238.6835117320892
*** input parameters ***
  einsum_str: aefg,behi,cfhj,dgij->abcd
  dim_sizes:  60,60,20,20,8,8,8,8,8,8
  cont_path:  (2,3),(0,2),(0,1)
  backend:    torch
  dtype:      FP32
*** benchmarking opt_einsum expression ***
  #flops :          3073638400
  #bytes :          6087680
  arith. intensity: 504.89
  time (eval):      0.012688
  time (compile):   0.000134
  gflops (eval):    242.24
  gflops (total):   239.71
CSV_DATA: opt_einsum,torch,"aefg,behi,cfhj,dgij->abcd","60,60,20,20,8,8,8,8,8,8","(2,3),(0,2),(0,1)",FP32,3073638400,504.89486963835157,0.00013399124145507812,0.012688398361206055,242.2400615508296,239.7087044806456
*** input parameters ***
  einsum_str: aefg,behi,cfhj,dgij->abcd
  dim_sizes:  60,60,20,20,8,8,8,8,8,8
  cont_path:  (2,3),(0,2),(0,1)
  backend:    torch
  dtype:      FP32
*** benchmarking opt_einsum expression ***
  #flops :          3073638400
  #bytes :          6087680
  arith. intensity: 504.89
  time (eval):      0.012984
  time (compile):   0.000134
  gflops (eval):    236.73
  gflops (total):   234.32
CSV_DATA: opt_einsum,torch,"aefg,behi,cfhj,dgij->abcd","60,60,20,20,8,8,8,8,8,8","(2,3),(0,2),(0,1)",FP32,3073638400,504.89486963835157,0.00013375282287597656,0.012983560562133789,236.73308914691594,234.31920163716603
*** input parameters ***
  einsum_str: aefg,behi,cfhj,dgij->abcd
  dim_sizes:  60,60,20,20,8,8,8,8,8,8
  cont_path:  (2,3),(0,2),(0,1)
  backend:    torch
  dtype:      FP32
*** benchmarking opt_einsum expression ***
  #flops :          3073638400
  #bytes :          6087680
  arith. intensity: 504.89
  time (eval):      0.012419
  time (compile):   0.000134
  gflops (eval):    247.50
  gflops (total):   244.85
CSV_DATA: opt_einsum,torch,"aefg,behi,cfhj,dgij->abcd","60,60,20,20,8,8,8,8,8,8","(2,3),(0,2),(0,1)",FP32,3073638400,504.89486963835157,0.0001342296600341797,0.012418746948242188,247.4998816555368,244.85335199091378
*** input parameters ***
  einsum_str: aefg,behi,cfhj,dgij->abcd
  dim_sizes:  60,60,20,20,8,8,8,8,8,8
  cont_path:  (2,3),(0,2),(0,1)
  backend:    torch
  dtype:      FP32
*** benchmarking opt_einsum expression ***
  #flops :          3073638400
  #bytes :          6087680
  arith. intensity: 504.89
  time (eval):      0.012874
  time (compile):   0.000134
  gflops (eval):    238.75
  gflops (total):   236.29
CSV_DATA: opt_einsum,torch,"aefg,behi,cfhj,dgij->abcd","60,60,20,20,8,8,8,8,8,8","(2,3),(0,2),(0,1)",FP32,3073638400,504.89486963835157,0.0001342296600341797,0.01287388801574707,238.74981639116248,236.28617734005866
*** input parameters ***
  einsum_str: aefg,behi,cfhj,dgij->abcd
  dim_sizes:  60,60,20,20,8,8,8,8,8,8
  cont_path:  (2,3),(0,2),(0,1)
  backend:    torch
  dtype:      FP32
*** benchmarking opt_einsum expression ***
  #flops :          3073638400
  #bytes :          6087680
  arith. intensity: 504.89
  time (eval):      0.012591
  time (compile):   0.000136
  gflops (eval):    244.12
  gflops (total):   241.51
CSV_DATA: opt_einsum,torch,"aefg,behi,cfhj,dgij->abcd","60,60,20,20,8,8,8,8,8,8","(2,3),(0,2),(0,1)",FP32,3073638400,504.89486963835157,0.00013566017150878906,0.012590885162353516,244.11614913224014,241.51396308798593
*** input parameters ***
  einsum_str: aefg,behi,cfhj,dgij->abcd
  dim_sizes:  60,60,20,20,8,8,8,8,8,8
  cont_path:  (2,3),(0,2),(0,1)
  backend:    torch
  dtype:      FP32
*** benchmarking opt_einsum expression ***
  #flops :          3073638400
  #bytes :          6087680
  arith. intensity: 504.89
  time (eval):      0.012599
  time (compile):   0.000136
  gflops (eval):    243.95
  gflops (total):   241.35
CSV_DATA: opt_einsum,torch,"aefg,behi,cfhj,dgij->abcd","60,60,20,20,8,8,8,8,8,8","(2,3),(0,2),(0,1)",FP32,3073638400,504.89486963835157,0.00013566017150878906,0.012599468231201172,243.9498511840745,241.3511904085669
*** input parameters ***
  einsum_str: aefg,behi,cfhj,dgij->abcd
  dim_sizes:  60,60,20,20,8,8,8,8,8,8
  cont_path:  (2,3),(0,2),(0,1)
  backend:    torch
  dtype:      FP32
*** benchmarking opt_einsum expression ***
  #flops :          3073638400
  #bytes :          6087680
  arith. intensity: 504.89
  time (eval):      0.012568
  time (compile):   0.000139
  gflops (eval):    244.56
  gflops (total):   241.89
CSV_DATA: opt_einsum,torch,"aefg,behi,cfhj,dgij->abcd","60,60,20,20,8,8,8,8,8,8","(2,3),(0,2),(0,1)",FP32,3073638400,504.89486963835157,0.0001385211944580078,0.012567996978759766,244.56072078904276,241.8946211778516
*** input parameters ***
  einsum_str: aefg,behi,cfhj,dgij->abcd
  dim_sizes:  60,60,20,20,8,8,8,8,8,8
  cont_path:  (2,3),(0,2),(0,1)
  backend:    torch
  dtype:      FP32
*** benchmarking opt_einsum expression ***
  #flops :          3073638400
  #bytes :          6087680
  arith. intensity: 504.89
  time (eval):      0.012789
  time (compile):   0.000134
  gflops (eval):    240.33
  gflops (total):   237.83
CSV_DATA: opt_einsum,torch,"aefg,behi,cfhj,dgij->abcd","60,60,20,20,8,8,8,8,8,8","(2,3),(0,2),(0,1)",FP32,3073638400,504.89486963835157,0.00013446807861328125,0.012789011001586914,240.33433074837532,237.83366544919474
*** input parameters ***
  einsum_str: aefg,behi,cfhj,dgij->abcd
  dim_sizes:  60,60,20,20,8,8,8,8,8,8
  cont_path:  (2,3),(0,2),(0,1)
  backend:    torch
  dtype:      FP32
*** benchmarking opt_einsum expression ***
  #flops :          3073638400
  #bytes :          6087680
  arith. intensity: 504.89
  time (eval):      0.012518
  time (compile):   0.000139
  gflops (eval):    245.54
  gflops (total):   242.84
CSV_DATA: opt_einsum,torch,"aefg,behi,cfhj,dgij->abcd","60,60,20,20,8,8,8,8,8,8","(2,3),(0,2),(0,1)",FP32,3073638400,504.89486963835157,0.00013899803161621094,0.012517929077148438,245.5388891450861,242.8423876970558
*** input parameters ***
  einsum_str: aefg,behi,cfhj,dgij->abcd
  dim_sizes:  60,60,20,20,8,8,8,8,8,8
  cont_path:  (2,3),(0,2),(0,1)
  backend:    torch
  dtype:      FP32
*** benchmarking opt_einsum expression ***
  #flops :          3073638400
  #bytes :          6087680
  arith. intensity: 504.89
  time (eval):      0.012515
  time (compile):   0.000136
  gflops (eval):    245.59
  gflops (total):   242.96
CSV_DATA: opt_einsum,torch,"aefg,behi,cfhj,dgij->abcd","60,60,20,20,8,8,8,8,8,8","(2,3),(0,2),(0,1)",FP32,3073638400,504.89486963835157,0.00013566017150878906,0.01251530647277832,245.59034224893986,242.9568021498172
*** input parameters ***
  einsum_str: aefg,behi,cfhj,dgij->abcd
  dim_sizes:  60,60,20,20,8,8,8,8,8,8
  cont_path:  (2,3),(0,2),(0,1)
  backend:    torch
  dtype:      FP32
*** benchmarking opt_einsum expression ***
  #flops :          3073638400
  #bytes :          6087680
  arith. intensity: 504.89
  time (eval):      0.012648
  time (compile):   0.000143
  gflops (eval):    243.02
  gflops (total):   240.31
CSV_DATA: opt_einsum,torch,"aefg,behi,cfhj,dgij->abcd","60,60,20,20,8,8,8,8,8,8","(2,3),(0,2),(0,1)",FP32,3073638400,504.89486963835157,0.00014257431030273438,0.012647628784179688,243.0209213480923,240.3119307250047
*** input parameters ***
  einsum_str: aefg,behi,cfhj,dgij->abcd
  dim_sizes:  60,60,20,20,8,8,8,8,8,8
  cont_path:  (2,3),(0,2),(0,1)
  backend:    torch
  dtype:      FP32
*** benchmarking opt_einsum expression ***
  #flops :          3073638400
  #bytes :          6087680
  arith. intensity: 504.89
  time (eval):      0.012453
  time (compile):   0.000135
  gflops (eval):    246.82
  gflops (total):   244.17
CSV_DATA: opt_einsum,torch,"aefg,behi,cfhj,dgij->abcd","60,60,20,20,8,8,8,8,8,8","(2,3),(0,2),(0,1)",FP32,3073638400,504.89486963835157,0.0001354217529296875,0.012452840805053711,246.82226715310065,244.1670076265384
*** input parameters ***
  einsum_str: aefg,behi,cfhj,dgij->abcd
  dim_sizes:  60,60,20,20,8,8,8,8,8,8
  cont_path:  (2,3),(0,2),(0,1)
  backend:    torch
  dtype:      FP32
*** benchmarking opt_einsum expression ***
  #flops :          3073638400
  #bytes :          6087680
  arith. intensity: 504.89
  time (eval):      0.012591
  time (compile):   0.000135
  gflops (eval):    244.12
  gflops (total):   241.52
CSV_DATA: opt_einsum,torch,"aefg,behi,cfhj,dgij->abcd","60,60,20,20,8,8,8,8,8,8","(2,3),(0,2),(0,1)",FP32,3073638400,504.89486963835157,0.00013518333435058594,0.012590885162353516,244.11614913224014,241.52301245243459
*** input parameters ***
  einsum_str: aefg,behi,cfhj,dgij->abcd
  dim_sizes:  60,60,20,20,8,8,8,8,8,8
  cont_path:  (2,3),(0,2),(0,1)
  backend:    torch
  dtype:      FP32
*** benchmarking opt_einsum expression ***
  #flops :          3073638400
  #bytes :          6087680
  arith. intensity: 504.89
  time (eval):      0.012649
  time (compile):   0.000390
  gflops (eval):    243.00
  gflops (total):   235.74
CSV_DATA: opt_einsum,torch,"aefg,behi,cfhj,dgij->abcd","60,60,20,20,8,8,8,8,8,8","(2,3),(0,2),(0,1)",FP32,3073638400,504.89486963835157,0.0003898143768310547,0.012648582458496094,243.00259812398403,235.73744830898752
*** input parameters ***
  einsum_str: aefg,behi,cfhj,dgij->abcd
  dim_sizes:  60,60,20,20,8,8,8,8,8,8
  cont_path:  (2,3),(0,2),(0,1)
  backend:    torch
  dtype:      FP32
*** benchmarking opt_einsum expression ***
  #flops :          3073638400
  #bytes :          6087680
  arith. intensity: 504.89
  time (eval):      0.012436
  time (compile):   0.000145
  gflops (eval):    247.16
  gflops (total):   244.32
CSV_DATA: opt_einsum,torch,"aefg,behi,cfhj,dgij->abcd","60,60,20,20,8,8,8,8,8,8","(2,3),(0,2),(0,1)",FP32,3073638400,504.89486963835157,0.00014472007751464844,0.0124359130859375,247.15824071460125,244.31508017650427
*** input parameters ***
  einsum_str: aefg,behi,cfhj,dgij->abcd
  dim_sizes:  60,60,20,20,8,8,8,8,8,8
  cont_path:  (2,3),(0,2),(0,1)
  backend:    torch
  dtype:      FP32
*** benchmarking opt_einsum expression ***
  #flops :          3073638400
  #bytes :          6087680
  arith. intensity: 504.89
  time (eval):      0.012541
  time (compile):   0.000135
  gflops (eval):    245.09
  gflops (total):   242.48
CSV_DATA: opt_einsum,torch,"aefg,behi,cfhj,dgij->abcd","60,60,20,20,8,8,8,8,8,8","(2,3),(0,2),(0,1)",FP32,3073638400,504.89486963835157,0.00013494491577148438,0.012540817260742188,245.09075733219774,242.48154526715572
*** input parameters ***
  einsum_str: aefg,behi,cfhj,dgij->abcd
  dim_sizes:  60,60,20,20,8,8,8,8,8,8
  cont_path:  (2,3),(0,2),(0,1)
  backend:    torch
  dtype:      FP32
*** benchmarking opt_einsum expression ***
  #flops :          3073638400
  #bytes :          6087680
  arith. intensity: 504.89
  time (eval):      0.012558
  time (compile):   0.000137
  gflops (eval):    244.77
  gflops (total):   242.13
CSV_DATA: opt_einsum,torch,"aefg,behi,cfhj,dgij->abcd","60,60,20,20,8,8,8,8,8,8","(2,3),(0,2),(0,1)",FP32,3073638400,504.89486963835157,0.00013685226440429688,0.012557506561279297,244.76502440997913,242.12632100656603
*** input parameters ***
  einsum_str: aefg,behi,cfhj,dgij->abcd
  dim_sizes:  60,60,20,20,8,8,8,8,8,8
  cont_path:  (2,3),(0,2),(0,1)
  backend:    torch
  dtype:      FP32
*** benchmarking opt_einsum expression ***
  #flops :          3073638400
  #bytes :          6087680
  arith. intensity: 504.89
  time (eval):      0.012537
  time (compile):   0.000132
  gflops (eval):    245.16
  gflops (total):   242.60
CSV_DATA: opt_einsum,torch,"aefg,behi,cfhj,dgij->abcd","60,60,20,20,8,8,8,8,8,8","(2,3),(0,2),(0,1)",FP32,3073638400,504.89486963835157,0.00013184547424316406,0.012537479400634766,245.1560079807097,242.60475047843582
*** input parameters ***
  einsum_str: aefg,behi,cfhj,dgij->abcd
  dim_sizes:  60,60,20,20,8,8,8,8,8,8
  cont_path:  (2,3),(0,2),(0,1)
  backend:    torch
  dtype:      FP32
*** benchmarking opt_einsum expression ***
  #flops :          3073638400
  #bytes :          6087680
  arith. intensity: 504.89
  time (eval):      0.012139
  time (compile):   0.000145
  gflops (eval):    253.21
  gflops (total):   250.23
CSV_DATA: opt_einsum,torch,"aefg,behi,cfhj,dgij->abcd","60,60,20,20,8,8,8,8,8,8","(2,3),(0,2),(0,1)",FP32,3073638400,504.89486963835157,0.00014472007751464844,0.012138605117797852,253.21182872102608,250.22852941913044
