************************************
*** benchmark 1: abdfe,cf->abcde ***
************************************
einsum_str: abdfe,cf->abcde
  optimizing
    optimization time: 1628.7149255275726
  verifying
    error (relative): 0.0023599095728362653
  benchmarking
    num_ops:  5159780352.0
    median:   0.0018448524849066373
    gflops:   2796.8525365653404
CSV_DATA:"abdfe,cf->abcde","48,36,24,36,48,36",float32,"num_cores:72,vector_unit_bytes:64,cache_line_bytes:64,max_shared_memory_per_block:0,max_local_memory_per_block:0,max_threads_per_block:0,max_vthread_extent:0,warp_size:0","llvm -keys=arm_cpu,cpu -device=arm_cpu -mcpu=neoverse-v2 -mtriple=aarch64-linux-gnu",1000,10,1628.7149255275726,0.0023599095728362653,5159780352.0,0.0018448524849066373,2796.8525365653404
************************************
*** benchmark 2: acdfe,bf->abcde ***
************************************
einsum_str: acdfe,bf->abcde
  optimizing
    optimization time: 1618.6263694763184
  verifying
    error (relative): 0.0023611634623835883
  benchmarking
    num_ops:  5159780352.0
    median:   0.0017589405183830887
    gflops:   2933.459260318333
CSV_DATA:"acdfe,bf->abcde","48,24,36,36,48,36",float32,"num_cores:72,vector_unit_bytes:64,cache_line_bytes:64,max_shared_memory_per_block:0,max_local_memory_per_block:0,max_threads_per_block:0,max_vthread_extent:0,warp_size:0","llvm -keys=arm_cpu,cpu -device=arm_cpu -mcpu=neoverse-v2 -mtriple=aarch64-linux-gnu",1000,10,1618.6263694763184,0.0023611634623835883,5159780352.0,0.0017589405183830887,2933.459260318333
**********************************
*** benchmark 3: abed,ce->abcd ***
**********************************
einsum_str: abed,ce->abcd
  optimizing
    optimization time: 1160.7995018959045
  verifying
    error (relative): 0.0023346146008143167
  benchmarking
    num_ops:  3567255552.0
    median:   0.0010760164360007023
    gflops:   3315.242623299178
CSV_DATA:"abed,ce->abcd","96,84,24,96,96",float32,"num_cores:72,vector_unit_bytes:64,cache_line_bytes:64,max_shared_memory_per_block:0,max_local_memory_per_block:0,max_threads_per_block:0,max_vthread_extent:0,warp_size:0","llvm -keys=arm_cpu,cpu -device=arm_cpu -mcpu=neoverse-v2 -mtriple=aarch64-linux-gnu",1000,10,1160.7995018959045,0.0023346146008143167,3567255552.0,0.0010760164360007023,3315.242623299178
************************************
*** benchmark 4: abcfe,df->abcde ***
************************************
einsum_str: abcfe,df->abcde
  optimizing
    optimization time: 1776.476271867752
  verifying
    error (relative): 0.002324860901790271
  benchmarking
    num_ops:  6879707136.0
    median:   0.0021264925396147875
    gflops:   3235.236902004958
CSV_DATA:"abcfe,df->abcde","48,36,36,24,48,48",float32,"num_cores:72,vector_unit_bytes:64,cache_line_bytes:64,max_shared_memory_per_block:0,max_local_memory_per_block:0,max_threads_per_block:0,max_vthread_extent:0,warp_size:0","llvm -keys=arm_cpu,cpu -device=arm_cpu -mcpu=neoverse-v2 -mtriple=aarch64-linux-gnu",1000,10,1776.476271867752,0.002324860901790271,6879707136.0,0.0021264925396147875,3235.236902004958
**********************************
*** benchmark 5: aced,be->abcd ***
**********************************
einsum_str: aced,be->abcd
  optimizing
    optimization time: 1134.3644371032715
  verifying
    error (relative): 0.002351980125829576
  benchmarking
    num_ops:  3121348608.0
    median:   0.000847312713502184
    gflops:   3683.821283760254
CSV_DATA:"aced,be->abcd","96,24,84,96,84",float32,"num_cores:72,vector_unit_bytes:64,cache_line_bytes:64,max_shared_memory_per_block:0,max_local_memory_per_block:0,max_threads_per_block:0,max_vthread_extent:0,warp_size:0","llvm -keys=arm_cpu,cpu -device=arm_cpu -mcpu=neoverse-v2 -mtriple=aarch64-linux-gnu",1000,10,1134.3644371032715,0.002351980125829576,3121348608.0,0.000847312713502184,3683.821283760254
**************************************
*** benchmark 6: jki,efghjk->efghi ***
**************************************
einsum_str: jki,efghjk->efghi
  optimizing
    optimization time: 1102.8647894859314
  verifying
    error (relative): 0.0023428332228746804
  benchmarking
    num_ops:  2717908992.0
    median:   0.0008287282818051626
    gflops:   3279.6141409338215
CSV_DATA:"jki,efghjk->efghi","6,64,6,64,24,6,64",float32,"num_cores:72,vector_unit_bytes:64,cache_line_bytes:64,max_shared_memory_per_block:0,max_local_memory_per_block:0,max_threads_per_block:0,max_vthread_extent:0,warp_size:0","llvm -keys=arm_cpu,cpu -device=arm_cpu -mcpu=neoverse-v2 -mtriple=aarch64-linux-gnu",1000,10,1102.8647894859314,0.0023428332228746804,2717908992.0,0.0008287282818051626,3279.6141409338215
**********************************
*** benchmark 7: abed,ce->abcd ***
**********************************
einsum_str: abed,ce->abcd
  optimizing
    optimization time: 1122.7830681800842
  verifying
    error (relative): 0.002323517292633831
  benchmarking
    num_ops:  3121348608.0
    median:   0.0010639793468118373
    gflops:   2933.6552606523524
CSV_DATA:"abed,ce->abcd","96,84,24,84,96",float32,"num_cores:72,vector_unit_bytes:64,cache_line_bytes:64,max_shared_memory_per_block:0,max_local_memory_per_block:0,max_threads_per_block:0,max_vthread_extent:0,warp_size:0","llvm -keys=arm_cpu,cpu -device=arm_cpu -mcpu=neoverse-v2 -mtriple=aarch64-linux-gnu",1000,10,1122.7830681800842,0.002323517292633831,3121348608.0,0.0010639793468118373,2933.6552606523524
**************************************
*** benchmark 8: bcgf,adeg->abcdef ***
**************************************
einsum_str: bcgf,adeg->abcdef
  optimizing
    optimization time: 1207.415542602539
  verifying
    error (relative): 0.002347274618743198
  benchmarking
    num_ops:  4423680000.0
    median:   0.001735574849609431
    gflops:   2548.826978563035
CSV_DATA:"bcgf,adeg->abcdef","24,20,20,24,20,20,24",float32,"num_cores:72,vector_unit_bytes:64,cache_line_bytes:64,max_shared_memory_per_block:0,max_local_memory_per_block:0,max_threads_per_block:0,max_vthread_extent:0,warp_size:0","llvm -keys=arm_cpu,cpu -device=arm_cpu -mcpu=neoverse-v2 -mtriple=aarch64-linux-gnu",1000,10,1207.415542602539,0.002347274618743198,4423680000.0,0.001735574849609431,2548.826978563035
**************************************
*** benchmark 9: bdgf,aceg->abcdef ***
**************************************
einsum_str: bdgf,aceg->abcdef
  optimizing
    optimization time: 1237.683872461319
  verifying
    error (relative): 0.0023403554151226738
  benchmarking
    num_ops:  4423680000.0
    median:   0.0010663308089802535
    gflops:   4148.50622597168
CSV_DATA:"bdgf,aceg->abcdef","24,20,20,24,20,20,24",float32,"num_cores:72,vector_unit_bytes:64,cache_line_bytes:64,max_shared_memory_per_block:0,max_local_memory_per_block:0,max_threads_per_block:0,max_vthread_extent:0,warp_size:0","llvm -keys=arm_cpu,cpu -device=arm_cpu -mcpu=neoverse-v2 -mtriple=aarch64-linux-gnu",1000,10,1237.683872461319,0.0023403554151226738,4423680000.0,0.0010663308089802535,4148.50622597168
***************************************
*** benchmark 10: acgf,bdeg->abcdef ***
***************************************
einsum_str: acgf,bdeg->abcdef
  optimizing
    optimization time: 1240.4812247753143
  verifying
    error (relative): 0.0023416107342407243
  benchmarking
    num_ops:  4423680000.0
    median:   0.0019244746208937084
    gflops:   2298.642939726419
CSV_DATA:"acgf,bdeg->abcdef","24,20,20,24,20,20,24",float32,"num_cores:72,vector_unit_bytes:64,cache_line_bytes:64,max_shared_memory_per_block:0,max_local_memory_per_block:0,max_threads_per_block:0,max_vthread_extent:0,warp_size:0","llvm -keys=arm_cpu,cpu -device=arm_cpu -mcpu=neoverse-v2 -mtriple=aarch64-linux-gnu",1000,10,1240.4812247753143,0.0023416107342407243,4423680000.0,0.0019244746208937084,2298.642939726419
***************************************
*** benchmark 11: abgf,cdeg->abcdef ***
***************************************
einsum_str: abgf,cdeg->abcdef
  optimizing
    optimization time: 1256.7634229660034
  verifying
    error (relative): 0.0023448432403323687
  benchmarking
    num_ops:  4423680000.0
    median:   0.0018611366126644359
    gflops:   2376.8701179151926
CSV_DATA:"abgf,cdeg->abcdef","24,20,20,24,20,20,24",float32,"num_cores:72,vector_unit_bytes:64,cache_line_bytes:64,max_shared_memory_per_block:0,max_local_memory_per_block:0,max_threads_per_block:0,max_vthread_extent:0,warp_size:0","llvm -keys=arm_cpu,cpu -device=arm_cpu -mcpu=neoverse-v2 -mtriple=aarch64-linux-gnu",1000,10,1256.7634229660034,0.0023448432403323687,4423680000.0,0.0018611366126644359,2376.8701179151926
***************************************
*** benchmark 12: efhjki,gjk->efghi ***
***************************************
einsum_str: efhjki,gjk->efghi
  optimizing
    optimization time: 1075.3851041793823
  verifying
    error (relative): 0.0023550912625956814
  benchmarking
    num_ops:  2661285888.0
    median:   0.0009347439906643214
    gflops:   2847.074615701597
CSV_DATA:"efhjki,gjk->efghi","6,64,24,4,94,6,64",float32,"num_cores:72,vector_unit_bytes:64,cache_line_bytes:64,max_shared_memory_per_block:0,max_local_memory_per_block:0,max_threads_per_block:0,max_vthread_extent:0,warp_size:0","llvm -keys=arm_cpu,cpu -device=arm_cpu -mcpu=neoverse-v2 -mtriple=aarch64-linux-gnu",1000,10,1075.3851041793823,0.0023550912625956814,2661285888.0,0.0009347439906643214,2847.074615701597
***********************************
*** benchmark 13: bced,ae->abcd ***
***********************************
einsum_str: bced,ae->abcd
  optimizing
    optimization time: 1298.8846316337585
  verifying
    error (relative): 0.0023552726001405695
  benchmarking
    num_ops:  10924720128.0
    median:   0.0030971294887756668
    gflops:   3527.369510248884
CSV_DATA:"bced,ae->abcd","96,84,84,84,96",float32,"num_cores:72,vector_unit_bytes:64,cache_line_bytes:64,max_shared_memory_per_block:0,max_local_memory_per_block:0,max_threads_per_block:0,max_vthread_extent:0,warp_size:0","llvm -keys=arm_cpu,cpu -device=arm_cpu -mcpu=neoverse-v2 -mtriple=aarch64-linux-gnu",1000,10,1298.8846316337585,0.0023552726001405695,10924720128.0,0.0030971294887756668,3527.369510248884
***********************************
*** benchmark 14: aced,be->abcd ***
***********************************
einsum_str: aced,be->abcd
  optimizing
    optimization time: 1369.3683977127075
  verifying
    error (relative): 0.002351267449229476
  benchmarking
    num_ops:  10924720128.0
    median:   0.003191699412753584
    gflops:   3422.853694914486
CSV_DATA:"aced,be->abcd","96,84,84,84,96",float32,"num_cores:72,vector_unit_bytes:64,cache_line_bytes:64,max_shared_memory_per_block:0,max_local_memory_per_block:0,max_threads_per_block:0,max_vthread_extent:0,warp_size:0","llvm -keys=arm_cpu,cpu -device=arm_cpu -mcpu=neoverse-v2 -mtriple=aarch64-linux-gnu",1000,10,1369.3683977127075,0.002351267449229476,10924720128.0,0.003191699412753584,3422.853694914486
***********************************
*** benchmark 15: abed,ce->abcd ***
***********************************
einsum_str: abed,ce->abcd
  optimizing
    optimization time: 1284.685220003128
  verifying
    error (relative): 0.002371603943084816
  benchmarking
    num_ops:  10924720128.0
    median:   0.0028293692200754
    gflops:   3861.185754932637
CSV_DATA:"abed,ce->abcd","96,84,84,84,96",float32,"num_cores:72,vector_unit_bytes:64,cache_line_bytes:64,max_shared_memory_per_block:0,max_local_memory_per_block:0,max_threads_per_block:0,max_vthread_extent:0,warp_size:0","llvm -keys=arm_cpu,cpu -device=arm_cpu -mcpu=neoverse-v2 -mtriple=aarch64-linux-gnu",1000,10,1284.685220003128,0.002371603943084816,10924720128.0,0.0028293692200754,3861.185754932637
***********************************
*** benchmark 16: aedc,ebd->abc ***
***********************************
einsum_str: aedc,ebd->abc
  optimizing
    optimization time: 1013.2230789661407
  verifying
    error (relative): 0.0023546971239725165
  benchmarking
    num_ops:  10924720128.0
    median:   0.003281080714721138
    gflops:   3329.6102954689127
CSV_DATA:"aedc,ebd->abc","96,84,84,84,96",float32,"num_cores:72,vector_unit_bytes:64,cache_line_bytes:64,max_shared_memory_per_block:0,max_local_memory_per_block:0,max_threads_per_block:0,max_vthread_extent:0,warp_size:0","llvm -keys=arm_cpu,cpu -device=arm_cpu -mcpu=neoverse-v2 -mtriple=aarch64-linux-gnu",1000,10,1013.2230789661407,0.0023546971239725165,10924720128.0,0.003281080714721138,3329.6102954689127
*****************************************
*** benchmark 17: gkiljh,ekilfj->efgh ***
*****************************************
einsum_str: gkiljh,ekilfj->efgh
  optimizing
    optimization time: 1965.7912511825562
  verifying
    error (relative): 0.0023587766776388356
  benchmarking
    num_ops:  42580574208.0
    median:   0.01571061302974039
    gflops:   2710.3063468875744
CSV_DATA:"gkiljh,ekilfj->efgh","6,64,4,94,6,64,6,64",float32,"num_cores:72,vector_unit_bytes:64,cache_line_bytes:64,max_shared_memory_per_block:0,max_local_memory_per_block:0,max_threads_per_block:0,max_vthread_extent:0,warp_size:0","llvm -keys=arm_cpu,cpu -device=arm_cpu -mcpu=neoverse-v2 -mtriple=aarch64-linux-gnu",1000,10,1965.7912511825562,0.0023587766776388356,42580574208.0,0.01571061302974039,2710.3063468875744
*****************************************
*** benchmark 18: gikljh,eiklfj->efgh ***
*****************************************
einsum_str: gikljh,eiklfj->efgh
  optimizing
    optimization time: 1991.4245598316193
  verifying
    error (relative): 0.002348559937145478
  benchmarking
    num_ops:  41693478912.0
    median:   0.017260257635111874
    gflops:   2415.576858318996
CSV_DATA:"gikljh,eiklfj->efgh","6,64,4,94,4,94,6,64",float32,"num_cores:72,vector_unit_bytes:64,cache_line_bytes:64,max_shared_memory_per_block:0,max_local_memory_per_block:0,max_threads_per_block:0,max_vthread_extent:0,warp_size:0","llvm -keys=arm_cpu,cpu -device=arm_cpu -mcpu=neoverse-v2 -mtriple=aarch64-linux-gnu",1000,10,1991.4245598316193,0.002348559937145478,41693478912.0,0.017260257635111874,2415.576858318996
*****************************************
*** benchmark 19: efiklj,ghkl->efghij ***
*****************************************
einsum_str: efiklj,ghkl->efghij
  optimizing
    optimization time: 1595.913645029068
  verifying
    error (relative): 0.002346653414259121
  benchmarking
    num_ops:  41693478912.0
    median:   0.02223908743111111
    gflops:   1874.7837131875026
CSV_DATA:"efiklj,ghkl->efghij","6,64,4,94,4,94,6,64",float32,"num_cores:72,vector_unit_bytes:64,cache_line_bytes:64,max_shared_memory_per_block:0,max_local_memory_per_block:0,max_threads_per_block:0,max_vthread_extent:0,warp_size:0","llvm -keys=arm_cpu,cpu -device=arm_cpu -mcpu=neoverse-v2 -mtriple=aarch64-linux-gnu",1000,10,1595.913645029068,0.002346653414259121,41693478912.0,0.02223908743111111,1874.7837131875026
*****************************************
*** benchmark 20: efiklj,ghkl->efghij ***
*****************************************
einsum_str: efiklj,ghkl->efghij
  optimizing
    optimization time: 1580.573689699173
  verifying
    error (relative): 0.0023521909826718676
  benchmarking
    num_ops:  41693478912.0
    median:   0.012927202654183814
    gflops:   3225.251435081831
CSV_DATA:"efiklj,ghkl->efghij","6,64,6,64,4,94,4,94",float32,"num_cores:72,vector_unit_bytes:64,cache_line_bytes:64,max_shared_memory_per_block:0,max_local_memory_per_block:0,max_threads_per_block:0,max_vthread_extent:0,warp_size:0","llvm -keys=arm_cpu,cpu -device=arm_cpu -mcpu=neoverse-v2 -mtriple=aarch64-linux-gnu",1000,10,1580.573689699173,0.0023521909826718676,41693478912.0,0.012927202654183814,3225.251435081831
*************************************
*** benchmark 21: fihg,dieh->defg ***
*************************************
einsum_str: fihg,dieh->defg
  optimizing
    optimization time: 3986.3456525802612
  verifying
    error (relative): 0.002351596530942306
  benchmarking
    num_ops:  760685137920.0
    median:   0.18900896677148438
    gflops:   4024.598149566542
CSV_DATA:"fihg,dieh->defg","151,48,181,40,151,48",float32,"num_cores:72,vector_unit_bytes:64,cache_line_bytes:64,max_shared_memory_per_block:0,max_local_memory_per_block:0,max_threads_per_block:0,max_vthread_extent:0,warp_size:0","llvm -keys=arm_cpu,cpu -device=arm_cpu -mcpu=neoverse-v2 -mtriple=aarch64-linux-gnu",1000,10,3986.3456525802612,0.002351596530942306,760685137920.0,0.18900896677148438,4024.598149566542
*************************************
*** benchmark 22: cefd,aebf->abcd ***
*************************************
einsum_str: cefd,aebf->abcd
  optimizing
    optimization time: 4224.632437944412
  verifying
    error (relative): 0.0023489083018939103
  benchmarking
    num_ops:  917676490752.0
    median:   0.23325269573946358
    gflops:   3934.2588853807615
CSV_DATA:"cefd,aebf->abcd","96,84,84,84,84,96",float32,"num_cores:72,vector_unit_bytes:64,cache_line_bytes:64,max_shared_memory_per_block:0,max_local_memory_per_block:0,max_threads_per_block:0,max_vthread_extent:0,warp_size:0","llvm -keys=arm_cpu,cpu -device=arm_cpu -mcpu=neoverse-v2 -mtriple=aarch64-linux-gnu",1000,10,4224.632437944412,0.0023489083018939103,917676490752.0,0.23325269573946358,3934.2588853807615
*************************************
*** benchmark 23: aefd,becf->abcd ***
*************************************
einsum_str: aefd,becf->abcd
  optimizing
    optimization time: 10932.16750574112
  verifying
    error (relative): 0.0023489990497954183
  benchmarking
    num_ops:  1048773132288.0
    median:   0.5432471453125
    gflops:   1930.5635406232993
CSV_DATA:"aefd,becf->abcd","96,84,84,84,96,96",float32,"num_cores:72,vector_unit_bytes:64,cache_line_bytes:64,max_shared_memory_per_block:0,max_local_memory_per_block:0,max_threads_per_block:0,max_vthread_extent:0,warp_size:0","llvm -keys=arm_cpu,cpu -device=arm_cpu -mcpu=neoverse-v2 -mtriple=aarch64-linux-gnu",1000,10,10932.16750574112,0.0023489990497954183,1048773132288.0,0.5432471453125,1930.5635406232993
*************************************
*** benchmark 24: cfed,afbe->abcd ***
*************************************
einsum_str: cfed,afbe->abcd
  optimizing
    optimization time: 4332.416059017181
  verifying
    error (relative): 0.00234854312372623
  benchmarking
    num_ops:  917676490752.0
    median:   0.19600819951623377
    gflops:   4681.827051199439
CSV_DATA:"cfed,afbe->abcd","96,84,84,96,84,84",float32,"num_cores:72,vector_unit_bytes:64,cache_line_bytes:64,max_shared_memory_per_block:0,max_local_memory_per_block:0,max_threads_per_block:0,max_vthread_extent:0,warp_size:0","llvm -keys=arm_cpu,cpu -device=arm_cpu -mcpu=neoverse-v2 -mtriple=aarch64-linux-gnu",1000,10,4332.416059017181,0.00234854312372623,917676490752.0,0.19600819951623377,4681.827051199439
