*** input parameters ***
  einsum_str: iaje,bf,dcba,cigj,dh->hgfei
  dim_sizes:  24,48,12,56,32,64,8,84,8,72
  cont_path:  (1,2),(2,3),(0,1),(0,1)
  backend:    torch
  dtype:      FP32
*** benchmarking opt_einsum expression ***
  #flops :          6699220992
  #bytes :          49158528
  arith. intensity: 136.28
  time (eval):      0.005522
  time (compile):   0.000163
  gflops (eval):    1213.29
  gflops (total):   1178.48
CSV_DATA: opt_einsum,torch,"iaje,bf,dcba,cigj,dh->hgfei","24,48,12,56,32,64,8,84,8,72","(1,2),(2,3),(0,1),(0,1)",FP32,6699220992,136.27790059132772,0.00016307830810546875,0.005521535873413086,1213.289408162251,1178.482967899575
*** input parameters ***
  einsum_str: iaje,bf,dcba,cigj,dh->hgfei
  dim_sizes:  24,48,12,56,32,64,8,84,8,72
  cont_path:  (1,2),(2,3),(0,1),(0,1)
  backend:    torch
  dtype:      FP32
*** benchmarking opt_einsum expression ***
  #flops :          6699220992
  #bytes :          49158528
  arith. intensity: 136.28
  time (eval):      0.006055
  time (compile):   0.000158
  gflops (eval):    1106.37
  gflops (total):   1078.18
CSV_DATA: opt_einsum,torch,"iaje,bf,dcba,cigj,dh->hgfei","24,48,12,56,32,64,8,84,8,72","(1,2),(2,3),(0,1),(0,1)",FP32,6699220992,136.27790059132772,0.0001583099365234375,0.006055116653442383,1106.3735639496622,1078.184620836866
*** input parameters ***
  einsum_str: iaje,bf,dcba,cigj,dh->hgfei
  dim_sizes:  24,48,12,56,32,64,8,84,8,72
  cont_path:  (1,2),(2,3),(0,1),(0,1)
  backend:    torch
  dtype:      FP32
*** benchmarking opt_einsum expression ***
  #flops :          6699220992
  #bytes :          49158528
  arith. intensity: 136.28
  time (eval):      0.005729
  time (compile):   0.000163
  gflops (eval):    1169.31
  gflops (total):   1137.04
CSV_DATA: opt_einsum,torch,"iaje,bf,dcba,cigj,dh->hgfei","24,48,12,56,32,64,8,84,8,72","(1,2),(2,3),(0,1),(0,1)",FP32,6699220992,136.27790059132772,0.00016260147094726562,0.005729198455810547,1169.3120850449259,1137.0414941578817
*** input parameters ***
  einsum_str: iaje,bf,dcba,cigj,dh->hgfei
  dim_sizes:  24,48,12,56,32,64,8,84,8,72
  cont_path:  (1,2),(2,3),(0,1),(0,1)
  backend:    torch
  dtype:      FP32
*** benchmarking opt_einsum expression ***
  #flops :          6699220992
  #bytes :          49158528
  arith. intensity: 136.28
  time (eval):      0.005834
  time (compile):   0.000155
  gflops (eval):    1148.24
  gflops (total):   1118.57
CSV_DATA: opt_einsum,torch,"iaje,bf,dcba,cigj,dh->hgfei","24,48,12,56,32,64,8,84,8,72","(1,2),(2,3),(0,1),(0,1)",FP32,6699220992,136.27790059132772,0.00015473365783691406,0.005834341049194336,1148.2395244832483,1118.5736227559541
*** input parameters ***
  einsum_str: iaje,bf,dcba,cigj,dh->hgfei
  dim_sizes:  24,48,12,56,32,64,8,84,8,72
  cont_path:  (1,2),(2,3),(0,1),(0,1)
  backend:    torch
  dtype:      FP32
*** benchmarking opt_einsum expression ***
  #flops :          6699220992
  #bytes :          49158528
  arith. intensity: 136.28
  time (eval):      0.006094
  time (compile):   0.000160
  gflops (eval):    1099.23
  gflops (total):   1071.03
CSV_DATA: opt_einsum,torch,"iaje,bf,dcba,cigj,dh->hgfei","24,48,12,56,32,64,8,84,8,72","(1,2),(2,3),(0,1),(0,1)",FP32,6699220992,136.27790059132772,0.00016045570373535156,0.006094455718994141,1099.2320398884897,1071.0337108301724
*** input parameters ***
  einsum_str: iaje,bf,dcba,cigj,dh->hgfei
  dim_sizes:  24,48,12,56,32,64,8,84,8,72
  cont_path:  (1,2),(2,3),(0,1),(0,1)
  backend:    torch
  dtype:      FP32
*** benchmarking opt_einsum expression ***
  #flops :          6699220992
  #bytes :          49158528
  arith. intensity: 136.28
  time (eval):      0.005808
  time (compile):   0.000156
  gflops (eval):    1153.38
  gflops (total):   1123.22
CSV_DATA: opt_einsum,torch,"iaje,bf,dcba,cigj,dh->hgfei","24,48,12,56,32,64,8,84,8,72","(1,2),(2,3),(0,1),(0,1)",FP32,6699220992,136.27790059132772,0.00015592575073242188,0.005808353424072266,1153.3769560639344,1123.2239128409647
*** input parameters ***
  einsum_str: iaje,bf,dcba,cigj,dh->hgfei
  dim_sizes:  24,48,12,56,32,64,8,84,8,72
  cont_path:  (1,2),(2,3),(0,1),(0,1)
  backend:    torch
  dtype:      FP32
*** benchmarking opt_einsum expression ***
  #flops :          6699220992
  #bytes :          49158528
  arith. intensity: 136.28
  time (eval):      0.005875
  time (compile):   0.000157
  gflops (eval):    1140.23
  gflops (total):   1110.53
CSV_DATA: opt_einsum,torch,"iaje,bf,dcba,cigj,dh->hgfei","24,48,12,56,32,64,8,84,8,72","(1,2),(2,3),(0,1),(0,1)",FP32,6699220992,136.27790059132772,0.0001571178436279297,0.005875349044799805,1140.225191885305,1110.5276027045122
*** input parameters ***
  einsum_str: iaje,bf,dcba,cigj,dh->hgfei
  dim_sizes:  24,48,12,56,32,64,8,84,8,72
  cont_path:  (1,2),(2,3),(0,1),(0,1)
  backend:    torch
  dtype:      FP32
*** benchmarking opt_einsum expression ***
  #flops :          6699220992
  #bytes :          49158528
  arith. intensity: 136.28
  time (eval):      0.005760
  time (compile):   0.000157
  gflops (eval):    1163.02
  gflops (total):   1132.23
CSV_DATA: opt_einsum,torch,"iaje,bf,dcba,cigj,dh->hgfei","24,48,12,56,32,64,8,84,8,72","(1,2),(2,3),(0,1),(0,1)",FP32,6699220992,136.27790059132772,0.00015664100646972656,0.00576019287109375,1163.0202567727472,1132.230704905088
*** input parameters ***
  einsum_str: iaje,bf,dcba,cigj,dh->hgfei
  dim_sizes:  24,48,12,56,32,64,8,84,8,72
  cont_path:  (1,2),(2,3),(0,1),(0,1)
  backend:    torch
  dtype:      FP32
*** benchmarking opt_einsum expression ***
  #flops :          6699220992
  #bytes :          49158528
  arith. intensity: 136.28
  time (eval):      0.005928
  time (compile):   0.000152
  gflops (eval):    1130.18
  gflops (total):   1101.86
CSV_DATA: opt_einsum,torch,"iaje,bf,dcba,cigj,dh->hgfei","24,48,12,56,32,64,8,84,8,72","(1,2),(2,3),(0,1),(0,1)",FP32,6699220992,136.27790059132772,0.00015234947204589844,0.005927562713623047,1130.1813773481447,1101.8614722414638
*** input parameters ***
  einsum_str: iaje,bf,dcba,cigj,dh->hgfei
  dim_sizes:  24,48,12,56,32,64,8,84,8,72
  cont_path:  (1,2),(2,3),(0,1),(0,1)
  backend:    torch
  dtype:      FP32
*** benchmarking opt_einsum expression ***
  #flops :          6699220992
  #bytes :          49158528
  arith. intensity: 136.28
  time (eval):      0.005774
  time (compile):   0.000158
  gflops (eval):    1160.28
  gflops (total):   1129.36
CSV_DATA: opt_einsum,torch,"iaje,bf,dcba,cigj,dh->hgfei","24,48,12,56,32,64,8,84,8,72","(1,2),(2,3),(0,1),(0,1)",FP32,6699220992,136.27790059132772,0.00015807151794433594,0.005773782730102539,1160.2828345224252,1129.3637220108349
*** input parameters ***
  einsum_str: iaje,bf,dcba,cigj,dh->hgfei
  dim_sizes:  24,48,12,56,32,64,8,84,8,72
  cont_path:  (1,2),(2,3),(0,1),(0,1)
  backend:    torch
  dtype:      FP32
*** benchmarking opt_einsum expression ***
  #flops :          6699220992
  #bytes :          49158528
  arith. intensity: 136.28
  time (eval):      0.005976
  time (compile):   0.000165
  gflops (eval):    1120.94
  gflops (total):   1090.87
CSV_DATA: opt_einsum,torch,"iaje,bf,dcba,cigj,dh->hgfei","24,48,12,56,32,64,8,84,8,72","(1,2),(2,3),(0,1),(0,1)",FP32,6699220992,136.27790059132772,0.0001647472381591797,0.005976438522338867,1120.9386605349491,1090.8676684381385
*** input parameters ***
  einsum_str: iaje,bf,dcba,cigj,dh->hgfei
  dim_sizes:  24,48,12,56,32,64,8,84,8,72
  cont_path:  (1,2),(2,3),(0,1),(0,1)
  backend:    torch
  dtype:      FP32
*** benchmarking opt_einsum expression ***
  #flops :          6699220992
  #bytes :          49158528
  arith. intensity: 136.28
  time (eval):      0.005844
  time (compile):   0.000159
  gflops (eval):    1146.41
  gflops (total):   1116.04
CSV_DATA: opt_einsum,torch,"iaje,bf,dcba,cigj,dh->hgfei","24,48,12,56,32,64,8,84,8,72","(1,2),(2,3),(0,1),(0,1)",FP32,6699220992,136.27790059132772,0.0001590251922607422,0.005843639373779297,1146.4124603684033,1116.041204417904
*** input parameters ***
  einsum_str: iaje,bf,dcba,cigj,dh->hgfei
  dim_sizes:  24,48,12,56,32,64,8,84,8,72
  cont_path:  (1,2),(2,3),(0,1),(0,1)
  backend:    torch
  dtype:      FP32
*** benchmarking opt_einsum expression ***
  #flops :          6699220992
  #bytes :          49158528
  arith. intensity: 136.28
  time (eval):      0.005960
  time (compile):   0.000161
  gflops (eval):    1124.08
  gflops (total):   1094.44
CSV_DATA: opt_einsum,torch,"iaje,bf,dcba,cigj,dh->hgfei","24,48,12,56,32,64,8,84,8,72","(1,2),(2,3),(0,1),(0,1)",FP32,6699220992,136.27790059132772,0.0001614093780517578,0.005959749221801758,1124.0776654650385,1094.4367610668212
*** input parameters ***
  einsum_str: iaje,bf,dcba,cigj,dh->hgfei
  dim_sizes:  24,48,12,56,32,64,8,84,8,72
  cont_path:  (1,2),(2,3),(0,1),(0,1)
  backend:    torch
  dtype:      FP32
*** benchmarking opt_einsum expression ***
  #flops :          6699220992
  #bytes :          49158528
  arith. intensity: 136.28
  time (eval):      0.005993
  time (compile):   0.000165
  gflops (eval):    1117.91
  gflops (total):   1088.04
CSV_DATA: opt_einsum,torch,"iaje,bf,dcba,cigj,dh->hgfei","24,48,12,56,32,64,8,84,8,72","(1,2),(2,3),(0,1),(0,1)",FP32,6699220992,136.27790059132772,0.00016450881958007812,0.0059926509857177734,1117.9060832953878,1088.037537410632
*** input parameters ***
  einsum_str: iaje,bf,dcba,cigj,dh->hgfei
  dim_sizes:  24,48,12,56,32,64,8,84,8,72
  cont_path:  (1,2),(2,3),(0,1),(0,1)
  backend:    torch
  dtype:      FP32
*** benchmarking opt_einsum expression ***
  #flops :          6699220992
  #bytes :          49158528
  arith. intensity: 136.28
  time (eval):      0.005997
  time (compile):   0.000161
  gflops (eval):    1117.06
  gflops (total):   1087.78
CSV_DATA: opt_einsum,torch,"iaje,bf,dcba,cigj,dh->hgfei","24,48,12,56,32,64,8,84,8,72","(1,2),(2,3),(0,1),(0,1)",FP32,6699220992,136.27790059132772,0.0001614093780517578,0.005997180938720703,1117.0616762196696,1087.784809090998
*** input parameters ***
  einsum_str: iaje,bf,dcba,cigj,dh->hgfei
  dim_sizes:  24,48,12,56,32,64,8,84,8,72
  cont_path:  (1,2),(2,3),(0,1),(0,1)
  backend:    torch
  dtype:      FP32
*** benchmarking opt_einsum expression ***
  #flops :          6699220992
  #bytes :          49158528
  arith. intensity: 136.28
  time (eval):      0.005885
  time (compile):   0.000158
  gflops (eval):    1138.42
  gflops (total):   1108.69
CSV_DATA: opt_einsum,torch,"iaje,bf,dcba,cigj,dh->hgfei","24,48,12,56,32,64,8,84,8,72","(1,2),(2,3),(0,1),(0,1)",FP32,6699220992,136.27790059132772,0.00015783309936523438,0.005884647369384766,1138.423523362352,1108.6872397265454
*** input parameters ***
  einsum_str: iaje,bf,dcba,cigj,dh->hgfei
  dim_sizes:  24,48,12,56,32,64,8,84,8,72
  cont_path:  (1,2),(2,3),(0,1),(0,1)
  backend:    torch
  dtype:      FP32
*** benchmarking opt_einsum expression ***
  #flops :          6699220992
  #bytes :          49158528
  arith. intensity: 136.28
  time (eval):      0.005944
  time (compile):   0.000163
  gflops (eval):    1127.14
  gflops (total):   1097.09
CSV_DATA: opt_einsum,torch,"iaje,bf,dcba,cigj,dh->hgfei","24,48,12,56,32,64,8,84,8,72","(1,2),(2,3),(0,1),(0,1)",FP32,6699220992,136.27790059132772,0.0001628398895263672,0.0059435367584228516,1127.1438647209902,1097.0861082160538
*** input parameters ***
  einsum_str: iaje,bf,dcba,cigj,dh->hgfei
  dim_sizes:  24,48,12,56,32,64,8,84,8,72
  cont_path:  (1,2),(2,3),(0,1),(0,1)
  backend:    torch
  dtype:      FP32
*** benchmarking opt_einsum expression ***
  #flops :          6699220992
  #bytes :          49158528
  arith. intensity: 136.28
  time (eval):      0.005799
  time (compile):   0.000165
  gflops (eval):    1155.32
  gflops (total):   1123.31
CSV_DATA: opt_einsum,torch,"iaje,bf,dcba,cigj,dh->hgfei","24,48,12,56,32,64,8,84,8,72","(1,2),(2,3),(0,1),(0,1)",FP32,6699220992,136.27790059132772,0.0001652240753173828,0.0057985782623291016,1155.321302727255,1123.3137204617242
*** input parameters ***
  einsum_str: iaje,bf,dcba,cigj,dh->hgfei
  dim_sizes:  24,48,12,56,32,64,8,84,8,72
  cont_path:  (1,2),(2,3),(0,1),(0,1)
  backend:    torch
  dtype:      FP32
*** benchmarking opt_einsum expression ***
  #flops :          6699220992
  #bytes :          49158528
  arith. intensity: 136.28
  time (eval):      0.006054
  time (compile):   0.000161
  gflops (eval):    1106.55
  gflops (total):   1077.94
CSV_DATA: opt_einsum,torch,"iaje,bf,dcba,cigj,dh->hgfei","24,48,12,56,32,64,8,84,8,72","(1,2),(2,3),(0,1),(0,1)",FP32,6699220992,136.27790059132772,0.00016069412231445312,0.0060541629791259766,1106.5478440369225,1077.936448522253
*** input parameters ***
  einsum_str: iaje,bf,dcba,cigj,dh->hgfei
  dim_sizes:  24,48,12,56,32,64,8,84,8,72
  cont_path:  (1,2),(2,3),(0,1),(0,1)
  backend:    torch
  dtype:      FP32
*** benchmarking opt_einsum expression ***
  #flops :          6699220992
  #bytes :          49158528
  arith. intensity: 136.28
  time (eval):      0.005976
  time (compile):   0.000163
  gflops (eval):    1121.07
  gflops (total):   1091.33
CSV_DATA: opt_einsum,torch,"iaje,bf,dcba,cigj,dh->hgfei","24,48,12,56,32,64,8,84,8,72","(1,2),(2,3),(0,1),(0,1)",FP32,6699220992,136.27790059132772,0.0001628398895263672,0.0059757232666015625,1121.0728297011478,1091.3337244583668
*** input parameters ***
  einsum_str: iaje,bf,dcba,cigj,dh->hgfei
  dim_sizes:  24,48,12,56,32,64,8,84,8,72
  cont_path:  (1,2),(2,3),(0,1),(0,1)
  backend:    torch
  dtype:      FP32
*** benchmarking opt_einsum expression ***
  #flops :          6699220992
  #bytes :          49158528
  arith. intensity: 136.28
  time (eval):      0.005854
  time (compile):   0.000163
  gflops (eval):    1144.31
  gflops (total):   1113.34
CSV_DATA: opt_einsum,torch,"iaje,bf,dcba,cigj,dh->hgfei","24,48,12,56,32,64,8,84,8,72","(1,2),(2,3),(0,1),(0,1)",FP32,6699220992,136.27790059132772,0.0001628398895263672,0.005854368209838867,1144.3115212229513,1113.3437437051102
*** input parameters ***
  einsum_str: iaje,bf,dcba,cigj,dh->hgfei
  dim_sizes:  24,48,12,56,32,64,8,84,8,72
  cont_path:  (1,2),(2,3),(0,1),(0,1)
  backend:    torch
  dtype:      FP32
*** benchmarking opt_einsum expression ***
  #flops :          6699220992
  #bytes :          49158528
  arith. intensity: 136.28
  time (eval):      0.005712
  time (compile):   0.000162
  gflops (eval):    1172.92
  gflops (total):   1140.60
CSV_DATA: opt_einsum,torch,"iaje,bf,dcba,cigj,dh->hgfei","24,48,12,56,32,64,8,84,8,72","(1,2),(2,3),(0,1),(0,1)",FP32,6699220992,136.27790059132772,0.00016188621520996094,0.005711555480957031,1172.9240859755205,1140.5954700072891
*** input parameters ***
  einsum_str: iaje,bf,dcba,cigj,dh->hgfei
  dim_sizes:  24,48,12,56,32,64,8,84,8,72
  cont_path:  (1,2),(2,3),(0,1),(0,1)
  backend:    torch
  dtype:      FP32
*** benchmarking opt_einsum expression ***
  #flops :          6699220992
  #bytes :          49158528
  arith. intensity: 136.28
  time (eval):      0.005895
  time (compile):   0.000165
  gflops (eval):    1136.49
  gflops (total):   1105.63
CSV_DATA: opt_einsum,torch,"iaje,bf,dcba,cigj,dh->hgfei","24,48,12,56,32,64,8,84,8,72","(1,2),(2,3),(0,1),(0,1)",FP32,6699220992,136.27790059132772,0.00016450881958007812,0.005894660949707031,1136.4896215672857,1105.6334856232615
*** input parameters ***
  einsum_str: iaje,bf,dcba,cigj,dh->hgfei
  dim_sizes:  24,48,12,56,32,64,8,84,8,72
  cont_path:  (1,2),(2,3),(0,1),(0,1)
  backend:    torch
  dtype:      FP32
*** benchmarking opt_einsum expression ***
  #flops :          6699220992
  #bytes :          49158528
  arith. intensity: 136.28
  time (eval):      0.005958
  time (compile):   0.000163
  gflops (eval):    1124.48
  gflops (total):   1094.52
CSV_DATA: opt_einsum,torch,"iaje,bf,dcba,cigj,dh->hgfei","24,48,12,56,32,64,8,84,8,72","(1,2),(2,3),(0,1),(0,1)",FP32,6699220992,136.27790059132772,0.00016307830810546875,0.005957603454589844,1124.4825277585069,1094.5220241363963
*** input parameters ***
  einsum_str: iaje,bf,dcba,cigj,dh->hgfei
  dim_sizes:  24,48,12,56,32,64,8,84,8,72
  cont_path:  (1,2),(2,3),(0,1),(0,1)
  backend:    torch
  dtype:      FP32
*** benchmarking opt_einsum expression ***
  #flops :          6699220992
  #bytes :          49158528
  arith. intensity: 136.28
  time (eval):      0.005939
  time (compile):   0.000160
  gflops (eval):    1128.09
  gflops (total):   1098.42
CSV_DATA: opt_einsum,torch,"iaje,bf,dcba,cigj,dh->hgfei","24,48,12,56,32,64,8,84,8,72","(1,2),(2,3),(0,1),(0,1)",FP32,6699220992,136.27790059132772,0.00016045570373535156,0.005938529968261719,1128.0941626637855,1098.4155976556651
*** input parameters ***
  einsum_str: iaje,bf,dcba,cigj,dh->hgfei
  dim_sizes:  24,48,12,56,32,64,8,84,8,72
  cont_path:  (1,2),(2,3),(0,1),(0,1)
  backend:    torch
  dtype:      FP32
*** benchmarking opt_einsum expression ***
  #flops :          6699220992
  #bytes :          49158528
  arith. intensity: 136.28
  time (eval):      0.005942
  time (compile):   0.000159
  gflops (eval):    1127.37
  gflops (total):   1097.94
CSV_DATA: opt_einsum,torch,"iaje,bf,dcba,cigj,dh->hgfei","24,48,12,56,32,64,8,84,8,72","(1,2),(2,3),(0,1),(0,1)",FP32,6699220992,136.27790059132772,0.00015926361083984375,0.005942344665527344,1127.3699808870795,1097.943474665113
*** input parameters ***
  einsum_str: iaje,bf,dcba,cigj,dh->hgfei
  dim_sizes:  24,48,12,56,32,64,8,84,8,72
  cont_path:  (1,2),(2,3),(0,1),(0,1)
  backend:    torch
  dtype:      FP32
*** benchmarking opt_einsum expression ***
  #flops :          6699220992
  #bytes :          49158528
  arith. intensity: 136.28
  time (eval):      0.005733
  time (compile):   0.000158
  gflops (eval):    1168.49
  gflops (total):   1137.09
CSV_DATA: opt_einsum,torch,"iaje,bf,dcba,cigj,dh->hgfei","24,48,12,56,32,64,8,84,8,72","(1,2),(2,3),(0,1),(0,1)",FP32,6699220992,136.27790059132772,0.0001583099365234375,0.0057332515716552734,1168.4854411622891,1137.0875077345947
*** input parameters ***
  einsum_str: iaje,bf,dcba,cigj,dh->hgfei
  dim_sizes:  24,48,12,56,32,64,8,84,8,72
  cont_path:  (1,2),(2,3),(0,1),(0,1)
  backend:    torch
  dtype:      FP32
*** benchmarking opt_einsum expression ***
  #flops :          6699220992
  #bytes :          49158528
  arith. intensity: 136.28
  time (eval):      0.005872
  time (compile):   0.000160
  gflops (eval):    1140.83
  gflops (total):   1110.57
CSV_DATA: opt_einsum,torch,"iaje,bf,dcba,cigj,dh->hgfei","24,48,12,56,32,64,8,84,8,72","(1,2),(2,3),(0,1),(0,1)",FP32,6699220992,136.27790059132772,0.00015997886657714844,0.005872249603271484,1140.8270159817123,1110.5714953412737
*** input parameters ***
  einsum_str: iaje,bf,dcba,cigj,dh->hgfei
  dim_sizes:  24,48,12,56,32,64,8,84,8,72
  cont_path:  (1,2),(2,3),(0,1),(0,1)
  backend:    torch
  dtype:      FP32
*** benchmarking opt_einsum expression ***
  #flops :          6699220992
  #bytes :          49158528
  arith. intensity: 136.28
  time (eval):      0.005954
  time (compile):   0.000164
  gflops (eval):    1125.16
  gflops (total):   1094.99
CSV_DATA: opt_einsum,torch,"iaje,bf,dcba,cigj,dh->hgfei","24,48,12,56,32,64,8,84,8,72","(1,2),(2,3),(0,1),(0,1)",FP32,6699220992,136.27790059132772,0.000164031982421875,0.00595402717590332,1125.1579467276488,1094.9912085900617
*** input parameters ***
  einsum_str: iaje,bf,dcba,cigj,dh->hgfei
  dim_sizes:  24,48,12,56,32,64,8,84,8,72
  cont_path:  (1,2),(2,3),(0,1),(0,1)
  backend:    torch
  dtype:      FP32
*** benchmarking opt_einsum expression ***
  #flops :          6699220992
  #bytes :          49158528
  arith. intensity: 136.28
  time (eval):      0.005766
  time (compile):   0.000166
  gflops (eval):    1161.77
  gflops (total):   1129.23
CSV_DATA: opt_einsum,torch,"iaje,bf,dcba,cigj,dh->hgfei","24,48,12,56,32,64,8,84,8,72","(1,2),(2,3),(0,1),(0,1)",FP32,6699220992,136.27790059132772,0.00016617774963378906,0.005766391754150391,1161.770007592391,1129.227561131277
*** input parameters ***
  einsum_str: iaje,bf,dcba,cigj,dh->hgfei
  dim_sizes:  24,48,12,56,32,64,8,84,8,72
  cont_path:  (1,2),(2,3),(0,1),(0,1)
  backend:    torch
  dtype:      FP32
*** benchmarking opt_einsum expression ***
  #flops :          6699220992
  #bytes :          49158528
  arith. intensity: 136.28
  time (eval):      0.005681
  time (compile):   0.000156
  gflops (eval):    1179.32
  gflops (total):   1147.72
CSV_DATA: opt_einsum,torch,"iaje,bf,dcba,cigj,dh->hgfei","24,48,12,56,32,64,8,84,8,72","(1,2),(2,3),(0,1),(0,1)",FP32,6699220992,136.27790059132772,0.000156402587890625,0.005680561065673828,1179.323822867018,1147.723609330511
*** input parameters ***
  einsum_str: iaje,bf,dcba,cigj,dh->hgfei
  dim_sizes:  24,48,12,56,32,64,8,84,8,72
  cont_path:  (1,2),(2,3),(0,1),(0,1)
  backend:    torch
  dtype:      FP32
*** benchmarking opt_einsum expression ***
  #flops :          6699220992
  #bytes :          49158528
  arith. intensity: 136.28
  time (eval):      0.005823
  time (compile):   0.000172
  gflops (eval):    1150.40
  gflops (total):   1117.37
CSV_DATA: opt_einsum,torch,"iaje,bf,dcba,cigj,dh->hgfei","24,48,12,56,32,64,8,84,8,72","(1,2),(2,3),(0,1),(0,1)",FP32,6699220992,136.27790059132772,0.00017213821411132812,0.005823373794555664,1150.4020226665125,1117.3726251095386
*** input parameters ***
  einsum_str: iaje,bf,dcba,cigj,dh->hgfei
  dim_sizes:  24,48,12,56,32,64,8,84,8,72
  cont_path:  (1,2),(2,3),(0,1),(0,1)
  backend:    torch
  dtype:      FP32
*** benchmarking opt_einsum expression ***
  #flops :          6699220992
  #bytes :          49158528
  arith. intensity: 136.28
  time (eval):      0.005783
  time (compile):   0.000163
  gflops (eval):    1158.47
  gflops (total):   1126.69
CSV_DATA: opt_einsum,torch,"iaje,bf,dcba,cigj,dh->hgfei","24,48,12,56,32,64,8,84,8,72","(1,2),(2,3),(0,1),(0,1)",FP32,6699220992,136.27790059132772,0.00016307830810546875,0.0057828426361083984,1158.4650341632475,1126.691904391899
*** input parameters ***
  einsum_str: iaje,bf,dcba,cigj,dh->hgfei
  dim_sizes:  24,48,12,56,32,64,8,84,8,72
  cont_path:  (1,2),(2,3),(0,1),(0,1)
  backend:    torch
  dtype:      FP32
*** benchmarking opt_einsum expression ***
  #flops :          6699220992
  #bytes :          49158528
  arith. intensity: 136.28
  time (eval):      0.005787
  time (compile):   0.000165
  gflops (eval):    1157.65
  gflops (total):   1125.61
CSV_DATA: opt_einsum,torch,"iaje,bf,dcba,cigj,dh->hgfei","24,48,12,56,32,64,8,84,8,72","(1,2),(2,3),(0,1),(0,1)",FP32,6699220992,136.27790059132772,0.0001647472381591797,0.005786895751953125,1157.6536504461753,1125.6086769871238
*** input parameters ***
  einsum_str: iaje,bf,dcba,cigj,dh->hgfei
  dim_sizes:  24,48,12,56,32,64,8,84,8,72
  cont_path:  (1,2),(2,3),(0,1),(0,1)
  backend:    torch
  dtype:      FP32
*** benchmarking opt_einsum expression ***
  #flops :          6699220992
  #bytes :          49158528
  arith. intensity: 136.28
  time (eval):      0.005902
  time (compile):   0.000159
  gflops (eval):    1135.02
  gflops (total):   1105.20
CSV_DATA: opt_einsum,torch,"iaje,bf,dcba,cigj,dh->hgfei","24,48,12,56,32,64,8,84,8,72","(1,2),(2,3),(0,1),(0,1)",FP32,6699220992,136.27790059132772,0.00015926361083984375,0.005902290344238281,1135.0205769764732,1105.1986077576137
*** input parameters ***
  einsum_str: iaje,bf,dcba,cigj,dh->hgfei
  dim_sizes:  24,48,12,56,32,64,8,84,8,72
  cont_path:  (1,2),(2,3),(0,1),(0,1)
  backend:    torch
  dtype:      FP32
*** benchmarking opt_einsum expression ***
  #flops :          6699220992
  #bytes :          49158528
  arith. intensity: 136.28
  time (eval):      0.005890
  time (compile):   0.000163
  gflops (eval):    1137.41
  gflops (total):   1106.72
CSV_DATA: opt_einsum,torch,"iaje,bf,dcba,cigj,dh->hgfei","24,48,12,56,32,64,8,84,8,72","(1,2),(2,3),(0,1),(0,1)",FP32,6699220992,136.27790059132772,0.0001633167266845703,0.005889892578125,1137.4097070769742,1106.722179039331
*** input parameters ***
  einsum_str: iaje,bf,dcba,cigj,dh->hgfei
  dim_sizes:  24,48,12,56,32,64,8,84,8,72
  cont_path:  (1,2),(2,3),(0,1),(0,1)
  backend:    torch
  dtype:      FP32
*** benchmarking opt_einsum expression ***
  #flops :          6699220992
  #bytes :          49158528
  arith. intensity: 136.28
  time (eval):      0.005723
  time (compile):   0.000160
  gflops (eval):    1170.53
  gflops (total):   1138.75
CSV_DATA: opt_einsum,torch,"iaje,bf,dcba,cigj,dh->hgfei","24,48,12,56,32,64,8,84,8,72","(1,2),(2,3),(0,1),(0,1)",FP32,6699220992,136.27790059132772,0.00015974044799804688,0.005723237991333008,1170.5298647627399,1138.7464803902562
*** input parameters ***
  einsum_str: iaje,bf,dcba,cigj,dh->hgfei
  dim_sizes:  24,48,12,56,32,64,8,84,8,72
  cont_path:  (1,2),(2,3),(0,1),(0,1)
  backend:    torch
  dtype:      FP32
*** benchmarking opt_einsum expression ***
  #flops :          6699220992
  #bytes :          49158528
  arith. intensity: 136.28
  time (eval):      0.005824
  time (compile):   0.000161
  gflops (eval):    1150.21
  gflops (total):   1119.20
CSV_DATA: opt_einsum,torch,"iaje,bf,dcba,cigj,dh->hgfei","24,48,12,56,32,64,8,84,8,72","(1,2),(2,3),(0,1),(0,1)",FP32,6699220992,136.27790059132772,0.0001614093780517578,0.00582432746887207,1150.21365604935,1119.1973792571325
*** input parameters ***
  einsum_str: iaje,bf,dcba,cigj,dh->hgfei
  dim_sizes:  24,48,12,56,32,64,8,84,8,72
  cont_path:  (1,2),(2,3),(0,1),(0,1)
  backend:    torch
  dtype:      FP32
*** benchmarking opt_einsum expression ***
  #flops :          6699220992
  #bytes :          49158528
  arith. intensity: 136.28
  time (eval):      0.005816
  time (compile):   0.000156
  gflops (eval):    1151.82
  gflops (total):   1121.65
CSV_DATA: opt_einsum,torch,"iaje,bf,dcba,cigj,dh->hgfei","24,48,12,56,32,64,8,84,8,72","(1,2),(2,3),(0,1),(0,1)",FP32,6699220992,136.27790059132772,0.000156402587890625,0.005816221237182617,1151.816741284262,1121.6546007596332
*** input parameters ***
  einsum_str: iaje,bf,dcba,cigj,dh->hgfei
  dim_sizes:  24,48,12,56,32,64,8,84,8,72
  cont_path:  (1,2),(2,3),(0,1),(0,1)
  backend:    torch
  dtype:      FP32
*** benchmarking opt_einsum expression ***
  #flops :          6699220992
  #bytes :          49158528
  arith. intensity: 136.28
  time (eval):      0.005858
  time (compile):   0.000162
  gflops (eval):    1143.57
  gflops (total):   1112.73
CSV_DATA: opt_einsum,torch,"iaje,bf,dcba,cigj,dh->hgfei","24,48,12,56,32,64,8,84,8,72","(1,2),(2,3),(0,1),(0,1)",FP32,6699220992,136.27790059132772,0.00016236305236816406,0.005858182907104492,1143.5663751426305,1112.7264930947874
*** input parameters ***
  einsum_str: iaje,bf,dcba,cigj,dh->hgfei
  dim_sizes:  24,48,12,56,32,64,8,84,8,72
  cont_path:  (1,2),(2,3),(0,1),(0,1)
  backend:    torch
  dtype:      FP32
*** benchmarking opt_einsum expression ***
  #flops :          6699220992
  #bytes :          49158528
  arith. intensity: 136.28
  time (eval):      0.005892
  time (compile):   0.000165
  gflops (eval):    1137.00
  gflops (total):   1106.07
CSV_DATA: opt_einsum,torch,"iaje,bf,dcba,cigj,dh->hgfei","24,48,12,56,32,64,8,84,8,72","(1,2),(2,3),(0,1),(0,1)",FP32,6699220992,136.27790059132772,0.0001647472381591797,0.005892038345336914,1136.9954843050043,1106.0687058585092
*** input parameters ***
  einsum_str: iaje,bf,dcba,cigj,dh->hgfei
  dim_sizes:  24,48,12,56,32,64,8,84,8,72
  cont_path:  (1,2),(2,3),(0,1),(0,1)
  backend:    torch
  dtype:      FP32
*** benchmarking opt_einsum expression ***
  #flops :          6699220992
  #bytes :          49158528
  arith. intensity: 136.28
  time (eval):      0.006018
  time (compile):   0.000161
  gflops (eval):    1113.21
  gflops (total):   1084.22
CSV_DATA: opt_einsum,torch,"iaje,bf,dcba,cigj,dh->hgfei","24,48,12,56,32,64,8,84,8,72","(1,2),(2,3),(0,1),(0,1)",FP32,6699220992,136.27790059132772,0.0001609325408935547,0.006017923355102539,1113.2114180749402,1084.2170629583875
*** input parameters ***
  einsum_str: iaje,bf,dcba,cigj,dh->hgfei
  dim_sizes:  24,48,12,56,32,64,8,84,8,72
  cont_path:  (1,2),(2,3),(0,1),(0,1)
  backend:    torch
  dtype:      FP32
*** benchmarking opt_einsum expression ***
  #flops :          6699220992
  #bytes :          49158528
  arith. intensity: 136.28
  time (eval):      0.005748
  time (compile):   0.000154
  gflops (eval):    1165.43
  gflops (total):   1135.11
CSV_DATA: opt_einsum,torch,"iaje,bf,dcba,cigj,dh->hgfei","24,48,12,56,32,64,8,84,8,72","(1,2),(2,3),(0,1),(0,1)",FP32,6699220992,136.27790059132772,0.00015354156494140625,0.005748271942138672,1165.4321610796173,1135.1122809901256
*** input parameters ***
  einsum_str: iaje,bf,dcba,cigj,dh->hgfei
  dim_sizes:  24,48,12,56,32,64,8,84,8,72
  cont_path:  (1,2),(2,3),(0,1),(0,1)
  backend:    torch
  dtype:      FP32
*** benchmarking opt_einsum expression ***
  #flops :          6699220992
  #bytes :          49158528
  arith. intensity: 136.28
  time (eval):      0.005888
  time (compile):   0.000165
  gflops (eval):    1137.69
  gflops (total):   1106.64
CSV_DATA: opt_einsum,torch,"iaje,bf,dcba,cigj,dh->hgfei","24,48,12,56,32,64,8,84,8,72","(1,2),(2,3),(0,1),(0,1)",FP32,6699220992,136.27790059132772,0.0001652240753173828,0.005888462066650391,1137.6860233067282,1106.6350046721109
*** input parameters ***
  einsum_str: iaje,bf,dcba,cigj,dh->hgfei
  dim_sizes:  24,48,12,56,32,64,8,84,8,72
  cont_path:  (1,2),(2,3),(0,1),(0,1)
  backend:    torch
  dtype:      FP32
*** benchmarking opt_einsum expression ***
  #flops :          6699220992
  #bytes :          49158528
  arith. intensity: 136.28
  time (eval):      0.005748
  time (compile):   0.000163
  gflops (eval):    1165.53
  gflops (total):   1133.33
CSV_DATA: opt_einsum,torch,"iaje,bf,dcba,cigj,dh->hgfei","24,48,12,56,32,64,8,84,8,72","(1,2),(2,3),(0,1),(0,1)",FP32,6699220992,136.27790059132772,0.0001633167266845703,0.005747795104980469,1165.5288453471699,1133.326721398361
*** input parameters ***
  einsum_str: iaje,bf,dcba,cigj,dh->hgfei
  dim_sizes:  24,48,12,56,32,64,8,84,8,72
  cont_path:  (1,2),(2,3),(0,1),(0,1)
  backend:    torch
  dtype:      FP32
*** benchmarking opt_einsum expression ***
  #flops :          6699220992
  #bytes :          49158528
  arith. intensity: 136.28
  time (eval):      0.005847
  time (compile):   0.000167
  gflops (eval):    1145.80
  gflops (total):   1113.96
CSV_DATA: opt_einsum,torch,"iaje,bf,dcba,cigj,dh->hgfei","24,48,12,56,32,64,8,84,8,72","(1,2),(2,3),(0,1),(0,1)",FP32,6699220992,136.27790059132772,0.0001671314239501953,0.005846738815307617,1145.8047304012384,1113.9616794968906
*** input parameters ***
  einsum_str: iaje,bf,dcba,cigj,dh->hgfei
  dim_sizes:  24,48,12,56,32,64,8,84,8,72
  cont_path:  (1,2),(2,3),(0,1),(0,1)
  backend:    torch
  dtype:      FP32
*** benchmarking opt_einsum expression ***
  #flops :          6699220992
  #bytes :          49158528
  arith. intensity: 136.28
  time (eval):      0.005775
  time (compile):   0.000161
  gflops (eval):    1160.04
  gflops (total):   1128.64
CSV_DATA: opt_einsum,torch,"iaje,bf,dcba,cigj,dh->hgfei","24,48,12,56,32,64,8,84,8,72","(1,2),(2,3),(0,1),(0,1)",FP32,6699220992,136.27790059132772,0.00016069412231445312,0.005774974822998047,1160.0433244005271,1128.6379098501595
*** input parameters ***
  einsum_str: iaje,bf,dcba,cigj,dh->hgfei
  dim_sizes:  24,48,12,56,32,64,8,84,8,72
  cont_path:  (1,2),(2,3),(0,1),(0,1)
  backend:    torch
  dtype:      FP32
*** benchmarking opt_einsum expression ***
  #flops :          6699220992
  #bytes :          49158528
  arith. intensity: 136.28
  time (eval):      0.005742
  time (compile):   0.000161
  gflops (eval):    1166.74
  gflops (total):   1134.88
CSV_DATA: opt_einsum,torch,"iaje,bf,dcba,cigj,dh->hgfei","24,48,12,56,32,64,8,84,8,72","(1,2),(2,3),(0,1),(0,1)",FP32,6699220992,136.27790059132772,0.00016117095947265625,0.00574183464050293,1166.7387536282677,1134.883048734988
*** input parameters ***
  einsum_str: iaje,bf,dcba,cigj,dh->hgfei
  dim_sizes:  24,48,12,56,32,64,8,84,8,72
  cont_path:  (1,2),(2,3),(0,1),(0,1)
  backend:    torch
  dtype:      FP32
*** benchmarking opt_einsum expression ***
  #flops :          6699220992
  #bytes :          49158528
  arith. intensity: 136.28
  time (eval):      0.006016
  time (compile):   0.000162
  gflops (eval):    1113.52
  gflops (total):   1084.26
CSV_DATA: opt_einsum,torch,"iaje,bf,dcba,cigj,dh->hgfei","24,48,12,56,32,64,8,84,8,72","(1,2),(2,3),(0,1),(0,1)",FP32,6699220992,136.27790059132772,0.00016236305236816406,0.006016254425048828,1113.5202268221278,1084.2589003908768
*** input parameters ***
  einsum_str: iaje,bf,dcba,cigj,dh->hgfei
  dim_sizes:  24,48,12,56,32,64,8,84,8,72
  cont_path:  (1,2),(2,3),(0,1),(0,1)
  backend:    torch
  dtype:      FP32
*** benchmarking opt_einsum expression ***
  #flops :          6699220992
  #bytes :          49158528
  arith. intensity: 136.28
  time (eval):      0.005910
  time (compile):   0.000156
  gflops (eval):    1133.46
  gflops (total):   1104.24
CSV_DATA: opt_einsum,torch,"iaje,bf,dcba,cigj,dh->hgfei","24,48,12,56,32,64,8,84,8,72","(1,2),(2,3),(0,1),(0,1)",FP32,6699220992,136.27790059132772,0.000156402587890625,0.005910396575927734,1133.4638726756582,1104.2430796050292
*** input parameters ***
  einsum_str: iaje,bf,dcba,cigj,dh->hgfei
  dim_sizes:  24,48,12,56,32,64,8,84,8,72
  cont_path:  (1,2),(2,3),(0,1),(0,1)
  backend:    torch
  dtype:      FP32
*** benchmarking opt_einsum expression ***
  #flops :          6699220992
  #bytes :          49158528
  arith. intensity: 136.28
  time (eval):      0.005738
  time (compile):   0.000162
  gflops (eval):    1167.42
  gflops (total):   1135.39
CSV_DATA: opt_einsum,torch,"iaje,bf,dcba,cigj,dh->hgfei","24,48,12,56,32,64,8,84,8,72","(1,2),(2,3),(0,1),(0,1)",FP32,6699220992,136.27790059132772,0.00016188621520996094,0.005738496780395508,1167.4174001258702,1135.3874819633736
*** input parameters ***
  einsum_str: iaje,bf,dcba,cigj,dh->hgfei
  dim_sizes:  24,48,12,56,32,64,8,84,8,72
  cont_path:  (1,2),(2,3),(0,1),(0,1)
  backend:    torch
  dtype:      FP32
*** benchmarking opt_einsum expression ***
  #flops :          6699220992
  #bytes :          49158528
  arith. intensity: 136.28
  time (eval):      0.005820
  time (compile):   0.000165
  gflops (eval):    1151.16
  gflops (total):   1119.38
CSV_DATA: opt_einsum,torch,"iaje,bf,dcba,cigj,dh->hgfei","24,48,12,56,32,64,8,84,8,72","(1,2),(2,3),(0,1),(0,1)",FP32,6699220992,136.27790059132772,0.0001652240753173828,0.005819559097290039,1151.1561065029116,1119.3757231945492
*** input parameters ***
  einsum_str: iaje,bf,dcba,cigj,dh->hgfei
  dim_sizes:  24,48,12,56,32,64,8,84,8,72
  cont_path:  (1,2),(2,3),(0,1),(0,1)
  backend:    torch
  dtype:      FP32
*** benchmarking opt_einsum expression ***
  #flops :          6699220992
  #bytes :          49158528
  arith. intensity: 136.28
  time (eval):      0.005749
  time (compile):   0.000163
  gflops (eval):    1165.29
  gflops (total):   1133.19
CSV_DATA: opt_einsum,torch,"iaje,bf,dcba,cigj,dh->hgfei","24,48,12,56,32,64,8,84,8,72","(1,2),(2,3),(0,1),(0,1)",FP32,6699220992,136.27790059132772,0.0001628398895263672,0.0057489871978759766,1165.2871647505315,1133.1896033081775
*** input parameters ***
  einsum_str: iaje,bf,dcba,cigj,dh->hgfei
  dim_sizes:  24,48,12,56,32,64,8,84,8,72
  cont_path:  (1,2),(2,3),(0,1),(0,1)
  backend:    torch
  dtype:      FP32
*** benchmarking opt_einsum expression ***
  #flops :          6699220992
  #bytes :          49158528
  arith. intensity: 136.28
  time (eval):      0.005893
  time (compile):   0.000157
  gflops (eval):    1136.77
  gflops (total):   1107.25
CSV_DATA: opt_einsum,torch,"iaje,bf,dcba,cigj,dh->hgfei","24,48,12,56,32,64,8,84,8,72","(1,2),(2,3),(0,1),(0,1)",FP32,6699220992,136.27790059132772,0.0001571178436279297,0.005893230438232422,1136.7654908823356,1107.2455137971222
*** input parameters ***
  einsum_str: iaje,bf,dcba,cigj,dh->hgfei
  dim_sizes:  24,48,12,56,32,64,8,84,8,72
  cont_path:  (1,2),(2,3),(0,1),(0,1)
  backend:    torch
  dtype:      FP32
*** benchmarking opt_einsum expression ***
  #flops :          6699220992
  #bytes :          49158528
  arith. intensity: 136.28
  time (eval):      0.005648
  time (compile):   0.000164
  gflops (eval):    1186.04
  gflops (total):   1152.53
CSV_DATA: opt_einsum,torch,"iaje,bf,dcba,cigj,dh->hgfei","24,48,12,56,32,64,8,84,8,72","(1,2),(2,3),(0,1),(0,1)",FP32,6699220992,136.27790059132772,0.00016427040100097656,0.005648374557495117,1186.044042194486,1152.5254062194247
*** input parameters ***
  einsum_str: iaje,bf,dcba,cigj,dh->hgfei
  dim_sizes:  24,48,12,56,32,64,8,84,8,72
  cont_path:  (1,2),(2,3),(0,1),(0,1)
  backend:    torch
  dtype:      FP32
*** benchmarking opt_einsum expression ***
  #flops :          6699220992
  #bytes :          49158528
  arith. intensity: 136.28
  time (eval):      0.005769
  time (compile):   0.000164
  gflops (eval):    1161.34
  gflops (total):   1129.23
CSV_DATA: opt_einsum,torch,"iaje,bf,dcba,cigj,dh->hgfei","24,48,12,56,32,64,8,84,8,72","(1,2),(2,3),(0,1),(0,1)",FP32,6699220992,136.27790059132772,0.000164031982421875,0.005768537521362305,1161.3378550787177,1129.227561131277
*** input parameters ***
  einsum_str: iaje,bf,dcba,cigj,dh->hgfei
  dim_sizes:  24,48,12,56,32,64,8,84,8,72
  cont_path:  (1,2),(2,3),(0,1),(0,1)
  backend:    torch
  dtype:      FP32
*** benchmarking opt_einsum expression ***
  #flops :          6699220992
  #bytes :          49158528
  arith. intensity: 136.28
  time (eval):      0.005522
  time (compile):   0.000168
  gflops (eval):    1213.24
  gflops (total):   1177.50
CSV_DATA: opt_einsum,torch,"iaje,bf,dcba,cigj,dh->hgfei","24,48,12,56,32,64,8,84,8,72","(1,2),(2,3),(0,1),(0,1)",FP32,6699220992,136.27790059132772,0.00016760826110839844,0.0055217742919921875,1213.2370208821058,1177.4952605971407
*** input parameters ***
  einsum_str: iaje,bf,dcba,cigj,dh->hgfei
  dim_sizes:  24,48,12,56,32,64,8,84,8,72
  cont_path:  (1,2),(2,3),(0,1),(0,1)
  backend:    torch
  dtype:      FP32
*** benchmarking opt_einsum expression ***
  #flops :          6699220992
  #bytes :          49158528
  arith. intensity: 136.28
  time (eval):      0.005921
  time (compile):   0.000153
  gflops (eval):    1131.46
  gflops (total):   1102.99
CSV_DATA: opt_einsum,torch,"iaje,bf,dcba,cigj,dh->hgfei","24,48,12,56,32,64,8,84,8,72","(1,2),(2,3),(0,1),(0,1)",FP32,6699220992,136.27790059132772,0.00015282630920410156,0.005920886993408203,1131.455641605443,1102.986041359355
*** input parameters ***
  einsum_str: iaje,bf,dcba,cigj,dh->hgfei
  dim_sizes:  24,48,12,56,32,64,8,84,8,72
  cont_path:  (1,2),(2,3),(0,1),(0,1)
  backend:    torch
  dtype:      FP32
*** benchmarking opt_einsum expression ***
  #flops :          6699220992
  #bytes :          49158528
  arith. intensity: 136.28
  time (eval):      0.005685
  time (compile):   0.000168
  gflops (eval):    1178.48
  gflops (total):   1144.59
CSV_DATA: opt_einsum,torch,"iaje,bf,dcba,cigj,dh->hgfei","24,48,12,56,32,64,8,84,8,72","(1,2),(2,3),(0,1),(0,1)",FP32,6699220992,136.27790059132772,0.00016832351684570312,0.005684614181518555,1178.482967899575,1144.5912014187775
*** input parameters ***
  einsum_str: iaje,bf,dcba,cigj,dh->hgfei
  dim_sizes:  24,48,12,56,32,64,8,84,8,72
  cont_path:  (1,2),(2,3),(0,1),(0,1)
  backend:    torch
  dtype:      FP32
*** benchmarking opt_einsum expression ***
  #flops :          6699220992
  #bytes :          49158528
  arith. intensity: 136.28
  time (eval):      0.005984
  time (compile):   0.000164
  gflops (eval):    1119.51
  gflops (total):   1089.68
CSV_DATA: opt_einsum,torch,"iaje,bf,dcba,cigj,dh->hgfei","24,48,12,56,32,64,8,84,8,72","(1,2),(2,3),(0,1),(0,1)",FP32,6699220992,136.27790059132772,0.00016379356384277344,0.005984067916870117,1119.5095184521124,1089.683138277731
*** input parameters ***
  einsum_str: iaje,bf,dcba,cigj,dh->hgfei
  dim_sizes:  24,48,12,56,32,64,8,84,8,72
  cont_path:  (1,2),(2,3),(0,1),(0,1)
  backend:    torch
  dtype:      FP32
*** benchmarking opt_einsum expression ***
  #flops :          6699220992
  #bytes :          49158528
  arith. intensity: 136.28
  time (eval):      0.005811
  time (compile):   0.000166
  gflops (eval):    1152.81
  gflops (total):   1120.72
CSV_DATA: opt_einsum,torch,"iaje,bf,dcba,cigj,dh->hgfei","24,48,12,56,32,64,8,84,8,72","(1,2),(2,3),(0,1),(0,1)",FP32,6699220992,136.27790059132772,0.00016641616821289062,0.005811214447021484,1152.8091164203481,1120.715116609348
*** input parameters ***
  einsum_str: iaje,bf,dcba,cigj,dh->hgfei
  dim_sizes:  24,48,12,56,32,64,8,84,8,72
  cont_path:  (1,2),(2,3),(0,1),(0,1)
  backend:    torch
  dtype:      FP32
*** benchmarking opt_einsum expression ***
  #flops :          6699220992
  #bytes :          49158528
  arith. intensity: 136.28
  time (eval):      0.005861
  time (compile):   0.000158
  gflops (eval):    1142.96
  gflops (total):   1112.95
CSV_DATA: opt_einsum,torch,"iaje,bf,dcba,cigj,dh->hgfei","24,48,12,56,32,64,8,84,8,72","(1,2),(2,3),(0,1),(0,1)",FP32,6699220992,136.27790059132772,0.00015807151794433594,0.0058612823486328125,1142.9616581365756,1112.9468611569523
*** input parameters ***
  einsum_str: iaje,bf,dcba,cigj,dh->hgfei
  dim_sizes:  24,48,12,56,32,64,8,84,8,72
  cont_path:  (1,2),(2,3),(0,1),(0,1)
  backend:    torch
  dtype:      FP32
*** benchmarking opt_einsum expression ***
  #flops :          6699220992
  #bytes :          49158528
  arith. intensity: 136.28
  time (eval):      0.005824
  time (compile):   0.000162
  gflops (eval):    1150.26
  gflops (total):   1119.15
CSV_DATA: opt_einsum,torch,"iaje,bf,dcba,cigj,dh->hgfei","24,48,12,56,32,64,8,84,8,72","(1,2),(2,3),(0,1),(0,1)",FP32,6699220992,136.27790059132772,0.00016188621520996094,0.005824089050292969,1150.2607419203196,1119.1528021519723
*** input parameters ***
  einsum_str: iaje,bf,dcba,cigj,dh->hgfei
  dim_sizes:  24,48,12,56,32,64,8,84,8,72
  cont_path:  (1,2),(2,3),(0,1),(0,1)
  backend:    torch
  dtype:      FP32
*** benchmarking opt_einsum expression ***
  #flops :          6699220992
  #bytes :          49158528
  arith. intensity: 136.28
  time (eval):      0.005784
  time (compile):   0.000164
  gflops (eval):    1158.27
  gflops (total):   1126.33
CSV_DATA: opt_einsum,torch,"iaje,bf,dcba,cigj,dh->hgfei","24,48,12,56,32,64,8,84,8,72","(1,2),(2,3),(0,1),(0,1)",FP32,6699220992,136.27790059132772,0.000164031982421875,0.005783796310424805,1158.274018039885,1126.3305970108458
*** input parameters ***
  einsum_str: iaje,bf,dcba,cigj,dh->hgfei
  dim_sizes:  24,48,12,56,32,64,8,84,8,72
  cont_path:  (1,2),(2,3),(0,1),(0,1)
  backend:    torch
  dtype:      FP32
*** benchmarking opt_einsum expression ***
  #flops :          6699220992
  #bytes :          49158528
  arith. intensity: 136.28
  time (eval):      0.005852
  time (compile):   0.000164
  gflops (eval):    1144.87
  gflops (total):   1113.61
CSV_DATA: opt_einsum,torch,"iaje,bf,dcba,cigj,dh->hgfei","24,48,12,56,32,64,8,84,8,72","(1,2),(2,3),(0,1),(0,1)",FP32,6699220992,136.27790059132772,0.00016427040100097656,0.0058515071868896484,1144.8710183608187,1113.6084893638858
*** input parameters ***
  einsum_str: iaje,bf,dcba,cigj,dh->hgfei
  dim_sizes:  24,48,12,56,32,64,8,84,8,72
  cont_path:  (1,2),(2,3),(0,1),(0,1)
  backend:    torch
  dtype:      FP32
*** benchmarking opt_einsum expression ***
  #flops :          6699220992
  #bytes :          49158528
  arith. intensity: 136.28
  time (eval):      0.005814
  time (compile):   0.000161
  gflops (eval):    1152.24
  gflops (total):   1121.25
CSV_DATA: opt_einsum,torch,"iaje,bf,dcba,cigj,dh->hgfei","24,48,12,56,32,64,8,84,8,72","(1,2),(2,3),(0,1),(0,1)",FP32,6699220992,136.27790059132772,0.00016069412231445312,0.005814075469970703,1152.2418356282117,1121.2517718926404
*** input parameters ***
  einsum_str: iaje,bf,dcba,cigj,dh->hgfei
  dim_sizes:  24,48,12,56,32,64,8,84,8,72
  cont_path:  (1,2),(2,3),(0,1),(0,1)
  backend:    torch
  dtype:      FP32
*** benchmarking opt_einsum expression ***
  #flops :          6699220992
  #bytes :          49158528
  arith. intensity: 136.28
  time (eval):      0.005808
  time (compile):   0.000166
  gflops (eval):    1153.38
  gflops (total):   1121.30
CSV_DATA: opt_einsum,torch,"iaje,bf,dcba,cigj,dh->hgfei","24,48,12,56,32,64,8,84,8,72","(1,2),(2,3),(0,1),(0,1)",FP32,6699220992,136.27790059132772,0.00016617774963378906,0.005808353424072266,1153.3769560639344,1121.2965163665576
*** input parameters ***
  einsum_str: iaje,bf,dcba,cigj,dh->hgfei
  dim_sizes:  24,48,12,56,32,64,8,84,8,72
  cont_path:  (1,2),(2,3),(0,1),(0,1)
  backend:    torch
  dtype:      FP32
*** benchmarking opt_einsum expression ***
  #flops :          6699220992
  #bytes :          49158528
  arith. intensity: 136.28
  time (eval):      0.005895
  time (compile):   0.000163
  gflops (eval):    1136.49
  gflops (total):   1105.94
CSV_DATA: opt_einsum,torch,"iaje,bf,dcba,cigj,dh->hgfei","24,48,12,56,32,64,8,84,8,72","(1,2),(2,3),(0,1),(0,1)",FP32,6699220992,136.27790059132772,0.0001628398895263672,0.005894660949707031,1136.4896215672857,1105.9381038150734
*** input parameters ***
  einsum_str: iaje,bf,dcba,cigj,dh->hgfei
  dim_sizes:  24,48,12,56,32,64,8,84,8,72
  cont_path:  (1,2),(2,3),(0,1),(0,1)
  backend:    torch
  dtype:      FP32
*** benchmarking opt_einsum expression ***
  #flops :          6699220992
  #bytes :          49158528
  arith. intensity: 136.28
  time (eval):      0.005873
  time (compile):   0.000167
  gflops (eval):    1140.69
  gflops (total):   1109.21
CSV_DATA: opt_einsum,torch,"iaje,bf,dcba,cigj,dh->hgfei","24,48,12,56,32,64,8,84,8,72","(1,2),(2,3),(0,1),(0,1)",FP32,6699220992,136.27790059132772,0.0001666545867919922,0.005872964859008789,1140.6880771172641,1109.212435008273
*** input parameters ***
  einsum_str: iaje,bf,dcba,cigj,dh->hgfei
  dim_sizes:  24,48,12,56,32,64,8,84,8,72
  cont_path:  (1,2),(2,3),(0,1),(0,1)
  backend:    torch
  dtype:      FP32
*** benchmarking opt_einsum expression ***
  #flops :          6699220992
  #bytes :          49158528
  arith. intensity: 136.28
  time (eval):      0.005769
  time (compile):   0.000164
  gflops (eval):    1161.24
  gflops (total):   1129.18
CSV_DATA: opt_einsum,torch,"iaje,bf,dcba,cigj,dh->hgfei","24,48,12,56,32,64,8,84,8,72","(1,2),(2,3),(0,1),(0,1)",FP32,6699220992,136.27790059132772,0.00016379356384277344,0.005769014358520508,1161.2418648439714,1129.1821814671905
*** input parameters ***
  einsum_str: iaje,bf,dcba,cigj,dh->hgfei
  dim_sizes:  24,48,12,56,32,64,8,84,8,72
  cont_path:  (1,2),(2,3),(0,1),(0,1)
  backend:    torch
  dtype:      FP32
*** benchmarking opt_einsum expression ***
  #flops :          6699220992
  #bytes :          49158528
  arith. intensity: 136.28
  time (eval):      0.005814
  time (compile):   0.000163
  gflops (eval):    1152.29
  gflops (total):   1120.85
CSV_DATA: opt_einsum,torch,"iaje,bf,dcba,cigj,dh->hgfei","24,48,12,56,32,64,8,84,8,72","(1,2),(2,3),(0,1),(0,1)",FP32,6699220992,136.27790059132772,0.00016307830810546875,0.0058138370513916016,1152.2890877026684,1120.849232264134
*** input parameters ***
  einsum_str: iaje,bf,dcba,cigj,dh->hgfei
  dim_sizes:  24,48,12,56,32,64,8,84,8,72
  cont_path:  (1,2),(2,3),(0,1),(0,1)
  backend:    torch
  dtype:      FP32
*** benchmarking opt_einsum expression ***
  #flops :          6699220992
  #bytes :          49158528
  arith. intensity: 136.28
  time (eval):      0.005693
  time (compile):   0.000161
  gflops (eval):    1176.66
  gflops (total):   1144.36
CSV_DATA: opt_einsum,torch,"iaje,bf,dcba,cigj,dh->hgfei","24,48,12,56,32,64,8,84,8,72","(1,2),(2,3),(0,1),(0,1)",FP32,6699220992,136.27790059132772,0.00016069412231445312,0.0056934356689453125,1176.6570102022433,1144.3581250969116
*** input parameters ***
  einsum_str: iaje,bf,dcba,cigj,dh->hgfei
  dim_sizes:  24,48,12,56,32,64,8,84,8,72
  cont_path:  (1,2),(2,3),(0,1),(0,1)
  backend:    torch
  dtype:      FP32
*** benchmarking opt_einsum expression ***
  #flops :          6699220992
  #bytes :          49158528
  arith. intensity: 136.28
  time (eval):      0.005783
  time (compile):   0.000165
  gflops (eval):    1158.51
  gflops (total):   1126.38
CSV_DATA: opt_einsum,torch,"iaje,bf,dcba,cigj,dh->hgfei","24,48,12,56,32,64,8,84,8,72","(1,2),(2,3),(0,1),(0,1)",FP32,6699220992,136.27790059132772,0.00016498565673828125,0.005782604217529297,1158.5127980386562,1126.3757477603451
*** input parameters ***
  einsum_str: iaje,bf,dcba,cigj,dh->hgfei
  dim_sizes:  24,48,12,56,32,64,8,84,8,72
  cont_path:  (1,2),(2,3),(0,1),(0,1)
  backend:    torch
  dtype:      FP32
*** benchmarking opt_einsum expression ***
  #flops :          6699220992
  #bytes :          49158528
  arith. intensity: 136.28
  time (eval):      0.005894
  time (compile):   0.000169
  gflops (eval):    1136.67
  gflops (total):   1105.07
CSV_DATA: opt_einsum,torch,"iaje,bf,dcba,cigj,dh->hgfei","24,48,12,56,32,64,8,84,8,72","(1,2),(2,3),(0,1),(0,1)",FP32,6699220992,136.27790059132772,0.0001685619354248047,0.005893707275390625,1136.673519564303,1105.0682110996017
*** input parameters ***
  einsum_str: iaje,bf,dcba,cigj,dh->hgfei
  dim_sizes:  24,48,12,56,32,64,8,84,8,72
  cont_path:  (1,2),(2,3),(0,1),(0,1)
  backend:    torch
  dtype:      FP32
*** benchmarking opt_einsum expression ***
  #flops :          6699220992
  #bytes :          49158528
  arith. intensity: 136.28
  time (eval):      0.005594
  time (compile):   0.000162
  gflops (eval):    1197.47
  gflops (total):   1163.79
CSV_DATA: opt_einsum,torch,"iaje,bf,dcba,cigj,dh->hgfei","24,48,12,56,32,64,8,84,8,72","(1,2),(2,3),(0,1),(0,1)",FP32,6699220992,136.27790059132772,0.00016188621520996094,0.005594491958618164,1197.4672662957412,1163.7909792755786
*** input parameters ***
  einsum_str: iaje,bf,dcba,cigj,dh->hgfei
  dim_sizes:  24,48,12,56,32,64,8,84,8,72
  cont_path:  (1,2),(2,3),(0,1),(0,1)
  backend:    torch
  dtype:      FP32
*** benchmarking opt_einsum expression ***
  #flops :          6699220992
  #bytes :          49158528
  arith. intensity: 136.28
  time (eval):      0.005756
  time (compile):   0.000166
  gflops (eval):    1163.94
  gflops (total):   1131.36
CSV_DATA: opt_einsum,torch,"iaje,bf,dcba,cigj,dh->hgfei","24,48,12,56,32,64,8,84,8,72","(1,2),(2,3),(0,1),(0,1)",FP32,6699220992,136.27790059132772,0.00016570091247558594,0.00575566291809082,1163.9356034807824,1131.3645274452235
*** input parameters ***
  einsum_str: iaje,bf,dcba,cigj,dh->hgfei
  dim_sizes:  24,48,12,56,32,64,8,84,8,72
  cont_path:  (1,2),(2,3),(0,1),(0,1)
  backend:    torch
  dtype:      FP32
*** benchmarking opt_einsum expression ***
  #flops :          6699220992
  #bytes :          49158528
  arith. intensity: 136.28
  time (eval):      0.005792
  time (compile):   0.000160
  gflops (eval):    1156.65
  gflops (total):   1125.56
CSV_DATA: opt_einsum,torch,"iaje,bf,dcba,cigj,dh->hgfei","24,48,12,56,32,64,8,84,8,72","(1,2),(2,3),(0,1),(0,1)",FP32,6699220992,136.27790059132772,0.00015997886657714844,0.005791902542114258,1156.652920743818,1125.5635877114873
*** input parameters ***
  einsum_str: iaje,bf,dcba,cigj,dh->hgfei
  dim_sizes:  24,48,12,56,32,64,8,84,8,72
  cont_path:  (1,2),(2,3),(0,1),(0,1)
  backend:    torch
  dtype:      FP32
*** benchmarking opt_einsum expression ***
  #flops :          6699220992
  #bytes :          49158528
  arith. intensity: 136.28
  time (eval):      0.005579
  time (compile):   0.000168
  gflops (eval):    1200.74
  gflops (total):   1165.67
CSV_DATA: opt_einsum,torch,"iaje,bf,dcba,cigj,dh->hgfei","24,48,12,56,32,64,8,84,8,72","(1,2),(2,3),(0,1),(0,1)",FP32,6699220992,136.27790059132772,0.0001678466796875,0.005579233169555664,1200.7422504862857,1165.6739018307228
*** input parameters ***
  einsum_str: iaje,bf,dcba,cigj,dh->hgfei
  dim_sizes:  24,48,12,56,32,64,8,84,8,72
  cont_path:  (1,2),(2,3),(0,1),(0,1)
  backend:    torch
  dtype:      FP32
*** benchmarking opt_einsum expression ***
  #flops :          6699220992
  #bytes :          49158528
  arith. intensity: 136.28
  time (eval):      0.005713
  time (compile):   0.000161
  gflops (eval):    1172.68
  gflops (total):   1140.55
CSV_DATA: opt_einsum,torch,"iaje,bf,dcba,cigj,dh->hgfei","24,48,12,56,32,64,8,84,8,72","(1,2),(2,3),(0,1),(0,1)",FP32,6699220992,136.27790059132772,0.0001609325408935547,0.005712747573852539,1172.6793290609562,1140.5491720908253
*** input parameters ***
  einsum_str: iaje,bf,dcba,cigj,dh->hgfei
  dim_sizes:  24,48,12,56,32,64,8,84,8,72
  cont_path:  (1,2),(2,3),(0,1),(0,1)
  backend:    torch
  dtype:      FP32
*** benchmarking opt_einsum expression ***
  #flops :          6699220992
  #bytes :          49158528
  arith. intensity: 136.28
  time (eval):      0.005914
  time (compile):   0.000162
  gflops (eval):    1132.78
  gflops (total):   1102.60
CSV_DATA: opt_einsum,torch,"iaje,bf,dcba,cigj,dh->hgfei","24,48,12,56,32,64,8,84,8,72","(1,2),(2,3),(0,1),(0,1)",FP32,6699220992,136.27790059132772,0.00016188621520996094,0.005913972854614258,1132.7784480398939,1102.5965077550452
*** input parameters ***
  einsum_str: iaje,bf,dcba,cigj,dh->hgfei
  dim_sizes:  24,48,12,56,32,64,8,84,8,72
  cont_path:  (1,2),(2,3),(0,1),(0,1)
  backend:    torch
  dtype:      FP32
*** benchmarking opt_einsum expression ***
  #flops :          6699220992
  #bytes :          49158528
  arith. intensity: 136.28
  time (eval):      0.005926
  time (compile):   0.000157
  gflops (eval):    1130.45
  gflops (total):   1101.30
CSV_DATA: opt_einsum,torch,"iaje,bf,dcba,cigj,dh->hgfei","24,48,12,56,32,64,8,84,8,72","(1,2),(2,3),(0,1),(0,1)",FP32,6699220992,136.27790059132772,0.00015687942504882812,0.0059261322021484375,1130.4541922927895,1101.3000471752594
*** input parameters ***
  einsum_str: iaje,bf,dcba,cigj,dh->hgfei
  dim_sizes:  24,48,12,56,32,64,8,84,8,72
  cont_path:  (1,2),(2,3),(0,1),(0,1)
  backend:    torch
  dtype:      FP32
*** benchmarking opt_einsum expression ***
  #flops :          6699220992
  #bytes :          49158528
  arith. intensity: 136.28
  time (eval):      0.005820
  time (compile):   0.000169
  gflops (eval):    1151.16
  gflops (total):   1118.71
CSV_DATA: opt_einsum,torch,"iaje,bf,dcba,cigj,dh->hgfei","24,48,12,56,32,64,8,84,8,72","(1,2),(2,3),(0,1),(0,1)",FP32,6699220992,136.27790059132772,0.00016880035400390625,0.005819559097290039,1151.1561065029116,1118.7072263259772
*** input parameters ***
  einsum_str: iaje,bf,dcba,cigj,dh->hgfei
  dim_sizes:  24,48,12,56,32,64,8,84,8,72
  cont_path:  (1,2),(2,3),(0,1),(0,1)
  backend:    torch
  dtype:      FP32
*** benchmarking opt_einsum expression ***
  #flops :          6699220992
  #bytes :          49158528
  arith. intensity: 136.28
  time (eval):      0.005763
  time (compile):   0.000160
  gflops (eval):    1162.49
  gflops (total):   1131.05
CSV_DATA: opt_einsum,torch,"iaje,bf,dcba,cigj,dh->hgfei","24,48,12,56,32,64,8,84,8,72","(1,2),(2,3),(0,1),(0,1)",FP32,6699220992,136.27790059132772,0.00016021728515625,0.005762815475463867,1162.4909769405308,1131.0457434138216
*** input parameters ***
  einsum_str: iaje,bf,dcba,cigj,dh->hgfei
  dim_sizes:  24,48,12,56,32,64,8,84,8,72
  cont_path:  (1,2),(2,3),(0,1),(0,1)
  backend:    torch
  dtype:      FP32
*** benchmarking opt_einsum expression ***
  #flops :          6699220992
  #bytes :          49158528
  arith. intensity: 136.28
  time (eval):      0.005838
  time (compile):   0.000163
  gflops (eval):    1147.44
  gflops (total):   1116.22
CSV_DATA: opt_einsum,torch,"iaje,bf,dcba,cigj,dh->hgfei","24,48,12,56,32,64,8,84,8,72","(1,2),(2,3),(0,1),(0,1)",FP32,6699220992,136.27790059132772,0.0001633167266845703,0.0058383941650390625,1147.4423964239452,1116.2185438219349
*** input parameters ***
  einsum_str: iaje,bf,dcba,cigj,dh->hgfei
  dim_sizes:  24,48,12,56,32,64,8,84,8,72
  cont_path:  (1,2),(2,3),(0,1),(0,1)
  backend:    torch
  dtype:      FP32
*** benchmarking opt_einsum expression ***
  #flops :          6699220992
  #bytes :          49158528
  arith. intensity: 136.28
  time (eval):      0.005972
  time (compile):   0.000160
  gflops (eval):    1121.74
  gflops (total):   1092.39
CSV_DATA: opt_einsum,torch,"iaje,bf,dcba,cigj,dh->hgfei","24,48,12,56,32,64,8,84,8,72","(1,2),(2,3),(0,1),(0,1)",FP32,6699220992,136.27790059132772,0.00016045570373535156,0.005972146987915039,1121.744157596294,1092.394425146939
*** input parameters ***
  einsum_str: iaje,bf,dcba,cigj,dh->hgfei
  dim_sizes:  24,48,12,56,32,64,8,84,8,72
  cont_path:  (1,2),(2,3),(0,1),(0,1)
  backend:    torch
  dtype:      FP32
*** benchmarking opt_einsum expression ***
  #flops :          6699220992
  #bytes :          49158528
  arith. intensity: 136.28
  time (eval):      0.005729
  time (compile):   0.000164
  gflops (eval):    1169.31
  gflops (total):   1136.86
CSV_DATA: opt_einsum,torch,"iaje,bf,dcba,cigj,dh->hgfei","24,48,12,56,32,64,8,84,8,72","(1,2),(2,3),(0,1),(0,1)",FP32,6699220992,136.27790059132772,0.00016355514526367188,0.005729198455810547,1169.3120850449259,1136.8574770848668
*** input parameters ***
  einsum_str: iaje,bf,dcba,cigj,dh->hgfei
  dim_sizes:  24,48,12,56,32,64,8,84,8,72
  cont_path:  (1,2),(2,3),(0,1),(0,1)
  backend:    torch
  dtype:      FP32
*** benchmarking opt_einsum expression ***
  #flops :          6699220992
  #bytes :          49158528
  arith. intensity: 136.28
  time (eval):      0.005773
  time (compile):   0.000165
  gflops (eval):    1160.52
  gflops (total):   1128.28
CSV_DATA: opt_einsum,torch,"iaje,bf,dcba,cigj,dh->hgfei","24,48,12,56,32,64,8,84,8,72","(1,2),(2,3),(0,1),(0,1)",FP32,6699220992,136.27790059132772,0.00016498565673828125,0.005772590637207031,1160.5224435663956,1128.275353502633
*** input parameters ***
  einsum_str: iaje,bf,dcba,cigj,dh->hgfei
  dim_sizes:  24,48,12,56,32,64,8,84,8,72
  cont_path:  (1,2),(2,3),(0,1),(0,1)
  backend:    torch
  dtype:      FP32
*** benchmarking opt_einsum expression ***
  #flops :          6699220992
  #bytes :          49158528
  arith. intensity: 136.28
  time (eval):      0.005587
  time (compile):   0.000164
  gflops (eval):    1199.05
  gflops (total):   1164.85
CSV_DATA: opt_einsum,torch,"iaje,bf,dcba,cigj,dh->hgfei","24,48,12,56,32,64,8,84,8,72","(1,2),(2,3),(0,1),(0,1)",FP32,6699220992,136.27790059132772,0.000164031982421875,0.005587100982666016,1199.0513528902266,1164.8523921577635
*** input parameters ***
  einsum_str: iaje,bf,dcba,cigj,dh->hgfei
  dim_sizes:  24,48,12,56,32,64,8,84,8,72
  cont_path:  (1,2),(2,3),(0,1),(0,1)
  backend:    torch
  dtype:      FP32
*** benchmarking opt_einsum expression ***
  #flops :          6699220992
  #bytes :          49158528
  arith. intensity: 136.28
  time (eval):      0.005808
  time (compile):   0.000158
  gflops (eval):    1153.42
  gflops (total):   1122.95
CSV_DATA: opt_einsum,torch,"iaje,bf,dcba,cigj,dh->hgfei","24,48,12,56,32,64,8,84,8,72","(1,2),(2,3),(0,1),(0,1)",FP32,6699220992,136.27790059132772,0.0001575946807861328,0.005808115005493164,1153.4243012860543,1122.9545761181987
*** input parameters ***
  einsum_str: iaje,bf,dcba,cigj,dh->hgfei
  dim_sizes:  24,48,12,56,32,64,8,84,8,72
  cont_path:  (1,2),(2,3),(0,1),(0,1)
  backend:    torch
  dtype:      FP32
*** benchmarking opt_einsum expression ***
  #flops :          6699220992
  #bytes :          49158528
  arith. intensity: 136.28
  time (eval):      0.005441
  time (compile):   0.000161
  gflops (eval):    1231.26
  gflops (total):   1195.79
CSV_DATA: opt_einsum,torch,"iaje,bf,dcba,cigj,dh->hgfei","24,48,12,56,32,64,8,84,8,72","(1,2),(2,3),(0,1),(0,1)",FP32,6699220992,136.27790059132772,0.0001614093780517578,0.005440950393676758,1231.2593402405491,1195.7855733947385
*** input parameters ***
  einsum_str: iaje,bf,dcba,cigj,dh->hgfei
  dim_sizes:  24,48,12,56,32,64,8,84,8,72
  cont_path:  (1,2),(2,3),(0,1),(0,1)
  backend:    torch
  dtype:      FP32
*** benchmarking opt_einsum expression ***
  #flops :          6699220992
  #bytes :          49158528
  arith. intensity: 136.28
  time (eval):      0.005658
  time (compile):   0.000164
  gflops (eval):    1184.04
  gflops (total):   1150.64
CSV_DATA: opt_einsum,torch,"iaje,bf,dcba,cigj,dh->hgfei","24,48,12,56,32,64,8,84,8,72","(1,2),(2,3),(0,1),(0,1)",FP32,6699220992,136.27790059132772,0.00016427040100097656,0.00565791130065918,1184.0448950162054,1150.6375677161986
*** input parameters ***
  einsum_str: iaje,bf,dcba,cigj,dh->hgfei
  dim_sizes:  24,48,12,56,32,64,8,84,8,72
  cont_path:  (1,2),(2,3),(0,1),(0,1)
  backend:    torch
  dtype:      FP32
*** benchmarking opt_einsum expression ***
  #flops :          6699220992
  #bytes :          49158528
  arith. intensity: 136.28
  time (eval):      0.005797
  time (compile):   0.000166
  gflops (eval):    1155.65
  gflops (total):   1123.40
CSV_DATA: opt_einsum,torch,"iaje,bf,dcba,cigj,dh->hgfei","24,48,12,56,32,64,8,84,8,72","(1,2),(2,3),(0,1),(0,1)",FP32,6699220992,136.27790059132772,0.00016641616821289062,0.005796909332275391,1155.6539197018,1123.4035424448093
*** input parameters ***
  einsum_str: iaje,bf,dcba,cigj,dh->hgfei
  dim_sizes:  24,48,12,56,32,64,8,84,8,72
  cont_path:  (1,2),(2,3),(0,1),(0,1)
  backend:    torch
  dtype:      FP32
*** benchmarking opt_einsum expression ***
  #flops :          6699220992
  #bytes :          49158528
  arith. intensity: 136.28
  time (eval):      0.005754
  time (compile):   0.000158
  gflops (eval):    1164.18
  gflops (total):   1133.10
CSV_DATA: opt_einsum,torch,"iaje,bf,dcba,cigj,dh->hgfei","24,48,12,56,32,64,8,84,8,72","(1,2),(2,3),(0,1),(0,1)",FP32,6699220992,136.27790059132772,0.00015783309936523438,0.0057544708251953125,1164.1767237168367,1133.098209679392
*** input parameters ***
  einsum_str: iaje,bf,dcba,cigj,dh->hgfei
  dim_sizes:  24,48,12,56,32,64,8,84,8,72
  cont_path:  (1,2),(2,3),(0,1),(0,1)
  backend:    torch
  dtype:      FP32
*** benchmarking opt_einsum expression ***
  #flops :          6699220992
  #bytes :          49158528
  arith. intensity: 136.28
  time (eval):      0.005894
  time (compile):   0.000164
  gflops (eval):    1136.67
  gflops (total):   1105.94
CSV_DATA: opt_einsum,torch,"iaje,bf,dcba,cigj,dh->hgfei","24,48,12,56,32,64,8,84,8,72","(1,2),(2,3),(0,1),(0,1)",FP32,6699220992,136.27790059132772,0.00016379356384277344,0.005893707275390625,1136.673519564303,1105.9381038150734
*** input parameters ***
  einsum_str: iaje,bf,dcba,cigj,dh->hgfei
  dim_sizes:  24,48,12,56,32,64,8,84,8,72
  cont_path:  (1,2),(2,3),(0,1),(0,1)
  backend:    torch
  dtype:      FP32
*** benchmarking opt_einsum expression ***
  #flops :          6699220992
  #bytes :          49158528
  arith. intensity: 136.28
  time (eval):      0.005592
  time (compile):   0.000163
  gflops (eval):    1198.03
  gflops (total):   1164.08
CSV_DATA: opt_einsum,torch,"iaje,bf,dcba,cigj,dh->hgfei","24,48,12,56,32,64,8,84,8,72","(1,2),(2,3),(0,1),(0,1)",FP32,6699220992,136.27790059132772,0.00016307830810546875,0.005591869354248047,1198.0288822217774,1164.080263635329
*** input parameters ***
  einsum_str: iaje,bf,dcba,cigj,dh->hgfei
  dim_sizes:  24,48,12,56,32,64,8,84,8,72
  cont_path:  (1,2),(2,3),(0,1),(0,1)
  backend:    torch
  dtype:      FP32
*** benchmarking opt_einsum expression ***
  #flops :          6699220992
  #bytes :          49158528
  arith. intensity: 136.28
  time (eval):      0.005831
  time (compile):   0.000165
  gflops (eval):    1148.90
  gflops (total):   1117.28
CSV_DATA: opt_einsum,torch,"iaje,bf,dcba,cigj,dh->hgfei","24,48,12,56,32,64,8,84,8,72","(1,2),(2,3),(0,1),(0,1)",FP32,6699220992,136.27790059132772,0.00016498565673828125,0.005831003189086914,1148.8968149662498,1117.2837649063408
*** input parameters ***
  einsum_str: iaje,bf,dcba,cigj,dh->hgfei
  dim_sizes:  24,48,12,56,32,64,8,84,8,72
  cont_path:  (1,2),(2,3),(0,1),(0,1)
  backend:    torch
  dtype:      FP32
*** benchmarking opt_einsum expression ***
  #flops :          6699220992
  #bytes :          49158528
  arith. intensity: 136.28
  time (eval):      0.005764
  time (compile):   0.000164
  gflops (eval):    1162.35
  gflops (total):   1130.27
CSV_DATA: opt_einsum,torch,"iaje,bf,dcba,cigj,dh->hgfei","24,48,12,56,32,64,8,84,8,72","(1,2),(2,3),(0,1),(0,1)",FP32,6699220992,136.27790059132772,0.00016355514526367188,0.005763530731201172,1162.3467114929085,1130.2723010309562
*** input parameters ***
  einsum_str: iaje,bf,dcba,cigj,dh->hgfei
  dim_sizes:  24,48,12,56,32,64,8,84,8,72
  cont_path:  (1,2),(2,3),(0,1),(0,1)
  backend:    torch
  dtype:      FP32
*** benchmarking opt_einsum expression ***
  #flops :          6699220992
  #bytes :          49158528
  arith. intensity: 136.28
  time (eval):      0.005692
  time (compile):   0.000167
  gflops (eval):    1177.05
  gflops (total):   1143.57
CSV_DATA: opt_einsum,torch,"iaje,bf,dcba,cigj,dh->hgfei","24,48,12,56,32,64,8,84,8,72","(1,2),(2,3),(0,1),(0,1)",FP32,6699220992,136.27790059132772,0.0001666545867919922,0.0056915283203125,1177.0513322566007,1143.5663751426305
*** input parameters ***
  einsum_str: iaje,bf,dcba,cigj,dh->hgfei
  dim_sizes:  24,48,12,56,32,64,8,84,8,72
  cont_path:  (1,2),(2,3),(0,1),(0,1)
  backend:    torch
  dtype:      FP32
*** benchmarking opt_einsum expression ***
  #flops :          6699220992
  #bytes :          49158528
  arith. intensity: 136.28
  time (eval):      0.005896
  time (compile):   0.000165
  gflops (eval):    1136.31
  gflops (total):   1105.33
CSV_DATA: opt_einsum,torch,"iaje,bf,dcba,cigj,dh->hgfei","24,48,12,56,32,64,8,84,8,72","(1,2),(2,3),(0,1),(0,1)",FP32,6699220992,136.27790059132772,0.0001652240753173828,0.0058956146240234375,1136.3057830649293,1105.3290351925405
*** input parameters ***
  einsum_str: iaje,bf,dcba,cigj,dh->hgfei
  dim_sizes:  24,48,12,56,32,64,8,84,8,72
  cont_path:  (1,2),(2,3),(0,1),(0,1)
  backend:    torch
  dtype:      FP32
*** benchmarking opt_einsum expression ***
  #flops :          6699220992
  #bytes :          49158528
  arith. intensity: 136.28
  time (eval):      0.005794
  time (compile):   0.000170
  gflops (eval):    1156.22
  gflops (total):   1123.31
CSV_DATA: opt_einsum,torch,"iaje,bf,dcba,cigj,dh->hgfei","24,48,12,56,32,64,8,84,8,72","(1,2),(2,3),(0,1),(0,1)",FP32,6699220992,136.27790059132772,0.0001697540283203125,0.005794048309326172,1156.2245660287042,1123.3137204617242
