[fedora@ip-172-31-40-233 trn]$ lstopo 
Machine (188GB total)
  Package L#0
    NUMANode L#0 (P#0 188GB)
    L3 L#0 (105MB)
      L2 L#0 (2048KB) + L1d L#0 (48KB) + L1i L#0 (32KB) + Core L#0
        PU L#0 (P#0)
        PU L#1 (P#48)
      L2 L#1 (2048KB) + L1d L#1 (48KB) + L1i L#1 (32KB) + Core L#1
        PU L#2 (P#1)
        PU L#3 (P#49)
      L2 L#2 (2048KB) + L1d L#2 (48KB) + L1i L#2 (32KB) + Core L#2
        PU L#4 (P#2)
        PU L#5 (P#50)
      L2 L#3 (2048KB) + L1d L#3 (48KB) + L1i L#3 (32KB) + Core L#3
        PU L#6 (P#3)
        PU L#7 (P#51)
      L2 L#4 (2048KB) + L1d L#4 (48KB) + L1i L#4 (32KB) + Core L#4
        PU L#8 (P#4)
        PU L#9 (P#52)
      L2 L#5 (2048KB) + L1d L#5 (48KB) + L1i L#5 (32KB) + Core L#5
        PU L#10 (P#5)
        PU L#11 (P#53)
      L2 L#6 (2048KB) + L1d L#6 (48KB) + L1i L#6 (32KB) + Core L#6
        PU L#12 (P#6)
        PU L#13 (P#54)
      L2 L#7 (2048KB) + L1d L#7 (48KB) + L1i L#7 (32KB) + Core L#7
        PU L#14 (P#7)
        PU L#15 (P#55)
      L2 L#8 (2048KB) + L1d L#8 (48KB) + L1i L#8 (32KB) + Core L#8
        PU L#16 (P#8)
        PU L#17 (P#56)
      L2 L#9 (2048KB) + L1d L#9 (48KB) + L1i L#9 (32KB) + Core L#9
        PU L#18 (P#9)
        PU L#19 (P#57)
      L2 L#10 (2048KB) + L1d L#10 (48KB) + L1i L#10 (32KB) + Core L#10
        PU L#20 (P#10)
        PU L#21 (P#58)
      L2 L#11 (2048KB) + L1d L#11 (48KB) + L1i L#11 (32KB) + Core L#11
        PU L#22 (P#11)
        PU L#23 (P#59)
      L2 L#12 (2048KB) + L1d L#12 (48KB) + L1i L#12 (32KB) + Core L#12
        PU L#24 (P#12)
        PU L#25 (P#60)
      L2 L#13 (2048KB) + L1d L#13 (48KB) + L1i L#13 (32KB) + Core L#13
        PU L#26 (P#13)
        PU L#27 (P#61)
      L2 L#14 (2048KB) + L1d L#14 (48KB) + L1i L#14 (32KB) + Core L#14
        PU L#28 (P#14)
        PU L#29 (P#62)
      L2 L#15 (2048KB) + L1d L#15 (48KB) + L1i L#15 (32KB) + Core L#15
        PU L#30 (P#15)
        PU L#31 (P#63)
      L2 L#16 (2048KB) + L1d L#16 (48KB) + L1i L#16 (32KB) + Core L#16
        PU L#32 (P#16)
        PU L#33 (P#64)
      L2 L#17 (2048KB) + L1d L#17 (48KB) + L1i L#17 (32KB) + Core L#17
        PU L#34 (P#17)
        PU L#35 (P#65)
      L2 L#18 (2048KB) + L1d L#18 (48KB) + L1i L#18 (32KB) + Core L#18
        PU L#36 (P#18)
        PU L#37 (P#66)
      L2 L#19 (2048KB) + L1d L#19 (48KB) + L1i L#19 (32KB) + Core L#19
        PU L#38 (P#19)
        PU L#39 (P#67)
      L2 L#20 (2048KB) + L1d L#20 (48KB) + L1i L#20 (32KB) + Core L#20
        PU L#40 (P#20)
        PU L#41 (P#68)
      L2 L#21 (2048KB) + L1d L#21 (48KB) + L1i L#21 (32KB) + Core L#21
        PU L#42 (P#21)
        PU L#43 (P#69)
      L2 L#22 (2048KB) + L1d L#22 (48KB) + L1i L#22 (32KB) + Core L#22
        PU L#44 (P#22)
        PU L#45 (P#70)
      L2 L#23 (2048KB) + L1d L#23 (48KB) + L1i L#23 (32KB) + Core L#23
        PU L#46 (P#23)
        PU L#47 (P#71)
      L2 L#24 (2048KB) + L1d L#24 (48KB) + L1i L#24 (32KB) + Core L#24
        PU L#48 (P#24)
        PU L#49 (P#72)
      L2 L#25 (2048KB) + L1d L#25 (48KB) + L1i L#25 (32KB) + Core L#25
        PU L#50 (P#25)
        PU L#51 (P#73)
      L2 L#26 (2048KB) + L1d L#26 (48KB) + L1i L#26 (32KB) + Core L#26
        PU L#52 (P#26)
        PU L#53 (P#74)
      L2 L#27 (2048KB) + L1d L#27 (48KB) + L1i L#27 (32KB) + Core L#27
        PU L#54 (P#27)
        PU L#55 (P#75)
      L2 L#28 (2048KB) + L1d L#28 (48KB) + L1i L#28 (32KB) + Core L#28
        PU L#56 (P#28)
        PU L#57 (P#76)
      L2 L#29 (2048KB) + L1d L#29 (48KB) + L1i L#29 (32KB) + Core L#29
        PU L#58 (P#29)
        PU L#59 (P#77)
      L2 L#30 (2048KB) + L1d L#30 (48KB) + L1i L#30 (32KB) + Core L#30
        PU L#60 (P#30)
        PU L#61 (P#78)
      L2 L#31 (2048KB) + L1d L#31 (48KB) + L1i L#31 (32KB) + Core L#31
        PU L#62 (P#31)
        PU L#63 (P#79)
      L2 L#32 (2048KB) + L1d L#32 (48KB) + L1i L#32 (32KB) + Core L#32
        PU L#64 (P#32)
        PU L#65 (P#80)
      L2 L#33 (2048KB) + L1d L#33 (48KB) + L1i L#33 (32KB) + Core L#33
        PU L#66 (P#33)
        PU L#67 (P#81)
      L2 L#34 (2048KB) + L1d L#34 (48KB) + L1i L#34 (32KB) + Core L#34
        PU L#68 (P#34)
        PU L#69 (P#82)
      L2 L#35 (2048KB) + L1d L#35 (48KB) + L1i L#35 (32KB) + Core L#35
        PU L#70 (P#35)
        PU L#71 (P#83)
      L2 L#36 (2048KB) + L1d L#36 (48KB) + L1i L#36 (32KB) + Core L#36
        PU L#72 (P#36)
        PU L#73 (P#84)
      L2 L#37 (2048KB) + L1d L#37 (48KB) + L1i L#37 (32KB) + Core L#37
        PU L#74 (P#37)
        PU L#75 (P#85)
      L2 L#38 (2048KB) + L1d L#38 (48KB) + L1i L#38 (32KB) + Core L#38
        PU L#76 (P#38)
        PU L#77 (P#86)
      L2 L#39 (2048KB) + L1d L#39 (48KB) + L1i L#39 (32KB) + Core L#39
        PU L#78 (P#39)
        PU L#79 (P#87)
      L2 L#40 (2048KB) + L1d L#40 (48KB) + L1i L#40 (32KB) + Core L#40
        PU L#80 (P#40)
        PU L#81 (P#88)
      L2 L#41 (2048KB) + L1d L#41 (48KB) + L1i L#41 (32KB) + Core L#41
        PU L#82 (P#41)
        PU L#83 (P#89)
      L2 L#42 (2048KB) + L1d L#42 (48KB) + L1i L#42 (32KB) + Core L#42
        PU L#84 (P#42)
        PU L#85 (P#90)
      L2 L#43 (2048KB) + L1d L#43 (48KB) + L1i L#43 (32KB) + Core L#43
        PU L#86 (P#43)
        PU L#87 (P#91)
      L2 L#44 (2048KB) + L1d L#44 (48KB) + L1i L#44 (32KB) + Core L#44
        PU L#88 (P#44)
        PU L#89 (P#92)
      L2 L#45 (2048KB) + L1d L#45 (48KB) + L1i L#45 (32KB) + Core L#45
        PU L#90 (P#45)
        PU L#91 (P#93)
      L2 L#46 (2048KB) + L1d L#46 (48KB) + L1i L#46 (32KB) + Core L#46
        PU L#92 (P#46)
        PU L#93 (P#94)
      L2 L#47 (2048KB) + L1d L#47 (48KB) + L1i L#47 (32KB) + Core L#47
        PU L#94 (P#47)
        PU L#95 (P#95)
  HostBridge
    PCI 00:17.0 (SATA)
  HostBridge
    PCIBridge
      PCIBridge
        PCIBridge
          PCI 0a:00.0 (NVMExp)
            Block(Disk) "nvme0n1"
        PCIBridge
          PCI 32:00.0 (Ethernet)
            Net "ens41"
  HostBridge
    PCI e8:00.0 (Co-Processor)
  HostBridge
    PCI ea:00.0 (Co-Processor)
  HostBridge
    PCI ed:00.0 (Co-Processor)
  HostBridge
    PCI ef:00.0 (Co-Processor)
  HostBridge
    PCI f2:00.0 (Co-Processor)
  HostBridge
    PCI f4:00.0 (Co-Processor)
  HostBridge
    PCI f7:00.0 (Co-Processor)
  HostBridge
    PCI f9:00.0 (Co-Processor)

[fedora@ip-172-31-40-233 trn]$ sudo dmidecode --type memory
# dmidecode 3.6
Getting SMBIOS data from sysfs.
SMBIOS 3.2 present.

Handle 0x0011, DMI type 16, 23 bytes
Physical Memory Array
	Location: System Board Or Motherboard
	Use: System Memory
	Error Correction Type: Single-bit ECC
	Maximum Capacity: 12 TB
	Error Information Handle: Not Provided
	Number Of Devices: 32

Handle 0x0012, DMI type 17, 92 bytes
Memory Device
	Array Handle: 0x0011
	Error Information Handle: Not Provided
	Total Width: Unknown
	Data Width: Unknown
	Size: No Module Installed
	Form Factor: DIMM
	Set: None
	Locator: CPU0 CH0 D0
	Bank Locator: NODE 4
	Type: Unknown
	Type Detail: Unknown Synchronous

Handle 0x0013, DMI type 17, 92 bytes
Memory Device
	Array Handle: 0x0011
	Error Information Handle: Not Provided
	Total Width: Unknown
	Data Width: Unknown
	Size: No Module Installed
	Form Factor: DIMM
	Set: None
	Locator: CPU0 CH0 D1
	Bank Locator: NODE 4
	Type: Unknown
	Type Detail: Unknown Synchronous

Handle 0x0014, DMI type 17, 92 bytes
Memory Device
	Array Handle: 0x0011
	Error Information Handle: Not Provided
	Total Width: Unknown
	Data Width: Unknown
	Size: No Module Installed
	Form Factor: DIMM
	Set: None
	Locator: CPU0 CH1 D0
	Bank Locator: NODE 4
	Type: Unknown
	Type Detail: Unknown Synchronous

Handle 0x0015, DMI type 17, 92 bytes
Memory Device
	Array Handle: 0x0011
	Error Information Handle: Not Provided
	Total Width: Unknown
	Data Width: Unknown
	Size: No Module Installed
	Form Factor: DIMM
	Set: None
	Locator: CPU0 CH1 D1
	Bank Locator: NODE 4
	Type: Unknown
	Type Detail: Unknown Synchronous

Handle 0x0016, DMI type 17, 92 bytes
Memory Device
	Array Handle: 0x0011
	Error Information Handle: Not Provided
	Total Width: Unknown
	Data Width: Unknown
	Size: No Module Installed
	Form Factor: DIMM
	Set: None
	Locator: CPU0 CH2 D0
	Bank Locator: NODE 5
	Type: Unknown
	Type Detail: Unknown Synchronous

Handle 0x0017, DMI type 17, 92 bytes
Memory Device
	Array Handle: 0x0011
	Error Information Handle: Not Provided
	Total Width: Unknown
	Data Width: Unknown
	Size: No Module Installed
	Form Factor: DIMM
	Set: None
	Locator: CPU0 CH2 D1
	Bank Locator: NODE 5
	Type: Unknown
	Type Detail: Unknown Synchronous

Handle 0x0018, DMI type 17, 92 bytes
Memory Device
	Array Handle: 0x0011
	Error Information Handle: Not Provided
	Total Width: Unknown
	Data Width: Unknown
	Size: No Module Installed
	Form Factor: DIMM
	Set: None
	Locator: CPU0 CH3 D0
	Bank Locator: NODE 5
	Type: Unknown
	Type Detail: Unknown Synchronous

Handle 0x0019, DMI type 17, 92 bytes
Memory Device
	Array Handle: 0x0011
	Error Information Handle: Not Provided
	Total Width: Unknown
	Data Width: Unknown
	Size: No Module Installed
	Form Factor: DIMM
	Set: None
	Locator: CPU0 CH3 D1
	Bank Locator: NODE 5
	Type: Unknown
	Type Detail: Unknown Synchronous

Handle 0x001A, DMI type 17, 92 bytes
Memory Device
	Array Handle: 0x0011
	Error Information Handle: Not Provided
	Total Width: Unknown
	Data Width: Unknown
	Size: No Module Installed
	Form Factor: DIMM
	Set: None
	Locator: CPU0 CH4 D0
	Bank Locator: NODE 6
	Type: Unknown
	Type Detail: Unknown Synchronous

Handle 0x001B, DMI type 17, 92 bytes
Memory Device
	Array Handle: 0x0011
	Error Information Handle: Not Provided
	Total Width: Unknown
	Data Width: Unknown
	Size: No Module Installed
	Form Factor: DIMM
	Set: None
	Locator: CPU0 CH4 D1
	Bank Locator: NODE 6
	Type: Unknown
	Type Detail: Unknown Synchronous

Handle 0x001C, DMI type 17, 92 bytes
Memory Device
	Array Handle: 0x0011
	Error Information Handle: Not Provided
	Total Width: Unknown
	Data Width: Unknown
	Size: No Module Installed
	Form Factor: DIMM
	Set: None
	Locator: CPU0 CH5 D0
	Bank Locator: NODE 6
	Type: Unknown
	Type Detail: Unknown Synchronous

Handle 0x001D, DMI type 17, 92 bytes
Memory Device
	Array Handle: 0x0011
	Error Information Handle: Not Provided
	Total Width: Unknown
	Data Width: Unknown
	Size: No Module Installed
	Form Factor: DIMM
	Set: None
	Locator: CPU0 CH5 D1
	Bank Locator: NODE 6
	Type: Unknown
	Type Detail: Unknown Synchronous

Handle 0x001E, DMI type 17, 92 bytes
Memory Device
	Array Handle: 0x0011
	Error Information Handle: Not Provided
	Total Width: Unknown
	Data Width: Unknown
	Size: No Module Installed
	Form Factor: DIMM
	Set: None
	Locator: CPU0 CH6 D0
	Bank Locator: NODE 7
	Type: Unknown
	Type Detail: Unknown Synchronous

Handle 0x001F, DMI type 17, 92 bytes
Memory Device
	Array Handle: 0x0011
	Error Information Handle: Not Provided
	Total Width: Unknown
	Data Width: Unknown
	Size: No Module Installed
	Form Factor: DIMM
	Set: None
	Locator: CPU0 CH6 D1
	Bank Locator: NODE 7
	Type: Unknown
	Type Detail: Unknown Synchronous

Handle 0x0020, DMI type 17, 92 bytes
Memory Device
	Array Handle: 0x0011
	Error Information Handle: Not Provided
	Total Width: Unknown
	Data Width: Unknown
	Size: No Module Installed
	Form Factor: DIMM
	Set: None
	Locator: CPU0 CH7 D0
	Bank Locator: NODE 7
	Type: Unknown
	Type Detail: Unknown Synchronous

Handle 0x0021, DMI type 17, 92 bytes
Memory Device
	Array Handle: 0x0011
	Error Information Handle: Not Provided
	Total Width: Unknown
	Data Width: Unknown
	Size: No Module Installed
	Form Factor: DIMM
	Set: None
	Locator: CPU0 CH7 D1
	Bank Locator: NODE 7
	Type: Unknown
	Type Detail: Unknown Synchronous

Handle 0x0022, DMI type 17, 92 bytes
Memory Device
	Array Handle: 0x0011
	Error Information Handle: Not Provided
	Total Width: 80 bits
	Data Width: 64 bits
	Size: 24 GB
	Form Factor: DIMM
	Set: None
	Locator: CPU1 CH0 D0
	Bank Locator: NODE 0
	Type: DDR5
	Type Detail: Synchronous Registered (Buffered)
	Speed: 4800 MT/s
	Manufacturer: Hynix
	Serial Number: 01-2404-97CFFCFD
	Asset Tag: CPU1_DIMM_A1_AssetTag
	Part Number: HMCGJ8MEBRB215N               
	Rank: 1
	Configured Memory Speed: 4800 MT/s
	Minimum Voltage: 1.1 V
	Maximum Voltage: 1.1 V
	Configured Voltage: 1.1 V
	Memory Technology: DRAM
	Memory Operating Mode Capability: Volatile memory
	Firmware Version: 0000 
	Module Manufacturer ID: Bank 1, Hex 0xAD
	Module Product ID: 0xAD00
	Memory Subsystem Controller Manufacturer ID: Unknown
	Memory Subsystem Controller Product ID: Unknown
	Non-Volatile Size: None
	Volatile Size: 24 GB
	Cache Size: None
	Logical Size: None

Handle 0x0023, DMI type 17, 92 bytes
Memory Device
	Array Handle: 0x0011
	Error Information Handle: Not Provided
	Total Width: Unknown
	Data Width: Unknown
	Size: No Module Installed
	Form Factor: DIMM
	Set: None
	Locator: CPU1 CH0 D1
	Bank Locator: NODE 0
	Type: Unknown
	Type Detail: Unknown Synchronous

Handle 0x0024, DMI type 17, 92 bytes
Memory Device
	Array Handle: 0x0011
	Error Information Handle: Not Provided
	Total Width: 80 bits
	Data Width: 64 bits
	Size: 24 GB
	Form Factor: DIMM
	Set: None
	Locator: CPU1 CH1 D0
	Bank Locator: NODE 0
	Type: DDR5
	Type Detail: Synchronous Registered (Buffered)
	Speed: 4800 MT/s
	Manufacturer: Hynix
	Serial Number: 01-2404-97CFFD91
	Asset Tag: CPU1_DIMM_B1_AssetTag
	Part Number: HMCGJ8MEBRB215N               
	Rank: 1
	Configured Memory Speed: 4800 MT/s
	Minimum Voltage: 1.1 V
	Maximum Voltage: 1.1 V
	Configured Voltage: 1.1 V
	Memory Technology: DRAM
	Memory Operating Mode Capability: Volatile memory
	Firmware Version: 0000 
	Module Manufacturer ID: Bank 1, Hex 0xAD
	Module Product ID: 0xAD00
	Memory Subsystem Controller Manufacturer ID: Unknown
	Memory Subsystem Controller Product ID: Unknown
	Non-Volatile Size: None
	Volatile Size: 24 GB
	Cache Size: None
	Logical Size: None

Handle 0x0025, DMI type 17, 92 bytes
Memory Device
	Array Handle: 0x0011
	Error Information Handle: Not Provided
	Total Width: Unknown
	Data Width: Unknown
	Size: No Module Installed
	Form Factor: DIMM
	Set: None
	Locator: CPU1 CH1 D1
	Bank Locator: NODE 0
	Type: Unknown
	Type Detail: Unknown Synchronous

Handle 0x0026, DMI type 17, 92 bytes
Memory Device
	Array Handle: 0x0011
	Error Information Handle: Not Provided
	Total Width: 80 bits
	Data Width: 64 bits
	Size: 24 GB
	Form Factor: DIMM
	Set: None
	Locator: CPU1 CH2 D0
	Bank Locator: NODE 1
	Type: DDR5
	Type Detail: Synchronous Registered (Buffered)
	Speed: 4800 MT/s
	Manufacturer: Hynix
	Serial Number: 01-2404-97CFFD69
	Asset Tag: CPU1_DIMM_C1_AssetTag
	Part Number: HMCGJ8MEBRB215N               
	Rank: 1
	Configured Memory Speed: 4800 MT/s
	Minimum Voltage: 1.1 V
	Maximum Voltage: 1.1 V
	Configured Voltage: 1.1 V
	Memory Technology: DRAM
	Memory Operating Mode Capability: Volatile memory
	Firmware Version: 0000 
	Module Manufacturer ID: Bank 1, Hex 0xAD
	Module Product ID: 0xAD00
	Memory Subsystem Controller Manufacturer ID: Unknown
	Memory Subsystem Controller Product ID: Unknown
	Non-Volatile Size: None
	Volatile Size: 24 GB
	Cache Size: None
	Logical Size: None

Handle 0x0027, DMI type 17, 92 bytes
Memory Device
	Array Handle: 0x0011
	Error Information Handle: Not Provided
	Total Width: Unknown
	Data Width: Unknown
	Size: No Module Installed
	Form Factor: DIMM
	Set: None
	Locator: CPU1 CH2 D1
	Bank Locator: NODE 1
	Type: Unknown
	Type Detail: Unknown Synchronous

Handle 0x0028, DMI type 17, 92 bytes
Memory Device
	Array Handle: 0x0011
	Error Information Handle: Not Provided
	Total Width: 80 bits
	Data Width: 64 bits
	Size: 24 GB
	Form Factor: DIMM
	Set: None
	Locator: CPU1 CH3 D0
	Bank Locator: NODE 1
	Type: DDR5
	Type Detail: Synchronous Registered (Buffered)
	Speed: 4800 MT/s
	Manufacturer: Hynix
	Serial Number: 01-2404-97CFFD68
	Asset Tag: CPU1_DIMM_D1_AssetTag
	Part Number: HMCGJ8MEBRB215N               
	Rank: 1
	Configured Memory Speed: 4800 MT/s
	Minimum Voltage: 1.1 V
	Maximum Voltage: 1.1 V
	Configured Voltage: 1.1 V
	Memory Technology: DRAM
	Memory Operating Mode Capability: Volatile memory
	Firmware Version: 0000 
	Module Manufacturer ID: Bank 1, Hex 0xAD
	Module Product ID: 0xAD00
	Memory Subsystem Controller Manufacturer ID: Unknown
	Memory Subsystem Controller Product ID: Unknown
	Non-Volatile Size: None
	Volatile Size: 24 GB
	Cache Size: None
	Logical Size: None

Handle 0x0029, DMI type 17, 92 bytes
Memory Device
	Array Handle: 0x0011
	Error Information Handle: Not Provided
	Total Width: Unknown
	Data Width: Unknown
	Size: No Module Installed
	Form Factor: DIMM
	Set: None
	Locator: CPU1 CH3 D1
	Bank Locator: NODE 1
	Type: Unknown
	Type Detail: Unknown Synchronous

Handle 0x002A, DMI type 17, 92 bytes
Memory Device
	Array Handle: 0x0011
	Error Information Handle: Not Provided
	Total Width: 80 bits
	Data Width: 64 bits
	Size: 24 GB
	Form Factor: DIMM
	Set: None
	Locator: CPU1 CH4 D0
	Bank Locator: NODE 2
	Type: DDR5
	Type Detail: Synchronous Registered (Buffered)
	Speed: 4800 MT/s
	Manufacturer: Hynix
	Serial Number: 01-2404-97CFFD6D
	Asset Tag: CPU1_DIMM_E1_AssetTag
	Part Number: HMCGJ8MEBRB215N               
	Rank: 1
	Configured Memory Speed: 4800 MT/s
	Minimum Voltage: 1.1 V
	Maximum Voltage: 1.1 V
	Configured Voltage: 1.1 V
	Memory Technology: DRAM
	Memory Operating Mode Capability: Volatile memory
	Firmware Version: 0000 
	Module Manufacturer ID: Bank 1, Hex 0xAD
	Module Product ID: 0xAD00
	Memory Subsystem Controller Manufacturer ID: Unknown
	Memory Subsystem Controller Product ID: Unknown
	Non-Volatile Size: None
	Volatile Size: 24 GB
	Cache Size: None
	Logical Size: None

Handle 0x002B, DMI type 17, 92 bytes
Memory Device
	Array Handle: 0x0011
	Error Information Handle: Not Provided
	Total Width: Unknown
	Data Width: Unknown
	Size: No Module Installed
	Form Factor: DIMM
	Set: None
	Locator: CPU1 CH4 D1
	Bank Locator: NODE 2
	Type: Unknown
	Type Detail: Unknown Synchronous

Handle 0x002C, DMI type 17, 92 bytes
Memory Device
	Array Handle: 0x0011
	Error Information Handle: Not Provided
	Total Width: 80 bits
	Data Width: 64 bits
	Size: 24 GB
	Form Factor: DIMM
	Set: None
	Locator: CPU1 CH5 D0
	Bank Locator: NODE 2
	Type: DDR5
	Type Detail: Synchronous Registered (Buffered)
	Speed: 4800 MT/s
	Manufacturer: Hynix
	Serial Number: 01-2404-97CFFD23
	Asset Tag: CPU1_DIMM_F1_AssetTag
	Part Number: HMCGJ8MEBRB215N               
	Rank: 1
	Configured Memory Speed: 4800 MT/s
	Minimum Voltage: 1.1 V
	Maximum Voltage: 1.1 V
	Configured Voltage: 1.1 V
	Memory Technology: DRAM
	Memory Operating Mode Capability: Volatile memory
	Firmware Version: 0000 
	Module Manufacturer ID: Bank 1, Hex 0xAD
	Module Product ID: 0xAD00
	Memory Subsystem Controller Manufacturer ID: Unknown
	Memory Subsystem Controller Product ID: Unknown
	Non-Volatile Size: None
	Volatile Size: 24 GB
	Cache Size: None
	Logical Size: None

Handle 0x002D, DMI type 17, 92 bytes
Memory Device
	Array Handle: 0x0011
	Error Information Handle: Not Provided
	Total Width: Unknown
	Data Width: Unknown
	Size: No Module Installed
	Form Factor: DIMM
	Set: None
	Locator: CPU1 CH5 D1
	Bank Locator: NODE 2
	Type: Unknown
	Type Detail: Unknown Synchronous

Handle 0x002E, DMI type 17, 92 bytes
Memory Device
	Array Handle: 0x0011
	Error Information Handle: Not Provided
	Total Width: 80 bits
	Data Width: 64 bits
	Size: 24 GB
	Form Factor: DIMM
	Set: None
	Locator: CPU1 CH6 D0
	Bank Locator: NODE 3
	Type: DDR5
	Type Detail: Synchronous Registered (Buffered)
	Speed: 4800 MT/s
	Manufacturer: Hynix
	Serial Number: 01-2404-97CFFC9C
	Asset Tag: CPU1_DIMM_G1_AssetTag
	Part Number: HMCGJ8MEBRB215N               
	Rank: 1
	Configured Memory Speed: 4800 MT/s
	Minimum Voltage: 1.1 V
	Maximum Voltage: 1.1 V
	Configured Voltage: 1.1 V
	Memory Technology: DRAM
	Memory Operating Mode Capability: Volatile memory
	Firmware Version: 0000 
	Module Manufacturer ID: Bank 1, Hex 0xAD
	Module Product ID: 0xAD00
	Memory Subsystem Controller Manufacturer ID: Unknown
	Memory Subsystem Controller Product ID: Unknown
	Non-Volatile Size: None
	Volatile Size: 24 GB
	Cache Size: None
	Logical Size: None

Handle 0x002F, DMI type 17, 92 bytes
Memory Device
	Array Handle: 0x0011
	Error Information Handle: Not Provided
	Total Width: Unknown
	Data Width: Unknown
	Size: No Module Installed
	Form Factor: DIMM
	Set: None
	Locator: CPU1 CH6 D1
	Bank Locator: NODE 3
	Type: Unknown
	Type Detail: Unknown Synchronous

Handle 0x0030, DMI type 17, 92 bytes
Memory Device
	Array Handle: 0x0011
	Error Information Handle: Not Provided
	Total Width: 80 bits
	Data Width: 64 bits
	Size: 24 GB
	Form Factor: DIMM
	Set: None
	Locator: CPU1 CH7 D0
	Bank Locator: NODE 3
	Type: DDR5
	Type Detail: Synchronous Registered (Buffered)
	Speed: 4800 MT/s
	Manufacturer: Hynix
	Serial Number: 01-2404-97CFFD96
	Asset Tag: CPU1_DIMM_H1_AssetTag
	Part Number: HMCGJ8MEBRB215N               
	Rank: 1
	Configured Memory Speed: 4800 MT/s
	Minimum Voltage: 1.1 V
	Maximum Voltage: 1.1 V
	Configured Voltage: 1.1 V
	Memory Technology: DRAM
	Memory Operating Mode Capability: Volatile memory
	Firmware Version: 0000 
	Module Manufacturer ID: Bank 1, Hex 0xAD
	Module Product ID: 0xAD00
	Memory Subsystem Controller Manufacturer ID: Unknown
	Memory Subsystem Controller Product ID: Unknown
	Non-Volatile Size: None
	Volatile Size: 24 GB
	Cache Size: None
	Logical Size: None

Handle 0x0031, DMI type 17, 92 bytes
Memory Device
	Array Handle: 0x0011
	Error Information Handle: Not Provided
	Total Width: Unknown
	Data Width: Unknown
	Size: No Module Installed
	Form Factor: DIMM
	Set: None
	Locator: CPU1 CH7 D1
	Bank Locator: NODE 3
	Type: Unknown
	Type Detail: Unknown Synchronous